2025-12-23 11:58:22 - trades.AMZNm - DEBUG - [SKIP] Cannot open trade: Entry filter: Volatility floor: avg range 0.09 pips < min 0.80 pips
2025-12-23 12:07:39 - trades.AMZNm - DEBUG - [SKIP] Cannot open trade: Entry filter: Volatility floor: avg range 0.27 pips < min 0.80 pips
2025-12-23 12:14:39 - trades.AMZNm - DEBUG - [SKIP] Cannot open trade: Entry filter: Volatility floor: avg range 0.38 pips < min 0.80 pips
2025-12-23 12:21:34 - trades.AMZNm - DEBUG - [SKIP] Cannot open trade: Entry filter: Volatility floor: avg range 0.52 pips < min 0.80 pips
2025-12-23 12:24:49 - trades.AMZNm - DEBUG - [SKIP] Cannot open trade: Entry filter: Volatility floor: avg range 0.49 pips < min 0.80 pips
2025-12-23 13:34:52 - trades.AMZNm - DEBUG - [SKIP] Cannot open trade: Entry filter: Volatility floor: avg range 0.39 pips < min 0.80 pips
2025-12-23 13:41:48 - trades.AMZNm - DEBUG - [SKIP] Cannot open trade: Entry filter: Volatility floor: avg range 0.49 pips < min 0.80 pips
2025-12-23 13:52:23 - trades.AMZNm - DEBUG - [SKIP] Cannot open trade: Entry filter: Volatility floor: avg range 0.62 pips < min 0.80 pips
2025-12-23 13:56:47 - trades.AMZNm - DEBUG - [SKIP] Cannot open trade: Entry filter: Volatility floor: avg range 0.57 pips < min 0.80 pips
2025-12-23 14:01:11 - trades.AMZNm - DEBUG - [SKIP] Cannot open trade: Entry filter: Volatility floor: avg range 0.70 pips < min 0.80 pips
2025-12-23 14:05:21 - trades.AMZNm - DEBUG - [SKIP] Cannot open trade: Entry filter: Volatility floor: avg range 0.64 pips < min 0.80 pips
2025-12-23 14:09:49 - trades.AMZNm - DEBUG - [SKIP] Cannot open trade: Entry filter: Volatility floor: avg range 0.73 pips < min 0.80 pips
2025-12-23 14:31:13 - trades.AMZNm - DEBUG - [SKIP] Cannot open trade: Entry filter: Spread sanity: spread 229.1% of avg range > max 30.0%
2025-12-23 14:46:36 - trades.AMZNm - DEBUG - [SKIP] Cannot open trade: Entry filter: Candle quality: current range 40.8% of avg < min 55.0%
2025-12-23 15:00:22 - trades.AMZNm - DEBUG - [SKIP] Cannot open trade: Circuit breaker: Consecutive losses >= 10 (11 losses) (resumes in 1379s)
2025-12-23 15:05:51 - trades.AMZNm - DEBUG - [SKIP] Cannot open trade: Circuit breaker: Consecutive losses >= 10 (11 losses) (resumes in 1050s)
2025-12-23 15:10:35 - trades.AMZNm - DEBUG - [SKIP] Cannot open trade: Circuit breaker: Consecutive losses >= 10 (11 losses) (resumes in 766s)
2025-12-23 15:17:02 - trades.AMZNm - DEBUG - [SKIP] Cannot open trade: Circuit breaker: Consecutive losses >= 10 (11 losses) (resumes in 380s)
2025-12-23 15:22:07 - trades.AMZNm - DEBUG - [SKIP] Cannot open trade: Circuit breaker: Consecutive losses >= 10 (11 losses) (resumes in 74s)
2025-12-23 15:34:41 - trades.AMZNm - DEBUG - [SKIP] Cannot open trade: Circuit breaker: Rolling PnL of last 50 trades <= -$10 (current: $-17.00) (resumes in 3464s)
2025-12-23 15:41:50 - trades.AMZNm - DEBUG - [SKIP] Cannot open trade: Circuit breaker: Rolling PnL of last 50 trades <= -$10 (current: $-17.00) (resumes in 3035s)
2025-12-23 15:47:13 - trades.AMZNm - DEBUG - [SKIP] Cannot open trade: Circuit breaker: Rolling PnL of last 50 trades <= -$10 (current: $-17.00) (resumes in 2711s)
2025-12-23 16:11:25 - trades.AMZNm - DEBUG - [SKIP] Cannot open trade: Circuit breaker: Rolling PnL of last 50 trades <= -$10 (current: $-17.00) (resumes in 1259s)
2025-12-23 16:16:45 - trades.AMZNm - DEBUG - [SKIP] Cannot open trade: Circuit breaker: Rolling PnL of last 50 trades <= -$10 (current: $-17.00) (resumes in 940s)
2025-12-23 16:21:50 - trades.AMZNm - DEBUG - [SKIP] Cannot open trade: Circuit breaker: Rolling PnL of last 50 trades <= -$10 (current: $-17.00) (resumes in 634s)
2025-12-23 16:26:45 - trades.AMZNm - DEBUG - [SKIP] Cannot open trade: Circuit breaker: Rolling PnL of last 50 trades <= -$10 (current: $-17.00) (resumes in 339s)
2025-12-23 16:31:47 - trades.AMZNm - DEBUG - [SKIP] Cannot open trade: Circuit breaker: Rolling PnL of last 50 trades <= -$10 (current: $-17.00) (resumes in 38s)
2025-12-23 16:37:08 - trades.AMZNm - DEBUG - [SKIP] Cannot open trade: Circuit breaker: Rolling PnL of last 50 trades <= -$10 (current: $-11.59) (resumes in 3319s)
2025-12-23 16:47:19 - trades.AMZNm - DEBUG - [SKIP] Cannot open trade: Circuit breaker: Rolling PnL of last 50 trades <= -$10 (current: $-11.59) (resumes in 2708s)
2025-12-23 16:52:20 - trades.AMZNm - DEBUG - [SKIP] Cannot open trade: Circuit breaker: Rolling PnL of last 50 trades <= -$10 (current: $-11.59) (resumes in 2406s)
2025-12-23 16:57:20 - trades.AMZNm - DEBUG - [SKIP] Cannot open trade: Circuit breaker: Rolling PnL of last 50 trades <= -$10 (current: $-11.59) (resumes in 2106s)
2025-12-23 17:02:39 - trades.AMZNm - DEBUG - [SKIP] Cannot open trade: Circuit breaker: Rolling PnL of last 50 trades <= -$10 (current: $-11.59) (resumes in 1788s)
2025-12-23 17:07:24 - trades.AMZNm - DEBUG - [SKIP] Cannot open trade: Circuit breaker: Rolling PnL of last 50 trades <= -$10 (current: $-11.59) (resumes in 1503s)
2025-12-23 17:12:29 - trades.AMZNm - DEBUG - [SKIP] Cannot open trade: Circuit breaker: Rolling PnL of last 50 trades <= -$10 (current: $-11.59) (resumes in 1198s)
2025-12-23 17:22:28 - trades.AMZNm - DEBUG - [SKIP] Cannot open trade: Circuit breaker: Rolling PnL of last 50 trades <= -$10 (current: $-11.59) (resumes in 598s)
2025-12-23 17:27:13 - trades.AMZNm - DEBUG - [SKIP] Cannot open trade: Circuit breaker: Rolling PnL of last 50 trades <= -$10 (current: $-11.59) (resumes in 314s)
2025-12-23 17:32:03 - trades.AMZNm - DEBUG - [SKIP] Cannot open trade: Circuit breaker: Rolling PnL of last 50 trades <= -$10 (current: $-11.59) (resumes in 24s)
2025-12-23 17:45:30 - trades.AMZNm - DEBUG - [SKIP] Cannot open trade: Circuit breaker: Rolling PnL of last 50 trades <= -$10 (current: $-11.59) (resumes in 2818s)
2025-12-23 17:49:51 - trades.AMZNm - DEBUG - [SKIP] Cannot open trade: Circuit breaker: Rolling PnL of last 50 trades <= -$10 (current: $-11.59) (resumes in 2558s)
2025-12-23 17:54:32 - trades.AMZNm - DEBUG - [SKIP] Cannot open trade: Circuit breaker: Rolling PnL of last 50 trades <= -$10 (current: $-11.59) (resumes in 2276s)
2025-12-23 17:59:17 - trades.AMZNm - DEBUG - [SKIP] Cannot open trade: Circuit breaker: Rolling PnL of last 50 trades <= -$10 (current: $-11.59) (resumes in 1991s)
2025-12-23 18:03:48 - trades.AMZNm - DEBUG - [SKIP] Cannot open trade: Circuit breaker: Rolling PnL of last 50 trades <= -$10 (current: $-11.59) (resumes in 1720s)
2025-12-23 18:12:38 - trades.AMZNm - DEBUG - [SKIP] Cannot open trade: Circuit breaker: Rolling PnL of last 50 trades <= -$10 (current: $-11.59) (resumes in 1190s)
2025-12-23 18:25:35 - trades.AMZNm - DEBUG - [SKIP] Cannot open trade: Circuit breaker: Rolling PnL of last 50 trades <= -$10 (current: $-11.59) (resumes in 414s)
2025-12-23 18:30:09 - trades.AMZNm - DEBUG - [SKIP] Cannot open trade: Circuit breaker: Rolling PnL of last 50 trades <= -$10 (current: $-11.59) (resumes in 140s)
2025-12-23 18:34:43 - trades.AMZNm - DEBUG - [SKIP] Cannot open trade: Circuit breaker: Rolling PnL of last 50 trades <= -$10 (current: $-11.59) (resumes in 3467s)
2025-12-23 18:39:08 - trades.AMZNm - DEBUG - [SKIP] Cannot open trade: Circuit breaker: Rolling PnL of last 50 trades <= -$10 (current: $-11.59) (resumes in 3202s)
2025-12-23 18:43:30 - trades.AMZNm - DEBUG - [SKIP] Cannot open trade: Circuit breaker: Rolling PnL of last 50 trades <= -$10 (current: $-11.59) (resumes in 2940s)
2025-12-23 18:47:51 - trades.AMZNm - DEBUG - [SKIP] Cannot open trade: Circuit breaker: Rolling PnL of last 50 trades <= -$10 (current: $-11.59) (resumes in 2679s)
2025-12-23 18:52:04 - trades.AMZNm - DEBUG - [SKIP] Cannot open trade: Circuit breaker: Rolling PnL of last 50 trades <= -$10 (current: $-11.59) (resumes in 2426s)
2025-12-23 19:05:20 - trades.AMZNm - DEBUG - [SKIP] Cannot open trade: Circuit breaker: Rolling PnL of last 50 trades <= -$10 (current: $-11.59) (resumes in 1630s)
2025-12-23 19:09:31 - trades.AMZNm - DEBUG - [SKIP] Cannot open trade: Circuit breaker: Rolling PnL of last 50 trades <= -$10 (current: $-11.59) (resumes in 1379s)
2025-12-23 19:13:42 - trades.AMZNm - DEBUG - [SKIP] Cannot open trade: Circuit breaker: Rolling PnL of last 50 trades <= -$10 (current: $-11.59) (resumes in 1129s)
2025-12-23 19:17:47 - trades.AMZNm - DEBUG - [SKIP] Cannot open trade: Circuit breaker: Rolling PnL of last 50 trades <= -$10 (current: $-11.59) (resumes in 884s)
2025-12-23 19:21:49 - trades.AMZNm - DEBUG - [SKIP] Cannot open trade: Circuit breaker: Rolling PnL of last 50 trades <= -$10 (current: $-11.59) (resumes in 641s)
2025-12-23 19:26:02 - trades.AMZNm - DEBUG - [SKIP] Cannot open trade: Circuit breaker: Rolling PnL of last 50 trades <= -$10 (current: $-11.59) (resumes in 388s)
2025-12-23 19:30:18 - trades.AMZNm - DEBUG - [SKIP] Cannot open trade: Circuit breaker: Rolling PnL of last 50 trades <= -$10 (current: $-11.59) (resumes in 133s)
2025-12-23 19:34:37 - trades.AMZNm - DEBUG - [SKIP] Cannot open trade: Circuit breaker: Rolling PnL of last 50 trades <= -$10 (current: $-11.59) (resumes in 3580s)
2025-12-23 19:39:07 - trades.AMZNm - DEBUG - [SKIP] Cannot open trade: Circuit breaker: Rolling PnL of last 50 trades <= -$10 (current: $-11.59) (resumes in 3310s)
2025-12-23 19:43:24 - trades.AMZNm - DEBUG - [SKIP] Cannot open trade: Circuit breaker: Rolling PnL of last 50 trades <= -$10 (current: $-11.59) (resumes in 3053s)
2025-12-23 19:47:27 - trades.AMZNm - DEBUG - [SKIP] Cannot open trade: Circuit breaker: Rolling PnL of last 50 trades <= -$10 (current: $-11.59) (resumes in 2810s)
2025-12-23 19:55:40 - trades.AMZNm - DEBUG - [SKIP] Cannot open trade: Circuit breaker: Rolling PnL of last 50 trades <= -$10 (current: $-11.59) (resumes in 2317s)
2025-12-23 19:59:56 - trades.AMZNm - DEBUG - [SKIP] Cannot open trade: Circuit breaker: Rolling PnL of last 50 trades <= -$10 (current: $-11.59) (resumes in 2062s)
2025-12-23 20:04:11 - trades.AMZNm - DEBUG - [SKIP] Cannot open trade: Circuit breaker: Rolling PnL of last 50 trades <= -$10 (current: $-11.59) (resumes in 1805s)
2025-12-23 20:08:23 - trades.AMZNm - DEBUG - [SKIP] Cannot open trade: Circuit breaker: Rolling PnL of last 50 trades <= -$10 (current: $-11.59) (resumes in 1554s)
2025-12-23 20:12:41 - trades.AMZNm - DEBUG - [SKIP] Cannot open trade: Circuit breaker: Rolling PnL of last 50 trades <= -$10 (current: $-11.59) (resumes in 1296s)
2025-12-23 20:17:08 - trades.AMZNm - DEBUG - [SKIP] Cannot open trade: Circuit breaker: Rolling PnL of last 50 trades <= -$10 (current: $-11.59) (resumes in 1029s)
2025-12-23 20:21:28 - trades.AMZNm - DEBUG - [SKIP] Cannot open trade: Circuit breaker: Rolling PnL of last 50 trades <= -$10 (current: $-11.59) (resumes in 769s)
2025-12-23 20:25:32 - trades.AMZNm - DEBUG - [SKIP] Cannot open trade: Circuit breaker: Rolling PnL of last 50 trades <= -$10 (current: $-11.59) (resumes in 525s)
2025-12-23 20:29:26 - trades.AMZNm - DEBUG - [SKIP] Cannot open trade: Circuit breaker: Rolling PnL of last 50 trades <= -$10 (current: $-11.59) (resumes in 290s)
2025-12-23 20:34:11 - trades.AMZNm - DEBUG - [SKIP] Cannot open trade: Circuit breaker: Rolling PnL of last 50 trades <= -$10 (current: $-11.59) (resumes in 6s)
2025-12-23 20:38:57 - trades.AMZNm - DEBUG - [SKIP] Cannot open trade: Circuit breaker: Rolling PnL of last 50 trades <= -$10 (current: $-11.59) (resumes in 3324s)
2025-12-24 11:23:20 - trades.AMZNm - DEBUG - [SKIP] Cannot open trade: Circuit breaker: Rolling PnL of last 50 trades <= -$10 (current: $-11.59) (resumes in 1197s)
2025-12-24 11:26:40 - trades.AMZNm - DEBUG - [SKIP] Cannot open trade: Circuit breaker: Rolling PnL of last 50 trades <= -$10 (current: $-11.59) (resumes in 997s)
2025-12-24 12:25:04 - trades.AMZNm - DEBUG - [SKIP] Cannot open trade: Circuit breaker: Rolling PnL of last 50 trades <= -$10 (current: $-11.59) (resumes in 1096s)
2025-12-24 14:26:27 - trades.AMZNm - DEBUG - [SKIP] Cannot open trade: Circuit breaker: Rolling PnL of last 50 trades <= -$10 (current: $-11.59) (resumes in 1089s)
2025-12-24 14:30:11 - trades.AMZNm - DEBUG - [SKIP] Cannot open trade: Circuit breaker: Rolling PnL of last 50 trades <= -$10 (current: $-11.59) (resumes in 865s)
2025-12-24 14:38:14 - trades.AMZNm - DEBUG - [SKIP] Cannot open trade: Circuit breaker: Rolling PnL of last 50 trades <= -$10 (current: $-11.59) (resumes in 382s)
2025-12-24 15:23:25 - trades.AMZNm - DEBUG - [SKIP] Cannot open trade: Circuit breaker: Rolling PnL of last 50 trades <= -$10 (current: $-11.59) (resumes in 1280s)
