2025-12-14 22:38:01 - trades.AUDCHFm - DEBUG - [SKIP] Cannot open trade: Entry filter: Session guard: rollover window 21:00-23:00 GMT blocked
2025-12-14 22:38:40 - trades.AUDCHFm - DEBUG - [SKIP] Cannot open trade: Entry filter: Session guard: rollover window 21:00-23:00 GMT blocked
2025-12-14 22:39:45 - trades.AUDCHFm - DEBUG - [SKIP] Cannot open trade: Entry filter: Session guard: rollover window 21:00-23:00 GMT blocked
2025-12-14 22:40:53 - trades.AUDCHFm - DEBUG - [SKIP] Cannot open trade: Entry filter: Session guard: rollover window 21:00-23:00 GMT blocked
2025-12-14 22:50:06 - trades.AUDCHFm - DEBUG - [SKIP] Cannot open trade: Entry filter: Session guard: rollover window 21:00-23:00 GMT blocked
2025-12-14 22:51:07 - trades.AUDCHFm - DEBUG - [SKIP] Cannot open trade: Entry filter: Session guard: rollover window 21:00-23:00 GMT blocked
2025-12-14 22:52:14 - trades.AUDCHFm - DEBUG - [SKIP] Cannot open trade: Entry filter: Session guard: rollover window 21:00-23:00 GMT blocked
2025-12-14 22:56:51 - trades.AUDCHFm - DEBUG - [SKIP] Cannot open trade: Entry filter: Session guard: last 5 minutes of hour blocked
2025-12-14 22:57:56 - trades.AUDCHFm - DEBUG - [SKIP] Cannot open trade: Entry filter: Session guard: last 5 minutes of hour blocked
2025-12-14 22:59:05 - trades.AUDCHFm - DEBUG - [SKIP] Cannot open trade: Entry filter: Session guard: last 5 minutes of hour blocked
2025-12-14 23:00:20 - trades.AUDCHFm - DEBUG - [SKIP] Cannot open trade: Entry filter: Session guard: first 5 minutes of hour blocked
2025-12-14 23:01:32 - trades.AUDCHFm - DEBUG - [SKIP] Cannot open trade: Entry filter: Session guard: first 5 minutes of hour blocked
2025-12-14 23:32:22 - trades.AUDCHFm - DEBUG - [SKIP] Cannot open trade: Entry filter: Volatility floor: avg range 1.09 pips < min 1.50 pips
2025-12-14 23:33:31 - trades.AUDCHFm - DEBUG - [SKIP] Cannot open trade: Entry filter: Volatility floor: avg range 1.07 pips < min 1.50 pips
2025-12-14 23:37:36 - trades.AUDCHFm - DEBUG - [SKIP] Cannot open trade: Entry filter: Volatility floor: avg range 0.88 pips < min 1.50 pips
2025-12-14 23:39:04 - trades.AUDCHFm - DEBUG - [SKIP] Cannot open trade: Entry filter: Volatility floor: avg range 0.80 pips < min 1.50 pips
2025-12-15 00:04:24 - trades.AUDCHFm - DEBUG - [SKIP] Cannot open trade: Circuit breaker: Consecutive losses >= 10 (10 losses) (resumes in 1001s)
2025-12-15 00:05:13 - trades.AUDCHFm - DEBUG - [SKIP] Cannot open trade: Circuit breaker: Consecutive losses >= 10 (10 losses) (resumes in 952s)
2025-12-15 00:11:18 - trades.AUDCHFm - DEBUG - [SKIP] Cannot open trade: Circuit breaker: Consecutive losses >= 10 (10 losses) (resumes in 587s)
2025-12-15 00:27:58 - trades.AUDCHFm - DEBUG - [SKIP] Cannot open trade: Circuit breaker: Consecutive losses >= 10 (10 losses) (resumes in 1424s)
2025-12-15 01:53:37 - trades.AUDCHFm - DEBUG - [SKIP] Cannot open trade: Circuit breaker: Consecutive losses >= 10 (10 losses)
2025-12-15 02:37:35 - trades.AUDCHFm - DEBUG - [SKIP] Cannot open trade: Circuit breaker: Consecutive losses >= 10 (10 losses) (resumes in 1011s)
2025-12-15 04:19:57 - trades.AUDCHFm - DEBUG - [SKIP] Cannot open trade: Circuit breaker: Consecutive losses >= 10 (10 losses) (resumes in 418s)
2025-12-15 04:35:45 - trades.AUDCHFm - DEBUG - [SKIP] Cannot open trade: Circuit breaker: Consecutive losses >= 10 (10 losses) (resumes in 1335s)
2025-12-15 05:07:00 - trades.AUDCHFm - DEBUG - [SKIP] Cannot open trade: Circuit breaker: Consecutive losses >= 10 (10 losses) (resumes in 1284s)
2025-12-15 09:01:46 - trades.AUDCHFm - DEBUG - [SKIP] Cannot open trade: Circuit breaker: Consecutive losses >= 10 (10 losses) (resumes in 349s)
2025-12-15 09:35:10 - trades.AUDCHFm - DEBUG - [SKIP] Cannot open trade: Circuit breaker: Consecutive losses >= 10 (10 losses) (resumes in 191s)
2025-12-15 09:54:16 - trades.AUDCHFm - DEBUG - [SKIP] Cannot open trade: Circuit breaker: Consecutive losses >= 10 (10 losses) (resumes in 872s)
