2025-12-14 22:34:21 - trades.AUDPLNm - DEBUG - [SKIP] Cannot open trade: Entry filter: Session guard: rollover window 21:00-23:00 GMT blocked
2025-12-14 22:34:49 - trades.AUDPLNm - DEBUG - [SKIP] Cannot open trade: Entry filter: Session guard: rollover window 21:00-23:00 GMT blocked
2025-12-14 22:35:17 - trades.AUDPLNm - DEBUG - [SKIP] Cannot open trade: Entry filter: Session guard: rollover window 21:00-23:00 GMT blocked
2025-12-14 22:53:48 - trades.AUDPLNm - DEBUG - [SKIP] Cannot open trade: Entry filter: Session guard: rollover window 21:00-23:00 GMT blocked
2025-12-14 22:54:59 - trades.AUDPLNm - DEBUG - [SKIP] Cannot open trade: Entry filter: Session guard: rollover window 21:00-23:00 GMT blocked
2025-12-14 22:57:16 - trades.AUDPLNm - DEBUG - [SKIP] Cannot open trade: Entry filter: Session guard: last 5 minutes of hour blocked
2025-12-14 22:58:24 - trades.AUDPLNm - DEBUG - [SKIP] Cannot open trade: Entry filter: Session guard: last 5 minutes of hour blocked
2025-12-14 22:59:28 - trades.AUDPLNm - DEBUG - [SKIP] Cannot open trade: Entry filter: Session guard: last 5 minutes of hour blocked
2025-12-14 23:02:00 - trades.AUDPLNm - DEBUG - [SKIP] Cannot open trade: Entry filter: Session guard: first 5 minutes of hour blocked
2025-12-14 23:10:30 - trades.AUDPLNm - DEBUG - [SKIP] Cannot open trade: Entry filter: Spread sanity: spread 6573.4% of avg range > max 20.0%
2025-12-14 23:35:38 - trades.AUDPLNm - DEBUG - [SKIP] Cannot open trade: Entry filter: Spread sanity: spread 15535.0% of avg range > max 20.0%
2025-12-14 23:36:58 - trades.AUDPLNm - DEBUG - [SKIP] Cannot open trade: Entry filter: Spread sanity: spread 16206.8% of avg range > max 20.0%
2025-12-14 23:38:13 - trades.AUDPLNm - DEBUG - [SKIP] Cannot open trade: Entry filter: Spread sanity: spread 17714.3% of avg range > max 20.0%
2025-12-14 23:44:51 - trades.AUDPLNm - DEBUG - [SKIP] Cannot open trade: Entry filter: Spread sanity: spread 18588.4% of avg range > max 20.0%
2025-12-14 23:45:57 - trades.AUDPLNm - DEBUG - [SKIP] Cannot open trade: Entry filter: Spread sanity: spread 17925.2% of avg range > max 20.0%
2025-12-14 23:47:34 - trades.AUDPLNm - DEBUG - [SKIP] Cannot open trade: Entry filter: Spread sanity: spread 21040.5% of avg range > max 20.0%
2025-12-14 23:49:16 - trades.AUDPLNm - DEBUG - [SKIP] Cannot open trade: Entry filter: Spread sanity: spread 19856.0% of avg range > max 20.0%
2025-12-14 23:50:20 - trades.AUDPLNm - DEBUG - [SKIP] Cannot open trade: Entry filter: Spread sanity: spread 20478.7% of avg range > max 20.0%
2025-12-14 23:51:40 - trades.AUDPLNm - DEBUG - [SKIP] Cannot open trade: Circuit breaker: Consecutive losses >= 10 (10 losses) (resumes in 1765s)
2025-12-14 23:52:40 - trades.AUDPLNm - DEBUG - [SKIP] Cannot open trade: Circuit breaker: Consecutive losses >= 10 (10 losses) (resumes in 1705s)
2025-12-14 23:53:40 - trades.AUDPLNm - DEBUG - [SKIP] Cannot open trade: Circuit breaker: Consecutive losses >= 10 (10 losses) (resumes in 1645s)
2025-12-14 23:54:49 - trades.AUDPLNm - DEBUG - [SKIP] Cannot open trade: Circuit breaker: Consecutive losses >= 10 (10 losses) (resumes in 1576s)
2025-12-14 23:56:04 - trades.AUDPLNm - DEBUG - [SKIP] Cannot open trade: Circuit breaker: Consecutive losses >= 10 (10 losses) (resumes in 1501s)
2025-12-15 00:38:56 - trades.AUDPLNm - DEBUG - [SKIP] Cannot open trade: Circuit breaker: Consecutive losses >= 10 (10 losses) (resumes in 767s)
2025-12-15 01:44:36 - trades.AUDPLNm - DEBUG - [SKIP] Cannot open trade: Circuit breaker: Consecutive losses >= 10 (10 losses) (resumes in 476s)
2025-12-15 02:30:16 - trades.AUDPLNm - DEBUG - [SKIP] Cannot open trade: Circuit breaker: Consecutive losses >= 10 (10 losses) (resumes in 1450s)
2025-12-15 05:15:15 - trades.AUDPLNm - DEBUG - [SKIP] Cannot open trade: Circuit breaker: Consecutive losses >= 10 (10 losses) (resumes in 788s)
2025-12-15 08:07:25 - trades.AUDPLNm - DEBUG - [SKIP] Cannot open trade: Circuit breaker: Consecutive losses >= 10 (10 losses) (resumes in 1748s)
