2025-12-14 22:28:19 - trades.AUDSEKm - DEBUG - [SKIP] Cannot open trade: Entry filter: Session guard: rollover window 21:00-23:00 GMT blocked
2025-12-14 22:28:45 - trades.AUDSEKm - DEBUG - [SKIP] Cannot open trade: Entry filter: Session guard: rollover window 21:00-23:00 GMT blocked
2025-12-14 22:29:11 - trades.AUDSEKm - DEBUG - [SKIP] Cannot open trade: Entry filter: Session guard: rollover window 21:00-23:00 GMT blocked
2025-12-14 22:29:38 - trades.AUDSEKm - DEBUG - [SKIP] Cannot open trade: Entry filter: Session guard: rollover window 21:00-23:00 GMT blocked
2025-12-14 22:30:07 - trades.AUDSEKm - DEBUG - [SKIP] Cannot open trade: Entry filter: Session guard: rollover window 21:00-23:00 GMT blocked
2025-12-14 22:30:33 - trades.AUDSEKm - DEBUG - [SKIP] Cannot open trade: Entry filter: Session guard: rollover window 21:00-23:00 GMT blocked
2025-12-14 22:31:01 - trades.AUDSEKm - DEBUG - [SKIP] Cannot open trade: Entry filter: Session guard: rollover window 21:00-23:00 GMT blocked
2025-12-14 22:31:30 - trades.AUDSEKm - DEBUG - [SKIP] Cannot open trade: Entry filter: Session guard: rollover window 21:00-23:00 GMT blocked
2025-12-14 22:31:58 - trades.AUDSEKm - DEBUG - [SKIP] Cannot open trade: Entry filter: Session guard: rollover window 21:00-23:00 GMT blocked
2025-12-14 22:32:26 - trades.AUDSEKm - DEBUG - [SKIP] Cannot open trade: Entry filter: Session guard: rollover window 21:00-23:00 GMT blocked
2025-12-14 22:32:54 - trades.AUDSEKm - DEBUG - [SKIP] Cannot open trade: Entry filter: Session guard: rollover window 21:00-23:00 GMT blocked
2025-12-14 22:33:22 - trades.AUDSEKm - DEBUG - [SKIP] Cannot open trade: Entry filter: Session guard: rollover window 21:00-23:00 GMT blocked
2025-12-14 22:33:51 - trades.AUDSEKm - DEBUG - [SKIP] Cannot open trade: Entry filter: Session guard: rollover window 21:00-23:00 GMT blocked
2025-12-14 22:34:19 - trades.AUDSEKm - DEBUG - [SKIP] Cannot open trade: Entry filter: Session guard: rollover window 21:00-23:00 GMT blocked
2025-12-14 22:34:47 - trades.AUDSEKm - DEBUG - [SKIP] Cannot open trade: Entry filter: Session guard: rollover window 21:00-23:00 GMT blocked
2025-12-14 22:35:15 - trades.AUDSEKm - DEBUG - [SKIP] Cannot open trade: Entry filter: Session guard: rollover window 21:00-23:00 GMT blocked
2025-12-14 22:35:44 - trades.AUDSEKm - DEBUG - [SKIP] Cannot open trade: Entry filter: Session guard: rollover window 21:00-23:00 GMT blocked
2025-12-14 22:36:12 - trades.AUDSEKm - DEBUG - [SKIP] Cannot open trade: Entry filter: Session guard: rollover window 21:00-23:00 GMT blocked
2025-12-14 22:42:36 - trades.AUDSEKm - DEBUG - [SKIP] Cannot open trade: Entry filter: Session guard: rollover window 21:00-23:00 GMT blocked
2025-12-14 22:43:48 - trades.AUDSEKm - DEBUG - [SKIP] Cannot open trade: Entry filter: Session guard: rollover window 21:00-23:00 GMT blocked
2025-12-14 22:44:56 - trades.AUDSEKm - DEBUG - [SKIP] Cannot open trade: Entry filter: Session guard: rollover window 21:00-23:00 GMT blocked
2025-12-14 22:46:04 - trades.AUDSEKm - DEBUG - [SKIP] Cannot open trade: Entry filter: Session guard: rollover window 21:00-23:00 GMT blocked
2025-12-14 22:47:06 - trades.AUDSEKm - DEBUG - [SKIP] Cannot open trade: Entry filter: Session guard: rollover window 21:00-23:00 GMT blocked
2025-12-14 22:48:10 - trades.AUDSEKm - DEBUG - [SKIP] Cannot open trade: Entry filter: Session guard: rollover window 21:00-23:00 GMT blocked
2025-12-14 22:49:17 - trades.AUDSEKm - DEBUG - [SKIP] Cannot open trade: Entry filter: Session guard: rollover window 21:00-23:00 GMT blocked
2025-12-14 22:50:27 - trades.AUDSEKm - DEBUG - [SKIP] Cannot open trade: Entry filter: Session guard: rollover window 21:00-23:00 GMT blocked
2025-12-14 22:51:26 - trades.AUDSEKm - DEBUG - [SKIP] Cannot open trade: Entry filter: Session guard: rollover window 21:00-23:00 GMT blocked
2025-12-14 22:52:34 - trades.AUDSEKm - DEBUG - [SKIP] Cannot open trade: Entry filter: Session guard: rollover window 21:00-23:00 GMT blocked
2025-12-14 22:53:42 - trades.AUDSEKm - DEBUG - [SKIP] Cannot open trade: Entry filter: Session guard: rollover window 21:00-23:00 GMT blocked
2025-12-14 22:54:50 - trades.AUDSEKm - DEBUG - [SKIP] Cannot open trade: Entry filter: Session guard: rollover window 21:00-23:00 GMT blocked
2025-12-14 22:55:56 - trades.AUDSEKm - DEBUG - [SKIP] Cannot open trade: Entry filter: Session guard: last 5 minutes of hour blocked
2025-12-14 22:57:06 - trades.AUDSEKm - DEBUG - [SKIP] Cannot open trade: Entry filter: Session guard: last 5 minutes of hour blocked
2025-12-14 22:58:12 - trades.AUDSEKm - DEBUG - [SKIP] Cannot open trade: Entry filter: Session guard: last 5 minutes of hour blocked
2025-12-14 22:59:19 - trades.AUDSEKm - DEBUG - [SKIP] Cannot open trade: Entry filter: Session guard: last 5 minutes of hour blocked
2025-12-14 23:00:31 - trades.AUDSEKm - DEBUG - [SKIP] Cannot open trade: Entry filter: Session guard: first 5 minutes of hour blocked
2025-12-14 23:01:48 - trades.AUDSEKm - DEBUG - [SKIP] Cannot open trade: Entry filter: Session guard: first 5 minutes of hour blocked
2025-12-14 23:03:00 - trades.AUDSEKm - DEBUG - [SKIP] Cannot open trade: Entry filter: Session guard: first 5 minutes of hour blocked
2025-12-14 23:04:16 - trades.AUDSEKm - DEBUG - [SKIP] Cannot open trade: Entry filter: Session guard: first 5 minutes of hour blocked
2025-12-14 23:05:29 - trades.AUDSEKm - DEBUG - [SKIP] Cannot open trade: Entry filter: Spread sanity: spread 859.2% of avg range > max 20.0%
2025-12-14 23:06:51 - trades.AUDSEKm - DEBUG - [SKIP] Cannot open trade: Entry filter: Spread sanity: spread 926.6% of avg range > max 20.0%
2025-12-14 23:08:04 - trades.AUDSEKm - DEBUG - [SKIP] Cannot open trade: Entry filter: Spread sanity: spread 919.1% of avg range > max 20.0%
2025-12-14 23:09:12 - trades.AUDSEKm - DEBUG - [SKIP] Cannot open trade: Entry filter: Spread sanity: spread 1070.4% of avg range > max 20.0%
2025-12-14 23:11:29 - trades.AUDSEKm - DEBUG - [SKIP] Cannot open trade: Entry filter: Spread sanity: spread 1514.3% of avg range > max 20.0%
2025-12-14 23:12:33 - trades.AUDSEKm - DEBUG - [SKIP] Cannot open trade: Entry filter: Spread sanity: spread 1832.2% of avg range > max 20.0%
2025-12-14 23:15:47 - trades.AUDSEKm - DEBUG - [SKIP] Cannot open trade: Entry filter: Spread sanity: spread 2541.5% of avg range > max 20.0%
2025-12-14 23:16:41 - trades.AUDSEKm - DEBUG - [SKIP] Cannot open trade: Entry filter: Spread sanity: spread 2693.9% of avg range > max 20.0%
2025-12-14 23:17:39 - trades.AUDSEKm - DEBUG - [SKIP] Cannot open trade: Entry filter: Spread sanity: spread 2957.0% of avg range > max 20.0%
2025-12-14 23:18:32 - trades.AUDSEKm - DEBUG - [SKIP] Cannot open trade: Entry filter: Spread sanity: spread 2882.5% of avg range > max 20.0%
2025-12-14 23:19:40 - trades.AUDSEKm - DEBUG - [SKIP] Cannot open trade: Entry filter: Spread sanity: spread 2937.7% of avg range > max 20.0%
2025-12-14 23:21:04 - trades.AUDSEKm - DEBUG - [SKIP] Cannot open trade: Entry filter: Spread sanity: spread 3248.9% of avg range > max 20.0%
2025-12-14 23:22:11 - trades.AUDSEKm - DEBUG - [SKIP] Cannot open trade: Entry filter: Spread sanity: spread 3218.0% of avg range > max 20.0%
2025-12-14 23:23:20 - trades.AUDSEKm - DEBUG - [SKIP] Cannot open trade: Entry filter: Spread sanity: spread 3356.2% of avg range > max 20.0%
2025-12-14 23:27:23 - trades.AUDSEKm - DEBUG - [SKIP] Cannot open trade: Entry filter: Spread sanity: spread 3877.2% of avg range > max 20.0%
2025-12-14 23:28:40 - trades.AUDSEKm - DEBUG - [SKIP] Cannot open trade: Entry filter: Spread sanity: spread 3995.5% of avg range > max 20.0%
2025-12-14 23:29:58 - trades.AUDSEKm - DEBUG - [SKIP] Cannot open trade: Entry filter: Spread sanity: spread 3854.5% of avg range > max 20.0%
2025-12-14 23:41:56 - trades.AUDSEKm - DEBUG - [SKIP] Cannot open trade: Entry filter: Spread sanity: spread 5929.9% of avg range > max 20.0%
2025-12-14 23:43:25 - trades.AUDSEKm - DEBUG - [SKIP] Cannot open trade: Entry filter: Spread sanity: spread 6333.9% of avg range > max 20.0%
2025-12-14 23:44:44 - trades.AUDSEKm - DEBUG - [SKIP] Cannot open trade: Entry filter: Spread sanity: spread 6271.6% of avg range > max 20.0%
2025-12-14 23:45:50 - trades.AUDSEKm - DEBUG - [SKIP] Cannot open trade: Entry filter: Spread sanity: spread 6200.0% of avg range > max 20.0%
2025-12-14 23:47:19 - trades.AUDSEKm - DEBUG - [SKIP] Cannot open trade: Entry filter: Spread sanity: spread 6352.3% of avg range > max 20.0%
2025-12-14 23:48:55 - trades.AUDSEKm - DEBUG - [SKIP] Cannot open trade: Entry filter: Spread sanity: spread 6642.1% of avg range > max 20.0%
2025-12-14 23:50:11 - trades.AUDSEKm - DEBUG - [SKIP] Cannot open trade: Entry filter: Spread sanity: spread 6300.1% of avg range > max 20.0%
2025-12-14 23:51:33 - trades.AUDSEKm - DEBUG - [SKIP] Cannot open trade: Circuit breaker: Consecutive losses >= 10 (10 losses) (resumes in 1772s)
2025-12-14 23:52:31 - trades.AUDSEKm - DEBUG - [SKIP] Cannot open trade: Circuit breaker: Consecutive losses >= 10 (10 losses) (resumes in 1714s)
2025-12-14 23:53:35 - trades.AUDSEKm - DEBUG - [SKIP] Cannot open trade: Circuit breaker: Consecutive losses >= 10 (10 losses) (resumes in 1650s)
2025-12-14 23:54:40 - trades.AUDSEKm - DEBUG - [SKIP] Cannot open trade: Circuit breaker: Consecutive losses >= 10 (10 losses) (resumes in 1585s)
2025-12-14 23:55:46 - trades.AUDSEKm - DEBUG - [SKIP] Cannot open trade: Circuit breaker: Consecutive losses >= 10 (10 losses) (resumes in 1519s)
2025-12-14 23:57:08 - trades.AUDSEKm - DEBUG - [SKIP] Cannot open trade: Circuit breaker: Consecutive losses >= 10 (10 losses) (resumes in 1438s)
2025-12-14 23:58:15 - trades.AUDSEKm - DEBUG - [SKIP] Cannot open trade: Circuit breaker: Consecutive losses >= 10 (10 losses) (resumes in 1370s)
2025-12-14 23:59:10 - trades.AUDSEKm - DEBUG - [SKIP] Cannot open trade: Circuit breaker: Consecutive losses >= 10 (10 losses) (resumes in 1315s)
2025-12-15 00:44:19 - trades.AUDSEKm - DEBUG - [SKIP] Cannot open trade: Circuit breaker: Consecutive losses >= 10 (10 losses) (resumes in 444s)
2025-12-15 02:00:25 - trades.AUDSEKm - DEBUG - [SKIP] Cannot open trade: Circuit breaker: Consecutive losses >= 10 (10 losses) (resumes in 1392s)
2025-12-15 04:31:08 - trades.AUDSEKm - DEBUG - [SKIP] Cannot open trade: Circuit breaker: Consecutive losses >= 10 (10 losses) (resumes in 1611s)
2025-12-15 08:27:56 - trades.AUDSEKm - DEBUG - [SKIP] Cannot open trade: Circuit breaker: Consecutive losses >= 10 (10 losses) (resumes in 517s)
2025-12-15 09:10:38 - trades.AUDSEKm - DEBUG - [SKIP] Cannot open trade: Circuit breaker: Consecutive losses >= 10 (10 losses) (resumes in 1663s)
