2025-12-14 22:27:11 - trades.AUDZARm - DEBUG - [SKIP] Cannot open trade: Entry filter: Session guard: rollover window 21:00-23:00 GMT blocked
2025-12-14 22:27:47 - trades.AUDZARm - DEBUG - [SKIP] Cannot open trade: Entry filter: Session guard: rollover window 21:00-23:00 GMT blocked
2025-12-14 22:28:17 - trades.AUDZARm - DEBUG - [SKIP] Cannot open trade: Entry filter: Session guard: rollover window 21:00-23:00 GMT blocked
2025-12-14 22:28:44 - trades.AUDZARm - DEBUG - [SKIP] Cannot open trade: Entry filter: Session guard: rollover window 21:00-23:00 GMT blocked
2025-12-14 22:29:10 - trades.AUDZARm - DEBUG - [SKIP] Cannot open trade: Entry filter: Session guard: rollover window 21:00-23:00 GMT blocked
2025-12-14 22:29:36 - trades.AUDZARm - DEBUG - [SKIP] Cannot open trade: Entry filter: Session guard: rollover window 21:00-23:00 GMT blocked
2025-12-14 22:30:04 - trades.AUDZARm - DEBUG - [SKIP] Cannot open trade: Entry filter: Session guard: rollover window 21:00-23:00 GMT blocked
2025-12-14 22:30:32 - trades.AUDZARm - DEBUG - [SKIP] Cannot open trade: Entry filter: Session guard: rollover window 21:00-23:00 GMT blocked
2025-12-14 22:30:59 - trades.AUDZARm - DEBUG - [SKIP] Cannot open trade: Entry filter: Session guard: rollover window 21:00-23:00 GMT blocked
2025-12-14 22:31:28 - trades.AUDZARm - DEBUG - [SKIP] Cannot open trade: Entry filter: Session guard: rollover window 21:00-23:00 GMT blocked
2025-12-14 22:31:55 - trades.AUDZARm - DEBUG - [SKIP] Cannot open trade: Entry filter: Session guard: rollover window 21:00-23:00 GMT blocked
2025-12-14 22:32:23 - trades.AUDZARm - DEBUG - [SKIP] Cannot open trade: Entry filter: Session guard: rollover window 21:00-23:00 GMT blocked
2025-12-14 22:32:51 - trades.AUDZARm - DEBUG - [SKIP] Cannot open trade: Entry filter: Session guard: rollover window 21:00-23:00 GMT blocked
2025-12-14 22:33:20 - trades.AUDZARm - DEBUG - [SKIP] Cannot open trade: Entry filter: Session guard: rollover window 21:00-23:00 GMT blocked
2025-12-14 22:33:48 - trades.AUDZARm - DEBUG - [SKIP] Cannot open trade: Entry filter: Session guard: rollover window 21:00-23:00 GMT blocked
2025-12-14 22:34:16 - trades.AUDZARm - DEBUG - [SKIP] Cannot open trade: Entry filter: Session guard: rollover window 21:00-23:00 GMT blocked
2025-12-14 22:34:45 - trades.AUDZARm - DEBUG - [SKIP] Cannot open trade: Entry filter: Session guard: rollover window 21:00-23:00 GMT blocked
2025-12-14 22:35:13 - trades.AUDZARm - DEBUG - [SKIP] Cannot open trade: Entry filter: Session guard: rollover window 21:00-23:00 GMT blocked
2025-12-14 22:35:41 - trades.AUDZARm - DEBUG - [SKIP] Cannot open trade: Entry filter: Session guard: rollover window 21:00-23:00 GMT blocked
2025-12-14 22:36:09 - trades.AUDZARm - DEBUG - [SKIP] Cannot open trade: Entry filter: Session guard: rollover window 21:00-23:00 GMT blocked
2025-12-14 22:36:37 - trades.AUDZARm - DEBUG - [SKIP] Cannot open trade: Entry filter: Session guard: rollover window 21:00-23:00 GMT blocked
2025-12-14 22:37:06 - trades.AUDZARm - DEBUG - [SKIP] Cannot open trade: Entry filter: Session guard: rollover window 21:00-23:00 GMT blocked
2025-12-14 22:37:34 - trades.AUDZARm - DEBUG - [SKIP] Cannot open trade: Entry filter: Session guard: rollover window 21:00-23:00 GMT blocked
2025-12-14 22:38:04 - trades.AUDZARm - DEBUG - [SKIP] Cannot open trade: Entry filter: Session guard: rollover window 21:00-23:00 GMT blocked
2025-12-14 22:38:46 - trades.AUDZARm - DEBUG - [SKIP] Cannot open trade: Entry filter: Session guard: rollover window 21:00-23:00 GMT blocked
2025-12-14 22:39:51 - trades.AUDZARm - DEBUG - [SKIP] Cannot open trade: Entry filter: Session guard: rollover window 21:00-23:00 GMT blocked
2025-12-14 22:41:03 - trades.AUDZARm - DEBUG - [SKIP] Cannot open trade: Entry filter: Session guard: rollover window 21:00-23:00 GMT blocked
2025-12-14 22:42:17 - trades.AUDZARm - DEBUG - [SKIP] Cannot open trade: Entry filter: Session guard: rollover window 21:00-23:00 GMT blocked
2025-12-14 22:43:32 - trades.AUDZARm - DEBUG - [SKIP] Cannot open trade: Entry filter: Session guard: rollover window 21:00-23:00 GMT blocked
2025-12-14 22:44:41 - trades.AUDZARm - DEBUG - [SKIP] Cannot open trade: Entry filter: Session guard: rollover window 21:00-23:00 GMT blocked
2025-12-14 22:45:49 - trades.AUDZARm - DEBUG - [SKIP] Cannot open trade: Entry filter: Session guard: rollover window 21:00-23:00 GMT blocked
2025-12-14 22:46:53 - trades.AUDZARm - DEBUG - [SKIP] Cannot open trade: Entry filter: Session guard: rollover window 21:00-23:00 GMT blocked
2025-12-14 22:50:08 - trades.AUDZARm - DEBUG - [SKIP] Cannot open trade: Entry filter: Session guard: rollover window 21:00-23:00 GMT blocked
2025-12-14 22:52:17 - trades.AUDZARm - DEBUG - [SKIP] Cannot open trade: Entry filter: Session guard: rollover window 21:00-23:00 GMT blocked
2025-12-14 22:53:24 - trades.AUDZARm - DEBUG - [SKIP] Cannot open trade: Entry filter: Session guard: rollover window 21:00-23:00 GMT blocked
2025-12-14 22:54:32 - trades.AUDZARm - DEBUG - [SKIP] Cannot open trade: Entry filter: Session guard: rollover window 21:00-23:00 GMT blocked
2025-12-14 22:55:45 - trades.AUDZARm - DEBUG - [SKIP] Cannot open trade: Entry filter: Session guard: last 5 minutes of hour blocked
2025-12-14 22:56:53 - trades.AUDZARm - DEBUG - [SKIP] Cannot open trade: Entry filter: Session guard: last 5 minutes of hour blocked
2025-12-14 22:57:57 - trades.AUDZARm - DEBUG - [SKIP] Cannot open trade: Entry filter: Session guard: last 5 minutes of hour blocked
2025-12-14 22:59:09 - trades.AUDZARm - DEBUG - [SKIP] Cannot open trade: Entry filter: Session guard: last 5 minutes of hour blocked
2025-12-14 23:00:19 - trades.AUDZARm - DEBUG - [SKIP] Cannot open trade: Entry filter: Session guard: first 5 minutes of hour blocked
2025-12-14 23:02:03 - trades.AUDZARm - DEBUG - [SKIP] Cannot open trade: Entry filter: Session guard: first 5 minutes of hour blocked
2025-12-14 23:03:15 - trades.AUDZARm - DEBUG - [SKIP] Cannot open trade: Entry filter: Session guard: first 5 minutes of hour blocked
2025-12-14 23:04:27 - trades.AUDZARm - DEBUG - [SKIP] Cannot open trade: Entry filter: Session guard: first 5 minutes of hour blocked
2025-12-14 23:05:43 - trades.AUDZARm - DEBUG - [SKIP] Cannot open trade: Entry filter: Spread sanity: spread 1277.7% of avg range > max 20.0%
2025-12-14 23:08:13 - trades.AUDZARm - DEBUG - [SKIP] Cannot open trade: Entry filter: Spread sanity: spread 1416.0% of avg range > max 20.0%
2025-12-14 23:14:52 - trades.AUDZARm - DEBUG - [SKIP] Cannot open trade: Entry filter: Spread sanity: spread 1540.5% of avg range > max 20.0%
2025-12-14 23:15:54 - trades.AUDZARm - DEBUG - [SKIP] Cannot open trade: Entry filter: Spread sanity: spread 1702.1% of avg range > max 20.0%
2025-12-14 23:16:49 - trades.AUDZARm - DEBUG - [SKIP] Cannot open trade: Entry filter: Spread sanity: spread 1626.9% of avg range > max 20.0%
2025-12-14 23:17:46 - trades.AUDZARm - DEBUG - [SKIP] Cannot open trade: Entry filter: Spread sanity: spread 1901.4% of avg range > max 20.0%
2025-12-14 23:18:39 - trades.AUDZARm - DEBUG - [SKIP] Cannot open trade: Entry filter: Spread sanity: spread 1853.8% of avg range > max 20.0%
2025-12-14 23:19:50 - trades.AUDZARm - DEBUG - [SKIP] Cannot open trade: Entry filter: Spread sanity: spread 1674.7% of avg range > max 20.0%
2025-12-14 23:22:18 - trades.AUDZARm - DEBUG - [SKIP] Cannot open trade: Entry filter: Spread sanity: spread 2122.8% of avg range > max 20.0%
2025-12-14 23:23:32 - trades.AUDZARm - DEBUG - [SKIP] Cannot open trade: Entry filter: Spread sanity: spread 2049.0% of avg range > max 20.0%
2025-12-14 23:24:55 - trades.AUDZARm - DEBUG - [SKIP] Cannot open trade: Entry filter: Spread sanity: spread 2123.7% of avg range > max 20.0%
2025-12-14 23:27:34 - trades.AUDZARm - DEBUG - [SKIP] Cannot open trade: Entry filter: Spread sanity: spread 2098.1% of avg range > max 20.0%
2025-12-14 23:28:51 - trades.AUDZARm - DEBUG - [SKIP] Cannot open trade: Entry filter: Spread sanity: spread 2183.8% of avg range > max 20.0%
2025-12-14 23:30:17 - trades.AUDZARm - DEBUG - [SKIP] Cannot open trade: Entry filter: Spread sanity: spread 2242.6% of avg range > max 20.0%
2025-12-14 23:31:36 - trades.AUDZARm - DEBUG - [SKIP] Cannot open trade: Entry filter: Spread sanity: spread 2227.8% of avg range > max 20.0%
2025-12-14 23:32:55 - trades.AUDZARm - DEBUG - [SKIP] Cannot open trade: Entry filter: Spread sanity: spread 2318.4% of avg range > max 20.0%
2025-12-14 23:34:12 - trades.AUDZARm - DEBUG - [SKIP] Cannot open trade: Entry filter: Spread sanity: spread 2567.3% of avg range > max 20.0%
2025-12-14 23:35:40 - trades.AUDZARm - DEBUG - [SKIP] Cannot open trade: Entry filter: Spread sanity: spread 2452.2% of avg range > max 20.0%
2025-12-14 23:36:59 - trades.AUDZARm - DEBUG - [SKIP] Cannot open trade: Entry filter: Spread sanity: spread 2630.1% of avg range > max 20.0%
2025-12-14 23:38:21 - trades.AUDZARm - DEBUG - [SKIP] Cannot open trade: Entry filter: Spread sanity: spread 2449.7% of avg range > max 20.0%
2025-12-14 23:39:52 - trades.AUDZARm - DEBUG - [SKIP] Cannot open trade: Entry filter: Spread sanity: spread 2777.3% of avg range > max 20.0%
2025-12-14 23:40:54 - trades.AUDZARm - DEBUG - [SKIP] Cannot open trade: Entry filter: Spread sanity: spread 2695.9% of avg range > max 20.0%
2025-12-14 23:42:09 - trades.AUDZARm - DEBUG - [SKIP] Cannot open trade: Entry filter: Spread sanity: spread 2841.5% of avg range > max 20.0%
2025-12-14 23:44:55 - trades.AUDZARm - DEBUG - [SKIP] Cannot open trade: Entry filter: Spread sanity: spread 3002.3% of avg range > max 20.0%
2025-12-15 00:19:54 - trades.AUDZARm - DEBUG - [SKIP] Cannot open trade: Circuit breaker: Consecutive losses >= 10 (10 losses) (resumes in 71s)
2025-12-15 00:40:54 - trades.AUDZARm - DEBUG - [SKIP] Cannot open trade: Circuit breaker: Consecutive losses >= 10 (10 losses) (resumes in 648s)
2025-12-15 00:51:48 - trades.AUDZARm - DEBUG - [SKIP] Cannot open trade: Entry filter: Spread sanity: spread 1523.3% of avg range > max 20.0%
2025-12-15 04:28:35 - trades.AUDZARm - DEBUG - [SKIP] Cannot open trade: Circuit breaker: Consecutive losses >= 10 (10 losses) (resumes in 1765s)
2025-12-15 06:46:20 - trades.AUDZARm - DEBUG - [SKIP] Cannot open trade: Circuit breaker: Consecutive losses >= 10 (10 losses) (resumes in 950s)
2025-12-15 07:15:57 - trades.AUDZARm - DEBUG - [SKIP] Cannot open trade: Circuit breaker: Consecutive losses >= 10 (10 losses) (resumes in 1061s)
2025-12-15 08:09:07 - trades.AUDZARm - DEBUG - [SKIP] Cannot open trade: Circuit breaker: Consecutive losses >= 10 (10 losses) (resumes in 1646s)
2025-12-15 09:09:54 - trades.AUDZARm - DEBUG - [SKIP] Cannot open trade: Circuit breaker: Consecutive losses >= 10 (10 losses) (resumes in 1707s)
2025-12-15 10:03:19 - trades.AUDZARm - DEBUG - [SKIP] Cannot open trade: Circuit breaker: Consecutive losses >= 10 (10 losses) (resumes in 329s)
