{"timestamp": "2025-12-21 23:07:18", "symbol": "BTCUSDm", "trade_type": "LONG", "entry_price": 88561.95, "exit_price": 88544.17, "profit_usd": -0.18, "status": "CLOSED", "order_id": "545820998", "additional_info": {"entry_price_requested": 88561.95, "lot_size": 0.01, "stop_loss_pips": 20000.0, "stop_loss_price": 88361.95, "slippage": 0.0, "quality_score": 85, "spread_points": 2.032888751857129, "spread_fees_cost": 0.18, "risk_usd": 2.0, "min_lot": 0.01, "min_lot_source": "broker", "sma_fast": 88271.1765, "sma_slow": 88213.81460000001, "rsi": 20.788574218749034, "duration_minutes": 0.06666666666666667, "close_reason": "Unknown"}}
{"timestamp": "2025-12-21 23:39:25", "symbol": "BTCUSDm", "trade_type": "SHORT", "entry_price": 88574.81, "exit_price": 88524.97, "profit_usd": 0.5, "status": "CLOSED", "order_id": "545886582", "additional_info": {"entry_price_requested": 88574.81, "lot_size": 0.01, "stop_loss_pips": 20000.0, "stop_loss_price": 88774.81, "slippage": 0.0, "quality_score": 85, "spread_points": 2.032180481109697, "spread_fees_cost": 0.18, "risk_usd": 2.0, "min_lot": 0.01, "min_lot_source": "broker", "sma_fast": 88144.8135, "sma_slow": 88210.6254, "rsi": 29.664756635713175, "duration_minutes": 16.216666666666665, "close_reason": "Take Profit or Trailing Stop", "commission": 0.0, "swap": 0.0}}
2025-12-21 23:43:58 - trades.BTCUSDm - DEBUG - [SKIP] Cannot open trade: Entry filter: Spread sanity: spread 35.3% of avg range > max 30.0%
2025-12-21 23:47:33 - trades.BTCUSDm - DEBUG - [SKIP] Cannot open trade: Entry filter: Spread sanity: spread 36.3% of avg range > max 30.0%
2025-12-21 23:51:19 - trades.BTCUSDm - DEBUG - [SKIP] Cannot open trade: Entry filter: Spread sanity: spread 41.1% of avg range > max 30.0%
2025-12-21 23:54:38 - trades.BTCUSDm - DEBUG - [SKIP] Cannot open trade: Entry filter: Spread sanity: spread 37.4% of avg range > max 30.0%
2025-12-21 23:57:43 - trades.BTCUSDm - DEBUG - [SKIP] Cannot open trade: Entry filter: Spread sanity: spread 40.6% of avg range > max 30.0%
2025-12-22 00:01:29 - trades.BTCUSDm - DEBUG - [SKIP] Cannot open trade: Entry filter: Spread sanity: spread 44.4% of avg range > max 30.0%
2025-12-22 00:05:22 - trades.BTCUSDm - DEBUG - [SKIP] Cannot open trade: Entry filter: Spread sanity: spread 40.0% of avg range > max 30.0%
2025-12-22 00:24:26 - trades.BTCUSDm - DEBUG - [SKIP] Cannot open trade: Entry filter: Candle quality: current range 26.4% of avg < min 55.0%
2025-12-22 01:13:48 - trades.BTCUSDm - DEBUG - [SKIP] Cannot open trade: Entry filter: Candle quality: current range 46.0% of avg < min 55.0%
2025-12-22 02:45:42 - trades.BTCUSDm - DEBUG - [SKIP] Cannot open trade: Entry filter: Candle quality: current range 44.2% of avg < min 55.0%
2025-12-22 02:55:44 - trades.BTCUSDm - DEBUG - [SKIP] Cannot open trade: Entry filter: Spread sanity: spread 31.2% of avg range > max 30.0%
2025-12-22 02:59:00 - trades.BTCUSDm - DEBUG - [SKIP] Cannot open trade: Entry filter: Session guard: last 1 minutes of hour blocked
2025-12-22 03:02:21 - trades.BTCUSDm - DEBUG - [SKIP] Cannot open trade: Entry filter: Spread sanity: spread 41.2% of avg range > max 30.0%
2025-12-22 03:05:37 - trades.BTCUSDm - DEBUG - [SKIP] Cannot open trade: Entry filter: Spread sanity: spread 41.6% of avg range > max 30.0%
2025-12-22 03:08:52 - trades.BTCUSDm - DEBUG - [SKIP] Cannot open trade: Entry filter: Spread sanity: spread 31.4% of avg range > max 30.0%
2025-12-22 03:15:14 - trades.BTCUSDm - DEBUG - [SKIP] Cannot open trade: Entry filter: Candle quality: current range 32.1% of avg < min 55.0%
2025-12-22 03:21:15 - trades.BTCUSDm - DEBUG - [SKIP] Cannot open trade: Entry filter: Candle quality: current range 41.5% of avg < min 55.0%
2025-12-22 03:54:12 - trades.BTCUSDm - DEBUG - [SKIP] Cannot open trade: Entry filter: Spread sanity: spread 32.7% of avg range > max 30.0%
2025-12-22 03:57:22 - trades.BTCUSDm - DEBUG - [SKIP] Cannot open trade: Entry filter: Spread sanity: spread 38.4% of avg range > max 30.0%
2025-12-22 04:00:29 - trades.BTCUSDm - DEBUG - [SKIP] Cannot open trade: Entry filter: Session guard: first 1 minutes of hour blocked
2025-12-22 04:03:47 - trades.BTCUSDm - DEBUG - [SKIP] Cannot open trade: Entry filter: Spread sanity: spread 40.7% of avg range > max 30.0%
2025-12-22 04:07:06 - trades.BTCUSDm - DEBUG - [SKIP] Cannot open trade: Entry filter: Spread sanity: spread 42.8% of avg range > max 30.0%
2025-12-22 04:10:11 - trades.BTCUSDm - DEBUG - [SKIP] Cannot open trade: Entry filter: Spread sanity: spread 43.2% of avg range > max 30.0%
2025-12-22 04:13:32 - trades.BTCUSDm - DEBUG - [SKIP] Cannot open trade: Entry filter: Spread sanity: spread 41.7% of avg range > max 30.0%
2025-12-22 04:16:28 - trades.BTCUSDm - DEBUG - [SKIP] Cannot open trade: Entry filter: Spread sanity: spread 43.9% of avg range > max 30.0%
2025-12-22 04:19:33 - trades.BTCUSDm - DEBUG - [SKIP] Cannot open trade: Entry filter: Spread sanity: spread 42.5% of avg range > max 30.0%
2025-12-22 04:22:20 - trades.BTCUSDm - DEBUG - [SKIP] Cannot open trade: Entry filter: Spread sanity: spread 36.7% of avg range > max 30.0%
2025-12-22 04:25:28 - trades.BTCUSDm - DEBUG - [SKIP] Cannot open trade: Entry filter: Spread sanity: spread 36.0% of avg range > max 30.0%
2025-12-22 04:28:52 - trades.BTCUSDm - DEBUG - [SKIP] Cannot open trade: Entry filter: Spread sanity: spread 32.8% of avg range > max 30.0%
2025-12-22 04:32:24 - trades.BTCUSDm - DEBUG - [SKIP] Cannot open trade: Entry filter: Spread sanity: spread 31.1% of avg range > max 30.0%
2025-12-22 04:35:33 - trades.BTCUSDm - DEBUG - [SKIP] Cannot open trade: Entry filter: Spread sanity: spread 30.7% of avg range > max 30.0%
2025-12-22 04:42:21 - trades.BTCUSDm - DEBUG - [SKIP] Cannot open trade: Entry filter: Spread sanity: spread 30.1% of avg range > max 30.0%
2025-12-22 04:45:16 - trades.BTCUSDm - DEBUG - [SKIP] Cannot open trade: Entry filter: Spread sanity: spread 32.2% of avg range > max 30.0%
2025-12-22 04:48:14 - trades.BTCUSDm - DEBUG - [SKIP] Cannot open trade: Entry filter: Spread sanity: spread 36.9% of avg range > max 30.0%
2025-12-22 04:51:38 - trades.BTCUSDm - DEBUG - [SKIP] Cannot open trade: Entry filter: Spread sanity: spread 37.6% of avg range > max 30.0%
2025-12-22 05:04:30 - trades.BTCUSDm - DEBUG - [SKIP] Cannot open trade: Entry filter: Spread sanity: spread 35.8% of avg range > max 30.0%
2025-12-22 05:07:34 - trades.BTCUSDm - DEBUG - [SKIP] Cannot open trade: Entry filter: Spread sanity: spread 32.6% of avg range > max 30.0%
2025-12-22 05:10:26 - trades.BTCUSDm - DEBUG - [SKIP] Cannot open trade: Entry filter: Spread sanity: spread 31.5% of avg range > max 30.0%
2025-12-22 05:13:15 - trades.BTCUSDm - DEBUG - [SKIP] Cannot open trade: Entry filter: Spread sanity: spread 31.7% of avg range > max 30.0%
2025-12-22 05:16:08 - trades.BTCUSDm - DEBUG - [SKIP] Cannot open trade: Entry filter: Spread sanity: spread 31.3% of avg range > max 30.0%
2025-12-22 05:18:54 - trades.BTCUSDm - DEBUG - [SKIP] Cannot open trade: Entry filter: Spread sanity: spread 34.7% of avg range > max 30.0%
2025-12-22 05:21:27 - trades.BTCUSDm - DEBUG - [SKIP] Cannot open trade: Entry filter: Spread sanity: spread 35.2% of avg range > max 30.0%
2025-12-22 05:24:25 - trades.BTCUSDm - DEBUG - [SKIP] Cannot open trade: Entry filter: Spread sanity: spread 34.9% of avg range > max 30.0%
2025-12-22 05:27:22 - trades.BTCUSDm - DEBUG - [SKIP] Cannot open trade: Entry filter: Spread sanity: spread 34.3% of avg range > max 30.0%
2025-12-22 05:30:09 - trades.BTCUSDm - DEBUG - [SKIP] Cannot open trade: Entry filter: Spread sanity: spread 37.3% of avg range > max 30.0%
2025-12-22 05:33:14 - trades.BTCUSDm - DEBUG - [SKIP] Cannot open trade: Entry filter: Spread sanity: spread 38.9% of avg range > max 30.0%
2025-12-22 05:36:17 - trades.BTCUSDm - DEBUG - [SKIP] Cannot open trade: Entry filter: Spread sanity: spread 41.7% of avg range > max 30.0%
2025-12-22 05:39:14 - trades.BTCUSDm - DEBUG - [SKIP] Cannot open trade: Entry filter: Spread sanity: spread 38.3% of avg range > max 30.0%
2025-12-22 05:42:13 - trades.BTCUSDm - DEBUG - [SKIP] Cannot open trade: Entry filter: Spread sanity: spread 37.2% of avg range > max 30.0%
2025-12-22 05:44:57 - trades.BTCUSDm - DEBUG - [SKIP] Cannot open trade: Entry filter: Spread sanity: spread 38.4% of avg range > max 30.0%
2025-12-22 05:50:49 - trades.BTCUSDm - DEBUG - [SKIP] Cannot open trade: Entry filter: Spread sanity: spread 37.3% of avg range > max 30.0%
2025-12-22 05:54:00 - trades.BTCUSDm - DEBUG - [SKIP] Cannot open trade: Entry filter: Spread sanity: spread 37.7% of avg range > max 30.0%
2025-12-22 05:56:55 - trades.BTCUSDm - DEBUG - [SKIP] Cannot open trade: Entry filter: Spread sanity: spread 37.4% of avg range > max 30.0%
2025-12-22 05:59:56 - trades.BTCUSDm - DEBUG - [SKIP] Cannot open trade: Entry filter: Session guard: last 1 minutes of hour blocked
2025-12-22 06:12:17 - trades.BTCUSDm - DEBUG - [SKIP] Cannot open trade: Entry filter: Spread sanity: spread 40.9% of avg range > max 30.0%
2025-12-22 06:15:15 - trades.BTCUSDm - DEBUG - [SKIP] Cannot open trade: Entry filter: Spread sanity: spread 41.2% of avg range > max 30.0%
2025-12-22 06:18:14 - trades.BTCUSDm - DEBUG - [SKIP] Cannot open trade: Entry filter: Spread sanity: spread 38.8% of avg range > max 30.0%
2025-12-22 06:21:24 - trades.BTCUSDm - DEBUG - [SKIP] Cannot open trade: Entry filter: Spread sanity: spread 41.3% of avg range > max 30.0%
2025-12-22 06:24:46 - trades.BTCUSDm - DEBUG - [SKIP] Cannot open trade: Entry filter: Spread sanity: spread 40.2% of avg range > max 30.0%
2025-12-22 06:27:35 - trades.BTCUSDm - DEBUG - [SKIP] Cannot open trade: Entry filter: Spread sanity: spread 39.0% of avg range > max 30.0%
2025-12-22 06:30:34 - trades.BTCUSDm - DEBUG - [SKIP] Cannot open trade: Entry filter: Spread sanity: spread 39.4% of avg range > max 30.0%
2025-12-22 06:34:53 - trades.BTCUSDm - DEBUG - [SKIP] Cannot open trade: Entry filter: Spread sanity: spread 42.2% of avg range > max 30.0%
2025-12-22 06:47:33 - trades.BTCUSDm - DEBUG - [SKIP] Cannot open trade: Entry filter: Spread sanity: spread 45.1% of avg range > max 30.0%
2025-12-22 06:54:01 - trades.BTCUSDm - DEBUG - [SKIP] Cannot open trade: Entry filter: Spread sanity: spread 48.4% of avg range > max 30.0%
2025-12-22 07:00:48 - trades.BTCUSDm - DEBUG - [SKIP] Cannot open trade: Entry filter: Session guard: first 1 minutes of hour blocked
2025-12-22 07:09:08 - trades.BTCUSDm - DEBUG - [SKIP] Cannot open trade: Entry filter: Spread sanity: spread 39.2% of avg range > max 30.0%
2025-12-22 07:12:59 - trades.BTCUSDm - DEBUG - [SKIP] Cannot open trade: Entry filter: Spread sanity: spread 35.1% of avg range > max 30.0%
2025-12-22 07:19:35 - trades.BTCUSDm - DEBUG - [SKIP] Cannot open trade: Entry filter: Spread sanity: spread 34.8% of avg range > max 30.0%
2025-12-22 07:26:43 - trades.BTCUSDm - DEBUG - [SKIP] Cannot open trade: Entry filter: Spread sanity: spread 33.2% of avg range > max 30.0%
2025-12-22 07:42:47 - trades.BTCUSDm - DEBUG - [SKIP] Cannot open trade: Entry filter: Spread sanity: spread 43.8% of avg range > max 30.0%
2025-12-22 07:46:32 - trades.BTCUSDm - DEBUG - [SKIP] Cannot open trade: Entry filter: Spread sanity: spread 49.9% of avg range > max 30.0%
2025-12-22 07:49:50 - trades.BTCUSDm - DEBUG - [SKIP] Cannot open trade: Entry filter: Spread sanity: spread 49.6% of avg range > max 30.0%
2025-12-22 07:53:11 - trades.BTCUSDm - DEBUG - [SKIP] Cannot open trade: Entry filter: Spread sanity: spread 47.0% of avg range > max 30.0%
2025-12-22 07:57:42 - trades.BTCUSDm - DEBUG - [SKIP] Cannot open trade: Entry filter: Spread sanity: spread 51.2% of avg range > max 30.0%
2025-12-22 08:01:11 - trades.BTCUSDm - DEBUG - [SKIP] Cannot open trade: Entry filter: Spread sanity: spread 43.1% of avg range > max 30.0%
2025-12-22 08:04:40 - trades.BTCUSDm - DEBUG - [SKIP] Cannot open trade: Entry filter: Spread sanity: spread 38.4% of avg range > max 30.0%
2025-12-22 08:07:46 - trades.BTCUSDm - DEBUG - [SKIP] Cannot open trade: Entry filter: Spread sanity: spread 37.9% of avg range > max 30.0%
2025-12-22 08:11:05 - trades.BTCUSDm - DEBUG - [SKIP] Cannot open trade: Entry filter: Spread sanity: spread 37.2% of avg range > max 30.0%
2025-12-22 08:14:15 - trades.BTCUSDm - DEBUG - [SKIP] Cannot open trade: Entry filter: Spread sanity: spread 37.4% of avg range > max 30.0%
2025-12-22 08:17:37 - trades.BTCUSDm - DEBUG - [SKIP] Cannot open trade: Entry filter: Spread sanity: spread 32.9% of avg range > max 30.0%
2025-12-22 08:24:35 - trades.BTCUSDm - DEBUG - [SKIP] Cannot open trade: Entry filter: Candle quality: current range 54.5% of avg < min 55.0%
2025-12-22 08:31:19 - trades.BTCUSDm - DEBUG - [SKIP] Cannot open trade: Entry filter: Candle quality: current range 25.5% of avg < min 55.0%
2025-12-22 09:25:40 - trades.BTCUSDm - DEBUG - [SKIP] Cannot open trade: Entry filter: Spread sanity: spread 30.2% of avg range > max 30.0%
2025-12-22 09:28:54 - trades.BTCUSDm - DEBUG - [SKIP] Cannot open trade: Entry filter: Candle quality: current range 34.1% of avg < min 55.0%
2025-12-22 09:38:48 - trades.BTCUSDm - DEBUG - [SKIP] Cannot open trade: Entry filter: Spread sanity: spread 30.1% of avg range > max 30.0%
2025-12-22 09:59:58 - trades.BTCUSDm - DEBUG - [SKIP] Cannot open trade: Entry filter: Session guard: last 1 minutes of hour blocked
2025-12-22 10:10:07 - trades.BTCUSDm - DEBUG - [SKIP] Cannot open trade: Entry filter: Candle quality: current range 46.7% of avg < min 55.0%
2025-12-22 10:13:18 - trades.BTCUSDm - DEBUG - [SKIP] Cannot open trade: Entry filter: Candle quality: current range 25.9% of avg < min 55.0%
2025-12-22 10:23:18 - trades.BTCUSDm - DEBUG - [SKIP] Cannot open trade: Entry filter: Spread sanity: spread 30.4% of avg range > max 30.0%
2025-12-22 10:26:46 - trades.BTCUSDm - DEBUG - [SKIP] Cannot open trade: Entry filter: Spread sanity: spread 33.1% of avg range > max 30.0%
