{"timestamp": "2025-12-23 13:51:58", "symbol": "BTCXAUm", "trade_type": "SHORT", "entry_price": 19.5069, "exit_price": 19.55304, "profit_usd": -1.99, "status": "CLOSED", "order_id": "560213332", "additional_info": {"entry_price_requested": 19.50858, "lot_size": 0.01, "stop_loss_pips": 445.66497224845847, "stop_loss_price": 19.553146497224844, "slippage": 0.0016799999999967952, "quality_score": 70, "spread_points": 612.000000000279, "spread_fees_cost": 6.12000000000279e-05, "risk_usd": 0.00044566497224845847, "min_lot": 0.01, "min_lot_source": "broker", "sma_fast": 19.551562999999998, "sma_slow": 19.557419, "rsi": 42.55050505050526, "duration_minutes": 2.1333333333333333, "close_reason": "Stop Loss", "commission": 0.0, "swap": 0.0}}
{"timestamp": "2025-12-23 14:07:22", "symbol": "BTCXAUm", "trade_type": "LONG", "entry_price": 19.62374, "exit_price": 19.63508, "profit_usd": 0.58, "status": "CLOSED", "order_id": "560479204", "additional_info": {"entry_price_requested": 19.62374, "lot_size": 0.01, "stop_loss_pips": 447.65813243742514, "stop_loss_price": 19.57897418675626, "slippage": 0.0, "quality_score": 85, "spread_points": 615.0000000001654, "spread_fees_cost": 6.150000000001654e-05, "risk_usd": 0.00044765813243742515, "min_lot": 0.01, "min_lot_source": "broker", "sma_fast": 19.5569725, "sma_slow": 19.5465438, "rsi": 66.26375329304437, "duration_minutes": 0.55, "close_reason": "Take Profit or Trailing Stop", "commission": 0.0, "swap": 0.0}}
{"timestamp": "2025-12-23 14:16:29", "symbol": "BTCXAUm", "trade_type": "LONG", "entry_price": 19.6338, "exit_price": 19.63353, "profit_usd": -0.01, "status": "CLOSED", "order_id": "560561634", "additional_info": {"entry_price_requested": 19.6338, "lot_size": 0.01, "stop_loss_pips": 447.62046082077234, "stop_loss_price": 19.589037953917924, "slippage": 0.0, "quality_score": 85, "spread_points": 615.0000000001654, "spread_fees_cost": 6.150000000001654e-05, "risk_usd": 0.00044762046082077236, "min_lot": 0.01, "min_lot_source": "broker", "sma_fast": 19.5652345, "sma_slow": 19.5420018, "rsi": 61.178947368421404, "duration_minutes": 0.5166666666666667, "close_reason": "Small profit target or slippage", "commission": 0.0, "swap": 0.0}}
{"timestamp": "2025-12-23 14:20:42", "symbol": "BTCXAUm", "trade_type": "LONG", "entry_price": 19.61545, "exit_price": 19.6092, "profit_usd": -0.28, "status": "CLOSED", "order_id": "560610553", "additional_info": {"entry_price_requested": 19.61382, "lot_size": 0.01, "stop_loss_pips": 447.62416758690193, "stop_loss_price": 19.56905758324131, "slippage": 0.001629999999998688, "quality_score": 70, "spread_points": 615.0000000001654, "spread_fees_cost": 6.150000000001654e-05, "risk_usd": 0.00044762416758690197, "min_lot": 0.01, "min_lot_source": "broker", "sma_fast": 19.564549, "sma_slow": 19.540499, "rsi": 39.986626546304905, "duration_minutes": 0.15, "close_reason": "Stop Loss", "commission": 0.0, "swap": 0.0}}
{"timestamp": "2025-12-23 14:24:29", "symbol": "BTCXAUm", "trade_type": "LONG", "entry_price": 19.63763, "exit_price": 19.62658, "profit_usd": -0.49, "status": "CLOSED", "order_id": "560656738", "additional_info": {"entry_price_requested": 19.63763, "lot_size": 0.01, "stop_loss_pips": 447.8505970408264, "stop_loss_price": 19.59284494029592, "slippage": 0.0, "quality_score": 85, "spread_points": 615.0000000001654, "spread_fees_cost": 6.150000000001654e-05, "risk_usd": 0.0004478505970408264, "min_lot": 0.01, "min_lot_source": "broker", "sma_fast": 19.5574495, "sma_slow": 19.539627, "rsi": 41.000453377663305, "duration_minutes": 0.06666666666666667, "close_reason": "Unknown"}}
{"timestamp": "2025-12-23 15:29:23", "symbol": "BTCXAUm", "trade_type": "SHORT", "entry_price": 19.59473, "exit_price": 19.63969, "profit_usd": -2.0, "status": "CLOSED", "order_id": "561588645", "additional_info": {"entry_price_requested": 19.59803, "lot_size": 0.01, "stop_loss_pips": 449.77750631208124, "stop_loss_price": 19.64300775063121, "slippage": 0.0033000000000029672, "quality_score": 85, "spread_points": 617.9999999996966, "spread_fees_cost": 6.179999999996965e-05, "risk_usd": 0.00044977750631208124, "min_lot": 0.01, "min_lot_source": "broker", "sma_fast": 19.5488765, "sma_slow": 19.596452799999998, "rsi": 71.28257941852245, "duration_minutes": 3.95, "close_reason": "Stop Loss", "commission": 0.0, "swap": 0.0}}
{"timestamp": "2025-12-23 15:35:17", "symbol": "BTCXAUm", "trade_type": "SHORT", "entry_price": 19.64116, "exit_price": 19.63992, "profit_usd": 0.06, "status": "CLOSED", "order_id": "561677854", "additional_info": {"entry_price_requested": 19.64333, "lot_size": 0.01, "stop_loss_pips": 449.9111650404686, "stop_loss_price": 19.688321116504046, "slippage": 0.002169999999999561, "quality_score": 85, "spread_points": 618.0000000000518, "spread_fees_cost": 6.180000000000519e-05, "risk_usd": 0.0004499111650404686, "min_lot": 0.01, "min_lot_source": "broker", "sma_fast": 19.584724, "sma_slow": 19.608415, "rsi": 69.83096268810536, "duration_minutes": 3.5833333333333335, "close_reason": "Micro-HFT sweet spot profit", "commission": 0.0, "swap": 0.0}}
2025-12-23 15:38:02 - trades.BTCXAUm - DEBUG - [SKIP] Cannot open trade: Circuit breaker: Rolling PnL of last 50 trades <= -$10 (current: $-17.00) (resumes in 3262s)
2025-12-23 15:44:05 - trades.BTCXAUm - DEBUG - [SKIP] Cannot open trade: Circuit breaker: Rolling PnL of last 50 trades <= -$10 (current: $-17.00) (resumes in 2899s)
2025-12-23 15:50:31 - trades.BTCXAUm - DEBUG - [SKIP] Cannot open trade: Circuit breaker: Rolling PnL of last 50 trades <= -$10 (current: $-17.00) (resumes in 2514s)
2025-12-23 15:56:15 - trades.BTCXAUm - DEBUG - [SKIP] Cannot open trade: Circuit breaker: Rolling PnL of last 50 trades <= -$10 (current: $-17.00) (resumes in 2170s)
2025-12-23 16:02:16 - trades.BTCXAUm - DEBUG - [SKIP] Cannot open trade: Circuit breaker: Rolling PnL of last 50 trades <= -$10 (current: $-17.00) (resumes in 1808s)
2025-12-23 16:08:28 - trades.BTCXAUm - DEBUG - [SKIP] Cannot open trade: Circuit breaker: Rolling PnL of last 50 trades <= -$10 (current: $-17.00) (resumes in 1437s)
2025-12-23 16:13:51 - trades.BTCXAUm - DEBUG - [SKIP] Cannot open trade: Circuit breaker: Rolling PnL of last 50 trades <= -$10 (current: $-17.00) (resumes in 1113s)
2025-12-23 16:19:07 - trades.BTCXAUm - DEBUG - [SKIP] Cannot open trade: Circuit breaker: Rolling PnL of last 50 trades <= -$10 (current: $-17.00) (resumes in 797s)
2025-12-23 16:24:05 - trades.BTCXAUm - DEBUG - [SKIP] Cannot open trade: Circuit breaker: Rolling PnL of last 50 trades <= -$10 (current: $-17.00) (resumes in 500s)
2025-12-23 16:29:12 - trades.BTCXAUm - DEBUG - [SKIP] Cannot open trade: Circuit breaker: Rolling PnL of last 50 trades <= -$10 (current: $-17.00) (resumes in 193s)
2025-12-23 16:34:14 - trades.BTCXAUm - DEBUG - [SKIP] Cannot open trade: Circuit breaker: Rolling PnL of last 50 trades <= -$10 (current: $-11.59) (resumes in 3493s)
2025-12-23 16:39:40 - trades.BTCXAUm - DEBUG - [SKIP] Cannot open trade: Circuit breaker: Rolling PnL of last 50 trades <= -$10 (current: $-11.59) (resumes in 3166s)
2025-12-23 16:44:34 - trades.BTCXAUm - DEBUG - [SKIP] Cannot open trade: Circuit breaker: Rolling PnL of last 50 trades <= -$10 (current: $-11.59) (resumes in 2873s)
2025-12-23 16:49:28 - trades.BTCXAUm - DEBUG - [SKIP] Cannot open trade: Circuit breaker: Rolling PnL of last 50 trades <= -$10 (current: $-11.59) (resumes in 2579s)
2025-12-23 17:04:44 - trades.BTCXAUm - DEBUG - [SKIP] Cannot open trade: Circuit breaker: Rolling PnL of last 50 trades <= -$10 (current: $-11.59) (resumes in 1663s)
2025-12-23 17:09:40 - trades.BTCXAUm - DEBUG - [SKIP] Cannot open trade: Circuit breaker: Rolling PnL of last 50 trades <= -$10 (current: $-11.59) (resumes in 1367s)
2025-12-23 17:14:46 - trades.BTCXAUm - DEBUG - [SKIP] Cannot open trade: Circuit breaker: Rolling PnL of last 50 trades <= -$10 (current: $-11.59) (resumes in 1061s)
2025-12-23 17:19:47 - trades.BTCXAUm - DEBUG - [SKIP] Cannot open trade: Circuit breaker: Rolling PnL of last 50 trades <= -$10 (current: $-11.59) (resumes in 760s)
2025-12-23 17:24:30 - trades.BTCXAUm - DEBUG - [SKIP] Cannot open trade: Circuit breaker: Rolling PnL of last 50 trades <= -$10 (current: $-11.59) (resumes in 477s)
2025-12-23 17:29:28 - trades.BTCXAUm - DEBUG - [SKIP] Cannot open trade: Circuit breaker: Rolling PnL of last 50 trades <= -$10 (current: $-11.59) (resumes in 178s)
2025-12-23 17:33:58 - trades.BTCXAUm - DEBUG - [SKIP] Cannot open trade: Circuit breaker: Rolling PnL of last 50 trades <= -$10 (current: $-11.59) (resumes in 3511s)
2025-12-23 17:42:53 - trades.BTCXAUm - DEBUG - [SKIP] Cannot open trade: Circuit breaker: Rolling PnL of last 50 trades <= -$10 (current: $-11.59) (resumes in 2975s)
2025-12-23 17:47:19 - trades.BTCXAUm - DEBUG - [SKIP] Cannot open trade: Circuit breaker: Rolling PnL of last 50 trades <= -$10 (current: $-11.59) (resumes in 2710s)
2025-12-23 17:51:57 - trades.BTCXAUm - DEBUG - [SKIP] Cannot open trade: Circuit breaker: Rolling PnL of last 50 trades <= -$10 (current: $-11.59) (resumes in 2431s)
2025-12-23 17:56:37 - trades.BTCXAUm - DEBUG - [SKIP] Cannot open trade: Circuit breaker: Rolling PnL of last 50 trades <= -$10 (current: $-11.59) (resumes in 2151s)
2025-12-23 18:14:43 - trades.BTCXAUm - DEBUG - [SKIP] Cannot open trade: Circuit breaker: Rolling PnL of last 50 trades <= -$10 (current: $-11.59) (resumes in 1065s)
2025-12-23 18:18:49 - trades.BTCXAUm - DEBUG - [SKIP] Cannot open trade: Circuit breaker: Rolling PnL of last 50 trades <= -$10 (current: $-11.59) (resumes in 819s)
2025-12-23 18:23:04 - trades.BTCXAUm - DEBUG - [SKIP] Cannot open trade: Circuit breaker: Rolling PnL of last 50 trades <= -$10 (current: $-11.59) (resumes in 564s)
2025-12-23 18:27:32 - trades.BTCXAUm - DEBUG - [SKIP] Cannot open trade: Circuit breaker: Rolling PnL of last 50 trades <= -$10 (current: $-11.59) (resumes in 296s)
2025-12-23 18:32:05 - trades.BTCXAUm - DEBUG - [SKIP] Cannot open trade: Circuit breaker: Rolling PnL of last 50 trades <= -$10 (current: $-11.59) (resumes in 23s)
2025-12-23 18:36:33 - trades.BTCXAUm - DEBUG - [SKIP] Cannot open trade: Circuit breaker: Rolling PnL of last 50 trades <= -$10 (current: $-11.59) (resumes in 3357s)
2025-12-23 18:41:01 - trades.BTCXAUm - DEBUG - [SKIP] Cannot open trade: Circuit breaker: Rolling PnL of last 50 trades <= -$10 (current: $-11.59) (resumes in 3089s)
2025-12-23 18:45:31 - trades.BTCXAUm - DEBUG - [SKIP] Cannot open trade: Circuit breaker: Rolling PnL of last 50 trades <= -$10 (current: $-11.59) (resumes in 2820s)
2025-12-23 18:49:37 - trades.BTCXAUm - DEBUG - [SKIP] Cannot open trade: Circuit breaker: Rolling PnL of last 50 trades <= -$10 (current: $-11.59) (resumes in 2573s)
2025-12-23 18:54:06 - trades.BTCXAUm - DEBUG - [SKIP] Cannot open trade: Circuit breaker: Rolling PnL of last 50 trades <= -$10 (current: $-11.59) (resumes in 2304s)
2025-12-23 18:58:31 - trades.BTCXAUm - DEBUG - [SKIP] Cannot open trade: Circuit breaker: Rolling PnL of last 50 trades <= -$10 (current: $-11.59) (resumes in 2039s)
2025-12-23 19:02:55 - trades.BTCXAUm - DEBUG - [SKIP] Cannot open trade: Circuit breaker: Rolling PnL of last 50 trades <= -$10 (current: $-11.59) (resumes in 1775s)
2025-12-23 19:07:07 - trades.BTCXAUm - DEBUG - [SKIP] Cannot open trade: Circuit breaker: Rolling PnL of last 50 trades <= -$10 (current: $-11.59) (resumes in 1523s)
2025-12-23 19:11:13 - trades.BTCXAUm - DEBUG - [SKIP] Cannot open trade: Circuit breaker: Rolling PnL of last 50 trades <= -$10 (current: $-11.59) (resumes in 1277s)
2025-12-23 19:15:24 - trades.BTCXAUm - DEBUG - [SKIP] Cannot open trade: Circuit breaker: Rolling PnL of last 50 trades <= -$10 (current: $-11.59) (resumes in 1026s)
2025-12-23 19:19:22 - trades.BTCXAUm - DEBUG - [SKIP] Cannot open trade: Circuit breaker: Rolling PnL of last 50 trades <= -$10 (current: $-11.59) (resumes in 788s)
2025-12-23 19:23:28 - trades.BTCXAUm - DEBUG - [SKIP] Cannot open trade: Circuit breaker: Rolling PnL of last 50 trades <= -$10 (current: $-11.59) (resumes in 542s)
2025-12-23 19:27:50 - trades.BTCXAUm - DEBUG - [SKIP] Cannot open trade: Circuit breaker: Rolling PnL of last 50 trades <= -$10 (current: $-11.59) (resumes in 280s)
2025-12-23 19:32:09 - trades.BTCXAUm - DEBUG - [SKIP] Cannot open trade: Circuit breaker: Rolling PnL of last 50 trades <= -$10 (current: $-11.59) (resumes in 21s)
2025-12-23 19:36:30 - trades.BTCXAUm - DEBUG - [SKIP] Cannot open trade: Circuit breaker: Rolling PnL of last 50 trades <= -$10 (current: $-11.59) (resumes in 3467s)
2025-12-23 19:41:03 - trades.BTCXAUm - DEBUG - [SKIP] Cannot open trade: Circuit breaker: Rolling PnL of last 50 trades <= -$10 (current: $-11.59) (resumes in 3194s)
2025-12-23 19:45:05 - trades.BTCXAUm - DEBUG - [SKIP] Cannot open trade: Circuit breaker: Rolling PnL of last 50 trades <= -$10 (current: $-11.59) (resumes in 2952s)
2025-12-23 19:49:13 - trades.BTCXAUm - DEBUG - [SKIP] Cannot open trade: Circuit breaker: Rolling PnL of last 50 trades <= -$10 (current: $-11.59) (resumes in 2704s)
2025-12-23 19:53:13 - trades.BTCXAUm - DEBUG - [SKIP] Cannot open trade: Circuit breaker: Rolling PnL of last 50 trades <= -$10 (current: $-11.59) (resumes in 2464s)
2025-12-23 19:57:31 - trades.BTCXAUm - DEBUG - [SKIP] Cannot open trade: Circuit breaker: Rolling PnL of last 50 trades <= -$10 (current: $-11.59) (resumes in 2206s)
2025-12-23 20:01:41 - trades.BTCXAUm - DEBUG - [SKIP] Cannot open trade: Circuit breaker: Rolling PnL of last 50 trades <= -$10 (current: $-11.59) (resumes in 1956s)
2025-12-23 20:05:52 - trades.BTCXAUm - DEBUG - [SKIP] Cannot open trade: Circuit breaker: Rolling PnL of last 50 trades <= -$10 (current: $-11.59) (resumes in 1705s)
2025-12-23 20:10:11 - trades.BTCXAUm - DEBUG - [SKIP] Cannot open trade: Circuit breaker: Rolling PnL of last 50 trades <= -$10 (current: $-11.59) (resumes in 1446s)
2025-12-23 20:14:33 - trades.BTCXAUm - DEBUG - [SKIP] Cannot open trade: Circuit breaker: Rolling PnL of last 50 trades <= -$10 (current: $-11.59) (resumes in 1184s)
2025-12-23 20:18:56 - trades.BTCXAUm - DEBUG - [SKIP] Cannot open trade: Circuit breaker: Rolling PnL of last 50 trades <= -$10 (current: $-11.59) (resumes in 921s)
2025-12-23 20:23:13 - trades.BTCXAUm - DEBUG - [SKIP] Cannot open trade: Circuit breaker: Rolling PnL of last 50 trades <= -$10 (current: $-11.59) (resumes in 664s)
2025-12-23 20:27:11 - trades.BTCXAUm - DEBUG - [SKIP] Cannot open trade: Circuit breaker: Rolling PnL of last 50 trades <= -$10 (current: $-11.59) (resumes in 427s)
2025-12-23 20:31:05 - trades.BTCXAUm - DEBUG - [SKIP] Cannot open trade: Circuit breaker: Rolling PnL of last 50 trades <= -$10 (current: $-11.59) (resumes in 192s)
2025-12-23 20:36:02 - trades.BTCXAUm - DEBUG - [SKIP] Cannot open trade: Circuit breaker: Rolling PnL of last 50 trades <= -$10 (current: $-11.59) (resumes in 3498s)
2025-12-23 20:40:42 - trades.BTCXAUm - DEBUG - [SKIP] Cannot open trade: Circuit breaker: Rolling PnL of last 50 trades <= -$10 (current: $-11.59) (resumes in 3218s)
2025-12-23 20:45:13 - trades.BTCXAUm - DEBUG - [SKIP] Cannot open trade: Circuit breaker: Rolling PnL of last 50 trades <= -$10 (current: $-11.59) (resumes in 2947s)
2025-12-23 20:48:43 - trades.BTCXAUm - DEBUG - [SKIP] Cannot open trade: Circuit breaker: Rolling PnL of last 50 trades <= -$10 (current: $-11.59) (resumes in 2737s)
2025-12-23 20:52:31 - trades.BTCXAUm - DEBUG - [SKIP] Cannot open trade: Circuit breaker: Rolling PnL of last 50 trades <= -$10 (current: $-11.59) (resumes in 2509s)
2025-12-23 20:56:18 - trades.BTCXAUm - DEBUG - [SKIP] Cannot open trade: Circuit breaker: Rolling PnL of last 50 trades <= -$10 (current: $-11.59) (resumes in 2282s)
2025-12-23 21:00:07 - trades.BTCXAUm - DEBUG - [SKIP] Cannot open trade: Circuit breaker: Rolling PnL of last 50 trades <= -$10 (current: $-11.59) (resumes in 2054s)
2025-12-23 21:03:25 - trades.BTCXAUm - DEBUG - [SKIP] Cannot open trade: Circuit breaker: Rolling PnL of last 50 trades <= -$10 (current: $-11.59) (resumes in 1855s)
2025-12-23 21:06:29 - trades.BTCXAUm - DEBUG - [SKIP] Cannot open trade: Circuit breaker: Rolling PnL of last 50 trades <= -$10 (current: $-11.59) (resumes in 1672s)
2025-12-23 21:09:34 - trades.BTCXAUm - DEBUG - [SKIP] Cannot open trade: Circuit breaker: Rolling PnL of last 50 trades <= -$10 (current: $-11.59) (resumes in 1487s)
2025-12-23 21:12:44 - trades.BTCXAUm - DEBUG - [SKIP] Cannot open trade: Circuit breaker: Rolling PnL of last 50 trades <= -$10 (current: $-11.59) (resumes in 1297s)
2025-12-23 21:15:48 - trades.BTCXAUm - DEBUG - [SKIP] Cannot open trade: Circuit breaker: Rolling PnL of last 50 trades <= -$10 (current: $-11.59) (resumes in 1112s)
2025-12-23 21:18:42 - trades.BTCXAUm - DEBUG - [SKIP] Cannot open trade: Circuit breaker: Rolling PnL of last 50 trades <= -$10 (current: $-11.59) (resumes in 938s)
2025-12-23 21:21:30 - trades.BTCXAUm - DEBUG - [SKIP] Cannot open trade: Circuit breaker: Rolling PnL of last 50 trades <= -$10 (current: $-11.59) (resumes in 770s)
2025-12-23 21:24:17 - trades.BTCXAUm - DEBUG - [SKIP] Cannot open trade: Circuit breaker: Rolling PnL of last 50 trades <= -$10 (current: $-11.59) (resumes in 603s)
2025-12-23 21:32:37 - trades.BTCXAUm - DEBUG - [SKIP] Cannot open trade: Circuit breaker: Rolling PnL of last 50 trades <= -$10 (current: $-11.59) (resumes in 103s)
2025-12-23 21:35:27 - trades.BTCXAUm - DEBUG - [SKIP] Cannot open trade: Circuit breaker: Rolling PnL of last 50 trades <= -$10 (current: $-11.59) (resumes in 3562s)
2025-12-23 21:38:10 - trades.BTCXAUm - DEBUG - [SKIP] Cannot open trade: Circuit breaker: Rolling PnL of last 50 trades <= -$10 (current: $-11.59) (resumes in 3399s)
2025-12-23 21:40:52 - trades.BTCXAUm - DEBUG - [SKIP] Cannot open trade: Circuit breaker: Rolling PnL of last 50 trades <= -$10 (current: $-11.59) (resumes in 3237s)
2025-12-23 21:43:36 - trades.BTCXAUm - DEBUG - [SKIP] Cannot open trade: Circuit breaker: Rolling PnL of last 50 trades <= -$10 (current: $-11.59) (resumes in 3072s)
2025-12-23 21:46:20 - trades.BTCXAUm - DEBUG - [SKIP] Cannot open trade: Circuit breaker: Rolling PnL of last 50 trades <= -$10 (current: $-11.59) (resumes in 2909s)
2025-12-23 21:49:00 - trades.BTCXAUm - DEBUG - [SKIP] Cannot open trade: Circuit breaker: Rolling PnL of last 50 trades <= -$10 (current: $-11.59) (resumes in 2748s)
2025-12-23 21:51:38 - trades.BTCXAUm - DEBUG - [SKIP] Cannot open trade: Circuit breaker: Rolling PnL of last 50 trades <= -$10 (current: $-11.59) (resumes in 2591s)
2025-12-23 21:54:28 - trades.BTCXAUm - DEBUG - [SKIP] Cannot open trade: Circuit breaker: Rolling PnL of last 50 trades <= -$10 (current: $-11.59) (resumes in 2420s)
2025-12-23 21:57:13 - trades.BTCXAUm - DEBUG - [SKIP] Cannot open trade: Circuit breaker: Rolling PnL of last 50 trades <= -$10 (current: $-11.59) (resumes in 2255s)
2025-12-23 21:59:51 - trades.BTCXAUm - DEBUG - [SKIP] Cannot open trade: Circuit breaker: Rolling PnL of last 50 trades <= -$10 (current: $-11.59) (resumes in 2098s)
2025-12-23 22:02:04 - trades.BTCXAUm - DEBUG - [SKIP] Cannot open trade: Circuit breaker: Rolling PnL of last 50 trades <= -$10 (current: $-11.59) (resumes in 1964s)
2025-12-23 22:03:53 - trades.BTCXAUm - DEBUG - [SKIP] Cannot open trade: Circuit breaker: Rolling PnL of last 50 trades <= -$10 (current: $-11.59) (resumes in 1856s)
2025-12-23 22:06:07 - trades.BTCXAUm - DEBUG - [SKIP] Cannot open trade: Circuit breaker: Rolling PnL of last 50 trades <= -$10 (current: $-11.59) (resumes in 1722s)
2025-12-23 22:08:45 - trades.BTCXAUm - DEBUG - [SKIP] Cannot open trade: Circuit breaker: Rolling PnL of last 50 trades <= -$10 (current: $-11.59) (resumes in 1564s)
2025-12-23 22:11:21 - trades.BTCXAUm - DEBUG - [SKIP] Cannot open trade: Circuit breaker: Rolling PnL of last 50 trades <= -$10 (current: $-11.59) (resumes in 1408s)
2025-12-23 22:13:56 - trades.BTCXAUm - DEBUG - [SKIP] Cannot open trade: Circuit breaker: Rolling PnL of last 50 trades <= -$10 (current: $-11.59) (resumes in 1253s)
2025-12-23 22:16:28 - trades.BTCXAUm - DEBUG - [SKIP] Cannot open trade: Circuit breaker: Rolling PnL of last 50 trades <= -$10 (current: $-11.59) (resumes in 1101s)
2025-12-23 22:18:59 - trades.BTCXAUm - DEBUG - [SKIP] Cannot open trade: Circuit breaker: Rolling PnL of last 50 trades <= -$10 (current: $-11.59) (resumes in 950s)
2025-12-23 22:21:31 - trades.BTCXAUm - DEBUG - [SKIP] Cannot open trade: Circuit breaker: Rolling PnL of last 50 trades <= -$10 (current: $-11.59) (resumes in 797s)
2025-12-23 22:24:03 - trades.BTCXAUm - DEBUG - [SKIP] Cannot open trade: Circuit breaker: Rolling PnL of last 50 trades <= -$10 (current: $-11.59) (resumes in 646s)
2025-12-23 22:26:34 - trades.BTCXAUm - DEBUG - [SKIP] Cannot open trade: Circuit breaker: Rolling PnL of last 50 trades <= -$10 (current: $-11.59) (resumes in 495s)
2025-12-23 22:31:35 - trades.BTCXAUm - DEBUG - [SKIP] Cannot open trade: Circuit breaker: Rolling PnL of last 50 trades <= -$10 (current: $-11.59) (resumes in 194s)
2025-12-23 22:34:11 - trades.BTCXAUm - DEBUG - [SKIP] Cannot open trade: Circuit breaker: Rolling PnL of last 50 trades <= -$10 (current: $-11.59) (resumes in 38s)
2025-12-23 22:36:48 - trades.BTCXAUm - DEBUG - [SKIP] Cannot open trade: Circuit breaker: Rolling PnL of last 50 trades <= -$10 (current: $-11.59) (resumes in 3567s)
2025-12-23 22:39:18 - trades.BTCXAUm - DEBUG - [SKIP] Cannot open trade: Circuit breaker: Rolling PnL of last 50 trades <= -$10 (current: $-11.59) (resumes in 3417s)
2025-12-23 22:41:48 - trades.BTCXAUm - DEBUG - [SKIP] Cannot open trade: Circuit breaker: Rolling PnL of last 50 trades <= -$10 (current: $-11.59) (resumes in 3267s)
2025-12-23 22:44:23 - trades.BTCXAUm - DEBUG - [SKIP] Cannot open trade: Circuit breaker: Rolling PnL of last 50 trades <= -$10 (current: $-11.59) (resumes in 3113s)
2025-12-23 23:19:40 - trades.BTCXAUm - DEBUG - [SKIP] Cannot open trade: Circuit breaker: Rolling PnL of last 50 trades <= -$10 (current: $-11.59) (resumes in 996s)
2025-12-23 23:22:54 - trades.BTCXAUm - DEBUG - [SKIP] Cannot open trade: Circuit breaker: Rolling PnL of last 50 trades <= -$10 (current: $-11.59) (resumes in 801s)
2025-12-23 23:26:13 - trades.BTCXAUm - DEBUG - [SKIP] Cannot open trade: Circuit breaker: Rolling PnL of last 50 trades <= -$10 (current: $-11.59) (resumes in 602s)
2025-12-23 23:29:34 - trades.BTCXAUm - DEBUG - [SKIP] Cannot open trade: Circuit breaker: Rolling PnL of last 50 trades <= -$10 (current: $-11.59) (resumes in 401s)
2025-12-23 23:32:39 - trades.BTCXAUm - DEBUG - [SKIP] Cannot open trade: Circuit breaker: Rolling PnL of last 50 trades <= -$10 (current: $-11.59) (resumes in 216s)
2025-12-23 23:35:42 - trades.BTCXAUm - DEBUG - [SKIP] Cannot open trade: Circuit breaker: Rolling PnL of last 50 trades <= -$10 (current: $-11.59) (resumes in 33s)
2025-12-23 23:38:52 - trades.BTCXAUm - DEBUG - [SKIP] Cannot open trade: Circuit breaker: Rolling PnL of last 50 trades <= -$10 (current: $-11.59) (resumes in 3536s)
2025-12-23 23:42:00 - trades.BTCXAUm - DEBUG - [SKIP] Cannot open trade: Circuit breaker: Rolling PnL of last 50 trades <= -$10 (current: $-11.59) (resumes in 3348s)
2025-12-23 23:45:11 - trades.BTCXAUm - DEBUG - [SKIP] Cannot open trade: Circuit breaker: Rolling PnL of last 50 trades <= -$10 (current: $-11.59) (resumes in 3156s)
2025-12-23 23:48:27 - trades.BTCXAUm - DEBUG - [SKIP] Cannot open trade: Circuit breaker: Rolling PnL of last 50 trades <= -$10 (current: $-11.59) (resumes in 2961s)
2025-12-23 23:51:35 - trades.BTCXAUm - DEBUG - [SKIP] Cannot open trade: Circuit breaker: Rolling PnL of last 50 trades <= -$10 (current: $-11.59) (resumes in 2772s)
2025-12-23 23:54:40 - trades.BTCXAUm - DEBUG - [SKIP] Cannot open trade: Circuit breaker: Rolling PnL of last 50 trades <= -$10 (current: $-11.59) (resumes in 2588s)
2025-12-23 23:57:55 - trades.BTCXAUm - DEBUG - [SKIP] Cannot open trade: Circuit breaker: Rolling PnL of last 50 trades <= -$10 (current: $-11.59) (resumes in 2393s)
2025-12-24 00:00:25 - trades.BTCXAUm - DEBUG - [SKIP] Cannot open trade: Circuit breaker: Rolling PnL of last 50 trades <= -$10 (current: $-11.59) (resumes in 2243s)
2025-12-24 00:02:34 - trades.BTCXAUm - DEBUG - [SKIP] Cannot open trade: Circuit breaker: Rolling PnL of last 50 trades <= -$10 (current: $-11.59) (resumes in 2113s)
2025-12-24 00:04:43 - trades.BTCXAUm - DEBUG - [SKIP] Cannot open trade: Circuit breaker: Rolling PnL of last 50 trades <= -$10 (current: $-11.59) (resumes in 1984s)
2025-12-24 00:06:54 - trades.BTCXAUm - DEBUG - [SKIP] Cannot open trade: Circuit breaker: Rolling PnL of last 50 trades <= -$10 (current: $-11.59) (resumes in 1853s)
2025-12-24 00:09:07 - trades.BTCXAUm - DEBUG - [SKIP] Cannot open trade: Circuit breaker: Rolling PnL of last 50 trades <= -$10 (current: $-11.59) (resumes in 1721s)
2025-12-24 00:11:16 - trades.BTCXAUm - DEBUG - [SKIP] Cannot open trade: Circuit breaker: Rolling PnL of last 50 trades <= -$10 (current: $-11.59) (resumes in 1592s)
2025-12-24 00:13:30 - trades.BTCXAUm - DEBUG - [SKIP] Cannot open trade: Circuit breaker: Rolling PnL of last 50 trades <= -$10 (current: $-11.59) (resumes in 1458s)
2025-12-24 00:17:56 - trades.BTCXAUm - DEBUG - [SKIP] Cannot open trade: Circuit breaker: Rolling PnL of last 50 trades <= -$10 (current: $-11.59) (resumes in 1192s)
2025-12-24 00:20:14 - trades.BTCXAUm - DEBUG - [SKIP] Cannot open trade: Circuit breaker: Rolling PnL of last 50 trades <= -$10 (current: $-11.59) (resumes in 1054s)
2025-12-24 00:22:31 - trades.BTCXAUm - DEBUG - [SKIP] Cannot open trade: Circuit breaker: Rolling PnL of last 50 trades <= -$10 (current: $-11.59) (resumes in 917s)
2025-12-24 00:24:41 - trades.BTCXAUm - DEBUG - [SKIP] Cannot open trade: Circuit breaker: Rolling PnL of last 50 trades <= -$10 (current: $-11.59) (resumes in 787s)
2025-12-24 00:26:53 - trades.BTCXAUm - DEBUG - [SKIP] Cannot open trade: Circuit breaker: Rolling PnL of last 50 trades <= -$10 (current: $-11.59) (resumes in 655s)
2025-12-24 00:29:01 - trades.BTCXAUm - DEBUG - [SKIP] Cannot open trade: Circuit breaker: Rolling PnL of last 50 trades <= -$10 (current: $-11.59) (resumes in 526s)
2025-12-24 00:31:11 - trades.BTCXAUm - DEBUG - [SKIP] Cannot open trade: Circuit breaker: Rolling PnL of last 50 trades <= -$10 (current: $-11.59) (resumes in 396s)
2025-12-24 00:33:17 - trades.BTCXAUm - DEBUG - [SKIP] Cannot open trade: Circuit breaker: Rolling PnL of last 50 trades <= -$10 (current: $-11.59) (resumes in 270s)
2025-12-24 00:35:24 - trades.BTCXAUm - DEBUG - [SKIP] Cannot open trade: Circuit breaker: Rolling PnL of last 50 trades <= -$10 (current: $-11.59) (resumes in 143s)
2025-12-24 00:37:31 - trades.BTCXAUm - DEBUG - [SKIP] Cannot open trade: Circuit breaker: Rolling PnL of last 50 trades <= -$10 (current: $-11.59) (resumes in 17s)
2025-12-24 00:50:05 - trades.BTCXAUm - DEBUG - [SKIP] Cannot open trade: Circuit breaker: Rolling PnL of last 50 trades <= -$10 (current: $-11.59) (resumes in 2953s)
2025-12-24 00:52:13 - trades.BTCXAUm - DEBUG - [SKIP] Cannot open trade: Circuit breaker: Rolling PnL of last 50 trades <= -$10 (current: $-11.59) (resumes in 2824s)
2025-12-24 00:54:23 - trades.BTCXAUm - DEBUG - [SKIP] Cannot open trade: Circuit breaker: Rolling PnL of last 50 trades <= -$10 (current: $-11.59) (resumes in 2694s)
2025-12-24 00:56:33 - trades.BTCXAUm - DEBUG - [SKIP] Cannot open trade: Circuit breaker: Rolling PnL of last 50 trades <= -$10 (current: $-11.59) (resumes in 2565s)
2025-12-24 00:58:40 - trades.BTCXAUm - DEBUG - [SKIP] Cannot open trade: Circuit breaker: Rolling PnL of last 50 trades <= -$10 (current: $-11.59) (resumes in 2437s)
2025-12-24 01:00:48 - trades.BTCXAUm - DEBUG - [SKIP] Cannot open trade: Circuit breaker: Rolling PnL of last 50 trades <= -$10 (current: $-11.59) (resumes in 2309s)
2025-12-24 01:03:03 - trades.BTCXAUm - DEBUG - [SKIP] Cannot open trade: Circuit breaker: Rolling PnL of last 50 trades <= -$10 (current: $-11.59) (resumes in 2175s)
2025-12-24 01:05:15 - trades.BTCXAUm - DEBUG - [SKIP] Cannot open trade: Circuit breaker: Rolling PnL of last 50 trades <= -$10 (current: $-11.59) (resumes in 2042s)
2025-12-24 01:07:25 - trades.BTCXAUm - DEBUG - [SKIP] Cannot open trade: Circuit breaker: Rolling PnL of last 50 trades <= -$10 (current: $-11.59) (resumes in 1912s)
2025-12-24 01:09:35 - trades.BTCXAUm - DEBUG - [SKIP] Cannot open trade: Circuit breaker: Rolling PnL of last 50 trades <= -$10 (current: $-11.59) (resumes in 1782s)
2025-12-24 01:11:50 - trades.BTCXAUm - DEBUG - [SKIP] Cannot open trade: Circuit breaker: Rolling PnL of last 50 trades <= -$10 (current: $-11.59) (resumes in 1648s)
2025-12-24 01:14:08 - trades.BTCXAUm - DEBUG - [SKIP] Cannot open trade: Circuit breaker: Rolling PnL of last 50 trades <= -$10 (current: $-11.59) (resumes in 1509s)
2025-12-24 01:16:24 - trades.BTCXAUm - DEBUG - [SKIP] Cannot open trade: Circuit breaker: Rolling PnL of last 50 trades <= -$10 (current: $-11.59) (resumes in 1373s)
2025-12-24 01:18:41 - trades.BTCXAUm - DEBUG - [SKIP] Cannot open trade: Circuit breaker: Rolling PnL of last 50 trades <= -$10 (current: $-11.59) (resumes in 1237s)
2025-12-24 01:20:57 - trades.BTCXAUm - DEBUG - [SKIP] Cannot open trade: Circuit breaker: Rolling PnL of last 50 trades <= -$10 (current: $-11.59) (resumes in 1100s)
2025-12-24 01:23:13 - trades.BTCXAUm - DEBUG - [SKIP] Cannot open trade: Circuit breaker: Rolling PnL of last 50 trades <= -$10 (current: $-11.59) (resumes in 965s)
2025-12-24 01:25:26 - trades.BTCXAUm - DEBUG - [SKIP] Cannot open trade: Circuit breaker: Rolling PnL of last 50 trades <= -$10 (current: $-11.59) (resumes in 831s)
2025-12-24 01:27:37 - trades.BTCXAUm - DEBUG - [SKIP] Cannot open trade: Circuit breaker: Rolling PnL of last 50 trades <= -$10 (current: $-11.59) (resumes in 701s)
2025-12-24 01:29:39 - trades.BTCXAUm - DEBUG - [SKIP] Cannot open trade: Circuit breaker: Rolling PnL of last 50 trades <= -$10 (current: $-11.59) (resumes in 578s)
2025-12-24 01:31:43 - trades.BTCXAUm - DEBUG - [SKIP] Cannot open trade: Circuit breaker: Rolling PnL of last 50 trades <= -$10 (current: $-11.59) (resumes in 455s)
2025-12-24 01:33:47 - trades.BTCXAUm - DEBUG - [SKIP] Cannot open trade: Circuit breaker: Rolling PnL of last 50 trades <= -$10 (current: $-11.59) (resumes in 331s)
2025-12-24 01:35:53 - trades.BTCXAUm - DEBUG - [SKIP] Cannot open trade: Circuit breaker: Rolling PnL of last 50 trades <= -$10 (current: $-11.59) (resumes in 205s)
2025-12-24 01:38:02 - trades.BTCXAUm - DEBUG - [SKIP] Cannot open trade: Circuit breaker: Rolling PnL of last 50 trades <= -$10 (current: $-11.59) (resumes in 76s)
2025-12-24 01:40:11 - trades.BTCXAUm - DEBUG - [SKIP] Cannot open trade: Circuit breaker: Rolling PnL of last 50 trades <= -$10 (current: $-11.59) (resumes in 3574s)
2025-12-24 01:42:22 - trades.BTCXAUm - DEBUG - [SKIP] Cannot open trade: Circuit breaker: Rolling PnL of last 50 trades <= -$10 (current: $-11.59) (resumes in 3443s)
2025-12-24 01:44:29 - trades.BTCXAUm - DEBUG - [SKIP] Cannot open trade: Circuit breaker: Rolling PnL of last 50 trades <= -$10 (current: $-11.59) (resumes in 3317s)
2025-12-24 01:48:38 - trades.BTCXAUm - DEBUG - [SKIP] Cannot open trade: Circuit breaker: Rolling PnL of last 50 trades <= -$10 (current: $-11.59) (resumes in 3068s)
2025-12-24 01:50:45 - trades.BTCXAUm - DEBUG - [SKIP] Cannot open trade: Circuit breaker: Rolling PnL of last 50 trades <= -$10 (current: $-11.59) (resumes in 2940s)
2025-12-24 01:52:54 - trades.BTCXAUm - DEBUG - [SKIP] Cannot open trade: Circuit breaker: Rolling PnL of last 50 trades <= -$10 (current: $-11.59) (resumes in 2812s)
2025-12-24 01:55:07 - trades.BTCXAUm - DEBUG - [SKIP] Cannot open trade: Circuit breaker: Rolling PnL of last 50 trades <= -$10 (current: $-11.59) (resumes in 2678s)
2025-12-24 01:57:17 - trades.BTCXAUm - DEBUG - [SKIP] Cannot open trade: Circuit breaker: Rolling PnL of last 50 trades <= -$10 (current: $-11.59) (resumes in 2548s)
2025-12-24 01:59:27 - trades.BTCXAUm - DEBUG - [SKIP] Cannot open trade: Circuit breaker: Rolling PnL of last 50 trades <= -$10 (current: $-11.59) (resumes in 2419s)
2025-12-24 02:01:37 - trades.BTCXAUm - DEBUG - [SKIP] Cannot open trade: Circuit breaker: Rolling PnL of last 50 trades <= -$10 (current: $-11.59) (resumes in 2288s)
2025-12-24 02:03:52 - trades.BTCXAUm - DEBUG - [SKIP] Cannot open trade: Circuit breaker: Rolling PnL of last 50 trades <= -$10 (current: $-11.59) (resumes in 2154s)
2025-12-24 02:06:13 - trades.BTCXAUm - DEBUG - [SKIP] Cannot open trade: Circuit breaker: Rolling PnL of last 50 trades <= -$10 (current: $-11.59) (resumes in 2013s)
2025-12-24 02:08:44 - trades.BTCXAUm - DEBUG - [SKIP] Cannot open trade: Circuit breaker: Rolling PnL of last 50 trades <= -$10 (current: $-11.59) (resumes in 1861s)
2025-12-24 02:11:09 - trades.BTCXAUm - DEBUG - [SKIP] Cannot open trade: Circuit breaker: Rolling PnL of last 50 trades <= -$10 (current: $-11.59) (resumes in 1717s)
2025-12-24 02:13:42 - trades.BTCXAUm - DEBUG - [SKIP] Cannot open trade: Circuit breaker: Rolling PnL of last 50 trades <= -$10 (current: $-11.59) (resumes in 1563s)
2025-12-24 02:16:07 - trades.BTCXAUm - DEBUG - [SKIP] Cannot open trade: Circuit breaker: Rolling PnL of last 50 trades <= -$10 (current: $-11.59) (resumes in 1418s)
2025-12-24 02:18:27 - trades.BTCXAUm - DEBUG - [SKIP] Cannot open trade: Circuit breaker: Rolling PnL of last 50 trades <= -$10 (current: $-11.59) (resumes in 1278s)
2025-12-24 02:20:46 - trades.BTCXAUm - DEBUG - [SKIP] Cannot open trade: Circuit breaker: Rolling PnL of last 50 trades <= -$10 (current: $-11.59) (resumes in 1139s)
2025-12-24 02:32:27 - trades.BTCXAUm - DEBUG - [SKIP] Cannot open trade: Circuit breaker: Rolling PnL of last 50 trades <= -$10 (current: $-11.59) (resumes in 439s)
2025-12-24 02:35:04 - trades.BTCXAUm - DEBUG - [SKIP] Cannot open trade: Circuit breaker: Rolling PnL of last 50 trades <= -$10 (current: $-11.59) (resumes in 282s)
2025-12-24 02:37:41 - trades.BTCXAUm - DEBUG - [SKIP] Cannot open trade: Circuit breaker: Rolling PnL of last 50 trades <= -$10 (current: $-11.59) (resumes in 124s)
2025-12-24 02:40:21 - trades.BTCXAUm - DEBUG - [SKIP] Cannot open trade: Circuit breaker: Rolling PnL of last 50 trades <= -$10 (current: $-11.59) (resumes in 3568s)
2025-12-24 02:42:40 - trades.BTCXAUm - DEBUG - [SKIP] Cannot open trade: Circuit breaker: Rolling PnL of last 50 trades <= -$10 (current: $-11.59) (resumes in 3428s)
2025-12-24 02:44:56 - trades.BTCXAUm - DEBUG - [SKIP] Cannot open trade: Circuit breaker: Rolling PnL of last 50 trades <= -$10 (current: $-11.59) (resumes in 3292s)
2025-12-24 02:47:16 - trades.BTCXAUm - DEBUG - [SKIP] Cannot open trade: Circuit breaker: Rolling PnL of last 50 trades <= -$10 (current: $-11.59) (resumes in 3153s)
2025-12-24 02:49:32 - trades.BTCXAUm - DEBUG - [SKIP] Cannot open trade: Circuit breaker: Rolling PnL of last 50 trades <= -$10 (current: $-11.59) (resumes in 3016s)
2025-12-24 02:51:46 - trades.BTCXAUm - DEBUG - [SKIP] Cannot open trade: Circuit breaker: Rolling PnL of last 50 trades <= -$10 (current: $-11.59) (resumes in 2882s)
2025-12-24 02:53:59 - trades.BTCXAUm - DEBUG - [SKIP] Cannot open trade: Circuit breaker: Rolling PnL of last 50 trades <= -$10 (current: $-11.59) (resumes in 2749s)
2025-12-24 02:56:12 - trades.BTCXAUm - DEBUG - [SKIP] Cannot open trade: Circuit breaker: Rolling PnL of last 50 trades <= -$10 (current: $-11.59) (resumes in 2617s)
2025-12-24 02:58:29 - trades.BTCXAUm - DEBUG - [SKIP] Cannot open trade: Circuit breaker: Rolling PnL of last 50 trades <= -$10 (current: $-11.59) (resumes in 2480s)
2025-12-24 03:09:52 - trades.BTCXAUm - DEBUG - [SKIP] Cannot open trade: Circuit breaker: Rolling PnL of last 50 trades <= -$10 (current: $-11.59) (resumes in 1796s)
2025-12-24 03:12:07 - trades.BTCXAUm - DEBUG - [SKIP] Cannot open trade: Circuit breaker: Rolling PnL of last 50 trades <= -$10 (current: $-11.59) (resumes in 1662s)
2025-12-24 03:14:17 - trades.BTCXAUm - DEBUG - [SKIP] Cannot open trade: Circuit breaker: Rolling PnL of last 50 trades <= -$10 (current: $-11.59) (resumes in 1531s)
2025-12-24 03:16:29 - trades.BTCXAUm - DEBUG - [SKIP] Cannot open trade: Circuit breaker: Rolling PnL of last 50 trades <= -$10 (current: $-11.59) (resumes in 1399s)
2025-12-24 03:18:40 - trades.BTCXAUm - DEBUG - [SKIP] Cannot open trade: Circuit breaker: Rolling PnL of last 50 trades <= -$10 (current: $-11.59) (resumes in 1268s)
2025-12-24 03:20:53 - trades.BTCXAUm - DEBUG - [SKIP] Cannot open trade: Circuit breaker: Rolling PnL of last 50 trades <= -$10 (current: $-11.59) (resumes in 1136s)
2025-12-24 03:23:01 - trades.BTCXAUm - DEBUG - [SKIP] Cannot open trade: Circuit breaker: Rolling PnL of last 50 trades <= -$10 (current: $-11.59) (resumes in 1007s)
2025-12-24 03:25:08 - trades.BTCXAUm - DEBUG - [SKIP] Cannot open trade: Circuit breaker: Rolling PnL of last 50 trades <= -$10 (current: $-11.59) (resumes in 880s)
2025-12-24 03:33:45 - trades.BTCXAUm - DEBUG - [SKIP] Cannot open trade: Circuit breaker: Rolling PnL of last 50 trades <= -$10 (current: $-11.59) (resumes in 363s)
2025-12-24 03:35:54 - trades.BTCXAUm - DEBUG - [SKIP] Cannot open trade: Circuit breaker: Rolling PnL of last 50 trades <= -$10 (current: $-11.59) (resumes in 234s)
2025-12-24 03:38:04 - trades.BTCXAUm - DEBUG - [SKIP] Cannot open trade: Circuit breaker: Rolling PnL of last 50 trades <= -$10 (current: $-11.59) (resumes in 104s)
2025-12-24 03:40:15 - trades.BTCXAUm - DEBUG - [SKIP] Cannot open trade: Circuit breaker: Rolling PnL of last 50 trades <= -$10 (current: $-11.59) (resumes in 3576s)
2025-12-24 03:42:21 - trades.BTCXAUm - DEBUG - [SKIP] Cannot open trade: Circuit breaker: Rolling PnL of last 50 trades <= -$10 (current: $-11.59) (resumes in 3450s)
2025-12-24 03:44:28 - trades.BTCXAUm - DEBUG - [SKIP] Cannot open trade: Circuit breaker: Rolling PnL of last 50 trades <= -$10 (current: $-11.59) (resumes in 3323s)
2025-12-24 03:46:34 - trades.BTCXAUm - DEBUG - [SKIP] Cannot open trade: Circuit breaker: Rolling PnL of last 50 trades <= -$10 (current: $-11.59) (resumes in 3196s)
2025-12-24 03:48:46 - trades.BTCXAUm - DEBUG - [SKIP] Cannot open trade: Circuit breaker: Rolling PnL of last 50 trades <= -$10 (current: $-11.59) (resumes in 3065s)
2025-12-24 03:50:54 - trades.BTCXAUm - DEBUG - [SKIP] Cannot open trade: Circuit breaker: Rolling PnL of last 50 trades <= -$10 (current: $-11.59) (resumes in 2937s)
2025-12-24 03:52:59 - trades.BTCXAUm - DEBUG - [SKIP] Cannot open trade: Circuit breaker: Rolling PnL of last 50 trades <= -$10 (current: $-11.59) (resumes in 2812s)
2025-12-24 03:55:06 - trades.BTCXAUm - DEBUG - [SKIP] Cannot open trade: Circuit breaker: Rolling PnL of last 50 trades <= -$10 (current: $-11.59) (resumes in 2684s)
2025-12-24 03:57:13 - trades.BTCXAUm - DEBUG - [SKIP] Cannot open trade: Circuit breaker: Rolling PnL of last 50 trades <= -$10 (current: $-11.59) (resumes in 2558s)
2025-12-24 03:59:19 - trades.BTCXAUm - DEBUG - [SKIP] Cannot open trade: Circuit breaker: Rolling PnL of last 50 trades <= -$10 (current: $-11.59) (resumes in 2432s)
2025-12-24 04:01:24 - trades.BTCXAUm - DEBUG - [SKIP] Cannot open trade: Circuit breaker: Rolling PnL of last 50 trades <= -$10 (current: $-11.59) (resumes in 2307s)
2025-12-24 04:05:40 - trades.BTCXAUm - DEBUG - [SKIP] Cannot open trade: Circuit breaker: Rolling PnL of last 50 trades <= -$10 (current: $-11.59) (resumes in 2051s)
2025-12-24 04:07:48 - trades.BTCXAUm - DEBUG - [SKIP] Cannot open trade: Circuit breaker: Rolling PnL of last 50 trades <= -$10 (current: $-11.59) (resumes in 1923s)
2025-12-24 04:12:12 - trades.BTCXAUm - DEBUG - [SKIP] Cannot open trade: Circuit breaker: Rolling PnL of last 50 trades <= -$10 (current: $-11.59) (resumes in 1659s)
2025-12-24 04:14:22 - trades.BTCXAUm - DEBUG - [SKIP] Cannot open trade: Circuit breaker: Rolling PnL of last 50 trades <= -$10 (current: $-11.59) (resumes in 1529s)
2025-12-24 04:16:34 - trades.BTCXAUm - DEBUG - [SKIP] Cannot open trade: Circuit breaker: Rolling PnL of last 50 trades <= -$10 (current: $-11.59) (resumes in 1396s)
2025-12-24 04:18:47 - trades.BTCXAUm - DEBUG - [SKIP] Cannot open trade: Circuit breaker: Rolling PnL of last 50 trades <= -$10 (current: $-11.59) (resumes in 1264s)
2025-12-24 04:21:01 - trades.BTCXAUm - DEBUG - [SKIP] Cannot open trade: Circuit breaker: Rolling PnL of last 50 trades <= -$10 (current: $-11.59) (resumes in 1130s)
2025-12-24 04:23:15 - trades.BTCXAUm - DEBUG - [SKIP] Cannot open trade: Circuit breaker: Rolling PnL of last 50 trades <= -$10 (current: $-11.59) (resumes in 996s)
2025-12-24 04:27:35 - trades.BTCXAUm - DEBUG - [SKIP] Cannot open trade: Circuit breaker: Rolling PnL of last 50 trades <= -$10 (current: $-11.59) (resumes in 735s)
2025-12-24 04:29:43 - trades.BTCXAUm - DEBUG - [SKIP] Cannot open trade: Circuit breaker: Rolling PnL of last 50 trades <= -$10 (current: $-11.59) (resumes in 608s)
2025-12-24 04:31:49 - trades.BTCXAUm - DEBUG - [SKIP] Cannot open trade: Circuit breaker: Rolling PnL of last 50 trades <= -$10 (current: $-11.59) (resumes in 482s)
2025-12-24 04:33:55 - trades.BTCXAUm - DEBUG - [SKIP] Cannot open trade: Circuit breaker: Rolling PnL of last 50 trades <= -$10 (current: $-11.59) (resumes in 356s)
2025-12-24 04:36:05 - trades.BTCXAUm - DEBUG - [SKIP] Cannot open trade: Circuit breaker: Rolling PnL of last 50 trades <= -$10 (current: $-11.59) (resumes in 226s)
2025-12-24 04:38:22 - trades.BTCXAUm - DEBUG - [SKIP] Cannot open trade: Circuit breaker: Rolling PnL of last 50 trades <= -$10 (current: $-11.59) (resumes in 89s)
2025-12-24 04:40:31 - trades.BTCXAUm - DEBUG - [SKIP] Cannot open trade: Circuit breaker: Rolling PnL of last 50 trades <= -$10 (current: $-11.59) (resumes in 3578s)
2025-12-24 04:42:39 - trades.BTCXAUm - DEBUG - [SKIP] Cannot open trade: Circuit breaker: Rolling PnL of last 50 trades <= -$10 (current: $-11.59) (resumes in 3450s)
2025-12-24 04:44:46 - trades.BTCXAUm - DEBUG - [SKIP] Cannot open trade: Circuit breaker: Rolling PnL of last 50 trades <= -$10 (current: $-11.59) (resumes in 3322s)
2025-12-24 04:46:52 - trades.BTCXAUm - DEBUG - [SKIP] Cannot open trade: Circuit breaker: Rolling PnL of last 50 trades <= -$10 (current: $-11.59) (resumes in 3196s)
2025-12-24 04:48:58 - trades.BTCXAUm - DEBUG - [SKIP] Cannot open trade: Circuit breaker: Rolling PnL of last 50 trades <= -$10 (current: $-11.59) (resumes in 3070s)
2025-12-24 04:51:05 - trades.BTCXAUm - DEBUG - [SKIP] Cannot open trade: Circuit breaker: Rolling PnL of last 50 trades <= -$10 (current: $-11.59) (resumes in 2944s)
2025-12-24 04:53:12 - trades.BTCXAUm - DEBUG - [SKIP] Cannot open trade: Circuit breaker: Rolling PnL of last 50 trades <= -$10 (current: $-11.59) (resumes in 2817s)
2025-12-24 04:55:19 - trades.BTCXAUm - DEBUG - [SKIP] Cannot open trade: Circuit breaker: Rolling PnL of last 50 trades <= -$10 (current: $-11.59) (resumes in 2689s)
2025-12-24 04:57:27 - trades.BTCXAUm - DEBUG - [SKIP] Cannot open trade: Circuit breaker: Rolling PnL of last 50 trades <= -$10 (current: $-11.59) (resumes in 2561s)
2025-12-24 04:59:35 - trades.BTCXAUm - DEBUG - [SKIP] Cannot open trade: Circuit breaker: Rolling PnL of last 50 trades <= -$10 (current: $-11.59) (resumes in 2433s)
2025-12-24 05:01:45 - trades.BTCXAUm - DEBUG - [SKIP] Cannot open trade: Circuit breaker: Rolling PnL of last 50 trades <= -$10 (current: $-11.59) (resumes in 2303s)
2025-12-24 05:04:09 - trades.BTCXAUm - DEBUG - [SKIP] Cannot open trade: Circuit breaker: Rolling PnL of last 50 trades <= -$10 (current: $-11.59) (resumes in 2159s)
2025-12-24 05:06:18 - trades.BTCXAUm - DEBUG - [SKIP] Cannot open trade: Circuit breaker: Rolling PnL of last 50 trades <= -$10 (current: $-11.59) (resumes in 2030s)
2025-12-24 05:08:24 - trades.BTCXAUm - DEBUG - [SKIP] Cannot open trade: Circuit breaker: Rolling PnL of last 50 trades <= -$10 (current: $-11.59) (resumes in 1904s)
2025-12-24 05:10:27 - trades.BTCXAUm - DEBUG - [SKIP] Cannot open trade: Circuit breaker: Rolling PnL of last 50 trades <= -$10 (current: $-11.59) (resumes in 1781s)
2025-12-24 05:12:28 - trades.BTCXAUm - DEBUG - [SKIP] Cannot open trade: Circuit breaker: Rolling PnL of last 50 trades <= -$10 (current: $-11.59) (resumes in 1661s)
2025-12-24 05:24:43 - trades.BTCXAUm - DEBUG - [SKIP] Cannot open trade: Circuit breaker: Rolling PnL of last 50 trades <= -$10 (current: $-11.59) (resumes in 926s)
2025-12-24 05:26:45 - trades.BTCXAUm - DEBUG - [SKIP] Cannot open trade: Circuit breaker: Rolling PnL of last 50 trades <= -$10 (current: $-11.59) (resumes in 804s)
2025-12-24 05:28:45 - trades.BTCXAUm - DEBUG - [SKIP] Cannot open trade: Circuit breaker: Rolling PnL of last 50 trades <= -$10 (current: $-11.59) (resumes in 683s)
2025-12-24 05:30:48 - trades.BTCXAUm - DEBUG - [SKIP] Cannot open trade: Circuit breaker: Rolling PnL of last 50 trades <= -$10 (current: $-11.59) (resumes in 560s)
2025-12-24 05:32:50 - trades.BTCXAUm - DEBUG - [SKIP] Cannot open trade: Circuit breaker: Rolling PnL of last 50 trades <= -$10 (current: $-11.59) (resumes in 438s)
2025-12-24 05:34:55 - trades.BTCXAUm - DEBUG - [SKIP] Cannot open trade: Circuit breaker: Rolling PnL of last 50 trades <= -$10 (current: $-11.59) (resumes in 313s)
2025-12-24 05:36:59 - trades.BTCXAUm - DEBUG - [SKIP] Cannot open trade: Circuit breaker: Rolling PnL of last 50 trades <= -$10 (current: $-11.59) (resumes in 189s)
2025-12-24 05:39:04 - trades.BTCXAUm - DEBUG - [SKIP] Cannot open trade: Circuit breaker: Rolling PnL of last 50 trades <= -$10 (current: $-11.59) (resumes in 64s)
2025-12-24 05:41:09 - trades.BTCXAUm - DEBUG - [SKIP] Cannot open trade: Circuit breaker: Rolling PnL of last 50 trades <= -$10 (current: $-11.59) (resumes in 3578s)
2025-12-24 05:43:16 - trades.BTCXAUm - DEBUG - [SKIP] Cannot open trade: Circuit breaker: Rolling PnL of last 50 trades <= -$10 (current: $-11.59) (resumes in 3451s)
2025-12-24 05:45:24 - trades.BTCXAUm - DEBUG - [SKIP] Cannot open trade: Circuit breaker: Rolling PnL of last 50 trades <= -$10 (current: $-11.59) (resumes in 3323s)
2025-12-24 05:47:30 - trades.BTCXAUm - DEBUG - [SKIP] Cannot open trade: Circuit breaker: Rolling PnL of last 50 trades <= -$10 (current: $-11.59) (resumes in 3197s)
2025-12-24 05:49:34 - trades.BTCXAUm - DEBUG - [SKIP] Cannot open trade: Circuit breaker: Rolling PnL of last 50 trades <= -$10 (current: $-11.59) (resumes in 3073s)
2025-12-24 05:52:24 - trades.BTCXAUm - DEBUG - [SKIP] Cannot open trade: Circuit breaker: Rolling PnL of last 50 trades <= -$10 (current: $-11.59) (resumes in 2903s)
2025-12-24 05:55:39 - trades.BTCXAUm - DEBUG - [SKIP] Cannot open trade: Circuit breaker: Rolling PnL of last 50 trades <= -$10 (current: $-11.59) (resumes in 2708s)
2025-12-24 05:58:37 - trades.BTCXAUm - DEBUG - [SKIP] Cannot open trade: Circuit breaker: Rolling PnL of last 50 trades <= -$10 (current: $-11.59) (resumes in 2530s)
2025-12-24 06:01:42 - trades.BTCXAUm - DEBUG - [SKIP] Cannot open trade: Circuit breaker: Rolling PnL of last 50 trades <= -$10 (current: $-11.59) (resumes in 2345s)
2025-12-24 06:04:49 - trades.BTCXAUm - DEBUG - [SKIP] Cannot open trade: Circuit breaker: Rolling PnL of last 50 trades <= -$10 (current: $-11.59) (resumes in 2159s)
2025-12-24 06:07:47 - trades.BTCXAUm - DEBUG - [SKIP] Cannot open trade: Circuit breaker: Rolling PnL of last 50 trades <= -$10 (current: $-11.59) (resumes in 1980s)
2025-12-24 06:10:53 - trades.BTCXAUm - DEBUG - [SKIP] Cannot open trade: Circuit breaker: Rolling PnL of last 50 trades <= -$10 (current: $-11.59) (resumes in 1794s)
2025-12-24 06:20:00 - trades.BTCXAUm - DEBUG - [SKIP] Cannot open trade: Circuit breaker: Rolling PnL of last 50 trades <= -$10 (current: $-11.59) (resumes in 1247s)
2025-12-24 06:22:51 - trades.BTCXAUm - DEBUG - [SKIP] Cannot open trade: Circuit breaker: Rolling PnL of last 50 trades <= -$10 (current: $-11.59) (resumes in 1076s)
2025-12-24 06:25:45 - trades.BTCXAUm - DEBUG - [SKIP] Cannot open trade: Circuit breaker: Rolling PnL of last 50 trades <= -$10 (current: $-11.59) (resumes in 902s)
2025-12-24 06:34:41 - trades.BTCXAUm - DEBUG - [SKIP] Cannot open trade: Circuit breaker: Rolling PnL of last 50 trades <= -$10 (current: $-11.59) (resumes in 366s)
2025-12-24 06:37:37 - trades.BTCXAUm - DEBUG - [SKIP] Cannot open trade: Circuit breaker: Rolling PnL of last 50 trades <= -$10 (current: $-11.59) (resumes in 191s)
2025-12-24 06:40:34 - trades.BTCXAUm - DEBUG - [SKIP] Cannot open trade: Circuit breaker: Rolling PnL of last 50 trades <= -$10 (current: $-11.59) (resumes in 13s)
2025-12-24 06:43:37 - trades.BTCXAUm - DEBUG - [SKIP] Cannot open trade: Circuit breaker: Rolling PnL of last 50 trades <= -$10 (current: $-11.59) (resumes in 3437s)
2025-12-24 06:46:40 - trades.BTCXAUm - DEBUG - [SKIP] Cannot open trade: Circuit breaker: Rolling PnL of last 50 trades <= -$10 (current: $-11.59) (resumes in 3253s)
2025-12-24 06:49:39 - trades.BTCXAUm - DEBUG - [SKIP] Cannot open trade: Circuit breaker: Rolling PnL of last 50 trades <= -$10 (current: $-11.59) (resumes in 3074s)
2025-12-24 06:52:27 - trades.BTCXAUm - DEBUG - [SKIP] Cannot open trade: Circuit breaker: Rolling PnL of last 50 trades <= -$10 (current: $-11.59) (resumes in 2906s)
2025-12-24 06:55:26 - trades.BTCXAUm - DEBUG - [SKIP] Cannot open trade: Circuit breaker: Rolling PnL of last 50 trades <= -$10 (current: $-11.59) (resumes in 2727s)
2025-12-24 06:58:20 - trades.BTCXAUm - DEBUG - [SKIP] Cannot open trade: Circuit breaker: Rolling PnL of last 50 trades <= -$10 (current: $-11.59) (resumes in 2553s)
2025-12-24 07:01:26 - trades.BTCXAUm - DEBUG - [SKIP] Cannot open trade: Circuit breaker: Rolling PnL of last 50 trades <= -$10 (current: $-11.59) (resumes in 2368s)
2025-12-24 07:04:29 - trades.BTCXAUm - DEBUG - [SKIP] Cannot open trade: Circuit breaker: Rolling PnL of last 50 trades <= -$10 (current: $-11.59) (resumes in 2184s)
2025-12-24 07:13:32 - trades.BTCXAUm - DEBUG - [SKIP] Cannot open trade: Circuit breaker: Rolling PnL of last 50 trades <= -$10 (current: $-11.59) (resumes in 1641s)
2025-12-24 07:16:38 - trades.BTCXAUm - DEBUG - [SKIP] Cannot open trade: Circuit breaker: Rolling PnL of last 50 trades <= -$10 (current: $-11.59) (resumes in 1455s)
2025-12-24 07:19:47 - trades.BTCXAUm - DEBUG - [SKIP] Cannot open trade: Circuit breaker: Rolling PnL of last 50 trades <= -$10 (current: $-11.59) (resumes in 1266s)
2025-12-24 07:22:56 - trades.BTCXAUm - DEBUG - [SKIP] Cannot open trade: Circuit breaker: Rolling PnL of last 50 trades <= -$10 (current: $-11.59) (resumes in 1077s)
2025-12-24 08:07:59 - trades.BTCXAUm - DEBUG - [SKIP] Cannot open trade: Circuit breaker: Rolling PnL of last 50 trades <= -$10 (current: $-11.59) (resumes in 1982s)
2025-12-24 08:11:03 - trades.BTCXAUm - DEBUG - [SKIP] Cannot open trade: Circuit breaker: Rolling PnL of last 50 trades <= -$10 (current: $-11.59) (resumes in 1797s)
2025-12-24 08:14:06 - trades.BTCXAUm - DEBUG - [SKIP] Cannot open trade: Circuit breaker: Rolling PnL of last 50 trades <= -$10 (current: $-11.59) (resumes in 1615s)
2025-12-24 08:17:13 - trades.BTCXAUm - DEBUG - [SKIP] Cannot open trade: Circuit breaker: Rolling PnL of last 50 trades <= -$10 (current: $-11.59) (resumes in 1428s)
2025-12-24 08:30:09 - trades.BTCXAUm - DEBUG - [SKIP] Cannot open trade: Circuit breaker: Rolling PnL of last 50 trades <= -$10 (current: $-11.59) (resumes in 652s)
2025-12-24 08:33:16 - trades.BTCXAUm - DEBUG - [SKIP] Cannot open trade: Circuit breaker: Rolling PnL of last 50 trades <= -$10 (current: $-11.59) (resumes in 465s)
2025-12-24 08:36:28 - trades.BTCXAUm - DEBUG - [SKIP] Cannot open trade: Circuit breaker: Rolling PnL of last 50 trades <= -$10 (current: $-11.59) (resumes in 273s)
2025-12-24 08:39:42 - trades.BTCXAUm - DEBUG - [SKIP] Cannot open trade: Circuit breaker: Rolling PnL of last 50 trades <= -$10 (current: $-11.59) (resumes in 79s)
2025-12-24 08:43:02 - trades.BTCXAUm - DEBUG - [SKIP] Cannot open trade: Circuit breaker: Rolling PnL of last 50 trades <= -$10 (current: $-11.59) (resumes in 3535s)
2025-12-24 08:46:19 - trades.BTCXAUm - DEBUG - [SKIP] Cannot open trade: Circuit breaker: Rolling PnL of last 50 trades <= -$10 (current: $-11.59) (resumes in 3339s)
2025-12-24 08:49:36 - trades.BTCXAUm - DEBUG - [SKIP] Cannot open trade: Circuit breaker: Rolling PnL of last 50 trades <= -$10 (current: $-11.59) (resumes in 3142s)
2025-12-24 08:52:48 - trades.BTCXAUm - DEBUG - [SKIP] Cannot open trade: Circuit breaker: Rolling PnL of last 50 trades <= -$10 (current: $-11.59) (resumes in 2950s)
2025-12-24 08:56:04 - trades.BTCXAUm - DEBUG - [SKIP] Cannot open trade: Circuit breaker: Rolling PnL of last 50 trades <= -$10 (current: $-11.59) (resumes in 2754s)
2025-12-24 08:59:10 - trades.BTCXAUm - DEBUG - [SKIP] Cannot open trade: Circuit breaker: Rolling PnL of last 50 trades <= -$10 (current: $-11.59) (resumes in 2568s)
2025-12-24 09:02:14 - trades.BTCXAUm - DEBUG - [SKIP] Cannot open trade: Circuit breaker: Rolling PnL of last 50 trades <= -$10 (current: $-11.59) (resumes in 2384s)
2025-12-24 09:05:19 - trades.BTCXAUm - DEBUG - [SKIP] Cannot open trade: Circuit breaker: Rolling PnL of last 50 trades <= -$10 (current: $-11.59) (resumes in 2198s)
2025-12-24 09:14:43 - trades.BTCXAUm - DEBUG - [SKIP] Cannot open trade: Circuit breaker: Rolling PnL of last 50 trades <= -$10 (current: $-11.59) (resumes in 1634s)
2025-12-24 09:18:03 - trades.BTCXAUm - DEBUG - [SKIP] Cannot open trade: Circuit breaker: Rolling PnL of last 50 trades <= -$10 (current: $-11.59) (resumes in 1435s)
2025-12-24 09:21:27 - trades.BTCXAUm - DEBUG - [SKIP] Cannot open trade: Circuit breaker: Rolling PnL of last 50 trades <= -$10 (current: $-11.59) (resumes in 1231s)
2025-12-24 09:24:48 - trades.BTCXAUm - DEBUG - [SKIP] Cannot open trade: Circuit breaker: Rolling PnL of last 50 trades <= -$10 (current: $-11.59) (resumes in 1029s)
2025-12-24 09:28:01 - trades.BTCXAUm - DEBUG - [SKIP] Cannot open trade: Circuit breaker: Rolling PnL of last 50 trades <= -$10 (current: $-11.59) (resumes in 837s)
2025-12-24 09:31:17 - trades.BTCXAUm - DEBUG - [SKIP] Cannot open trade: Circuit breaker: Rolling PnL of last 50 trades <= -$10 (current: $-11.59) (resumes in 641s)
2025-12-24 09:34:30 - trades.BTCXAUm - DEBUG - [SKIP] Cannot open trade: Circuit breaker: Rolling PnL of last 50 trades <= -$10 (current: $-11.59) (resumes in 448s)
2025-12-24 09:37:43 - trades.BTCXAUm - DEBUG - [SKIP] Cannot open trade: Circuit breaker: Rolling PnL of last 50 trades <= -$10 (current: $-11.59) (resumes in 254s)
2025-12-24 09:40:56 - trades.BTCXAUm - DEBUG - [SKIP] Cannot open trade: Circuit breaker: Rolling PnL of last 50 trades <= -$10 (current: $-11.59) (resumes in 62s)
2025-12-24 09:44:18 - trades.BTCXAUm - DEBUG - [SKIP] Cannot open trade: Circuit breaker: Rolling PnL of last 50 trades <= -$10 (current: $-11.59) (resumes in 3534s)
2025-12-24 09:47:38 - trades.BTCXAUm - DEBUG - [SKIP] Cannot open trade: Circuit breaker: Rolling PnL of last 50 trades <= -$10 (current: $-11.59) (resumes in 3335s)
2025-12-24 09:50:55 - trades.BTCXAUm - DEBUG - [SKIP] Cannot open trade: Circuit breaker: Rolling PnL of last 50 trades <= -$10 (current: $-11.59) (resumes in 3138s)
2025-12-24 09:54:21 - trades.BTCXAUm - DEBUG - [SKIP] Cannot open trade: Circuit breaker: Rolling PnL of last 50 trades <= -$10 (current: $-11.59) (resumes in 2932s)
2025-12-24 09:57:46 - trades.BTCXAUm - DEBUG - [SKIP] Cannot open trade: Circuit breaker: Rolling PnL of last 50 trades <= -$10 (current: $-11.59) (resumes in 2727s)
2025-12-24 10:18:32 - trades.BTCXAUm - DEBUG - [SKIP] Cannot open trade: Circuit breaker: Rolling PnL of last 50 trades <= -$10 (current: $-11.59) (resumes in 1480s)
2025-12-24 10:21:44 - trades.BTCXAUm - DEBUG - [SKIP] Cannot open trade: Circuit breaker: Rolling PnL of last 50 trades <= -$10 (current: $-11.59) (resumes in 1289s)
2025-12-24 10:25:00 - trades.BTCXAUm - DEBUG - [SKIP] Cannot open trade: Circuit breaker: Rolling PnL of last 50 trades <= -$10 (current: $-11.59) (resumes in 1092s)
2025-12-24 10:28:15 - trades.BTCXAUm - DEBUG - [SKIP] Cannot open trade: Circuit breaker: Rolling PnL of last 50 trades <= -$10 (current: $-11.59) (resumes in 897s)
2025-12-24 10:31:26 - trades.BTCXAUm - DEBUG - [SKIP] Cannot open trade: Circuit breaker: Rolling PnL of last 50 trades <= -$10 (current: $-11.59) (resumes in 707s)
2025-12-24 10:34:42 - trades.BTCXAUm - DEBUG - [SKIP] Cannot open trade: Circuit breaker: Rolling PnL of last 50 trades <= -$10 (current: $-11.59) (resumes in 511s)
2025-12-24 10:37:49 - trades.BTCXAUm - DEBUG - [SKIP] Cannot open trade: Circuit breaker: Rolling PnL of last 50 trades <= -$10 (current: $-11.59) (resumes in 324s)
2025-12-24 10:41:03 - trades.BTCXAUm - DEBUG - [SKIP] Cannot open trade: Circuit breaker: Rolling PnL of last 50 trades <= -$10 (current: $-11.59) (resumes in 130s)
2025-12-24 10:44:13 - trades.BTCXAUm - DEBUG - [SKIP] Cannot open trade: Circuit breaker: Rolling PnL of last 50 trades <= -$10 (current: $-11.59) (resumes in 3544s)
2025-12-24 10:47:28 - trades.BTCXAUm - DEBUG - [SKIP] Cannot open trade: Circuit breaker: Rolling PnL of last 50 trades <= -$10 (current: $-11.59) (resumes in 3349s)
2025-12-24 10:50:33 - trades.BTCXAUm - DEBUG - [SKIP] Cannot open trade: Circuit breaker: Rolling PnL of last 50 trades <= -$10 (current: $-11.59) (resumes in 3164s)
2025-12-24 10:53:33 - trades.BTCXAUm - DEBUG - [SKIP] Cannot open trade: Circuit breaker: Rolling PnL of last 50 trades <= -$10 (current: $-11.59) (resumes in 2984s)
2025-12-24 10:57:07 - trades.BTCXAUm - DEBUG - [SKIP] Cannot open trade: Circuit breaker: Rolling PnL of last 50 trades <= -$10 (current: $-11.59) (resumes in 2770s)
2025-12-24 11:00:55 - trades.BTCXAUm - DEBUG - [SKIP] Cannot open trade: Circuit breaker: Rolling PnL of last 50 trades <= -$10 (current: $-11.59) (resumes in 2542s)
2025-12-24 11:04:33 - trades.BTCXAUm - DEBUG - [SKIP] Cannot open trade: Circuit breaker: Rolling PnL of last 50 trades <= -$10 (current: $-11.59) (resumes in 2324s)
2025-12-24 11:12:46 - trades.BTCXAUm - DEBUG - [SKIP] Cannot open trade: Circuit breaker: Rolling PnL of last 50 trades <= -$10 (current: $-11.59) (resumes in 1831s)
2025-12-24 11:16:46 - trades.BTCXAUm - DEBUG - [SKIP] Cannot open trade: Circuit breaker: Rolling PnL of last 50 trades <= -$10 (current: $-11.59) (resumes in 1591s)
2025-12-24 11:20:28 - trades.BTCXAUm - DEBUG - [SKIP] Cannot open trade: Circuit breaker: Rolling PnL of last 50 trades <= -$10 (current: $-11.59) (resumes in 1369s)
2025-12-24 11:23:51 - trades.BTCXAUm - DEBUG - [SKIP] Cannot open trade: Circuit breaker: Rolling PnL of last 50 trades <= -$10 (current: $-11.59) (resumes in 1166s)
2025-12-24 11:27:10 - trades.BTCXAUm - DEBUG - [SKIP] Cannot open trade: Circuit breaker: Rolling PnL of last 50 trades <= -$10 (current: $-11.59) (resumes in 967s)
2025-12-24 11:30:29 - trades.BTCXAUm - DEBUG - [SKIP] Cannot open trade: Circuit breaker: Rolling PnL of last 50 trades <= -$10 (current: $-11.59) (resumes in 768s)
2025-12-24 11:33:52 - trades.BTCXAUm - DEBUG - [SKIP] Cannot open trade: Circuit breaker: Rolling PnL of last 50 trades <= -$10 (current: $-11.59) (resumes in 564s)
2025-12-24 11:47:14 - trades.BTCXAUm - DEBUG - [SKIP] Cannot open trade: Circuit breaker: Rolling PnL of last 50 trades <= -$10 (current: $-11.59) (resumes in 3367s)
2025-12-24 11:50:39 - trades.BTCXAUm - DEBUG - [SKIP] Cannot open trade: Circuit breaker: Rolling PnL of last 50 trades <= -$10 (current: $-11.59) (resumes in 3162s)
2025-12-24 11:53:57 - trades.BTCXAUm - DEBUG - [SKIP] Cannot open trade: Circuit breaker: Rolling PnL of last 50 trades <= -$10 (current: $-11.59) (resumes in 2964s)
2025-12-24 11:57:24 - trades.BTCXAUm - DEBUG - [SKIP] Cannot open trade: Circuit breaker: Rolling PnL of last 50 trades <= -$10 (current: $-11.59) (resumes in 2757s)
2025-12-24 12:00:43 - trades.BTCXAUm - DEBUG - [SKIP] Cannot open trade: Circuit breaker: Rolling PnL of last 50 trades <= -$10 (current: $-11.59) (resumes in 2558s)
2025-12-24 12:03:55 - trades.BTCXAUm - DEBUG - [SKIP] Cannot open trade: Circuit breaker: Rolling PnL of last 50 trades <= -$10 (current: $-11.59) (resumes in 2366s)
2025-12-24 12:13:02 - trades.BTCXAUm - DEBUG - [SKIP] Cannot open trade: Circuit breaker: Rolling PnL of last 50 trades <= -$10 (current: $-11.59) (resumes in 1819s)
2025-12-24 12:16:12 - trades.BTCXAUm - DEBUG - [SKIP] Cannot open trade: Circuit breaker: Rolling PnL of last 50 trades <= -$10 (current: $-11.59) (resumes in 1629s)
2025-12-24 12:19:21 - trades.BTCXAUm - DEBUG - [SKIP] Cannot open trade: Circuit breaker: Rolling PnL of last 50 trades <= -$10 (current: $-11.59) (resumes in 1440s)
2025-12-24 12:22:23 - trades.BTCXAUm - DEBUG - [SKIP] Cannot open trade: Circuit breaker: Rolling PnL of last 50 trades <= -$10 (current: $-11.59) (resumes in 1258s)
2025-12-24 12:25:32 - trades.BTCXAUm - DEBUG - [SKIP] Cannot open trade: Circuit breaker: Rolling PnL of last 50 trades <= -$10 (current: $-11.59) (resumes in 1069s)
2025-12-24 12:28:38 - trades.BTCXAUm - DEBUG - [SKIP] Cannot open trade: Circuit breaker: Rolling PnL of last 50 trades <= -$10 (current: $-11.59) (resumes in 883s)
2025-12-24 12:31:54 - trades.BTCXAUm - DEBUG - [SKIP] Cannot open trade: Circuit breaker: Rolling PnL of last 50 trades <= -$10 (current: $-11.59) (resumes in 687s)
2025-12-24 12:38:25 - trades.BTCXAUm - DEBUG - [SKIP] Cannot open trade: Circuit breaker: Rolling PnL of last 50 trades <= -$10 (current: $-11.59) (resumes in 296s)
2025-12-24 12:44:44 - trades.BTCXAUm - DEBUG - [SKIP] Cannot open trade: Circuit breaker: Rolling PnL of last 50 trades <= -$10 (current: $-11.59) (resumes in 3546s)
2025-12-24 12:47:56 - trades.BTCXAUm - DEBUG - [SKIP] Cannot open trade: Circuit breaker: Rolling PnL of last 50 trades <= -$10 (current: $-11.59) (resumes in 3354s)
2025-12-24 12:51:08 - trades.BTCXAUm - DEBUG - [SKIP] Cannot open trade: Circuit breaker: Rolling PnL of last 50 trades <= -$10 (current: $-11.59) (resumes in 3162s)
2025-12-24 12:54:24 - trades.BTCXAUm - DEBUG - [SKIP] Cannot open trade: Circuit breaker: Rolling PnL of last 50 trades <= -$10 (current: $-11.59) (resumes in 2966s)
2025-12-24 12:57:39 - trades.BTCXAUm - DEBUG - [SKIP] Cannot open trade: Circuit breaker: Rolling PnL of last 50 trades <= -$10 (current: $-11.59) (resumes in 2771s)
2025-12-24 13:01:01 - trades.BTCXAUm - DEBUG - [SKIP] Cannot open trade: Circuit breaker: Rolling PnL of last 50 trades <= -$10 (current: $-11.59) (resumes in 2570s)
2025-12-24 13:04:08 - trades.BTCXAUm - DEBUG - [SKIP] Cannot open trade: Circuit breaker: Rolling PnL of last 50 trades <= -$10 (current: $-11.59) (resumes in 2383s)
2025-12-24 13:07:16 - trades.BTCXAUm - DEBUG - [SKIP] Cannot open trade: Circuit breaker: Rolling PnL of last 50 trades <= -$10 (current: $-11.59) (resumes in 2194s)
2025-12-24 13:10:30 - trades.BTCXAUm - DEBUG - [SKIP] Cannot open trade: Circuit breaker: Rolling PnL of last 50 trades <= -$10 (current: $-11.59) (resumes in 2000s)
2025-12-24 13:13:47 - trades.BTCXAUm - DEBUG - [SKIP] Cannot open trade: Circuit breaker: Rolling PnL of last 50 trades <= -$10 (current: $-11.59) (resumes in 1803s)
2025-12-24 13:17:01 - trades.BTCXAUm - DEBUG - [SKIP] Cannot open trade: Circuit breaker: Rolling PnL of last 50 trades <= -$10 (current: $-11.59) (resumes in 1609s)
2025-12-24 13:20:17 - trades.BTCXAUm - DEBUG - [SKIP] Cannot open trade: Circuit breaker: Rolling PnL of last 50 trades <= -$10 (current: $-11.59) (resumes in 1414s)
2025-12-24 13:26:46 - trades.BTCXAUm - DEBUG - [SKIP] Cannot open trade: Circuit breaker: Rolling PnL of last 50 trades <= -$10 (current: $-11.59) (resumes in 1024s)
2025-12-24 13:29:52 - trades.BTCXAUm - DEBUG - [SKIP] Cannot open trade: Circuit breaker: Rolling PnL of last 50 trades <= -$10 (current: $-11.59) (resumes in 838s)
2025-12-24 13:32:57 - trades.BTCXAUm - DEBUG - [SKIP] Cannot open trade: Circuit breaker: Rolling PnL of last 50 trades <= -$10 (current: $-11.59) (resumes in 653s)
2025-12-24 13:36:07 - trades.BTCXAUm - DEBUG - [SKIP] Cannot open trade: Circuit breaker: Rolling PnL of last 50 trades <= -$10 (current: $-11.59) (resumes in 463s)
2025-12-24 13:39:12 - trades.BTCXAUm - DEBUG - [SKIP] Cannot open trade: Circuit breaker: Rolling PnL of last 50 trades <= -$10 (current: $-11.59) (resumes in 278s)
2025-12-24 13:42:25 - trades.BTCXAUm - DEBUG - [SKIP] Cannot open trade: Circuit breaker: Rolling PnL of last 50 trades <= -$10 (current: $-11.59) (resumes in 86s)
2025-12-24 13:45:44 - trades.BTCXAUm - DEBUG - [SKIP] Cannot open trade: Circuit breaker: Rolling PnL of last 50 trades <= -$10 (current: $-11.59) (resumes in 3532s)
2025-12-24 13:49:06 - trades.BTCXAUm - DEBUG - [SKIP] Cannot open trade: Circuit breaker: Rolling PnL of last 50 trades <= -$10 (current: $-11.59) (resumes in 3330s)
2025-12-24 13:52:33 - trades.BTCXAUm - DEBUG - [SKIP] Cannot open trade: Circuit breaker: Rolling PnL of last 50 trades <= -$10 (current: $-11.59) (resumes in 3123s)
2025-12-24 13:56:05 - trades.BTCXAUm - DEBUG - [SKIP] Cannot open trade: Circuit breaker: Rolling PnL of last 50 trades <= -$10 (current: $-11.59) (resumes in 2911s)
2025-12-24 13:59:33 - trades.BTCXAUm - DEBUG - [SKIP] Cannot open trade: Circuit breaker: Rolling PnL of last 50 trades <= -$10 (current: $-11.59) (resumes in 2703s)
2025-12-24 14:03:04 - trades.BTCXAUm - DEBUG - [SKIP] Cannot open trade: Circuit breaker: Rolling PnL of last 50 trades <= -$10 (current: $-11.59) (resumes in 2493s)
2025-12-24 14:10:08 - trades.BTCXAUm - DEBUG - [SKIP] Cannot open trade: Circuit breaker: Rolling PnL of last 50 trades <= -$10 (current: $-11.59) (resumes in 2068s)
2025-12-24 14:13:32 - trades.BTCXAUm - DEBUG - [SKIP] Cannot open trade: Circuit breaker: Rolling PnL of last 50 trades <= -$10 (current: $-11.59) (resumes in 1864s)
2025-12-24 14:16:55 - trades.BTCXAUm - DEBUG - [SKIP] Cannot open trade: Circuit breaker: Rolling PnL of last 50 trades <= -$10 (current: $-11.59) (resumes in 1661s)
2025-12-24 14:20:07 - trades.BTCXAUm - DEBUG - [SKIP] Cannot open trade: Circuit breaker: Rolling PnL of last 50 trades <= -$10 (current: $-11.59) (resumes in 1469s)
2025-12-24 14:23:28 - trades.BTCXAUm - DEBUG - [SKIP] Cannot open trade: Circuit breaker: Rolling PnL of last 50 trades <= -$10 (current: $-11.59) (resumes in 1268s)
2025-12-24 14:27:04 - trades.BTCXAUm - DEBUG - [SKIP] Cannot open trade: Circuit breaker: Rolling PnL of last 50 trades <= -$10 (current: $-11.59) (resumes in 1052s)
2025-12-24 14:35:05 - trades.BTCXAUm - DEBUG - [SKIP] Cannot open trade: Circuit breaker: Rolling PnL of last 50 trades <= -$10 (current: $-11.59) (resumes in 571s)
2025-12-24 14:45:38 - trades.BTCXAUm - DEBUG - [SKIP] Cannot open trade: Circuit breaker: Rolling PnL of last 50 trades <= -$10 (current: $-11.59) (resumes in 3546s)
2025-12-24 14:51:01 - trades.BTCXAUm - DEBUG - [SKIP] Cannot open trade: Circuit breaker: Rolling PnL of last 50 trades <= -$10 (current: $-11.59) (resumes in 3224s)
2025-12-24 14:56:01 - trades.BTCXAUm - DEBUG - [SKIP] Cannot open trade: Circuit breaker: Rolling PnL of last 50 trades <= -$10 (current: $-11.59) (resumes in 2923s)
2025-12-24 15:06:16 - trades.BTCXAUm - DEBUG - [SKIP] Cannot open trade: Circuit breaker: Rolling PnL of last 50 trades <= -$10 (current: $-11.59) (resumes in 2308s)
2025-12-24 15:11:11 - trades.BTCXAUm - DEBUG - [SKIP] Cannot open trade: Circuit breaker: Rolling PnL of last 50 trades <= -$10 (current: $-11.59) (resumes in 2014s)
2025-12-24 15:15:46 - trades.BTCXAUm - DEBUG - [SKIP] Cannot open trade: Circuit breaker: Rolling PnL of last 50 trades <= -$10 (current: $-11.59) (resumes in 1738s)
2025-12-24 15:20:35 - trades.BTCXAUm - DEBUG - [SKIP] Cannot open trade: Circuit breaker: Rolling PnL of last 50 trades <= -$10 (current: $-11.59) (resumes in 1449s)
