2026-01-02 21:08:46 - trades.CADCHFm - DEBUG - [SKIP] Cannot open trade: Entry filter: Spread sanity: spread 140.4% of avg range > max 50.0%
2026-01-02 21:10:27 - trades.CADCHFm - DEBUG - [SKIP] Cannot open trade: Entry filter: Spread sanity: spread 146.8% of avg range > max 50.0%
2026-01-02 21:12:08 - trades.CADCHFm - DEBUG - [SKIP] Cannot open trade: Entry filter: Spread sanity: spread 166.7% of avg range > max 50.0%
2026-01-02 21:13:49 - trades.CADCHFm - DEBUG - [SKIP] Cannot open trade: Entry filter: Spread sanity: spread 183.9% of avg range > max 50.0%
2026-01-02 21:15:33 - trades.CADCHFm - DEBUG - [SKIP] Cannot open trade: Entry filter: Spread sanity: spread 192.8% of avg range > max 50.0%
2026-01-02 21:17:15 - trades.CADCHFm - DEBUG - [SKIP] Cannot open trade: Entry filter: Volatility floor: avg range 0.40 pips < min 0.40 pips
2026-01-02 21:18:54 - trades.CADCHFm - DEBUG - [SKIP] Cannot open trade: Entry filter: Spread sanity: spread 200.0% of avg range > max 50.0%
2026-01-02 21:20:35 - trades.CADCHFm - DEBUG - [SKIP] Cannot open trade: Entry filter: Volatility floor: avg range 0.34 pips < min 0.40 pips
2026-01-05 07:30:42 - trades.CADCHFm - DEBUG - [SKIP] Cannot open trade: Entry filter: Spread sanity: spread 110.3% of avg range > max 50.0%
2026-01-05 07:34:31 - trades.CADCHFm - DEBUG - [SKIP] Cannot open trade: Entry filter: Spread sanity: spread 105.3% of avg range > max 50.0%
2026-01-05 07:36:17 - trades.CADCHFm - DEBUG - [SKIP] Cannot open trade: Entry filter: Spread sanity: spread 105.3% of avg range > max 50.0%
2026-01-05 07:38:02 - trades.CADCHFm - DEBUG - [SKIP] Cannot open trade: Entry filter: Spread sanity: spread 113.5% of avg range > max 50.0%
2026-01-05 07:39:46 - trades.CADCHFm - DEBUG - [SKIP] Cannot open trade: Entry filter: Spread sanity: spread 108.8% of avg range > max 50.0%
2026-01-05 07:41:30 - trades.CADCHFm - DEBUG - [SKIP] Cannot open trade: Entry filter: Spread sanity: spread 101.9% of avg range > max 50.0%
2026-01-05 07:43:13 - trades.CADCHFm - DEBUG - [SKIP] Cannot open trade: Entry filter: Spread sanity: spread 99.4% of avg range > max 50.0%
2026-01-05 07:44:58 - trades.CADCHFm - DEBUG - [SKIP] Cannot open trade: Entry filter: Spread sanity: spread 96.4% of avg range > max 50.0%
2026-01-05 07:46:42 - trades.CADCHFm - DEBUG - [SKIP] Cannot open trade: Entry filter: Spread sanity: spread 92.5% of avg range > max 50.0%
2026-01-05 07:48:23 - trades.CADCHFm - DEBUG - [SKIP] Cannot open trade: Entry filter: Spread sanity: spread 89.4% of avg range > max 50.0%
2026-01-05 08:30:19 - trades.CADCHFm - DEBUG - [SKIP] Cannot open trade: Entry filter: Spread sanity: spread 100.6% of avg range > max 50.0%
2026-01-05 08:32:03 - trades.CADCHFm - DEBUG - [SKIP] Cannot open trade: Entry filter: Spread sanity: spread 88.9% of avg range > max 50.0%
2026-01-05 08:33:45 - trades.CADCHFm - DEBUG - [SKIP] Cannot open trade: Entry filter: Spread sanity: spread 84.7% of avg range > max 50.0%
2026-01-05 08:35:26 - trades.CADCHFm - DEBUG - [SKIP] Cannot open trade: Entry filter: Spread sanity: spread 83.3% of avg range > max 50.0%
2026-01-05 08:37:38 - trades.CADCHFm - DEBUG - [SKIP] Cannot open trade: Entry filter: Spread sanity: spread 85.1% of avg range > max 50.0%
2026-01-05 08:39:19 - trades.CADCHFm - DEBUG - [SKIP] Cannot open trade: Entry filter: Spread sanity: spread 83.8% of avg range > max 50.0%
2026-01-05 08:41:01 - trades.CADCHFm - DEBUG - [SKIP] Cannot open trade: Entry filter: Spread sanity: spread 82.5% of avg range > max 50.0%
2026-01-05 08:42:43 - trades.CADCHFm - DEBUG - [SKIP] Cannot open trade: Entry filter: Spread sanity: spread 82.1% of avg range > max 50.0%
2026-01-05 08:44:25 - trades.CADCHFm - DEBUG - [SKIP] Cannot open trade: Entry filter: Spread sanity: spread 79.6% of avg range > max 50.0%
2026-01-05 08:46:06 - trades.CADCHFm - DEBUG - [SKIP] Cannot open trade: Entry filter: Spread sanity: spread 80.0% of avg range > max 50.0%
2026-01-05 08:47:47 - trades.CADCHFm - DEBUG - [SKIP] Cannot open trade: Entry filter: Spread sanity: spread 80.8% of avg range > max 50.0%
2026-01-05 08:49:28 - trades.CADCHFm - DEBUG - [SKIP] Cannot open trade: Entry filter: Spread sanity: spread 77.7% of avg range > max 50.0%
2026-01-05 08:51:09 - trades.CADCHFm - DEBUG - [SKIP] Cannot open trade: Entry filter: Spread sanity: spread 82.9% of avg range > max 50.0%
2026-01-05 09:28:25 - trades.CADCHFm - DEBUG - [SKIP] Cannot open trade: Entry filter: Spread sanity: spread 91.4% of avg range > max 50.0%
2026-01-05 09:36:13 - trades.CADCHFm - DEBUG - [SKIP] Cannot open trade: Entry filter: Spread sanity: spread 96.4% of avg range > max 50.0%
2026-01-05 09:38:07 - trades.CADCHFm - DEBUG - [SKIP] Cannot open trade: Entry filter: Spread sanity: spread 95.2% of avg range > max 50.0%
2026-01-05 09:39:57 - trades.CADCHFm - DEBUG - [SKIP] Cannot open trade: Entry filter: Spread sanity: spread 93.0% of avg range > max 50.0%
2026-01-05 09:41:47 - trades.CADCHFm - DEBUG - [SKIP] Cannot open trade: Entry filter: Spread sanity: spread 92.0% of avg range > max 50.0%
2026-01-05 09:43:36 - trades.CADCHFm - DEBUG - [SKIP] Cannot open trade: Entry filter: Spread sanity: spread 92.0% of avg range > max 50.0%
2026-01-05 09:52:24 - trades.CADCHFm - DEBUG - [SKIP] Cannot open trade: Entry filter: Spread sanity: spread 83.3% of avg range > max 50.0%
2026-01-05 09:54:05 - trades.CADCHFm - DEBUG - [SKIP] Cannot open trade: Entry filter: Spread sanity: spread 84.7% of avg range > max 50.0%
2026-01-05 09:57:42 - trades.CADCHFm - DEBUG - [SKIP] Cannot open trade: Entry filter: Spread sanity: spread 88.9% of avg range > max 50.0%
2026-01-05 09:59:28 - trades.CADCHFm - DEBUG - [SKIP] Cannot open trade: Entry filter: Session guard: last 1 minutes of hour blocked
2026-01-05 10:01:13 - trades.CADCHFm - DEBUG - [SKIP] Cannot open trade: Entry filter: Spread sanity: spread 83.3% of avg range > max 50.0%
2026-01-05 10:02:58 - trades.CADCHFm - DEBUG - [SKIP] Cannot open trade: Entry filter: Spread sanity: spread 86.0% of avg range > max 50.0%
2026-01-05 10:04:45 - trades.CADCHFm - DEBUG - [SKIP] Cannot open trade: Entry filter: Spread sanity: spread 82.5% of avg range > max 50.0%
2026-01-05 10:06:33 - trades.CADCHFm - DEBUG - [SKIP] Cannot open trade: Entry filter: Spread sanity: spread 74.8% of avg range > max 50.0%
2026-01-05 10:08:19 - trades.CADCHFm - DEBUG - [SKIP] Cannot open trade: Entry filter: Spread sanity: spread 80.0% of avg range > max 50.0%
2026-01-05 10:10:05 - trades.CADCHFm - DEBUG - [SKIP] Cannot open trade: Entry filter: Spread sanity: spread 76.6% of avg range > max 50.0%
2026-01-05 10:15:19 - trades.CADCHFm - DEBUG - [SKIP] Cannot open trade: Entry filter: Spread sanity: spread 73.1% of avg range > max 50.0%
2026-01-05 10:17:04 - trades.CADCHFm - DEBUG - [SKIP] Cannot open trade: Entry filter: Spread sanity: spread 72.7% of avg range > max 50.0%
2026-01-05 10:18:47 - trades.CADCHFm - DEBUG - [SKIP] Cannot open trade: Entry filter: Spread sanity: spread 69.0% of avg range > max 50.0%
2026-01-05 10:20:31 - trades.CADCHFm - DEBUG - [SKIP] Cannot open trade: Entry filter: Spread sanity: spread 69.9% of avg range > max 50.0%
2026-01-05 10:22:15 - trades.CADCHFm - DEBUG - [SKIP] Cannot open trade: Entry filter: Spread sanity: spread 70.2% of avg range > max 50.0%
2026-01-05 10:24:03 - trades.CADCHFm - DEBUG - [SKIP] Cannot open trade: Entry filter: Spread sanity: spread 71.1% of avg range > max 50.0%
2026-01-05 10:25:47 - trades.CADCHFm - DEBUG - [SKIP] Cannot open trade: Entry filter: Spread sanity: spread 69.6% of avg range > max 50.0%
2026-01-05 10:27:34 - trades.CADCHFm - DEBUG - [SKIP] Cannot open trade: Entry filter: Spread sanity: spread 74.8% of avg range > max 50.0%
2026-01-05 10:29:18 - trades.CADCHFm - DEBUG - [SKIP] Cannot open trade: Entry filter: Spread sanity: spread 70.8% of avg range > max 50.0%
2026-01-05 10:31:03 - trades.CADCHFm - DEBUG - [SKIP] Cannot open trade: Entry filter: Spread sanity: spread 80.4% of avg range > max 50.0%
2026-01-05 10:32:46 - trades.CADCHFm - DEBUG - [SKIP] Cannot open trade: Entry filter: Spread sanity: spread 82.9% of avg range > max 50.0%
2026-01-05 10:34:31 - trades.CADCHFm - DEBUG - [SKIP] Cannot open trade: Entry filter: Spread sanity: spread 83.8% of avg range > max 50.0%
2026-01-05 10:36:15 - trades.CADCHFm - DEBUG - [SKIP] Cannot open trade: Entry filter: Spread sanity: spread 78.0% of avg range > max 50.0%
2026-01-05 10:38:00 - trades.CADCHFm - DEBUG - [SKIP] Cannot open trade: Entry filter: Spread sanity: spread 85.6% of avg range > max 50.0%
2026-01-05 10:39:46 - trades.CADCHFm - DEBUG - [SKIP] Cannot open trade: Entry filter: Spread sanity: spread 82.9% of avg range > max 50.0%
2026-01-05 10:41:45 - trades.CADCHFm - DEBUG - [SKIP] Cannot open trade: Entry filter: Spread sanity: spread 85.6% of avg range > max 50.0%
2026-01-05 10:43:43 - trades.CADCHFm - DEBUG - [SKIP] Cannot open trade: Entry filter: Spread sanity: spread 85.1% of avg range > max 50.0%
2026-01-05 10:45:59 - trades.CADCHFm - DEBUG - [SKIP] Cannot open trade: Entry filter: Spread sanity: spread 84.7% of avg range > max 50.0%
2026-01-05 10:47:44 - trades.CADCHFm - DEBUG - [SKIP] Cannot open trade: Entry filter: Spread sanity: spread 87.9% of avg range > max 50.0%
2026-01-05 10:49:29 - trades.CADCHFm - DEBUG - [SKIP] Cannot open trade: Entry filter: Spread sanity: spread 88.9% of avg range > max 50.0%
2026-01-05 10:51:15 - trades.CADCHFm - DEBUG - [SKIP] Cannot open trade: Entry filter: Spread sanity: spread 86.0% of avg range > max 50.0%
2026-01-05 10:53:00 - trades.CADCHFm - DEBUG - [SKIP] Cannot open trade: Entry filter: Spread sanity: spread 83.8% of avg range > max 50.0%
2026-01-05 10:54:47 - trades.CADCHFm - DEBUG - [SKIP] Cannot open trade: Entry filter: Spread sanity: spread 82.9% of avg range > max 50.0%
2026-01-05 10:56:33 - trades.CADCHFm - DEBUG - [SKIP] Cannot open trade: Entry filter: Spread sanity: spread 84.7% of avg range > max 50.0%
2026-01-05 10:58:19 - trades.CADCHFm - DEBUG - [SKIP] Cannot open trade: Entry filter: Spread sanity: spread 81.6% of avg range > max 50.0%
2026-01-05 11:00:07 - trades.CADCHFm - DEBUG - [SKIP] Cannot open trade: Entry filter: Session guard: first 1 minutes of hour blocked
2026-01-05 11:12:31 - trades.CADCHFm - DEBUG - [SKIP] Cannot open trade: Entry filter: Spread sanity: spread 76.6% of avg range > max 50.0%
2026-01-05 11:14:17 - trades.CADCHFm - DEBUG - [SKIP] Cannot open trade: Entry filter: Spread sanity: spread 79.6% of avg range > max 50.0%
2026-01-05 11:16:05 - trades.CADCHFm - DEBUG - [SKIP] Cannot open trade: Entry filter: Spread sanity: spread 81.2% of avg range > max 50.0%
2026-01-05 11:17:51 - trades.CADCHFm - DEBUG - [SKIP] Cannot open trade: Entry filter: Spread sanity: spread 83.3% of avg range > max 50.0%
2026-01-05 11:19:39 - trades.CADCHFm - DEBUG - [SKIP] Cannot open trade: Entry filter: Spread sanity: spread 79.2% of avg range > max 50.0%
2026-01-05 11:26:47 - trades.CADCHFm - DEBUG - [SKIP] Cannot open trade: Entry filter: Spread sanity: spread 93.0% of avg range > max 50.0%
2026-01-05 11:28:33 - trades.CADCHFm - DEBUG - [SKIP] Cannot open trade: Entry filter: Spread sanity: spread 102.6% of avg range > max 50.0%
2026-01-05 11:30:19 - trades.CADCHFm - DEBUG - [SKIP] Cannot open trade: Entry filter: Spread sanity: spread 102.6% of avg range > max 50.0%
2026-01-05 11:32:05 - trades.CADCHFm - DEBUG - [SKIP] Cannot open trade: Entry filter: Spread sanity: spread 95.2% of avg range > max 50.0%
2026-01-05 11:33:58 - trades.CADCHFm - DEBUG - [SKIP] Cannot open trade: Entry filter: Spread sanity: spread 94.7% of avg range > max 50.0%
2026-01-05 11:35:46 - trades.CADCHFm - DEBUG - [SKIP] Cannot open trade: Entry filter: Spread sanity: spread 93.0% of avg range > max 50.0%
2026-01-05 11:37:33 - trades.CADCHFm - DEBUG - [SKIP] Cannot open trade: Entry filter: Spread sanity: spread 94.1% of avg range > max 50.0%
2026-01-05 11:39:19 - trades.CADCHFm - DEBUG - [SKIP] Cannot open trade: Entry filter: Spread sanity: spread 96.4% of avg range > max 50.0%
2026-01-05 11:41:06 - trades.CADCHFm - DEBUG - [SKIP] Cannot open trade: Entry filter: Spread sanity: spread 97.0% of avg range > max 50.0%
2026-01-05 11:42:55 - trades.CADCHFm - DEBUG - [SKIP] Cannot open trade: Entry filter: Spread sanity: spread 98.2% of avg range > max 50.0%
2026-01-05 11:44:41 - trades.CADCHFm - DEBUG - [SKIP] Cannot open trade: Entry filter: Spread sanity: spread 93.6% of avg range > max 50.0%
2026-01-05 11:46:30 - trades.CADCHFm - DEBUG - [SKIP] Cannot open trade: Entry filter: Spread sanity: spread 92.0% of avg range > max 50.0%
2026-01-05 11:48:23 - trades.CADCHFm - DEBUG - [SKIP] Cannot open trade: Entry filter: Spread sanity: spread 93.0% of avg range > max 50.0%
2026-01-05 11:50:09 - trades.CADCHFm - DEBUG - [SKIP] Cannot open trade: Entry filter: Spread sanity: spread 90.4% of avg range > max 50.0%
2026-01-05 11:51:55 - trades.CADCHFm - DEBUG - [SKIP] Cannot open trade: Entry filter: Spread sanity: spread 91.4% of avg range > max 50.0%
2026-01-05 11:53:42 - trades.CADCHFm - DEBUG - [SKIP] Cannot open trade: Entry filter: Spread sanity: spread 101.9% of avg range > max 50.0%
2026-01-05 11:55:27 - trades.CADCHFm - DEBUG - [SKIP] Cannot open trade: Entry filter: Spread sanity: spread 102.6% of avg range > max 50.0%
2026-01-05 11:57:13 - trades.CADCHFm - DEBUG - [SKIP] Cannot open trade: Entry filter: Spread sanity: spread 107.4% of avg range > max 50.0%
2026-01-05 11:59:00 - trades.CADCHFm - DEBUG - [SKIP] Cannot open trade: Entry filter: Session guard: last 1 minutes of hour blocked
2026-01-05 12:00:45 - trades.CADCHFm - DEBUG - [SKIP] Cannot open trade: Entry filter: Session guard: first 1 minutes of hour blocked
2026-01-05 12:02:32 - trades.CADCHFm - DEBUG - [SKIP] Cannot open trade: Entry filter: Spread sanity: spread 97.0% of avg range > max 50.0%
2026-01-05 12:04:20 - trades.CADCHFm - DEBUG - [SKIP] Cannot open trade: Entry filter: Spread sanity: spread 101.9% of avg range > max 50.0%
2026-01-05 12:06:06 - trades.CADCHFm - DEBUG - [SKIP] Cannot open trade: Entry filter: Spread sanity: spread 98.2% of avg range > max 50.0%
2026-01-05 12:11:27 - trades.CADCHFm - DEBUG - [SKIP] Cannot open trade: Entry filter: Spread sanity: spread 81.6% of avg range > max 50.0%
2026-01-05 12:13:15 - trades.CADCHFm - DEBUG - [SKIP] Cannot open trade: Entry filter: Spread sanity: spread 80.8% of avg range > max 50.0%
2026-01-05 12:15:03 - trades.CADCHFm - DEBUG - [SKIP] Cannot open trade: Entry filter: Spread sanity: spread 82.1% of avg range > max 50.0%
2026-01-05 12:16:49 - trades.CADCHFm - DEBUG - [SKIP] Cannot open trade: Entry filter: Spread sanity: spread 82.5% of avg range > max 50.0%
2026-01-05 12:29:15 - trades.CADCHFm - DEBUG - [SKIP] Cannot open trade: Entry filter: Spread sanity: spread 100.0% of avg range > max 50.0%
2026-01-05 12:34:06 - trades.CADCHFm - DEBUG - [SKIP] Cannot open trade: Entry filter: Spread sanity: spread 95.8% of avg range > max 50.0%
2026-01-05 12:38:41 - trades.CADCHFm - DEBUG - [SKIP] Cannot open trade: Entry filter: Spread sanity: spread 92.5% of avg range > max 50.0%
2026-01-05 13:01:56 - trades.CADCHFm - DEBUG - [SKIP] Cannot open trade: Entry filter: Spread sanity: spread 86.5% of avg range > max 50.0%
2026-01-05 13:07:29 - trades.CADCHFm - DEBUG - [SKIP] Cannot open trade: Entry filter: Spread sanity: spread 65.3% of avg range > max 50.0%
2026-01-05 13:25:46 - trades.CADCHFm - DEBUG - [SKIP] Cannot open trade: Entry filter: Spread sanity: spread 54.6% of avg range > max 50.0%
2026-01-05 13:35:23 - trades.CADCHFm - DEBUG - [SKIP] Cannot open trade: Entry filter: Spread sanity: spread 62.3% of avg range > max 50.0%
2026-01-05 13:40:22 - trades.CADCHFm - DEBUG - [SKIP] Cannot open trade: Entry filter: Spread sanity: spread 65.6% of avg range > max 50.0%
2026-01-05 13:44:51 - trades.CADCHFm - DEBUG - [SKIP] Cannot open trade: Entry filter: Spread sanity: spread 63.5% of avg range > max 50.0%
2026-01-05 13:49:47 - trades.CADCHFm - DEBUG - [SKIP] Cannot open trade: Entry filter: Spread sanity: spread 65.6% of avg range > max 50.0%
2026-01-05 13:54:42 - trades.CADCHFm - DEBUG - [SKIP] Cannot open trade: Entry filter: Spread sanity: spread 69.3% of avg range > max 50.0%
2026-01-05 13:59:29 - trades.CADCHFm - DEBUG - [SKIP] Cannot open trade: Entry filter: Session guard: last 1 minutes of hour blocked
2026-01-05 14:14:03 - trades.CADCHFm - DEBUG - [SKIP] Cannot open trade: Entry filter: Spread sanity: spread 70.2% of avg range > max 50.0%
2026-01-05 14:19:13 - trades.CADCHFm - DEBUG - [SKIP] Cannot open trade: Entry filter: Spread sanity: spread 77.7% of avg range > max 50.0%
2026-01-05 14:29:37 - trades.CADCHFm - DEBUG - [SKIP] Cannot open trade: Entry filter: Spread sanity: spread 71.7% of avg range > max 50.0%
2026-01-05 14:33:56 - trades.CADCHFm - DEBUG - [SKIP] Cannot open trade: Entry filter: Spread sanity: spread 60.2% of avg range > max 50.0%
2026-01-05 14:38:01 - trades.CADCHFm - DEBUG - [SKIP] Cannot open trade: Entry filter: Spread sanity: spread 52.6% of avg range > max 50.0%
2026-01-05 14:42:21 - trades.CADCHFm - DEBUG - [SKIP] Cannot open trade: Entry filter: Candle quality: current range 54.9% of avg < min 55.0%
2026-01-05 15:05:20 - trades.CADCHFm - DEBUG - [SKIP] Cannot open trade: Entry filter: Spread sanity: spread 56.3% of avg range > max 50.0%
2026-01-05 15:10:56 - trades.CADCHFm - DEBUG - [SKIP] Cannot open trade: Entry filter: Spread sanity: spread 58.8% of avg range > max 50.0%
2026-01-05 15:22:13 - trades.CADCHFm - DEBUG - [SKIP] Cannot open trade: Entry filter: Spread sanity: spread 64.5% of avg range > max 50.0%
2026-01-05 15:27:30 - trades.CADCHFm - DEBUG - [SKIP] Cannot open trade: Entry filter: Spread sanity: spread 67.2% of avg range > max 50.0%
2026-01-05 15:32:49 - trades.CADCHFm - DEBUG - [SKIP] Cannot open trade: Entry filter: Spread sanity: spread 69.3% of avg range > max 50.0%
2026-01-05 15:38:02 - trades.CADCHFm - DEBUG - [SKIP] Cannot open trade: Entry filter: Spread sanity: spread 66.9% of avg range > max 50.0%
2026-01-05 15:43:22 - trades.CADCHFm - DEBUG - [SKIP] Cannot open trade: Entry filter: Spread sanity: spread 69.3% of avg range > max 50.0%
2026-01-05 15:59:27 - trades.CADCHFm - DEBUG - [SKIP] Cannot open trade: Entry filter: Session guard: last 1 minutes of hour blocked
2026-01-05 16:04:50 - trades.CADCHFm - DEBUG - [SKIP] Cannot open trade: Entry filter: Spread sanity: spread 58.6% of avg range > max 50.0%
2026-01-05 16:10:01 - trades.CADCHFm - DEBUG - [SKIP] Cannot open trade: Entry filter: Spread sanity: spread 71.4% of avg range > max 50.0%
2026-01-05 16:19:59 - trades.CADCHFm - DEBUG - [SKIP] Cannot open trade: Entry filter: Spread sanity: spread 90.9% of avg range > max 50.0%
2026-01-05 16:25:13 - trades.CADCHFm - DEBUG - [SKIP] Cannot open trade: Entry filter: Spread sanity: spread 92.0% of avg range > max 50.0%
2026-01-05 16:30:35 - trades.CADCHFm - DEBUG - [SKIP] Cannot open trade: Entry filter: Spread sanity: spread 92.0% of avg range > max 50.0%
2026-01-05 16:35:54 - trades.CADCHFm - DEBUG - [SKIP] Cannot open trade: Entry filter: Spread sanity: spread 88.9% of avg range > max 50.0%
2026-01-05 16:41:07 - trades.CADCHFm - DEBUG - [SKIP] Cannot open trade: Entry filter: Spread sanity: spread 88.9% of avg range > max 50.0%
2026-01-05 16:46:29 - trades.CADCHFm - DEBUG - [SKIP] Cannot open trade: Entry filter: Spread sanity: spread 90.4% of avg range > max 50.0%
2026-01-05 16:51:45 - trades.CADCHFm - DEBUG - [SKIP] Cannot open trade: Entry filter: Spread sanity: spread 92.5% of avg range > max 50.0%
2026-01-05 16:57:20 - trades.CADCHFm - DEBUG - [SKIP] Cannot open trade: Entry filter: Spread sanity: spread 99.4% of avg range > max 50.0%
2026-01-05 17:02:35 - trades.CADCHFm - DEBUG - [SKIP] Cannot open trade: Entry filter: Spread sanity: spread 105.3% of avg range > max 50.0%
2026-01-05 17:17:34 - trades.CADCHFm - DEBUG - [SKIP] Cannot open trade: Entry filter: Spread sanity: spread 94.1% of avg range > max 50.0%
2026-01-05 17:22:38 - trades.CADCHFm - DEBUG - [SKIP] Cannot open trade: Entry filter: Spread sanity: spread 106.7% of avg range > max 50.0%
2026-01-05 17:27:54 - trades.CADCHFm - DEBUG - [SKIP] Cannot open trade: Entry filter: Spread sanity: spread 107.4% of avg range > max 50.0%
2026-01-05 17:32:57 - trades.CADCHFm - DEBUG - [SKIP] Cannot open trade: Entry filter: Spread sanity: spread 129.0% of avg range > max 50.0%
2026-01-05 17:57:38 - trades.CADCHFm - DEBUG - [SKIP] Cannot open trade: Entry filter: Spread sanity: spread 109.6% of avg range > max 50.0%
2026-01-05 18:02:40 - trades.CADCHFm - DEBUG - [SKIP] Cannot open trade: Entry filter: Spread sanity: spread 125.0% of avg range > max 50.0%
2026-01-05 18:07:33 - trades.CADCHFm - DEBUG - [SKIP] Cannot open trade: Entry filter: Spread sanity: spread 135.6% of avg range > max 50.0%
2026-01-05 18:12:36 - trades.CADCHFm - DEBUG - [SKIP] Cannot open trade: Entry filter: Spread sanity: spread 141.6% of avg range > max 50.0%
