2025-12-14 22:28:18 - trades.CADNOKm - DEBUG - [SKIP] Cannot open trade: Entry filter: Session guard: rollover window 21:00-23:00 GMT blocked
2025-12-14 22:28:44 - trades.CADNOKm - DEBUG - [SKIP] Cannot open trade: Entry filter: Session guard: rollover window 21:00-23:00 GMT blocked
2025-12-14 22:29:10 - trades.CADNOKm - DEBUG - [SKIP] Cannot open trade: Entry filter: Session guard: rollover window 21:00-23:00 GMT blocked
2025-12-14 22:33:49 - trades.CADNOKm - DEBUG - [SKIP] Cannot open trade: Entry filter: Session guard: rollover window 21:00-23:00 GMT blocked
2025-12-14 22:34:17 - trades.CADNOKm - DEBUG - [SKIP] Cannot open trade: Entry filter: Session guard: rollover window 21:00-23:00 GMT blocked
2025-12-14 22:34:45 - trades.CADNOKm - DEBUG - [SKIP] Cannot open trade: Entry filter: Session guard: rollover window 21:00-23:00 GMT blocked
2025-12-14 22:36:39 - trades.CADNOKm - DEBUG - [SKIP] Cannot open trade: Entry filter: Session guard: rollover window 21:00-23:00 GMT blocked
2025-12-14 22:37:07 - trades.CADNOKm - DEBUG - [SKIP] Cannot open trade: Entry filter: Session guard: rollover window 21:00-23:00 GMT blocked
2025-12-14 22:37:35 - trades.CADNOKm - DEBUG - [SKIP] Cannot open trade: Entry filter: Session guard: rollover window 21:00-23:00 GMT blocked
2025-12-14 22:38:05 - trades.CADNOKm - DEBUG - [SKIP] Cannot open trade: Entry filter: Session guard: rollover window 21:00-23:00 GMT blocked
2025-12-14 22:38:49 - trades.CADNOKm - DEBUG - [SKIP] Cannot open trade: Entry filter: Session guard: rollover window 21:00-23:00 GMT blocked
2025-12-14 22:39:55 - trades.CADNOKm - DEBUG - [SKIP] Cannot open trade: Entry filter: Session guard: rollover window 21:00-23:00 GMT blocked
2025-12-14 22:41:12 - trades.CADNOKm - DEBUG - [SKIP] Cannot open trade: Entry filter: Session guard: rollover window 21:00-23:00 GMT blocked
2025-12-14 22:42:24 - trades.CADNOKm - DEBUG - [SKIP] Cannot open trade: Entry filter: Session guard: rollover window 21:00-23:00 GMT blocked
2025-12-14 22:43:43 - trades.CADNOKm - DEBUG - [SKIP] Cannot open trade: Entry filter: Session guard: rollover window 21:00-23:00 GMT blocked
2025-12-14 22:44:48 - trades.CADNOKm - DEBUG - [SKIP] Cannot open trade: Entry filter: Session guard: rollover window 21:00-23:00 GMT blocked
2025-12-14 22:45:56 - trades.CADNOKm - DEBUG - [SKIP] Cannot open trade: Entry filter: Session guard: rollover window 21:00-23:00 GMT blocked
2025-12-14 22:46:58 - trades.CADNOKm - DEBUG - [SKIP] Cannot open trade: Entry filter: Session guard: rollover window 21:00-23:00 GMT blocked
2025-12-14 22:47:59 - trades.CADNOKm - DEBUG - [SKIP] Cannot open trade: Entry filter: Session guard: rollover window 21:00-23:00 GMT blocked
2025-12-14 22:51:19 - trades.CADNOKm - DEBUG - [SKIP] Cannot open trade: Entry filter: Session guard: rollover window 21:00-23:00 GMT blocked
2025-12-14 22:52:24 - trades.CADNOKm - DEBUG - [SKIP] Cannot open trade: Entry filter: Session guard: rollover window 21:00-23:00 GMT blocked
2025-12-14 22:53:32 - trades.CADNOKm - DEBUG - [SKIP] Cannot open trade: Entry filter: Session guard: rollover window 21:00-23:00 GMT blocked
2025-12-14 22:54:44 - trades.CADNOKm - DEBUG - [SKIP] Cannot open trade: Entry filter: Session guard: rollover window 21:00-23:00 GMT blocked
2025-12-14 22:55:51 - trades.CADNOKm - DEBUG - [SKIP] Cannot open trade: Entry filter: Session guard: last 5 minutes of hour blocked
2025-12-14 22:56:58 - trades.CADNOKm - DEBUG - [SKIP] Cannot open trade: Entry filter: Session guard: last 5 minutes of hour blocked
2025-12-14 22:58:02 - trades.CADNOKm - DEBUG - [SKIP] Cannot open trade: Entry filter: Session guard: last 5 minutes of hour blocked
2025-12-14 22:59:38 - trades.CADNOKm - DEBUG - [SKIP] Cannot open trade: Entry filter: Session guard: last 5 minutes of hour blocked
2025-12-14 23:00:24 - trades.CADNOKm - DEBUG - [SKIP] Cannot open trade: Entry filter: Session guard: first 5 minutes of hour blocked
2025-12-14 23:06:42 - trades.CADNOKm - DEBUG - [SKIP] Cannot open trade: Entry filter: Spread sanity: spread 1087.8% of avg range > max 20.0%
2025-12-14 23:07:54 - trades.CADNOKm - DEBUG - [SKIP] Cannot open trade: Entry filter: Spread sanity: spread 1179.9% of avg range > max 20.0%
2025-12-14 23:09:05 - trades.CADNOKm - DEBUG - [SKIP] Cannot open trade: Entry filter: Spread sanity: spread 1089.3% of avg range > max 20.0%
2025-12-14 23:10:18 - trades.CADNOKm - DEBUG - [SKIP] Cannot open trade: Entry filter: Spread sanity: spread 1150.4% of avg range > max 20.0%
2025-12-14 23:11:24 - trades.CADNOKm - DEBUG - [SKIP] Cannot open trade: Entry filter: Spread sanity: spread 1040.8% of avg range > max 20.0%
2025-12-14 23:12:24 - trades.CADNOKm - DEBUG - [SKIP] Cannot open trade: Entry filter: Spread sanity: spread 1189.7% of avg range > max 20.0%
2025-12-14 23:13:31 - trades.CADNOKm - DEBUG - [SKIP] Cannot open trade: Entry filter: Spread sanity: spread 1293.9% of avg range > max 20.0%
2025-12-14 23:17:34 - trades.CADNOKm - DEBUG - [SKIP] Cannot open trade: Entry filter: Spread sanity: spread 1301.6% of avg range > max 20.0%
2025-12-14 23:18:29 - trades.CADNOKm - DEBUG - [SKIP] Cannot open trade: Entry filter: Spread sanity: spread 1332.8% of avg range > max 20.0%
2025-12-14 23:19:36 - trades.CADNOKm - DEBUG - [SKIP] Cannot open trade: Entry filter: Spread sanity: spread 1165.6% of avg range > max 20.0%
2025-12-14 23:20:55 - trades.CADNOKm - DEBUG - [SKIP] Cannot open trade: Entry filter: Spread sanity: spread 1273.5% of avg range > max 20.0%
2025-12-14 23:22:08 - trades.CADNOKm - DEBUG - [SKIP] Cannot open trade: Entry filter: Spread sanity: spread 1466.2% of avg range > max 20.0%
2025-12-14 23:23:17 - trades.CADNOKm - DEBUG - [SKIP] Cannot open trade: Entry filter: Spread sanity: spread 1728.9% of avg range > max 20.0%
2025-12-14 23:24:36 - trades.CADNOKm - DEBUG - [SKIP] Cannot open trade: Entry filter: Spread sanity: spread 1525.3% of avg range > max 20.0%
2025-12-14 23:26:15 - trades.CADNOKm - DEBUG - [SKIP] Cannot open trade: Entry filter: Spread sanity: spread 1335.2% of avg range > max 20.0%
2025-12-14 23:27:17 - trades.CADNOKm - DEBUG - [SKIP] Cannot open trade: Entry filter: Spread sanity: spread 1332.6% of avg range > max 20.0%
2025-12-14 23:28:35 - trades.CADNOKm - DEBUG - [SKIP] Cannot open trade: Entry filter: Spread sanity: spread 1199.3% of avg range > max 20.0%
2025-12-14 23:29:48 - trades.CADNOKm - DEBUG - [SKIP] Cannot open trade: Entry filter: Spread sanity: spread 1192.9% of avg range > max 20.0%
2025-12-14 23:31:18 - trades.CADNOKm - DEBUG - [SKIP] Cannot open trade: Entry filter: Spread sanity: spread 1402.0% of avg range > max 20.0%
2025-12-14 23:32:32 - trades.CADNOKm - DEBUG - [SKIP] Cannot open trade: Entry filter: Spread sanity: spread 1147.4% of avg range > max 20.0%
2025-12-14 23:33:47 - trades.CADNOKm - DEBUG - [SKIP] Cannot open trade: Entry filter: Spread sanity: spread 1048.7% of avg range > max 20.0%
2025-12-14 23:35:22 - trades.CADNOKm - DEBUG - [SKIP] Cannot open trade: Entry filter: Spread sanity: spread 1063.0% of avg range > max 20.0%
2025-12-14 23:36:33 - trades.CADNOKm - DEBUG - [SKIP] Cannot open trade: Entry filter: Spread sanity: spread 1186.1% of avg range > max 20.0%
2025-12-14 23:37:51 - trades.CADNOKm - DEBUG - [SKIP] Cannot open trade: Entry filter: Spread sanity: spread 1166.3% of avg range > max 20.0%
2025-12-14 23:39:30 - trades.CADNOKm - DEBUG - [SKIP] Cannot open trade: Entry filter: Spread sanity: spread 1425.2% of avg range > max 20.0%
2025-12-14 23:40:31 - trades.CADNOKm - DEBUG - [SKIP] Cannot open trade: Entry filter: Spread sanity: spread 1280.1% of avg range > max 20.0%
2025-12-14 23:41:50 - trades.CADNOKm - DEBUG - [SKIP] Cannot open trade: Entry filter: Spread sanity: spread 1387.2% of avg range > max 20.0%
2025-12-14 23:47:13 - trades.CADNOKm - DEBUG - [SKIP] Cannot open trade: Entry filter: Spread sanity: spread 1883.6% of avg range > max 20.0%
2025-12-14 23:48:48 - trades.CADNOKm - DEBUG - [SKIP] Cannot open trade: Entry filter: Spread sanity: spread 2027.2% of avg range > max 20.0%
2025-12-14 23:50:03 - trades.CADNOKm - DEBUG - [SKIP] Cannot open trade: Entry filter: Spread sanity: spread 2027.8% of avg range > max 20.0%
2025-12-14 23:51:24 - trades.CADNOKm - DEBUG - [SKIP] Cannot open trade: Circuit breaker: Consecutive losses >= 10 (10 losses) (resumes in 1781s)
2025-12-14 23:52:27 - trades.CADNOKm - DEBUG - [SKIP] Cannot open trade: Circuit breaker: Consecutive losses >= 10 (10 losses) (resumes in 1718s)
2025-12-14 23:53:23 - trades.CADNOKm - DEBUG - [SKIP] Cannot open trade: Circuit breaker: Consecutive losses >= 10 (10 losses) (resumes in 1662s)
2025-12-14 23:57:03 - trades.CADNOKm - DEBUG - [SKIP] Cannot open trade: Circuit breaker: Consecutive losses >= 10 (10 losses) (resumes in 1442s)
2025-12-14 23:58:06 - trades.CADNOKm - DEBUG - [SKIP] Cannot open trade: Circuit breaker: Consecutive losses >= 10 (10 losses) (resumes in 1379s)
2025-12-14 23:59:00 - trades.CADNOKm - DEBUG - [SKIP] Cannot open trade: Circuit breaker: Consecutive losses >= 10 (10 losses) (resumes in 1325s)
2025-12-15 03:51:23 - trades.CADNOKm - DEBUG - [SKIP] Cannot open trade: Circuit breaker: Consecutive losses >= 10 (10 losses) (resumes in 296s)
2025-12-15 07:46:32 - trades.CADNOKm - DEBUG - [SKIP] Cannot open trade: Circuit breaker: Consecutive losses >= 10 (10 losses) (resumes in 1144s)
2025-12-15 08:13:24 - trades.CADNOKm - DEBUG - [SKIP] Cannot open trade: Circuit breaker: Consecutive losses >= 10 (10 losses) (resumes in 1389s)
2025-12-15 08:30:38 - trades.CADNOKm - DEBUG - [SKIP] Cannot open trade: Circuit breaker: Consecutive losses >= 10 (10 losses) (resumes in 355s)
