2025-12-14 22:28:43 - trades.CHFMXNm - DEBUG - [SKIP] Cannot open trade: Entry filter: Session guard: rollover window 21:00-23:00 GMT blocked
2025-12-14 22:29:34 - trades.CHFMXNm - DEBUG - [SKIP] Cannot open trade: Entry filter: Session guard: rollover window 21:00-23:00 GMT blocked
2025-12-14 22:30:02 - trades.CHFMXNm - DEBUG - [SKIP] Cannot open trade: Entry filter: Session guard: rollover window 21:00-23:00 GMT blocked
2025-12-14 22:30:31 - trades.CHFMXNm - DEBUG - [SKIP] Cannot open trade: Entry filter: Session guard: rollover window 21:00-23:00 GMT blocked
2025-12-14 22:30:58 - trades.CHFMXNm - DEBUG - [SKIP] Cannot open trade: Entry filter: Session guard: rollover window 21:00-23:00 GMT blocked
2025-12-14 22:31:26 - trades.CHFMXNm - DEBUG - [SKIP] Cannot open trade: Entry filter: Session guard: rollover window 21:00-23:00 GMT blocked
2025-12-14 22:31:54 - trades.CHFMXNm - DEBUG - [SKIP] Cannot open trade: Entry filter: Session guard: rollover window 21:00-23:00 GMT blocked
2025-12-14 22:32:22 - trades.CHFMXNm - DEBUG - [SKIP] Cannot open trade: Entry filter: Session guard: rollover window 21:00-23:00 GMT blocked
2025-12-14 22:32:50 - trades.CHFMXNm - DEBUG - [SKIP] Cannot open trade: Entry filter: Session guard: rollover window 21:00-23:00 GMT blocked
2025-12-14 22:33:18 - trades.CHFMXNm - DEBUG - [SKIP] Cannot open trade: Entry filter: Session guard: rollover window 21:00-23:00 GMT blocked
2025-12-14 22:33:46 - trades.CHFMXNm - DEBUG - [SKIP] Cannot open trade: Entry filter: Session guard: rollover window 21:00-23:00 GMT blocked
2025-12-14 22:34:15 - trades.CHFMXNm - DEBUG - [SKIP] Cannot open trade: Entry filter: Session guard: rollover window 21:00-23:00 GMT blocked
2025-12-14 22:34:43 - trades.CHFMXNm - DEBUG - [SKIP] Cannot open trade: Entry filter: Session guard: rollover window 21:00-23:00 GMT blocked
2025-12-14 22:35:12 - trades.CHFMXNm - DEBUG - [SKIP] Cannot open trade: Entry filter: Session guard: rollover window 21:00-23:00 GMT blocked
2025-12-14 22:35:40 - trades.CHFMXNm - DEBUG - [SKIP] Cannot open trade: Entry filter: Session guard: rollover window 21:00-23:00 GMT blocked
2025-12-14 22:36:08 - trades.CHFMXNm - DEBUG - [SKIP] Cannot open trade: Entry filter: Session guard: rollover window 21:00-23:00 GMT blocked
2025-12-14 22:36:36 - trades.CHFMXNm - DEBUG - [SKIP] Cannot open trade: Entry filter: Session guard: rollover window 21:00-23:00 GMT blocked
2025-12-14 22:37:05 - trades.CHFMXNm - DEBUG - [SKIP] Cannot open trade: Entry filter: Session guard: rollover window 21:00-23:00 GMT blocked
2025-12-14 22:37:33 - trades.CHFMXNm - DEBUG - [SKIP] Cannot open trade: Entry filter: Session guard: rollover window 21:00-23:00 GMT blocked
2025-12-14 22:38:01 - trades.CHFMXNm - DEBUG - [SKIP] Cannot open trade: Entry filter: Session guard: rollover window 21:00-23:00 GMT blocked
2025-12-14 22:38:38 - trades.CHFMXNm - DEBUG - [SKIP] Cannot open trade: Entry filter: Session guard: rollover window 21:00-23:00 GMT blocked
2025-12-14 22:39:40 - trades.CHFMXNm - DEBUG - [SKIP] Cannot open trade: Entry filter: Session guard: rollover window 21:00-23:00 GMT blocked
2025-12-14 22:40:54 - trades.CHFMXNm - DEBUG - [SKIP] Cannot open trade: Entry filter: Session guard: rollover window 21:00-23:00 GMT blocked
2025-12-14 22:42:11 - trades.CHFMXNm - DEBUG - [SKIP] Cannot open trade: Entry filter: Session guard: rollover window 21:00-23:00 GMT blocked
2025-12-14 22:48:19 - trades.CHFMXNm - DEBUG - [SKIP] Cannot open trade: Entry filter: Session guard: rollover window 21:00-23:00 GMT blocked
2025-12-14 22:48:49 - trades.CHFMXNm - DEBUG - [SKIP] Cannot open trade: Entry filter: Session guard: rollover window 21:00-23:00 GMT blocked
2025-12-14 22:50:01 - trades.CHFMXNm - DEBUG - [SKIP] Cannot open trade: Entry filter: Session guard: rollover window 21:00-23:00 GMT blocked
2025-12-14 22:51:07 - trades.CHFMXNm - DEBUG - [SKIP] Cannot open trade: Entry filter: Session guard: rollover window 21:00-23:00 GMT blocked
2025-12-14 22:52:10 - trades.CHFMXNm - DEBUG - [SKIP] Cannot open trade: Entry filter: Session guard: rollover window 21:00-23:00 GMT blocked
2025-12-14 22:53:15 - trades.CHFMXNm - DEBUG - [SKIP] Cannot open trade: Entry filter: Session guard: rollover window 21:00-23:00 GMT blocked
2025-12-14 22:54:25 - trades.CHFMXNm - DEBUG - [SKIP] Cannot open trade: Entry filter: Session guard: rollover window 21:00-23:00 GMT blocked
2025-12-14 22:55:36 - trades.CHFMXNm - DEBUG - [SKIP] Cannot open trade: Entry filter: Session guard: last 5 minutes of hour blocked
2025-12-14 22:56:46 - trades.CHFMXNm - DEBUG - [SKIP] Cannot open trade: Entry filter: Session guard: last 5 minutes of hour blocked
2025-12-14 22:57:51 - trades.CHFMXNm - DEBUG - [SKIP] Cannot open trade: Entry filter: Session guard: last 5 minutes of hour blocked
2025-12-14 22:59:04 - trades.CHFMXNm - DEBUG - [SKIP] Cannot open trade: Entry filter: Session guard: last 5 minutes of hour blocked
2025-12-14 23:00:16 - trades.CHFMXNm - DEBUG - [SKIP] Cannot open trade: Entry filter: Session guard: first 5 minutes of hour blocked
2025-12-14 23:01:56 - trades.CHFMXNm - DEBUG - [SKIP] Cannot open trade: Entry filter: Session guard: first 5 minutes of hour blocked
2025-12-14 23:03:09 - trades.CHFMXNm - DEBUG - [SKIP] Cannot open trade: Entry filter: Session guard: first 5 minutes of hour blocked
2025-12-14 23:04:24 - trades.CHFMXNm - DEBUG - [SKIP] Cannot open trade: Entry filter: Session guard: first 5 minutes of hour blocked
2025-12-14 23:05:38 - trades.CHFMXNm - DEBUG - [SKIP] Cannot open trade: Entry filter: Spread sanity: spread 454.2% of avg range > max 20.0%
2025-12-14 23:07:01 - trades.CHFMXNm - DEBUG - [SKIP] Cannot open trade: Entry filter: Spread sanity: spread 302.4% of avg range > max 20.0%
2025-12-14 23:08:10 - trades.CHFMXNm - DEBUG - [SKIP] Cannot open trade: Entry filter: Spread sanity: spread 322.8% of avg range > max 20.0%
2025-12-14 23:09:20 - trades.CHFMXNm - DEBUG - [SKIP] Cannot open trade: Entry filter: Spread sanity: spread 353.0% of avg range > max 20.0%
2025-12-14 23:10:28 - trades.CHFMXNm - DEBUG - [SKIP] Cannot open trade: Entry filter: Spread sanity: spread 389.2% of avg range > max 20.0%
2025-12-14 23:11:34 - trades.CHFMXNm - DEBUG - [SKIP] Cannot open trade: Entry filter: Spread sanity: spread 436.8% of avg range > max 20.0%
2025-12-14 23:12:37 - trades.CHFMXNm - DEBUG - [SKIP] Cannot open trade: Entry filter: Spread sanity: spread 490.5% of avg range > max 20.0%
2025-12-14 23:14:49 - trades.CHFMXNm - DEBUG - [SKIP] Cannot open trade: Entry filter: Spread sanity: spread 470.2% of avg range > max 20.0%
2025-12-14 23:15:52 - trades.CHFMXNm - DEBUG - [SKIP] Cannot open trade: Entry filter: Spread sanity: spread 472.2% of avg range > max 20.0%
2025-12-14 23:16:45 - trades.CHFMXNm - DEBUG - [SKIP] Cannot open trade: Entry filter: Spread sanity: spread 492.0% of avg range > max 20.0%
2025-12-14 23:17:43 - trades.CHFMXNm - DEBUG - [SKIP] Cannot open trade: Entry filter: Spread sanity: spread 529.1% of avg range > max 20.0%
2025-12-14 23:18:36 - trades.CHFMXNm - DEBUG - [SKIP] Cannot open trade: Entry filter: Spread sanity: spread 525.3% of avg range > max 20.0%
2025-12-14 23:23:25 - trades.CHFMXNm - DEBUG - [SKIP] Cannot open trade: Entry filter: Spread sanity: spread 931.7% of avg range > max 20.0%
2025-12-14 23:24:50 - trades.CHFMXNm - DEBUG - [SKIP] Cannot open trade: Entry filter: Spread sanity: spread 1012.4% of avg range > max 20.0%
2025-12-14 23:26:24 - trades.CHFMXNm - DEBUG - [SKIP] Cannot open trade: Entry filter: Spread sanity: spread 1385.3% of avg range > max 20.0%
2025-12-14 23:27:31 - trades.CHFMXNm - DEBUG - [SKIP] Cannot open trade: Entry filter: Spread sanity: spread 1389.7% of avg range > max 20.0%
2025-12-14 23:30:13 - trades.CHFMXNm - DEBUG - [SKIP] Cannot open trade: Entry filter: Spread sanity: spread 1445.9% of avg range > max 20.0%
2025-12-14 23:49:14 - trades.CHFMXNm - DEBUG - [SKIP] Cannot open trade: Entry filter: Spread sanity: spread 1151.3% of avg range > max 20.0%
2025-12-14 23:51:37 - trades.CHFMXNm - DEBUG - [SKIP] Cannot open trade: Circuit breaker: Consecutive losses >= 10 (10 losses) (resumes in 1768s)
2025-12-14 23:53:38 - trades.CHFMXNm - DEBUG - [SKIP] Cannot open trade: Circuit breaker: Consecutive losses >= 10 (10 losses) (resumes in 1647s)
2025-12-14 23:54:45 - trades.CHFMXNm - DEBUG - [SKIP] Cannot open trade: Circuit breaker: Consecutive losses >= 10 (10 losses) (resumes in 1580s)
2025-12-14 23:55:59 - trades.CHFMXNm - DEBUG - [SKIP] Cannot open trade: Circuit breaker: Consecutive losses >= 10 (10 losses) (resumes in 1506s)
2025-12-14 23:58:18 - trades.CHFMXNm - DEBUG - [SKIP] Cannot open trade: Circuit breaker: Consecutive losses >= 10 (10 losses) (resumes in 1367s)
2025-12-14 23:59:18 - trades.CHFMXNm - DEBUG - [SKIP] Cannot open trade: Circuit breaker: Consecutive losses >= 10 (10 losses) (resumes in 1308s)
2025-12-15 00:19:15 - trades.CHFMXNm - DEBUG - [SKIP] Cannot open trade: Circuit breaker: Consecutive losses >= 10 (10 losses) (resumes in 110s)
2025-12-15 00:38:32 - trades.CHFMXNm - DEBUG - [SKIP] Cannot open trade: Circuit breaker: Consecutive losses >= 10 (10 losses) (resumes in 791s)
2025-12-15 01:05:37 - trades.CHFMXNm - DEBUG - [SKIP] Cannot open trade: Circuit breaker: Consecutive losses >= 10 (10 losses) (resumes in 995s)
2025-12-15 01:06:26 - trades.CHFMXNm - DEBUG - [SKIP] Cannot open trade: Circuit breaker: Consecutive losses >= 10 (10 losses) (resumes in 947s)
2025-12-15 01:07:16 - trades.CHFMXNm - DEBUG - [SKIP] Cannot open trade: Circuit breaker: Consecutive losses >= 10 (10 losses) (resumes in 897s)
2025-12-15 01:08:02 - trades.CHFMXNm - DEBUG - [SKIP] Cannot open trade: Circuit breaker: Consecutive losses >= 10 (10 losses) (resumes in 851s)
2025-12-15 01:08:55 - trades.CHFMXNm - DEBUG - [SKIP] Cannot open trade: Circuit breaker: Consecutive losses >= 10 (10 losses) (resumes in 798s)
2025-12-15 01:09:42 - trades.CHFMXNm - DEBUG - [SKIP] Cannot open trade: Circuit breaker: Consecutive losses >= 10 (10 losses) (resumes in 751s)
2025-12-15 02:29:44 - trades.CHFMXNm - DEBUG - [SKIP] Cannot open trade: Circuit breaker: Consecutive losses >= 10 (10 losses) (resumes in 1481s)
2025-12-15 08:06:33 - trades.CHFMXNm - DEBUG - [SKIP] Cannot open trade: Circuit breaker: Consecutive losses >= 10 (10 losses)
2025-12-15 08:46:23 - trades.CHFMXNm - DEBUG - [SKIP] Cannot open trade: Circuit breaker: Consecutive losses >= 10 (10 losses) (resumes in 1271s)
