2025-12-14 22:36:11 - trades.CHFSEKm - DEBUG - [SKIP] Cannot open trade: Entry filter: Session guard: rollover window 21:00-23:00 GMT blocked
2025-12-14 22:36:39 - trades.CHFSEKm - DEBUG - [SKIP] Cannot open trade: Entry filter: Session guard: rollover window 21:00-23:00 GMT blocked
2025-12-14 22:37:08 - trades.CHFSEKm - DEBUG - [SKIP] Cannot open trade: Entry filter: Session guard: rollover window 21:00-23:00 GMT blocked
2025-12-14 22:37:36 - trades.CHFSEKm - DEBUG - [SKIP] Cannot open trade: Entry filter: Session guard: rollover window 21:00-23:00 GMT blocked
2025-12-14 22:38:05 - trades.CHFSEKm - DEBUG - [SKIP] Cannot open trade: Entry filter: Session guard: rollover window 21:00-23:00 GMT blocked
2025-12-14 22:38:51 - trades.CHFSEKm - DEBUG - [SKIP] Cannot open trade: Entry filter: Session guard: rollover window 21:00-23:00 GMT blocked
2025-12-14 22:39:57 - trades.CHFSEKm - DEBUG - [SKIP] Cannot open trade: Entry filter: Session guard: rollover window 21:00-23:00 GMT blocked
2025-12-14 22:41:11 - trades.CHFSEKm - DEBUG - [SKIP] Cannot open trade: Entry filter: Session guard: rollover window 21:00-23:00 GMT blocked
2025-12-14 22:42:25 - trades.CHFSEKm - DEBUG - [SKIP] Cannot open trade: Entry filter: Session guard: rollover window 21:00-23:00 GMT blocked
2025-12-14 22:43:41 - trades.CHFSEKm - DEBUG - [SKIP] Cannot open trade: Entry filter: Session guard: rollover window 21:00-23:00 GMT blocked
2025-12-14 22:47:58 - trades.CHFSEKm - DEBUG - [SKIP] Cannot open trade: Entry filter: Session guard: rollover window 21:00-23:00 GMT blocked
2025-12-14 22:49:06 - trades.CHFSEKm - DEBUG - [SKIP] Cannot open trade: Entry filter: Session guard: rollover window 21:00-23:00 GMT blocked
2025-12-14 22:50:16 - trades.CHFSEKm - DEBUG - [SKIP] Cannot open trade: Entry filter: Session guard: rollover window 21:00-23:00 GMT blocked
2025-12-14 22:51:19 - trades.CHFSEKm - DEBUG - [SKIP] Cannot open trade: Entry filter: Session guard: rollover window 21:00-23:00 GMT blocked
2025-12-14 22:52:24 - trades.CHFSEKm - DEBUG - [SKIP] Cannot open trade: Entry filter: Session guard: rollover window 21:00-23:00 GMT blocked
2025-12-14 22:53:34 - trades.CHFSEKm - DEBUG - [SKIP] Cannot open trade: Entry filter: Session guard: rollover window 21:00-23:00 GMT blocked
2025-12-14 22:54:41 - trades.CHFSEKm - DEBUG - [SKIP] Cannot open trade: Entry filter: Session guard: rollover window 21:00-23:00 GMT blocked
2025-12-14 22:55:49 - trades.CHFSEKm - DEBUG - [SKIP] Cannot open trade: Entry filter: Session guard: last 5 minutes of hour blocked
2025-12-14 22:56:59 - trades.CHFSEKm - DEBUG - [SKIP] Cannot open trade: Entry filter: Session guard: last 5 minutes of hour blocked
2025-12-14 22:58:08 - trades.CHFSEKm - DEBUG - [SKIP] Cannot open trade: Entry filter: Session guard: last 5 minutes of hour blocked
2025-12-14 22:59:15 - trades.CHFSEKm - DEBUG - [SKIP] Cannot open trade: Entry filter: Session guard: last 5 minutes of hour blocked
2025-12-14 23:01:46 - trades.CHFSEKm - DEBUG - [SKIP] Cannot open trade: Entry filter: Session guard: first 5 minutes of hour blocked
2025-12-14 23:02:55 - trades.CHFSEKm - DEBUG - [SKIP] Cannot open trade: Entry filter: Session guard: first 5 minutes of hour blocked
2025-12-14 23:04:08 - trades.CHFSEKm - DEBUG - [SKIP] Cannot open trade: Entry filter: Session guard: first 5 minutes of hour blocked
2025-12-14 23:05:22 - trades.CHFSEKm - DEBUG - [SKIP] Cannot open trade: Entry filter: Spread sanity: spread 2575.8% of avg range > max 20.0%
2025-12-14 23:06:46 - trades.CHFSEKm - DEBUG - [SKIP] Cannot open trade: Entry filter: Spread sanity: spread 2506.1% of avg range > max 20.0%
2025-12-14 23:10:14 - trades.CHFSEKm - DEBUG - [SKIP] Cannot open trade: Entry filter: Spread sanity: spread 2038.4% of avg range > max 20.0%
2025-12-14 23:11:24 - trades.CHFSEKm - DEBUG - [SKIP] Cannot open trade: Entry filter: Spread sanity: spread 1814.6% of avg range > max 20.0%
2025-12-14 23:12:24 - trades.CHFSEKm - DEBUG - [SKIP] Cannot open trade: Entry filter: Spread sanity: spread 1327.7% of avg range > max 20.0%
2025-12-14 23:13:28 - trades.CHFSEKm - DEBUG - [SKIP] Cannot open trade: Entry filter: Spread sanity: spread 1222.5% of avg range > max 20.0%
2025-12-14 23:17:34 - trades.CHFSEKm - DEBUG - [SKIP] Cannot open trade: Entry filter: Spread sanity: spread 999.0% of avg range > max 20.0%
2025-12-14 23:18:28 - trades.CHFSEKm - DEBUG - [SKIP] Cannot open trade: Entry filter: Spread sanity: spread 999.7% of avg range > max 20.0%
2025-12-14 23:19:35 - trades.CHFSEKm - DEBUG - [SKIP] Cannot open trade: Entry filter: Spread sanity: spread 1017.4% of avg range > max 20.0%
2025-12-14 23:20:55 - trades.CHFSEKm - DEBUG - [SKIP] Cannot open trade: Entry filter: Spread sanity: spread 1032.6% of avg range > max 20.0%
2025-12-14 23:22:07 - trades.CHFSEKm - DEBUG - [SKIP] Cannot open trade: Entry filter: Spread sanity: spread 1350.1% of avg range > max 20.0%
2025-12-14 23:43:21 - trades.CHFSEKm - DEBUG - [SKIP] Cannot open trade: Entry filter: Spread sanity: spread 30061.4% of avg range > max 20.0%
2025-12-15 06:25:51 - trades.CHFSEKm - DEBUG - [SKIP] Cannot open trade: Circuit breaker: Consecutive losses >= 10 (10 losses) (resumes in 322s)
2025-12-15 08:25:32 - trades.CHFSEKm - DEBUG - [SKIP] Cannot open trade: Circuit breaker: Consecutive losses >= 10 (10 losses) (resumes in 661s)
