{"timestamp": "2026-01-02 20:40:57", "symbol": "DE30m", "trade_type": "SHORT", "entry_price": 24568.6, "exit_price": 24567.1, "profit_usd": 0.02, "status": "CLOSED", "order_id": "625303363", "additional_info": {"entry_price_requested": 24568.6, "lot_size": 0.01, "stop_loss_pips": 2559.6832818552502, "stop_loss_price": 24824.568328185524, "slippage": 0.0, "quality_score": 85, "spread_points": 0.6512377587661417, "spread_fees_cost": 0.016000000000021827, "risk_usd": 2.5596832818552504, "min_lot": 0.01, "min_lot_source": "broker", "sma_fast": 24530.870000000003, "sma_slow": 24552.61, "rsi": 77.35426008969124, "duration_minutes": 4.533333333333333, "close_reason": "Micro-HFT sweet spot profit", "commission": 0.0, "swap": 0.0}}
{"timestamp": "2026-01-05 07:29:42", "symbol": "DE30m", "trade_type": "LONG", "entry_price": 24663.7, "exit_price": 24667.6, "profit_usd": 0.05, "status": "CLOSED", "order_id": "630842363", "additional_info": {"entry_price_requested": 24667.2, "lot_size": 0.01, "stop_loss_pips": 2566.4277037315696, "stop_loss_price": 24410.557229626844, "slippage": 3.5, "quality_score": 70, "spread_points": 0.6486766995338378, "spread_fees_cost": 0.016000000000021827, "risk_usd": 2.5664277037315695, "min_lot": 0.01, "min_lot_source": "broker", "sma_fast": 24679.579999999998, "sma_slow": 24669.577999999998, "rsi": 30.08849557522636, "duration_minutes": 0.6, "close_reason": "Micro-HFT sweet spot profit", "commission": 0.0, "swap": 0.0}}
{"timestamp": "2026-01-05 07:31:39", "symbol": "DE30m", "trade_type": "LONG", "entry_price": 24674.3, "exit_price": 24676.3, "profit_usd": 0.02, "status": "CLOSED", "order_id": "630834822", "additional_info": {"entry_price_requested": 24674.3, "lot_size": 0.01, "stop_loss_pips": 2566.3398860545203, "stop_loss_price": 24417.666011394547, "slippage": 0.0, "quality_score": 63, "spread_points": 0.6484900314917074, "spread_fees_cost": 0.01599999999998545, "risk_usd": 2.5663398860545206, "min_lot": 0.01, "min_lot_source": "broker", "sma_fast": 24680.8, "sma_slow": 24670.462000000003, "rsi": 56.60377358490371, "duration_minutes": 4.566666666666666, "close_reason": "Micro-HFT sweet spot profit", "commission": 0.0, "swap": 0.0}}
{"timestamp": "2026-01-05 07:48:23", "symbol": "DE30m", "trade_type": "LONG", "entry_price": 24670.7, "exit_price": 24674.0, "profit_usd": 0.04, "status": "CLOSED", "order_id": "630861163", "additional_info": {"entry_price_requested": 24670.7, "lot_size": 0.01, "stop_loss_pips": 2567.2183333618523, "stop_loss_price": 24413.978166663816, "slippage": 0.0, "quality_score": 55, "spread_points": 0.6485846666486345, "spread_fees_cost": 0.016000000000021827, "risk_usd": 2.5672183333618523, "min_lot": 0.01, "min_lot_source": "broker", "sma_fast": 24675.885000000002, "sma_slow": 24667.732000000004, "rsi": 30.737704918030957, "duration_minutes": 15.45, "close_reason": "Small profit target or slippage", "commission": 0.0, "swap": 0.0}}
2026-01-05 07:48:26 - trades.DE30m - INFO -    Symbol: DE30m
2026-01-05 07:48:26 - trades.DE30m - INFO -    Ticket: 630861163
2026-01-05 07:48:26 - trades.DE30m - INFO -    Entry Time: 2026-01-05 07:32:56
2026-01-05 07:48:26 - trades.DE30m - INFO -    Entry Price: 24670.70000
2026-01-05 07:48:26 - trades.DE30m - INFO -    Close Time: 2026-01-05 07:48:23
2026-01-05 07:48:26 - trades.DE30m - INFO -    Close Price: 24674.00000
2026-01-05 07:48:26 - trades.DE30m - INFO -    Profit/Loss: $0.04 USD
2026-01-05 07:48:26 - trades.DE30m - INFO -    Duration: 15.4 minutes
2026-01-05 07:48:26 - trades.DE30m - INFO -    Close Reason: Small profit target or slippage
2026-01-05 07:48:26 - trades.DE30m - INFO -    Commission: 0.0
2026-01-05 07:48:26 - trades.DE30m - INFO -    Swap: 0.0
2026-01-05 07:48:26 - trades.DE30m - INFO - ================================================================================
2026-01-05 08:00:08 - trades.DE30m - DEBUG - [SKIP] Cannot open trade: Entry filter: Session guard: first 1 minutes of hour blocked
2026-01-05 08:08:30 - trades.DE30m - DEBUG - [SKIP] Cannot open trade: Entry filter: Candle quality: current range 50.4% of avg < min 55.0%
2026-01-05 08:10:10 - trades.DE30m - DEBUG - [SKIP] Cannot open trade: Entry filter: Candle quality: current range 40.4% of avg < min 55.0%
2026-01-05 08:11:50 - trades.DE30m - DEBUG - [SKIP] Cannot open trade: Entry filter: Candle quality: current range 44.0% of avg < min 55.0%
2026-01-05 08:13:29 - trades.DE30m - DEBUG - [SKIP] Cannot open trade: Entry filter: Candle quality: current range 34.6% of avg < min 55.0%
2026-01-05 08:15:09 - trades.DE30m - DEBUG - [SKIP] Cannot open trade: Entry filter: Candle quality: current range 46.0% of avg < min 55.0%
