2025-12-14 22:29:37 - trades.EURNOKm - DEBUG - [SKIP] Cannot open trade: Entry filter: Session guard: rollover window 21:00-23:00 GMT blocked
2025-12-14 22:30:06 - trades.EURNOKm - DEBUG - [SKIP] Cannot open trade: Entry filter: Session guard: rollover window 21:00-23:00 GMT blocked
2025-12-14 22:30:33 - trades.EURNOKm - DEBUG - [SKIP] Cannot open trade: Entry filter: Session guard: rollover window 21:00-23:00 GMT blocked
2025-12-14 22:31:01 - trades.EURNOKm - DEBUG - [SKIP] Cannot open trade: Entry filter: Session guard: rollover window 21:00-23:00 GMT blocked
2025-12-14 22:31:29 - trades.EURNOKm - DEBUG - [SKIP] Cannot open trade: Entry filter: Session guard: rollover window 21:00-23:00 GMT blocked
2025-12-14 22:31:56 - trades.EURNOKm - DEBUG - [SKIP] Cannot open trade: Entry filter: Session guard: rollover window 21:00-23:00 GMT blocked
2025-12-14 22:41:14 - trades.EURNOKm - DEBUG - [SKIP] Cannot open trade: Entry filter: Session guard: rollover window 21:00-23:00 GMT blocked
2025-12-14 22:42:29 - trades.EURNOKm - DEBUG - [SKIP] Cannot open trade: Entry filter: Session guard: rollover window 21:00-23:00 GMT blocked
2025-12-14 22:43:46 - trades.EURNOKm - DEBUG - [SKIP] Cannot open trade: Entry filter: Session guard: rollover window 21:00-23:00 GMT blocked
2025-12-14 22:44:52 - trades.EURNOKm - DEBUG - [SKIP] Cannot open trade: Entry filter: Session guard: rollover window 21:00-23:00 GMT blocked
2025-12-14 22:47:01 - trades.EURNOKm - DEBUG - [SKIP] Cannot open trade: Entry filter: Session guard: rollover window 21:00-23:00 GMT blocked
2025-12-14 22:48:01 - trades.EURNOKm - DEBUG - [SKIP] Cannot open trade: Entry filter: Session guard: rollover window 21:00-23:00 GMT blocked
2025-12-14 22:49:09 - trades.EURNOKm - DEBUG - [SKIP] Cannot open trade: Entry filter: Session guard: rollover window 21:00-23:00 GMT blocked
2025-12-14 22:50:19 - trades.EURNOKm - DEBUG - [SKIP] Cannot open trade: Entry filter: Session guard: rollover window 21:00-23:00 GMT blocked
2025-12-14 22:51:22 - trades.EURNOKm - DEBUG - [SKIP] Cannot open trade: Entry filter: Session guard: rollover window 21:00-23:00 GMT blocked
2025-12-14 22:52:28 - trades.EURNOKm - DEBUG - [SKIP] Cannot open trade: Entry filter: Session guard: rollover window 21:00-23:00 GMT blocked
2025-12-14 22:53:36 - trades.EURNOKm - DEBUG - [SKIP] Cannot open trade: Entry filter: Session guard: rollover window 21:00-23:00 GMT blocked
2025-12-14 22:54:44 - trades.EURNOKm - DEBUG - [SKIP] Cannot open trade: Entry filter: Session guard: rollover window 21:00-23:00 GMT blocked
2025-12-14 22:55:53 - trades.EURNOKm - DEBUG - [SKIP] Cannot open trade: Entry filter: Session guard: last 5 minutes of hour blocked
2025-12-14 22:57:03 - trades.EURNOKm - DEBUG - [SKIP] Cannot open trade: Entry filter: Session guard: last 5 minutes of hour blocked
2025-12-14 22:58:09 - trades.EURNOKm - DEBUG - [SKIP] Cannot open trade: Entry filter: Session guard: last 5 minutes of hour blocked
2025-12-14 22:59:16 - trades.EURNOKm - DEBUG - [SKIP] Cannot open trade: Entry filter: Session guard: last 5 minutes of hour blocked
2025-12-14 23:00:28 - trades.EURNOKm - DEBUG - [SKIP] Cannot open trade: Entry filter: Session guard: first 5 minutes of hour blocked
2025-12-14 23:01:44 - trades.EURNOKm - DEBUG - [SKIP] Cannot open trade: Entry filter: Session guard: first 5 minutes of hour blocked
2025-12-14 23:02:56 - trades.EURNOKm - DEBUG - [SKIP] Cannot open trade: Entry filter: Session guard: first 5 minutes of hour blocked
2025-12-14 23:04:10 - trades.EURNOKm - DEBUG - [SKIP] Cannot open trade: Entry filter: Session guard: first 5 minutes of hour blocked
2025-12-14 23:05:24 - trades.EURNOKm - DEBUG - [SKIP] Cannot open trade: Entry filter: Spread sanity: spread 1419.4% of avg range > max 20.0%
2025-12-14 23:06:49 - trades.EURNOKm - DEBUG - [SKIP] Cannot open trade: Entry filter: Spread sanity: spread 1393.7% of avg range > max 20.0%
2025-12-14 23:07:58 - trades.EURNOKm - DEBUG - [SKIP] Cannot open trade: Entry filter: Spread sanity: spread 1565.2% of avg range > max 20.0%
2025-12-14 23:09:06 - trades.EURNOKm - DEBUG - [SKIP] Cannot open trade: Entry filter: Spread sanity: spread 1486.6% of avg range > max 20.0%
2025-12-14 23:12:27 - trades.EURNOKm - DEBUG - [SKIP] Cannot open trade: Entry filter: Spread sanity: spread 1594.1% of avg range > max 20.0%
2025-12-14 23:13:30 - trades.EURNOKm - DEBUG - [SKIP] Cannot open trade: Entry filter: Spread sanity: spread 1493.7% of avg range > max 20.0%
2025-12-14 23:15:44 - trades.EURNOKm - DEBUG - [SKIP] Cannot open trade: Entry filter: Spread sanity: spread 1768.9% of avg range > max 20.0%
2025-12-14 23:16:38 - trades.EURNOKm - DEBUG - [SKIP] Cannot open trade: Entry filter: Spread sanity: spread 1683.0% of avg range > max 20.0%
2025-12-14 23:17:35 - trades.EURNOKm - DEBUG - [SKIP] Cannot open trade: Entry filter: Spread sanity: spread 1678.7% of avg range > max 20.0%
2025-12-14 23:18:29 - trades.EURNOKm - DEBUG - [SKIP] Cannot open trade: Entry filter: Spread sanity: spread 1801.7% of avg range > max 20.0%
2025-12-14 23:19:37 - trades.EURNOKm - DEBUG - [SKIP] Cannot open trade: Entry filter: Spread sanity: spread 1606.4% of avg range > max 20.0%
2025-12-14 23:20:57 - trades.EURNOKm - DEBUG - [SKIP] Cannot open trade: Entry filter: Spread sanity: spread 1764.8% of avg range > max 20.0%
2025-12-14 23:22:10 - trades.EURNOKm - DEBUG - [SKIP] Cannot open trade: Entry filter: Spread sanity: spread 1720.5% of avg range > max 20.0%
2025-12-14 23:23:18 - trades.EURNOKm - DEBUG - [SKIP] Cannot open trade: Entry filter: Spread sanity: spread 1786.5% of avg range > max 20.0%
2025-12-14 23:24:39 - trades.EURNOKm - DEBUG - [SKIP] Cannot open trade: Entry filter: Spread sanity: spread 1446.4% of avg range > max 20.0%
2025-12-14 23:26:15 - trades.EURNOKm - DEBUG - [SKIP] Cannot open trade: Entry filter: Spread sanity: spread 1479.6% of avg range > max 20.0%
2025-12-14 23:27:19 - trades.EURNOKm - DEBUG - [SKIP] Cannot open trade: Entry filter: Spread sanity: spread 1427.0% of avg range > max 20.0%
2025-12-14 23:28:36 - trades.EURNOKm - DEBUG - [SKIP] Cannot open trade: Entry filter: Spread sanity: spread 1424.7% of avg range > max 20.0%
2025-12-14 23:29:49 - trades.EURNOKm - DEBUG - [SKIP] Cannot open trade: Entry filter: Spread sanity: spread 1437.4% of avg range > max 20.0%
2025-12-14 23:31:19 - trades.EURNOKm - DEBUG - [SKIP] Cannot open trade: Entry filter: Spread sanity: spread 1726.4% of avg range > max 20.0%
2025-12-14 23:32:36 - trades.EURNOKm - DEBUG - [SKIP] Cannot open trade: Entry filter: Spread sanity: spread 1476.4% of avg range > max 20.0%
2025-12-14 23:33:48 - trades.EURNOKm - DEBUG - [SKIP] Cannot open trade: Entry filter: Spread sanity: spread 1473.8% of avg range > max 20.0%
2025-12-14 23:35:23 - trades.EURNOKm - DEBUG - [SKIP] Cannot open trade: Entry filter: Spread sanity: spread 1565.6% of avg range > max 20.0%
2025-12-14 23:36:35 - trades.EURNOKm - DEBUG - [SKIP] Cannot open trade: Entry filter: Spread sanity: spread 1630.1% of avg range > max 20.0%
2025-12-14 23:37:54 - trades.EURNOKm - DEBUG - [SKIP] Cannot open trade: Entry filter: Spread sanity: spread 1457.9% of avg range > max 20.0%
2025-12-14 23:39:30 - trades.EURNOKm - DEBUG - [SKIP] Cannot open trade: Entry filter: Spread sanity: spread 1830.2% of avg range > max 20.0%
2025-12-14 23:40:33 - trades.EURNOKm - DEBUG - [SKIP] Cannot open trade: Entry filter: Spread sanity: spread 1513.5% of avg range > max 20.0%
2025-12-14 23:41:52 - trades.EURNOKm - DEBUG - [SKIP] Cannot open trade: Entry filter: Spread sanity: spread 1613.3% of avg range > max 20.0%
2025-12-14 23:48:51 - trades.EURNOKm - DEBUG - [SKIP] Cannot open trade: Entry filter: Spread sanity: spread 1856.8% of avg range > max 20.0%
2025-12-14 23:52:28 - trades.EURNOKm - DEBUG - [SKIP] Cannot open trade: Circuit breaker: Consecutive losses >= 10 (10 losses) (resumes in 1717s)
2025-12-14 23:53:24 - trades.EURNOKm - DEBUG - [SKIP] Cannot open trade: Circuit breaker: Consecutive losses >= 10 (10 losses) (resumes in 1661s)
2025-12-15 00:15:17 - trades.EURNOKm - DEBUG - [SKIP] Cannot open trade: Circuit breaker: Consecutive losses >= 10 (10 losses) (resumes in 348s)
2025-12-15 00:31:04 - trades.EURNOKm - DEBUG - [SKIP] Cannot open trade: Circuit breaker: Consecutive losses >= 10 (10 losses) (resumes in 1238s)
2025-12-15 06:32:10 - trades.EURNOKm - DEBUG - [SKIP] Cannot open trade: Circuit breaker: Consecutive losses >= 10 (10 losses)
2025-12-15 07:19:04 - trades.EURNOKm - DEBUG - [SKIP] Cannot open trade: Circuit breaker: Consecutive losses >= 10 (10 losses) (resumes in 874s)
2025-12-15 08:28:14 - trades.EURNOKm - DEBUG - [SKIP] Cannot open trade: Circuit breaker: Consecutive losses >= 10 (10 losses) (resumes in 499s)
2025-12-15 08:51:23 - trades.EURNOKm - DEBUG - [SKIP] Cannot open trade: Circuit breaker: Consecutive losses >= 10 (10 losses) (resumes in 972s)
2025-12-15 10:03:20 - trades.EURNOKm - DEBUG - [SKIP] Cannot open trade: Circuit breaker: Consecutive losses >= 10 (10 losses) (resumes in 328s)
