2025-12-14 22:28:18 - trades.EURSEKm - DEBUG - [SKIP] Cannot open trade: Entry filter: Session guard: rollover window 21:00-23:00 GMT blocked
2025-12-14 22:28:45 - trades.EURSEKm - DEBUG - [SKIP] Cannot open trade: Entry filter: Session guard: rollover window 21:00-23:00 GMT blocked
2025-12-14 22:29:11 - trades.EURSEKm - DEBUG - [SKIP] Cannot open trade: Entry filter: Session guard: rollover window 21:00-23:00 GMT blocked
2025-12-14 22:29:37 - trades.EURSEKm - DEBUG - [SKIP] Cannot open trade: Entry filter: Session guard: rollover window 21:00-23:00 GMT blocked
2025-12-14 22:30:06 - trades.EURSEKm - DEBUG - [SKIP] Cannot open trade: Entry filter: Session guard: rollover window 21:00-23:00 GMT blocked
2025-12-14 22:30:33 - trades.EURSEKm - DEBUG - [SKIP] Cannot open trade: Entry filter: Session guard: rollover window 21:00-23:00 GMT blocked
2025-12-14 22:31:01 - trades.EURSEKm - DEBUG - [SKIP] Cannot open trade: Entry filter: Session guard: rollover window 21:00-23:00 GMT blocked
2025-12-14 22:31:29 - trades.EURSEKm - DEBUG - [SKIP] Cannot open trade: Entry filter: Session guard: rollover window 21:00-23:00 GMT blocked
2025-12-14 22:31:57 - trades.EURSEKm - DEBUG - [SKIP] Cannot open trade: Entry filter: Session guard: rollover window 21:00-23:00 GMT blocked
2025-12-14 22:32:25 - trades.EURSEKm - DEBUG - [SKIP] Cannot open trade: Entry filter: Session guard: rollover window 21:00-23:00 GMT blocked
2025-12-14 22:32:53 - trades.EURSEKm - DEBUG - [SKIP] Cannot open trade: Entry filter: Session guard: rollover window 21:00-23:00 GMT blocked
2025-12-14 22:33:21 - trades.EURSEKm - DEBUG - [SKIP] Cannot open trade: Entry filter: Session guard: rollover window 21:00-23:00 GMT blocked
2025-12-14 22:33:50 - trades.EURSEKm - DEBUG - [SKIP] Cannot open trade: Entry filter: Session guard: rollover window 21:00-23:00 GMT blocked
2025-12-14 22:34:18 - trades.EURSEKm - DEBUG - [SKIP] Cannot open trade: Entry filter: Session guard: rollover window 21:00-23:00 GMT blocked
2025-12-14 22:34:47 - trades.EURSEKm - DEBUG - [SKIP] Cannot open trade: Entry filter: Session guard: rollover window 21:00-23:00 GMT blocked
2025-12-14 22:35:15 - trades.EURSEKm - DEBUG - [SKIP] Cannot open trade: Entry filter: Session guard: rollover window 21:00-23:00 GMT blocked
2025-12-14 22:35:43 - trades.EURSEKm - DEBUG - [SKIP] Cannot open trade: Entry filter: Session guard: rollover window 21:00-23:00 GMT blocked
2025-12-14 22:36:11 - trades.EURSEKm - DEBUG - [SKIP] Cannot open trade: Entry filter: Session guard: rollover window 21:00-23:00 GMT blocked
2025-12-14 22:36:40 - trades.EURSEKm - DEBUG - [SKIP] Cannot open trade: Entry filter: Session guard: rollover window 21:00-23:00 GMT blocked
2025-12-14 22:37:08 - trades.EURSEKm - DEBUG - [SKIP] Cannot open trade: Entry filter: Session guard: rollover window 21:00-23:00 GMT blocked
2025-12-14 22:37:36 - trades.EURSEKm - DEBUG - [SKIP] Cannot open trade: Entry filter: Session guard: rollover window 21:00-23:00 GMT blocked
2025-12-14 22:38:06 - trades.EURSEKm - DEBUG - [SKIP] Cannot open trade: Entry filter: Session guard: rollover window 21:00-23:00 GMT blocked
2025-12-14 22:38:51 - trades.EURSEKm - DEBUG - [SKIP] Cannot open trade: Entry filter: Session guard: rollover window 21:00-23:00 GMT blocked
2025-12-14 22:40:00 - trades.EURSEKm - DEBUG - [SKIP] Cannot open trade: Entry filter: Session guard: rollover window 21:00-23:00 GMT blocked
2025-12-14 22:41:17 - trades.EURSEKm - DEBUG - [SKIP] Cannot open trade: Entry filter: Session guard: rollover window 21:00-23:00 GMT blocked
2025-12-14 22:42:31 - trades.EURSEKm - DEBUG - [SKIP] Cannot open trade: Entry filter: Session guard: rollover window 21:00-23:00 GMT blocked
2025-12-14 22:43:46 - trades.EURSEKm - DEBUG - [SKIP] Cannot open trade: Entry filter: Session guard: rollover window 21:00-23:00 GMT blocked
2025-12-14 22:46:04 - trades.EURSEKm - DEBUG - [SKIP] Cannot open trade: Entry filter: Session guard: rollover window 21:00-23:00 GMT blocked
2025-12-14 22:47:07 - trades.EURSEKm - DEBUG - [SKIP] Cannot open trade: Entry filter: Session guard: rollover window 21:00-23:00 GMT blocked
2025-12-14 22:48:07 - trades.EURSEKm - DEBUG - [SKIP] Cannot open trade: Entry filter: Session guard: rollover window 21:00-23:00 GMT blocked
2025-12-14 22:49:14 - trades.EURSEKm - DEBUG - [SKIP] Cannot open trade: Entry filter: Session guard: rollover window 21:00-23:00 GMT blocked
2025-12-14 22:50:26 - trades.EURSEKm - DEBUG - [SKIP] Cannot open trade: Entry filter: Session guard: rollover window 21:00-23:00 GMT blocked
2025-12-14 22:51:24 - trades.EURSEKm - DEBUG - [SKIP] Cannot open trade: Entry filter: Session guard: rollover window 21:00-23:00 GMT blocked
2025-12-14 22:52:32 - trades.EURSEKm - DEBUG - [SKIP] Cannot open trade: Entry filter: Session guard: rollover window 21:00-23:00 GMT blocked
2025-12-14 22:53:41 - trades.EURSEKm - DEBUG - [SKIP] Cannot open trade: Entry filter: Session guard: rollover window 21:00-23:00 GMT blocked
2025-12-14 22:54:45 - trades.EURSEKm - DEBUG - [SKIP] Cannot open trade: Entry filter: Session guard: rollover window 21:00-23:00 GMT blocked
2025-12-14 22:55:54 - trades.EURSEKm - DEBUG - [SKIP] Cannot open trade: Entry filter: Session guard: last 5 minutes of hour blocked
2025-12-14 22:57:05 - trades.EURSEKm - DEBUG - [SKIP] Cannot open trade: Entry filter: Session guard: last 5 minutes of hour blocked
2025-12-14 22:58:11 - trades.EURSEKm - DEBUG - [SKIP] Cannot open trade: Entry filter: Session guard: last 5 minutes of hour blocked
2025-12-14 22:59:17 - trades.EURSEKm - DEBUG - [SKIP] Cannot open trade: Entry filter: Session guard: last 5 minutes of hour blocked
2025-12-14 23:00:29 - trades.EURSEKm - DEBUG - [SKIP] Cannot open trade: Entry filter: Session guard: first 5 minutes of hour blocked
2025-12-14 23:01:47 - trades.EURSEKm - DEBUG - [SKIP] Cannot open trade: Entry filter: Session guard: first 5 minutes of hour blocked
2025-12-14 23:02:57 - trades.EURSEKm - DEBUG - [SKIP] Cannot open trade: Entry filter: Session guard: first 5 minutes of hour blocked
2025-12-14 23:04:14 - trades.EURSEKm - DEBUG - [SKIP] Cannot open trade: Entry filter: Session guard: first 5 minutes of hour blocked
2025-12-14 23:09:10 - trades.EURSEKm - DEBUG - [SKIP] Cannot open trade: Entry filter: Spread sanity: spread 1146.8% of avg range > max 20.0%
2025-12-14 23:10:21 - trades.EURSEKm - DEBUG - [SKIP] Cannot open trade: Entry filter: Spread sanity: spread 1483.7% of avg range > max 20.0%
2025-12-14 23:11:28 - trades.EURSEKm - DEBUG - [SKIP] Cannot open trade: Entry filter: Spread sanity: spread 1412.6% of avg range > max 20.0%
2025-12-14 23:12:32 - trades.EURSEKm - DEBUG - [SKIP] Cannot open trade: Entry filter: Spread sanity: spread 1619.5% of avg range > max 20.0%
2025-12-14 23:17:36 - trades.EURSEKm - DEBUG - [SKIP] Cannot open trade: Entry filter: Spread sanity: spread 2109.1% of avg range > max 20.0%
2025-12-14 23:18:31 - trades.EURSEKm - DEBUG - [SKIP] Cannot open trade: Entry filter: Spread sanity: spread 2032.2% of avg range > max 20.0%
2025-12-14 23:19:39 - trades.EURSEKm - DEBUG - [SKIP] Cannot open trade: Entry filter: Spread sanity: spread 2135.8% of avg range > max 20.0%
2025-12-14 23:21:02 - trades.EURSEKm - DEBUG - [SKIP] Cannot open trade: Entry filter: Spread sanity: spread 2281.6% of avg range > max 20.0%
2025-12-14 23:22:10 - trades.EURSEKm - DEBUG - [SKIP] Cannot open trade: Entry filter: Spread sanity: spread 2351.7% of avg range > max 20.0%
2025-12-14 23:23:19 - trades.EURSEKm - DEBUG - [SKIP] Cannot open trade: Entry filter: Spread sanity: spread 2334.8% of avg range > max 20.0%
2025-12-14 23:26:18 - trades.EURSEKm - DEBUG - [SKIP] Cannot open trade: Entry filter: Spread sanity: spread 2496.9% of avg range > max 20.0%
2025-12-14 23:27:22 - trades.EURSEKm - DEBUG - [SKIP] Cannot open trade: Entry filter: Spread sanity: spread 2535.2% of avg range > max 20.0%
2025-12-14 23:28:38 - trades.EURSEKm - DEBUG - [SKIP] Cannot open trade: Entry filter: Spread sanity: spread 2645.6% of avg range > max 20.0%
2025-12-14 23:29:56 - trades.EURSEKm - DEBUG - [SKIP] Cannot open trade: Entry filter: Spread sanity: spread 2535.7% of avg range > max 20.0%
2025-12-14 23:31:19 - trades.EURSEKm - DEBUG - [SKIP] Cannot open trade: Entry filter: Spread sanity: spread 3018.7% of avg range > max 20.0%
2025-12-14 23:32:39 - trades.EURSEKm - DEBUG - [SKIP] Cannot open trade: Entry filter: Spread sanity: spread 2996.5% of avg range > max 20.0%
2025-12-14 23:33:49 - trades.EURSEKm - DEBUG - [SKIP] Cannot open trade: Entry filter: Spread sanity: spread 3088.8% of avg range > max 20.0%
2025-12-14 23:47:17 - trades.EURSEKm - DEBUG - [SKIP] Cannot open trade: Entry filter: Spread sanity: spread 3958.6% of avg range > max 20.0%
2025-12-14 23:48:53 - trades.EURSEKm - DEBUG - [SKIP] Cannot open trade: Entry filter: Spread sanity: spread 4015.4% of avg range > max 20.0%
2025-12-14 23:50:11 - trades.EURSEKm - DEBUG - [SKIP] Cannot open trade: Entry filter: Spread sanity: spread 4044.3% of avg range > max 20.0%
2025-12-14 23:51:31 - trades.EURSEKm - DEBUG - [SKIP] Cannot open trade: Circuit breaker: Consecutive losses >= 10 (10 losses) (resumes in 1774s)
2025-12-14 23:52:30 - trades.EURSEKm - DEBUG - [SKIP] Cannot open trade: Circuit breaker: Consecutive losses >= 10 (10 losses) (resumes in 1715s)
2025-12-14 23:53:34 - trades.EURSEKm - DEBUG - [SKIP] Cannot open trade: Circuit breaker: Consecutive losses >= 10 (10 losses) (resumes in 1651s)
2025-12-15 00:31:59 - trades.EURSEKm - DEBUG - [SKIP] Cannot open trade: Circuit breaker: Consecutive losses >= 10 (10 losses) (resumes in 1184s)
2025-12-15 07:22:28 - trades.EURSEKm - DEBUG - [SKIP] Cannot open trade: Circuit breaker: Consecutive losses >= 10 (10 losses) (resumes in 671s)
2025-12-15 08:28:39 - trades.EURSEKm - DEBUG - [SKIP] Cannot open trade: Circuit breaker: Consecutive losses >= 10 (10 losses) (resumes in 474s)
2025-12-15 09:11:15 - trades.EURSEKm - DEBUG - [SKIP] Cannot open trade: Circuit breaker: Consecutive losses >= 10 (10 losses) (resumes in 1626s)
2025-12-15 09:27:19 - trades.EURSEKm - DEBUG - [SKIP] Cannot open trade: Circuit breaker: Consecutive losses >= 10 (10 losses) (resumes in 662s)
2025-12-15 09:47:13 - trades.EURSEKm - DEBUG - [SKIP] Cannot open trade: Circuit breaker: Consecutive losses >= 10 (10 losses) (resumes in 1295s)
