2025-12-23 11:58:15 - trades.EURUSDm - DEBUG - [SKIP] Cannot open trade: Entry filter: Spread sanity: spread 62.5% of avg range > max 30.0%
2025-12-23 13:51:40 - trades.EURUSDm - DEBUG - [SKIP] Cannot open trade: Entry filter: Spread sanity: spread 33.0% of avg range > max 30.0%
2025-12-23 13:55:46 - trades.EURUSDm - DEBUG - [SKIP] Cannot open trade: Entry filter: Spread sanity: spread 33.1% of avg range > max 30.0%
2025-12-23 14:00:07 - trades.EURUSDm - DEBUG - [SKIP] Cannot open trade: Entry filter: Session guard: first 1 minutes of hour blocked
2025-12-23 14:04:17 - trades.EURUSDm - DEBUG - [SKIP] Cannot open trade: Entry filter: Spread sanity: spread 31.1% of avg range > max 30.0%
2025-12-23 14:08:42 - trades.EURUSDm - DEBUG - [SKIP] Cannot open trade: Entry filter: Spread sanity: spread 30.8% of avg range > max 30.0%
2025-12-23 14:13:09 - trades.EURUSDm - DEBUG - [SKIP] Cannot open trade: Entry filter: Spread sanity: spread 31.6% of avg range > max 30.0%
2025-12-23 14:17:55 - trades.EURUSDm - DEBUG - [SKIP] Cannot open trade: Entry filter: Spread sanity: spread 36.0% of avg range > max 30.0%
2025-12-23 14:22:21 - trades.EURUSDm - DEBUG - [SKIP] Cannot open trade: Entry filter: Spread sanity: spread 39.0% of avg range > max 30.0%
2025-12-23 14:44:21 - trades.EURUSDm - DEBUG - [SKIP] Cannot open trade: Entry filter: Spread sanity: spread 37.0% of avg range > max 30.0%
2025-12-23 14:53:25 - trades.EURUSDm - DEBUG - [SKIP] Cannot open trade: Circuit breaker: Consecutive losses >= 10 (11 losses) (resumes in 1796s)
2025-12-23 14:59:14 - trades.EURUSDm - DEBUG - [SKIP] Cannot open trade: Circuit breaker: Consecutive losses >= 10 (11 losses) (resumes in 1446s)
2025-12-23 15:04:42 - trades.EURUSDm - DEBUG - [SKIP] Cannot open trade: Circuit breaker: Consecutive losses >= 10 (11 losses) (resumes in 1120s)
2025-12-23 15:10:09 - trades.EURUSDm - DEBUG - [SKIP] Cannot open trade: Circuit breaker: Consecutive losses >= 10 (11 losses) (resumes in 792s)
2025-12-23 15:16:00 - trades.EURUSDm - DEBUG - [SKIP] Cannot open trade: Circuit breaker: Consecutive losses >= 10 (11 losses) (resumes in 441s)
2025-12-23 15:21:38 - trades.EURUSDm - DEBUG - [SKIP] Cannot open trade: Circuit breaker: Consecutive losses >= 10 (11 losses) (resumes in 102s)
2025-12-23 15:27:11 - trades.EURUSDm - DEBUG - [SKIP] Cannot open trade: Entry filter: Spread sanity: spread 41.0% of avg range > max 30.0%
2025-12-23 16:42:06 - trades.EURUSDm - DEBUG - [SKIP] Cannot open trade: Circuit breaker: Rolling PnL of last 50 trades <= -$10 (current: $-11.59) (resumes in 3021s)
2025-12-23 16:46:55 - trades.EURUSDm - DEBUG - [SKIP] Cannot open trade: Circuit breaker: Rolling PnL of last 50 trades <= -$10 (current: $-11.59) (resumes in 2732s)
2025-12-23 16:51:58 - trades.EURUSDm - DEBUG - [SKIP] Cannot open trade: Circuit breaker: Rolling PnL of last 50 trades <= -$10 (current: $-11.59) (resumes in 2429s)
2025-12-23 17:12:04 - trades.EURUSDm - DEBUG - [SKIP] Cannot open trade: Circuit breaker: Rolling PnL of last 50 trades <= -$10 (current: $-11.59) (resumes in 1222s)
2025-12-23 17:17:19 - trades.EURUSDm - DEBUG - [SKIP] Cannot open trade: Circuit breaker: Rolling PnL of last 50 trades <= -$10 (current: $-11.59) (resumes in 908s)
2025-12-23 17:22:07 - trades.EURUSDm - DEBUG - [SKIP] Cannot open trade: Circuit breaker: Rolling PnL of last 50 trades <= -$10 (current: $-11.59) (resumes in 620s)
2025-12-23 17:26:53 - trades.EURUSDm - DEBUG - [SKIP] Cannot open trade: Circuit breaker: Rolling PnL of last 50 trades <= -$10 (current: $-11.59) (resumes in 334s)
2025-12-23 18:25:17 - trades.EURUSDm - DEBUG - [SKIP] Cannot open trade: Circuit breaker: Rolling PnL of last 50 trades <= -$10 (current: $-11.59) (resumes in 432s)
2025-12-23 18:29:50 - trades.EURUSDm - DEBUG - [SKIP] Cannot open trade: Circuit breaker: Rolling PnL of last 50 trades <= -$10 (current: $-11.59) (resumes in 158s)
2025-12-23 18:34:27 - trades.EURUSDm - DEBUG - [SKIP] Cannot open trade: Circuit breaker: Rolling PnL of last 50 trades <= -$10 (current: $-11.59) (resumes in 3483s)
2025-12-23 19:29:59 - trades.EURUSDm - DEBUG - [SKIP] Cannot open trade: Circuit breaker: Rolling PnL of last 50 trades <= -$10 (current: $-11.59) (resumes in 152s)
2025-12-23 19:34:17 - trades.EURUSDm - DEBUG - [SKIP] Cannot open trade: Circuit breaker: Rolling PnL of last 50 trades <= -$10 (current: $-11.59)
2025-12-23 19:38:48 - trades.EURUSDm - DEBUG - [SKIP] Cannot open trade: Circuit breaker: Rolling PnL of last 50 trades <= -$10 (current: $-11.59) (resumes in 3329s)
2025-12-23 19:55:22 - trades.EURUSDm - DEBUG - [SKIP] Cannot open trade: Circuit breaker: Rolling PnL of last 50 trades <= -$10 (current: $-11.59) (resumes in 2335s)
2025-12-23 19:59:38 - trades.EURUSDm - DEBUG - [SKIP] Cannot open trade: Circuit breaker: Rolling PnL of last 50 trades <= -$10 (current: $-11.59) (resumes in 2079s)
2025-12-23 20:03:55 - trades.EURUSDm - DEBUG - [SKIP] Cannot open trade: Circuit breaker: Rolling PnL of last 50 trades <= -$10 (current: $-11.59) (resumes in 1822s)
2025-12-23 20:08:10 - trades.EURUSDm - DEBUG - [SKIP] Cannot open trade: Circuit breaker: Rolling PnL of last 50 trades <= -$10 (current: $-11.59) (resumes in 1567s)
2025-12-23 20:12:26 - trades.EURUSDm - DEBUG - [SKIP] Cannot open trade: Circuit breaker: Rolling PnL of last 50 trades <= -$10 (current: $-11.59) (resumes in 1312s)
2025-12-23 20:16:49 - trades.EURUSDm - DEBUG - [SKIP] Cannot open trade: Circuit breaker: Rolling PnL of last 50 trades <= -$10 (current: $-11.59) (resumes in 1048s)
2025-12-23 20:21:12 - trades.EURUSDm - DEBUG - [SKIP] Cannot open trade: Circuit breaker: Rolling PnL of last 50 trades <= -$10 (current: $-11.59) (resumes in 785s)
2025-12-23 22:48:47 - trades.EURUSDm - DEBUG - [SKIP] Cannot open trade: Circuit breaker: Rolling PnL of last 50 trades <= -$10 (current: $-11.59) (resumes in 2849s)
2025-12-23 22:51:18 - trades.EURUSDm - DEBUG - [SKIP] Cannot open trade: Circuit breaker: Rolling PnL of last 50 trades <= -$10 (current: $-11.59) (resumes in 2697s)
2025-12-23 22:53:55 - trades.EURUSDm - DEBUG - [SKIP] Cannot open trade: Circuit breaker: Rolling PnL of last 50 trades <= -$10 (current: $-11.59) (resumes in 2540s)
2025-12-23 22:56:40 - trades.EURUSDm - DEBUG - [SKIP] Cannot open trade: Circuit breaker: Rolling PnL of last 50 trades <= -$10 (current: $-11.59) (resumes in 2375s)
2025-12-24 01:37:38 - trades.EURUSDm - DEBUG - [SKIP] Cannot open trade: Circuit breaker: Rolling PnL of last 50 trades <= -$10 (current: $-11.59) (resumes in 100s)
2025-12-24 01:39:47 - trades.EURUSDm - DEBUG - [SKIP] Cannot open trade: Circuit breaker: Rolling PnL of last 50 trades <= -$10 (current: $-11.59) (resumes in 3599s)
2025-12-24 01:41:59 - trades.EURUSDm - DEBUG - [SKIP] Cannot open trade: Circuit breaker: Rolling PnL of last 50 trades <= -$10 (current: $-11.59) (resumes in 3467s)
2025-12-24 01:59:03 - trades.EURUSDm - DEBUG - [SKIP] Cannot open trade: Circuit breaker: Rolling PnL of last 50 trades <= -$10 (current: $-11.59) (resumes in 2443s)
2025-12-24 02:01:12 - trades.EURUSDm - DEBUG - [SKIP] Cannot open trade: Circuit breaker: Rolling PnL of last 50 trades <= -$10 (current: $-11.59) (resumes in 2314s)
2025-12-24 02:03:24 - trades.EURUSDm - DEBUG - [SKIP] Cannot open trade: Circuit breaker: Rolling PnL of last 50 trades <= -$10 (current: $-11.59) (resumes in 2182s)
2025-12-24 02:05:40 - trades.EURUSDm - DEBUG - [SKIP] Cannot open trade: Circuit breaker: Rolling PnL of last 50 trades <= -$10 (current: $-11.59) (resumes in 2045s)
2025-12-24 02:08:09 - trades.EURUSDm - DEBUG - [SKIP] Cannot open trade: Circuit breaker: Rolling PnL of last 50 trades <= -$10 (current: $-11.59) (resumes in 1896s)
2025-12-24 02:10:35 - trades.EURUSDm - DEBUG - [SKIP] Cannot open trade: Circuit breaker: Rolling PnL of last 50 trades <= -$10 (current: $-11.59) (resumes in 1751s)
2025-12-24 02:17:57 - trades.EURUSDm - DEBUG - [SKIP] Cannot open trade: Circuit breaker: Rolling PnL of last 50 trades <= -$10 (current: $-11.59) (resumes in 1309s)
2025-12-24 02:20:19 - trades.EURUSDm - DEBUG - [SKIP] Cannot open trade: Circuit breaker: Rolling PnL of last 50 trades <= -$10 (current: $-11.59) (resumes in 1167s)
2025-12-24 02:22:35 - trades.EURUSDm - DEBUG - [SKIP] Cannot open trade: Circuit breaker: Rolling PnL of last 50 trades <= -$10 (current: $-11.59) (resumes in 1030s)
2025-12-24 02:24:52 - trades.EURUSDm - DEBUG - [SKIP] Cannot open trade: Circuit breaker: Rolling PnL of last 50 trades <= -$10 (current: $-11.59) (resumes in 894s)
2025-12-24 02:34:21 - trades.EURUSDm - DEBUG - [SKIP] Cannot open trade: Circuit breaker: Rolling PnL of last 50 trades <= -$10 (current: $-11.59) (resumes in 324s)
2025-12-24 02:37:00 - trades.EURUSDm - DEBUG - [SKIP] Cannot open trade: Circuit breaker: Rolling PnL of last 50 trades <= -$10 (current: $-11.59) (resumes in 165s)
2025-12-24 02:39:39 - trades.EURUSDm - DEBUG - [SKIP] Cannot open trade: Circuit breaker: Rolling PnL of last 50 trades <= -$10 (current: $-11.59) (resumes in 6s)
2025-12-24 02:42:11 - trades.EURUSDm - DEBUG - [SKIP] Cannot open trade: Circuit breaker: Rolling PnL of last 50 trades <= -$10 (current: $-11.59) (resumes in 3457s)
2025-12-24 02:44:27 - trades.EURUSDm - DEBUG - [SKIP] Cannot open trade: Circuit breaker: Rolling PnL of last 50 trades <= -$10 (current: $-11.59) (resumes in 3321s)
2025-12-24 02:46:46 - trades.EURUSDm - DEBUG - [SKIP] Cannot open trade: Circuit breaker: Rolling PnL of last 50 trades <= -$10 (current: $-11.59) (resumes in 3182s)
2025-12-24 02:49:06 - trades.EURUSDm - DEBUG - [SKIP] Cannot open trade: Circuit breaker: Rolling PnL of last 50 trades <= -$10 (current: $-11.59) (resumes in 3042s)
2025-12-24 02:51:19 - trades.EURUSDm - DEBUG - [SKIP] Cannot open trade: Circuit breaker: Rolling PnL of last 50 trades <= -$10 (current: $-11.59) (resumes in 2909s)
2025-12-24 03:39:52 - trades.EURUSDm - DEBUG - [SKIP] Cannot open trade: Circuit breaker: Rolling PnL of last 50 trades <= -$10 (current: $-11.59) (resumes in 3599s)
2025-12-24 03:42:00 - trades.EURUSDm - DEBUG - [SKIP] Cannot open trade: Circuit breaker: Rolling PnL of last 50 trades <= -$10 (current: $-11.59) (resumes in 3470s)
2025-12-24 03:44:07 - trades.EURUSDm - DEBUG - [SKIP] Cannot open trade: Circuit breaker: Rolling PnL of last 50 trades <= -$10 (current: $-11.59) (resumes in 3344s)
2025-12-24 03:46:13 - trades.EURUSDm - DEBUG - [SKIP] Cannot open trade: Circuit breaker: Rolling PnL of last 50 trades <= -$10 (current: $-11.59) (resumes in 3218s)
2025-12-24 03:48:18 - trades.EURUSDm - DEBUG - [SKIP] Cannot open trade: Circuit breaker: Rolling PnL of last 50 trades <= -$10 (current: $-11.59) (resumes in 3093s)
2025-12-24 03:50:34 - trades.EURUSDm - DEBUG - [SKIP] Cannot open trade: Circuit breaker: Rolling PnL of last 50 trades <= -$10 (current: $-11.59) (resumes in 2957s)
2025-12-24 03:52:39 - trades.EURUSDm - DEBUG - [SKIP] Cannot open trade: Circuit breaker: Rolling PnL of last 50 trades <= -$10 (current: $-11.59) (resumes in 2832s)
2025-12-24 03:54:44 - trades.EURUSDm - DEBUG - [SKIP] Cannot open trade: Circuit breaker: Rolling PnL of last 50 trades <= -$10 (current: $-11.59) (resumes in 2707s)
2025-12-24 03:56:52 - trades.EURUSDm - DEBUG - [SKIP] Cannot open trade: Circuit breaker: Rolling PnL of last 50 trades <= -$10 (current: $-11.59) (resumes in 2579s)
2025-12-24 04:03:09 - trades.EURUSDm - DEBUG - [SKIP] Cannot open trade: Circuit breaker: Rolling PnL of last 50 trades <= -$10 (current: $-11.59) (resumes in 2202s)
2025-12-24 04:05:18 - trades.EURUSDm - DEBUG - [SKIP] Cannot open trade: Circuit breaker: Rolling PnL of last 50 trades <= -$10 (current: $-11.59) (resumes in 2073s)
2025-12-24 04:07:26 - trades.EURUSDm - DEBUG - [SKIP] Cannot open trade: Circuit breaker: Rolling PnL of last 50 trades <= -$10 (current: $-11.59) (resumes in 1945s)
2025-12-24 04:09:35 - trades.EURUSDm - DEBUG - [SKIP] Cannot open trade: Circuit breaker: Rolling PnL of last 50 trades <= -$10 (current: $-11.59) (resumes in 1816s)
2025-12-24 04:11:47 - trades.EURUSDm - DEBUG - [SKIP] Cannot open trade: Circuit breaker: Rolling PnL of last 50 trades <= -$10 (current: $-11.59) (resumes in 1684s)
2025-12-24 04:13:58 - trades.EURUSDm - DEBUG - [SKIP] Cannot open trade: Circuit breaker: Rolling PnL of last 50 trades <= -$10 (current: $-11.59) (resumes in 1552s)
2025-12-24 04:16:09 - trades.EURUSDm - DEBUG - [SKIP] Cannot open trade: Circuit breaker: Rolling PnL of last 50 trades <= -$10 (current: $-11.59) (resumes in 1422s)
2025-12-24 04:18:23 - trades.EURUSDm - DEBUG - [SKIP] Cannot open trade: Circuit breaker: Rolling PnL of last 50 trades <= -$10 (current: $-11.59) (resumes in 1288s)
2025-12-24 04:20:35 - trades.EURUSDm - DEBUG - [SKIP] Cannot open trade: Circuit breaker: Rolling PnL of last 50 trades <= -$10 (current: $-11.59) (resumes in 1156s)
2025-12-24 04:22:50 - trades.EURUSDm - DEBUG - [SKIP] Cannot open trade: Circuit breaker: Rolling PnL of last 50 trades <= -$10 (current: $-11.59) (resumes in 1021s)
2025-12-24 04:25:01 - trades.EURUSDm - DEBUG - [SKIP] Cannot open trade: Circuit breaker: Rolling PnL of last 50 trades <= -$10 (current: $-11.59) (resumes in 889s)
2025-12-24 04:27:15 - trades.EURUSDm - DEBUG - [SKIP] Cannot open trade: Circuit breaker: Rolling PnL of last 50 trades <= -$10 (current: $-11.59) (resumes in 756s)
2025-12-24 06:45:46 - trades.EURUSDm - DEBUG - [SKIP] Cannot open trade: Circuit breaker: Rolling PnL of last 50 trades <= -$10 (current: $-11.59) (resumes in 3307s)
2025-12-24 06:48:50 - trades.EURUSDm - DEBUG - [SKIP] Cannot open trade: Circuit breaker: Rolling PnL of last 50 trades <= -$10 (current: $-11.59) (resumes in 3123s)
2025-12-24 06:51:41 - trades.EURUSDm - DEBUG - [SKIP] Cannot open trade: Circuit breaker: Rolling PnL of last 50 trades <= -$10 (current: $-11.59) (resumes in 2953s)
2025-12-24 06:54:37 - trades.EURUSDm - DEBUG - [SKIP] Cannot open trade: Circuit breaker: Rolling PnL of last 50 trades <= -$10 (current: $-11.59) (resumes in 2776s)
2025-12-24 06:57:29 - trades.EURUSDm - DEBUG - [SKIP] Cannot open trade: Circuit breaker: Rolling PnL of last 50 trades <= -$10 (current: $-11.59) (resumes in 2604s)
2025-12-24 07:00:30 - trades.EURUSDm - DEBUG - [SKIP] Cannot open trade: Circuit breaker: Rolling PnL of last 50 trades <= -$10 (current: $-11.59) (resumes in 2423s)
2025-12-24 07:03:35 - trades.EURUSDm - DEBUG - [SKIP] Cannot open trade: Circuit breaker: Rolling PnL of last 50 trades <= -$10 (current: $-11.59) (resumes in 2238s)
2025-12-24 07:06:40 - trades.EURUSDm - DEBUG - [SKIP] Cannot open trade: Circuit breaker: Rolling PnL of last 50 trades <= -$10 (current: $-11.59) (resumes in 2053s)
2025-12-24 07:09:39 - trades.EURUSDm - DEBUG - [SKIP] Cannot open trade: Circuit breaker: Rolling PnL of last 50 trades <= -$10 (current: $-11.59) (resumes in 1875s)
2025-12-24 08:13:12 - trades.EURUSDm - DEBUG - [SKIP] Cannot open trade: Circuit breaker: Rolling PnL of last 50 trades <= -$10 (current: $-11.59) (resumes in 1669s)
2025-12-24 08:16:17 - trades.EURUSDm - DEBUG - [SKIP] Cannot open trade: Circuit breaker: Rolling PnL of last 50 trades <= -$10 (current: $-11.59) (resumes in 1484s)
2025-12-24 08:19:22 - trades.EURUSDm - DEBUG - [SKIP] Cannot open trade: Circuit breaker: Rolling PnL of last 50 trades <= -$10 (current: $-11.59) (resumes in 1299s)
2025-12-24 08:22:23 - trades.EURUSDm - DEBUG - [SKIP] Cannot open trade: Circuit breaker: Rolling PnL of last 50 trades <= -$10 (current: $-11.59) (resumes in 1117s)
2025-12-24 08:25:40 - trades.EURUSDm - DEBUG - [SKIP] Cannot open trade: Circuit breaker: Rolling PnL of last 50 trades <= -$10 (current: $-11.59) (resumes in 921s)
2025-12-24 08:28:52 - trades.EURUSDm - DEBUG - [SKIP] Cannot open trade: Circuit breaker: Rolling PnL of last 50 trades <= -$10 (current: $-11.59) (resumes in 729s)
2025-12-24 08:32:13 - trades.EURUSDm - DEBUG - [SKIP] Cannot open trade: Circuit breaker: Rolling PnL of last 50 trades <= -$10 (current: $-11.59) (resumes in 527s)
2025-12-24 08:35:29 - trades.EURUSDm - DEBUG - [SKIP] Cannot open trade: Circuit breaker: Rolling PnL of last 50 trades <= -$10 (current: $-11.59) (resumes in 331s)
2025-12-24 08:38:39 - trades.EURUSDm - DEBUG - [SKIP] Cannot open trade: Circuit breaker: Rolling PnL of last 50 trades <= -$10 (current: $-11.59) (resumes in 142s)
2025-12-24 08:42:01 - trades.EURUSDm - DEBUG - [SKIP] Cannot open trade: Circuit breaker: Rolling PnL of last 50 trades <= -$10 (current: $-11.59) (resumes in 3596s)
2025-12-24 08:45:19 - trades.EURUSDm - DEBUG - [SKIP] Cannot open trade: Circuit breaker: Rolling PnL of last 50 trades <= -$10 (current: $-11.59) (resumes in 3399s)
2025-12-24 08:48:29 - trades.EURUSDm - DEBUG - [SKIP] Cannot open trade: Circuit breaker: Rolling PnL of last 50 trades <= -$10 (current: $-11.59) (resumes in 3209s)
2025-12-24 08:51:48 - trades.EURUSDm - DEBUG - [SKIP] Cannot open trade: Circuit breaker: Rolling PnL of last 50 trades <= -$10 (current: $-11.59) (resumes in 3010s)
2025-12-24 08:55:02 - trades.EURUSDm - DEBUG - [SKIP] Cannot open trade: Circuit breaker: Rolling PnL of last 50 trades <= -$10 (current: $-11.59) (resumes in 2815s)
2025-12-24 09:20:19 - trades.EURUSDm - DEBUG - [SKIP] Cannot open trade: Circuit breaker: Rolling PnL of last 50 trades <= -$10 (current: $-11.59) (resumes in 1298s)
2025-12-24 09:23:46 - trades.EURUSDm - DEBUG - [SKIP] Cannot open trade: Circuit breaker: Rolling PnL of last 50 trades <= -$10 (current: $-11.59) (resumes in 1092s)
2025-12-24 09:43:16 - trades.EURUSDm - DEBUG - [SKIP] Cannot open trade: Circuit breaker: Rolling PnL of last 50 trades <= -$10 (current: $-11.59) (resumes in 3597s)
2025-12-24 09:49:51 - trades.EURUSDm - DEBUG - [SKIP] Cannot open trade: Circuit breaker: Rolling PnL of last 50 trades <= -$10 (current: $-11.59) (resumes in 3202s)
2025-12-24 09:53:13 - trades.EURUSDm - DEBUG - [SKIP] Cannot open trade: Circuit breaker: Rolling PnL of last 50 trades <= -$10 (current: $-11.59) (resumes in 2999s)
2025-12-24 09:56:43 - trades.EURUSDm - DEBUG - [SKIP] Cannot open trade: Circuit breaker: Rolling PnL of last 50 trades <= -$10 (current: $-11.59) (resumes in 2789s)
2025-12-24 10:00:07 - trades.EURUSDm - DEBUG - [SKIP] Cannot open trade: Circuit breaker: Rolling PnL of last 50 trades <= -$10 (current: $-11.59) (resumes in 2586s)
2025-12-24 10:03:35 - trades.EURUSDm - DEBUG - [SKIP] Cannot open trade: Circuit breaker: Rolling PnL of last 50 trades <= -$10 (current: $-11.59) (resumes in 2378s)
2025-12-24 10:10:31 - trades.EURUSDm - DEBUG - [SKIP] Cannot open trade: Circuit breaker: Rolling PnL of last 50 trades <= -$10 (current: $-11.59) (resumes in 1962s)
2025-12-24 10:14:03 - trades.EURUSDm - DEBUG - [SKIP] Cannot open trade: Circuit breaker: Rolling PnL of last 50 trades <= -$10 (current: $-11.59) (resumes in 1750s)
2025-12-24 10:17:30 - trades.EURUSDm - DEBUG - [SKIP] Cannot open trade: Circuit breaker: Rolling PnL of last 50 trades <= -$10 (current: $-11.59) (resumes in 1543s)
