{"timestamp": "2026-01-05 09:45:46", "symbol": "FR40m", "trade_type": "LONG", "entry_price": 8218.26, "exit_price": 8221.28, "profit_usd": 0.04, "status": "CLOSED", "order_id": "631781459", "additional_info": {"entry_price_requested": 8218.26, "lot_size": 0.01, "stop_loss_pips": 25673.501523294453, "stop_loss_price": 7961.524984767056, "slippage": 0.0, "quality_score": 55, "spread_points": 1.9959545409175765, "spread_fees_cost": 0.01639999999999418, "risk_usd": 2.5673501523294453, "min_lot": 0.01, "min_lot_source": "broker", "sma_fast": 8242.073999999999, "sma_slow": 8240.2692, "rsi": 46.49227110582798, "duration_minutes": 16.983333333333334, "close_reason": "Small profit target or slippage", "commission": 0.0, "swap": 0.0}}
2026-01-05 09:45:50 - trades.FR40m - INFO -    Entry Price: 8218.26000
2026-01-05 09:45:50 - trades.FR40m - INFO -    Close Time: 2026-01-05 09:45:46
2026-01-05 09:45:50 - trades.FR40m - INFO -    Close Price: 8221.28000
2026-01-05 09:45:50 - trades.FR40m - INFO -    Profit/Loss: $0.04 USD
2026-01-05 09:45:50 - trades.FR40m - INFO -    Duration: 17.0 minutes
2026-01-05 09:45:50 - trades.FR40m - INFO -    Close Reason: Small profit target or slippage
2026-01-05 09:45:50 - trades.FR40m - INFO -    Commission: 0.0
2026-01-05 09:45:50 - trades.FR40m - INFO -    Swap: 0.0
2026-01-05 09:45:50 - trades.FR40m - INFO - ================================================================================
2026-01-05 09:52:23 - trades.FR40m - DEBUG - [SKIP] Cannot open trade: Entry filter: Spread sanity: spread 54.1% of avg range > max 50.0%
2026-01-05 09:54:05 - trades.FR40m - DEBUG - [SKIP] Cannot open trade: Entry filter: Spread sanity: spread 57.9% of avg range > max 50.0%
2026-01-05 09:55:56 - trades.FR40m - DEBUG - [SKIP] Cannot open trade: Entry filter: Spread sanity: spread 56.5% of avg range > max 50.0%
2026-01-05 09:57:42 - trades.FR40m - DEBUG - [SKIP] Cannot open trade: Entry filter: Spread sanity: spread 56.7% of avg range > max 50.0%
2026-01-05 09:59:27 - trades.FR40m - DEBUG - [SKIP] Cannot open trade: Entry filter: Session guard: last 1 minutes of hour blocked
2026-01-05 10:01:12 - trades.FR40m - DEBUG - [SKIP] Cannot open trade: Entry filter: Spread sanity: spread 54.9% of avg range > max 50.0%
2026-01-05 10:02:58 - trades.FR40m - DEBUG - [SKIP] Cannot open trade: Entry filter: Spread sanity: spread 53.9% of avg range > max 50.0%
2026-01-05 10:04:44 - trades.FR40m - DEBUG - [SKIP] Cannot open trade: Entry filter: Spread sanity: spread 54.4% of avg range > max 50.0%
2026-01-05 10:06:32 - trades.FR40m - DEBUG - [SKIP] Cannot open trade: Entry filter: Spread sanity: spread 54.1% of avg range > max 50.0%
2026-01-05 10:08:18 - trades.FR40m - DEBUG - [SKIP] Cannot open trade: Entry filter: Spread sanity: spread 53.8% of avg range > max 50.0%
2026-01-05 10:10:04 - trades.FR40m - DEBUG - [SKIP] Cannot open trade: Entry filter: Spread sanity: spread 53.5% of avg range > max 50.0%
2026-01-05 10:11:49 - trades.FR40m - DEBUG - [SKIP] Cannot open trade: Entry filter: Spread sanity: spread 53.4% of avg range > max 50.0%
2026-01-05 10:13:34 - trades.FR40m - DEBUG - [SKIP] Cannot open trade: Entry filter: Spread sanity: spread 52.7% of avg range > max 50.0%
2026-01-05 10:15:18 - trades.FR40m - DEBUG - [SKIP] Cannot open trade: Entry filter: Spread sanity: spread 54.6% of avg range > max 50.0%
2026-01-05 10:17:03 - trades.FR40m - DEBUG - [SKIP] Cannot open trade: Entry filter: Spread sanity: spread 54.4% of avg range > max 50.0%
2026-01-05 10:18:47 - trades.FR40m - DEBUG - [SKIP] Cannot open trade: Entry filter: Spread sanity: spread 53.9% of avg range > max 50.0%
2026-01-05 10:20:30 - trades.FR40m - DEBUG - [SKIP] Cannot open trade: Entry filter: Spread sanity: spread 55.7% of avg range > max 50.0%
2026-01-05 10:22:14 - trades.FR40m - DEBUG - [SKIP] Cannot open trade: Entry filter: Spread sanity: spread 62.0% of avg range > max 50.0%
2026-01-05 10:24:01 - trades.FR40m - DEBUG - [SKIP] Cannot open trade: Entry filter: Spread sanity: spread 62.7% of avg range > max 50.0%
2026-01-05 10:25:46 - trades.FR40m - DEBUG - [SKIP] Cannot open trade: Entry filter: Spread sanity: spread 62.8% of avg range > max 50.0%
2026-01-05 10:27:33 - trades.FR40m - DEBUG - [SKIP] Cannot open trade: Entry filter: Spread sanity: spread 63.8% of avg range > max 50.0%
2026-01-05 10:29:18 - trades.FR40m - DEBUG - [SKIP] Cannot open trade: Entry filter: Spread sanity: spread 63.1% of avg range > max 50.0%
2026-01-05 10:31:02 - trades.FR40m - DEBUG - [SKIP] Cannot open trade: Entry filter: Spread sanity: spread 62.8% of avg range > max 50.0%
2026-01-05 10:32:46 - trades.FR40m - DEBUG - [SKIP] Cannot open trade: Entry filter: Spread sanity: spread 61.2% of avg range > max 50.0%
2026-01-05 10:34:30 - trades.FR40m - DEBUG - [SKIP] Cannot open trade: Entry filter: Spread sanity: spread 59.3% of avg range > max 50.0%
2026-01-05 10:36:14 - trades.FR40m - DEBUG - [SKIP] Cannot open trade: Entry filter: Spread sanity: spread 56.5% of avg range > max 50.0%
2026-01-05 10:38:00 - trades.FR40m - DEBUG - [SKIP] Cannot open trade: Entry filter: Spread sanity: spread 58.7% of avg range > max 50.0%
2026-01-05 10:39:45 - trades.FR40m - DEBUG - [SKIP] Cannot open trade: Entry filter: Spread sanity: spread 58.8% of avg range > max 50.0%
2026-01-05 10:41:44 - trades.FR40m - DEBUG - [SKIP] Cannot open trade: Entry filter: Spread sanity: spread 57.2% of avg range > max 50.0%
2026-01-05 10:43:43 - trades.FR40m - DEBUG - [SKIP] Cannot open trade: Entry filter: Spread sanity: spread 57.5% of avg range > max 50.0%
2026-01-05 10:45:58 - trades.FR40m - DEBUG - [SKIP] Cannot open trade: Entry filter: Spread sanity: spread 58.0% of avg range > max 50.0%
2026-01-05 10:47:44 - trades.FR40m - DEBUG - [SKIP] Cannot open trade: Entry filter: Spread sanity: spread 55.6% of avg range > max 50.0%
2026-01-05 10:49:28 - trades.FR40m - DEBUG - [SKIP] Cannot open trade: Entry filter: Spread sanity: spread 56.0% of avg range > max 50.0%
2026-01-05 10:51:14 - trades.FR40m - DEBUG - [SKIP] Cannot open trade: Entry filter: Spread sanity: spread 57.8% of avg range > max 50.0%
2026-01-05 10:58:18 - trades.FR40m - DEBUG - [SKIP] Cannot open trade: Entry filter: Spread sanity: spread 62.9% of avg range > max 50.0%
2026-01-05 11:00:06 - trades.FR40m - DEBUG - [SKIP] Cannot open trade: Entry filter: Session guard: first 1 minutes of hour blocked
2026-01-05 11:01:51 - trades.FR40m - DEBUG - [SKIP] Cannot open trade: Entry filter: Spread sanity: spread 65.7% of avg range > max 50.0%
2026-01-05 11:03:39 - trades.FR40m - DEBUG - [SKIP] Cannot open trade: Entry filter: Spread sanity: spread 69.1% of avg range > max 50.0%
2026-01-05 11:05:24 - trades.FR40m - DEBUG - [SKIP] Cannot open trade: Entry filter: Spread sanity: spread 68.8% of avg range > max 50.0%
2026-01-05 11:07:11 - trades.FR40m - DEBUG - [SKIP] Cannot open trade: Entry filter: Spread sanity: spread 74.1% of avg range > max 50.0%
2026-01-05 11:08:58 - trades.FR40m - DEBUG - [SKIP] Cannot open trade: Entry filter: Spread sanity: spread 76.0% of avg range > max 50.0%
2026-01-05 11:10:43 - trades.FR40m - DEBUG - [SKIP] Cannot open trade: Entry filter: Spread sanity: spread 71.7% of avg range > max 50.0%
2026-01-05 11:12:30 - trades.FR40m - DEBUG - [SKIP] Cannot open trade: Entry filter: Spread sanity: spread 76.9% of avg range > max 50.0%
2026-01-05 11:14:17 - trades.FR40m - DEBUG - [SKIP] Cannot open trade: Entry filter: Spread sanity: spread 76.0% of avg range > max 50.0%
2026-01-05 11:16:04 - trades.FR40m - DEBUG - [SKIP] Cannot open trade: Entry filter: Spread sanity: spread 73.8% of avg range > max 50.0%
2026-01-05 11:17:51 - trades.FR40m - DEBUG - [SKIP] Cannot open trade: Entry filter: Spread sanity: spread 76.6% of avg range > max 50.0%
2026-01-05 11:19:38 - trades.FR40m - DEBUG - [SKIP] Cannot open trade: Entry filter: Spread sanity: spread 75.8% of avg range > max 50.0%
2026-01-05 11:21:25 - trades.FR40m - DEBUG - [SKIP] Cannot open trade: Entry filter: Spread sanity: spread 78.6% of avg range > max 50.0%
2026-01-05 11:23:12 - trades.FR40m - DEBUG - [SKIP] Cannot open trade: Entry filter: Spread sanity: spread 79.3% of avg range > max 50.0%
2026-01-05 11:24:58 - trades.FR40m - DEBUG - [SKIP] Cannot open trade: Entry filter: Spread sanity: spread 80.4% of avg range > max 50.0%
2026-01-05 11:26:46 - trades.FR40m - DEBUG - [SKIP] Cannot open trade: Entry filter: Spread sanity: spread 74.1% of avg range > max 50.0%
2026-01-05 11:42:54 - trades.FR40m - DEBUG - [SKIP] Cannot open trade: Entry filter: Spread sanity: spread 67.6% of avg range > max 50.0%
2026-01-05 11:44:41 - trades.FR40m - DEBUG - [SKIP] Cannot open trade: Entry filter: Spread sanity: spread 63.4% of avg range > max 50.0%
2026-01-05 11:46:29 - trades.FR40m - DEBUG - [SKIP] Cannot open trade: Entry filter: Spread sanity: spread 66.7% of avg range > max 50.0%
2026-01-05 11:48:23 - trades.FR40m - DEBUG - [SKIP] Cannot open trade: Entry filter: Spread sanity: spread 65.2% of avg range > max 50.0%
2026-01-05 11:50:08 - trades.FR40m - DEBUG - [SKIP] Cannot open trade: Entry filter: Spread sanity: spread 67.7% of avg range > max 50.0%
2026-01-05 11:51:54 - trades.FR40m - DEBUG - [SKIP] Cannot open trade: Entry filter: Spread sanity: spread 69.1% of avg range > max 50.0%
2026-01-05 11:53:41 - trades.FR40m - DEBUG - [SKIP] Cannot open trade: Entry filter: Spread sanity: spread 70.1% of avg range > max 50.0%
2026-01-05 11:55:26 - trades.FR40m - DEBUG - [SKIP] Cannot open trade: Entry filter: Spread sanity: spread 71.2% of avg range > max 50.0%
2026-01-05 11:57:13 - trades.FR40m - DEBUG - [SKIP] Cannot open trade: Entry filter: Spread sanity: spread 74.0% of avg range > max 50.0%
2026-01-05 11:58:59 - trades.FR40m - DEBUG - [SKIP] Cannot open trade: Entry filter: Spread sanity: spread 73.3% of avg range > max 50.0%
2026-01-05 12:00:44 - trades.FR40m - DEBUG - [SKIP] Cannot open trade: Entry filter: Session guard: first 1 minutes of hour blocked
2026-01-05 12:02:31 - trades.FR40m - DEBUG - [SKIP] Cannot open trade: Entry filter: Spread sanity: spread 72.1% of avg range > max 50.0%
2026-01-05 12:06:06 - trades.FR40m - DEBUG - [SKIP] Cannot open trade: Entry filter: Spread sanity: spread 72.9% of avg range > max 50.0%
2026-01-05 12:07:53 - trades.FR40m - DEBUG - [SKIP] Cannot open trade: Entry filter: Spread sanity: spread 73.9% of avg range > max 50.0%
2026-01-05 12:09:41 - trades.FR40m - DEBUG - [SKIP] Cannot open trade: Entry filter: Spread sanity: spread 76.0% of avg range > max 50.0%
2026-01-05 12:11:27 - trades.FR40m - DEBUG - [SKIP] Cannot open trade: Entry filter: Spread sanity: spread 76.6% of avg range > max 50.0%
2026-01-05 12:13:14 - trades.FR40m - DEBUG - [SKIP] Cannot open trade: Entry filter: Spread sanity: spread 76.2% of avg range > max 50.0%
2026-01-05 12:15:00 - trades.FR40m - DEBUG - [SKIP] Cannot open trade: Entry filter: Spread sanity: spread 77.1% of avg range > max 50.0%
2026-01-05 12:16:48 - trades.FR40m - DEBUG - [SKIP] Cannot open trade: Entry filter: Spread sanity: spread 76.9% of avg range > max 50.0%
2026-01-05 12:18:35 - trades.FR40m - DEBUG - [SKIP] Cannot open trade: Entry filter: Spread sanity: spread 73.7% of avg range > max 50.0%
2026-01-05 12:20:22 - trades.FR40m - DEBUG - [SKIP] Cannot open trade: Entry filter: Spread sanity: spread 70.9% of avg range > max 50.0%
2026-01-05 12:22:09 - trades.FR40m - DEBUG - [SKIP] Cannot open trade: Entry filter: Spread sanity: spread 66.2% of avg range > max 50.0%
2026-01-05 12:24:27 - trades.FR40m - DEBUG - [SKIP] Cannot open trade: Entry filter: Spread sanity: spread 66.7% of avg range > max 50.0%
2026-01-05 12:29:08 - trades.FR40m - DEBUG - [SKIP] Cannot open trade: Entry filter: Spread sanity: spread 64.0% of avg range > max 50.0%
2026-01-05 12:33:57 - trades.FR40m - DEBUG - [SKIP] Cannot open trade: Entry filter: Spread sanity: spread 64.9% of avg range > max 50.0%
2026-01-05 12:38:34 - trades.FR40m - DEBUG - [SKIP] Cannot open trade: Entry filter: Spread sanity: spread 60.5% of avg range > max 50.0%
2026-01-05 12:43:13 - trades.FR40m - DEBUG - [SKIP] Cannot open trade: Entry filter: Spread sanity: spread 67.4% of avg range > max 50.0%
2026-01-05 12:52:25 - trades.FR40m - DEBUG - [SKIP] Cannot open trade: Entry filter: Spread sanity: spread 68.0% of avg range > max 50.0%
2026-01-05 12:57:08 - trades.FR40m - DEBUG - [SKIP] Cannot open trade: Entry filter: Spread sanity: spread 78.3% of avg range > max 50.0%
2026-01-05 13:11:56 - trades.FR40m - DEBUG - [SKIP] Cannot open trade: Entry filter: Spread sanity: spread 75.0% of avg range > max 50.0%
2026-01-05 13:16:30 - trades.FR40m - DEBUG - [SKIP] Cannot open trade: Entry filter: Spread sanity: spread 66.6% of avg range > max 50.0%
2026-01-05 13:20:59 - trades.FR40m - DEBUG - [SKIP] Cannot open trade: Entry filter: Spread sanity: spread 61.7% of avg range > max 50.0%
2026-01-05 13:35:12 - trades.FR40m - DEBUG - [SKIP] Cannot open trade: Entry filter: Spread sanity: spread 64.1% of avg range > max 50.0%
2026-01-05 13:40:13 - trades.FR40m - DEBUG - [SKIP] Cannot open trade: Entry filter: Spread sanity: spread 65.5% of avg range > max 50.0%
2026-01-05 13:44:43 - trades.FR40m - DEBUG - [SKIP] Cannot open trade: Entry filter: Spread sanity: spread 64.7% of avg range > max 50.0%
2026-01-05 13:59:23 - trades.FR40m - DEBUG - [SKIP] Cannot open trade: Entry filter: Session guard: last 1 minutes of hour blocked
2026-01-05 14:04:16 - trades.FR40m - DEBUG - [SKIP] Cannot open trade: Entry filter: Spread sanity: spread 68.5% of avg range > max 50.0%
2026-01-05 14:09:00 - trades.FR40m - DEBUG - [SKIP] Cannot open trade: Entry filter: Spread sanity: spread 73.6% of avg range > max 50.0%
2026-01-05 14:13:54 - trades.FR40m - DEBUG - [SKIP] Cannot open trade: Entry filter: Spread sanity: spread 71.2% of avg range > max 50.0%
2026-01-05 14:19:03 - trades.FR40m - DEBUG - [SKIP] Cannot open trade: Entry filter: Spread sanity: spread 74.4% of avg range > max 50.0%
2026-01-05 14:24:19 - trades.FR40m - DEBUG - [SKIP] Cannot open trade: Entry filter: Spread sanity: spread 92.0% of avg range > max 50.0%
2026-01-05 14:29:28 - trades.FR40m - DEBUG - [SKIP] Cannot open trade: Entry filter: Spread sanity: spread 92.9% of avg range > max 50.0%
2026-01-05 14:33:50 - trades.FR40m - DEBUG - [SKIP] Cannot open trade: Entry filter: Spread sanity: spread 77.8% of avg range > max 50.0%
2026-01-05 14:37:55 - trades.FR40m - DEBUG - [SKIP] Cannot open trade: Entry filter: Spread sanity: spread 67.6% of avg range > max 50.0%
2026-01-05 14:42:10 - trades.FR40m - DEBUG - [SKIP] Cannot open trade: Entry filter: Spread sanity: spread 56.5% of avg range > max 50.0%
2026-01-05 14:59:10 - trades.FR40m - DEBUG - [SKIP] Cannot open trade: Entry filter: Session guard: last 1 minutes of hour blocked
2026-01-05 15:59:11 - trades.FR40m - DEBUG - [SKIP] Cannot open trade: Entry filter: Session guard: last 1 minutes of hour blocked
2026-01-05 16:04:31 - trades.FR40m - DEBUG - [SKIP] Cannot open trade: Entry filter: Spread sanity: spread 56.1% of avg range > max 50.0%
2026-01-05 16:09:47 - trades.FR40m - DEBUG - [SKIP] Cannot open trade: Entry filter: Spread sanity: spread 59.3% of avg range > max 50.0%
2026-01-05 16:14:38 - trades.FR40m - DEBUG - [SKIP] Cannot open trade: Entry filter: Spread sanity: spread 53.7% of avg range > max 50.0%
2026-01-05 16:19:42 - trades.FR40m - DEBUG - [SKIP] Cannot open trade: Entry filter: Spread sanity: spread 56.9% of avg range > max 50.0%
2026-01-05 16:24:55 - trades.FR40m - DEBUG - [SKIP] Cannot open trade: Entry filter: Spread sanity: spread 63.7% of avg range > max 50.0%
2026-01-05 16:30:17 - trades.FR40m - DEBUG - [SKIP] Cannot open trade: Entry filter: Spread sanity: spread 62.2% of avg range > max 50.0%
2026-01-05 16:46:13 - trades.FR40m - DEBUG - [SKIP] Cannot open trade: Entry filter: Candle quality: current range 43.9% of avg < min 55.0%
2026-01-05 16:51:29 - trades.FR40m - DEBUG - [SKIP] Cannot open trade: Entry filter: Spread sanity: spread 53.3% of avg range > max 50.0%
2026-01-05 16:57:00 - trades.FR40m - DEBUG - [SKIP] Cannot open trade: Entry filter: Spread sanity: spread 81.0% of avg range > max 50.0%
2026-01-05 17:02:17 - trades.FR40m - DEBUG - [SKIP] Cannot open trade: Entry filter: Spread sanity: spread 86.1% of avg range > max 50.0%
2026-01-05 17:07:25 - trades.FR40m - DEBUG - [SKIP] Cannot open trade: Entry filter: Spread sanity: spread 88.7% of avg range > max 50.0%
2026-01-05 17:12:30 - trades.FR40m - DEBUG - [SKIP] Cannot open trade: Entry filter: Spread sanity: spread 101.7% of avg range > max 50.0%
2026-01-05 17:17:23 - trades.FR40m - DEBUG - [SKIP] Cannot open trade: Entry filter: Spread sanity: spread 96.3% of avg range > max 50.0%
2026-01-05 17:22:25 - trades.FR40m - DEBUG - [SKIP] Cannot open trade: Entry filter: Spread sanity: spread 115.2% of avg range > max 50.0%
2026-01-05 17:27:35 - trades.FR40m - DEBUG - [SKIP] Cannot open trade: Entry filter: Spread sanity: spread 120.6% of avg range > max 50.0%
2026-01-05 17:32:37 - trades.FR40m - DEBUG - [SKIP] Cannot open trade: Entry filter: Spread sanity: spread 114.1% of avg range > max 50.0%
2026-01-05 17:38:00 - trades.FR40m - DEBUG - [SKIP] Cannot open trade: Entry filter: Spread sanity: spread 112.8% of avg range > max 50.0%
2026-01-05 17:43:51 - trades.FR40m - DEBUG - [SKIP] Cannot open trade: Entry filter: Spread sanity: spread 121.4% of avg range > max 50.0%
2026-01-05 17:50:29 - trades.FR40m - DEBUG - [SKIP] Cannot open trade: Entry filter: Spread sanity: spread 123.2% of avg range > max 50.0%
2026-01-05 17:57:20 - trades.FR40m - DEBUG - [SKIP] Cannot open trade: Entry filter: Spread sanity: spread 132.1% of avg range > max 50.0%
2026-01-05 18:02:25 - trades.FR40m - DEBUG - [SKIP] Cannot open trade: Entry filter: Spread sanity: spread 131.6% of avg range > max 50.0%
2026-01-05 18:22:23 - trades.FR40m - DEBUG - [SKIP] Cannot open trade: Entry filter: Spread sanity: spread 99.2% of avg range > max 50.0%
