2025-12-23 14:05:33 - trades.FTNTm - DEBUG - [SKIP] Cannot open trade: Entry filter: Volatility floor: avg range 0.33 pips < min 0.80 pips
2025-12-23 14:31:38 - trades.FTNTm - DEBUG - [SKIP] Cannot open trade: Entry filter: Volatility floor: avg range 0.66 pips < min 0.80 pips
2025-12-23 14:36:12 - trades.FTNTm - DEBUG - [SKIP] Cannot open trade: Entry filter: Spread sanity: spread 1280.5% of avg range > max 30.0%
2025-12-23 14:41:11 - trades.FTNTm - DEBUG - [SKIP] Cannot open trade: Entry filter: Spread sanity: spread 337.0% of avg range > max 30.0%
2025-12-23 14:54:53 - trades.FTNTm - DEBUG - [SKIP] Cannot open trade: Circuit breaker: Consecutive losses >= 10 (11 losses) (resumes in 1708s)
2025-12-23 15:00:33 - trades.FTNTm - DEBUG - [SKIP] Cannot open trade: Circuit breaker: Consecutive losses >= 10 (11 losses) (resumes in 1368s)
2025-12-23 15:05:50 - trades.FTNTm - DEBUG - [SKIP] Cannot open trade: Circuit breaker: Consecutive losses >= 10 (11 losses) (resumes in 1051s)
2025-12-23 15:11:16 - trades.FTNTm - DEBUG - [SKIP] Cannot open trade: Circuit breaker: Consecutive losses >= 10 (11 losses) (resumes in 725s)
2025-12-23 15:16:48 - trades.FTNTm - DEBUG - [SKIP] Cannot open trade: Circuit breaker: Consecutive losses >= 10 (11 losses) (resumes in 392s)
2025-12-23 15:22:34 - trades.FTNTm - DEBUG - [SKIP] Cannot open trade: Circuit breaker: Consecutive losses >= 10 (11 losses) (resumes in 47s)
2025-12-23 15:28:38 - trades.FTNTm - DEBUG - [SKIP] Cannot open trade: Entry filter: Volatility floor: avg range 0.61 pips < min 0.80 pips
2025-12-23 15:35:18 - trades.FTNTm - DEBUG - [SKIP] Cannot open trade: Circuit breaker: Rolling PnL of last 50 trades <= -$10 (current: $-17.00) (resumes in 3427s)
2025-12-23 15:41:39 - trades.FTNTm - DEBUG - [SKIP] Cannot open trade: Circuit breaker: Rolling PnL of last 50 trades <= -$10 (current: $-17.00) (resumes in 3045s)
2025-12-23 15:47:42 - trades.FTNTm - DEBUG - [SKIP] Cannot open trade: Circuit breaker: Rolling PnL of last 50 trades <= -$10 (current: $-17.00) (resumes in 2683s)
2025-12-23 15:53:46 - trades.FTNTm - DEBUG - [SKIP] Cannot open trade: Circuit breaker: Rolling PnL of last 50 trades <= -$10 (current: $-17.00) (resumes in 2319s)
2025-12-23 15:59:41 - trades.FTNTm - DEBUG - [SKIP] Cannot open trade: Circuit breaker: Rolling PnL of last 50 trades <= -$10 (current: $-17.00) (resumes in 1964s)
2025-12-23 16:06:11 - trades.FTNTm - DEBUG - [SKIP] Cannot open trade: Circuit breaker: Rolling PnL of last 50 trades <= -$10 (current: $-17.00) (resumes in 1574s)
2025-12-23 16:11:52 - trades.FTNTm - DEBUG - [SKIP] Cannot open trade: Circuit breaker: Rolling PnL of last 50 trades <= -$10 (current: $-17.00) (resumes in 1232s)
2025-12-23 16:17:05 - trades.FTNTm - DEBUG - [SKIP] Cannot open trade: Circuit breaker: Rolling PnL of last 50 trades <= -$10 (current: $-17.00) (resumes in 919s)
2025-12-23 16:32:15 - trades.FTNTm - DEBUG - [SKIP] Cannot open trade: Circuit breaker: Rolling PnL of last 50 trades <= -$10 (current: $-17.00) (resumes in 11s)
2025-12-23 16:37:36 - trades.FTNTm - DEBUG - [SKIP] Cannot open trade: Circuit breaker: Rolling PnL of last 50 trades <= -$10 (current: $-11.59) (resumes in 3290s)
2025-12-23 16:52:35 - trades.FTNTm - DEBUG - [SKIP] Cannot open trade: Circuit breaker: Rolling PnL of last 50 trades <= -$10 (current: $-11.59) (resumes in 2392s)
2025-12-23 16:57:35 - trades.FTNTm - DEBUG - [SKIP] Cannot open trade: Circuit breaker: Rolling PnL of last 50 trades <= -$10 (current: $-11.59) (resumes in 2091s)
2025-12-23 17:02:53 - trades.FTNTm - DEBUG - [SKIP] Cannot open trade: Circuit breaker: Rolling PnL of last 50 trades <= -$10 (current: $-11.59) (resumes in 1773s)
2025-12-23 17:07:32 - trades.FTNTm - DEBUG - [SKIP] Cannot open trade: Circuit breaker: Rolling PnL of last 50 trades <= -$10 (current: $-11.59) (resumes in 1494s)
2025-12-23 17:17:52 - trades.FTNTm - DEBUG - [SKIP] Cannot open trade: Circuit breaker: Rolling PnL of last 50 trades <= -$10 (current: $-11.59) (resumes in 875s)
2025-12-23 17:22:45 - trades.FTNTm - DEBUG - [SKIP] Cannot open trade: Circuit breaker: Rolling PnL of last 50 trades <= -$10 (current: $-11.59) (resumes in 581s)
2025-12-23 17:27:29 - trades.FTNTm - DEBUG - [SKIP] Cannot open trade: Circuit breaker: Rolling PnL of last 50 trades <= -$10 (current: $-11.59) (resumes in 298s)
2025-12-23 17:32:14 - trades.FTNTm - DEBUG - [SKIP] Cannot open trade: Circuit breaker: Rolling PnL of last 50 trades <= -$10 (current: $-11.59) (resumes in 12s)
2025-12-23 17:36:50 - trades.FTNTm - DEBUG - [SKIP] Cannot open trade: Circuit breaker: Rolling PnL of last 50 trades <= -$10 (current: $-11.59) (resumes in 3339s)
2025-12-23 17:41:07 - trades.FTNTm - DEBUG - [SKIP] Cannot open trade: Circuit breaker: Rolling PnL of last 50 trades <= -$10 (current: $-11.59) (resumes in 3082s)
2025-12-23 17:45:47 - trades.FTNTm - DEBUG - [SKIP] Cannot open trade: Circuit breaker: Rolling PnL of last 50 trades <= -$10 (current: $-11.59) (resumes in 2801s)
2025-12-23 17:50:09 - trades.FTNTm - DEBUG - [SKIP] Cannot open trade: Circuit breaker: Rolling PnL of last 50 trades <= -$10 (current: $-11.59) (resumes in 2540s)
2025-12-23 17:54:46 - trades.FTNTm - DEBUG - [SKIP] Cannot open trade: Circuit breaker: Rolling PnL of last 50 trades <= -$10 (current: $-11.59) (resumes in 2263s)
2025-12-23 17:59:30 - trades.FTNTm - DEBUG - [SKIP] Cannot open trade: Circuit breaker: Rolling PnL of last 50 trades <= -$10 (current: $-11.59) (resumes in 1978s)
2025-12-23 18:08:18 - trades.FTNTm - DEBUG - [SKIP] Cannot open trade: Circuit breaker: Rolling PnL of last 50 trades <= -$10 (current: $-11.59) (resumes in 1450s)
2025-12-23 18:12:57 - trades.FTNTm - DEBUG - [SKIP] Cannot open trade: Circuit breaker: Rolling PnL of last 50 trades <= -$10 (current: $-11.59) (resumes in 1171s)
2025-12-23 18:17:12 - trades.FTNTm - DEBUG - [SKIP] Cannot open trade: Circuit breaker: Rolling PnL of last 50 trades <= -$10 (current: $-11.59) (resumes in 917s)
2025-12-23 18:21:23 - trades.FTNTm - DEBUG - [SKIP] Cannot open trade: Circuit breaker: Rolling PnL of last 50 trades <= -$10 (current: $-11.59) (resumes in 665s)
2025-12-23 18:25:45 - trades.FTNTm - DEBUG - [SKIP] Cannot open trade: Circuit breaker: Rolling PnL of last 50 trades <= -$10 (current: $-11.59) (resumes in 404s)
2025-12-23 18:30:21 - trades.FTNTm - DEBUG - [SKIP] Cannot open trade: Circuit breaker: Rolling PnL of last 50 trades <= -$10 (current: $-11.59) (resumes in 128s)
2025-12-23 18:34:54 - trades.FTNTm - DEBUG - [SKIP] Cannot open trade: Circuit breaker: Rolling PnL of last 50 trades <= -$10 (current: $-11.59) (resumes in 3456s)
2025-12-23 18:43:47 - trades.FTNTm - DEBUG - [SKIP] Cannot open trade: Circuit breaker: Rolling PnL of last 50 trades <= -$10 (current: $-11.59) (resumes in 2924s)
2025-12-23 18:47:57 - trades.FTNTm - DEBUG - [SKIP] Cannot open trade: Circuit breaker: Rolling PnL of last 50 trades <= -$10 (current: $-11.59) (resumes in 2673s)
2025-12-23 18:52:12 - trades.FTNTm - DEBUG - [SKIP] Cannot open trade: Circuit breaker: Rolling PnL of last 50 trades <= -$10 (current: $-11.59) (resumes in 2418s)
2025-12-23 18:56:42 - trades.FTNTm - DEBUG - [SKIP] Cannot open trade: Circuit breaker: Rolling PnL of last 50 trades <= -$10 (current: $-11.59) (resumes in 2148s)
2025-12-23 19:05:28 - trades.FTNTm - DEBUG - [SKIP] Cannot open trade: Circuit breaker: Rolling PnL of last 50 trades <= -$10 (current: $-11.59) (resumes in 1622s)
2025-12-23 19:09:44 - trades.FTNTm - DEBUG - [SKIP] Cannot open trade: Circuit breaker: Rolling PnL of last 50 trades <= -$10 (current: $-11.59) (resumes in 1366s)
2025-12-23 19:13:54 - trades.FTNTm - DEBUG - [SKIP] Cannot open trade: Circuit breaker: Rolling PnL of last 50 trades <= -$10 (current: $-11.59) (resumes in 1116s)
2025-12-23 19:17:55 - trades.FTNTm - DEBUG - [SKIP] Cannot open trade: Circuit breaker: Rolling PnL of last 50 trades <= -$10 (current: $-11.59) (resumes in 875s)
2025-12-23 19:22:00 - trades.FTNTm - DEBUG - [SKIP] Cannot open trade: Circuit breaker: Rolling PnL of last 50 trades <= -$10 (current: $-11.59) (resumes in 631s)
2025-12-23 19:26:17 - trades.FTNTm - DEBUG - [SKIP] Cannot open trade: Circuit breaker: Rolling PnL of last 50 trades <= -$10 (current: $-11.59) (resumes in 373s)
2025-12-23 19:30:33 - trades.FTNTm - DEBUG - [SKIP] Cannot open trade: Circuit breaker: Rolling PnL of last 50 trades <= -$10 (current: $-11.59) (resumes in 117s)
2025-12-23 19:34:55 - trades.FTNTm - DEBUG - [SKIP] Cannot open trade: Circuit breaker: Rolling PnL of last 50 trades <= -$10 (current: $-11.59) (resumes in 3562s)
2025-12-23 19:39:26 - trades.FTNTm - DEBUG - [SKIP] Cannot open trade: Circuit breaker: Rolling PnL of last 50 trades <= -$10 (current: $-11.59) (resumes in 3291s)
2025-12-23 20:00:03 - trades.FTNTm - DEBUG - [SKIP] Cannot open trade: Circuit breaker: Rolling PnL of last 50 trades <= -$10 (current: $-11.59) (resumes in 2054s)
2025-12-23 20:04:16 - trades.FTNTm - DEBUG - [SKIP] Cannot open trade: Circuit breaker: Rolling PnL of last 50 trades <= -$10 (current: $-11.59) (resumes in 1800s)
2025-12-23 20:21:32 - trades.FTNTm - DEBUG - [SKIP] Cannot open trade: Circuit breaker: Rolling PnL of last 50 trades <= -$10 (current: $-11.59) (resumes in 765s)
2025-12-23 20:25:38 - trades.FTNTm - DEBUG - [SKIP] Cannot open trade: Circuit breaker: Rolling PnL of last 50 trades <= -$10 (current: $-11.59) (resumes in 519s)
2025-12-23 20:29:30 - trades.FTNTm - DEBUG - [SKIP] Cannot open trade: Circuit breaker: Rolling PnL of last 50 trades <= -$10 (current: $-11.59) (resumes in 287s)
2025-12-23 20:34:20 - trades.FTNTm - DEBUG - [SKIP] Cannot open trade: Circuit breaker: Rolling PnL of last 50 trades <= -$10 (current: $-11.59)
2025-12-23 20:39:05 - trades.FTNTm - DEBUG - [SKIP] Cannot open trade: Circuit breaker: Rolling PnL of last 50 trades <= -$10 (current: $-11.59) (resumes in 3315s)
2025-12-23 20:43:34 - trades.FTNTm - DEBUG - [SKIP] Cannot open trade: Circuit breaker: Rolling PnL of last 50 trades <= -$10 (current: $-11.59) (resumes in 3046s)
2025-12-24 14:38:55 - trades.FTNTm - DEBUG - [SKIP] Cannot open trade: Circuit breaker: Rolling PnL of last 50 trades <= -$10 (current: $-11.59) (resumes in 341s)
2025-12-24 14:44:18 - trades.FTNTm - DEBUG - [SKIP] Cannot open trade: Circuit breaker: Rolling PnL of last 50 trades <= -$10 (current: $-11.59) (resumes in 19s)
2025-12-24 14:49:58 - trades.FTNTm - DEBUG - [SKIP] Cannot open trade: Circuit breaker: Rolling PnL of last 50 trades <= -$10 (current: $-11.59) (resumes in 3286s)
2025-12-24 14:55:04 - trades.FTNTm - DEBUG - [SKIP] Cannot open trade: Circuit breaker: Rolling PnL of last 50 trades <= -$10 (current: $-11.59) (resumes in 2980s)
2025-12-24 14:59:54 - trades.FTNTm - DEBUG - [SKIP] Cannot open trade: Circuit breaker: Rolling PnL of last 50 trades <= -$10 (current: $-11.59) (resumes in 2690s)
2025-12-24 15:04:56 - trades.FTNTm - DEBUG - [SKIP] Cannot open trade: Circuit breaker: Rolling PnL of last 50 trades <= -$10 (current: $-11.59) (resumes in 2388s)
2025-12-24 15:09:44 - trades.FTNTm - DEBUG - [SKIP] Cannot open trade: Circuit breaker: Rolling PnL of last 50 trades <= -$10 (current: $-11.59) (resumes in 2100s)
2025-12-24 15:14:22 - trades.FTNTm - DEBUG - [SKIP] Cannot open trade: Circuit breaker: Rolling PnL of last 50 trades <= -$10 (current: $-11.59) (resumes in 1822s)
2025-12-24 15:19:15 - trades.FTNTm - DEBUG - [SKIP] Cannot open trade: Circuit breaker: Rolling PnL of last 50 trades <= -$10 (current: $-11.59) (resumes in 1530s)
