2025-12-14 22:27:14 - trades.GBPNOKm - DEBUG - [SKIP] Cannot open trade: Entry filter: Session guard: rollover window 21:00-23:00 GMT blocked
2025-12-14 22:27:47 - trades.GBPNOKm - DEBUG - [SKIP] Cannot open trade: Entry filter: Session guard: rollover window 21:00-23:00 GMT blocked
2025-12-14 22:32:24 - trades.GBPNOKm - DEBUG - [SKIP] Cannot open trade: Entry filter: Session guard: rollover window 21:00-23:00 GMT blocked
2025-12-14 22:32:52 - trades.GBPNOKm - DEBUG - [SKIP] Cannot open trade: Entry filter: Session guard: rollover window 21:00-23:00 GMT blocked
2025-12-14 22:33:20 - trades.GBPNOKm - DEBUG - [SKIP] Cannot open trade: Entry filter: Session guard: rollover window 21:00-23:00 GMT blocked
2025-12-14 22:33:49 - trades.GBPNOKm - DEBUG - [SKIP] Cannot open trade: Entry filter: Session guard: rollover window 21:00-23:00 GMT blocked
2025-12-14 22:34:18 - trades.GBPNOKm - DEBUG - [SKIP] Cannot open trade: Entry filter: Session guard: rollover window 21:00-23:00 GMT blocked
2025-12-14 22:34:45 - trades.GBPNOKm - DEBUG - [SKIP] Cannot open trade: Entry filter: Session guard: rollover window 21:00-23:00 GMT blocked
2025-12-14 22:38:05 - trades.GBPNOKm - DEBUG - [SKIP] Cannot open trade: Entry filter: Session guard: rollover window 21:00-23:00 GMT blocked
2025-12-14 22:38:49 - trades.GBPNOKm - DEBUG - [SKIP] Cannot open trade: Entry filter: Session guard: rollover window 21:00-23:00 GMT blocked
2025-12-14 22:39:59 - trades.GBPNOKm - DEBUG - [SKIP] Cannot open trade: Entry filter: Session guard: rollover window 21:00-23:00 GMT blocked
2025-12-14 22:41:12 - trades.GBPNOKm - DEBUG - [SKIP] Cannot open trade: Entry filter: Session guard: rollover window 21:00-23:00 GMT blocked
2025-12-14 22:42:25 - trades.GBPNOKm - DEBUG - [SKIP] Cannot open trade: Entry filter: Session guard: rollover window 21:00-23:00 GMT blocked
2025-12-14 22:43:43 - trades.GBPNOKm - DEBUG - [SKIP] Cannot open trade: Entry filter: Session guard: rollover window 21:00-23:00 GMT blocked
2025-12-14 22:44:49 - trades.GBPNOKm - DEBUG - [SKIP] Cannot open trade: Entry filter: Session guard: rollover window 21:00-23:00 GMT blocked
2025-12-14 22:45:58 - trades.GBPNOKm - DEBUG - [SKIP] Cannot open trade: Entry filter: Session guard: rollover window 21:00-23:00 GMT blocked
2025-12-14 22:46:58 - trades.GBPNOKm - DEBUG - [SKIP] Cannot open trade: Entry filter: Session guard: rollover window 21:00-23:00 GMT blocked
2025-12-14 22:47:59 - trades.GBPNOKm - DEBUG - [SKIP] Cannot open trade: Entry filter: Session guard: rollover window 21:00-23:00 GMT blocked
2025-12-14 22:51:21 - trades.GBPNOKm - DEBUG - [SKIP] Cannot open trade: Entry filter: Session guard: rollover window 21:00-23:00 GMT blocked
2025-12-14 22:52:24 - trades.GBPNOKm - DEBUG - [SKIP] Cannot open trade: Entry filter: Session guard: rollover window 21:00-23:00 GMT blocked
2025-12-14 22:53:35 - trades.GBPNOKm - DEBUG - [SKIP] Cannot open trade: Entry filter: Session guard: rollover window 21:00-23:00 GMT blocked
2025-12-14 22:54:45 - trades.GBPNOKm - DEBUG - [SKIP] Cannot open trade: Entry filter: Session guard: rollover window 21:00-23:00 GMT blocked
2025-12-14 22:55:51 - trades.GBPNOKm - DEBUG - [SKIP] Cannot open trade: Entry filter: Session guard: last 5 minutes of hour blocked
2025-12-14 22:56:58 - trades.GBPNOKm - DEBUG - [SKIP] Cannot open trade: Entry filter: Session guard: last 5 minutes of hour blocked
2025-12-14 22:58:04 - trades.GBPNOKm - DEBUG - [SKIP] Cannot open trade: Entry filter: Session guard: last 5 minutes of hour blocked
2025-12-14 22:59:14 - trades.GBPNOKm - DEBUG - [SKIP] Cannot open trade: Entry filter: Session guard: last 5 minutes of hour blocked
2025-12-14 23:00:25 - trades.GBPNOKm - DEBUG - [SKIP] Cannot open trade: Entry filter: Session guard: first 5 minutes of hour blocked
2025-12-14 23:01:42 - trades.GBPNOKm - DEBUG - [SKIP] Cannot open trade: Entry filter: Session guard: first 5 minutes of hour blocked
2025-12-14 23:02:54 - trades.GBPNOKm - DEBUG - [SKIP] Cannot open trade: Entry filter: Session guard: first 5 minutes of hour blocked
2025-12-14 23:07:54 - trades.GBPNOKm - DEBUG - [SKIP] Cannot open trade: Entry filter: Spread sanity: spread 1495.7% of avg range > max 20.0%
2025-12-14 23:09:06 - trades.GBPNOKm - DEBUG - [SKIP] Cannot open trade: Entry filter: Spread sanity: spread 1449.6% of avg range > max 20.0%
2025-12-14 23:10:16 - trades.GBPNOKm - DEBUG - [SKIP] Cannot open trade: Entry filter: Spread sanity: spread 1487.6% of avg range > max 20.0%
2025-12-14 23:11:23 - trades.GBPNOKm - DEBUG - [SKIP] Cannot open trade: Entry filter: Spread sanity: spread 1325.0% of avg range > max 20.0%
2025-12-14 23:12:24 - trades.GBPNOKm - DEBUG - [SKIP] Cannot open trade: Entry filter: Spread sanity: spread 1486.6% of avg range > max 20.0%
2025-12-14 23:13:30 - trades.GBPNOKm - DEBUG - [SKIP] Cannot open trade: Entry filter: Spread sanity: spread 1488.5% of avg range > max 20.0%
2025-12-14 23:14:35 - trades.GBPNOKm - DEBUG - [SKIP] Cannot open trade: Entry filter: Spread sanity: spread 1389.5% of avg range > max 20.0%
2025-12-14 23:17:35 - trades.GBPNOKm - DEBUG - [SKIP] Cannot open trade: Entry filter: Spread sanity: spread 1588.3% of avg range > max 20.0%
2025-12-14 23:18:29 - trades.GBPNOKm - DEBUG - [SKIP] Cannot open trade: Entry filter: Spread sanity: spread 1582.3% of avg range > max 20.0%
2025-12-14 23:19:36 - trades.GBPNOKm - DEBUG - [SKIP] Cannot open trade: Entry filter: Spread sanity: spread 1388.7% of avg range > max 20.0%
2025-12-14 23:20:55 - trades.GBPNOKm - DEBUG - [SKIP] Cannot open trade: Entry filter: Spread sanity: spread 1527.6% of avg range > max 20.0%
2025-12-14 23:22:08 - trades.GBPNOKm - DEBUG - [SKIP] Cannot open trade: Entry filter: Spread sanity: spread 1464.3% of avg range > max 20.0%
2025-12-14 23:23:17 - trades.GBPNOKm - DEBUG - [SKIP] Cannot open trade: Entry filter: Spread sanity: spread 1642.9% of avg range > max 20.0%
2025-12-14 23:24:36 - trades.GBPNOKm - DEBUG - [SKIP] Cannot open trade: Entry filter: Spread sanity: spread 1489.9% of avg range > max 20.0%
2025-12-14 23:26:14 - trades.GBPNOKm - DEBUG - [SKIP] Cannot open trade: Entry filter: Spread sanity: spread 1298.2% of avg range > max 20.0%
2025-12-14 23:27:18 - trades.GBPNOKm - DEBUG - [SKIP] Cannot open trade: Entry filter: Spread sanity: spread 1219.7% of avg range > max 20.0%
2025-12-14 23:28:35 - trades.GBPNOKm - DEBUG - [SKIP] Cannot open trade: Entry filter: Spread sanity: spread 1140.0% of avg range > max 20.0%
2025-12-14 23:29:48 - trades.GBPNOKm - DEBUG - [SKIP] Cannot open trade: Entry filter: Spread sanity: spread 1126.0% of avg range > max 20.0%
2025-12-14 23:31:17 - trades.GBPNOKm - DEBUG - [SKIP] Cannot open trade: Entry filter: Spread sanity: spread 1322.6% of avg range > max 20.0%
2025-12-14 23:32:32 - trades.GBPNOKm - DEBUG - [SKIP] Cannot open trade: Entry filter: Spread sanity: spread 1014.6% of avg range > max 20.0%
2025-12-14 23:33:46 - trades.GBPNOKm - DEBUG - [SKIP] Cannot open trade: Entry filter: Spread sanity: spread 994.9% of avg range > max 20.0%
2025-12-14 23:35:17 - trades.GBPNOKm - DEBUG - [SKIP] Cannot open trade: Entry filter: Spread sanity: spread 1035.9% of avg range > max 20.0%
2025-12-14 23:36:34 - trades.GBPNOKm - DEBUG - [SKIP] Cannot open trade: Entry filter: Spread sanity: spread 1099.2% of avg range > max 20.0%
2025-12-14 23:37:50 - trades.GBPNOKm - DEBUG - [SKIP] Cannot open trade: Entry filter: Spread sanity: spread 1081.2% of avg range > max 20.0%
2025-12-14 23:39:28 - trades.GBPNOKm - DEBUG - [SKIP] Cannot open trade: Entry filter: Spread sanity: spread 1445.9% of avg range > max 20.0%
2025-12-14 23:40:32 - trades.GBPNOKm - DEBUG - [SKIP] Cannot open trade: Entry filter: Spread sanity: spread 1136.2% of avg range > max 20.0%
2025-12-14 23:41:50 - trades.GBPNOKm - DEBUG - [SKIP] Cannot open trade: Entry filter: Spread sanity: spread 1231.0% of avg range > max 20.0%
2025-12-14 23:47:11 - trades.GBPNOKm - DEBUG - [SKIP] Cannot open trade: Entry filter: Spread sanity: spread 1618.9% of avg range > max 20.0%
2025-12-14 23:48:46 - trades.GBPNOKm - DEBUG - [SKIP] Cannot open trade: Entry filter: Spread sanity: spread 1749.3% of avg range > max 20.0%
2025-12-14 23:49:59 - trades.GBPNOKm - DEBUG - [SKIP] Cannot open trade: Entry filter: Spread sanity: spread 1826.4% of avg range > max 20.0%
2025-12-14 23:51:23 - trades.GBPNOKm - DEBUG - [SKIP] Cannot open trade: Circuit breaker: Consecutive losses >= 10 (10 losses) (resumes in 1782s)
2025-12-14 23:52:26 - trades.GBPNOKm - DEBUG - [SKIP] Cannot open trade: Circuit breaker: Consecutive losses >= 10 (10 losses) (resumes in 1719s)
2025-12-14 23:53:23 - trades.GBPNOKm - DEBUG - [SKIP] Cannot open trade: Circuit breaker: Consecutive losses >= 10 (10 losses) (resumes in 1662s)
2025-12-14 23:58:06 - trades.GBPNOKm - DEBUG - [SKIP] Cannot open trade: Circuit breaker: Consecutive losses >= 10 (10 losses) (resumes in 1379s)
2025-12-14 23:59:00 - trades.GBPNOKm - DEBUG - [SKIP] Cannot open trade: Circuit breaker: Consecutive losses >= 10 (10 losses) (resumes in 1325s)
2025-12-15 00:32:55 - trades.GBPNOKm - DEBUG - [SKIP] Cannot open trade: Circuit breaker: Consecutive losses >= 10 (10 losses) (resumes in 1128s)
2025-12-15 08:40:10 - trades.GBPNOKm - DEBUG - [SKIP] Cannot open trade: Circuit breaker: Consecutive losses >= 10 (10 losses) (resumes in 1644s)
2025-12-15 09:40:07 - trades.GBPNOKm - DEBUG - [SKIP] Cannot open trade: Circuit breaker: Consecutive losses >= 10 (10 losses) (resumes in 1721s)
2025-12-15 10:02:55 - trades.GBPNOKm - DEBUG - [SKIP] Cannot open trade: Circuit breaker: Consecutive losses >= 10 (10 losses) (resumes in 352s)
