{"timestamp": "2026-01-05 09:29:17", "symbol": "GBPUSDm", "trade_type": "SHORT", "entry_price": 1.34334, "exit_price": 1.34329, "profit_usd": 0.05, "status": "CLOSED", "order_id": "631780973", "additional_info": {"entry_price_requested": 1.34334, "lot_size": 0.01, "stop_loss_pips": 29.999999999998916, "stop_loss_price": 1.3463399999999999, "slippage": 0.0, "quality_score": 85, "spread_points": 9.999999999998899, "spread_fees_cost": 0.09999999999998899, "risk_usd": 2.9999999999998916, "min_lot": 0.01, "min_lot_source": "broker", "sma_fast": 1.342324, "sma_slow": 1.3427644, "rsi": 47.58620689655077, "duration_minutes": 0.6166666666666667, "close_reason": "Micro-HFT sweet spot profit", "commission": 0.0, "swap": 0.0}}
2026-01-05 09:29:21 - trades.GBPUSDm - INFO -    Ticket: 631780973
2026-01-05 09:29:21 - trades.GBPUSDm - INFO -    Entry Time: 2026-01-05 09:28:40
2026-01-05 09:29:21 - trades.GBPUSDm - INFO -    Entry Price: 1.34334
2026-01-05 09:29:21 - trades.GBPUSDm - INFO -    Close Time: 2026-01-05 09:29:17
2026-01-05 09:29:21 - trades.GBPUSDm - INFO -    Close Price: 1.34329
2026-01-05 09:29:21 - trades.GBPUSDm - INFO -    Profit/Loss: $0.05 USD
2026-01-05 09:29:21 - trades.GBPUSDm - INFO -    Duration: 0.6 minutes
2026-01-05 09:29:21 - trades.GBPUSDm - INFO -    Close Reason: Micro-HFT sweet spot profit
2026-01-05 09:29:21 - trades.GBPUSDm - INFO -    Commission: 0.0
2026-01-05 09:29:21 - trades.GBPUSDm - INFO -    Swap: 0.0
2026-01-05 09:29:21 - trades.GBPUSDm - INFO - ================================================================================
2026-01-05 09:48:48 - trades.GBPUSDm - DEBUG - [SKIP] Cannot open trade: Entry filter: Candle quality: current range 27.6% of avg < min 55.0%
2026-01-05 09:59:26 - trades.GBPUSDm - DEBUG - [SKIP] Cannot open trade: Entry filter: Session guard: last 1 minutes of hour blocked
2026-01-05 10:23:59 - trades.GBPUSDm - DEBUG - [SKIP] Cannot open trade: Entry filter: Candle quality: current range 49.8% of avg < min 55.0%
2026-01-05 10:43:41 - trades.GBPUSDm - DEBUG - [SKIP] Cannot open trade: Entry filter: Spread sanity: spread 50.4% of avg range > max 50.0%
2026-01-05 10:49:27 - trades.GBPUSDm - DEBUG - [SKIP] Cannot open trade: Entry filter: Candle quality: current range 40.7% of avg < min 55.0%
2026-01-05 10:54:46 - trades.GBPUSDm - DEBUG - [SKIP] Cannot open trade: Entry filter: Candle quality: current range 37.1% of avg < min 55.0%
2026-01-05 11:00:04 - trades.GBPUSDm - DEBUG - [SKIP] Cannot open trade: Entry filter: Session guard: first 1 minutes of hour blocked
2026-01-05 11:01:49 - trades.GBPUSDm - DEBUG - [SKIP] Cannot open trade: Entry filter: Candle quality: current range 41.7% of avg < min 55.0%
2026-01-05 12:00:43 - trades.GBPUSDm - DEBUG - [SKIP] Cannot open trade: Entry filter: Session guard: first 1 minutes of hour blocked
2026-01-05 12:04:18 - trades.GBPUSDm - DEBUG - [SKIP] Cannot open trade: Entry filter: Candle quality: current range 49.8% of avg < min 55.0%
2026-01-05 12:33:40 - trades.GBPUSDm - DEBUG - [SKIP] Cannot open trade: Entry filter: Spread sanity: spread 51.8% of avg range > max 50.0%
2026-01-05 12:52:09 - trades.GBPUSDm - DEBUG - [SKIP] Cannot open trade: Entry filter: Candle quality: current range 49.9% of avg < min 55.0%
2026-01-05 13:01:31 - trades.GBPUSDm - DEBUG - [SKIP] Cannot open trade: Entry filter: Candle quality: current range 47.3% of avg < min 55.0%
2026-01-05 13:54:15 - trades.GBPUSDm - DEBUG - [SKIP] Cannot open trade: Entry filter: Candle quality: current range 51.5% of avg < min 55.0%
2026-01-05 13:59:08 - trades.GBPUSDm - DEBUG - [SKIP] Cannot open trade: Entry filter: Session guard: last 1 minutes of hour blocked
2026-01-05 14:08:48 - trades.GBPUSDm - DEBUG - [SKIP] Cannot open trade: Entry filter: Candle quality: current range 50.7% of avg < min 55.0%
2026-01-05 15:59:01 - trades.GBPUSDm - DEBUG - [SKIP] Cannot open trade: Entry filter: Session guard: last 1 minutes of hour blocked
2026-01-05 16:30:04 - trades.GBPUSDm - DEBUG - [SKIP] Cannot open trade: Entry filter: Candle quality: current range 47.0% of avg < min 55.0%
2026-01-05 17:50:15 - trades.GBPUSDm - DEBUG - [SKIP] Cannot open trade: Entry filter: Spread sanity: spread 51.9% of avg range > max 50.0%
2026-01-05 17:57:08 - trades.GBPUSDm - DEBUG - [SKIP] Cannot open trade: Entry filter: Spread sanity: spread 58.5% of avg range > max 50.0%
2026-01-05 18:07:09 - trades.GBPUSDm - DEBUG - [SKIP] Cannot open trade: Entry filter: Spread sanity: spread 59.3% of avg range > max 50.0%
2026-01-05 18:12:12 - trades.GBPUSDm - DEBUG - [SKIP] Cannot open trade: Entry filter: Spread sanity: spread 57.8% of avg range > max 50.0%
2026-01-05 18:17:12 - trades.GBPUSDm - DEBUG - [SKIP] Cannot open trade: Entry filter: Spread sanity: spread 63.7% of avg range > max 50.0%
2026-01-05 18:22:13 - trades.GBPUSDm - DEBUG - [SKIP] Cannot open trade: Entry filter: Spread sanity: spread 66.2% of avg range > max 50.0%
2026-01-05 18:26:57 - trades.GBPUSDm - DEBUG - [SKIP] Cannot open trade: Entry filter: Spread sanity: spread 60.1% of avg range > max 50.0%
