2025-12-23 12:00:11 - trades.MSFTm - DEBUG - [SKIP] Cannot open trade: Entry filter: Session guard: first 1 minutes of hour blocked
2025-12-23 12:01:52 - trades.MSFTm - DEBUG - [SKIP] Cannot open trade: Entry filter: Volatility floor: avg range 0.46 pips < min 0.80 pips
2025-12-23 12:03:32 - trades.MSFTm - DEBUG - [SKIP] Cannot open trade: Entry filter: Volatility floor: avg range 0.41 pips < min 0.80 pips
2025-12-23 12:05:13 - trades.MSFTm - DEBUG - [SKIP] Cannot open trade: Entry filter: Volatility floor: avg range 0.79 pips < min 0.80 pips
2025-12-23 12:07:54 - trades.MSFTm - DEBUG - [SKIP] Cannot open trade: Entry filter: Volatility floor: avg range 0.79 pips < min 0.80 pips
2025-12-23 12:14:53 - trades.MSFTm - DEBUG - [SKIP] Cannot open trade: Entry filter: Spread sanity: spread 876.7% of avg range > max 30.0%
2025-12-23 12:18:30 - trades.MSFTm - DEBUG - [SKIP] Cannot open trade: Entry filter: Spread sanity: spread 790.1% of avg range > max 30.0%
2025-12-23 13:10:53 - trades.MSFTm - DEBUG - [SKIP] Cannot open trade: Entry filter: Spread sanity: spread 741.3% of avg range > max 30.0%
2025-12-23 13:28:09 - trades.MSFTm - DEBUG - [SKIP] Cannot open trade: Entry filter: Spread sanity: spread 605.7% of avg range > max 30.0%
2025-12-23 13:41:58 - trades.MSFTm - DEBUG - [SKIP] Cannot open trade: Entry filter: Spread sanity: spread 910.0% of avg range > max 30.0%
2025-12-23 14:10:03 - trades.MSFTm - DEBUG - [SKIP] Cannot open trade: Entry filter: Spread sanity: spread 927.5% of avg range > max 30.0%
2025-12-23 14:48:05 - trades.MSFTm - DEBUG - [SKIP] Cannot open trade: Entry filter: Spread sanity: spread 50.6% of avg range > max 30.0%
2025-12-23 14:55:22 - trades.MSFTm - DEBUG - [SKIP] Cannot open trade: Circuit breaker: Consecutive losses >= 10 (11 losses) (resumes in 1679s)
2025-12-23 15:01:07 - trades.MSFTm - DEBUG - [SKIP] Cannot open trade: Circuit breaker: Consecutive losses >= 10 (11 losses) (resumes in 1334s)
2025-12-23 15:06:32 - trades.MSFTm - DEBUG - [SKIP] Cannot open trade: Circuit breaker: Consecutive losses >= 10 (11 losses) (resumes in 1009s)
2025-12-23 15:12:08 - trades.MSFTm - DEBUG - [SKIP] Cannot open trade: Circuit breaker: Consecutive losses >= 10 (11 losses) (resumes in 672s)
2025-12-23 15:17:51 - trades.MSFTm - DEBUG - [SKIP] Cannot open trade: Circuit breaker: Consecutive losses >= 10 (11 losses) (resumes in 330s)
2025-12-23 15:36:37 - trades.MSFTm - DEBUG - [SKIP] Cannot open trade: Circuit breaker: Rolling PnL of last 50 trades <= -$10 (current: $-17.00) (resumes in 3348s)
2025-12-23 15:42:56 - trades.MSFTm - DEBUG - [SKIP] Cannot open trade: Circuit breaker: Rolling PnL of last 50 trades <= -$10 (current: $-17.00) (resumes in 2969s)
2025-12-23 15:49:01 - trades.MSFTm - DEBUG - [SKIP] Cannot open trade: Circuit breaker: Rolling PnL of last 50 trades <= -$10 (current: $-17.00) (resumes in 2604s)
2025-12-23 15:55:05 - trades.MSFTm - DEBUG - [SKIP] Cannot open trade: Circuit breaker: Rolling PnL of last 50 trades <= -$10 (current: $-17.00) (resumes in 2240s)
2025-12-23 16:01:02 - trades.MSFTm - DEBUG - [SKIP] Cannot open trade: Circuit breaker: Rolling PnL of last 50 trades <= -$10 (current: $-17.00) (resumes in 1882s)
2025-12-23 16:07:23 - trades.MSFTm - DEBUG - [SKIP] Cannot open trade: Circuit breaker: Rolling PnL of last 50 trades <= -$10 (current: $-17.00) (resumes in 1501s)
2025-12-23 17:18:53 - trades.MSFTm - DEBUG - [SKIP] Cannot open trade: Circuit breaker: Rolling PnL of last 50 trades <= -$10 (current: $-11.59) (resumes in 814s)
2025-12-23 17:23:47 - trades.MSFTm - DEBUG - [SKIP] Cannot open trade: Circuit breaker: Rolling PnL of last 50 trades <= -$10 (current: $-11.59) (resumes in 521s)
2025-12-23 17:28:34 - trades.MSFTm - DEBUG - [SKIP] Cannot open trade: Circuit breaker: Rolling PnL of last 50 trades <= -$10 (current: $-11.59) (resumes in 233s)
2025-12-23 17:33:14 - trades.MSFTm - DEBUG - [SKIP] Cannot open trade: Circuit breaker: Rolling PnL of last 50 trades <= -$10 (current: $-11.59) (resumes in 3554s)
2025-12-23 17:37:43 - trades.MSFTm - DEBUG - [SKIP] Cannot open trade: Circuit breaker: Rolling PnL of last 50 trades <= -$10 (current: $-11.59) (resumes in 3285s)
2025-12-23 17:42:10 - trades.MSFTm - DEBUG - [SKIP] Cannot open trade: Circuit breaker: Rolling PnL of last 50 trades <= -$10 (current: $-11.59) (resumes in 3018s)
2025-12-23 17:46:39 - trades.MSFTm - DEBUG - [SKIP] Cannot open trade: Circuit breaker: Rolling PnL of last 50 trades <= -$10 (current: $-11.59) (resumes in 2749s)
2025-12-23 18:00:30 - trades.MSFTm - DEBUG - [SKIP] Cannot open trade: Circuit breaker: Rolling PnL of last 50 trades <= -$10 (current: $-11.59) (resumes in 1918s)
2025-12-23 18:04:57 - trades.MSFTm - DEBUG - [SKIP] Cannot open trade: Circuit breaker: Rolling PnL of last 50 trades <= -$10 (current: $-11.59) (resumes in 1651s)
2025-12-23 18:18:06 - trades.MSFTm - DEBUG - [SKIP] Cannot open trade: Circuit breaker: Rolling PnL of last 50 trades <= -$10 (current: $-11.59) (resumes in 862s)
2025-12-23 18:22:27 - trades.MSFTm - DEBUG - [SKIP] Cannot open trade: Circuit breaker: Rolling PnL of last 50 trades <= -$10 (current: $-11.59) (resumes in 601s)
2025-12-23 18:40:20 - trades.MSFTm - DEBUG - [SKIP] Cannot open trade: Circuit breaker: Rolling PnL of last 50 trades <= -$10 (current: $-11.59) (resumes in 3130s)
2025-12-23 18:44:44 - trades.MSFTm - DEBUG - [SKIP] Cannot open trade: Circuit breaker: Rolling PnL of last 50 trades <= -$10 (current: $-11.59) (resumes in 2866s)
2025-12-23 18:49:01 - trades.MSFTm - DEBUG - [SKIP] Cannot open trade: Circuit breaker: Rolling PnL of last 50 trades <= -$10 (current: $-11.59) (resumes in 2609s)
2025-12-23 18:53:20 - trades.MSFTm - DEBUG - [SKIP] Cannot open trade: Circuit breaker: Rolling PnL of last 50 trades <= -$10 (current: $-11.59) (resumes in 2350s)
2025-12-23 18:57:48 - trades.MSFTm - DEBUG - [SKIP] Cannot open trade: Circuit breaker: Rolling PnL of last 50 trades <= -$10 (current: $-11.59) (resumes in 2083s)
2025-12-23 19:02:11 - trades.MSFTm - DEBUG - [SKIP] Cannot open trade: Circuit breaker: Rolling PnL of last 50 trades <= -$10 (current: $-11.59) (resumes in 1819s)
2025-12-23 19:06:20 - trades.MSFTm - DEBUG - [SKIP] Cannot open trade: Circuit breaker: Rolling PnL of last 50 trades <= -$10 (current: $-11.59) (resumes in 1571s)
2025-12-23 19:10:33 - trades.MSFTm - DEBUG - [SKIP] Cannot open trade: Circuit breaker: Rolling PnL of last 50 trades <= -$10 (current: $-11.59) (resumes in 1317s)
2025-12-23 19:14:44 - trades.MSFTm - DEBUG - [SKIP] Cannot open trade: Circuit breaker: Rolling PnL of last 50 trades <= -$10 (current: $-11.59) (resumes in 1066s)
2025-12-23 19:40:22 - trades.MSFTm - DEBUG - [SKIP] Cannot open trade: Circuit breaker: Rolling PnL of last 50 trades <= -$10 (current: $-11.59) (resumes in 3235s)
2025-12-23 19:44:30 - trades.MSFTm - DEBUG - [SKIP] Cannot open trade: Circuit breaker: Rolling PnL of last 50 trades <= -$10 (current: $-11.59) (resumes in 2987s)
2025-12-23 19:48:35 - trades.MSFTm - DEBUG - [SKIP] Cannot open trade: Circuit breaker: Rolling PnL of last 50 trades <= -$10 (current: $-11.59) (resumes in 2742s)
2025-12-23 19:52:38 - trades.MSFTm - DEBUG - [SKIP] Cannot open trade: Circuit breaker: Rolling PnL of last 50 trades <= -$10 (current: $-11.59) (resumes in 2499s)
2025-12-23 19:56:55 - trades.MSFTm - DEBUG - [SKIP] Cannot open trade: Circuit breaker: Rolling PnL of last 50 trades <= -$10 (current: $-11.59) (resumes in 2242s)
2025-12-23 20:01:03 - trades.MSFTm - DEBUG - [SKIP] Cannot open trade: Circuit breaker: Rolling PnL of last 50 trades <= -$10 (current: $-11.59) (resumes in 1994s)
2025-12-23 20:05:12 - trades.MSFTm - DEBUG - [SKIP] Cannot open trade: Circuit breaker: Rolling PnL of last 50 trades <= -$10 (current: $-11.59) (resumes in 1746s)
2025-12-23 20:09:29 - trades.MSFTm - DEBUG - [SKIP] Cannot open trade: Circuit breaker: Rolling PnL of last 50 trades <= -$10 (current: $-11.59) (resumes in 1488s)
2025-12-23 20:13:51 - trades.MSFTm - DEBUG - [SKIP] Cannot open trade: Circuit breaker: Rolling PnL of last 50 trades <= -$10 (current: $-11.59) (resumes in 1226s)
2025-12-23 20:18:23 - trades.MSFTm - DEBUG - [SKIP] Cannot open trade: Circuit breaker: Rolling PnL of last 50 trades <= -$10 (current: $-11.59) (resumes in 954s)
2025-12-23 20:22:33 - trades.MSFTm - DEBUG - [SKIP] Cannot open trade: Circuit breaker: Rolling PnL of last 50 trades <= -$10 (current: $-11.59) (resumes in 704s)
2025-12-23 20:26:36 - trades.MSFTm - DEBUG - [SKIP] Cannot open trade: Circuit breaker: Rolling PnL of last 50 trades <= -$10 (current: $-11.59) (resumes in 461s)
2025-12-23 20:30:34 - trades.MSFTm - DEBUG - [SKIP] Cannot open trade: Circuit breaker: Rolling PnL of last 50 trades <= -$10 (current: $-11.59) (resumes in 223s)
2025-12-24 14:23:11 - trades.MSFTm - DEBUG - [SKIP] Cannot open trade: Circuit breaker: Rolling PnL of last 50 trades <= -$10 (current: $-11.59) (resumes in 1285s)
2025-12-24 15:00:04 - trades.MSFTm - DEBUG - [SKIP] Cannot open trade: Circuit breaker: Rolling PnL of last 50 trades <= -$10 (current: $-11.59) (resumes in 2680s)
2025-12-24 15:05:13 - trades.MSFTm - DEBUG - [SKIP] Cannot open trade: Circuit breaker: Rolling PnL of last 50 trades <= -$10 (current: $-11.59) (resumes in 2371s)
2025-12-24 15:10:12 - trades.MSFTm - DEBUG - [SKIP] Cannot open trade: Circuit breaker: Rolling PnL of last 50 trades <= -$10 (current: $-11.59) (resumes in 2073s)
2025-12-24 15:14:49 - trades.MSFTm - DEBUG - [SKIP] Cannot open trade: Circuit breaker: Rolling PnL of last 50 trades <= -$10 (current: $-11.59) (resumes in 1795s)
2025-12-24 15:19:41 - trades.MSFTm - DEBUG - [SKIP] Cannot open trade: Circuit breaker: Rolling PnL of last 50 trades <= -$10 (current: $-11.59) (resumes in 1504s)
