2025-12-14 22:32:25 - trades.NOKJPYm - DEBUG - [SKIP] Cannot open trade: Entry filter: Session guard: rollover window 21:00-23:00 GMT blocked
2025-12-14 22:32:53 - trades.NOKJPYm - DEBUG - [SKIP] Cannot open trade: Entry filter: Session guard: rollover window 21:00-23:00 GMT blocked
2025-12-14 22:33:21 - trades.NOKJPYm - DEBUG - [SKIP] Cannot open trade: Entry filter: Session guard: rollover window 21:00-23:00 GMT blocked
2025-12-14 22:33:49 - trades.NOKJPYm - DEBUG - [SKIP] Cannot open trade: Entry filter: Session guard: rollover window 21:00-23:00 GMT blocked
2025-12-14 22:34:18 - trades.NOKJPYm - DEBUG - [SKIP] Cannot open trade: Entry filter: Session guard: rollover window 21:00-23:00 GMT blocked
2025-12-14 22:34:47 - trades.NOKJPYm - DEBUG - [SKIP] Cannot open trade: Entry filter: Session guard: rollover window 21:00-23:00 GMT blocked
2025-12-14 22:41:20 - trades.NOKJPYm - DEBUG - [SKIP] Cannot open trade: Entry filter: Session guard: rollover window 21:00-23:00 GMT blocked
2025-12-14 22:43:47 - trades.NOKJPYm - DEBUG - [SKIP] Cannot open trade: Entry filter: Session guard: rollover window 21:00-23:00 GMT blocked
2025-12-14 22:44:53 - trades.NOKJPYm - DEBUG - [SKIP] Cannot open trade: Entry filter: Session guard: rollover window 21:00-23:00 GMT blocked
2025-12-14 22:46:01 - trades.NOKJPYm - DEBUG - [SKIP] Cannot open trade: Entry filter: Session guard: rollover window 21:00-23:00 GMT blocked
2025-12-14 22:50:23 - trades.NOKJPYm - DEBUG - [SKIP] Cannot open trade: Entry filter: Session guard: rollover window 21:00-23:00 GMT blocked
2025-12-14 22:51:25 - trades.NOKJPYm - DEBUG - [SKIP] Cannot open trade: Entry filter: Session guard: rollover window 21:00-23:00 GMT blocked
2025-12-14 22:52:30 - trades.NOKJPYm - DEBUG - [SKIP] Cannot open trade: Entry filter: Session guard: rollover window 21:00-23:00 GMT blocked
2025-12-14 22:53:37 - trades.NOKJPYm - DEBUG - [SKIP] Cannot open trade: Entry filter: Session guard: rollover window 21:00-23:00 GMT blocked
2025-12-14 22:54:49 - trades.NOKJPYm - DEBUG - [SKIP] Cannot open trade: Entry filter: Session guard: rollover window 21:00-23:00 GMT blocked
2025-12-14 22:55:55 - trades.NOKJPYm - DEBUG - [SKIP] Cannot open trade: Entry filter: Session guard: last 5 minutes of hour blocked
2025-12-14 22:57:04 - trades.NOKJPYm - DEBUG - [SKIP] Cannot open trade: Entry filter: Session guard: last 5 minutes of hour blocked
2025-12-14 22:58:11 - trades.NOKJPYm - DEBUG - [SKIP] Cannot open trade: Entry filter: Session guard: last 5 minutes of hour blocked
2025-12-14 22:59:17 - trades.NOKJPYm - DEBUG - [SKIP] Cannot open trade: Entry filter: Session guard: last 5 minutes of hour blocked
2025-12-14 23:10:21 - trades.NOKJPYm - DEBUG - [SKIP] Cannot open trade: Entry filter: Spread sanity: spread 1426.4% of avg range > max 20.0%
2025-12-14 23:11:27 - trades.NOKJPYm - DEBUG - [SKIP] Cannot open trade: Entry filter: Spread sanity: spread 1493.1% of avg range > max 20.0%
2025-12-14 23:12:32 - trades.NOKJPYm - DEBUG - [SKIP] Cannot open trade: Entry filter: Spread sanity: spread 1477.2% of avg range > max 20.0%
2025-12-14 23:13:35 - trades.NOKJPYm - DEBUG - [SKIP] Cannot open trade: Entry filter: Spread sanity: spread 1688.1% of avg range > max 20.0%
2025-12-14 23:17:37 - trades.NOKJPYm - DEBUG - [SKIP] Cannot open trade: Entry filter: Spread sanity: spread 1718.9% of avg range > max 20.0%
2025-12-14 23:18:32 - trades.NOKJPYm - DEBUG - [SKIP] Cannot open trade: Entry filter: Spread sanity: spread 1777.8% of avg range > max 20.0%
2025-12-14 23:47:17 - trades.NOKJPYm - DEBUG - [SKIP] Cannot open trade: Entry filter: Volatility floor: avg range 1.43 pips < min 1.50 pips
2025-12-14 23:50:10 - trades.NOKJPYm - DEBUG - [SKIP] Cannot open trade: Entry filter: Volatility floor: avg range 1.40 pips < min 1.50 pips
2025-12-14 23:51:28 - trades.NOKJPYm - DEBUG - [SKIP] Cannot open trade: Circuit breaker: Consecutive losses >= 10 (10 losses) (resumes in 1777s)
2025-12-14 23:52:30 - trades.NOKJPYm - DEBUG - [SKIP] Cannot open trade: Circuit breaker: Consecutive losses >= 10 (10 losses) (resumes in 1715s)
2025-12-14 23:53:32 - trades.NOKJPYm - DEBUG - [SKIP] Cannot open trade: Circuit breaker: Consecutive losses >= 10 (10 losses) (resumes in 1653s)
2025-12-14 23:54:38 - trades.NOKJPYm - DEBUG - [SKIP] Cannot open trade: Circuit breaker: Consecutive losses >= 10 (10 losses) (resumes in 1587s)
2025-12-14 23:55:45 - trades.NOKJPYm - DEBUG - [SKIP] Cannot open trade: Circuit breaker: Consecutive losses >= 10 (10 losses) (resumes in 1520s)
2025-12-14 23:57:06 - trades.NOKJPYm - DEBUG - [SKIP] Cannot open trade: Circuit breaker: Consecutive losses >= 10 (10 losses) (resumes in 1439s)
2025-12-14 23:58:10 - trades.NOKJPYm - DEBUG - [SKIP] Cannot open trade: Circuit breaker: Consecutive losses >= 10 (10 losses) (resumes in 1376s)
2025-12-14 23:59:06 - trades.NOKJPYm - DEBUG - [SKIP] Cannot open trade: Circuit breaker: Consecutive losses >= 10 (10 losses) (resumes in 1319s)
2025-12-15 00:00:09 - trades.NOKJPYm - DEBUG - [SKIP] Cannot open trade: Circuit breaker: Consecutive losses >= 10 (10 losses) (resumes in 1257s)
2025-12-15 00:00:57 - trades.NOKJPYm - DEBUG - [SKIP] Cannot open trade: Circuit breaker: Consecutive losses >= 10 (10 losses) (resumes in 1208s)
