2025-12-23 11:58:29 - trades.NOKSEKm - DEBUG - [SKIP] Cannot open trade: Entry filter: Spread sanity: spread 28744.9% of avg range > max 30.0%
2025-12-23 12:00:15 - trades.NOKSEKm - DEBUG - [SKIP] Cannot open trade: Entry filter: Session guard: first 1 minutes of hour blocked
2025-12-23 12:01:56 - trades.NOKSEKm - DEBUG - [SKIP] Cannot open trade: Entry filter: Spread sanity: spread 31311.1% of avg range > max 30.0%
2025-12-23 12:03:36 - trades.NOKSEKm - DEBUG - [SKIP] Cannot open trade: Entry filter: Spread sanity: spread 32970.8% of avg range > max 30.0%
2025-12-23 12:05:16 - trades.NOKSEKm - DEBUG - [SKIP] Cannot open trade: Entry filter: Spread sanity: spread 32022.7% of avg range > max 30.0%
2025-12-23 12:08:35 - trades.NOKSEKm - DEBUG - [SKIP] Cannot open trade: Entry filter: Volatility floor: avg range 0.79 pips < min 0.80 pips
2025-12-23 13:08:07 - trades.NOKSEKm - DEBUG - [SKIP] Cannot open trade: Entry filter: Spread sanity: spread 23915.3% of avg range > max 30.0%
2025-12-23 13:11:31 - trades.NOKSEKm - DEBUG - [SKIP] Cannot open trade: Entry filter: Spread sanity: spread 21203.0% of avg range > max 30.0%
2025-12-23 13:42:33 - trades.NOKSEKm - DEBUG - [SKIP] Cannot open trade: Entry filter: Spread sanity: spread 17779.2% of avg range > max 30.0%
2025-12-23 13:46:05 - trades.NOKSEKm - DEBUG - [SKIP] Cannot open trade: Entry filter: Spread sanity: spread 17557.6% of avg range > max 30.0%
2025-12-23 13:49:31 - trades.NOKSEKm - DEBUG - [SKIP] Cannot open trade: Entry filter: Spread sanity: spread 16868.3% of avg range > max 30.0%
2025-12-23 13:53:33 - trades.NOKSEKm - DEBUG - [SKIP] Cannot open trade: Entry filter: Spread sanity: spread 21325.8% of avg range > max 30.0%
2025-12-23 13:57:48 - trades.NOKSEKm - DEBUG - [SKIP] Cannot open trade: Entry filter: Spread sanity: spread 20622.7% of avg range > max 30.0%
2025-12-23 14:27:55 - trades.NOKSEKm - DEBUG - [SKIP] Cannot open trade: Entry filter: Spread sanity: spread 18432.8% of avg range > max 30.0%
2025-12-23 14:32:19 - trades.NOKSEKm - DEBUG - [SKIP] Cannot open trade: Entry filter: Spread sanity: spread 17685.5% of avg range > max 30.0%
2025-12-23 14:36:50 - trades.NOKSEKm - DEBUG - [SKIP] Cannot open trade: Entry filter: Spread sanity: spread 16456.1% of avg range > max 30.0%
2025-12-23 14:42:04 - trades.NOKSEKm - DEBUG - [SKIP] Cannot open trade: Entry filter: Spread sanity: spread 15382.5% of avg range > max 30.0%
2025-12-23 15:13:55 - trades.NOKSEKm - DEBUG - [SKIP] Cannot open trade: Circuit breaker: Consecutive losses >= 10 (11 losses) (resumes in 566s)
2025-12-23 15:25:03 - trades.NOKSEKm - DEBUG - [SKIP] Cannot open trade: Entry filter: Spread sanity: spread 18949.5% of avg range > max 30.0%
2025-12-23 15:31:22 - trades.NOKSEKm - DEBUG - [SKIP] Cannot open trade: Entry filter: Spread sanity: spread 19602.8% of avg range > max 30.0%
2025-12-23 15:50:58 - trades.NOKSEKm - DEBUG - [SKIP] Cannot open trade: Circuit breaker: Rolling PnL of last 50 trades <= -$10 (current: $-17.00) (resumes in 2486s)
2025-12-23 15:56:45 - trades.NOKSEKm - DEBUG - [SKIP] Cannot open trade: Circuit breaker: Rolling PnL of last 50 trades <= -$10 (current: $-17.00) (resumes in 2140s)
2025-12-23 16:02:42 - trades.NOKSEKm - DEBUG - [SKIP] Cannot open trade: Circuit breaker: Rolling PnL of last 50 trades <= -$10 (current: $-17.00) (resumes in 1783s)
2025-12-23 16:08:54 - trades.NOKSEKm - DEBUG - [SKIP] Cannot open trade: Circuit breaker: Rolling PnL of last 50 trades <= -$10 (current: $-17.00) (resumes in 1411s)
2025-12-23 16:19:25 - trades.NOKSEKm - DEBUG - [SKIP] Cannot open trade: Circuit breaker: Rolling PnL of last 50 trades <= -$10 (current: $-17.00) (resumes in 780s)
2025-12-23 16:24:27 - trades.NOKSEKm - DEBUG - [SKIP] Cannot open trade: Circuit breaker: Rolling PnL of last 50 trades <= -$10 (current: $-17.00) (resumes in 478s)
2025-12-23 16:55:00 - trades.NOKSEKm - DEBUG - [SKIP] Cannot open trade: Circuit breaker: Rolling PnL of last 50 trades <= -$10 (current: $-11.59) (resumes in 2246s)
2025-12-23 17:00:14 - trades.NOKSEKm - DEBUG - [SKIP] Cannot open trade: Circuit breaker: Rolling PnL of last 50 trades <= -$10 (current: $-11.59) (resumes in 1933s)
2025-12-23 17:05:07 - trades.NOKSEKm - DEBUG - [SKIP] Cannot open trade: Circuit breaker: Rolling PnL of last 50 trades <= -$10 (current: $-11.59) (resumes in 1639s)
2025-12-23 17:10:05 - trades.NOKSEKm - DEBUG - [SKIP] Cannot open trade: Circuit breaker: Rolling PnL of last 50 trades <= -$10 (current: $-11.59) (resumes in 1341s)
2025-12-23 17:15:12 - trades.NOKSEKm - DEBUG - [SKIP] Cannot open trade: Circuit breaker: Rolling PnL of last 50 trades <= -$10 (current: $-11.59) (resumes in 1035s)
2025-12-23 17:34:19 - trades.NOKSEKm - DEBUG - [SKIP] Cannot open trade: Circuit breaker: Rolling PnL of last 50 trades <= -$10 (current: $-11.59) (resumes in 3489s)
2025-12-23 17:38:48 - trades.NOKSEKm - DEBUG - [SKIP] Cannot open trade: Circuit breaker: Rolling PnL of last 50 trades <= -$10 (current: $-11.59) (resumes in 3221s)
2025-12-23 17:43:12 - trades.NOKSEKm - DEBUG - [SKIP] Cannot open trade: Circuit breaker: Rolling PnL of last 50 trades <= -$10 (current: $-11.59) (resumes in 2956s)
2025-12-23 18:23:23 - trades.NOKSEKm - DEBUG - [SKIP] Cannot open trade: Circuit breaker: Rolling PnL of last 50 trades <= -$10 (current: $-11.59) (resumes in 545s)
2025-12-23 18:27:52 - trades.NOKSEKm - DEBUG - [SKIP] Cannot open trade: Circuit breaker: Rolling PnL of last 50 trades <= -$10 (current: $-11.59) (resumes in 276s)
2025-12-23 18:32:27 - trades.NOKSEKm - DEBUG - [SKIP] Cannot open trade: Circuit breaker: Rolling PnL of last 50 trades <= -$10 (current: $-11.59) (resumes in 1s)
2025-12-23 18:36:55 - trades.NOKSEKm - DEBUG - [SKIP] Cannot open trade: Circuit breaker: Rolling PnL of last 50 trades <= -$10 (current: $-11.59) (resumes in 3335s)
2025-12-23 18:49:54 - trades.NOKSEKm - DEBUG - [SKIP] Cannot open trade: Circuit breaker: Rolling PnL of last 50 trades <= -$10 (current: $-11.59) (resumes in 2556s)
2025-12-23 18:54:22 - trades.NOKSEKm - DEBUG - [SKIP] Cannot open trade: Circuit breaker: Rolling PnL of last 50 trades <= -$10 (current: $-11.59) (resumes in 2289s)
2025-12-23 18:58:50 - trades.NOKSEKm - DEBUG - [SKIP] Cannot open trade: Circuit breaker: Rolling PnL of last 50 trades <= -$10 (current: $-11.59) (resumes in 2020s)
2025-12-23 19:03:12 - trades.NOKSEKm - DEBUG - [SKIP] Cannot open trade: Circuit breaker: Rolling PnL of last 50 trades <= -$10 (current: $-11.59) (resumes in 1758s)
2025-12-23 19:07:22 - trades.NOKSEKm - DEBUG - [SKIP] Cannot open trade: Circuit breaker: Rolling PnL of last 50 trades <= -$10 (current: $-11.59) (resumes in 1509s)
2025-12-23 20:06:11 - trades.NOKSEKm - DEBUG - [SKIP] Cannot open trade: Circuit breaker: Rolling PnL of last 50 trades <= -$10 (current: $-11.59) (resumes in 1685s)
2025-12-23 20:10:27 - trades.NOKSEKm - DEBUG - [SKIP] Cannot open trade: Circuit breaker: Rolling PnL of last 50 trades <= -$10 (current: $-11.59) (resumes in 1430s)
2025-12-23 20:14:50 - trades.NOKSEKm - DEBUG - [SKIP] Cannot open trade: Circuit breaker: Rolling PnL of last 50 trades <= -$10 (current: $-11.59) (resumes in 1167s)
2025-12-23 21:00:22 - trades.NOKSEKm - DEBUG - [SKIP] Cannot open trade: Circuit breaker: Rolling PnL of last 50 trades <= -$10 (current: $-11.59) (resumes in 2038s)
2025-12-23 21:03:42 - trades.NOKSEKm - DEBUG - [SKIP] Cannot open trade: Circuit breaker: Rolling PnL of last 50 trades <= -$10 (current: $-11.59) (resumes in 1838s)
2025-12-23 21:06:45 - trades.NOKSEKm - DEBUG - [SKIP] Cannot open trade: Circuit breaker: Rolling PnL of last 50 trades <= -$10 (current: $-11.59) (resumes in 1656s)
2025-12-23 21:09:50 - trades.NOKSEKm - DEBUG - [SKIP] Cannot open trade: Circuit breaker: Rolling PnL of last 50 trades <= -$10 (current: $-11.59) (resumes in 1470s)
2025-12-23 21:13:02 - trades.NOKSEKm - DEBUG - [SKIP] Cannot open trade: Circuit breaker: Rolling PnL of last 50 trades <= -$10 (current: $-11.59) (resumes in 1278s)
2025-12-23 21:16:01 - trades.NOKSEKm - DEBUG - [SKIP] Cannot open trade: Circuit breaker: Rolling PnL of last 50 trades <= -$10 (current: $-11.59) (resumes in 1099s)
2025-12-23 21:18:55 - trades.NOKSEKm - DEBUG - [SKIP] Cannot open trade: Circuit breaker: Rolling PnL of last 50 trades <= -$10 (current: $-11.59) (resumes in 925s)
2025-12-23 22:57:29 - trades.NOKSEKm - DEBUG - [SKIP] Cannot open trade: Circuit breaker: Rolling PnL of last 50 trades <= -$10 (current: $-11.59) (resumes in 2326s)
2025-12-23 23:03:36 - trades.NOKSEKm - DEBUG - [SKIP] Cannot open trade: Circuit breaker: Rolling PnL of last 50 trades <= -$10 (current: $-11.59) (resumes in 1960s)
2025-12-23 23:06:53 - trades.NOKSEKm - DEBUG - [SKIP] Cannot open trade: Circuit breaker: Rolling PnL of last 50 trades <= -$10 (current: $-11.59) (resumes in 1762s)
2025-12-23 23:10:06 - trades.NOKSEKm - DEBUG - [SKIP] Cannot open trade: Circuit breaker: Rolling PnL of last 50 trades <= -$10 (current: $-11.59) (resumes in 1569s)
2025-12-23 23:16:38 - trades.NOKSEKm - DEBUG - [SKIP] Cannot open trade: Circuit breaker: Rolling PnL of last 50 trades <= -$10 (current: $-11.59) (resumes in 1178s)
2025-12-23 23:26:30 - trades.NOKSEKm - DEBUG - [SKIP] Cannot open trade: Circuit breaker: Rolling PnL of last 50 trades <= -$10 (current: $-11.59) (resumes in 586s)
2025-12-23 23:32:52 - trades.NOKSEKm - DEBUG - [SKIP] Cannot open trade: Circuit breaker: Rolling PnL of last 50 trades <= -$10 (current: $-11.59) (resumes in 203s)
2025-12-23 23:35:55 - trades.NOKSEKm - DEBUG - [SKIP] Cannot open trade: Circuit breaker: Rolling PnL of last 50 trades <= -$10 (current: $-11.59) (resumes in 20s)
2025-12-23 23:39:06 - trades.NOKSEKm - DEBUG - [SKIP] Cannot open trade: Circuit breaker: Rolling PnL of last 50 trades <= -$10 (current: $-11.59) (resumes in 3522s)
2025-12-23 23:42:18 - trades.NOKSEKm - DEBUG - [SKIP] Cannot open trade: Circuit breaker: Rolling PnL of last 50 trades <= -$10 (current: $-11.59) (resumes in 3330s)
2025-12-23 23:45:27 - trades.NOKSEKm - DEBUG - [SKIP] Cannot open trade: Circuit breaker: Rolling PnL of last 50 trades <= -$10 (current: $-11.59) (resumes in 3140s)
2025-12-23 23:48:44 - trades.NOKSEKm - DEBUG - [SKIP] Cannot open trade: Circuit breaker: Rolling PnL of last 50 trades <= -$10 (current: $-11.59) (resumes in 2944s)
2025-12-23 23:51:51 - trades.NOKSEKm - DEBUG - [SKIP] Cannot open trade: Circuit breaker: Rolling PnL of last 50 trades <= -$10 (current: $-11.59) (resumes in 2756s)
2025-12-23 23:54:58 - trades.NOKSEKm - DEBUG - [SKIP] Cannot open trade: Circuit breaker: Rolling PnL of last 50 trades <= -$10 (current: $-11.59) (resumes in 2570s)
2025-12-23 23:58:10 - trades.NOKSEKm - DEBUG - [SKIP] Cannot open trade: Circuit breaker: Rolling PnL of last 50 trades <= -$10 (current: $-11.59) (resumes in 2378s)
2025-12-24 00:00:32 - trades.NOKSEKm - DEBUG - [SKIP] Cannot open trade: Circuit breaker: Rolling PnL of last 50 trades <= -$10 (current: $-11.59) (resumes in 2235s)
2025-12-24 00:02:41 - trades.NOKSEKm - DEBUG - [SKIP] Cannot open trade: Circuit breaker: Rolling PnL of last 50 trades <= -$10 (current: $-11.59) (resumes in 2107s)
2025-12-24 00:07:00 - trades.NOKSEKm - DEBUG - [SKIP] Cannot open trade: Circuit breaker: Rolling PnL of last 50 trades <= -$10 (current: $-11.59) (resumes in 1847s)
2025-12-24 00:11:22 - trades.NOKSEKm - DEBUG - [SKIP] Cannot open trade: Circuit breaker: Rolling PnL of last 50 trades <= -$10 (current: $-11.59) (resumes in 1586s)
2025-12-24 00:13:36 - trades.NOKSEKm - DEBUG - [SKIP] Cannot open trade: Circuit breaker: Rolling PnL of last 50 trades <= -$10 (current: $-11.59) (resumes in 1452s)
2025-12-24 00:15:48 - trades.NOKSEKm - DEBUG - [SKIP] Cannot open trade: Circuit breaker: Rolling PnL of last 50 trades <= -$10 (current: $-11.59) (resumes in 1320s)
2025-12-24 00:18:03 - trades.NOKSEKm - DEBUG - [SKIP] Cannot open trade: Circuit breaker: Rolling PnL of last 50 trades <= -$10 (current: $-11.59) (resumes in 1185s)
2025-12-24 00:20:20 - trades.NOKSEKm - DEBUG - [SKIP] Cannot open trade: Circuit breaker: Rolling PnL of last 50 trades <= -$10 (current: $-11.59) (resumes in 1047s)
2025-12-24 00:22:37 - trades.NOKSEKm - DEBUG - [SKIP] Cannot open trade: Circuit breaker: Rolling PnL of last 50 trades <= -$10 (current: $-11.59) (resumes in 911s)
2025-12-24 00:24:46 - trades.NOKSEKm - DEBUG - [SKIP] Cannot open trade: Circuit breaker: Rolling PnL of last 50 trades <= -$10 (current: $-11.59) (resumes in 781s)
2025-12-24 00:26:57 - trades.NOKSEKm - DEBUG - [SKIP] Cannot open trade: Circuit breaker: Rolling PnL of last 50 trades <= -$10 (current: $-11.59) (resumes in 650s)
2025-12-24 00:29:07 - trades.NOKSEKm - DEBUG - [SKIP] Cannot open trade: Circuit breaker: Rolling PnL of last 50 trades <= -$10 (current: $-11.59) (resumes in 521s)
2025-12-24 00:31:16 - trades.NOKSEKm - DEBUG - [SKIP] Cannot open trade: Circuit breaker: Rolling PnL of last 50 trades <= -$10 (current: $-11.59) (resumes in 392s)
2025-12-24 00:33:23 - trades.NOKSEKm - DEBUG - [SKIP] Cannot open trade: Circuit breaker: Rolling PnL of last 50 trades <= -$10 (current: $-11.59) (resumes in 265s)
2025-12-24 00:35:29 - trades.NOKSEKm - DEBUG - [SKIP] Cannot open trade: Circuit breaker: Rolling PnL of last 50 trades <= -$10 (current: $-11.59) (resumes in 139s)
2025-12-24 00:43:48 - trades.NOKSEKm - DEBUG - [SKIP] Cannot open trade: Circuit breaker: Rolling PnL of last 50 trades <= -$10 (current: $-11.59) (resumes in 3330s)
2025-12-24 00:45:54 - trades.NOKSEKm - DEBUG - [SKIP] Cannot open trade: Circuit breaker: Rolling PnL of last 50 trades <= -$10 (current: $-11.59) (resumes in 3203s)
2025-12-24 00:48:00 - trades.NOKSEKm - DEBUG - [SKIP] Cannot open trade: Circuit breaker: Rolling PnL of last 50 trades <= -$10 (current: $-11.59) (resumes in 3077s)
2025-12-24 00:50:09 - trades.NOKSEKm - DEBUG - [SKIP] Cannot open trade: Circuit breaker: Rolling PnL of last 50 trades <= -$10 (current: $-11.59) (resumes in 2948s)
2025-12-24 01:00:56 - trades.NOKSEKm - DEBUG - [SKIP] Cannot open trade: Circuit breaker: Rolling PnL of last 50 trades <= -$10 (current: $-11.59) (resumes in 2301s)
2025-12-24 01:03:10 - trades.NOKSEKm - DEBUG - [SKIP] Cannot open trade: Circuit breaker: Rolling PnL of last 50 trades <= -$10 (current: $-11.59) (resumes in 2168s)
2025-12-24 01:05:23 - trades.NOKSEKm - DEBUG - [SKIP] Cannot open trade: Circuit breaker: Rolling PnL of last 50 trades <= -$10 (current: $-11.59) (resumes in 2035s)
2025-12-24 01:07:33 - trades.NOKSEKm - DEBUG - [SKIP] Cannot open trade: Circuit breaker: Rolling PnL of last 50 trades <= -$10 (current: $-11.59) (resumes in 1904s)
2025-12-24 01:09:42 - trades.NOKSEKm - DEBUG - [SKIP] Cannot open trade: Circuit breaker: Rolling PnL of last 50 trades <= -$10 (current: $-11.59) (resumes in 1775s)
2025-12-24 01:11:58 - trades.NOKSEKm - DEBUG - [SKIP] Cannot open trade: Circuit breaker: Rolling PnL of last 50 trades <= -$10 (current: $-11.59) (resumes in 1639s)
2025-12-24 01:14:16 - trades.NOKSEKm - DEBUG - [SKIP] Cannot open trade: Circuit breaker: Rolling PnL of last 50 trades <= -$10 (current: $-11.59) (resumes in 1502s)
2025-12-24 01:16:32 - trades.NOKSEKm - DEBUG - [SKIP] Cannot open trade: Circuit breaker: Rolling PnL of last 50 trades <= -$10 (current: $-11.59) (resumes in 1365s)
2025-12-24 01:18:48 - trades.NOKSEKm - DEBUG - [SKIP] Cannot open trade: Circuit breaker: Rolling PnL of last 50 trades <= -$10 (current: $-11.59) (resumes in 1229s)
2025-12-24 01:21:05 - trades.NOKSEKm - DEBUG - [SKIP] Cannot open trade: Circuit breaker: Rolling PnL of last 50 trades <= -$10 (current: $-11.59) (resumes in 1092s)
2025-12-24 01:23:21 - trades.NOKSEKm - DEBUG - [SKIP] Cannot open trade: Circuit breaker: Rolling PnL of last 50 trades <= -$10 (current: $-11.59) (resumes in 956s)
2025-12-24 01:25:34 - trades.NOKSEKm - DEBUG - [SKIP] Cannot open trade: Circuit breaker: Rolling PnL of last 50 trades <= -$10 (current: $-11.59) (resumes in 824s)
2025-12-24 02:47:22 - trades.NOKSEKm - DEBUG - [SKIP] Cannot open trade: Circuit breaker: Rolling PnL of last 50 trades <= -$10 (current: $-11.59) (resumes in 3147s)
2025-12-24 02:54:06 - trades.NOKSEKm - DEBUG - [SKIP] Cannot open trade: Circuit breaker: Rolling PnL of last 50 trades <= -$10 (current: $-11.59) (resumes in 2742s)
2025-12-24 02:56:18 - trades.NOKSEKm - DEBUG - [SKIP] Cannot open trade: Circuit breaker: Rolling PnL of last 50 trades <= -$10 (current: $-11.59) (resumes in 2611s)
2025-12-24 03:27:22 - trades.NOKSEKm - DEBUG - [SKIP] Cannot open trade: Circuit breaker: Rolling PnL of last 50 trades <= -$10 (current: $-11.59) (resumes in 746s)
2025-12-24 03:29:35 - trades.NOKSEKm - DEBUG - [SKIP] Cannot open trade: Circuit breaker: Rolling PnL of last 50 trades <= -$10 (current: $-11.59) (resumes in 614s)
2025-12-24 03:40:20 - trades.NOKSEKm - DEBUG - [SKIP] Cannot open trade: Circuit breaker: Rolling PnL of last 50 trades <= -$10 (current: $-11.59) (resumes in 3570s)
2025-12-24 03:42:27 - trades.NOKSEKm - DEBUG - [SKIP] Cannot open trade: Circuit breaker: Rolling PnL of last 50 trades <= -$10 (current: $-11.59) (resumes in 3444s)
2025-12-24 08:23:47 - trades.NOKSEKm - DEBUG - [SKIP] Cannot open trade: Circuit breaker: Rolling PnL of last 50 trades <= -$10 (current: $-11.59) (resumes in 1034s)
2025-12-24 08:30:24 - trades.NOKSEKm - DEBUG - [SKIP] Cannot open trade: Circuit breaker: Rolling PnL of last 50 trades <= -$10 (current: $-11.59) (resumes in 636s)
2025-12-24 08:33:35 - trades.NOKSEKm - DEBUG - [SKIP] Cannot open trade: Circuit breaker: Rolling PnL of last 50 trades <= -$10 (current: $-11.59) (resumes in 446s)
2025-12-24 08:36:45 - trades.NOKSEKm - DEBUG - [SKIP] Cannot open trade: Circuit breaker: Rolling PnL of last 50 trades <= -$10 (current: $-11.59) (resumes in 255s)
2025-12-24 08:40:03 - trades.NOKSEKm - DEBUG - [SKIP] Cannot open trade: Circuit breaker: Rolling PnL of last 50 trades <= -$10 (current: $-11.59) (resumes in 58s)
2025-12-24 08:43:20 - trades.NOKSEKm - DEBUG - [SKIP] Cannot open trade: Circuit breaker: Rolling PnL of last 50 trades <= -$10 (current: $-11.59) (resumes in 3517s)
2025-12-24 08:46:35 - trades.NOKSEKm - DEBUG - [SKIP] Cannot open trade: Circuit breaker: Rolling PnL of last 50 trades <= -$10 (current: $-11.59) (resumes in 3323s)
2025-12-24 08:49:52 - trades.NOKSEKm - DEBUG - [SKIP] Cannot open trade: Circuit breaker: Rolling PnL of last 50 trades <= -$10 (current: $-11.59) (resumes in 3126s)
2025-12-24 08:53:10 - trades.NOKSEKm - DEBUG - [SKIP] Cannot open trade: Circuit breaker: Rolling PnL of last 50 trades <= -$10 (current: $-11.59) (resumes in 2928s)
2025-12-24 09:47:56 - trades.NOKSEKm - DEBUG - [SKIP] Cannot open trade: Circuit breaker: Rolling PnL of last 50 trades <= -$10 (current: $-11.59) (resumes in 3316s)
2025-12-24 09:51:18 - trades.NOKSEKm - DEBUG - [SKIP] Cannot open trade: Circuit breaker: Rolling PnL of last 50 trades <= -$10 (current: $-11.59) (resumes in 3114s)
2025-12-24 09:54:42 - trades.NOKSEKm - DEBUG - [SKIP] Cannot open trade: Circuit breaker: Rolling PnL of last 50 trades <= -$10 (current: $-11.59) (resumes in 2911s)
2025-12-24 10:22:03 - trades.NOKSEKm - DEBUG - [SKIP] Cannot open trade: Circuit breaker: Rolling PnL of last 50 trades <= -$10 (current: $-11.59) (resumes in 1270s)
2025-12-24 10:25:16 - trades.NOKSEKm - DEBUG - [SKIP] Cannot open trade: Circuit breaker: Rolling PnL of last 50 trades <= -$10 (current: $-11.59) (resumes in 1076s)
2025-12-24 10:28:30 - trades.NOKSEKm - DEBUG - [SKIP] Cannot open trade: Circuit breaker: Rolling PnL of last 50 trades <= -$10 (current: $-11.59) (resumes in 883s)
2025-12-24 10:31:44 - trades.NOKSEKm - DEBUG - [SKIP] Cannot open trade: Circuit breaker: Rolling PnL of last 50 trades <= -$10 (current: $-11.59) (resumes in 689s)
2025-12-24 10:34:54 - trades.NOKSEKm - DEBUG - [SKIP] Cannot open trade: Circuit breaker: Rolling PnL of last 50 trades <= -$10 (current: $-11.59) (resumes in 499s)
2025-12-24 10:38:07 - trades.NOKSEKm - DEBUG - [SKIP] Cannot open trade: Circuit breaker: Rolling PnL of last 50 trades <= -$10 (current: $-11.59) (resumes in 306s)
2025-12-24 10:41:23 - trades.NOKSEKm - DEBUG - [SKIP] Cannot open trade: Circuit breaker: Rolling PnL of last 50 trades <= -$10 (current: $-11.59) (resumes in 109s)
2025-12-24 10:44:30 - trades.NOKSEKm - DEBUG - [SKIP] Cannot open trade: Circuit breaker: Rolling PnL of last 50 trades <= -$10 (current: $-11.59) (resumes in 3527s)
2025-12-24 10:47:46 - trades.NOKSEKm - DEBUG - [SKIP] Cannot open trade: Circuit breaker: Rolling PnL of last 50 trades <= -$10 (current: $-11.59) (resumes in 3331s)
2025-12-24 11:12:57 - trades.NOKSEKm - DEBUG - [SKIP] Cannot open trade: Circuit breaker: Rolling PnL of last 50 trades <= -$10 (current: $-11.59) (resumes in 1820s)
2025-12-24 11:17:12 - trades.NOKSEKm - DEBUG - [SKIP] Cannot open trade: Circuit breaker: Rolling PnL of last 50 trades <= -$10 (current: $-11.59) (resumes in 1565s)
2025-12-24 11:20:51 - trades.NOKSEKm - DEBUG - [SKIP] Cannot open trade: Circuit breaker: Rolling PnL of last 50 trades <= -$10 (current: $-11.59) (resumes in 1346s)
2025-12-24 11:24:09 - trades.NOKSEKm - DEBUG - [SKIP] Cannot open trade: Circuit breaker: Rolling PnL of last 50 trades <= -$10 (current: $-11.59) (resumes in 1148s)
2025-12-24 11:27:27 - trades.NOKSEKm - DEBUG - [SKIP] Cannot open trade: Circuit breaker: Rolling PnL of last 50 trades <= -$10 (current: $-11.59) (resumes in 950s)
2025-12-24 11:30:50 - trades.NOKSEKm - DEBUG - [SKIP] Cannot open trade: Circuit breaker: Rolling PnL of last 50 trades <= -$10 (current: $-11.59) (resumes in 747s)
2025-12-24 11:34:13 - trades.NOKSEKm - DEBUG - [SKIP] Cannot open trade: Circuit breaker: Rolling PnL of last 50 trades <= -$10 (current: $-11.59) (resumes in 543s)
2025-12-24 11:37:35 - trades.NOKSEKm - DEBUG - [SKIP] Cannot open trade: Circuit breaker: Rolling PnL of last 50 trades <= -$10 (current: $-11.59) (resumes in 342s)
2025-12-24 13:07:31 - trades.NOKSEKm - DEBUG - [SKIP] Cannot open trade: Circuit breaker: Rolling PnL of last 50 trades <= -$10 (current: $-11.59) (resumes in 2179s)
2025-12-24 13:10:45 - trades.NOKSEKm - DEBUG - [SKIP] Cannot open trade: Circuit breaker: Rolling PnL of last 50 trades <= -$10 (current: $-11.59) (resumes in 1986s)
2025-12-24 13:14:06 - trades.NOKSEKm - DEBUG - [SKIP] Cannot open trade: Circuit breaker: Rolling PnL of last 50 trades <= -$10 (current: $-11.59) (resumes in 1784s)
2025-12-24 13:17:18 - trades.NOKSEKm - DEBUG - [SKIP] Cannot open trade: Circuit breaker: Rolling PnL of last 50 trades <= -$10 (current: $-11.59) (resumes in 1592s)
2025-12-24 13:52:56 - trades.NOKSEKm - DEBUG - [SKIP] Cannot open trade: Circuit breaker: Rolling PnL of last 50 trades <= -$10 (current: $-11.59) (resumes in 3100s)
2025-12-24 13:56:25 - trades.NOKSEKm - DEBUG - [SKIP] Cannot open trade: Circuit breaker: Rolling PnL of last 50 trades <= -$10 (current: $-11.59) (resumes in 2891s)
2025-12-24 13:59:52 - trades.NOKSEKm - DEBUG - [SKIP] Cannot open trade: Circuit breaker: Rolling PnL of last 50 trades <= -$10 (current: $-11.59) (resumes in 2684s)
2025-12-24 14:03:26 - trades.NOKSEKm - DEBUG - [SKIP] Cannot open trade: Circuit breaker: Rolling PnL of last 50 trades <= -$10 (current: $-11.59) (resumes in 2471s)
2025-12-24 14:06:53 - trades.NOKSEKm - DEBUG - [SKIP] Cannot open trade: Circuit breaker: Rolling PnL of last 50 trades <= -$10 (current: $-11.59) (resumes in 2264s)
2025-12-24 14:10:26 - trades.NOKSEKm - DEBUG - [SKIP] Cannot open trade: Circuit breaker: Rolling PnL of last 50 trades <= -$10 (current: $-11.59) (resumes in 2050s)
2025-12-24 14:13:51 - trades.NOKSEKm - DEBUG - [SKIP] Cannot open trade: Circuit breaker: Rolling PnL of last 50 trades <= -$10 (current: $-11.59) (resumes in 1845s)
2025-12-24 14:39:45 - trades.NOKSEKm - DEBUG - [SKIP] Cannot open trade: Circuit breaker: Rolling PnL of last 50 trades <= -$10 (current: $-11.59) (resumes in 291s)
2025-12-24 14:46:02 - trades.NOKSEKm - DEBUG - [SKIP] Cannot open trade: Circuit breaker: Rolling PnL of last 50 trades <= -$10 (current: $-11.59) (resumes in 3522s)
2025-12-24 14:51:27 - trades.NOKSEKm - DEBUG - [SKIP] Cannot open trade: Circuit breaker: Rolling PnL of last 50 trades <= -$10 (current: $-11.59) (resumes in 3198s)
2025-12-24 14:56:32 - trades.NOKSEKm - DEBUG - [SKIP] Cannot open trade: Circuit breaker: Rolling PnL of last 50 trades <= -$10 (current: $-11.59) (resumes in 2893s)
2025-12-24 15:01:37 - trades.NOKSEKm - DEBUG - [SKIP] Cannot open trade: Circuit breaker: Rolling PnL of last 50 trades <= -$10 (current: $-11.59) (resumes in 2587s)
