2026-01-05 21:38:04 - trades.NZDSGDm - DEBUG - [SKIP] Cannot open trade: Entry filter: Volatility floor: avg range 0.36 pips < min 0.40 pips
2026-01-05 21:38:23 - trades.NZDSGDm - DEBUG - [SKIP] Cannot open trade: Entry filter: Spread sanity: spread 2755.6% of avg range > max 50.0%
2026-01-05 21:38:44 - trades.NZDSGDm - DEBUG - [SKIP] Cannot open trade: Entry filter: Spread sanity: spread 2755.6% of avg range > max 50.0%
2026-01-05 22:40:38 - trades.NZDSGDm - DEBUG - [SKIP] Cannot open trade: Entry filter: Spread sanity: spread 3627.9% of avg range > max 50.0%
2026-01-05 22:42:30 - trades.NZDSGDm - DEBUG - [SKIP] Cannot open trade: Entry filter: Spread sanity: spread 3988.2% of avg range > max 50.0%
2026-01-05 22:44:17 - trades.NZDSGDm - DEBUG - [SKIP] Cannot open trade: Entry filter: Spread sanity: spread 3918.6% of avg range > max 50.0%
2026-01-05 22:46:05 - trades.NZDSGDm - DEBUG - [SKIP] Cannot open trade: Entry filter: Spread sanity: spread 3850.6% of avg range > max 50.0%
2026-01-05 22:47:14 - trades.NZDSGDm - DEBUG - [SKIP] Cannot open trade: Entry filter: Spread sanity: spread 3573.0% of avg range > max 50.0%
2026-01-05 22:48:13 - trades.NZDSGDm - DEBUG - [SKIP] Cannot open trade: Entry filter: Spread sanity: spread 3373.6% of avg range > max 50.0%
2026-01-05 22:49:47 - trades.NZDSGDm - DEBUG - [SKIP] Cannot open trade: Entry filter: Spread sanity: spread 3434.8% of avg range > max 50.0%
2026-01-05 22:51:42 - trades.NZDSGDm - DEBUG - [SKIP] Cannot open trade: Entry filter: Spread sanity: spread 3651.7% of avg range > max 50.0%
2026-01-05 22:53:48 - trades.NZDSGDm - DEBUG - [SKIP] Cannot open trade: Entry filter: Spread sanity: spread 3370.2% of avg range > max 50.0%
2026-01-05 22:55:29 - trades.NZDSGDm - DEBUG - [SKIP] Cannot open trade: Entry filter: Spread sanity: spread 2925.5% of avg range > max 50.0%
2026-01-05 22:57:14 - trades.NZDSGDm - DEBUG - [SKIP] Cannot open trade: Entry filter: Spread sanity: spread 2935.5% of avg range > max 50.0%
2026-01-05 22:59:01 - trades.NZDSGDm - DEBUG - [SKIP] Cannot open trade: Entry filter: Session guard: last 1 minutes of hour blocked
2026-01-05 23:00:55 - trades.NZDSGDm - DEBUG - [SKIP] Cannot open trade: Entry filter: Session guard: first 1 minutes of hour blocked
2026-01-05 23:02:48 - trades.NZDSGDm - DEBUG - [SKIP] Cannot open trade: Entry filter: Spread sanity: spread 3610.3% of avg range > max 50.0%
2026-01-05 23:04:41 - trades.NZDSGDm - DEBUG - [SKIP] Cannot open trade: Entry filter: Spread sanity: spread 3392.2% of avg range > max 50.0%
2026-01-05 23:07:02 - trades.NZDSGDm - DEBUG - [SKIP] Cannot open trade: Entry filter: Spread sanity: spread 3595.9% of avg range > max 50.0%
2026-01-05 23:09:19 - trades.NZDSGDm - DEBUG - [SKIP] Cannot open trade: Entry filter: Spread sanity: spread 3732.6% of avg range > max 50.0%
2026-01-05 23:11:17 - trades.NZDSGDm - DEBUG - [SKIP] Cannot open trade: Entry filter: Spread sanity: spread 3625.7% of avg range > max 50.0%
2026-01-05 23:14:51 - trades.NZDSGDm - DEBUG - [SKIP] Cannot open trade: Entry filter: Spread sanity: spread 3688.9% of avg range > max 50.0%
2026-01-05 23:18:03 - trades.NZDSGDm - DEBUG - [SKIP] Cannot open trade: Entry filter: Spread sanity: spread 4012.2% of avg range > max 50.0%
2026-01-05 23:20:47 - trades.NZDSGDm - DEBUG - [SKIP] Cannot open trade: Entry filter: Spread sanity: spread 4125.8% of avg range > max 50.0%
2026-01-05 23:24:14 - trades.NZDSGDm - DEBUG - [SKIP] Cannot open trade: Entry filter: Spread sanity: spread 6626.3% of avg range > max 50.0%
2026-01-05 23:27:14 - trades.NZDSGDm - DEBUG - [SKIP] Cannot open trade: Entry filter: Spread sanity: spread 7186.8% of avg range > max 50.0%
2026-01-05 23:30:26 - trades.NZDSGDm - DEBUG - [SKIP] Cannot open trade: Entry filter: Volatility floor: avg range 0.40 pips < min 0.40 pips
2026-01-05 23:33:07 - trades.NZDSGDm - DEBUG - [SKIP] Cannot open trade: Entry filter: Volatility floor: avg range 0.39 pips < min 0.40 pips
2026-01-05 23:35:54 - trades.NZDSGDm - DEBUG - [SKIP] Cannot open trade: Entry filter: Volatility floor: avg range 0.35 pips < min 0.40 pips
2026-01-05 23:38:05 - trades.NZDSGDm - DEBUG - [SKIP] Cannot open trade: Entry filter: Volatility floor: avg range 0.38 pips < min 0.40 pips
2026-01-05 23:40:25 - trades.NZDSGDm - DEBUG - [SKIP] Cannot open trade: Entry filter: Volatility floor: avg range 0.39 pips < min 0.40 pips
2026-01-06 00:41:16 - trades.NZDSGDm - DEBUG - [SKIP] Cannot open trade: Circuit breaker: Rolling PnL of last 50 trades <= -$10 (current: $-15.64) (resumes in 3561s)
2026-01-06 01:41:30 - trades.NZDSGDm - DEBUG - [SKIP] Cannot open trade: Circuit breaker: Rolling PnL of last 50 trades <= -$10 (current: $-15.64) (resumes in 3554s)
2026-01-06 03:41:41 - trades.NZDSGDm - DEBUG - [SKIP] Cannot open trade: Circuit breaker: Rolling PnL of last 50 trades <= -$10 (current: $-15.64) (resumes in 3555s)
