2025-12-23 12:00:16 - trades.NZDZARm - DEBUG - [SKIP] Cannot open trade: Entry filter: Session guard: first 1 minutes of hour blocked
2025-12-23 12:01:56 - trades.NZDZARm - DEBUG - [SKIP] Cannot open trade: Entry filter: Spread sanity: spread 6204.6% of avg range > max 30.0%
2025-12-23 12:03:36 - trades.NZDZARm - DEBUG - [SKIP] Cannot open trade: Entry filter: Spread sanity: spread 5609.4% of avg range > max 30.0%
2025-12-23 12:05:17 - trades.NZDZARm - DEBUG - [SKIP] Cannot open trade: Entry filter: Spread sanity: spread 5134.6% of avg range > max 30.0%
2025-12-23 12:08:43 - trades.NZDZARm - DEBUG - [SKIP] Cannot open trade: Entry filter: Spread sanity: spread 4759.6% of avg range > max 30.0%
2025-12-23 12:12:03 - trades.NZDZARm - DEBUG - [SKIP] Cannot open trade: Entry filter: Spread sanity: spread 4214.3% of avg range > max 30.0%
2025-12-23 12:38:11 - trades.NZDZARm - DEBUG - [SKIP] Cannot open trade: Entry filter: Spread sanity: spread 5384.3% of avg range > max 30.0%
2025-12-23 12:41:24 - trades.NZDZARm - DEBUG - [SKIP] Cannot open trade: Entry filter: Spread sanity: spread 5690.6% of avg range > max 30.0%
2025-12-23 12:44:34 - trades.NZDZARm - DEBUG - [SKIP] Cannot open trade: Entry filter: Spread sanity: spread 5490.6% of avg range > max 30.0%
2025-12-23 13:01:24 - trades.NZDZARm - DEBUG - [SKIP] Cannot open trade: Entry filter: Spread sanity: spread 4718.2% of avg range > max 30.0%
2025-12-23 13:04:50 - trades.NZDZARm - DEBUG - [SKIP] Cannot open trade: Entry filter: Spread sanity: spread 4301.8% of avg range > max 30.0%
2025-12-23 13:21:49 - trades.NZDZARm - DEBUG - [SKIP] Cannot open trade: Entry filter: Spread sanity: spread 3222.4% of avg range > max 30.0%
2025-12-23 13:25:16 - trades.NZDZARm - DEBUG - [SKIP] Cannot open trade: Entry filter: Spread sanity: spread 3387.0% of avg range > max 30.0%
2025-12-23 13:28:48 - trades.NZDZARm - DEBUG - [SKIP] Cannot open trade: Entry filter: Spread sanity: spread 3365.0% of avg range > max 30.0%
2025-12-23 13:32:13 - trades.NZDZARm - DEBUG - [SKIP] Cannot open trade: Entry filter: Spread sanity: spread 2751.9% of avg range > max 30.0%
2025-12-23 13:35:42 - trades.NZDZARm - DEBUG - [SKIP] Cannot open trade: Entry filter: Spread sanity: spread 2515.2% of avg range > max 30.0%
2025-12-23 13:39:21 - trades.NZDZARm - DEBUG - [SKIP] Cannot open trade: Entry filter: Spread sanity: spread 2582.4% of avg range > max 30.0%
2025-12-23 14:20:21 - trades.NZDZARm - DEBUG - [SKIP] Cannot open trade: Entry filter: Spread sanity: spread 2299.7% of avg range > max 30.0%
2025-12-23 14:24:17 - trades.NZDZARm - DEBUG - [SKIP] Cannot open trade: Entry filter: Spread sanity: spread 2268.5% of avg range > max 30.0%
2025-12-23 14:28:05 - trades.NZDZARm - DEBUG - [SKIP] Cannot open trade: Entry filter: Spread sanity: spread 2462.0% of avg range > max 30.0%
2025-12-23 14:51:16 - trades.NZDZARm - DEBUG - [SKIP] Cannot open trade: Entry filter: Spread sanity: spread 2675.7% of avg range > max 30.0%
2025-12-23 14:57:20 - trades.NZDZARm - DEBUG - [SKIP] Cannot open trade: Circuit breaker: Consecutive losses >= 10 (11 losses) (resumes in 1561s)
2025-12-23 15:02:49 - trades.NZDZARm - DEBUG - [SKIP] Cannot open trade: Circuit breaker: Consecutive losses >= 10 (11 losses) (resumes in 1232s)
2025-12-23 15:08:13 - trades.NZDZARm - DEBUG - [SKIP] Cannot open trade: Circuit breaker: Consecutive losses >= 10 (11 losses) (resumes in 908s)
2025-12-23 15:14:05 - trades.NZDZARm - DEBUG - [SKIP] Cannot open trade: Circuit breaker: Consecutive losses >= 10 (11 losses) (resumes in 556s)
2025-12-23 15:19:46 - trades.NZDZARm - DEBUG - [SKIP] Cannot open trade: Circuit breaker: Consecutive losses >= 10 (11 losses) (resumes in 214s)
2025-12-23 15:31:32 - trades.NZDZARm - DEBUG - [SKIP] Cannot open trade: Entry filter: Spread sanity: spread 3366.0% of avg range > max 30.0%
2025-12-23 15:38:41 - trades.NZDZARm - DEBUG - [SKIP] Cannot open trade: Circuit breaker: Rolling PnL of last 50 trades <= -$10 (current: $-17.00) (resumes in 3224s)
2025-12-23 15:51:11 - trades.NZDZARm - DEBUG - [SKIP] Cannot open trade: Circuit breaker: Rolling PnL of last 50 trades <= -$10 (current: $-17.00) (resumes in 2474s)
2025-12-23 15:56:59 - trades.NZDZARm - DEBUG - [SKIP] Cannot open trade: Circuit breaker: Rolling PnL of last 50 trades <= -$10 (current: $-17.00) (resumes in 2126s)
2025-12-23 16:02:52 - trades.NZDZARm - DEBUG - [SKIP] Cannot open trade: Circuit breaker: Rolling PnL of last 50 trades <= -$10 (current: $-17.00) (resumes in 1773s)
2025-12-23 16:09:03 - trades.NZDZARm - DEBUG - [SKIP] Cannot open trade: Circuit breaker: Rolling PnL of last 50 trades <= -$10 (current: $-17.00) (resumes in 1402s)
2025-12-23 16:14:20 - trades.NZDZARm - DEBUG - [SKIP] Cannot open trade: Circuit breaker: Rolling PnL of last 50 trades <= -$10 (current: $-17.00) (resumes in 1085s)
2025-12-23 16:19:31 - trades.NZDZARm - DEBUG - [SKIP] Cannot open trade: Circuit breaker: Rolling PnL of last 50 trades <= -$10 (current: $-17.00) (resumes in 774s)
2025-12-23 16:45:06 - trades.NZDZARm - DEBUG - [SKIP] Cannot open trade: Circuit breaker: Rolling PnL of last 50 trades <= -$10 (current: $-11.59) (resumes in 2840s)
2025-12-23 16:50:00 - trades.NZDZARm - DEBUG - [SKIP] Cannot open trade: Circuit breaker: Rolling PnL of last 50 trades <= -$10 (current: $-11.59) (resumes in 2546s)
2025-12-23 16:55:10 - trades.NZDZARm - DEBUG - [SKIP] Cannot open trade: Circuit breaker: Rolling PnL of last 50 trades <= -$10 (current: $-11.59) (resumes in 2237s)
2025-12-23 17:00:23 - trades.NZDZARm - DEBUG - [SKIP] Cannot open trade: Circuit breaker: Rolling PnL of last 50 trades <= -$10 (current: $-11.59) (resumes in 1924s)
2025-12-23 17:05:17 - trades.NZDZARm - DEBUG - [SKIP] Cannot open trade: Circuit breaker: Rolling PnL of last 50 trades <= -$10 (current: $-11.59) (resumes in 1630s)
2025-12-23 17:20:15 - trades.NZDZARm - DEBUG - [SKIP] Cannot open trade: Circuit breaker: Rolling PnL of last 50 trades <= -$10 (current: $-11.59) (resumes in 731s)
2025-12-23 17:25:05 - trades.NZDZARm - DEBUG - [SKIP] Cannot open trade: Circuit breaker: Rolling PnL of last 50 trades <= -$10 (current: $-11.59) (resumes in 442s)
2025-12-23 17:29:54 - trades.NZDZARm - DEBUG - [SKIP] Cannot open trade: Circuit breaker: Rolling PnL of last 50 trades <= -$10 (current: $-11.59) (resumes in 153s)
2025-12-23 17:34:28 - trades.NZDZARm - DEBUG - [SKIP] Cannot open trade: Circuit breaker: Rolling PnL of last 50 trades <= -$10 (current: $-11.59) (resumes in 3481s)
2025-12-23 19:32:29 - trades.NZDZARm - DEBUG - [SKIP] Cannot open trade: Circuit breaker: Rolling PnL of last 50 trades <= -$10 (current: $-11.59) (resumes in 2s)
2025-12-23 19:36:58 - trades.NZDZARm - DEBUG - [SKIP] Cannot open trade: Circuit breaker: Rolling PnL of last 50 trades <= -$10 (current: $-11.59) (resumes in 3439s)
2025-12-23 23:03:46 - trades.NZDZARm - DEBUG - [SKIP] Cannot open trade: Circuit breaker: Rolling PnL of last 50 trades <= -$10 (current: $-11.59) (resumes in 1950s)
2025-12-23 23:07:04 - trades.NZDZARm - DEBUG - [SKIP] Cannot open trade: Circuit breaker: Rolling PnL of last 50 trades <= -$10 (current: $-11.59) (resumes in 1751s)
2025-12-23 23:10:17 - trades.NZDZARm - DEBUG - [SKIP] Cannot open trade: Circuit breaker: Rolling PnL of last 50 trades <= -$10 (current: $-11.59) (resumes in 1559s)
2025-12-23 23:13:29 - trades.NZDZARm - DEBUG - [SKIP] Cannot open trade: Circuit breaker: Rolling PnL of last 50 trades <= -$10 (current: $-11.59) (resumes in 1366s)
2025-12-23 23:16:47 - trades.NZDZARm - DEBUG - [SKIP] Cannot open trade: Circuit breaker: Rolling PnL of last 50 trades <= -$10 (current: $-11.59) (resumes in 1168s)
2025-12-23 23:19:57 - trades.NZDZARm - DEBUG - [SKIP] Cannot open trade: Circuit breaker: Rolling PnL of last 50 trades <= -$10 (current: $-11.59) (resumes in 978s)
2025-12-23 23:23:18 - trades.NZDZARm - DEBUG - [SKIP] Cannot open trade: Circuit breaker: Rolling PnL of last 50 trades <= -$10 (current: $-11.59) (resumes in 778s)
2025-12-23 23:26:38 - trades.NZDZARm - DEBUG - [SKIP] Cannot open trade: Circuit breaker: Rolling PnL of last 50 trades <= -$10 (current: $-11.59) (resumes in 577s)
2025-12-23 23:29:52 - trades.NZDZARm - DEBUG - [SKIP] Cannot open trade: Circuit breaker: Rolling PnL of last 50 trades <= -$10 (current: $-11.59) (resumes in 384s)
2025-12-23 23:32:57 - trades.NZDZARm - DEBUG - [SKIP] Cannot open trade: Circuit breaker: Rolling PnL of last 50 trades <= -$10 (current: $-11.59) (resumes in 198s)
2025-12-23 23:39:11 - trades.NZDZARm - DEBUG - [SKIP] Cannot open trade: Circuit breaker: Rolling PnL of last 50 trades <= -$10 (current: $-11.59) (resumes in 3516s)
2025-12-23 23:45:34 - trades.NZDZARm - DEBUG - [SKIP] Cannot open trade: Circuit breaker: Rolling PnL of last 50 trades <= -$10 (current: $-11.59) (resumes in 3134s)
2025-12-23 23:48:52 - trades.NZDZARm - DEBUG - [SKIP] Cannot open trade: Circuit breaker: Rolling PnL of last 50 trades <= -$10 (current: $-11.59) (resumes in 2936s)
2025-12-23 23:51:57 - trades.NZDZARm - DEBUG - [SKIP] Cannot open trade: Circuit breaker: Rolling PnL of last 50 trades <= -$10 (current: $-11.59) (resumes in 2751s)
2025-12-23 23:55:07 - trades.NZDZARm - DEBUG - [SKIP] Cannot open trade: Circuit breaker: Rolling PnL of last 50 trades <= -$10 (current: $-11.59) (resumes in 2560s)
2025-12-23 23:58:16 - trades.NZDZARm - DEBUG - [SKIP] Cannot open trade: Circuit breaker: Rolling PnL of last 50 trades <= -$10 (current: $-11.59) (resumes in 2372s)
2025-12-24 00:00:35 - trades.NZDZARm - DEBUG - [SKIP] Cannot open trade: Circuit breaker: Rolling PnL of last 50 trades <= -$10 (current: $-11.59) (resumes in 2233s)
2025-12-24 00:02:45 - trades.NZDZARm - DEBUG - [SKIP] Cannot open trade: Circuit breaker: Rolling PnL of last 50 trades <= -$10 (current: $-11.59) (resumes in 2102s)
2025-12-24 00:04:52 - trades.NZDZARm - DEBUG - [SKIP] Cannot open trade: Circuit breaker: Rolling PnL of last 50 trades <= -$10 (current: $-11.59) (resumes in 1975s)
2025-12-24 00:07:03 - trades.NZDZARm - DEBUG - [SKIP] Cannot open trade: Circuit breaker: Rolling PnL of last 50 trades <= -$10 (current: $-11.59) (resumes in 1845s)
2025-12-24 00:11:23 - trades.NZDZARm - DEBUG - [SKIP] Cannot open trade: Circuit breaker: Rolling PnL of last 50 trades <= -$10 (current: $-11.59) (resumes in 1584s)
2025-12-24 00:13:38 - trades.NZDZARm - DEBUG - [SKIP] Cannot open trade: Circuit breaker: Rolling PnL of last 50 trades <= -$10 (current: $-11.59) (resumes in 1450s)
2025-12-24 00:15:50 - trades.NZDZARm - DEBUG - [SKIP] Cannot open trade: Circuit breaker: Rolling PnL of last 50 trades <= -$10 (current: $-11.59) (resumes in 1317s)
2025-12-24 00:18:06 - trades.NZDZARm - DEBUG - [SKIP] Cannot open trade: Circuit breaker: Rolling PnL of last 50 trades <= -$10 (current: $-11.59) (resumes in 1182s)
2025-12-24 00:20:25 - trades.NZDZARm - DEBUG - [SKIP] Cannot open trade: Circuit breaker: Rolling PnL of last 50 trades <= -$10 (current: $-11.59) (resumes in 1043s)
2025-12-24 00:24:50 - trades.NZDZARm - DEBUG - [SKIP] Cannot open trade: Circuit breaker: Rolling PnL of last 50 trades <= -$10 (current: $-11.59) (resumes in 777s)
2025-12-24 00:29:10 - trades.NZDZARm - DEBUG - [SKIP] Cannot open trade: Circuit breaker: Rolling PnL of last 50 trades <= -$10 (current: $-11.59) (resumes in 518s)
2025-12-24 00:31:18 - trades.NZDZARm - DEBUG - [SKIP] Cannot open trade: Circuit breaker: Rolling PnL of last 50 trades <= -$10 (current: $-11.59) (resumes in 390s)
2025-12-24 00:35:32 - trades.NZDZARm - DEBUG - [SKIP] Cannot open trade: Circuit breaker: Rolling PnL of last 50 trades <= -$10 (current: $-11.59) (resumes in 136s)
2025-12-24 00:37:38 - trades.NZDZARm - DEBUG - [SKIP] Cannot open trade: Circuit breaker: Rolling PnL of last 50 trades <= -$10 (current: $-11.59) (resumes in 10s)
2025-12-24 00:39:43 - trades.NZDZARm - DEBUG - [SKIP] Cannot open trade: Circuit breaker: Rolling PnL of last 50 trades <= -$10 (current: $-11.59) (resumes in 3574s)
2025-12-24 00:45:56 - trades.NZDZARm - DEBUG - [SKIP] Cannot open trade: Circuit breaker: Rolling PnL of last 50 trades <= -$10 (current: $-11.59) (resumes in 3201s)
2025-12-24 01:14:20 - trades.NZDZARm - DEBUG - [SKIP] Cannot open trade: Circuit breaker: Rolling PnL of last 50 trades <= -$10 (current: $-11.59) (resumes in 1498s)
2025-12-24 01:16:35 - trades.NZDZARm - DEBUG - [SKIP] Cannot open trade: Circuit breaker: Rolling PnL of last 50 trades <= -$10 (current: $-11.59) (resumes in 1362s)
2025-12-24 01:18:52 - trades.NZDZARm - DEBUG - [SKIP] Cannot open trade: Circuit breaker: Rolling PnL of last 50 trades <= -$10 (current: $-11.59) (resumes in 1225s)
2025-12-24 01:31:49 - trades.NZDZARm - DEBUG - [SKIP] Cannot open trade: Circuit breaker: Rolling PnL of last 50 trades <= -$10 (current: $-11.59) (resumes in 449s)
2025-12-24 01:35:59 - trades.NZDZARm - DEBUG - [SKIP] Cannot open trade: Circuit breaker: Rolling PnL of last 50 trades <= -$10 (current: $-11.59) (resumes in 199s)
2025-12-24 01:38:08 - trades.NZDZARm - DEBUG - [SKIP] Cannot open trade: Circuit breaker: Rolling PnL of last 50 trades <= -$10 (current: $-11.59) (resumes in 70s)
2025-12-24 01:40:20 - trades.NZDZARm - DEBUG - [SKIP] Cannot open trade: Circuit breaker: Rolling PnL of last 50 trades <= -$10 (current: $-11.59) (resumes in 3566s)
2025-12-24 01:42:29 - trades.NZDZARm - DEBUG - [SKIP] Cannot open trade: Circuit breaker: Rolling PnL of last 50 trades <= -$10 (current: $-11.59) (resumes in 3436s)
2025-12-24 01:44:35 - trades.NZDZARm - DEBUG - [SKIP] Cannot open trade: Circuit breaker: Rolling PnL of last 50 trades <= -$10 (current: $-11.59) (resumes in 3310s)
2025-12-24 01:46:40 - trades.NZDZARm - DEBUG - [SKIP] Cannot open trade: Circuit breaker: Rolling PnL of last 50 trades <= -$10 (current: $-11.59) (resumes in 3186s)
2025-12-24 01:48:45 - trades.NZDZARm - DEBUG - [SKIP] Cannot open trade: Circuit breaker: Rolling PnL of last 50 trades <= -$10 (current: $-11.59) (resumes in 3061s)
2025-12-24 01:50:53 - trades.NZDZARm - DEBUG - [SKIP] Cannot open trade: Circuit breaker: Rolling PnL of last 50 trades <= -$10 (current: $-11.59) (resumes in 2932s)
2025-12-24 01:53:02 - trades.NZDZARm - DEBUG - [SKIP] Cannot open trade: Circuit breaker: Rolling PnL of last 50 trades <= -$10 (current: $-11.59) (resumes in 2803s)
2025-12-24 01:55:14 - trades.NZDZARm - DEBUG - [SKIP] Cannot open trade: Circuit breaker: Rolling PnL of last 50 trades <= -$10 (current: $-11.59) (resumes in 2671s)
2025-12-24 01:57:23 - trades.NZDZARm - DEBUG - [SKIP] Cannot open trade: Circuit breaker: Rolling PnL of last 50 trades <= -$10 (current: $-11.59) (resumes in 2543s)
2025-12-24 02:11:19 - trades.NZDZARm - DEBUG - [SKIP] Cannot open trade: Circuit breaker: Rolling PnL of last 50 trades <= -$10 (current: $-11.59) (resumes in 1706s)
2025-12-24 02:13:54 - trades.NZDZARm - DEBUG - [SKIP] Cannot open trade: Circuit breaker: Rolling PnL of last 50 trades <= -$10 (current: $-11.59) (resumes in 1551s)
2025-12-24 02:16:16 - trades.NZDZARm - DEBUG - [SKIP] Cannot open trade: Circuit breaker: Rolling PnL of last 50 trades <= -$10 (current: $-11.59) (resumes in 1410s)
2025-12-24 02:18:37 - trades.NZDZARm - DEBUG - [SKIP] Cannot open trade: Circuit breaker: Rolling PnL of last 50 trades <= -$10 (current: $-11.59) (resumes in 1268s)
2025-12-24 02:20:55 - trades.NZDZARm - DEBUG - [SKIP] Cannot open trade: Circuit breaker: Rolling PnL of last 50 trades <= -$10 (current: $-11.59) (resumes in 1130s)
2025-12-24 02:23:11 - trades.NZDZARm - DEBUG - [SKIP] Cannot open trade: Circuit breaker: Rolling PnL of last 50 trades <= -$10 (current: $-11.59) (resumes in 994s)
2025-12-24 02:25:28 - trades.NZDZARm - DEBUG - [SKIP] Cannot open trade: Circuit breaker: Rolling PnL of last 50 trades <= -$10 (current: $-11.59) (resumes in 858s)
2025-12-24 02:27:43 - trades.NZDZARm - DEBUG - [SKIP] Cannot open trade: Circuit breaker: Rolling PnL of last 50 trades <= -$10 (current: $-11.59) (resumes in 723s)
2025-12-24 02:30:01 - trades.NZDZARm - DEBUG - [SKIP] Cannot open trade: Circuit breaker: Rolling PnL of last 50 trades <= -$10 (current: $-11.59) (resumes in 584s)
2025-12-24 02:32:37 - trades.NZDZARm - DEBUG - [SKIP] Cannot open trade: Circuit breaker: Rolling PnL of last 50 trades <= -$10 (current: $-11.59) (resumes in 428s)
2025-12-24 02:35:16 - trades.NZDZARm - DEBUG - [SKIP] Cannot open trade: Circuit breaker: Rolling PnL of last 50 trades <= -$10 (current: $-11.59) (resumes in 270s)
2025-12-24 02:37:54 - trades.NZDZARm - DEBUG - [SKIP] Cannot open trade: Circuit breaker: Rolling PnL of last 50 trades <= -$10 (current: $-11.59) (resumes in 111s)
2025-12-24 02:56:20 - trades.NZDZARm - DEBUG - [SKIP] Cannot open trade: Circuit breaker: Rolling PnL of last 50 trades <= -$10 (current: $-11.59) (resumes in 2608s)
2025-12-24 02:58:36 - trades.NZDZARm - DEBUG - [SKIP] Cannot open trade: Circuit breaker: Rolling PnL of last 50 trades <= -$10 (current: $-11.59) (resumes in 2472s)
2025-12-24 03:00:54 - trades.NZDZARm - DEBUG - [SKIP] Cannot open trade: Circuit breaker: Rolling PnL of last 50 trades <= -$10 (current: $-11.59) (resumes in 2334s)
2025-12-24 03:03:14 - trades.NZDZARm - DEBUG - [SKIP] Cannot open trade: Circuit breaker: Rolling PnL of last 50 trades <= -$10 (current: $-11.59) (resumes in 2195s)
2025-12-24 03:05:30 - trades.NZDZARm - DEBUG - [SKIP] Cannot open trade: Circuit breaker: Rolling PnL of last 50 trades <= -$10 (current: $-11.59) (resumes in 2058s)
2025-12-24 03:07:46 - trades.NZDZARm - DEBUG - [SKIP] Cannot open trade: Circuit breaker: Rolling PnL of last 50 trades <= -$10 (current: $-11.59) (resumes in 1922s)
2025-12-24 03:10:00 - trades.NZDZARm - DEBUG - [SKIP] Cannot open trade: Circuit breaker: Rolling PnL of last 50 trades <= -$10 (current: $-11.59) (resumes in 1788s)
2025-12-24 03:12:13 - trades.NZDZARm - DEBUG - [SKIP] Cannot open trade: Circuit breaker: Rolling PnL of last 50 trades <= -$10 (current: $-11.59) (resumes in 1655s)
2025-12-24 03:14:24 - trades.NZDZARm - DEBUG - [SKIP] Cannot open trade: Circuit breaker: Rolling PnL of last 50 trades <= -$10 (current: $-11.59) (resumes in 1524s)
2025-12-24 03:16:36 - trades.NZDZARm - DEBUG - [SKIP] Cannot open trade: Circuit breaker: Rolling PnL of last 50 trades <= -$10 (current: $-11.59) (resumes in 1392s)
2025-12-24 03:18:49 - trades.NZDZARm - DEBUG - [SKIP] Cannot open trade: Circuit breaker: Rolling PnL of last 50 trades <= -$10 (current: $-11.59) (resumes in 1259s)
2025-12-24 03:20:59 - trades.NZDZARm - DEBUG - [SKIP] Cannot open trade: Circuit breaker: Rolling PnL of last 50 trades <= -$10 (current: $-11.59) (resumes in 1129s)
2025-12-24 03:23:08 - trades.NZDZARm - DEBUG - [SKIP] Cannot open trade: Circuit breaker: Rolling PnL of last 50 trades <= -$10 (current: $-11.59) (resumes in 1000s)
2025-12-24 03:25:15 - trades.NZDZARm - DEBUG - [SKIP] Cannot open trade: Circuit breaker: Rolling PnL of last 50 trades <= -$10 (current: $-11.59) (resumes in 873s)
2025-12-24 03:27:27 - trades.NZDZARm - DEBUG - [SKIP] Cannot open trade: Circuit breaker: Rolling PnL of last 50 trades <= -$10 (current: $-11.59) (resumes in 741s)
2025-12-24 03:29:38 - trades.NZDZARm - DEBUG - [SKIP] Cannot open trade: Circuit breaker: Rolling PnL of last 50 trades <= -$10 (current: $-11.59) (resumes in 611s)
2025-12-24 03:33:53 - trades.NZDZARm - DEBUG - [SKIP] Cannot open trade: Circuit breaker: Rolling PnL of last 50 trades <= -$10 (current: $-11.59) (resumes in 355s)
2025-12-24 04:07:55 - trades.NZDZARm - DEBUG - [SKIP] Cannot open trade: Circuit breaker: Rolling PnL of last 50 trades <= -$10 (current: $-11.59) (resumes in 1916s)
2025-12-24 04:10:06 - trades.NZDZARm - DEBUG - [SKIP] Cannot open trade: Circuit breaker: Rolling PnL of last 50 trades <= -$10 (current: $-11.59) (resumes in 1785s)
2025-12-24 04:12:19 - trades.NZDZARm - DEBUG - [SKIP] Cannot open trade: Circuit breaker: Rolling PnL of last 50 trades <= -$10 (current: $-11.59) (resumes in 1651s)
2025-12-24 04:14:30 - trades.NZDZARm - DEBUG - [SKIP] Cannot open trade: Circuit breaker: Rolling PnL of last 50 trades <= -$10 (current: $-11.59) (resumes in 1521s)
2025-12-24 04:16:43 - trades.NZDZARm - DEBUG - [SKIP] Cannot open trade: Circuit breaker: Rolling PnL of last 50 trades <= -$10 (current: $-11.59) (resumes in 1388s)
2025-12-24 04:18:56 - trades.NZDZARm - DEBUG - [SKIP] Cannot open trade: Circuit breaker: Rolling PnL of last 50 trades <= -$10 (current: $-11.59) (resumes in 1255s)
2025-12-24 04:21:09 - trades.NZDZARm - DEBUG - [SKIP] Cannot open trade: Circuit breaker: Rolling PnL of last 50 trades <= -$10 (current: $-11.59) (resumes in 1122s)
2025-12-24 04:23:23 - trades.NZDZARm - DEBUG - [SKIP] Cannot open trade: Circuit breaker: Rolling PnL of last 50 trades <= -$10 (current: $-11.59) (resumes in 988s)
2025-12-24 04:25:34 - trades.NZDZARm - DEBUG - [SKIP] Cannot open trade: Circuit breaker: Rolling PnL of last 50 trades <= -$10 (current: $-11.59) (resumes in 857s)
2025-12-24 04:27:42 - trades.NZDZARm - DEBUG - [SKIP] Cannot open trade: Circuit breaker: Rolling PnL of last 50 trades <= -$10 (current: $-11.59) (resumes in 729s)
2025-12-24 04:29:50 - trades.NZDZARm - DEBUG - [SKIP] Cannot open trade: Circuit breaker: Rolling PnL of last 50 trades <= -$10 (current: $-11.59) (resumes in 600s)
2025-12-24 04:31:57 - trades.NZDZARm - DEBUG - [SKIP] Cannot open trade: Circuit breaker: Rolling PnL of last 50 trades <= -$10 (current: $-11.59) (resumes in 474s)
2025-12-24 04:34:02 - trades.NZDZARm - DEBUG - [SKIP] Cannot open trade: Circuit breaker: Rolling PnL of last 50 trades <= -$10 (current: $-11.59) (resumes in 349s)
2025-12-24 04:36:13 - trades.NZDZARm - DEBUG - [SKIP] Cannot open trade: Circuit breaker: Rolling PnL of last 50 trades <= -$10 (current: $-11.59) (resumes in 218s)
2025-12-24 04:38:29 - trades.NZDZARm - DEBUG - [SKIP] Cannot open trade: Circuit breaker: Rolling PnL of last 50 trades <= -$10 (current: $-11.59) (resumes in 82s)
2025-12-24 04:40:38 - trades.NZDZARm - DEBUG - [SKIP] Cannot open trade: Circuit breaker: Rolling PnL of last 50 trades <= -$10 (current: $-11.59) (resumes in 3570s)
2025-12-24 04:42:45 - trades.NZDZARm - DEBUG - [SKIP] Cannot open trade: Circuit breaker: Rolling PnL of last 50 trades <= -$10 (current: $-11.59) (resumes in 3443s)
2025-12-24 04:46:58 - trades.NZDZARm - DEBUG - [SKIP] Cannot open trade: Circuit breaker: Rolling PnL of last 50 trades <= -$10 (current: $-11.59) (resumes in 3190s)
2025-12-24 04:49:07 - trades.NZDZARm - DEBUG - [SKIP] Cannot open trade: Circuit breaker: Rolling PnL of last 50 trades <= -$10 (current: $-11.59) (resumes in 3062s)
2025-12-24 04:51:11 - trades.NZDZARm - DEBUG - [SKIP] Cannot open trade: Circuit breaker: Rolling PnL of last 50 trades <= -$10 (current: $-11.59) (resumes in 2937s)
2025-12-24 04:53:18 - trades.NZDZARm - DEBUG - [SKIP] Cannot open trade: Circuit breaker: Rolling PnL of last 50 trades <= -$10 (current: $-11.59) (resumes in 2810s)
2025-12-24 04:55:26 - trades.NZDZARm - DEBUG - [SKIP] Cannot open trade: Circuit breaker: Rolling PnL of last 50 trades <= -$10 (current: $-11.59) (resumes in 2682s)
2025-12-24 04:57:35 - trades.NZDZARm - DEBUG - [SKIP] Cannot open trade: Circuit breaker: Rolling PnL of last 50 trades <= -$10 (current: $-11.59) (resumes in 2554s)
2025-12-24 04:59:43 - trades.NZDZARm - DEBUG - [SKIP] Cannot open trade: Circuit breaker: Rolling PnL of last 50 trades <= -$10 (current: $-11.59) (resumes in 2425s)
2025-12-24 05:01:53 - trades.NZDZARm - DEBUG - [SKIP] Cannot open trade: Circuit breaker: Rolling PnL of last 50 trades <= -$10 (current: $-11.59) (resumes in 2295s)
2025-12-24 05:04:18 - trades.NZDZARm - DEBUG - [SKIP] Cannot open trade: Circuit breaker: Rolling PnL of last 50 trades <= -$10 (current: $-11.59) (resumes in 2150s)
2025-12-24 05:06:24 - trades.NZDZARm - DEBUG - [SKIP] Cannot open trade: Circuit breaker: Rolling PnL of last 50 trades <= -$10 (current: $-11.59) (resumes in 2024s)
2025-12-24 05:08:31 - trades.NZDZARm - DEBUG - [SKIP] Cannot open trade: Circuit breaker: Rolling PnL of last 50 trades <= -$10 (current: $-11.59) (resumes in 1897s)
2025-12-24 05:10:34 - trades.NZDZARm - DEBUG - [SKIP] Cannot open trade: Circuit breaker: Rolling PnL of last 50 trades <= -$10 (current: $-11.59) (resumes in 1774s)
2025-12-24 05:12:35 - trades.NZDZARm - DEBUG - [SKIP] Cannot open trade: Circuit breaker: Rolling PnL of last 50 trades <= -$10 (current: $-11.59) (resumes in 1653s)
2025-12-24 05:22:46 - trades.NZDZARm - DEBUG - [SKIP] Cannot open trade: Circuit breaker: Rolling PnL of last 50 trades <= -$10 (current: $-11.59) (resumes in 1043s)
2025-12-24 05:24:50 - trades.NZDZARm - DEBUG - [SKIP] Cannot open trade: Circuit breaker: Rolling PnL of last 50 trades <= -$10 (current: $-11.59) (resumes in 918s)
2025-12-24 05:26:51 - trades.NZDZARm - DEBUG - [SKIP] Cannot open trade: Circuit breaker: Rolling PnL of last 50 trades <= -$10 (current: $-11.59) (resumes in 797s)
2025-12-24 05:28:52 - trades.NZDZARm - DEBUG - [SKIP] Cannot open trade: Circuit breaker: Rolling PnL of last 50 trades <= -$10 (current: $-11.59) (resumes in 676s)
2025-12-24 05:30:53 - trades.NZDZARm - DEBUG - [SKIP] Cannot open trade: Circuit breaker: Rolling PnL of last 50 trades <= -$10 (current: $-11.59) (resumes in 555s)
2025-12-24 05:32:58 - trades.NZDZARm - DEBUG - [SKIP] Cannot open trade: Circuit breaker: Rolling PnL of last 50 trades <= -$10 (current: $-11.59) (resumes in 430s)
2025-12-24 05:35:03 - trades.NZDZARm - DEBUG - [SKIP] Cannot open trade: Circuit breaker: Rolling PnL of last 50 trades <= -$10 (current: $-11.59) (resumes in 305s)
2025-12-24 05:37:07 - trades.NZDZARm - DEBUG - [SKIP] Cannot open trade: Circuit breaker: Rolling PnL of last 50 trades <= -$10 (current: $-11.59) (resumes in 182s)
2025-12-24 05:39:10 - trades.NZDZARm - DEBUG - [SKIP] Cannot open trade: Circuit breaker: Rolling PnL of last 50 trades <= -$10 (current: $-11.59) (resumes in 58s)
2025-12-24 05:43:23 - trades.NZDZARm - DEBUG - [SKIP] Cannot open trade: Circuit breaker: Rolling PnL of last 50 trades <= -$10 (current: $-11.59) (resumes in 3444s)
2025-12-24 05:45:30 - trades.NZDZARm - DEBUG - [SKIP] Cannot open trade: Circuit breaker: Rolling PnL of last 50 trades <= -$10 (current: $-11.59) (resumes in 3317s)
2025-12-24 06:26:03 - trades.NZDZARm - DEBUG - [SKIP] Cannot open trade: Circuit breaker: Rolling PnL of last 50 trades <= -$10 (current: $-11.59) (resumes in 884s)
2025-12-24 06:29:00 - trades.NZDZARm - DEBUG - [SKIP] Cannot open trade: Circuit breaker: Rolling PnL of last 50 trades <= -$10 (current: $-11.59) (resumes in 707s)
2025-12-24 06:31:55 - trades.NZDZARm - DEBUG - [SKIP] Cannot open trade: Circuit breaker: Rolling PnL of last 50 trades <= -$10 (current: $-11.59) (resumes in 532s)
2025-12-24 06:35:00 - trades.NZDZARm - DEBUG - [SKIP] Cannot open trade: Circuit breaker: Rolling PnL of last 50 trades <= -$10 (current: $-11.59) (resumes in 347s)
2025-12-24 06:37:57 - trades.NZDZARm - DEBUG - [SKIP] Cannot open trade: Circuit breaker: Rolling PnL of last 50 trades <= -$10 (current: $-11.59) (resumes in 170s)
2025-12-24 06:40:56 - trades.NZDZARm - DEBUG - [SKIP] Cannot open trade: Circuit breaker: Rolling PnL of last 50 trades <= -$10 (current: $-11.59) (resumes in 3597s)
2025-12-24 06:43:59 - trades.NZDZARm - DEBUG - [SKIP] Cannot open trade: Circuit breaker: Rolling PnL of last 50 trades <= -$10 (current: $-11.59) (resumes in 3414s)
2025-12-24 07:17:02 - trades.NZDZARm - DEBUG - [SKIP] Cannot open trade: Circuit breaker: Rolling PnL of last 50 trades <= -$10 (current: $-11.59) (resumes in 1432s)
2025-12-24 07:20:14 - trades.NZDZARm - DEBUG - [SKIP] Cannot open trade: Circuit breaker: Rolling PnL of last 50 trades <= -$10 (current: $-11.59) (resumes in 1239s)
2025-12-24 08:02:17 - trades.NZDZARm - DEBUG - [SKIP] Cannot open trade: Circuit breaker: Rolling PnL of last 50 trades <= -$10 (current: $-11.59) (resumes in 2324s)
2025-12-24 08:05:21 - trades.NZDZARm - DEBUG - [SKIP] Cannot open trade: Circuit breaker: Rolling PnL of last 50 trades <= -$10 (current: $-11.59) (resumes in 2140s)
2025-12-24 08:08:23 - trades.NZDZARm - DEBUG - [SKIP] Cannot open trade: Circuit breaker: Rolling PnL of last 50 trades <= -$10 (current: $-11.59) (resumes in 1957s)
2025-12-24 08:11:24 - trades.NZDZARm - DEBUG - [SKIP] Cannot open trade: Circuit breaker: Rolling PnL of last 50 trades <= -$10 (current: $-11.59) (resumes in 1776s)
2025-12-24 08:14:31 - trades.NZDZARm - DEBUG - [SKIP] Cannot open trade: Circuit breaker: Rolling PnL of last 50 trades <= -$10 (current: $-11.59) (resumes in 1589s)
2025-12-24 08:17:37 - trades.NZDZARm - DEBUG - [SKIP] Cannot open trade: Circuit breaker: Rolling PnL of last 50 trades <= -$10 (current: $-11.59) (resumes in 1404s)
2025-12-24 08:20:36 - trades.NZDZARm - DEBUG - [SKIP] Cannot open trade: Circuit breaker: Rolling PnL of last 50 trades <= -$10 (current: $-11.59) (resumes in 1225s)
2025-12-24 08:23:54 - trades.NZDZARm - DEBUG - [SKIP] Cannot open trade: Circuit breaker: Rolling PnL of last 50 trades <= -$10 (current: $-11.59) (resumes in 1027s)
2025-12-24 08:40:12 - trades.NZDZARm - DEBUG - [SKIP] Cannot open trade: Circuit breaker: Rolling PnL of last 50 trades <= -$10 (current: $-11.59) (resumes in 49s)
2025-12-24 08:43:29 - trades.NZDZARm - DEBUG - [SKIP] Cannot open trade: Circuit breaker: Rolling PnL of last 50 trades <= -$10 (current: $-11.59) (resumes in 3509s)
2025-12-24 08:46:42 - trades.NZDZARm - DEBUG - [SKIP] Cannot open trade: Circuit breaker: Rolling PnL of last 50 trades <= -$10 (current: $-11.59) (resumes in 3316s)
2025-12-24 08:49:59 - trades.NZDZARm - DEBUG - [SKIP] Cannot open trade: Circuit breaker: Rolling PnL of last 50 trades <= -$10 (current: $-11.59) (resumes in 3119s)
2025-12-24 08:53:16 - trades.NZDZARm - DEBUG - [SKIP] Cannot open trade: Circuit breaker: Rolling PnL of last 50 trades <= -$10 (current: $-11.59) (resumes in 2922s)
2025-12-24 09:15:08 - trades.NZDZARm - DEBUG - [SKIP] Cannot open trade: Circuit breaker: Rolling PnL of last 50 trades <= -$10 (current: $-11.59) (resumes in 1610s)
2025-12-24 09:18:30 - trades.NZDZARm - DEBUG - [SKIP] Cannot open trade: Circuit breaker: Rolling PnL of last 50 trades <= -$10 (current: $-11.59) (resumes in 1407s)
2025-12-24 09:21:57 - trades.NZDZARm - DEBUG - [SKIP] Cannot open trade: Circuit breaker: Rolling PnL of last 50 trades <= -$10 (current: $-11.59) (resumes in 1201s)
2025-12-24 09:25:15 - trades.NZDZARm - DEBUG - [SKIP] Cannot open trade: Circuit breaker: Rolling PnL of last 50 trades <= -$10 (current: $-11.59) (resumes in 1003s)
2025-12-24 09:28:28 - trades.NZDZARm - DEBUG - [SKIP] Cannot open trade: Circuit breaker: Rolling PnL of last 50 trades <= -$10 (current: $-11.59) (resumes in 810s)
2025-12-24 09:31:40 - trades.NZDZARm - DEBUG - [SKIP] Cannot open trade: Circuit breaker: Rolling PnL of last 50 trades <= -$10 (current: $-11.59) (resumes in 617s)
2025-12-24 09:34:55 - trades.NZDZARm - DEBUG - [SKIP] Cannot open trade: Circuit breaker: Rolling PnL of last 50 trades <= -$10 (current: $-11.59) (resumes in 423s)
2025-12-24 09:38:10 - trades.NZDZARm - DEBUG - [SKIP] Cannot open trade: Circuit breaker: Rolling PnL of last 50 trades <= -$10 (current: $-11.59) (resumes in 228s)
2025-12-24 09:51:26 - trades.NZDZARm - DEBUG - [SKIP] Cannot open trade: Circuit breaker: Rolling PnL of last 50 trades <= -$10 (current: $-11.59) (resumes in 3107s)
2025-12-24 09:54:52 - trades.NZDZARm - DEBUG - [SKIP] Cannot open trade: Circuit breaker: Rolling PnL of last 50 trades <= -$10 (current: $-11.59) (resumes in 2900s)
2025-12-24 09:58:17 - trades.NZDZARm - DEBUG - [SKIP] Cannot open trade: Circuit breaker: Rolling PnL of last 50 trades <= -$10 (current: $-11.59) (resumes in 2696s)
2025-12-24 10:01:45 - trades.NZDZARm - DEBUG - [SKIP] Cannot open trade: Circuit breaker: Rolling PnL of last 50 trades <= -$10 (current: $-11.59) (resumes in 2487s)
2025-12-24 10:05:13 - trades.NZDZARm - DEBUG - [SKIP] Cannot open trade: Circuit breaker: Rolling PnL of last 50 trades <= -$10 (current: $-11.59) (resumes in 2279s)
2025-12-24 10:08:43 - trades.NZDZARm - DEBUG - [SKIP] Cannot open trade: Circuit breaker: Rolling PnL of last 50 trades <= -$10 (current: $-11.59) (resumes in 2069s)
2025-12-24 10:12:13 - trades.NZDZARm - DEBUG - [SKIP] Cannot open trade: Circuit breaker: Rolling PnL of last 50 trades <= -$10 (current: $-11.59) (resumes in 1860s)
2025-12-24 10:15:44 - trades.NZDZARm - DEBUG - [SKIP] Cannot open trade: Circuit breaker: Rolling PnL of last 50 trades <= -$10 (current: $-11.59) (resumes in 1649s)
2025-12-24 10:19:00 - trades.NZDZARm - DEBUG - [SKIP] Cannot open trade: Circuit breaker: Rolling PnL of last 50 trades <= -$10 (current: $-11.59) (resumes in 1453s)
2025-12-24 10:31:51 - trades.NZDZARm - DEBUG - [SKIP] Cannot open trade: Circuit breaker: Rolling PnL of last 50 trades <= -$10 (current: $-11.59) (resumes in 682s)
2025-12-24 10:35:01 - trades.NZDZARm - DEBUG - [SKIP] Cannot open trade: Circuit breaker: Rolling PnL of last 50 trades <= -$10 (current: $-11.59) (resumes in 492s)
2025-12-24 10:38:15 - trades.NZDZARm - DEBUG - [SKIP] Cannot open trade: Circuit breaker: Rolling PnL of last 50 trades <= -$10 (current: $-11.59) (resumes in 298s)
2025-12-24 10:41:31 - trades.NZDZARm - DEBUG - [SKIP] Cannot open trade: Circuit breaker: Rolling PnL of last 50 trades <= -$10 (current: $-11.59) (resumes in 102s)
2025-12-24 10:44:39 - trades.NZDZARm - DEBUG - [SKIP] Cannot open trade: Circuit breaker: Rolling PnL of last 50 trades <= -$10 (current: $-11.59) (resumes in 3518s)
2025-12-24 10:47:52 - trades.NZDZARm - DEBUG - [SKIP] Cannot open trade: Circuit breaker: Rolling PnL of last 50 trades <= -$10 (current: $-11.59) (resumes in 3324s)
2025-12-24 10:50:54 - trades.NZDZARm - DEBUG - [SKIP] Cannot open trade: Circuit breaker: Rolling PnL of last 50 trades <= -$10 (current: $-11.59) (resumes in 3143s)
2025-12-24 10:54:05 - trades.NZDZARm - DEBUG - [SKIP] Cannot open trade: Circuit breaker: Rolling PnL of last 50 trades <= -$10 (current: $-11.59) (resumes in 2952s)
2025-12-24 10:57:37 - trades.NZDZARm - DEBUG - [SKIP] Cannot open trade: Circuit breaker: Rolling PnL of last 50 trades <= -$10 (current: $-11.59) (resumes in 2740s)
2025-12-24 11:01:29 - trades.NZDZARm - DEBUG - [SKIP] Cannot open trade: Circuit breaker: Rolling PnL of last 50 trades <= -$10 (current: $-11.59) (resumes in 2508s)
2025-12-24 11:05:09 - trades.NZDZARm - DEBUG - [SKIP] Cannot open trade: Circuit breaker: Rolling PnL of last 50 trades <= -$10 (current: $-11.59) (resumes in 2288s)
2025-12-24 11:08:55 - trades.NZDZARm - DEBUG - [SKIP] Cannot open trade: Circuit breaker: Rolling PnL of last 50 trades <= -$10 (current: $-11.59) (resumes in 2062s)
2025-12-24 11:13:09 - trades.NZDZARm - DEBUG - [SKIP] Cannot open trade: Circuit breaker: Rolling PnL of last 50 trades <= -$10 (current: $-11.59) (resumes in 1808s)
2025-12-24 11:17:29 - trades.NZDZARm - DEBUG - [SKIP] Cannot open trade: Circuit breaker: Rolling PnL of last 50 trades <= -$10 (current: $-11.59) (resumes in 1548s)
2025-12-24 11:20:59 - trades.NZDZARm - DEBUG - [SKIP] Cannot open trade: Circuit breaker: Rolling PnL of last 50 trades <= -$10 (current: $-11.59) (resumes in 1338s)
2025-12-24 11:24:16 - trades.NZDZARm - DEBUG - [SKIP] Cannot open trade: Circuit breaker: Rolling PnL of last 50 trades <= -$10 (current: $-11.59) (resumes in 1141s)
2025-12-24 11:27:36 - trades.NZDZARm - DEBUG - [SKIP] Cannot open trade: Circuit breaker: Rolling PnL of last 50 trades <= -$10 (current: $-11.59) (resumes in 941s)
2025-12-24 11:30:59 - trades.NZDZARm - DEBUG - [SKIP] Cannot open trade: Circuit breaker: Rolling PnL of last 50 trades <= -$10 (current: $-11.59) (resumes in 738s)
2025-12-24 11:34:21 - trades.NZDZARm - DEBUG - [SKIP] Cannot open trade: Circuit breaker: Rolling PnL of last 50 trades <= -$10 (current: $-11.59) (resumes in 536s)
2025-12-24 11:37:43 - trades.NZDZARm - DEBUG - [SKIP] Cannot open trade: Circuit breaker: Rolling PnL of last 50 trades <= -$10 (current: $-11.59) (resumes in 333s)
2025-12-24 11:41:07 - trades.NZDZARm - DEBUG - [SKIP] Cannot open trade: Circuit breaker: Rolling PnL of last 50 trades <= -$10 (current: $-11.59) (resumes in 130s)
2025-12-24 11:44:24 - trades.NZDZARm - DEBUG - [SKIP] Cannot open trade: Circuit breaker: Rolling PnL of last 50 trades <= -$10 (current: $-11.59) (resumes in 3537s)
2025-12-24 11:47:39 - trades.NZDZARm - DEBUG - [SKIP] Cannot open trade: Circuit breaker: Rolling PnL of last 50 trades <= -$10 (current: $-11.59) (resumes in 3342s)
2025-12-24 11:51:07 - trades.NZDZARm - DEBUG - [SKIP] Cannot open trade: Circuit breaker: Rolling PnL of last 50 trades <= -$10 (current: $-11.59) (resumes in 3134s)
2025-12-24 11:54:26 - trades.NZDZARm - DEBUG - [SKIP] Cannot open trade: Circuit breaker: Rolling PnL of last 50 trades <= -$10 (current: $-11.59) (resumes in 2935s)
2025-12-24 12:10:17 - trades.NZDZARm - DEBUG - [SKIP] Cannot open trade: Circuit breaker: Rolling PnL of last 50 trades <= -$10 (current: $-11.59) (resumes in 1984s)
2025-12-24 12:13:26 - trades.NZDZARm - DEBUG - [SKIP] Cannot open trade: Circuit breaker: Rolling PnL of last 50 trades <= -$10 (current: $-11.59) (resumes in 1795s)
2025-12-24 12:16:33 - trades.NZDZARm - DEBUG - [SKIP] Cannot open trade: Circuit breaker: Rolling PnL of last 50 trades <= -$10 (current: $-11.59) (resumes in 1608s)
2025-12-24 12:19:43 - trades.NZDZARm - DEBUG - [SKIP] Cannot open trade: Circuit breaker: Rolling PnL of last 50 trades <= -$10 (current: $-11.59) (resumes in 1418s)
2025-12-24 12:22:45 - trades.NZDZARm - DEBUG - [SKIP] Cannot open trade: Circuit breaker: Rolling PnL of last 50 trades <= -$10 (current: $-11.59) (resumes in 1236s)
2025-12-24 12:25:57 - trades.NZDZARm - DEBUG - [SKIP] Cannot open trade: Circuit breaker: Rolling PnL of last 50 trades <= -$10 (current: $-11.59) (resumes in 1044s)
2025-12-24 12:29:08 - trades.NZDZARm - DEBUG - [SKIP] Cannot open trade: Circuit breaker: Rolling PnL of last 50 trades <= -$10 (current: $-11.59) (resumes in 853s)
2025-12-24 12:32:22 - trades.NZDZARm - DEBUG - [SKIP] Cannot open trade: Circuit breaker: Rolling PnL of last 50 trades <= -$10 (current: $-11.59) (resumes in 659s)
2025-12-24 12:35:32 - trades.NZDZARm - DEBUG - [SKIP] Cannot open trade: Circuit breaker: Rolling PnL of last 50 trades <= -$10 (current: $-11.59) (resumes in 469s)
2025-12-24 12:38:50 - trades.NZDZARm - DEBUG - [SKIP] Cannot open trade: Circuit breaker: Rolling PnL of last 50 trades <= -$10 (current: $-11.59) (resumes in 271s)
2025-12-24 13:07:39 - trades.NZDZARm - DEBUG - [SKIP] Cannot open trade: Circuit breaker: Rolling PnL of last 50 trades <= -$10 (current: $-11.59) (resumes in 2172s)
2025-12-24 13:10:51 - trades.NZDZARm - DEBUG - [SKIP] Cannot open trade: Circuit breaker: Rolling PnL of last 50 trades <= -$10 (current: $-11.59) (resumes in 1979s)
2025-12-24 13:42:50 - trades.NZDZARm - DEBUG - [SKIP] Cannot open trade: Circuit breaker: Rolling PnL of last 50 trades <= -$10 (current: $-11.59) (resumes in 60s)
2025-12-24 13:46:13 - trades.NZDZARm - DEBUG - [SKIP] Cannot open trade: Circuit breaker: Rolling PnL of last 50 trades <= -$10 (current: $-11.59) (resumes in 3503s)
2025-12-24 13:49:31 - trades.NZDZARm - DEBUG - [SKIP] Cannot open trade: Circuit breaker: Rolling PnL of last 50 trades <= -$10 (current: $-11.59) (resumes in 3305s)
2025-12-24 13:53:06 - trades.NZDZARm - DEBUG - [SKIP] Cannot open trade: Circuit breaker: Rolling PnL of last 50 trades <= -$10 (current: $-11.59) (resumes in 3091s)
2025-12-24 13:56:32 - trades.NZDZARm - DEBUG - [SKIP] Cannot open trade: Circuit breaker: Rolling PnL of last 50 trades <= -$10 (current: $-11.59) (resumes in 2884s)
2025-12-24 14:00:00 - trades.NZDZARm - DEBUG - [SKIP] Cannot open trade: Circuit breaker: Rolling PnL of last 50 trades <= -$10 (current: $-11.59) (resumes in 2676s)
2025-12-24 14:03:33 - trades.NZDZARm - DEBUG - [SKIP] Cannot open trade: Circuit breaker: Rolling PnL of last 50 trades <= -$10 (current: $-11.59) (resumes in 2463s)
2025-12-24 14:07:01 - trades.NZDZARm - DEBUG - [SKIP] Cannot open trade: Circuit breaker: Rolling PnL of last 50 trades <= -$10 (current: $-11.59) (resumes in 2255s)
2025-12-24 14:10:34 - trades.NZDZARm - DEBUG - [SKIP] Cannot open trade: Circuit breaker: Rolling PnL of last 50 trades <= -$10 (current: $-11.59) (resumes in 2042s)
2025-12-24 14:14:02 - trades.NZDZARm - DEBUG - [SKIP] Cannot open trade: Circuit breaker: Rolling PnL of last 50 trades <= -$10 (current: $-11.59) (resumes in 1834s)
2025-12-24 14:31:29 - trades.NZDZARm - DEBUG - [SKIP] Cannot open trade: Circuit breaker: Rolling PnL of last 50 trades <= -$10 (current: $-11.59) (resumes in 787s)
2025-12-24 14:35:36 - trades.NZDZARm - DEBUG - [SKIP] Cannot open trade: Circuit breaker: Rolling PnL of last 50 trades <= -$10 (current: $-11.59) (resumes in 540s)
2025-12-24 14:39:54 - trades.NZDZARm - DEBUG - [SKIP] Cannot open trade: Circuit breaker: Rolling PnL of last 50 trades <= -$10 (current: $-11.59) (resumes in 282s)
2025-12-24 14:46:10 - trades.NZDZARm - DEBUG - [SKIP] Cannot open trade: Circuit breaker: Rolling PnL of last 50 trades <= -$10 (current: $-11.59) (resumes in 3515s)
2025-12-24 14:51:33 - trades.NZDZARm - DEBUG - [SKIP] Cannot open trade: Circuit breaker: Rolling PnL of last 50 trades <= -$10 (current: $-11.59) (resumes in 3192s)
2025-12-24 14:56:42 - trades.NZDZARm - DEBUG - [SKIP] Cannot open trade: Circuit breaker: Rolling PnL of last 50 trades <= -$10 (current: $-11.59) (resumes in 2883s)
