2025-12-23 12:01:53 - trades.PDDm - DEBUG - [SKIP] Cannot open trade: Entry filter: Spread sanity: spread 1677.0% of avg range > max 30.0%
2025-12-23 12:03:33 - trades.PDDm - DEBUG - [SKIP] Cannot open trade: Entry filter: Spread sanity: spread 1626.5% of avg range > max 30.0%
2025-12-23 12:05:13 - trades.PDDm - DEBUG - [SKIP] Cannot open trade: Entry filter: Volatility floor: avg range 0.79 pips < min 0.80 pips
2025-12-23 13:00:47 - trades.PDDm - DEBUG - [SKIP] Cannot open trade: Entry filter: Session guard: first 1 minutes of hour blocked
2025-12-23 13:04:15 - trades.PDDm - DEBUG - [SKIP] Cannot open trade: Entry filter: Volatility floor: avg range 0.49 pips < min 0.80 pips
2025-12-23 13:52:50 - trades.PDDm - DEBUG - [SKIP] Cannot open trade: Entry filter: Volatility floor: avg range 0.46 pips < min 0.80 pips
2025-12-23 14:01:37 - trades.PDDm - DEBUG - [SKIP] Cannot open trade: Entry filter: Volatility floor: avg range 0.55 pips < min 0.80 pips
2025-12-23 14:31:44 - trades.PDDm - DEBUG - [SKIP] Cannot open trade: Entry filter: Spread sanity: spread 664.3% of avg range > max 30.0%
2025-12-23 14:47:31 - trades.PDDm - DEBUG - [SKIP] Cannot open trade: Entry filter: Spread sanity: spread 110.2% of avg range > max 30.0%
2025-12-23 14:54:57 - trades.PDDm - DEBUG - [SKIP] Cannot open trade: Circuit breaker: Consecutive losses >= 10 (11 losses) (resumes in 1703s)
2025-12-23 15:00:45 - trades.PDDm - DEBUG - [SKIP] Cannot open trade: Circuit breaker: Consecutive losses >= 10 (11 losses) (resumes in 1356s)
2025-12-23 15:06:09 - trades.PDDm - DEBUG - [SKIP] Cannot open trade: Circuit breaker: Consecutive losses >= 10 (11 losses) (resumes in 1032s)
2025-12-23 15:11:38 - trades.PDDm - DEBUG - [SKIP] Cannot open trade: Circuit breaker: Consecutive losses >= 10 (11 losses) (resumes in 703s)
2025-12-23 15:17:23 - trades.PDDm - DEBUG - [SKIP] Cannot open trade: Circuit breaker: Consecutive losses >= 10 (11 losses) (resumes in 358s)
2025-12-23 15:23:01 - trades.PDDm - DEBUG - [SKIP] Cannot open trade: Circuit breaker: Consecutive losses >= 10 (11 losses) (resumes in 20s)
2025-12-23 15:29:08 - trades.PDDm - DEBUG - [SKIP] Cannot open trade: Entry filter: Spread sanity: spread 226.0% of avg range > max 30.0%
2025-12-23 15:35:55 - trades.PDDm - DEBUG - [SKIP] Cannot open trade: Circuit breaker: Rolling PnL of last 50 trades <= -$10 (current: $-17.00) (resumes in 3390s)
2025-12-23 15:42:11 - trades.PDDm - DEBUG - [SKIP] Cannot open trade: Circuit breaker: Rolling PnL of last 50 trades <= -$10 (current: $-17.00) (resumes in 3013s)
2025-12-23 15:48:30 - trades.PDDm - DEBUG - [SKIP] Cannot open trade: Circuit breaker: Rolling PnL of last 50 trades <= -$10 (current: $-17.00) (resumes in 2635s)
2025-12-23 15:54:39 - trades.PDDm - DEBUG - [SKIP] Cannot open trade: Circuit breaker: Rolling PnL of last 50 trades <= -$10 (current: $-17.00) (resumes in 2266s)
2025-12-23 16:06:51 - trades.PDDm - DEBUG - [SKIP] Cannot open trade: Circuit breaker: Rolling PnL of last 50 trades <= -$10 (current: $-17.00) (resumes in 1533s)
2025-12-23 16:12:26 - trades.PDDm - DEBUG - [SKIP] Cannot open trade: Circuit breaker: Rolling PnL of last 50 trades <= -$10 (current: $-17.00) (resumes in 1198s)
2025-12-23 16:17:50 - trades.PDDm - DEBUG - [SKIP] Cannot open trade: Circuit breaker: Rolling PnL of last 50 trades <= -$10 (current: $-17.00) (resumes in 875s)
2025-12-23 16:22:45 - trades.PDDm - DEBUG - [SKIP] Cannot open trade: Circuit breaker: Rolling PnL of last 50 trades <= -$10 (current: $-17.00) (resumes in 579s)
2025-12-23 16:27:41 - trades.PDDm - DEBUG - [SKIP] Cannot open trade: Circuit breaker: Rolling PnL of last 50 trades <= -$10 (current: $-17.00) (resumes in 284s)
2025-12-23 16:32:44 - trades.PDDm - DEBUG - [SKIP] Cannot open trade: Circuit breaker: Rolling PnL of last 50 trades <= -$10 (current: $-11.59) (resumes in 3583s)
2025-12-23 16:38:07 - trades.PDDm - DEBUG - [SKIP] Cannot open trade: Circuit breaker: Rolling PnL of last 50 trades <= -$10 (current: $-11.59) (resumes in 3260s)
2025-12-23 16:43:15 - trades.PDDm - DEBUG - [SKIP] Cannot open trade: Circuit breaker: Rolling PnL of last 50 trades <= -$10 (current: $-11.59) (resumes in 2951s)
2025-12-23 16:48:10 - trades.PDDm - DEBUG - [SKIP] Cannot open trade: Circuit breaker: Rolling PnL of last 50 trades <= -$10 (current: $-11.59) (resumes in 2657s)
2025-12-23 16:53:07 - trades.PDDm - DEBUG - [SKIP] Cannot open trade: Circuit breaker: Rolling PnL of last 50 trades <= -$10 (current: $-11.59) (resumes in 2360s)
2025-12-23 16:58:15 - trades.PDDm - DEBUG - [SKIP] Cannot open trade: Circuit breaker: Rolling PnL of last 50 trades <= -$10 (current: $-11.59) (resumes in 2052s)
2025-12-23 17:03:25 - trades.PDDm - DEBUG - [SKIP] Cannot open trade: Circuit breaker: Rolling PnL of last 50 trades <= -$10 (current: $-11.59) (resumes in 1742s)
2025-12-23 17:08:07 - trades.PDDm - DEBUG - [SKIP] Cannot open trade: Circuit breaker: Rolling PnL of last 50 trades <= -$10 (current: $-11.59) (resumes in 1460s)
2025-12-23 17:13:17 - trades.PDDm - DEBUG - [SKIP] Cannot open trade: Circuit breaker: Rolling PnL of last 50 trades <= -$10 (current: $-11.59) (resumes in 1149s)
2025-12-23 17:18:24 - trades.PDDm - DEBUG - [SKIP] Cannot open trade: Circuit breaker: Rolling PnL of last 50 trades <= -$10 (current: $-11.59) (resumes in 843s)
2025-12-23 17:23:12 - trades.PDDm - DEBUG - [SKIP] Cannot open trade: Circuit breaker: Rolling PnL of last 50 trades <= -$10 (current: $-11.59) (resumes in 554s)
2025-12-23 17:27:56 - trades.PDDm - DEBUG - [SKIP] Cannot open trade: Circuit breaker: Rolling PnL of last 50 trades <= -$10 (current: $-11.59) (resumes in 271s)
2025-12-23 17:32:43 - trades.PDDm - DEBUG - [SKIP] Cannot open trade: Circuit breaker: Rolling PnL of last 50 trades <= -$10 (current: $-11.59) (resumes in 3585s)
2025-12-23 17:37:15 - trades.PDDm - DEBUG - [SKIP] Cannot open trade: Circuit breaker: Rolling PnL of last 50 trades <= -$10 (current: $-11.59) (resumes in 3314s)
2025-12-23 17:41:36 - trades.PDDm - DEBUG - [SKIP] Cannot open trade: Circuit breaker: Rolling PnL of last 50 trades <= -$10 (current: $-11.59) (resumes in 3052s)
2025-12-23 17:46:14 - trades.PDDm - DEBUG - [SKIP] Cannot open trade: Circuit breaker: Rolling PnL of last 50 trades <= -$10 (current: $-11.59) (resumes in 2774s)
2025-12-23 17:50:33 - trades.PDDm - DEBUG - [SKIP] Cannot open trade: Circuit breaker: Rolling PnL of last 50 trades <= -$10 (current: $-11.59) (resumes in 2515s)
2025-12-23 17:55:17 - trades.PDDm - DEBUG - [SKIP] Cannot open trade: Circuit breaker: Rolling PnL of last 50 trades <= -$10 (current: $-11.59) (resumes in 2231s)
2025-12-23 17:59:53 - trades.PDDm - DEBUG - [SKIP] Cannot open trade: Circuit breaker: Rolling PnL of last 50 trades <= -$10 (current: $-11.59) (resumes in 1955s)
2025-12-23 18:04:22 - trades.PDDm - DEBUG - [SKIP] Cannot open trade: Circuit breaker: Rolling PnL of last 50 trades <= -$10 (current: $-11.59) (resumes in 1686s)
2025-12-23 18:13:28 - trades.PDDm - DEBUG - [SKIP] Cannot open trade: Circuit breaker: Rolling PnL of last 50 trades <= -$10 (current: $-11.59) (resumes in 1140s)
2025-12-23 18:17:34 - trades.PDDm - DEBUG - [SKIP] Cannot open trade: Circuit breaker: Rolling PnL of last 50 trades <= -$10 (current: $-11.59) (resumes in 895s)
2025-12-23 18:21:48 - trades.PDDm - DEBUG - [SKIP] Cannot open trade: Circuit breaker: Rolling PnL of last 50 trades <= -$10 (current: $-11.59) (resumes in 640s)
2025-12-23 18:26:13 - trades.PDDm - DEBUG - [SKIP] Cannot open trade: Circuit breaker: Rolling PnL of last 50 trades <= -$10 (current: $-11.59) (resumes in 375s)
2025-12-23 18:30:43 - trades.PDDm - DEBUG - [SKIP] Cannot open trade: Circuit breaker: Rolling PnL of last 50 trades <= -$10 (current: $-11.59) (resumes in 105s)
2025-12-23 18:35:13 - trades.PDDm - DEBUG - [SKIP] Cannot open trade: Circuit breaker: Rolling PnL of last 50 trades <= -$10 (current: $-11.59) (resumes in 3437s)
2025-12-23 18:39:46 - trades.PDDm - DEBUG - [SKIP] Cannot open trade: Circuit breaker: Rolling PnL of last 50 trades <= -$10 (current: $-11.59) (resumes in 3164s)
2025-12-23 18:48:27 - trades.PDDm - DEBUG - [SKIP] Cannot open trade: Circuit breaker: Rolling PnL of last 50 trades <= -$10 (current: $-11.59) (resumes in 2643s)
2025-12-23 18:52:44 - trades.PDDm - DEBUG - [SKIP] Cannot open trade: Circuit breaker: Rolling PnL of last 50 trades <= -$10 (current: $-11.59) (resumes in 2386s)
2025-12-23 18:57:08 - trades.PDDm - DEBUG - [SKIP] Cannot open trade: Circuit breaker: Rolling PnL of last 50 trades <= -$10 (current: $-11.59) (resumes in 2123s)
2025-12-23 19:26:37 - trades.PDDm - DEBUG - [SKIP] Cannot open trade: Circuit breaker: Rolling PnL of last 50 trades <= -$10 (current: $-11.59) (resumes in 354s)
2025-12-23 19:30:56 - trades.PDDm - DEBUG - [SKIP] Cannot open trade: Circuit breaker: Rolling PnL of last 50 trades <= -$10 (current: $-11.59) (resumes in 94s)
2025-12-23 19:35:12 - trades.PDDm - DEBUG - [SKIP] Cannot open trade: Circuit breaker: Rolling PnL of last 50 trades <= -$10 (current: $-11.59) (resumes in 3545s)
2025-12-23 19:47:55 - trades.PDDm - DEBUG - [SKIP] Cannot open trade: Circuit breaker: Rolling PnL of last 50 trades <= -$10 (current: $-11.59) (resumes in 2782s)
2025-12-23 19:52:01 - trades.PDDm - DEBUG - [SKIP] Cannot open trade: Circuit breaker: Rolling PnL of last 50 trades <= -$10 (current: $-11.59) (resumes in 2536s)
2025-12-23 20:39:24 - trades.PDDm - DEBUG - [SKIP] Cannot open trade: Circuit breaker: Rolling PnL of last 50 trades <= -$10 (current: $-11.59) (resumes in 3296s)
2025-12-23 20:43:52 - trades.PDDm - DEBUG - [SKIP] Cannot open trade: Circuit breaker: Rolling PnL of last 50 trades <= -$10 (current: $-11.59) (resumes in 3028s)
2025-12-24 14:38:43 - trades.PDDm - DEBUG - [SKIP] Cannot open trade: Circuit breaker: Rolling PnL of last 50 trades <= -$10 (current: $-11.59) (resumes in 354s)
