2025-12-23 12:00:09 - trades.PYPLm - DEBUG - [SKIP] Cannot open trade: Entry filter: Session guard: first 1 minutes of hour blocked
2025-12-23 12:03:31 - trades.PYPLm - DEBUG - [SKIP] Cannot open trade: Entry filter: Volatility floor: avg range 0.21 pips < min 0.80 pips
2025-12-23 13:38:24 - trades.PYPLm - DEBUG - [SKIP] Cannot open trade: Entry filter: Volatility floor: avg range 0.20 pips < min 0.80 pips
2025-12-23 13:41:54 - trades.PYPLm - DEBUG - [SKIP] Cannot open trade: Entry filter: Volatility floor: avg range 0.43 pips < min 0.80 pips
2025-12-23 13:56:55 - trades.PYPLm - DEBUG - [SKIP] Cannot open trade: Entry filter: Volatility floor: avg range 0.59 pips < min 0.80 pips
2025-12-23 14:09:58 - trades.PYPLm - DEBUG - [SKIP] Cannot open trade: Entry filter: Volatility floor: avg range 0.58 pips < min 0.80 pips
2025-12-23 14:14:29 - trades.PYPLm - DEBUG - [SKIP] Cannot open trade: Entry filter: Volatility floor: avg range 0.54 pips < min 0.80 pips
2025-12-23 14:31:28 - trades.PYPLm - DEBUG - [SKIP] Cannot open trade: Entry filter: Spread sanity: spread 715.1% of avg range > max 30.0%
2025-12-23 14:40:57 - trades.PYPLm - DEBUG - [SKIP] Cannot open trade: Entry filter: Spread sanity: spread 136.6% of avg range > max 30.0%
2025-12-23 14:46:03 - trades.PYPLm - DEBUG - [SKIP] Cannot open trade: Entry filter: Spread sanity: spread 148.9% of avg range > max 30.0%
2025-12-23 14:54:26 - trades.PYPLm - DEBUG - [SKIP] Cannot open trade: Circuit breaker: Consecutive losses >= 10 (11 losses) (resumes in 1734s)
2025-12-23 15:05:41 - trades.PYPLm - DEBUG - [SKIP] Cannot open trade: Circuit breaker: Consecutive losses >= 10 (11 losses) (resumes in 1059s)
2025-12-23 15:11:10 - trades.PYPLm - DEBUG - [SKIP] Cannot open trade: Circuit breaker: Consecutive losses >= 10 (11 losses) (resumes in 730s)
2025-12-23 15:35:21 - trades.PYPLm - DEBUG - [SKIP] Cannot open trade: Circuit breaker: Rolling PnL of last 50 trades <= -$10 (current: $-17.00) (resumes in 3424s)
2025-12-23 15:41:44 - trades.PYPLm - DEBUG - [SKIP] Cannot open trade: Circuit breaker: Rolling PnL of last 50 trades <= -$10 (current: $-17.00) (resumes in 3041s)
2025-12-23 15:47:54 - trades.PYPLm - DEBUG - [SKIP] Cannot open trade: Circuit breaker: Rolling PnL of last 50 trades <= -$10 (current: $-17.00) (resumes in 2671s)
2025-12-23 15:53:58 - trades.PYPLm - DEBUG - [SKIP] Cannot open trade: Circuit breaker: Rolling PnL of last 50 trades <= -$10 (current: $-17.00) (resumes in 2306s)
2025-12-23 15:59:55 - trades.PYPLm - DEBUG - [SKIP] Cannot open trade: Circuit breaker: Rolling PnL of last 50 trades <= -$10 (current: $-17.00) (resumes in 1949s)
2025-12-23 16:12:02 - trades.PYPLm - DEBUG - [SKIP] Cannot open trade: Circuit breaker: Rolling PnL of last 50 trades <= -$10 (current: $-17.00) (resumes in 1223s)
2025-12-23 16:17:20 - trades.PYPLm - DEBUG - [SKIP] Cannot open trade: Circuit breaker: Rolling PnL of last 50 trades <= -$10 (current: $-17.00) (resumes in 905s)
2025-12-23 16:22:21 - trades.PYPLm - DEBUG - [SKIP] Cannot open trade: Circuit breaker: Rolling PnL of last 50 trades <= -$10 (current: $-17.00) (resumes in 604s)
2025-12-23 16:27:20 - trades.PYPLm - DEBUG - [SKIP] Cannot open trade: Circuit breaker: Rolling PnL of last 50 trades <= -$10 (current: $-17.00) (resumes in 305s)
2025-12-23 16:32:18 - trades.PYPLm - DEBUG - [SKIP] Cannot open trade: Circuit breaker: Rolling PnL of last 50 trades <= -$10 (current: $-17.00) (resumes in 6s)
2025-12-23 16:37:45 - trades.PYPLm - DEBUG - [SKIP] Cannot open trade: Circuit breaker: Rolling PnL of last 50 trades <= -$10 (current: $-11.59) (resumes in 3282s)
2025-12-23 16:42:57 - trades.PYPLm - DEBUG - [SKIP] Cannot open trade: Circuit breaker: Rolling PnL of last 50 trades <= -$10 (current: $-11.59) (resumes in 2969s)
2025-12-23 16:52:50 - trades.PYPLm - DEBUG - [SKIP] Cannot open trade: Circuit breaker: Rolling PnL of last 50 trades <= -$10 (current: $-11.59) (resumes in 2376s)
2025-12-23 16:58:00 - trades.PYPLm - DEBUG - [SKIP] Cannot open trade: Circuit breaker: Rolling PnL of last 50 trades <= -$10 (current: $-11.59) (resumes in 2066s)
2025-12-23 17:03:08 - trades.PYPLm - DEBUG - [SKIP] Cannot open trade: Circuit breaker: Rolling PnL of last 50 trades <= -$10 (current: $-11.59) (resumes in 1758s)
2025-12-23 17:07:51 - trades.PYPLm - DEBUG - [SKIP] Cannot open trade: Circuit breaker: Rolling PnL of last 50 trades <= -$10 (current: $-11.59) (resumes in 1475s)
2025-12-23 17:13:05 - trades.PYPLm - DEBUG - [SKIP] Cannot open trade: Circuit breaker: Rolling PnL of last 50 trades <= -$10 (current: $-11.59) (resumes in 1162s)
2025-12-23 17:23:01 - trades.PYPLm - DEBUG - [SKIP] Cannot open trade: Circuit breaker: Rolling PnL of last 50 trades <= -$10 (current: $-11.59) (resumes in 566s)
2025-12-23 17:27:46 - trades.PYPLm - DEBUG - [SKIP] Cannot open trade: Circuit breaker: Rolling PnL of last 50 trades <= -$10 (current: $-11.59) (resumes in 281s)
2025-12-23 17:32:31 - trades.PYPLm - DEBUG - [SKIP] Cannot open trade: Circuit breaker: Rolling PnL of last 50 trades <= -$10 (current: $-11.59) (resumes in 3598s)
2025-12-23 17:41:22 - trades.PYPLm - DEBUG - [SKIP] Cannot open trade: Circuit breaker: Rolling PnL of last 50 trades <= -$10 (current: $-11.59) (resumes in 3066s)
2025-12-23 17:45:59 - trades.PYPLm - DEBUG - [SKIP] Cannot open trade: Circuit breaker: Rolling PnL of last 50 trades <= -$10 (current: $-11.59) (resumes in 2790s)
2025-12-23 17:50:26 - trades.PYPLm - DEBUG - [SKIP] Cannot open trade: Circuit breaker: Rolling PnL of last 50 trades <= -$10 (current: $-11.59) (resumes in 2523s)
2025-12-23 17:55:04 - trades.PYPLm - DEBUG - [SKIP] Cannot open trade: Circuit breaker: Rolling PnL of last 50 trades <= -$10 (current: $-11.59) (resumes in 2244s)
2025-12-23 18:08:45 - trades.PYPLm - DEBUG - [SKIP] Cannot open trade: Circuit breaker: Rolling PnL of last 50 trades <= -$10 (current: $-11.59) (resumes in 1424s)
2025-12-23 18:13:19 - trades.PYPLm - DEBUG - [SKIP] Cannot open trade: Circuit breaker: Rolling PnL of last 50 trades <= -$10 (current: $-11.59) (resumes in 1149s)
2025-12-23 18:17:25 - trades.PYPLm - DEBUG - [SKIP] Cannot open trade: Circuit breaker: Rolling PnL of last 50 trades <= -$10 (current: $-11.59) (resumes in 903s)
2025-12-23 18:21:35 - trades.PYPLm - DEBUG - [SKIP] Cannot open trade: Circuit breaker: Rolling PnL of last 50 trades <= -$10 (current: $-11.59) (resumes in 654s)
2025-12-23 18:26:05 - trades.PYPLm - DEBUG - [SKIP] Cannot open trade: Circuit breaker: Rolling PnL of last 50 trades <= -$10 (current: $-11.59) (resumes in 384s)
2025-12-23 18:30:34 - trades.PYPLm - DEBUG - [SKIP] Cannot open trade: Circuit breaker: Rolling PnL of last 50 trades <= -$10 (current: $-11.59) (resumes in 114s)
2025-12-23 18:35:08 - trades.PYPLm - DEBUG - [SKIP] Cannot open trade: Circuit breaker: Rolling PnL of last 50 trades <= -$10 (current: $-11.59) (resumes in 3443s)
2025-12-23 18:39:35 - trades.PYPLm - DEBUG - [SKIP] Cannot open trade: Circuit breaker: Rolling PnL of last 50 trades <= -$10 (current: $-11.59) (resumes in 3175s)
2025-12-23 18:43:54 - trades.PYPLm - DEBUG - [SKIP] Cannot open trade: Circuit breaker: Rolling PnL of last 50 trades <= -$10 (current: $-11.59) (resumes in 2916s)
2025-12-23 18:48:20 - trades.PYPLm - DEBUG - [SKIP] Cannot open trade: Circuit breaker: Rolling PnL of last 50 trades <= -$10 (current: $-11.59) (resumes in 2650s)
2025-12-23 19:05:45 - trades.PYPLm - DEBUG - [SKIP] Cannot open trade: Circuit breaker: Rolling PnL of last 50 trades <= -$10 (current: $-11.59) (resumes in 1605s)
2025-12-23 19:22:08 - trades.PYPLm - DEBUG - [SKIP] Cannot open trade: Circuit breaker: Rolling PnL of last 50 trades <= -$10 (current: $-11.59) (resumes in 622s)
2025-12-23 19:26:27 - trades.PYPLm - DEBUG - [SKIP] Cannot open trade: Circuit breaker: Rolling PnL of last 50 trades <= -$10 (current: $-11.59) (resumes in 363s)
2025-12-23 19:30:47 - trades.PYPLm - DEBUG - [SKIP] Cannot open trade: Circuit breaker: Rolling PnL of last 50 trades <= -$10 (current: $-11.59) (resumes in 104s)
2025-12-23 19:35:05 - trades.PYPLm - DEBUG - [SKIP] Cannot open trade: Circuit breaker: Rolling PnL of last 50 trades <= -$10 (current: $-11.59) (resumes in 3552s)
2025-12-23 19:43:49 - trades.PYPLm - DEBUG - [SKIP] Cannot open trade: Circuit breaker: Rolling PnL of last 50 trades <= -$10 (current: $-11.59) (resumes in 3028s)
2025-12-23 19:51:54 - trades.PYPLm - DEBUG - [SKIP] Cannot open trade: Circuit breaker: Rolling PnL of last 50 trades <= -$10 (current: $-11.59) (resumes in 2543s)
2025-12-23 19:56:08 - trades.PYPLm - DEBUG - [SKIP] Cannot open trade: Circuit breaker: Rolling PnL of last 50 trades <= -$10 (current: $-11.59) (resumes in 2289s)
2025-12-23 20:00:24 - trades.PYPLm - DEBUG - [SKIP] Cannot open trade: Circuit breaker: Rolling PnL of last 50 trades <= -$10 (current: $-11.59) (resumes in 2033s)
2025-12-23 20:13:06 - trades.PYPLm - DEBUG - [SKIP] Cannot open trade: Circuit breaker: Rolling PnL of last 50 trades <= -$10 (current: $-11.59) (resumes in 1270s)
2025-12-23 20:17:37 - trades.PYPLm - DEBUG - [SKIP] Cannot open trade: Circuit breaker: Rolling PnL of last 50 trades <= -$10 (current: $-11.59) (resumes in 1000s)
2025-12-23 20:21:49 - trades.PYPLm - DEBUG - [SKIP] Cannot open trade: Circuit breaker: Rolling PnL of last 50 trades <= -$10 (current: $-11.59) (resumes in 748s)
2025-12-23 20:25:57 - trades.PYPLm - DEBUG - [SKIP] Cannot open trade: Circuit breaker: Rolling PnL of last 50 trades <= -$10 (current: $-11.59) (resumes in 500s)
2025-12-23 20:29:52 - trades.PYPLm - DEBUG - [SKIP] Cannot open trade: Circuit breaker: Rolling PnL of last 50 trades <= -$10 (current: $-11.59) (resumes in 265s)
2025-12-24 13:52:12 - trades.PYPLm - DEBUG - [SKIP] Cannot open trade: Circuit breaker: Rolling PnL of last 50 trades <= -$10 (current: $-11.59) (resumes in 3144s)
2025-12-24 14:30:25 - trades.PYPLm - DEBUG - [SKIP] Cannot open trade: Circuit breaker: Rolling PnL of last 50 trades <= -$10 (current: $-11.59) (resumes in 851s)
2025-12-24 14:34:26 - trades.PYPLm - DEBUG - [SKIP] Cannot open trade: Circuit breaker: Rolling PnL of last 50 trades <= -$10 (current: $-11.59) (resumes in 610s)
2025-12-24 14:38:30 - trades.PYPLm - DEBUG - [SKIP] Cannot open trade: Circuit breaker: Rolling PnL of last 50 trades <= -$10 (current: $-11.59) (resumes in 366s)
2025-12-24 14:43:39 - trades.PYPLm - DEBUG - [SKIP] Cannot open trade: Circuit breaker: Rolling PnL of last 50 trades <= -$10 (current: $-11.59) (resumes in 57s)
2025-12-24 14:59:13 - trades.PYPLm - DEBUG - [SKIP] Cannot open trade: Circuit breaker: Rolling PnL of last 50 trades <= -$10 (current: $-11.59) (resumes in 2731s)
2025-12-24 15:09:23 - trades.PYPLm - DEBUG - [SKIP] Cannot open trade: Circuit breaker: Rolling PnL of last 50 trades <= -$10 (current: $-11.59) (resumes in 2122s)
2025-12-24 15:18:47 - trades.PYPLm - DEBUG - [SKIP] Cannot open trade: Circuit breaker: Rolling PnL of last 50 trades <= -$10 (current: $-11.59) (resumes in 1557s)
2025-12-24 15:24:27 - trades.PYPLm - DEBUG - [SKIP] Cannot open trade: Circuit breaker: Rolling PnL of last 50 trades <= -$10 (current: $-11.59) (resumes in 1217s)
