{"timestamp": "2025-12-17 19:07:27", "symbol": "TSLAm", "trade_type": "LONG", "entry_price": 467.98, "exit_price": 467.79, "profit_usd": -0.21, "status": "CLOSED", "order_id": "526532871", "additional_info": {"entry_price_requested": 467.98, "lot_size": 0.01, "stop_loss_pips": 200.0, "stop_loss_price": 465.98, "slippage": 0.0, "quality_score": 78, "spread_points": 11.000000000001364, "spread_fees_cost": 0.11000000000001364, "risk_usd": 2.0, "min_lot": 0.01, "min_lot_source": "broker", "sma_fast": 476.537, "sma_slow": 475.9018, "rsi": 38.20662768031195, "duration_minutes": 0.1, "close_reason": "Micro-HFT sweet spot profit", "commission": 0.0, "swap": 0.0}}
{"timestamp": "2025-12-17 19:53:23", "symbol": "TSLAm", "trade_type": "SHORT", "entry_price": 467.84, "exit_price": 469.85, "profit_usd": -2.01, "status": "CLOSED", "order_id": "526606589", "additional_info": {"entry_price_requested": 467.84, "lot_size": 0.01, "stop_loss_pips": 200.0, "stop_loss_price": 469.84, "slippage": 0.0, "quality_score": 85, "spread_points": 11.000000000001364, "spread_fees_cost": 0.11000000000001364, "risk_usd": 2.0, "min_lot": 0.01, "min_lot_source": "broker", "sma_fast": 474.6065, "sma_slow": 475.25620000000004, "rsi": 32.86516853932601, "duration_minutes": 32.266666666666666, "close_reason": "Stop Loss", "commission": 0.0, "swap": 0.0}}
{"timestamp": "2025-12-17 20:19:40", "symbol": "TSLAm", "trade_type": "LONG", "entry_price": 470.92, "exit_price": 470.89, "profit_usd": -0.02, "status": "CLOSED", "order_id": "526962893", "additional_info": {"entry_price_requested": 470.93, "lot_size": 0.01, "stop_loss_pips": 200.0, "stop_loss_price": 468.93, "slippage": 0.009999999999990905, "quality_score": 85, "spread_points": 11.000000000001364, "spread_fees_cost": 0.11000000000001364, "risk_usd": 2.0, "min_lot": 0.01, "min_lot_source": "broker", "sma_fast": 468.922, "sma_slow": 468.26660000000004, "rsi": 22.168284789644062, "duration_minutes": 0.2, "close_reason": "Micro-HFT sweet spot profit", "commission": 0.0, "swap": 0.0}}
2025-12-17 20:19:56 - trades.TSLAm - DEBUG - [SKIP] Cannot open trade: Entry filter: Cooldown active: 3 candles remaining (last loss 0 candles ago)
2025-12-17 20:21:42 - trades.TSLAm - DEBUG - [SKIP] Cannot open trade: Entry filter: Cooldown active: 1 candles remaining (last loss 2 candles ago)
2025-12-17 20:22:17 - trades.TSLAm - DEBUG - [SKIP] Cannot open trade: Entry filter: Candle quality: current range 59.8% of avg < min 65.0%
2025-12-17 20:44:19 - trades.TSLAm - INFO - ================================================================================
2025-12-17 20:44:19 - trades.TSLAm - INFO - [OK] TRADE EXECUTED SUCCESSFULLY
2025-12-17 20:44:19 - trades.TSLAm - INFO -    Symbol: TSLAm
2025-12-17 20:44:19 - trades.TSLAm - INFO -    Direction: LONG
2025-12-17 20:44:19 - trades.TSLAm - INFO -    Ticket: 527060828
2025-12-17 20:44:19 - trades.TSLAm - INFO -    Entry Price (Requested): 469.12000
2025-12-17 20:44:19 - trades.TSLAm - INFO -    Entry Price (Actual Fill): 469.12000
2025-12-17 20:44:19 - trades.TSLAm - INFO -    Lot Size: 0.0100
2025-12-17 20:44:19 - trades.TSLAm - INFO -    Stop Loss: 200.0 pips (467.12000)
2025-12-17 20:44:19 - trades.TSLAm - INFO -    Risk: $2.00 USD
2025-12-17 20:44:19 - trades.TSLAm - INFO -    Spread: 11.0 points
2025-12-17 20:44:19 - trades.TSLAm - INFO -    Spread+Fees Cost: $0.11 USD
2025-12-17 20:44:19 - trades.TSLAm - INFO -    Quality Score: 70.0
2025-12-17 20:44:19 - trades.TSLAm - INFO -    Min Lot: 0.01
2025-12-17 20:44:19 - trades.TSLAm - INFO -    Min Lot Source: broker
2025-12-17 20:44:19 - trades.TSLAm - INFO -    Sma Fast: 468.255
2025-12-17 20:44:19 - trades.TSLAm - INFO -    Sma Slow: 468.0496
2025-12-17 20:44:19 - trades.TSLAm - INFO -    Rsi: 60.6177606177614
2025-12-17 20:44:20 - trades.TSLAm - INFO - ================================================================================
{"timestamp": "2025-12-17 20:44:20", "symbol": "TSLAm", "trade_type": "LONG", "entry_price": 469.12, "exit_price": null, "profit_usd": null, "status": "OPEN", "order_id": "527060828", "additional_info": {"entry_price_requested": 469.12, "lot_size": 0.01, "stop_loss_pips": 200.0, "stop_loss_price": 467.12, "slippage": 0.0, "quality_score": 70, "spread_points": 11.000000000001364, "spread_fees_cost": 0.11000000000001364, "risk_usd": 2.0, "min_lot": 0.01, "min_lot_source": "broker", "sma_fast": 468.255, "sma_slow": 468.0496, "rsi": 60.6177606177614}}
