2025-12-23 11:58:23 - trades.TSMm - DEBUG - [SKIP] Cannot open trade: Entry filter: Volatility floor: avg range 0.30 pips < min 0.80 pips
2025-12-23 13:21:07 - trades.TSMm - DEBUG - [SKIP] Cannot open trade: Entry filter: Volatility floor: avg range 0.58 pips < min 0.80 pips
2025-12-23 13:38:36 - trades.TSMm - DEBUG - [SKIP] Cannot open trade: Entry filter: Spread sanity: spread 1139.9% of avg range > max 30.0%
2025-12-23 13:42:02 - trades.TSMm - DEBUG - [SKIP] Cannot open trade: Entry filter: Spread sanity: spread 942.2% of avg range > max 30.0%
2025-12-23 13:45:29 - trades.TSMm - DEBUG - [SKIP] Cannot open trade: Entry filter: Spread sanity: spread 778.2% of avg range > max 30.0%
2025-12-23 14:10:07 - trades.TSMm - DEBUG - [SKIP] Cannot open trade: Entry filter: Spread sanity: spread 859.4% of avg range > max 30.0%
2025-12-23 14:19:23 - trades.TSMm - DEBUG - [SKIP] Cannot open trade: Entry filter: Spread sanity: spread 1184.8% of avg range > max 30.0%
2025-12-23 14:31:38 - trades.TSMm - DEBUG - [SKIP] Cannot open trade: Entry filter: Spread sanity: spread 649.9% of avg range > max 30.0%
2025-12-23 14:36:11 - trades.TSMm - DEBUG - [SKIP] Cannot open trade: Entry filter: Spread sanity: spread 328.9% of avg range > max 30.0%
2025-12-23 14:41:04 - trades.TSMm - DEBUG - [SKIP] Cannot open trade: Entry filter: Spread sanity: spread 74.0% of avg range > max 30.0%
2025-12-23 14:47:32 - trades.TSMm - DEBUG - [SKIP] Cannot open trade: Entry filter: Spread sanity: spread 45.0% of avg range > max 30.0%
2025-12-23 14:54:58 - trades.TSMm - DEBUG - [SKIP] Cannot open trade: Circuit breaker: Consecutive losses >= 10 (11 losses) (resumes in 1702s)
2025-12-23 15:00:44 - trades.TSMm - DEBUG - [SKIP] Cannot open trade: Circuit breaker: Consecutive losses >= 10 (11 losses) (resumes in 1357s)
2025-12-23 15:06:10 - trades.TSMm - DEBUG - [SKIP] Cannot open trade: Circuit breaker: Consecutive losses >= 10 (11 losses) (resumes in 1030s)
2025-12-23 15:11:36 - trades.TSMm - DEBUG - [SKIP] Cannot open trade: Circuit breaker: Consecutive losses >= 10 (11 losses) (resumes in 705s)
2025-12-23 15:17:16 - trades.TSMm - DEBUG - [SKIP] Cannot open trade: Circuit breaker: Consecutive losses >= 10 (11 losses) (resumes in 364s)
2025-12-23 15:22:56 - trades.TSMm - DEBUG - [SKIP] Cannot open trade: Circuit breaker: Consecutive losses >= 10 (11 losses) (resumes in 25s)
2025-12-23 15:35:57 - trades.TSMm - DEBUG - [SKIP] Cannot open trade: Circuit breaker: Rolling PnL of last 50 trades <= -$10 (current: $-17.00) (resumes in 3388s)
2025-12-23 15:42:18 - trades.TSMm - DEBUG - [SKIP] Cannot open trade: Circuit breaker: Rolling PnL of last 50 trades <= -$10 (current: $-17.00) (resumes in 3008s)
2025-12-23 15:48:21 - trades.TSMm - DEBUG - [SKIP] Cannot open trade: Circuit breaker: Rolling PnL of last 50 trades <= -$10 (current: $-17.00) (resumes in 2644s)
2025-12-23 15:54:27 - trades.TSMm - DEBUG - [SKIP] Cannot open trade: Circuit breaker: Rolling PnL of last 50 trades <= -$10 (current: $-17.00) (resumes in 2278s)
2025-12-23 16:00:15 - trades.TSMm - DEBUG - [SKIP] Cannot open trade: Circuit breaker: Rolling PnL of last 50 trades <= -$10 (current: $-17.00) (resumes in 1930s)
2025-12-23 16:06:35 - trades.TSMm - DEBUG - [SKIP] Cannot open trade: Circuit breaker: Rolling PnL of last 50 trades <= -$10 (current: $-17.00) (resumes in 1550s)
2025-12-23 16:12:12 - trades.TSMm - DEBUG - [SKIP] Cannot open trade: Circuit breaker: Rolling PnL of last 50 trades <= -$10 (current: $-17.00) (resumes in 1212s)
2025-12-23 16:17:33 - trades.TSMm - DEBUG - [SKIP] Cannot open trade: Circuit breaker: Rolling PnL of last 50 trades <= -$10 (current: $-17.00) (resumes in 892s)
2025-12-23 16:22:32 - trades.TSMm - DEBUG - [SKIP] Cannot open trade: Circuit breaker: Rolling PnL of last 50 trades <= -$10 (current: $-17.00) (resumes in 593s)
2025-12-23 16:27:26 - trades.TSMm - DEBUG - [SKIP] Cannot open trade: Circuit breaker: Rolling PnL of last 50 trades <= -$10 (current: $-17.00) (resumes in 298s)
2025-12-23 16:32:27 - trades.TSMm - DEBUG - [SKIP] Cannot open trade: Circuit breaker: Rolling PnL of last 50 trades <= -$10 (current: $-11.59)
2025-12-23 16:37:51 - trades.TSMm - DEBUG - [SKIP] Cannot open trade: Circuit breaker: Rolling PnL of last 50 trades <= -$10 (current: $-11.59) (resumes in 3276s)
2025-12-23 16:47:56 - trades.TSMm - DEBUG - [SKIP] Cannot open trade: Circuit breaker: Rolling PnL of last 50 trades <= -$10 (current: $-11.59) (resumes in 2671s)
2025-12-23 16:58:07 - trades.TSMm - DEBUG - [SKIP] Cannot open trade: Circuit breaker: Rolling PnL of last 50 trades <= -$10 (current: $-11.59) (resumes in 2059s)
2025-12-23 17:03:14 - trades.TSMm - DEBUG - [SKIP] Cannot open trade: Circuit breaker: Rolling PnL of last 50 trades <= -$10 (current: $-11.59) (resumes in 1752s)
2025-12-23 17:07:57 - trades.TSMm - DEBUG - [SKIP] Cannot open trade: Circuit breaker: Rolling PnL of last 50 trades <= -$10 (current: $-11.59) (resumes in 1470s)
2025-12-23 17:13:11 - trades.TSMm - DEBUG - [SKIP] Cannot open trade: Circuit breaker: Rolling PnL of last 50 trades <= -$10 (current: $-11.59) (resumes in 1155s)
2025-12-23 17:18:10 - trades.TSMm - DEBUG - [SKIP] Cannot open trade: Circuit breaker: Rolling PnL of last 50 trades <= -$10 (current: $-11.59) (resumes in 857s)
2025-12-23 17:23:07 - trades.TSMm - DEBUG - [SKIP] Cannot open trade: Circuit breaker: Rolling PnL of last 50 trades <= -$10 (current: $-11.59) (resumes in 559s)
2025-12-23 17:32:36 - trades.TSMm - DEBUG - [SKIP] Cannot open trade: Circuit breaker: Rolling PnL of last 50 trades <= -$10 (current: $-11.59) (resumes in 3592s)
2025-12-23 17:37:08 - trades.TSMm - DEBUG - [SKIP] Cannot open trade: Circuit breaker: Rolling PnL of last 50 trades <= -$10 (current: $-11.59) (resumes in 3320s)
2025-12-23 17:41:29 - trades.TSMm - DEBUG - [SKIP] Cannot open trade: Circuit breaker: Rolling PnL of last 50 trades <= -$10 (current: $-11.59) (resumes in 3059s)
2025-12-23 17:46:04 - trades.TSMm - DEBUG - [SKIP] Cannot open trade: Circuit breaker: Rolling PnL of last 50 trades <= -$10 (current: $-11.59) (resumes in 2784s)
2025-12-23 17:50:29 - trades.TSMm - DEBUG - [SKIP] Cannot open trade: Circuit breaker: Rolling PnL of last 50 trades <= -$10 (current: $-11.59) (resumes in 2520s)
2025-12-23 17:55:08 - trades.TSMm - DEBUG - [SKIP] Cannot open trade: Circuit breaker: Rolling PnL of last 50 trades <= -$10 (current: $-11.59) (resumes in 2241s)
2025-12-23 17:59:48 - trades.TSMm - DEBUG - [SKIP] Cannot open trade: Circuit breaker: Rolling PnL of last 50 trades <= -$10 (current: $-11.59) (resumes in 1960s)
2025-12-23 18:04:20 - trades.TSMm - DEBUG - [SKIP] Cannot open trade: Circuit breaker: Rolling PnL of last 50 trades <= -$10 (current: $-11.59) (resumes in 1688s)
2025-12-23 18:08:51 - trades.TSMm - DEBUG - [SKIP] Cannot open trade: Circuit breaker: Rolling PnL of last 50 trades <= -$10 (current: $-11.59) (resumes in 1417s)
2025-12-23 18:13:25 - trades.TSMm - DEBUG - [SKIP] Cannot open trade: Circuit breaker: Rolling PnL of last 50 trades <= -$10 (current: $-11.59) (resumes in 1143s)
2025-12-23 18:17:37 - trades.TSMm - DEBUG - [SKIP] Cannot open trade: Circuit breaker: Rolling PnL of last 50 trades <= -$10 (current: $-11.59) (resumes in 891s)
2025-12-23 18:21:50 - trades.TSMm - DEBUG - [SKIP] Cannot open trade: Circuit breaker: Rolling PnL of last 50 trades <= -$10 (current: $-11.59) (resumes in 639s)
2025-12-23 18:30:43 - trades.TSMm - DEBUG - [SKIP] Cannot open trade: Circuit breaker: Rolling PnL of last 50 trades <= -$10 (current: $-11.59) (resumes in 106s)
2025-12-23 18:35:12 - trades.TSMm - DEBUG - [SKIP] Cannot open trade: Circuit breaker: Rolling PnL of last 50 trades <= -$10 (current: $-11.59) (resumes in 3438s)
2025-12-23 18:39:43 - trades.TSMm - DEBUG - [SKIP] Cannot open trade: Circuit breaker: Rolling PnL of last 50 trades <= -$10 (current: $-11.59) (resumes in 3167s)
2025-12-23 18:44:02 - trades.TSMm - DEBUG - [SKIP] Cannot open trade: Circuit breaker: Rolling PnL of last 50 trades <= -$10 (current: $-11.59) (resumes in 2908s)
2025-12-23 18:48:28 - trades.TSMm - DEBUG - [SKIP] Cannot open trade: Circuit breaker: Rolling PnL of last 50 trades <= -$10 (current: $-11.59) (resumes in 2642s)
2025-12-23 19:01:31 - trades.TSMm - DEBUG - [SKIP] Cannot open trade: Circuit breaker: Rolling PnL of last 50 trades <= -$10 (current: $-11.59) (resumes in 1860s)
2025-12-23 19:05:53 - trades.TSMm - DEBUG - [SKIP] Cannot open trade: Circuit breaker: Rolling PnL of last 50 trades <= -$10 (current: $-11.59) (resumes in 1598s)
2025-12-23 19:10:04 - trades.TSMm - DEBUG - [SKIP] Cannot open trade: Circuit breaker: Rolling PnL of last 50 trades <= -$10 (current: $-11.59) (resumes in 1346s)
2025-12-23 19:14:10 - trades.TSMm - DEBUG - [SKIP] Cannot open trade: Circuit breaker: Rolling PnL of last 50 trades <= -$10 (current: $-11.59) (resumes in 1100s)
2025-12-23 19:18:19 - trades.TSMm - DEBUG - [SKIP] Cannot open trade: Circuit breaker: Rolling PnL of last 50 trades <= -$10 (current: $-11.59) (resumes in 852s)
2025-12-23 19:22:16 - trades.TSMm - DEBUG - [SKIP] Cannot open trade: Circuit breaker: Rolling PnL of last 50 trades <= -$10 (current: $-11.59) (resumes in 615s)
2025-12-23 19:26:31 - trades.TSMm - DEBUG - [SKIP] Cannot open trade: Circuit breaker: Rolling PnL of last 50 trades <= -$10 (current: $-11.59) (resumes in 360s)
2025-12-23 19:30:49 - trades.TSMm - DEBUG - [SKIP] Cannot open trade: Circuit breaker: Rolling PnL of last 50 trades <= -$10 (current: $-11.59) (resumes in 101s)
2025-12-23 19:43:56 - trades.TSMm - DEBUG - [SKIP] Cannot open trade: Circuit breaker: Rolling PnL of last 50 trades <= -$10 (current: $-11.59) (resumes in 3021s)
2025-12-23 20:04:38 - trades.TSMm - DEBUG - [SKIP] Cannot open trade: Circuit breaker: Rolling PnL of last 50 trades <= -$10 (current: $-11.59) (resumes in 1779s)
2025-12-23 20:08:56 - trades.TSMm - DEBUG - [SKIP] Cannot open trade: Circuit breaker: Rolling PnL of last 50 trades <= -$10 (current: $-11.59) (resumes in 1521s)
2025-12-23 20:13:12 - trades.TSMm - DEBUG - [SKIP] Cannot open trade: Circuit breaker: Rolling PnL of last 50 trades <= -$10 (current: $-11.59) (resumes in 1265s)
2025-12-23 20:17:41 - trades.TSMm - DEBUG - [SKIP] Cannot open trade: Circuit breaker: Rolling PnL of last 50 trades <= -$10 (current: $-11.59) (resumes in 996s)
2025-12-23 20:21:57 - trades.TSMm - DEBUG - [SKIP] Cannot open trade: Circuit breaker: Rolling PnL of last 50 trades <= -$10 (current: $-11.59) (resumes in 740s)
2025-12-23 20:26:01 - trades.TSMm - DEBUG - [SKIP] Cannot open trade: Circuit breaker: Rolling PnL of last 50 trades <= -$10 (current: $-11.59) (resumes in 496s)
2025-12-23 20:29:56 - trades.TSMm - DEBUG - [SKIP] Cannot open trade: Circuit breaker: Rolling PnL of last 50 trades <= -$10 (current: $-11.59) (resumes in 261s)
2025-12-23 20:34:44 - trades.TSMm - DEBUG - [SKIP] Cannot open trade: Circuit breaker: Rolling PnL of last 50 trades <= -$10 (current: $-11.59) (resumes in 3576s)
2025-12-23 20:39:29 - trades.TSMm - DEBUG - [SKIP] Cannot open trade: Circuit breaker: Rolling PnL of last 50 trades <= -$10 (current: $-11.59) (resumes in 3291s)
2025-12-24 12:00:24 - trades.TSMm - DEBUG - [SKIP] Cannot open trade: Circuit breaker: Rolling PnL of last 50 trades <= -$10 (current: $-11.59) (resumes in 2577s)
2025-12-24 12:12:50 - trades.TSMm - DEBUG - [SKIP] Cannot open trade: Circuit breaker: Rolling PnL of last 50 trades <= -$10 (current: $-11.59) (resumes in 1831s)
2025-12-24 12:15:59 - trades.TSMm - DEBUG - [SKIP] Cannot open trade: Circuit breaker: Rolling PnL of last 50 trades <= -$10 (current: $-11.59) (resumes in 1642s)
2025-12-24 14:26:46 - trades.TSMm - DEBUG - [SKIP] Cannot open trade: Circuit breaker: Rolling PnL of last 50 trades <= -$10 (current: $-11.59) (resumes in 1070s)
2025-12-24 14:34:38 - trades.TSMm - DEBUG - [SKIP] Cannot open trade: Circuit breaker: Rolling PnL of last 50 trades <= -$10 (current: $-11.59) (resumes in 598s)
2025-12-24 14:59:44 - trades.TSMm - DEBUG - [SKIP] Cannot open trade: Circuit breaker: Rolling PnL of last 50 trades <= -$10 (current: $-11.59) (resumes in 2701s)
2025-12-24 15:18:58 - trades.TSMm - DEBUG - [SKIP] Cannot open trade: Circuit breaker: Rolling PnL of last 50 trades <= -$10 (current: $-11.59) (resumes in 1547s)
