{"timestamp": "2026-01-05 09:42:31", "symbol": "UK100m", "trade_type": "LONG", "entry_price": 10004.64, "exit_price": 10006.76, "profit_usd": 0.03, "status": "CLOSED", "order_id": "631781149", "additional_info": {"entry_price_requested": 10004.64, "lot_size": 0.01, "stop_loss_pips": 22332.22912867077, "stop_loss_price": 9781.317708713292, "slippage": 0.0, "quality_score": 70, "spread_points": 1.4195429071839596, "spread_fees_cost": 0.014200000000000728, "risk_usd": 2.233222912867077, "min_lot": 0.01, "min_lot_source": "broker", "sma_fast": 10028.5095, "sma_slow": 10017.1584, "rsi": 50.87490206320199, "duration_minutes": 13.783333333333333, "close_reason": "Small profit target or slippage", "commission": 0.0, "swap": 0.0}}
{"timestamp": "2026-01-05 09:50:38", "symbol": "UK100m", "trade_type": "LONG", "entry_price": 10009.78, "exit_price": 10011.62, "profit_usd": 0.03, "status": "CLOSED", "order_id": "631945652", "additional_info": {"entry_price_requested": 10009.78, "lot_size": 0.01, "stop_loss_pips": 22331.896647982285, "stop_loss_price": 9786.461033520178, "slippage": 0.0, "quality_score": 70, "spread_points": 1.4188138716034122, "spread_fees_cost": 0.014200000000000728, "risk_usd": 2.2331896647982283, "min_lot": 0.01, "min_lot_source": "broker", "sma_fast": 10010.714, "sma_slow": 10005.7896, "rsi": 70.40644315414875, "duration_minutes": 1.6, "close_reason": "Micro-HFT sweet spot profit", "commission": 0.0, "swap": 0.0}}
{"timestamp": "2026-01-05 14:31:08", "symbol": "UK100m", "trade_type": "LONG", "entry_price": 10012.61, "exit_price": 10015.61, "profit_usd": 0.04, "status": "CLOSED", "order_id": "631987386", "additional_info": {"entry_price_requested": 10012.61, "lot_size": 0.01, "stop_loss_pips": 22327.74147452401, "stop_loss_price": 9789.33258525476, "slippage": 0.0, "quality_score": 85, "spread_points": 1.4184127960812576, "spread_fees_cost": 0.014200000000000728, "risk_usd": 2.232774147452401, "min_lot": 0.01, "min_lot_source": "broker", "sma_fast": 10012.138, "sma_slow": 10004.5744, "rsi": 37.07207207207193, "duration_minutes": 276.9166666666667, "close_reason": "Take Profit or Trailing Stop", "commission": 0.0, "swap": 0.0}}
2026-01-05 14:31:09 - trades.UK100m - INFO -    Entry Price: 10012.61000
2026-01-05 14:31:09 - trades.UK100m - INFO -    Close Time: 2026-01-05 14:31:08
2026-01-05 14:31:09 - trades.UK100m - INFO -    Close Price: 10015.61000
2026-01-05 14:31:09 - trades.UK100m - INFO -    Profit/Loss: $0.04 USD
2026-01-05 14:31:09 - trades.UK100m - INFO -    Duration: 276.9 minutes
2026-01-05 14:31:09 - trades.UK100m - INFO -    Close Reason: Take Profit or Trailing Stop
2026-01-05 14:31:09 - trades.UK100m - INFO - ================================================================================
2026-01-05 14:31:09 - trades.UK100m - INFO - ================================================================================
2026-01-05 14:31:09 - trades.UK100m - INFO - [-] POSITION CLOSED
2026-01-05 14:31:09 - trades.UK100m - INFO -    Symbol: UK100m
2026-01-05 14:31:09 - trades.UK100m - INFO -    Ticket: 631987386
2026-01-05 14:31:09 - trades.UK100m - INFO -    Entry Time: 2026-01-05 09:54:13
2026-01-05 14:31:09 - trades.UK100m - INFO -    Entry Price: 10012.61000
2026-01-05 14:31:09 - trades.UK100m - INFO -    Close Time: 2026-01-05 14:31:08
2026-01-05 14:31:09 - trades.UK100m - INFO -    Close Price: 10015.61000
2026-01-05 14:31:09 - trades.UK100m - INFO -    Profit/Loss: $0.04 USD
2026-01-05 14:31:09 - trades.UK100m - INFO -    Duration: 276.9 minutes
2026-01-05 14:31:09 - trades.UK100m - INFO -    Close Reason: Take Profit or Trailing Stop
2026-01-05 14:31:09 - trades.UK100m - INFO - ================================================================================
2026-01-05 14:37:52 - trades.UK100m - DEBUG - [SKIP] Cannot open trade: Entry filter: Candle quality: current range 22.3% of avg < min 55.0%
2026-01-05 14:47:48 - trades.UK100m - DEBUG - [SKIP] Cannot open trade: Entry filter: Candle quality: current range 41.1% of avg < min 55.0%
2026-01-05 14:59:08 - trades.UK100m - DEBUG - [SKIP] Cannot open trade: Entry filter: Session guard: last 1 minutes of hour blocked
2026-01-05 15:59:10 - trades.UK100m - DEBUG - [SKIP] Cannot open trade: Entry filter: Session guard: last 1 minutes of hour blocked
2026-01-05 16:51:27 - trades.UK100m - DEBUG - [SKIP] Cannot open trade: Entry filter: Spread sanity: spread 50.8% of avg range > max 50.0%
2026-01-05 16:56:58 - trades.UK100m - DEBUG - [SKIP] Cannot open trade: Entry filter: Spread sanity: spread 59.2% of avg range > max 50.0%
2026-01-05 17:02:15 - trades.UK100m - DEBUG - [SKIP] Cannot open trade: Entry filter: Spread sanity: spread 66.2% of avg range > max 50.0%
2026-01-05 17:07:23 - trades.UK100m - DEBUG - [SKIP] Cannot open trade: Entry filter: Spread sanity: spread 65.3% of avg range > max 50.0%
2026-01-05 17:32:34 - trades.UK100m - DEBUG - [SKIP] Cannot open trade: Entry filter: Spread sanity: spread 73.9% of avg range > max 50.0%
2026-01-05 17:37:57 - trades.UK100m - DEBUG - [SKIP] Cannot open trade: Entry filter: Spread sanity: spread 79.0% of avg range > max 50.0%
2026-01-05 17:43:49 - trades.UK100m - DEBUG - [SKIP] Cannot open trade: Entry filter: Spread sanity: spread 78.6% of avg range > max 50.0%
2026-01-05 17:50:25 - trades.UK100m - DEBUG - [SKIP] Cannot open trade: Entry filter: Spread sanity: spread 85.3% of avg range > max 50.0%
2026-01-05 17:57:17 - trades.UK100m - DEBUG - [SKIP] Cannot open trade: Entry filter: Spread sanity: spread 87.4% of avg range > max 50.0%
2026-01-05 18:02:24 - trades.UK100m - DEBUG - [SKIP] Cannot open trade: Entry filter: Spread sanity: spread 93.9% of avg range > max 50.0%
2026-01-05 18:07:17 - trades.UK100m - DEBUG - [SKIP] Cannot open trade: Entry filter: Spread sanity: spread 90.8% of avg range > max 50.0%
2026-01-05 18:12:20 - trades.UK100m - DEBUG - [SKIP] Cannot open trade: Entry filter: Spread sanity: spread 96.9% of avg range > max 50.0%
2026-01-05 18:17:20 - trades.UK100m - DEBUG - [SKIP] Cannot open trade: Entry filter: Spread sanity: spread 92.5% of avg range > max 50.0%
2026-01-05 18:22:22 - trades.UK100m - DEBUG - [SKIP] Cannot open trade: Entry filter: Spread sanity: spread 86.8% of avg range > max 50.0%
2026-01-05 18:27:09 - trades.UK100m - DEBUG - [SKIP] Cannot open trade: Entry filter: Spread sanity: spread 89.2% of avg range > max 50.0%
