2025-12-15 14:39:09 - trades.US30m - DEBUG - [SKIP] Cannot open trade: Entry filter: Candle quality: current range 15.5% of avg < min 65.0%
2025-12-15 14:41:27 - trades.US30m - DEBUG - [SKIP] Cannot open trade: Entry filter: Candle quality: current range 25.1% of avg < min 65.0%
2025-12-15 15:13:03 - trades.US30m - INFO - ================================================================================
2025-12-15 15:13:03 - trades.US30m - INFO - [OK] TRADE EXECUTED SUCCESSFULLY
2025-12-15 15:13:03 - trades.US30m - INFO -    Symbol: US30m
2025-12-15 15:13:03 - trades.US30m - INFO -    Direction: SHORT
2025-12-15 15:13:03 - trades.US30m - INFO -    Ticket: 507670686
2025-12-15 15:13:03 - trades.US30m - INFO -    Entry Price (Requested): 48512.30000
2025-12-15 15:13:03 - trades.US30m - INFO -    Entry Price (Actual Fill): 48512.30000
2025-12-15 15:13:03 - trades.US30m - INFO -    Lot Size: 0.0100
2025-12-15 15:13:03 - trades.US30m - INFO -    Stop Loss: 2000.0 pips (48712.30000)
2025-12-15 15:13:03 - trades.US30m - INFO -    Risk: $2.00 USD
2025-12-15 15:13:03 - trades.US30m - INFO -    Spread: 0.4 points
2025-12-15 15:13:03 - trades.US30m - INFO -    Spread+Fees Cost: $0.02 USD
2025-12-15 15:13:03 - trades.US30m - INFO -    Quality Score: 85.0
2025-12-15 15:13:03 - trades.US30m - INFO -    Min Lot: 0.01
2025-12-15 15:13:03 - trades.US30m - INFO -    Min Lot Source: broker
2025-12-15 15:13:03 - trades.US30m - INFO -    Sma Fast: 48572.95
2025-12-15 15:13:03 - trades.US30m - INFO -    Sma Slow: 48664.858
2025-12-15 15:13:03 - trades.US30m - INFO -    Rsi: 46.07300884955654
2025-12-15 15:13:03 - trades.US30m - INFO - ================================================================================
{"timestamp": "2025-12-15 15:13:03", "symbol": "US30m", "trade_type": "SHORT", "entry_price": 48512.3, "exit_price": null, "profit_usd": null, "status": "OPEN", "order_id": "507670686", "additional_info": {"entry_price_requested": 48512.3, "lot_size": 0.01, "stop_loss_pips": 2000.0, "stop_loss_price": 48712.3, "slippage": 0.0, "quality_score": 85, "spread_points": 0.43287990880633254, "spread_fees_cost": 0.020999999999985447, "risk_usd": 2.0, "min_lot": 0.01, "min_lot_source": "broker", "sma_fast": 48572.95, "sma_slow": 48664.858, "rsi": 46.07300884955654}}
