2025-12-23 12:00:05 - trades.USDJPYm - DEBUG - [SKIP] Cannot open trade: Entry filter: Session guard: first 1 minutes of hour blocked
2025-12-23 12:01:48 - trades.USDJPYm - DEBUG - [SKIP] Cannot open trade: Entry filter: Spread sanity: spread 50.9% of avg range > max 30.0%
2025-12-23 12:05:08 - trades.USDJPYm - DEBUG - [SKIP] Cannot open trade: Entry filter: Spread sanity: spread 45.8% of avg range > max 30.0%
2025-12-23 12:06:58 - trades.USDJPYm - DEBUG - [SKIP] Cannot open trade: Entry filter: Spread sanity: spread 47.2% of avg range > max 30.0%
2025-12-23 14:00:10 - trades.USDJPYm - DEBUG - [SKIP] Cannot open trade: Entry filter: Session guard: first 1 minutes of hour blocked
2025-12-23 14:17:57 - trades.USDJPYm - DEBUG - [SKIP] Cannot open trade: Entry filter: Spread sanity: spread 30.7% of avg range > max 30.0%
2025-12-23 14:44:23 - trades.USDJPYm - DEBUG - [SKIP] Cannot open trade: Entry filter: Candle quality: current range 53.1% of avg < min 55.0%
2025-12-23 14:53:26 - trades.USDJPYm - DEBUG - [SKIP] Cannot open trade: Circuit breaker: Consecutive losses >= 10 (11 losses) (resumes in 1795s)
2025-12-23 15:04:48 - trades.USDJPYm - DEBUG - [SKIP] Cannot open trade: Circuit breaker: Consecutive losses >= 10 (11 losses) (resumes in 1113s)
2025-12-23 15:10:11 - trades.USDJPYm - DEBUG - [SKIP] Cannot open trade: Circuit breaker: Consecutive losses >= 10 (11 losses) (resumes in 790s)
2025-12-23 15:16:06 - trades.USDJPYm - DEBUG - [SKIP] Cannot open trade: Circuit breaker: Consecutive losses >= 10 (11 losses) (resumes in 434s)
2025-12-23 15:34:12 - trades.USDJPYm - DEBUG - [SKIP] Cannot open trade: Circuit breaker: Rolling PnL of last 50 trades <= -$10 (current: $-17.00) (resumes in 3493s)
2025-12-23 15:58:54 - trades.USDJPYm - DEBUG - [SKIP] Cannot open trade: Circuit breaker: Rolling PnL of last 50 trades <= -$10 (current: $-17.00) (resumes in 2011s)
2025-12-23 16:04:55 - trades.USDJPYm - DEBUG - [SKIP] Cannot open trade: Circuit breaker: Rolling PnL of last 50 trades <= -$10 (current: $-17.00) (resumes in 1650s)
2025-12-23 16:11:05 - trades.USDJPYm - DEBUG - [SKIP] Cannot open trade: Circuit breaker: Rolling PnL of last 50 trades <= -$10 (current: $-17.00) (resumes in 1280s)
2025-12-23 16:16:13 - trades.USDJPYm - DEBUG - [SKIP] Cannot open trade: Circuit breaker: Rolling PnL of last 50 trades <= -$10 (current: $-17.00) (resumes in 972s)
2025-12-23 16:21:27 - trades.USDJPYm - DEBUG - [SKIP] Cannot open trade: Circuit breaker: Rolling PnL of last 50 trades <= -$10 (current: $-17.00) (resumes in 658s)
2025-12-23 16:26:23 - trades.USDJPYm - DEBUG - [SKIP] Cannot open trade: Circuit breaker: Rolling PnL of last 50 trades <= -$10 (current: $-17.00) (resumes in 362s)
2025-12-23 16:31:30 - trades.USDJPYm - DEBUG - [SKIP] Cannot open trade: Circuit breaker: Rolling PnL of last 50 trades <= -$10 (current: $-17.00) (resumes in 55s)
2025-12-23 16:52:00 - trades.USDJPYm - DEBUG - [SKIP] Cannot open trade: Circuit breaker: Rolling PnL of last 50 trades <= -$10 (current: $-11.59) (resumes in 2427s)
2025-12-23 16:57:02 - trades.USDJPYm - DEBUG - [SKIP] Cannot open trade: Circuit breaker: Rolling PnL of last 50 trades <= -$10 (current: $-11.59) (resumes in 2125s)
2025-12-23 17:02:17 - trades.USDJPYm - DEBUG - [SKIP] Cannot open trade: Circuit breaker: Rolling PnL of last 50 trades <= -$10 (current: $-11.59) (resumes in 1810s)
2025-12-23 17:07:08 - trades.USDJPYm - DEBUG - [SKIP] Cannot open trade: Circuit breaker: Rolling PnL of last 50 trades <= -$10 (current: $-11.59) (resumes in 1519s)
2025-12-23 17:12:07 - trades.USDJPYm - DEBUG - [SKIP] Cannot open trade: Circuit breaker: Rolling PnL of last 50 trades <= -$10 (current: $-11.59) (resumes in 1219s)
2025-12-23 20:08:11 - trades.USDJPYm - DEBUG - [SKIP] Cannot open trade: Circuit breaker: Rolling PnL of last 50 trades <= -$10 (current: $-11.59) (resumes in 1566s)
2025-12-23 20:12:28 - trades.USDJPYm - DEBUG - [SKIP] Cannot open trade: Circuit breaker: Rolling PnL of last 50 trades <= -$10 (current: $-11.59) (resumes in 1308s)
2025-12-23 20:16:54 - trades.USDJPYm - DEBUG - [SKIP] Cannot open trade: Circuit breaker: Rolling PnL of last 50 trades <= -$10 (current: $-11.59) (resumes in 1043s)
2025-12-23 22:53:54 - trades.USDJPYm - DEBUG - [SKIP] Cannot open trade: Circuit breaker: Rolling PnL of last 50 trades <= -$10 (current: $-11.59) (resumes in 2542s)
2025-12-23 22:56:41 - trades.USDJPYm - DEBUG - [SKIP] Cannot open trade: Circuit breaker: Rolling PnL of last 50 trades <= -$10 (current: $-11.59) (resumes in 2374s)
2025-12-23 22:59:24 - trades.USDJPYm - DEBUG - [SKIP] Cannot open trade: Circuit breaker: Rolling PnL of last 50 trades <= -$10 (current: $-11.59) (resumes in 2212s)
2025-12-23 23:02:23 - trades.USDJPYm - DEBUG - [SKIP] Cannot open trade: Circuit breaker: Rolling PnL of last 50 trades <= -$10 (current: $-11.59) (resumes in 2032s)
2025-12-23 23:05:30 - trades.USDJPYm - DEBUG - [SKIP] Cannot open trade: Circuit breaker: Rolling PnL of last 50 trades <= -$10 (current: $-11.59) (resumes in 1846s)
2025-12-23 23:08:49 - trades.USDJPYm - DEBUG - [SKIP] Cannot open trade: Circuit breaker: Rolling PnL of last 50 trades <= -$10 (current: $-11.59) (resumes in 1646s)
2025-12-23 23:12:01 - trades.USDJPYm - DEBUG - [SKIP] Cannot open trade: Circuit breaker: Rolling PnL of last 50 trades <= -$10 (current: $-11.59) (resumes in 1454s)
2025-12-23 23:15:11 - trades.USDJPYm - DEBUG - [SKIP] Cannot open trade: Circuit breaker: Rolling PnL of last 50 trades <= -$10 (current: $-11.59) (resumes in 1264s)
2025-12-24 00:41:22 - trades.USDJPYm - DEBUG - [SKIP] Cannot open trade: Circuit breaker: Rolling PnL of last 50 trades <= -$10 (current: $-11.59) (resumes in 3475s)
2025-12-24 00:43:23 - trades.USDJPYm - DEBUG - [SKIP] Cannot open trade: Circuit breaker: Rolling PnL of last 50 trades <= -$10 (current: $-11.59) (resumes in 3354s)
2025-12-24 00:45:28 - trades.USDJPYm - DEBUG - [SKIP] Cannot open trade: Circuit breaker: Rolling PnL of last 50 trades <= -$10 (current: $-11.59) (resumes in 3230s)
2025-12-24 00:47:35 - trades.USDJPYm - DEBUG - [SKIP] Cannot open trade: Circuit breaker: Rolling PnL of last 50 trades <= -$10 (current: $-11.59) (resumes in 3102s)
2025-12-24 00:49:41 - trades.USDJPYm - DEBUG - [SKIP] Cannot open trade: Circuit breaker: Rolling PnL of last 50 trades <= -$10 (current: $-11.59) (resumes in 2976s)
2025-12-24 00:51:52 - trades.USDJPYm - DEBUG - [SKIP] Cannot open trade: Circuit breaker: Rolling PnL of last 50 trades <= -$10 (current: $-11.59) (resumes in 2846s)
2025-12-24 01:04:53 - trades.USDJPYm - DEBUG - [SKIP] Cannot open trade: Circuit breaker: Rolling PnL of last 50 trades <= -$10 (current: $-11.59) (resumes in 2064s)
2025-12-24 01:09:15 - trades.USDJPYm - DEBUG - [SKIP] Cannot open trade: Circuit breaker: Rolling PnL of last 50 trades <= -$10 (current: $-11.59) (resumes in 1802s)
2025-12-24 01:11:27 - trades.USDJPYm - DEBUG - [SKIP] Cannot open trade: Circuit breaker: Rolling PnL of last 50 trades <= -$10 (current: $-11.59) (resumes in 1671s)
2025-12-24 01:13:43 - trades.USDJPYm - DEBUG - [SKIP] Cannot open trade: Circuit breaker: Rolling PnL of last 50 trades <= -$10 (current: $-11.59) (resumes in 1534s)
2025-12-24 01:16:02 - trades.USDJPYm - DEBUG - [SKIP] Cannot open trade: Circuit breaker: Rolling PnL of last 50 trades <= -$10 (current: $-11.59) (resumes in 1396s)
2025-12-24 01:18:17 - trades.USDJPYm - DEBUG - [SKIP] Cannot open trade: Circuit breaker: Rolling PnL of last 50 trades <= -$10 (current: $-11.59) (resumes in 1261s)
2025-12-24 01:20:34 - trades.USDJPYm - DEBUG - [SKIP] Cannot open trade: Circuit breaker: Rolling PnL of last 50 trades <= -$10 (current: $-11.59) (resumes in 1123s)
2025-12-24 01:29:21 - trades.USDJPYm - DEBUG - [SKIP] Cannot open trade: Circuit breaker: Rolling PnL of last 50 trades <= -$10 (current: $-11.59) (resumes in 596s)
2025-12-24 01:35:29 - trades.USDJPYm - DEBUG - [SKIP] Cannot open trade: Circuit breaker: Rolling PnL of last 50 trades <= -$10 (current: $-11.59) (resumes in 228s)
2025-12-24 01:37:38 - trades.USDJPYm - DEBUG - [SKIP] Cannot open trade: Circuit breaker: Rolling PnL of last 50 trades <= -$10 (current: $-11.59) (resumes in 99s)
2025-12-24 01:39:47 - trades.USDJPYm - DEBUG - [SKIP] Cannot open trade: Circuit breaker: Rolling PnL of last 50 trades <= -$10 (current: $-11.59) (resumes in 3598s)
2025-12-24 01:42:00 - trades.USDJPYm - DEBUG - [SKIP] Cannot open trade: Circuit breaker: Rolling PnL of last 50 trades <= -$10 (current: $-11.59) (resumes in 3466s)
2025-12-24 01:44:08 - trades.USDJPYm - DEBUG - [SKIP] Cannot open trade: Circuit breaker: Rolling PnL of last 50 trades <= -$10 (current: $-11.59) (resumes in 3337s)
2025-12-24 01:50:23 - trades.USDJPYm - DEBUG - [SKIP] Cannot open trade: Circuit breaker: Rolling PnL of last 50 trades <= -$10 (current: $-11.59) (resumes in 2962s)
2025-12-24 01:52:31 - trades.USDJPYm - DEBUG - [SKIP] Cannot open trade: Circuit breaker: Rolling PnL of last 50 trades <= -$10 (current: $-11.59) (resumes in 2834s)
2025-12-24 01:54:42 - trades.USDJPYm - DEBUG - [SKIP] Cannot open trade: Circuit breaker: Rolling PnL of last 50 trades <= -$10 (current: $-11.59) (resumes in 2703s)
2025-12-24 01:56:52 - trades.USDJPYm - DEBUG - [SKIP] Cannot open trade: Circuit breaker: Rolling PnL of last 50 trades <= -$10 (current: $-11.59) (resumes in 2573s)
2025-12-24 01:59:03 - trades.USDJPYm - DEBUG - [SKIP] Cannot open trade: Circuit breaker: Rolling PnL of last 50 trades <= -$10 (current: $-11.59) (resumes in 2442s)
2025-12-24 02:01:12 - trades.USDJPYm - DEBUG - [SKIP] Cannot open trade: Circuit breaker: Rolling PnL of last 50 trades <= -$10 (current: $-11.59) (resumes in 2313s)
2025-12-24 02:03:24 - trades.USDJPYm - DEBUG - [SKIP] Cannot open trade: Circuit breaker: Rolling PnL of last 50 trades <= -$10 (current: $-11.59) (resumes in 2181s)
2025-12-24 02:05:41 - trades.USDJPYm - DEBUG - [SKIP] Cannot open trade: Circuit breaker: Rolling PnL of last 50 trades <= -$10 (current: $-11.59) (resumes in 2044s)
2025-12-24 02:08:10 - trades.USDJPYm - DEBUG - [SKIP] Cannot open trade: Circuit breaker: Rolling PnL of last 50 trades <= -$10 (current: $-11.59) (resumes in 1895s)
2025-12-24 02:10:35 - trades.USDJPYm - DEBUG - [SKIP] Cannot open trade: Circuit breaker: Rolling PnL of last 50 trades <= -$10 (current: $-11.59) (resumes in 1750s)
2025-12-24 02:13:06 - trades.USDJPYm - DEBUG - [SKIP] Cannot open trade: Circuit breaker: Rolling PnL of last 50 trades <= -$10 (current: $-11.59) (resumes in 1600s)
2025-12-24 02:15:36 - trades.USDJPYm - DEBUG - [SKIP] Cannot open trade: Circuit breaker: Rolling PnL of last 50 trades <= -$10 (current: $-11.59) (resumes in 1450s)
2025-12-24 02:17:58 - trades.USDJPYm - DEBUG - [SKIP] Cannot open trade: Circuit breaker: Rolling PnL of last 50 trades <= -$10 (current: $-11.59) (resumes in 1308s)
2025-12-24 02:20:20 - trades.USDJPYm - DEBUG - [SKIP] Cannot open trade: Circuit breaker: Rolling PnL of last 50 trades <= -$10 (current: $-11.59) (resumes in 1165s)
2025-12-24 02:22:37 - trades.USDJPYm - DEBUG - [SKIP] Cannot open trade: Circuit breaker: Rolling PnL of last 50 trades <= -$10 (current: $-11.59) (resumes in 1029s)
2025-12-24 02:24:52 - trades.USDJPYm - DEBUG - [SKIP] Cannot open trade: Circuit breaker: Rolling PnL of last 50 trades <= -$10 (current: $-11.59) (resumes in 893s)
2025-12-24 02:27:09 - trades.USDJPYm - DEBUG - [SKIP] Cannot open trade: Circuit breaker: Rolling PnL of last 50 trades <= -$10 (current: $-11.59) (resumes in 757s)
2025-12-24 02:29:25 - trades.USDJPYm - DEBUG - [SKIP] Cannot open trade: Circuit breaker: Rolling PnL of last 50 trades <= -$10 (current: $-11.59) (resumes in 621s)
2025-12-24 02:31:47 - trades.USDJPYm - DEBUG - [SKIP] Cannot open trade: Circuit breaker: Rolling PnL of last 50 trades <= -$10 (current: $-11.59) (resumes in 479s)
2025-12-24 02:34:23 - trades.USDJPYm - DEBUG - [SKIP] Cannot open trade: Circuit breaker: Rolling PnL of last 50 trades <= -$10 (current: $-11.59) (resumes in 322s)
2025-12-24 02:37:02 - trades.USDJPYm - DEBUG - [SKIP] Cannot open trade: Circuit breaker: Rolling PnL of last 50 trades <= -$10 (current: $-11.59) (resumes in 164s)
2025-12-24 02:39:41 - trades.USDJPYm - DEBUG - [SKIP] Cannot open trade: Circuit breaker: Rolling PnL of last 50 trades <= -$10 (current: $-11.59) (resumes in 4s)
2025-12-24 02:42:12 - trades.USDJPYm - DEBUG - [SKIP] Cannot open trade: Circuit breaker: Rolling PnL of last 50 trades <= -$10 (current: $-11.59) (resumes in 3456s)
2025-12-24 02:44:28 - trades.USDJPYm - DEBUG - [SKIP] Cannot open trade: Circuit breaker: Rolling PnL of last 50 trades <= -$10 (current: $-11.59) (resumes in 3320s)
2025-12-24 02:46:47 - trades.USDJPYm - DEBUG - [SKIP] Cannot open trade: Circuit breaker: Rolling PnL of last 50 trades <= -$10 (current: $-11.59) (resumes in 3181s)
2025-12-24 02:49:07 - trades.USDJPYm - DEBUG - [SKIP] Cannot open trade: Circuit breaker: Rolling PnL of last 50 trades <= -$10 (current: $-11.59) (resumes in 3041s)
2025-12-24 02:51:20 - trades.USDJPYm - DEBUG - [SKIP] Cannot open trade: Circuit breaker: Rolling PnL of last 50 trades <= -$10 (current: $-11.59) (resumes in 2908s)
2025-12-24 02:58:01 - trades.USDJPYm - DEBUG - [SKIP] Cannot open trade: Circuit breaker: Rolling PnL of last 50 trades <= -$10 (current: $-11.59) (resumes in 2507s)
2025-12-24 03:00:18 - trades.USDJPYm - DEBUG - [SKIP] Cannot open trade: Circuit breaker: Rolling PnL of last 50 trades <= -$10 (current: $-11.59) (resumes in 2371s)
2025-12-24 03:02:36 - trades.USDJPYm - DEBUG - [SKIP] Cannot open trade: Circuit breaker: Rolling PnL of last 50 trades <= -$10 (current: $-11.59) (resumes in 2232s)
2025-12-24 03:04:55 - trades.USDJPYm - DEBUG - [SKIP] Cannot open trade: Circuit breaker: Rolling PnL of last 50 trades <= -$10 (current: $-11.59) (resumes in 2093s)
2025-12-24 03:07:13 - trades.USDJPYm - DEBUG - [SKIP] Cannot open trade: Circuit breaker: Rolling PnL of last 50 trades <= -$10 (current: $-11.59) (resumes in 1956s)
2025-12-24 03:09:27 - trades.USDJPYm - DEBUG - [SKIP] Cannot open trade: Circuit breaker: Rolling PnL of last 50 trades <= -$10 (current: $-11.59) (resumes in 1822s)
2025-12-24 03:11:41 - trades.USDJPYm - DEBUG - [SKIP] Cannot open trade: Circuit breaker: Rolling PnL of last 50 trades <= -$10 (current: $-11.59) (resumes in 1687s)
2025-12-24 03:13:53 - trades.USDJPYm - DEBUG - [SKIP] Cannot open trade: Circuit breaker: Rolling PnL of last 50 trades <= -$10 (current: $-11.59) (resumes in 1555s)
2025-12-24 03:16:05 - trades.USDJPYm - DEBUG - [SKIP] Cannot open trade: Circuit breaker: Rolling PnL of last 50 trades <= -$10 (current: $-11.59) (resumes in 1423s)
2025-12-24 03:56:53 - trades.USDJPYm - DEBUG - [SKIP] Cannot open trade: Circuit breaker: Rolling PnL of last 50 trades <= -$10 (current: $-11.59) (resumes in 2578s)
2025-12-24 03:58:57 - trades.USDJPYm - DEBUG - [SKIP] Cannot open trade: Circuit breaker: Rolling PnL of last 50 trades <= -$10 (current: $-11.59) (resumes in 2454s)
2025-12-24 04:01:04 - trades.USDJPYm - DEBUG - [SKIP] Cannot open trade: Circuit breaker: Rolling PnL of last 50 trades <= -$10 (current: $-11.59) (resumes in 2327s)
2025-12-24 04:03:10 - trades.USDJPYm - DEBUG - [SKIP] Cannot open trade: Circuit breaker: Rolling PnL of last 50 trades <= -$10 (current: $-11.59) (resumes in 2201s)
2025-12-24 04:05:19 - trades.USDJPYm - DEBUG - [SKIP] Cannot open trade: Circuit breaker: Rolling PnL of last 50 trades <= -$10 (current: $-11.59) (resumes in 2072s)
2025-12-24 04:07:27 - trades.USDJPYm - DEBUG - [SKIP] Cannot open trade: Circuit breaker: Rolling PnL of last 50 trades <= -$10 (current: $-11.59) (resumes in 1944s)
2025-12-24 04:09:35 - trades.USDJPYm - DEBUG - [SKIP] Cannot open trade: Circuit breaker: Rolling PnL of last 50 trades <= -$10 (current: $-11.59) (resumes in 1816s)
2025-12-24 04:11:47 - trades.USDJPYm - DEBUG - [SKIP] Cannot open trade: Circuit breaker: Rolling PnL of last 50 trades <= -$10 (current: $-11.59) (resumes in 1684s)
2025-12-24 04:13:59 - trades.USDJPYm - DEBUG - [SKIP] Cannot open trade: Circuit breaker: Rolling PnL of last 50 trades <= -$10 (current: $-11.59) (resumes in 1552s)
2025-12-24 04:16:10 - trades.USDJPYm - DEBUG - [SKIP] Cannot open trade: Circuit breaker: Rolling PnL of last 50 trades <= -$10 (current: $-11.59) (resumes in 1421s)
2025-12-24 04:18:23 - trades.USDJPYm - DEBUG - [SKIP] Cannot open trade: Circuit breaker: Rolling PnL of last 50 trades <= -$10 (current: $-11.59) (resumes in 1288s)
2025-12-24 04:20:36 - trades.USDJPYm - DEBUG - [SKIP] Cannot open trade: Circuit breaker: Rolling PnL of last 50 trades <= -$10 (current: $-11.59) (resumes in 1155s)
2025-12-24 04:22:51 - trades.USDJPYm - DEBUG - [SKIP] Cannot open trade: Circuit breaker: Rolling PnL of last 50 trades <= -$10 (current: $-11.59) (resumes in 1020s)
2025-12-24 04:25:03 - trades.USDJPYm - DEBUG - [SKIP] Cannot open trade: Circuit breaker: Rolling PnL of last 50 trades <= -$10 (current: $-11.59) (resumes in 888s)
2025-12-24 04:27:15 - trades.USDJPYm - DEBUG - [SKIP] Cannot open trade: Circuit breaker: Rolling PnL of last 50 trades <= -$10 (current: $-11.59) (resumes in 756s)
2025-12-24 04:40:10 - trades.USDJPYm - DEBUG - [SKIP] Cannot open trade: Circuit breaker: Rolling PnL of last 50 trades <= -$10 (current: $-11.59) (resumes in 3598s)
2025-12-24 04:42:19 - trades.USDJPYm - DEBUG - [SKIP] Cannot open trade: Circuit breaker: Rolling PnL of last 50 trades <= -$10 (current: $-11.59) (resumes in 3469s)
2025-12-24 04:44:24 - trades.USDJPYm - DEBUG - [SKIP] Cannot open trade: Circuit breaker: Rolling PnL of last 50 trades <= -$10 (current: $-11.59) (resumes in 3344s)
2025-12-24 04:46:33 - trades.USDJPYm - DEBUG - [SKIP] Cannot open trade: Circuit breaker: Rolling PnL of last 50 trades <= -$10 (current: $-11.59) (resumes in 3215s)
2025-12-24 04:48:38 - trades.USDJPYm - DEBUG - [SKIP] Cannot open trade: Circuit breaker: Rolling PnL of last 50 trades <= -$10 (current: $-11.59) (resumes in 3090s)
2025-12-24 04:50:46 - trades.USDJPYm - DEBUG - [SKIP] Cannot open trade: Circuit breaker: Rolling PnL of last 50 trades <= -$10 (current: $-11.59) (resumes in 2963s)
2025-12-24 04:52:49 - trades.USDJPYm - DEBUG - [SKIP] Cannot open trade: Circuit breaker: Rolling PnL of last 50 trades <= -$10 (current: $-11.59) (resumes in 2839s)
2025-12-24 04:57:05 - trades.USDJPYm - DEBUG - [SKIP] Cannot open trade: Circuit breaker: Rolling PnL of last 50 trades <= -$10 (current: $-11.59) (resumes in 2583s)
2025-12-24 04:59:13 - trades.USDJPYm - DEBUG - [SKIP] Cannot open trade: Circuit breaker: Rolling PnL of last 50 trades <= -$10 (current: $-11.59) (resumes in 2455s)
2025-12-24 05:01:22 - trades.USDJPYm - DEBUG - [SKIP] Cannot open trade: Circuit breaker: Rolling PnL of last 50 trades <= -$10 (current: $-11.59) (resumes in 2327s)
2025-12-24 05:03:34 - trades.USDJPYm - DEBUG - [SKIP] Cannot open trade: Circuit breaker: Rolling PnL of last 50 trades <= -$10 (current: $-11.59) (resumes in 2194s)
2025-12-24 05:05:56 - trades.USDJPYm - DEBUG - [SKIP] Cannot open trade: Circuit breaker: Rolling PnL of last 50 trades <= -$10 (current: $-11.59) (resumes in 2052s)
2025-12-24 05:08:03 - trades.USDJPYm - DEBUG - [SKIP] Cannot open trade: Circuit breaker: Rolling PnL of last 50 trades <= -$10 (current: $-11.59) (resumes in 1925s)
2025-12-24 05:36:42 - trades.USDJPYm - DEBUG - [SKIP] Cannot open trade: Circuit breaker: Rolling PnL of last 50 trades <= -$10 (current: $-11.59) (resumes in 206s)
2025-12-24 05:38:45 - trades.USDJPYm - DEBUG - [SKIP] Cannot open trade: Circuit breaker: Rolling PnL of last 50 trades <= -$10 (current: $-11.59) (resumes in 83s)
2025-12-24 05:40:48 - trades.USDJPYm - DEBUG - [SKIP] Cannot open trade: Circuit breaker: Rolling PnL of last 50 trades <= -$10 (current: $-11.59) (resumes in 3599s)
2025-12-24 05:42:53 - trades.USDJPYm - DEBUG - [SKIP] Cannot open trade: Circuit breaker: Rolling PnL of last 50 trades <= -$10 (current: $-11.59) (resumes in 3474s)
2025-12-24 05:45:03 - trades.USDJPYm - DEBUG - [SKIP] Cannot open trade: Circuit breaker: Rolling PnL of last 50 trades <= -$10 (current: $-11.59) (resumes in 3344s)
2025-12-24 05:47:09 - trades.USDJPYm - DEBUG - [SKIP] Cannot open trade: Circuit breaker: Rolling PnL of last 50 trades <= -$10 (current: $-11.59) (resumes in 3218s)
2025-12-24 05:49:14 - trades.USDJPYm - DEBUG - [SKIP] Cannot open trade: Circuit breaker: Rolling PnL of last 50 trades <= -$10 (current: $-11.59) (resumes in 3093s)
2025-12-24 05:51:25 - trades.USDJPYm - DEBUG - [SKIP] Cannot open trade: Circuit breaker: Rolling PnL of last 50 trades <= -$10 (current: $-11.59) (resumes in 2963s)
2025-12-24 05:54:29 - trades.USDJPYm - DEBUG - [SKIP] Cannot open trade: Circuit breaker: Rolling PnL of last 50 trades <= -$10 (current: $-11.59) (resumes in 2778s)
2025-12-24 05:57:43 - trades.USDJPYm - DEBUG - [SKIP] Cannot open trade: Circuit breaker: Rolling PnL of last 50 trades <= -$10 (current: $-11.59) (resumes in 2584s)
2025-12-24 06:00:45 - trades.USDJPYm - DEBUG - [SKIP] Cannot open trade: Circuit breaker: Rolling PnL of last 50 trades <= -$10 (current: $-11.59) (resumes in 2402s)
2025-12-24 06:03:52 - trades.USDJPYm - DEBUG - [SKIP] Cannot open trade: Circuit breaker: Rolling PnL of last 50 trades <= -$10 (current: $-11.59) (resumes in 2215s)
2025-12-24 06:06:55 - trades.USDJPYm - DEBUG - [SKIP] Cannot open trade: Circuit breaker: Rolling PnL of last 50 trades <= -$10 (current: $-11.59) (resumes in 2033s)
2025-12-24 06:09:55 - trades.USDJPYm - DEBUG - [SKIP] Cannot open trade: Circuit breaker: Rolling PnL of last 50 trades <= -$10 (current: $-11.59) (resumes in 1852s)
2025-12-24 07:06:42 - trades.USDJPYm - DEBUG - [SKIP] Cannot open trade: Circuit breaker: Rolling PnL of last 50 trades <= -$10 (current: $-11.59) (resumes in 2051s)
2025-12-24 07:09:40 - trades.USDJPYm - DEBUG - [SKIP] Cannot open trade: Circuit breaker: Rolling PnL of last 50 trades <= -$10 (current: $-11.59) (resumes in 1873s)
2025-12-24 07:12:42 - trades.USDJPYm - DEBUG - [SKIP] Cannot open trade: Circuit breaker: Rolling PnL of last 50 trades <= -$10 (current: $-11.59) (resumes in 1691s)
2025-12-24 07:15:42 - trades.USDJPYm - DEBUG - [SKIP] Cannot open trade: Circuit breaker: Rolling PnL of last 50 trades <= -$10 (current: $-11.59) (resumes in 1511s)
2025-12-24 07:18:49 - trades.USDJPYm - DEBUG - [SKIP] Cannot open trade: Circuit breaker: Rolling PnL of last 50 trades <= -$10 (current: $-11.59) (resumes in 1324s)
2025-12-24 07:22:01 - trades.USDJPYm - DEBUG - [SKIP] Cannot open trade: Circuit breaker: Rolling PnL of last 50 trades <= -$10 (current: $-11.59) (resumes in 1132s)
2025-12-24 07:25:06 - trades.USDJPYm - DEBUG - [SKIP] Cannot open trade: Circuit breaker: Rolling PnL of last 50 trades <= -$10 (current: $-11.59) (resumes in 947s)
2025-12-24 07:28:06 - trades.USDJPYm - DEBUG - [SKIP] Cannot open trade: Circuit breaker: Rolling PnL of last 50 trades <= -$10 (current: $-11.59) (resumes in 767s)
2025-12-24 09:01:19 - trades.USDJPYm - DEBUG - [SKIP] Cannot open trade: Circuit breaker: Rolling PnL of last 50 trades <= -$10 (current: $-11.59) (resumes in 2438s)
2025-12-24 09:04:21 - trades.USDJPYm - DEBUG - [SKIP] Cannot open trade: Circuit breaker: Rolling PnL of last 50 trades <= -$10 (current: $-11.59) (resumes in 2256s)
2025-12-24 09:07:29 - trades.USDJPYm - DEBUG - [SKIP] Cannot open trade: Circuit breaker: Rolling PnL of last 50 trades <= -$10 (current: $-11.59) (resumes in 2069s)
2025-12-24 09:10:35 - trades.USDJPYm - DEBUG - [SKIP] Cannot open trade: Circuit breaker: Rolling PnL of last 50 trades <= -$10 (current: $-11.59) (resumes in 1883s)
2025-12-24 09:13:41 - trades.USDJPYm - DEBUG - [SKIP] Cannot open trade: Circuit breaker: Rolling PnL of last 50 trades <= -$10 (current: $-11.59) (resumes in 1696s)
2025-12-24 09:16:58 - trades.USDJPYm - DEBUG - [SKIP] Cannot open trade: Circuit breaker: Rolling PnL of last 50 trades <= -$10 (current: $-11.59) (resumes in 1500s)
2025-12-24 09:20:23 - trades.USDJPYm - DEBUG - [SKIP] Cannot open trade: Circuit breaker: Rolling PnL of last 50 trades <= -$10 (current: $-11.59) (resumes in 1295s)
2025-12-24 09:23:49 - trades.USDJPYm - DEBUG - [SKIP] Cannot open trade: Circuit breaker: Rolling PnL of last 50 trades <= -$10 (current: $-11.59) (resumes in 1089s)
2025-12-24 09:27:05 - trades.USDJPYm - DEBUG - [SKIP] Cannot open trade: Circuit breaker: Rolling PnL of last 50 trades <= -$10 (current: $-11.59) (resumes in 892s)
2025-12-24 09:30:16 - trades.USDJPYm - DEBUG - [SKIP] Cannot open trade: Circuit breaker: Rolling PnL of last 50 trades <= -$10 (current: $-11.59) (resumes in 702s)
2025-12-24 09:43:18 - trades.USDJPYm - DEBUG - [SKIP] Cannot open trade: Circuit breaker: Rolling PnL of last 50 trades <= -$10 (current: $-11.59) (resumes in 3594s)
2025-12-24 09:46:34 - trades.USDJPYm - DEBUG - [SKIP] Cannot open trade: Circuit breaker: Rolling PnL of last 50 trades <= -$10 (current: $-11.59) (resumes in 3399s)
2025-12-24 09:49:52 - trades.USDJPYm - DEBUG - [SKIP] Cannot open trade: Circuit breaker: Rolling PnL of last 50 trades <= -$10 (current: $-11.59) (resumes in 3201s)
2025-12-24 09:53:16 - trades.USDJPYm - DEBUG - [SKIP] Cannot open trade: Circuit breaker: Rolling PnL of last 50 trades <= -$10 (current: $-11.59) (resumes in 2996s)
2025-12-24 09:56:45 - trades.USDJPYm - DEBUG - [SKIP] Cannot open trade: Circuit breaker: Rolling PnL of last 50 trades <= -$10 (current: $-11.59) (resumes in 2788s)
2025-12-24 10:00:09 - trades.USDJPYm - DEBUG - [SKIP] Cannot open trade: Circuit breaker: Rolling PnL of last 50 trades <= -$10 (current: $-11.59) (resumes in 2583s)
2025-12-24 10:03:36 - trades.USDJPYm - DEBUG - [SKIP] Cannot open trade: Circuit breaker: Rolling PnL of last 50 trades <= -$10 (current: $-11.59) (resumes in 2376s)
2025-12-24 10:07:06 - trades.USDJPYm - DEBUG - [SKIP] Cannot open trade: Circuit breaker: Rolling PnL of last 50 trades <= -$10 (current: $-11.59) (resumes in 2167s)
2025-12-24 10:10:35 - trades.USDJPYm - DEBUG - [SKIP] Cannot open trade: Circuit breaker: Rolling PnL of last 50 trades <= -$10 (current: $-11.59) (resumes in 1958s)
2025-12-24 10:14:06 - trades.USDJPYm - DEBUG - [SKIP] Cannot open trade: Circuit breaker: Rolling PnL of last 50 trades <= -$10 (current: $-11.59) (resumes in 1747s)
2025-12-24 10:17:31 - trades.USDJPYm - DEBUG - [SKIP] Cannot open trade: Circuit breaker: Rolling PnL of last 50 trades <= -$10 (current: $-11.59) (resumes in 1541s)
2025-12-24 10:33:39 - trades.USDJPYm - DEBUG - [SKIP] Cannot open trade: Circuit breaker: Rolling PnL of last 50 trades <= -$10 (current: $-11.59) (resumes in 573s)
2025-12-24 10:36:50 - trades.USDJPYm - DEBUG - [SKIP] Cannot open trade: Circuit breaker: Rolling PnL of last 50 trades <= -$10 (current: $-11.59) (resumes in 382s)
2025-12-24 10:40:07 - trades.USDJPYm - DEBUG - [SKIP] Cannot open trade: Circuit breaker: Rolling PnL of last 50 trades <= -$10 (current: $-11.59) (resumes in 185s)
2025-12-24 10:43:17 - trades.USDJPYm - DEBUG - [SKIP] Cannot open trade: Circuit breaker: Rolling PnL of last 50 trades <= -$10 (current: $-11.59)
2025-12-24 11:15:14 - trades.USDJPYm - DEBUG - [SKIP] Cannot open trade: Circuit breaker: Rolling PnL of last 50 trades <= -$10 (current: $-11.59) (resumes in 1683s)
2025-12-24 11:19:19 - trades.USDJPYm - DEBUG - [SKIP] Cannot open trade: Circuit breaker: Rolling PnL of last 50 trades <= -$10 (current: $-11.59) (resumes in 1437s)
2025-12-24 11:22:46 - trades.USDJPYm - DEBUG - [SKIP] Cannot open trade: Circuit breaker: Rolling PnL of last 50 trades <= -$10 (current: $-11.59) (resumes in 1231s)
2025-12-24 11:26:07 - trades.USDJPYm - DEBUG - [SKIP] Cannot open trade: Circuit breaker: Rolling PnL of last 50 trades <= -$10 (current: $-11.59) (resumes in 1030s)
2025-12-24 11:29:25 - trades.USDJPYm - DEBUG - [SKIP] Cannot open trade: Circuit breaker: Rolling PnL of last 50 trades <= -$10 (current: $-11.59) (resumes in 832s)
2025-12-24 11:32:49 - trades.USDJPYm - DEBUG - [SKIP] Cannot open trade: Circuit breaker: Rolling PnL of last 50 trades <= -$10 (current: $-11.59) (resumes in 628s)
2025-12-24 13:58:22 - trades.USDJPYm - DEBUG - [SKIP] Cannot open trade: Circuit breaker: Rolling PnL of last 50 trades <= -$10 (current: $-11.59) (resumes in 2774s)
2025-12-24 14:01:51 - trades.USDJPYm - DEBUG - [SKIP] Cannot open trade: Circuit breaker: Rolling PnL of last 50 trades <= -$10 (current: $-11.59) (resumes in 2565s)
2025-12-24 14:05:23 - trades.USDJPYm - DEBUG - [SKIP] Cannot open trade: Circuit breaker: Rolling PnL of last 50 trades <= -$10 (current: $-11.59) (resumes in 2353s)
2025-12-24 14:08:53 - trades.USDJPYm - DEBUG - [SKIP] Cannot open trade: Circuit breaker: Rolling PnL of last 50 trades <= -$10 (current: $-11.59) (resumes in 2143s)
2025-12-24 14:12:26 - trades.USDJPYm - DEBUG - [SKIP] Cannot open trade: Circuit breaker: Rolling PnL of last 50 trades <= -$10 (current: $-11.59) (resumes in 1930s)
2025-12-24 14:15:52 - trades.USDJPYm - DEBUG - [SKIP] Cannot open trade: Circuit breaker: Rolling PnL of last 50 trades <= -$10 (current: $-11.59) (resumes in 1724s)
