2026-01-05 21:37:54 - trades.USTEC_x100m - DEBUG - [SKIP] Cannot open trade: Entry filter: Spread sanity: spread 89.4% of avg range > max 50.0%
2026-01-05 21:38:20 - trades.USTEC_x100m - DEBUG - [SKIP] Cannot open trade: Entry filter: Spread sanity: spread 90.5% of avg range > max 50.0%
2026-01-05 21:38:40 - trades.USTEC_x100m - DEBUG - [SKIP] Cannot open trade: Entry filter: Spread sanity: spread 90.5% of avg range > max 50.0%
2026-01-05 21:39:07 - trades.USTEC_x100m - DEBUG - [SKIP] Cannot open trade: Entry filter: Spread sanity: spread 90.8% of avg range > max 50.0%
2026-01-05 21:39:31 - trades.USTEC_x100m - DEBUG - [SKIP] Cannot open trade: Entry filter: Spread sanity: spread 90.8% of avg range > max 50.0%
2026-01-05 21:39:54 - trades.USTEC_x100m - DEBUG - [SKIP] Cannot open trade: Entry filter: Spread sanity: spread 90.8% of avg range > max 50.0%
2026-01-05 21:40:18 - trades.USTEC_x100m - DEBUG - [SKIP] Cannot open trade: Entry filter: Spread sanity: spread 93.2% of avg range > max 50.0%
2026-01-05 21:40:50 - trades.USTEC_x100m - DEBUG - [SKIP] Cannot open trade: Entry filter: Spread sanity: spread 93.2% of avg range > max 50.0%
2026-01-05 21:51:41 - trades.USTEC_x100m - DEBUG - [SKIP] Cannot open trade: Entry filter: Spread sanity: spread 116.4% of avg range > max 50.0%
2026-01-05 21:52:03 - trades.USTEC_x100m - DEBUG - [SKIP] Cannot open trade: Entry filter: Spread sanity: spread 123.7% of avg range > max 50.0%
2026-01-05 21:52:40 - trades.USTEC_x100m - DEBUG - [SKIP] Cannot open trade: Entry filter: Spread sanity: spread 123.7% of avg range > max 50.0%
2026-01-05 21:52:47 - trades.USTEC_x100m - DEBUG - [SKIP] Cannot open trade: Entry filter: Spread sanity: spread 123.7% of avg range > max 50.0%
2026-01-05 21:53:04 - trades.USTEC_x100m - DEBUG - [SKIP] Cannot open trade: Entry filter: Spread sanity: spread 107.5% of avg range > max 50.0%
2026-01-05 21:53:30 - trades.USTEC_x100m - DEBUG - [SKIP] Cannot open trade: Entry filter: Spread sanity: spread 107.5% of avg range > max 50.0%
2026-01-05 21:53:58 - trades.USTEC_x100m - DEBUG - [SKIP] Cannot open trade: Entry filter: Spread sanity: spread 107.5% of avg range > max 50.0%
2026-01-05 21:54:45 - trades.USTEC_x100m - DEBUG - [SKIP] Cannot open trade: Entry filter: Spread sanity: spread 122.2% of avg range > max 50.0%
2026-01-05 21:55:26 - trades.USTEC_x100m - DEBUG - [SKIP] Cannot open trade: Entry filter: Spread sanity: spread 123.9% of avg range > max 50.0%
2026-01-05 21:55:43 - trades.USTEC_x100m - DEBUG - [SKIP] Cannot open trade: Entry filter: Spread sanity: spread 123.9% of avg range > max 50.0%
2026-01-05 21:56:11 - trades.USTEC_x100m - DEBUG - [SKIP] Cannot open trade: Entry filter: Spread sanity: spread 121.7% of avg range > max 50.0%
2026-01-05 21:56:38 - trades.USTEC_x100m - DEBUG - [SKIP] Cannot open trade: Entry filter: Spread sanity: spread 121.7% of avg range > max 50.0%
2026-01-05 21:57:14 - trades.USTEC_x100m - DEBUG - [SKIP] Cannot open trade: Entry filter: Spread sanity: spread 120.0% of avg range > max 50.0%
2026-01-05 21:59:50 - trades.USTEC_x100m - DEBUG - [SKIP] Cannot open trade: Entry filter: Session guard: last 1 minutes of hour blocked
2026-01-05 23:00:13 - trades.USTEC_x100m - DEBUG - [SKIP] Cannot open trade: Entry filter: Session guard: first 1 minutes of hour blocked
2026-01-05 23:01:54 - trades.USTEC_x100m - DEBUG - [SKIP] Cannot open trade: Entry filter: Spread sanity: spread 98.3% of avg range > max 50.0%
2026-01-05 23:05:55 - trades.USTEC_x100m - DEBUG - [SKIP] Cannot open trade: Entry filter: Spread sanity: spread 61.2% of avg range > max 50.0%
2026-01-05 23:08:51 - trades.USTEC_x100m - DEBUG - [SKIP] Cannot open trade: Entry filter: Spread sanity: spread 57.0% of avg range > max 50.0%
2026-01-05 23:10:14 - trades.USTEC_x100m - DEBUG - [SKIP] Cannot open trade: Entry filter: Spread sanity: spread 54.0% of avg range > max 50.0%
2026-01-05 23:13:15 - trades.USTEC_x100m - DEBUG - [SKIP] Cannot open trade: Entry filter: Candle quality: current range 40.1% of avg < min 55.0%
2026-01-05 23:16:41 - trades.USTEC_x100m - DEBUG - [SKIP] Cannot open trade: Entry filter: Candle quality: current range 42.5% of avg < min 55.0%
2026-01-05 23:19:26 - trades.USTEC_x100m - DEBUG - [SKIP] Cannot open trade: Entry filter: Candle quality: current range 47.8% of avg < min 55.0%
2026-01-05 23:25:19 - trades.USTEC_x100m - DEBUG - [SKIP] Cannot open trade: Entry filter: Spread sanity: spread 55.3% of avg range > max 50.0%
2026-01-06 00:40:42 - trades.USTEC_x100m - DEBUG - [SKIP] Cannot open trade: Circuit breaker: Rolling PnL of last 50 trades <= -$10 (current: $-15.64) (resumes in 3595s)
2026-01-06 02:40:57 - trades.USTEC_x100m - DEBUG - [SKIP] Cannot open trade: Circuit breaker: Rolling PnL of last 50 trades <= -$10 (current: $-15.64) (resumes in 3594s)
2026-01-06 03:41:00 - trades.USTEC_x100m - DEBUG - [SKIP] Cannot open trade: Circuit breaker: Rolling PnL of last 50 trades <= -$10 (current: $-15.64) (resumes in 3595s)
2026-01-06 04:41:07 - trades.USTEC_x100m - DEBUG - [SKIP] Cannot open trade: Circuit breaker: Rolling PnL of last 50 trades <= -$10 (current: $-15.64) (resumes in 3595s)
2026-01-06 05:41:12 - trades.USTEC_x100m - DEBUG - [SKIP] Cannot open trade: Circuit breaker: Rolling PnL of last 50 trades <= -$10 (current: $-15.64) (resumes in 3596s)
