2025-12-23 12:00:10 - trades.XAGAUDm - DEBUG - [SKIP] Cannot open trade: Entry filter: Session guard: first 1 minutes of hour blocked
2025-12-23 12:01:52 - trades.XAGAUDm - DEBUG - [SKIP] Cannot open trade: Entry filter: Spread sanity: spread 151.0% of avg range > max 30.0%
2025-12-23 12:03:32 - trades.XAGAUDm - DEBUG - [SKIP] Cannot open trade: Entry filter: Spread sanity: spread 142.0% of avg range > max 30.0%
2025-12-23 12:18:23 - trades.XAGAUDm - DEBUG - [SKIP] Cannot open trade: Entry filter: Spread sanity: spread 149.0% of avg range > max 30.0%
2025-12-23 12:21:35 - trades.XAGAUDm - DEBUG - [SKIP] Cannot open trade: Entry filter: Spread sanity: spread 150.6% of avg range > max 30.0%
2025-12-23 12:24:53 - trades.XAGAUDm - DEBUG - [SKIP] Cannot open trade: Entry filter: Spread sanity: spread 172.2% of avg range > max 30.0%
2025-12-23 12:28:03 - trades.XAGAUDm - DEBUG - [SKIP] Cannot open trade: Entry filter: Spread sanity: spread 188.7% of avg range > max 30.0%
2025-12-23 12:31:07 - trades.XAGAUDm - DEBUG - [SKIP] Cannot open trade: Entry filter: Spread sanity: spread 202.1% of avg range > max 30.0%
2025-12-23 12:34:19 - trades.XAGAUDm - DEBUG - [SKIP] Cannot open trade: Entry filter: Spread sanity: spread 190.6% of avg range > max 30.0%
2025-12-23 12:47:15 - trades.XAGAUDm - DEBUG - [SKIP] Cannot open trade: Entry filter: Spread sanity: spread 243.6% of avg range > max 30.0%
2025-12-23 12:50:29 - trades.XAGAUDm - DEBUG - [SKIP] Cannot open trade: Entry filter: Spread sanity: spread 238.5% of avg range > max 30.0%
2025-12-23 12:53:55 - trades.XAGAUDm - DEBUG - [SKIP] Cannot open trade: Entry filter: Spread sanity: spread 236.0% of avg range > max 30.0%
2025-12-23 12:57:18 - trades.XAGAUDm - DEBUG - [SKIP] Cannot open trade: Entry filter: Spread sanity: spread 203.9% of avg range > max 30.0%
2025-12-23 13:00:34 - trades.XAGAUDm - DEBUG - [SKIP] Cannot open trade: Entry filter: Session guard: first 1 minutes of hour blocked
2025-12-23 13:04:00 - trades.XAGAUDm - DEBUG - [SKIP] Cannot open trade: Entry filter: Spread sanity: spread 114.0% of avg range > max 30.0%
2025-12-23 13:07:27 - trades.XAGAUDm - DEBUG - [SKIP] Cannot open trade: Entry filter: Spread sanity: spread 78.0% of avg range > max 30.0%
2025-12-23 13:10:50 - trades.XAGAUDm - DEBUG - [SKIP] Cannot open trade: Entry filter: Spread sanity: spread 63.5% of avg range > max 30.0%
2025-12-23 13:56:52 - trades.XAGAUDm - DEBUG - [SKIP] Cannot open trade: Entry filter: Spread sanity: spread 33.3% of avg range > max 30.0%
2025-12-23 14:01:18 - trades.XAGAUDm - DEBUG - [SKIP] Cannot open trade: Entry filter: Spread sanity: spread 31.0% of avg range > max 30.0%
2025-12-23 14:05:29 - trades.XAGAUDm - DEBUG - [SKIP] Cannot open trade: Entry filter: Spread sanity: spread 31.0% of avg range > max 30.0%
2025-12-23 14:09:56 - trades.XAGAUDm - DEBUG - [SKIP] Cannot open trade: Entry filter: Candle quality: current range 49.6% of avg < min 55.0%
2025-12-23 14:14:24 - trades.XAGAUDm - DEBUG - [SKIP] Cannot open trade: Entry filter: Spread sanity: spread 33.4% of avg range > max 30.0%
2025-12-23 14:19:09 - trades.XAGAUDm - DEBUG - [SKIP] Cannot open trade: Entry filter: Spread sanity: spread 36.4% of avg range > max 30.0%
2025-12-23 14:23:21 - trades.XAGAUDm - DEBUG - [SKIP] Cannot open trade: Entry filter: Spread sanity: spread 38.2% of avg range > max 30.0%
2025-12-23 14:27:11 - trades.XAGAUDm - DEBUG - [SKIP] Cannot open trade: Entry filter: Spread sanity: spread 38.6% of avg range > max 30.0%
2025-12-23 14:31:20 - trades.XAGAUDm - DEBUG - [SKIP] Cannot open trade: Entry filter: Spread sanity: spread 40.2% of avg range > max 30.0%
2025-12-23 14:49:11 - trades.XAGAUDm - DEBUG - [SKIP] Cannot open trade: Entry filter: Candle quality: current range 45.1% of avg < min 55.0%
2025-12-23 15:18:18 - trades.XAGAUDm - DEBUG - [SKIP] Cannot open trade: Circuit breaker: Consecutive losses >= 10 (11 losses) (resumes in 303s)
2025-12-23 15:37:07 - trades.XAGAUDm - DEBUG - [SKIP] Cannot open trade: Circuit breaker: Rolling PnL of last 50 trades <= -$10 (current: $-17.00) (resumes in 3318s)
2025-12-23 15:43:21 - trades.XAGAUDm - DEBUG - [SKIP] Cannot open trade: Circuit breaker: Rolling PnL of last 50 trades <= -$10 (current: $-17.00) (resumes in 2943s)
2025-12-23 15:49:31 - trades.XAGAUDm - DEBUG - [SKIP] Cannot open trade: Circuit breaker: Rolling PnL of last 50 trades <= -$10 (current: $-17.00) (resumes in 2574s)
2025-12-23 15:55:28 - trades.XAGAUDm - DEBUG - [SKIP] Cannot open trade: Circuit breaker: Rolling PnL of last 50 trades <= -$10 (current: $-17.00) (resumes in 2217s)
2025-12-23 16:01:27 - trades.XAGAUDm - DEBUG - [SKIP] Cannot open trade: Circuit breaker: Rolling PnL of last 50 trades <= -$10 (current: $-17.00) (resumes in 1857s)
2025-12-23 16:23:33 - trades.XAGAUDm - DEBUG - [SKIP] Cannot open trade: Circuit breaker: Rolling PnL of last 50 trades <= -$10 (current: $-17.00) (resumes in 532s)
2025-12-23 16:28:31 - trades.XAGAUDm - DEBUG - [SKIP] Cannot open trade: Circuit breaker: Rolling PnL of last 50 trades <= -$10 (current: $-17.00) (resumes in 234s)
2025-12-23 16:33:38 - trades.XAGAUDm - DEBUG - [SKIP] Cannot open trade: Circuit breaker: Rolling PnL of last 50 trades <= -$10 (current: $-11.59) (resumes in 3529s)
2025-12-23 16:39:07 - trades.XAGAUDm - DEBUG - [SKIP] Cannot open trade: Circuit breaker: Rolling PnL of last 50 trades <= -$10 (current: $-11.59) (resumes in 3200s)
2025-12-23 16:44:00 - trades.XAGAUDm - DEBUG - [SKIP] Cannot open trade: Circuit breaker: Rolling PnL of last 50 trades <= -$10 (current: $-11.59) (resumes in 2907s)
2025-12-23 16:48:55 - trades.XAGAUDm - DEBUG - [SKIP] Cannot open trade: Circuit breaker: Rolling PnL of last 50 trades <= -$10 (current: $-11.59) (resumes in 2611s)
2025-12-23 16:54:04 - trades.XAGAUDm - DEBUG - [SKIP] Cannot open trade: Circuit breaker: Rolling PnL of last 50 trades <= -$10 (current: $-11.59) (resumes in 2303s)
2025-12-23 16:59:09 - trades.XAGAUDm - DEBUG - [SKIP] Cannot open trade: Circuit breaker: Rolling PnL of last 50 trades <= -$10 (current: $-11.59) (resumes in 1997s)
2025-12-23 17:04:12 - trades.XAGAUDm - DEBUG - [SKIP] Cannot open trade: Circuit breaker: Rolling PnL of last 50 trades <= -$10 (current: $-11.59) (resumes in 1695s)
2025-12-23 17:09:03 - trades.XAGAUDm - DEBUG - [SKIP] Cannot open trade: Circuit breaker: Rolling PnL of last 50 trades <= -$10 (current: $-11.59) (resumes in 1404s)
2025-12-23 17:14:18 - trades.XAGAUDm - DEBUG - [SKIP] Cannot open trade: Circuit breaker: Rolling PnL of last 50 trades <= -$10 (current: $-11.59) (resumes in 1088s)
2025-12-23 17:19:14 - trades.XAGAUDm - DEBUG - [SKIP] Cannot open trade: Circuit breaker: Rolling PnL of last 50 trades <= -$10 (current: $-11.59) (resumes in 793s)
2025-12-23 17:23:59 - trades.XAGAUDm - DEBUG - [SKIP] Cannot open trade: Circuit breaker: Rolling PnL of last 50 trades <= -$10 (current: $-11.59) (resumes in 507s)
2025-12-23 17:28:53 - trades.XAGAUDm - DEBUG - [SKIP] Cannot open trade: Circuit breaker: Rolling PnL of last 50 trades <= -$10 (current: $-11.59) (resumes in 214s)
2025-12-23 17:42:21 - trades.XAGAUDm - DEBUG - [SKIP] Cannot open trade: Circuit breaker: Rolling PnL of last 50 trades <= -$10 (current: $-11.59) (resumes in 3007s)
2025-12-23 17:46:50 - trades.XAGAUDm - DEBUG - [SKIP] Cannot open trade: Circuit breaker: Rolling PnL of last 50 trades <= -$10 (current: $-11.59) (resumes in 2738s)
2025-12-23 17:51:25 - trades.XAGAUDm - DEBUG - [SKIP] Cannot open trade: Circuit breaker: Rolling PnL of last 50 trades <= -$10 (current: $-11.59) (resumes in 2463s)
2025-12-23 17:56:10 - trades.XAGAUDm - DEBUG - [SKIP] Cannot open trade: Circuit breaker: Rolling PnL of last 50 trades <= -$10 (current: $-11.59) (resumes in 2178s)
2025-12-23 18:00:45 - trades.XAGAUDm - DEBUG - [SKIP] Cannot open trade: Circuit breaker: Rolling PnL of last 50 trades <= -$10 (current: $-11.59) (resumes in 1904s)
2025-12-23 18:05:12 - trades.XAGAUDm - DEBUG - [SKIP] Cannot open trade: Circuit breaker: Rolling PnL of last 50 trades <= -$10 (current: $-11.59) (resumes in 1636s)
2025-12-23 18:09:47 - trades.XAGAUDm - DEBUG - [SKIP] Cannot open trade: Circuit breaker: Rolling PnL of last 50 trades <= -$10 (current: $-11.59) (resumes in 1361s)
2025-12-23 18:14:17 - trades.XAGAUDm - DEBUG - [SKIP] Cannot open trade: Circuit breaker: Rolling PnL of last 50 trades <= -$10 (current: $-11.59) (resumes in 1091s)
2025-12-23 18:18:23 - trades.XAGAUDm - DEBUG - [SKIP] Cannot open trade: Circuit breaker: Rolling PnL of last 50 trades <= -$10 (current: $-11.59) (resumes in 845s)
2025-12-23 18:27:10 - trades.XAGAUDm - DEBUG - [SKIP] Cannot open trade: Circuit breaker: Rolling PnL of last 50 trades <= -$10 (current: $-11.59) (resumes in 318s)
2025-12-23 18:36:04 - trades.XAGAUDm - DEBUG - [SKIP] Cannot open trade: Circuit breaker: Rolling PnL of last 50 trades <= -$10 (current: $-11.59) (resumes in 3386s)
2025-12-23 18:40:40 - trades.XAGAUDm - DEBUG - [SKIP] Cannot open trade: Circuit breaker: Rolling PnL of last 50 trades <= -$10 (current: $-11.59) (resumes in 3110s)
2025-12-23 18:49:12 - trades.XAGAUDm - DEBUG - [SKIP] Cannot open trade: Circuit breaker: Rolling PnL of last 50 trades <= -$10 (current: $-11.59) (resumes in 2598s)
2025-12-23 18:53:39 - trades.XAGAUDm - DEBUG - [SKIP] Cannot open trade: Circuit breaker: Rolling PnL of last 50 trades <= -$10 (current: $-11.59) (resumes in 2331s)
2025-12-23 18:58:02 - trades.XAGAUDm - DEBUG - [SKIP] Cannot open trade: Circuit breaker: Rolling PnL of last 50 trades <= -$10 (current: $-11.59) (resumes in 2068s)
2025-12-23 19:10:48 - trades.XAGAUDm - DEBUG - [SKIP] Cannot open trade: Circuit breaker: Rolling PnL of last 50 trades <= -$10 (current: $-11.59) (resumes in 1302s)
2025-12-23 19:15:00 - trades.XAGAUDm - DEBUG - [SKIP] Cannot open trade: Circuit breaker: Rolling PnL of last 50 trades <= -$10 (current: $-11.59) (resumes in 1050s)
2025-12-23 19:23:00 - trades.XAGAUDm - DEBUG - [SKIP] Cannot open trade: Circuit breaker: Rolling PnL of last 50 trades <= -$10 (current: $-11.59) (resumes in 570s)
2025-12-23 19:27:26 - trades.XAGAUDm - DEBUG - [SKIP] Cannot open trade: Circuit breaker: Rolling PnL of last 50 trades <= -$10 (current: $-11.59) (resumes in 304s)
2025-12-23 19:31:40 - trades.XAGAUDm - DEBUG - [SKIP] Cannot open trade: Circuit breaker: Rolling PnL of last 50 trades <= -$10 (current: $-11.59) (resumes in 50s)
2025-12-23 19:36:03 - trades.XAGAUDm - DEBUG - [SKIP] Cannot open trade: Circuit breaker: Rolling PnL of last 50 trades <= -$10 (current: $-11.59) (resumes in 3494s)
2025-12-23 19:40:37 - trades.XAGAUDm - DEBUG - [SKIP] Cannot open trade: Circuit breaker: Rolling PnL of last 50 trades <= -$10 (current: $-11.59) (resumes in 3219s)
2025-12-23 19:44:40 - trades.XAGAUDm - DEBUG - [SKIP] Cannot open trade: Circuit breaker: Rolling PnL of last 50 trades <= -$10 (current: $-11.59) (resumes in 2977s)
2025-12-23 19:48:49 - trades.XAGAUDm - DEBUG - [SKIP] Cannot open trade: Circuit breaker: Rolling PnL of last 50 trades <= -$10 (current: $-11.59) (resumes in 2728s)
2025-12-23 19:52:49 - trades.XAGAUDm - DEBUG - [SKIP] Cannot open trade: Circuit breaker: Rolling PnL of last 50 trades <= -$10 (current: $-11.59) (resumes in 2488s)
2025-12-23 19:57:11 - trades.XAGAUDm - DEBUG - [SKIP] Cannot open trade: Circuit breaker: Rolling PnL of last 50 trades <= -$10 (current: $-11.59) (resumes in 2226s)
2025-12-23 20:01:18 - trades.XAGAUDm - DEBUG - [SKIP] Cannot open trade: Circuit breaker: Rolling PnL of last 50 trades <= -$10 (current: $-11.59) (resumes in 1979s)
2025-12-23 20:05:25 - trades.XAGAUDm - DEBUG - [SKIP] Cannot open trade: Circuit breaker: Rolling PnL of last 50 trades <= -$10 (current: $-11.59) (resumes in 1732s)
2025-12-23 20:09:47 - trades.XAGAUDm - DEBUG - [SKIP] Cannot open trade: Circuit breaker: Rolling PnL of last 50 trades <= -$10 (current: $-11.59) (resumes in 1470s)
2025-12-23 20:14:08 - trades.XAGAUDm - DEBUG - [SKIP] Cannot open trade: Circuit breaker: Rolling PnL of last 50 trades <= -$10 (current: $-11.59) (resumes in 1209s)
2025-12-23 20:18:35 - trades.XAGAUDm - DEBUG - [SKIP] Cannot open trade: Circuit breaker: Rolling PnL of last 50 trades <= -$10 (current: $-11.59) (resumes in 942s)
2025-12-23 20:22:48 - trades.XAGAUDm - DEBUG - [SKIP] Cannot open trade: Circuit breaker: Rolling PnL of last 50 trades <= -$10 (current: $-11.59) (resumes in 689s)
2025-12-23 20:26:48 - trades.XAGAUDm - DEBUG - [SKIP] Cannot open trade: Circuit breaker: Rolling PnL of last 50 trades <= -$10 (current: $-11.59) (resumes in 449s)
2025-12-23 20:30:48 - trades.XAGAUDm - DEBUG - [SKIP] Cannot open trade: Circuit breaker: Rolling PnL of last 50 trades <= -$10 (current: $-11.59) (resumes in 208s)
2025-12-23 20:35:41 - trades.XAGAUDm - DEBUG - [SKIP] Cannot open trade: Circuit breaker: Rolling PnL of last 50 trades <= -$10 (current: $-11.59) (resumes in 3519s)
2025-12-23 20:40:22 - trades.XAGAUDm - DEBUG - [SKIP] Cannot open trade: Circuit breaker: Rolling PnL of last 50 trades <= -$10 (current: $-11.59) (resumes in 3239s)
2025-12-23 20:44:51 - trades.XAGAUDm - DEBUG - [SKIP] Cannot open trade: Circuit breaker: Rolling PnL of last 50 trades <= -$10 (current: $-11.59) (resumes in 2969s)
2025-12-23 20:48:25 - trades.XAGAUDm - DEBUG - [SKIP] Cannot open trade: Circuit breaker: Rolling PnL of last 50 trades <= -$10 (current: $-11.59) (resumes in 2756s)
2025-12-23 20:52:12 - trades.XAGAUDm - DEBUG - [SKIP] Cannot open trade: Circuit breaker: Rolling PnL of last 50 trades <= -$10 (current: $-11.59) (resumes in 2528s)
2025-12-23 20:55:56 - trades.XAGAUDm - DEBUG - [SKIP] Cannot open trade: Circuit breaker: Rolling PnL of last 50 trades <= -$10 (current: $-11.59) (resumes in 2304s)
2025-12-23 21:03:03 - trades.XAGAUDm - DEBUG - [SKIP] Cannot open trade: Circuit breaker: Rolling PnL of last 50 trades <= -$10 (current: $-11.59) (resumes in 1877s)
2025-12-23 21:06:10 - trades.XAGAUDm - DEBUG - [SKIP] Cannot open trade: Circuit breaker: Rolling PnL of last 50 trades <= -$10 (current: $-11.59) (resumes in 1690s)
2025-12-23 21:09:17 - trades.XAGAUDm - DEBUG - [SKIP] Cannot open trade: Circuit breaker: Rolling PnL of last 50 trades <= -$10 (current: $-11.59) (resumes in 1504s)
2025-12-23 21:12:26 - trades.XAGAUDm - DEBUG - [SKIP] Cannot open trade: Circuit breaker: Rolling PnL of last 50 trades <= -$10 (current: $-11.59) (resumes in 1314s)
2025-12-23 21:15:30 - trades.XAGAUDm - DEBUG - [SKIP] Cannot open trade: Circuit breaker: Rolling PnL of last 50 trades <= -$10 (current: $-11.59) (resumes in 1130s)
2025-12-23 21:24:01 - trades.XAGAUDm - DEBUG - [SKIP] Cannot open trade: Circuit breaker: Rolling PnL of last 50 trades <= -$10 (current: $-11.59) (resumes in 619s)
2025-12-23 21:26:48 - trades.XAGAUDm - DEBUG - [SKIP] Cannot open trade: Circuit breaker: Rolling PnL of last 50 trades <= -$10 (current: $-11.59) (resumes in 452s)
2025-12-23 21:29:34 - trades.XAGAUDm - DEBUG - [SKIP] Cannot open trade: Circuit breaker: Rolling PnL of last 50 trades <= -$10 (current: $-11.59) (resumes in 286s)
2025-12-23 21:32:22 - trades.XAGAUDm - DEBUG - [SKIP] Cannot open trade: Circuit breaker: Rolling PnL of last 50 trades <= -$10 (current: $-11.59) (resumes in 118s)
2025-12-23 21:46:04 - trades.XAGAUDm - DEBUG - [SKIP] Cannot open trade: Circuit breaker: Rolling PnL of last 50 trades <= -$10 (current: $-11.59) (resumes in 2924s)
2025-12-23 21:48:48 - trades.XAGAUDm - DEBUG - [SKIP] Cannot open trade: Circuit breaker: Rolling PnL of last 50 trades <= -$10 (current: $-11.59) (resumes in 2761s)
2025-12-23 21:54:13 - trades.XAGAUDm - DEBUG - [SKIP] Cannot open trade: Circuit breaker: Rolling PnL of last 50 trades <= -$10 (current: $-11.59) (resumes in 2436s)
2025-12-23 21:56:54 - trades.XAGAUDm - DEBUG - [SKIP] Cannot open trade: Circuit breaker: Rolling PnL of last 50 trades <= -$10 (current: $-11.59) (resumes in 2275s)
2025-12-23 23:02:50 - trades.XAGAUDm - DEBUG - [SKIP] Cannot open trade: Circuit breaker: Rolling PnL of last 50 trades <= -$10 (current: $-11.59) (resumes in 2006s)
2025-12-23 23:06:04 - trades.XAGAUDm - DEBUG - [SKIP] Cannot open trade: Circuit breaker: Rolling PnL of last 50 trades <= -$10 (current: $-11.59) (resumes in 1811s)
2025-12-23 23:09:20 - trades.XAGAUDm - DEBUG - [SKIP] Cannot open trade: Circuit breaker: Rolling PnL of last 50 trades <= -$10 (current: $-11.59) (resumes in 1616s)
2025-12-23 23:15:43 - trades.XAGAUDm - DEBUG - [SKIP] Cannot open trade: Circuit breaker: Rolling PnL of last 50 trades <= -$10 (current: $-11.59) (resumes in 1232s)
2025-12-23 23:32:10 - trades.XAGAUDm - DEBUG - [SKIP] Cannot open trade: Circuit breaker: Rolling PnL of last 50 trades <= -$10 (current: $-11.59) (resumes in 245s)
2025-12-23 23:35:12 - trades.XAGAUDm - DEBUG - [SKIP] Cannot open trade: Circuit breaker: Rolling PnL of last 50 trades <= -$10 (current: $-11.59) (resumes in 63s)
2025-12-23 23:38:18 - trades.XAGAUDm - DEBUG - [SKIP] Cannot open trade: Circuit breaker: Rolling PnL of last 50 trades <= -$10 (current: $-11.59) (resumes in 3569s)
2025-12-23 23:41:26 - trades.XAGAUDm - DEBUG - [SKIP] Cannot open trade: Circuit breaker: Rolling PnL of last 50 trades <= -$10 (current: $-11.59) (resumes in 3382s)
2025-12-24 00:00:13 - trades.XAGAUDm - DEBUG - [SKIP] Cannot open trade: Circuit breaker: Rolling PnL of last 50 trades <= -$10 (current: $-11.59) (resumes in 2255s)
2025-12-24 00:02:28 - trades.XAGAUDm - DEBUG - [SKIP] Cannot open trade: Circuit breaker: Rolling PnL of last 50 trades <= -$10 (current: $-11.59) (resumes in 2120s)
2025-12-24 00:04:36 - trades.XAGAUDm - DEBUG - [SKIP] Cannot open trade: Circuit breaker: Rolling PnL of last 50 trades <= -$10 (current: $-11.59) (resumes in 1991s)
2025-12-24 00:06:45 - trades.XAGAUDm - DEBUG - [SKIP] Cannot open trade: Circuit breaker: Rolling PnL of last 50 trades <= -$10 (current: $-11.59) (resumes in 1862s)
2025-12-24 00:08:58 - trades.XAGAUDm - DEBUG - [SKIP] Cannot open trade: Circuit breaker: Rolling PnL of last 50 trades <= -$10 (current: $-11.59) (resumes in 1730s)
2025-12-24 00:11:07 - trades.XAGAUDm - DEBUG - [SKIP] Cannot open trade: Circuit breaker: Rolling PnL of last 50 trades <= -$10 (current: $-11.59) (resumes in 1601s)
2025-12-24 00:13:20 - trades.XAGAUDm - DEBUG - [SKIP] Cannot open trade: Circuit breaker: Rolling PnL of last 50 trades <= -$10 (current: $-11.59) (resumes in 1467s)
2025-12-24 00:15:32 - trades.XAGAUDm - DEBUG - [SKIP] Cannot open trade: Circuit breaker: Rolling PnL of last 50 trades <= -$10 (current: $-11.59) (resumes in 1336s)
2025-12-24 00:17:46 - trades.XAGAUDm - DEBUG - [SKIP] Cannot open trade: Circuit breaker: Rolling PnL of last 50 trades <= -$10 (current: $-11.59) (resumes in 1202s)
2025-12-24 00:20:03 - trades.XAGAUDm - DEBUG - [SKIP] Cannot open trade: Circuit breaker: Rolling PnL of last 50 trades <= -$10 (current: $-11.59) (resumes in 1064s)
2025-12-24 00:22:21 - trades.XAGAUDm - DEBUG - [SKIP] Cannot open trade: Circuit breaker: Rolling PnL of last 50 trades <= -$10 (current: $-11.59) (resumes in 927s)
2025-12-24 00:24:30 - trades.XAGAUDm - DEBUG - [SKIP] Cannot open trade: Circuit breaker: Rolling PnL of last 50 trades <= -$10 (current: $-11.59) (resumes in 797s)
2025-12-24 00:26:44 - trades.XAGAUDm - DEBUG - [SKIP] Cannot open trade: Circuit breaker: Rolling PnL of last 50 trades <= -$10 (current: $-11.59) (resumes in 664s)
2025-12-24 00:28:53 - trades.XAGAUDm - DEBUG - [SKIP] Cannot open trade: Circuit breaker: Rolling PnL of last 50 trades <= -$10 (current: $-11.59) (resumes in 534s)
2025-12-24 00:31:02 - trades.XAGAUDm - DEBUG - [SKIP] Cannot open trade: Circuit breaker: Rolling PnL of last 50 trades <= -$10 (current: $-11.59) (resumes in 405s)
2025-12-24 00:33:08 - trades.XAGAUDm - DEBUG - [SKIP] Cannot open trade: Circuit breaker: Rolling PnL of last 50 trades <= -$10 (current: $-11.59) (resumes in 280s)
2025-12-24 00:35:16 - trades.XAGAUDm - DEBUG - [SKIP] Cannot open trade: Circuit breaker: Rolling PnL of last 50 trades <= -$10 (current: $-11.59) (resumes in 152s)
2025-12-24 00:37:23 - trades.XAGAUDm - DEBUG - [SKIP] Cannot open trade: Circuit breaker: Rolling PnL of last 50 trades <= -$10 (current: $-11.59) (resumes in 24s)
2025-12-24 00:39:29 - trades.XAGAUDm - DEBUG - [SKIP] Cannot open trade: Circuit breaker: Rolling PnL of last 50 trades <= -$10 (current: $-11.59) (resumes in 3588s)
2025-12-24 00:45:42 - trades.XAGAUDm - DEBUG - [SKIP] Cannot open trade: Circuit breaker: Rolling PnL of last 50 trades <= -$10 (current: $-11.59) (resumes in 3215s)
2025-12-24 00:47:49 - trades.XAGAUDm - DEBUG - [SKIP] Cannot open trade: Circuit breaker: Rolling PnL of last 50 trades <= -$10 (current: $-11.59) (resumes in 3088s)
2025-12-24 00:49:56 - trades.XAGAUDm - DEBUG - [SKIP] Cannot open trade: Circuit breaker: Rolling PnL of last 50 trades <= -$10 (current: $-11.59) (resumes in 2962s)
2025-12-24 00:52:06 - trades.XAGAUDm - DEBUG - [SKIP] Cannot open trade: Circuit breaker: Rolling PnL of last 50 trades <= -$10 (current: $-11.59) (resumes in 2832s)
2025-12-24 00:54:16 - trades.XAGAUDm - DEBUG - [SKIP] Cannot open trade: Circuit breaker: Rolling PnL of last 50 trades <= -$10 (current: $-11.59) (resumes in 2701s)
2025-12-24 00:56:25 - trades.XAGAUDm - DEBUG - [SKIP] Cannot open trade: Circuit breaker: Rolling PnL of last 50 trades <= -$10 (current: $-11.59) (resumes in 2572s)
2025-12-24 00:58:32 - trades.XAGAUDm - DEBUG - [SKIP] Cannot open trade: Circuit breaker: Rolling PnL of last 50 trades <= -$10 (current: $-11.59) (resumes in 2445s)
2025-12-24 01:00:40 - trades.XAGAUDm - DEBUG - [SKIP] Cannot open trade: Circuit breaker: Rolling PnL of last 50 trades <= -$10 (current: $-11.59) (resumes in 2317s)
2025-12-24 01:13:59 - trades.XAGAUDm - DEBUG - [SKIP] Cannot open trade: Circuit breaker: Rolling PnL of last 50 trades <= -$10 (current: $-11.59) (resumes in 1519s)
2025-12-24 01:16:16 - trades.XAGAUDm - DEBUG - [SKIP] Cannot open trade: Circuit breaker: Rolling PnL of last 50 trades <= -$10 (current: $-11.59) (resumes in 1381s)
2025-12-24 01:18:31 - trades.XAGAUDm - DEBUG - [SKIP] Cannot open trade: Circuit breaker: Rolling PnL of last 50 trades <= -$10 (current: $-11.59) (resumes in 1246s)
2025-12-24 01:33:40 - trades.XAGAUDm - DEBUG - [SKIP] Cannot open trade: Circuit breaker: Rolling PnL of last 50 trades <= -$10 (current: $-11.59) (resumes in 337s)
2025-12-24 01:35:46 - trades.XAGAUDm - DEBUG - [SKIP] Cannot open trade: Circuit breaker: Rolling PnL of last 50 trades <= -$10 (current: $-11.59) (resumes in 212s)
2025-12-24 01:37:53 - trades.XAGAUDm - DEBUG - [SKIP] Cannot open trade: Circuit breaker: Rolling PnL of last 50 trades <= -$10 (current: $-11.59) (resumes in 84s)
2025-12-24 01:40:04 - trades.XAGAUDm - DEBUG - [SKIP] Cannot open trade: Circuit breaker: Rolling PnL of last 50 trades <= -$10 (current: $-11.59) (resumes in 3582s)
2025-12-24 01:42:15 - trades.XAGAUDm - DEBUG - [SKIP] Cannot open trade: Circuit breaker: Rolling PnL of last 50 trades <= -$10 (current: $-11.59) (resumes in 3451s)
2025-12-24 01:44:22 - trades.XAGAUDm - DEBUG - [SKIP] Cannot open trade: Circuit breaker: Rolling PnL of last 50 trades <= -$10 (current: $-11.59) (resumes in 3323s)
2025-12-24 01:46:27 - trades.XAGAUDm - DEBUG - [SKIP] Cannot open trade: Circuit breaker: Rolling PnL of last 50 trades <= -$10 (current: $-11.59) (resumes in 3198s)
2025-12-24 01:48:30 - trades.XAGAUDm - DEBUG - [SKIP] Cannot open trade: Circuit breaker: Rolling PnL of last 50 trades <= -$10 (current: $-11.59) (resumes in 3075s)
2025-12-24 01:50:37 - trades.XAGAUDm - DEBUG - [SKIP] Cannot open trade: Circuit breaker: Rolling PnL of last 50 trades <= -$10 (current: $-11.59) (resumes in 2948s)
2025-12-24 01:52:46 - trades.XAGAUDm - DEBUG - [SKIP] Cannot open trade: Circuit breaker: Rolling PnL of last 50 trades <= -$10 (current: $-11.59) (resumes in 2819s)
2025-12-24 02:06:00 - trades.XAGAUDm - DEBUG - [SKIP] Cannot open trade: Circuit breaker: Rolling PnL of last 50 trades <= -$10 (current: $-11.59) (resumes in 2025s)
2025-12-24 02:10:58 - trades.XAGAUDm - DEBUG - [SKIP] Cannot open trade: Circuit breaker: Rolling PnL of last 50 trades <= -$10 (current: $-11.59) (resumes in 1728s)
2025-12-24 02:13:30 - trades.XAGAUDm - DEBUG - [SKIP] Cannot open trade: Circuit breaker: Rolling PnL of last 50 trades <= -$10 (current: $-11.59) (resumes in 1576s)
2025-12-24 02:15:57 - trades.XAGAUDm - DEBUG - [SKIP] Cannot open trade: Circuit breaker: Rolling PnL of last 50 trades <= -$10 (current: $-11.59) (resumes in 1429s)
2025-12-24 02:22:54 - trades.XAGAUDm - DEBUG - [SKIP] Cannot open trade: Circuit breaker: Rolling PnL of last 50 trades <= -$10 (current: $-11.59) (resumes in 1011s)
2025-12-24 02:25:11 - trades.XAGAUDm - DEBUG - [SKIP] Cannot open trade: Circuit breaker: Rolling PnL of last 50 trades <= -$10 (current: $-11.59) (resumes in 874s)
2025-12-24 02:27:26 - trades.XAGAUDm - DEBUG - [SKIP] Cannot open trade: Circuit breaker: Rolling PnL of last 50 trades <= -$10 (current: $-11.59) (resumes in 740s)
2025-12-24 02:29:42 - trades.XAGAUDm - DEBUG - [SKIP] Cannot open trade: Circuit breaker: Rolling PnL of last 50 trades <= -$10 (current: $-11.59) (resumes in 604s)
2025-12-24 02:32:15 - trades.XAGAUDm - DEBUG - [SKIP] Cannot open trade: Circuit breaker: Rolling PnL of last 50 trades <= -$10 (current: $-11.59) (resumes in 450s)
2025-12-24 02:34:50 - trades.XAGAUDm - DEBUG - [SKIP] Cannot open trade: Circuit breaker: Rolling PnL of last 50 trades <= -$10 (current: $-11.59) (resumes in 296s)
2025-12-24 02:37:29 - trades.XAGAUDm - DEBUG - [SKIP] Cannot open trade: Circuit breaker: Rolling PnL of last 50 trades <= -$10 (current: $-11.59) (resumes in 136s)
2025-12-24 02:40:08 - trades.XAGAUDm - DEBUG - [SKIP] Cannot open trade: Circuit breaker: Rolling PnL of last 50 trades <= -$10 (current: $-11.59) (resumes in 3580s)
2025-12-24 02:42:30 - trades.XAGAUDm - DEBUG - [SKIP] Cannot open trade: Circuit breaker: Rolling PnL of last 50 trades <= -$10 (current: $-11.59) (resumes in 3438s)
2025-12-24 02:44:47 - trades.XAGAUDm - DEBUG - [SKIP] Cannot open trade: Circuit breaker: Rolling PnL of last 50 trades <= -$10 (current: $-11.59) (resumes in 3302s)
2025-12-24 02:47:06 - trades.XAGAUDm - DEBUG - [SKIP] Cannot open trade: Circuit breaker: Rolling PnL of last 50 trades <= -$10 (current: $-11.59) (resumes in 3162s)
2025-12-24 02:53:52 - trades.XAGAUDm - DEBUG - [SKIP] Cannot open trade: Circuit breaker: Rolling PnL of last 50 trades <= -$10 (current: $-11.59) (resumes in 2756s)
2025-12-24 02:56:05 - trades.XAGAUDm - DEBUG - [SKIP] Cannot open trade: Circuit breaker: Rolling PnL of last 50 trades <= -$10 (current: $-11.59) (resumes in 2623s)
2025-12-24 02:58:21 - trades.XAGAUDm - DEBUG - [SKIP] Cannot open trade: Circuit breaker: Rolling PnL of last 50 trades <= -$10 (current: $-11.59) (resumes in 2488s)
2025-12-24 03:00:37 - trades.XAGAUDm - DEBUG - [SKIP] Cannot open trade: Circuit breaker: Rolling PnL of last 50 trades <= -$10 (current: $-11.59) (resumes in 2352s)
2025-12-24 03:02:55 - trades.XAGAUDm - DEBUG - [SKIP] Cannot open trade: Circuit breaker: Rolling PnL of last 50 trades <= -$10 (current: $-11.59) (resumes in 2214s)
2025-12-24 03:07:31 - trades.XAGAUDm - DEBUG - [SKIP] Cannot open trade: Circuit breaker: Rolling PnL of last 50 trades <= -$10 (current: $-11.59) (resumes in 1937s)
2025-12-24 03:09:43 - trades.XAGAUDm - DEBUG - [SKIP] Cannot open trade: Circuit breaker: Rolling PnL of last 50 trades <= -$10 (current: $-11.59) (resumes in 1805s)
2025-12-24 03:11:57 - trades.XAGAUDm - DEBUG - [SKIP] Cannot open trade: Circuit breaker: Rolling PnL of last 50 trades <= -$10 (current: $-11.59) (resumes in 1671s)
2025-12-24 03:14:09 - trades.XAGAUDm - DEBUG - [SKIP] Cannot open trade: Circuit breaker: Rolling PnL of last 50 trades <= -$10 (current: $-11.59) (resumes in 1539s)
2025-12-24 03:16:21 - trades.XAGAUDm - DEBUG - [SKIP] Cannot open trade: Circuit breaker: Rolling PnL of last 50 trades <= -$10 (current: $-11.59) (resumes in 1407s)
2025-12-24 03:18:33 - trades.XAGAUDm - DEBUG - [SKIP] Cannot open trade: Circuit breaker: Rolling PnL of last 50 trades <= -$10 (current: $-11.59) (resumes in 1276s)
2025-12-24 03:20:45 - trades.XAGAUDm - DEBUG - [SKIP] Cannot open trade: Circuit breaker: Rolling PnL of last 50 trades <= -$10 (current: $-11.59) (resumes in 1143s)
2025-12-24 03:22:53 - trades.XAGAUDm - DEBUG - [SKIP] Cannot open trade: Circuit breaker: Rolling PnL of last 50 trades <= -$10 (current: $-11.59) (resumes in 1015s)
2025-12-24 03:25:01 - trades.XAGAUDm - DEBUG - [SKIP] Cannot open trade: Circuit breaker: Rolling PnL of last 50 trades <= -$10 (current: $-11.59) (resumes in 888s)
2025-12-24 03:27:10 - trades.XAGAUDm - DEBUG - [SKIP] Cannot open trade: Circuit breaker: Rolling PnL of last 50 trades <= -$10 (current: $-11.59) (resumes in 758s)
2025-12-24 03:29:21 - trades.XAGAUDm - DEBUG - [SKIP] Cannot open trade: Circuit breaker: Rolling PnL of last 50 trades <= -$10 (current: $-11.59) (resumes in 627s)
2025-12-24 03:31:30 - trades.XAGAUDm - DEBUG - [SKIP] Cannot open trade: Circuit breaker: Rolling PnL of last 50 trades <= -$10 (current: $-11.59) (resumes in 498s)
2025-12-24 03:33:37 - trades.XAGAUDm - DEBUG - [SKIP] Cannot open trade: Circuit breaker: Rolling PnL of last 50 trades <= -$10 (current: $-11.59) (resumes in 371s)
2025-12-24 03:35:47 - trades.XAGAUDm - DEBUG - [SKIP] Cannot open trade: Circuit breaker: Rolling PnL of last 50 trades <= -$10 (current: $-11.59) (resumes in 241s)
2025-12-24 03:37:56 - trades.XAGAUDm - DEBUG - [SKIP] Cannot open trade: Circuit breaker: Rolling PnL of last 50 trades <= -$10 (current: $-11.59) (resumes in 112s)
2025-12-24 03:40:09 - trades.XAGAUDm - DEBUG - [SKIP] Cannot open trade: Circuit breaker: Rolling PnL of last 50 trades <= -$10 (current: $-11.59) (resumes in 3582s)
2025-12-24 03:42:15 - trades.XAGAUDm - DEBUG - [SKIP] Cannot open trade: Circuit breaker: Rolling PnL of last 50 trades <= -$10 (current: $-11.59) (resumes in 3456s)
2025-12-24 03:44:21 - trades.XAGAUDm - DEBUG - [SKIP] Cannot open trade: Circuit breaker: Rolling PnL of last 50 trades <= -$10 (current: $-11.59) (resumes in 3330s)
2025-12-24 03:46:26 - trades.XAGAUDm - DEBUG - [SKIP] Cannot open trade: Circuit breaker: Rolling PnL of last 50 trades <= -$10 (current: $-11.59) (resumes in 3205s)
2025-12-24 03:48:35 - trades.XAGAUDm - DEBUG - [SKIP] Cannot open trade: Circuit breaker: Rolling PnL of last 50 trades <= -$10 (current: $-11.59) (resumes in 3076s)
2025-12-24 03:50:47 - trades.XAGAUDm - DEBUG - [SKIP] Cannot open trade: Circuit breaker: Rolling PnL of last 50 trades <= -$10 (current: $-11.59) (resumes in 2944s)
2025-12-24 03:52:52 - trades.XAGAUDm - DEBUG - [SKIP] Cannot open trade: Circuit breaker: Rolling PnL of last 50 trades <= -$10 (current: $-11.59) (resumes in 2819s)
2025-12-24 03:54:58 - trades.XAGAUDm - DEBUG - [SKIP] Cannot open trade: Circuit breaker: Rolling PnL of last 50 trades <= -$10 (current: $-11.59) (resumes in 2693s)
2025-12-24 03:57:06 - trades.XAGAUDm - DEBUG - [SKIP] Cannot open trade: Circuit breaker: Rolling PnL of last 50 trades <= -$10 (current: $-11.59) (resumes in 2564s)
2025-12-24 03:59:13 - trades.XAGAUDm - DEBUG - [SKIP] Cannot open trade: Circuit breaker: Rolling PnL of last 50 trades <= -$10 (current: $-11.59) (resumes in 2438s)
2025-12-24 04:01:17 - trades.XAGAUDm - DEBUG - [SKIP] Cannot open trade: Circuit breaker: Rolling PnL of last 50 trades <= -$10 (current: $-11.59) (resumes in 2314s)
2025-12-24 04:03:25 - trades.XAGAUDm - DEBUG - [SKIP] Cannot open trade: Circuit breaker: Rolling PnL of last 50 trades <= -$10 (current: $-11.59) (resumes in 2186s)
2025-12-24 04:07:41 - trades.XAGAUDm - DEBUG - [SKIP] Cannot open trade: Circuit breaker: Rolling PnL of last 50 trades <= -$10 (current: $-11.59) (resumes in 1929s)
2025-12-24 04:09:53 - trades.XAGAUDm - DEBUG - [SKIP] Cannot open trade: Circuit breaker: Rolling PnL of last 50 trades <= -$10 (current: $-11.59) (resumes in 1798s)
2025-12-24 04:12:04 - trades.XAGAUDm - DEBUG - [SKIP] Cannot open trade: Circuit breaker: Rolling PnL of last 50 trades <= -$10 (current: $-11.59) (resumes in 1667s)
2025-12-24 04:16:26 - trades.XAGAUDm - DEBUG - [SKIP] Cannot open trade: Circuit breaker: Rolling PnL of last 50 trades <= -$10 (current: $-11.59) (resumes in 1405s)
2025-12-24 04:18:39 - trades.XAGAUDm - DEBUG - [SKIP] Cannot open trade: Circuit breaker: Rolling PnL of last 50 trades <= -$10 (current: $-11.59) (resumes in 1272s)
2025-12-24 04:20:52 - trades.XAGAUDm - DEBUG - [SKIP] Cannot open trade: Circuit breaker: Rolling PnL of last 50 trades <= -$10 (current: $-11.59) (resumes in 1139s)
2025-12-24 04:23:06 - trades.XAGAUDm - DEBUG - [SKIP] Cannot open trade: Circuit breaker: Rolling PnL of last 50 trades <= -$10 (current: $-11.59) (resumes in 1005s)
2025-12-24 04:27:28 - trades.XAGAUDm - DEBUG - [SKIP] Cannot open trade: Circuit breaker: Rolling PnL of last 50 trades <= -$10 (current: $-11.59) (resumes in 743s)
2025-12-24 04:29:36 - trades.XAGAUDm - DEBUG - [SKIP] Cannot open trade: Circuit breaker: Rolling PnL of last 50 trades <= -$10 (current: $-11.59) (resumes in 615s)
2025-12-24 04:31:43 - trades.XAGAUDm - DEBUG - [SKIP] Cannot open trade: Circuit breaker: Rolling PnL of last 50 trades <= -$10 (current: $-11.59) (resumes in 488s)
2025-12-24 04:33:48 - trades.XAGAUDm - DEBUG - [SKIP] Cannot open trade: Circuit breaker: Rolling PnL of last 50 trades <= -$10 (current: $-11.59) (resumes in 363s)
2025-12-24 04:35:57 - trades.XAGAUDm - DEBUG - [SKIP] Cannot open trade: Circuit breaker: Rolling PnL of last 50 trades <= -$10 (current: $-11.59) (resumes in 234s)
2025-12-24 04:38:12 - trades.XAGAUDm - DEBUG - [SKIP] Cannot open trade: Circuit breaker: Rolling PnL of last 50 trades <= -$10 (current: $-11.59) (resumes in 99s)
2025-12-24 04:40:23 - trades.XAGAUDm - DEBUG - [SKIP] Cannot open trade: Circuit breaker: Rolling PnL of last 50 trades <= -$10 (current: $-11.59) (resumes in 3585s)
2025-12-24 04:42:32 - trades.XAGAUDm - DEBUG - [SKIP] Cannot open trade: Circuit breaker: Rolling PnL of last 50 trades <= -$10 (current: $-11.59) (resumes in 3456s)
2025-12-24 04:44:39 - trades.XAGAUDm - DEBUG - [SKIP] Cannot open trade: Circuit breaker: Rolling PnL of last 50 trades <= -$10 (current: $-11.59) (resumes in 3329s)
2025-12-24 04:46:45 - trades.XAGAUDm - DEBUG - [SKIP] Cannot open trade: Circuit breaker: Rolling PnL of last 50 trades <= -$10 (current: $-11.59) (resumes in 3204s)
2025-12-24 04:48:52 - trades.XAGAUDm - DEBUG - [SKIP] Cannot open trade: Circuit breaker: Rolling PnL of last 50 trades <= -$10 (current: $-11.59) (resumes in 3077s)
2025-12-24 04:53:05 - trades.XAGAUDm - DEBUG - [SKIP] Cannot open trade: Circuit breaker: Rolling PnL of last 50 trades <= -$10 (current: $-11.59) (resumes in 2824s)
2025-12-24 04:55:11 - trades.XAGAUDm - DEBUG - [SKIP] Cannot open trade: Circuit breaker: Rolling PnL of last 50 trades <= -$10 (current: $-11.59) (resumes in 2697s)
2025-12-24 04:57:21 - trades.XAGAUDm - DEBUG - [SKIP] Cannot open trade: Circuit breaker: Rolling PnL of last 50 trades <= -$10 (current: $-11.59) (resumes in 2568s)
2025-12-24 04:59:27 - trades.XAGAUDm - DEBUG - [SKIP] Cannot open trade: Circuit breaker: Rolling PnL of last 50 trades <= -$10 (current: $-11.59) (resumes in 2441s)
2025-12-24 05:01:37 - trades.XAGAUDm - DEBUG - [SKIP] Cannot open trade: Circuit breaker: Rolling PnL of last 50 trades <= -$10 (current: $-11.59) (resumes in 2311s)
2025-12-24 05:03:59 - trades.XAGAUDm - DEBUG - [SKIP] Cannot open trade: Circuit breaker: Rolling PnL of last 50 trades <= -$10 (current: $-11.59) (resumes in 2170s)
2025-12-24 05:06:10 - trades.XAGAUDm - DEBUG - [SKIP] Cannot open trade: Circuit breaker: Rolling PnL of last 50 trades <= -$10 (current: $-11.59) (resumes in 2038s)
2025-12-24 05:08:17 - trades.XAGAUDm - DEBUG - [SKIP] Cannot open trade: Circuit breaker: Rolling PnL of last 50 trades <= -$10 (current: $-11.59) (resumes in 1911s)
2025-12-24 05:10:21 - trades.XAGAUDm - DEBUG - [SKIP] Cannot open trade: Circuit breaker: Rolling PnL of last 50 trades <= -$10 (current: $-11.59) (resumes in 1788s)
2025-12-24 05:12:22 - trades.XAGAUDm - DEBUG - [SKIP] Cannot open trade: Circuit breaker: Rolling PnL of last 50 trades <= -$10 (current: $-11.59) (resumes in 1666s)
2025-12-24 05:18:27 - trades.XAGAUDm - DEBUG - [SKIP] Cannot open trade: Circuit breaker: Rolling PnL of last 50 trades <= -$10 (current: $-11.59) (resumes in 1302s)
2025-12-24 05:20:28 - trades.XAGAUDm - DEBUG - [SKIP] Cannot open trade: Circuit breaker: Rolling PnL of last 50 trades <= -$10 (current: $-11.59) (resumes in 1180s)
2025-12-24 05:22:32 - trades.XAGAUDm - DEBUG - [SKIP] Cannot open trade: Circuit breaker: Rolling PnL of last 50 trades <= -$10 (current: $-11.59) (resumes in 1056s)
2025-12-24 05:24:37 - trades.XAGAUDm - DEBUG - [SKIP] Cannot open trade: Circuit breaker: Rolling PnL of last 50 trades <= -$10 (current: $-11.59) (resumes in 931s)
2025-12-24 05:26:39 - trades.XAGAUDm - DEBUG - [SKIP] Cannot open trade: Circuit breaker: Rolling PnL of last 50 trades <= -$10 (current: $-11.59) (resumes in 809s)
2025-12-24 05:28:40 - trades.XAGAUDm - DEBUG - [SKIP] Cannot open trade: Circuit breaker: Rolling PnL of last 50 trades <= -$10 (current: $-11.59) (resumes in 688s)
2025-12-24 05:32:45 - trades.XAGAUDm - DEBUG - [SKIP] Cannot open trade: Circuit breaker: Rolling PnL of last 50 trades <= -$10 (current: $-11.59) (resumes in 444s)
2025-12-24 05:34:49 - trades.XAGAUDm - DEBUG - [SKIP] Cannot open trade: Circuit breaker: Rolling PnL of last 50 trades <= -$10 (current: $-11.59) (resumes in 319s)
2025-12-24 05:36:53 - trades.XAGAUDm - DEBUG - [SKIP] Cannot open trade: Circuit breaker: Rolling PnL of last 50 trades <= -$10 (current: $-11.59) (resumes in 195s)
2025-12-24 05:38:57 - trades.XAGAUDm - DEBUG - [SKIP] Cannot open trade: Circuit breaker: Rolling PnL of last 50 trades <= -$10 (current: $-11.59) (resumes in 71s)
2025-12-24 05:41:02 - trades.XAGAUDm - DEBUG - [SKIP] Cannot open trade: Circuit breaker: Rolling PnL of last 50 trades <= -$10 (current: $-11.59) (resumes in 3585s)
2025-12-24 05:52:02 - trades.XAGAUDm - DEBUG - [SKIP] Cannot open trade: Circuit breaker: Rolling PnL of last 50 trades <= -$10 (current: $-11.59) (resumes in 2925s)
2025-12-24 05:55:18 - trades.XAGAUDm - DEBUG - [SKIP] Cannot open trade: Circuit breaker: Rolling PnL of last 50 trades <= -$10 (current: $-11.59) (resumes in 2729s)
2025-12-24 05:58:19 - trades.XAGAUDm - DEBUG - [SKIP] Cannot open trade: Circuit breaker: Rolling PnL of last 50 trades <= -$10 (current: $-11.59) (resumes in 2548s)
2025-12-24 06:01:24 - trades.XAGAUDm - DEBUG - [SKIP] Cannot open trade: Circuit breaker: Rolling PnL of last 50 trades <= -$10 (current: $-11.59) (resumes in 2363s)
2025-12-24 06:04:29 - trades.XAGAUDm - DEBUG - [SKIP] Cannot open trade: Circuit breaker: Rolling PnL of last 50 trades <= -$10 (current: $-11.59) (resumes in 2179s)
2025-12-24 06:07:31 - trades.XAGAUDm - DEBUG - [SKIP] Cannot open trade: Circuit breaker: Rolling PnL of last 50 trades <= -$10 (current: $-11.59) (resumes in 1997s)
2025-12-24 06:10:36 - trades.XAGAUDm - DEBUG - [SKIP] Cannot open trade: Circuit breaker: Rolling PnL of last 50 trades <= -$10 (current: $-11.59) (resumes in 1811s)
2025-12-24 06:13:43 - trades.XAGAUDm - DEBUG - [SKIP] Cannot open trade: Circuit breaker: Rolling PnL of last 50 trades <= -$10 (current: $-11.59) (resumes in 1624s)
2025-12-24 06:16:47 - trades.XAGAUDm - DEBUG - [SKIP] Cannot open trade: Circuit breaker: Rolling PnL of last 50 trades <= -$10 (current: $-11.59) (resumes in 1440s)
2025-12-24 06:19:46 - trades.XAGAUDm - DEBUG - [SKIP] Cannot open trade: Circuit breaker: Rolling PnL of last 50 trades <= -$10 (current: $-11.59) (resumes in 1261s)
2025-12-24 06:22:36 - trades.XAGAUDm - DEBUG - [SKIP] Cannot open trade: Circuit breaker: Rolling PnL of last 50 trades <= -$10 (current: $-11.59) (resumes in 1092s)
2025-12-24 06:25:31 - trades.XAGAUDm - DEBUG - [SKIP] Cannot open trade: Circuit breaker: Rolling PnL of last 50 trades <= -$10 (current: $-11.59) (resumes in 916s)
2025-12-24 06:28:24 - trades.XAGAUDm - DEBUG - [SKIP] Cannot open trade: Circuit breaker: Rolling PnL of last 50 trades <= -$10 (current: $-11.59) (resumes in 743s)
2025-12-24 06:31:21 - trades.XAGAUDm - DEBUG - [SKIP] Cannot open trade: Circuit breaker: Rolling PnL of last 50 trades <= -$10 (current: $-11.59) (resumes in 566s)
2025-12-24 06:37:20 - trades.XAGAUDm - DEBUG - [SKIP] Cannot open trade: Circuit breaker: Rolling PnL of last 50 trades <= -$10 (current: $-11.59) (resumes in 208s)
2025-12-24 06:40:19 - trades.XAGAUDm - DEBUG - [SKIP] Cannot open trade: Circuit breaker: Rolling PnL of last 50 trades <= -$10 (current: $-11.59) (resumes in 28s)
2025-12-24 06:43:20 - trades.XAGAUDm - DEBUG - [SKIP] Cannot open trade: Circuit breaker: Rolling PnL of last 50 trades <= -$10 (current: $-11.59) (resumes in 3453s)
2025-12-24 06:46:24 - trades.XAGAUDm - DEBUG - [SKIP] Cannot open trade: Circuit breaker: Rolling PnL of last 50 trades <= -$10 (current: $-11.59) (resumes in 3269s)
2025-12-24 06:52:11 - trades.XAGAUDm - DEBUG - [SKIP] Cannot open trade: Circuit breaker: Rolling PnL of last 50 trades <= -$10 (current: $-11.59) (resumes in 2922s)
2025-12-24 06:55:12 - trades.XAGAUDm - DEBUG - [SKIP] Cannot open trade: Circuit breaker: Rolling PnL of last 50 trades <= -$10 (current: $-11.59) (resumes in 2741s)
2025-12-24 07:04:11 - trades.XAGAUDm - DEBUG - [SKIP] Cannot open trade: Circuit breaker: Rolling PnL of last 50 trades <= -$10 (current: $-11.59) (resumes in 2202s)
2025-12-24 07:07:14 - trades.XAGAUDm - DEBUG - [SKIP] Cannot open trade: Circuit breaker: Rolling PnL of last 50 trades <= -$10 (current: $-11.59) (resumes in 2019s)
2025-12-24 07:10:17 - trades.XAGAUDm - DEBUG - [SKIP] Cannot open trade: Circuit breaker: Rolling PnL of last 50 trades <= -$10 (current: $-11.59) (resumes in 1837s)
2025-12-24 07:13:15 - trades.XAGAUDm - DEBUG - [SKIP] Cannot open trade: Circuit breaker: Rolling PnL of last 50 trades <= -$10 (current: $-11.59) (resumes in 1658s)
2025-12-24 07:16:18 - trades.XAGAUDm - DEBUG - [SKIP] Cannot open trade: Circuit breaker: Rolling PnL of last 50 trades <= -$10 (current: $-11.59) (resumes in 1475s)
2025-12-24 07:19:26 - trades.XAGAUDm - DEBUG - [SKIP] Cannot open trade: Circuit breaker: Rolling PnL of last 50 trades <= -$10 (current: $-11.59) (resumes in 1287s)
2025-12-24 07:22:38 - trades.XAGAUDm - DEBUG - [SKIP] Cannot open trade: Circuit breaker: Rolling PnL of last 50 trades <= -$10 (current: $-11.59) (resumes in 1095s)
2025-12-24 07:28:41 - trades.XAGAUDm - DEBUG - [SKIP] Cannot open trade: Circuit breaker: Rolling PnL of last 50 trades <= -$10 (current: $-11.59) (resumes in 732s)
2025-12-24 07:31:38 - trades.XAGAUDm - DEBUG - [SKIP] Cannot open trade: Circuit breaker: Rolling PnL of last 50 trades <= -$10 (current: $-11.59) (resumes in 555s)
2025-12-24 07:34:36 - trades.XAGAUDm - DEBUG - [SKIP] Cannot open trade: Circuit breaker: Rolling PnL of last 50 trades <= -$10 (current: $-11.59) (resumes in 377s)
2025-12-24 07:37:31 - trades.XAGAUDm - DEBUG - [SKIP] Cannot open trade: Circuit breaker: Rolling PnL of last 50 trades <= -$10 (current: $-11.59) (resumes in 202s)
2025-12-24 07:40:28 - trades.XAGAUDm - DEBUG - [SKIP] Cannot open trade: Circuit breaker: Rolling PnL of last 50 trades <= -$10 (current: $-11.59) (resumes in 26s)
2025-12-24 07:43:28 - trades.XAGAUDm - DEBUG - [SKIP] Cannot open trade: Circuit breaker: Rolling PnL of last 50 trades <= -$10 (current: $-11.59) (resumes in 3453s)
2025-12-24 07:46:30 - trades.XAGAUDm - DEBUG - [SKIP] Cannot open trade: Circuit breaker: Rolling PnL of last 50 trades <= -$10 (current: $-11.59) (resumes in 3271s)
2025-12-24 07:49:32 - trades.XAGAUDm - DEBUG - [SKIP] Cannot open trade: Circuit breaker: Rolling PnL of last 50 trades <= -$10 (current: $-11.59) (resumes in 3089s)
2025-12-24 07:52:33 - trades.XAGAUDm - DEBUG - [SKIP] Cannot open trade: Circuit breaker: Rolling PnL of last 50 trades <= -$10 (current: $-11.59) (resumes in 2908s)
2025-12-24 07:55:31 - trades.XAGAUDm - DEBUG - [SKIP] Cannot open trade: Circuit breaker: Rolling PnL of last 50 trades <= -$10 (current: $-11.59) (resumes in 2729s)
2025-12-24 07:58:38 - trades.XAGAUDm - DEBUG - [SKIP] Cannot open trade: Circuit breaker: Rolling PnL of last 50 trades <= -$10 (current: $-11.59) (resumes in 2543s)
2025-12-24 08:07:41 - trades.XAGAUDm - DEBUG - [SKIP] Cannot open trade: Circuit breaker: Rolling PnL of last 50 trades <= -$10 (current: $-11.59) (resumes in 1999s)
2025-12-24 08:10:47 - trades.XAGAUDm - DEBUG - [SKIP] Cannot open trade: Circuit breaker: Rolling PnL of last 50 trades <= -$10 (current: $-11.59) (resumes in 1814s)
2025-12-24 08:13:48 - trades.XAGAUDm - DEBUG - [SKIP] Cannot open trade: Circuit breaker: Rolling PnL of last 50 trades <= -$10 (current: $-11.59) (resumes in 1633s)
2025-12-24 08:16:54 - trades.XAGAUDm - DEBUG - [SKIP] Cannot open trade: Circuit breaker: Rolling PnL of last 50 trades <= -$10 (current: $-11.59) (resumes in 1447s)
2025-12-24 08:20:01 - trades.XAGAUDm - DEBUG - [SKIP] Cannot open trade: Circuit breaker: Rolling PnL of last 50 trades <= -$10 (current: $-11.59) (resumes in 1260s)
2025-12-24 08:23:06 - trades.XAGAUDm - DEBUG - [SKIP] Cannot open trade: Circuit breaker: Rolling PnL of last 50 trades <= -$10 (current: $-11.59) (resumes in 1074s)
2025-12-24 08:26:21 - trades.XAGAUDm - DEBUG - [SKIP] Cannot open trade: Circuit breaker: Rolling PnL of last 50 trades <= -$10 (current: $-11.59) (resumes in 879s)
2025-12-24 08:29:50 - trades.XAGAUDm - DEBUG - [SKIP] Cannot open trade: Circuit breaker: Rolling PnL of last 50 trades <= -$10 (current: $-11.59) (resumes in 671s)
2025-12-24 08:52:31 - trades.XAGAUDm - DEBUG - [SKIP] Cannot open trade: Circuit breaker: Rolling PnL of last 50 trades <= -$10 (current: $-11.59) (resumes in 2966s)
2025-12-24 08:55:43 - trades.XAGAUDm - DEBUG - [SKIP] Cannot open trade: Circuit breaker: Rolling PnL of last 50 trades <= -$10 (current: $-11.59) (resumes in 2775s)
2025-12-24 08:58:49 - trades.XAGAUDm - DEBUG - [SKIP] Cannot open trade: Circuit breaker: Rolling PnL of last 50 trades <= -$10 (current: $-11.59) (resumes in 2588s)
2025-12-24 09:01:54 - trades.XAGAUDm - DEBUG - [SKIP] Cannot open trade: Circuit breaker: Rolling PnL of last 50 trades <= -$10 (current: $-11.59) (resumes in 2404s)
2025-12-24 09:04:58 - trades.XAGAUDm - DEBUG - [SKIP] Cannot open trade: Circuit breaker: Rolling PnL of last 50 trades <= -$10 (current: $-11.59) (resumes in 2219s)
2025-12-24 09:08:06 - trades.XAGAUDm - DEBUG - [SKIP] Cannot open trade: Circuit breaker: Rolling PnL of last 50 trades <= -$10 (current: $-11.59) (resumes in 2031s)
2025-12-24 09:11:17 - trades.XAGAUDm - DEBUG - [SKIP] Cannot open trade: Circuit breaker: Rolling PnL of last 50 trades <= -$10 (current: $-11.59) (resumes in 1841s)
2025-12-24 09:14:25 - trades.XAGAUDm - DEBUG - [SKIP] Cannot open trade: Circuit breaker: Rolling PnL of last 50 trades <= -$10 (current: $-11.59) (resumes in 1653s)
2025-12-24 09:17:41 - trades.XAGAUDm - DEBUG - [SKIP] Cannot open trade: Circuit breaker: Rolling PnL of last 50 trades <= -$10 (current: $-11.59) (resumes in 1456s)
2025-12-24 09:21:06 - trades.XAGAUDm - DEBUG - [SKIP] Cannot open trade: Circuit breaker: Rolling PnL of last 50 trades <= -$10 (current: $-11.59) (resumes in 1252s)
2025-12-24 09:24:26 - trades.XAGAUDm - DEBUG - [SKIP] Cannot open trade: Circuit breaker: Rolling PnL of last 50 trades <= -$10 (current: $-11.59) (resumes in 1051s)
2025-12-24 09:27:40 - trades.XAGAUDm - DEBUG - [SKIP] Cannot open trade: Circuit breaker: Rolling PnL of last 50 trades <= -$10 (current: $-11.59) (resumes in 858s)
2025-12-24 09:30:55 - trades.XAGAUDm - DEBUG - [SKIP] Cannot open trade: Circuit breaker: Rolling PnL of last 50 trades <= -$10 (current: $-11.59) (resumes in 663s)
2025-12-24 09:34:08 - trades.XAGAUDm - DEBUG - [SKIP] Cannot open trade: Circuit breaker: Rolling PnL of last 50 trades <= -$10 (current: $-11.59) (resumes in 470s)
2025-12-24 09:37:25 - trades.XAGAUDm - DEBUG - [SKIP] Cannot open trade: Circuit breaker: Rolling PnL of last 50 trades <= -$10 (current: $-11.59) (resumes in 272s)
2025-12-24 09:40:33 - trades.XAGAUDm - DEBUG - [SKIP] Cannot open trade: Circuit breaker: Rolling PnL of last 50 trades <= -$10 (current: $-11.59) (resumes in 85s)
2025-12-24 09:43:58 - trades.XAGAUDm - DEBUG - [SKIP] Cannot open trade: Circuit breaker: Rolling PnL of last 50 trades <= -$10 (current: $-11.59) (resumes in 3555s)
2025-12-24 09:47:16 - trades.XAGAUDm - DEBUG - [SKIP] Cannot open trade: Circuit breaker: Rolling PnL of last 50 trades <= -$10 (current: $-11.59) (resumes in 3356s)
2025-12-24 09:50:35 - trades.XAGAUDm - DEBUG - [SKIP] Cannot open trade: Circuit breaker: Rolling PnL of last 50 trades <= -$10 (current: $-11.59) (resumes in 3158s)
2025-12-24 09:53:58 - trades.XAGAUDm - DEBUG - [SKIP] Cannot open trade: Circuit breaker: Rolling PnL of last 50 trades <= -$10 (current: $-11.59) (resumes in 2955s)
2025-12-24 09:57:25 - trades.XAGAUDm - DEBUG - [SKIP] Cannot open trade: Circuit breaker: Rolling PnL of last 50 trades <= -$10 (current: $-11.59) (resumes in 2748s)
2025-12-24 10:00:53 - trades.XAGAUDm - DEBUG - [SKIP] Cannot open trade: Circuit breaker: Rolling PnL of last 50 trades <= -$10 (current: $-11.59) (resumes in 2540s)
2025-12-24 10:04:17 - trades.XAGAUDm - DEBUG - [SKIP] Cannot open trade: Circuit breaker: Rolling PnL of last 50 trades <= -$10 (current: $-11.59) (resumes in 2335s)
2025-12-24 10:07:48 - trades.XAGAUDm - DEBUG - [SKIP] Cannot open trade: Circuit breaker: Rolling PnL of last 50 trades <= -$10 (current: $-11.59) (resumes in 2125s)
2025-12-24 10:11:18 - trades.XAGAUDm - DEBUG - [SKIP] Cannot open trade: Circuit breaker: Rolling PnL of last 50 trades <= -$10 (current: $-11.59) (resumes in 1914s)
2025-12-24 10:14:49 - trades.XAGAUDm - DEBUG - [SKIP] Cannot open trade: Circuit breaker: Rolling PnL of last 50 trades <= -$10 (current: $-11.59) (resumes in 1704s)
2025-12-24 10:18:13 - trades.XAGAUDm - DEBUG - [SKIP] Cannot open trade: Circuit breaker: Rolling PnL of last 50 trades <= -$10 (current: $-11.59) (resumes in 1500s)
2025-12-24 10:21:22 - trades.XAGAUDm - DEBUG - [SKIP] Cannot open trade: Circuit breaker: Rolling PnL of last 50 trades <= -$10 (current: $-11.59) (resumes in 1310s)
2025-12-24 10:24:37 - trades.XAGAUDm - DEBUG - [SKIP] Cannot open trade: Circuit breaker: Rolling PnL of last 50 trades <= -$10 (current: $-11.59) (resumes in 1116s)
2025-12-24 10:27:53 - trades.XAGAUDm - DEBUG - [SKIP] Cannot open trade: Circuit breaker: Rolling PnL of last 50 trades <= -$10 (current: $-11.59) (resumes in 920s)
2025-12-24 10:31:04 - trades.XAGAUDm - DEBUG - [SKIP] Cannot open trade: Circuit breaker: Rolling PnL of last 50 trades <= -$10 (current: $-11.59) (resumes in 729s)
2025-12-24 10:34:19 - trades.XAGAUDm - DEBUG - [SKIP] Cannot open trade: Circuit breaker: Rolling PnL of last 50 trades <= -$10 (current: $-11.59) (resumes in 533s)
2025-12-24 10:37:28 - trades.XAGAUDm - DEBUG - [SKIP] Cannot open trade: Circuit breaker: Rolling PnL of last 50 trades <= -$10 (current: $-11.59) (resumes in 344s)
2025-12-24 10:40:41 - trades.XAGAUDm - DEBUG - [SKIP] Cannot open trade: Circuit breaker: Rolling PnL of last 50 trades <= -$10 (current: $-11.59) (resumes in 152s)
2025-12-24 10:43:52 - trades.XAGAUDm - DEBUG - [SKIP] Cannot open trade: Circuit breaker: Rolling PnL of last 50 trades <= -$10 (current: $-11.59) (resumes in 3565s)
2025-12-24 10:47:06 - trades.XAGAUDm - DEBUG - [SKIP] Cannot open trade: Circuit breaker: Rolling PnL of last 50 trades <= -$10 (current: $-11.59) (resumes in 3370s)
2025-12-24 10:50:14 - trades.XAGAUDm - DEBUG - [SKIP] Cannot open trade: Circuit breaker: Rolling PnL of last 50 trades <= -$10 (current: $-11.59) (resumes in 3183s)
2025-12-24 10:53:16 - trades.XAGAUDm - DEBUG - [SKIP] Cannot open trade: Circuit breaker: Rolling PnL of last 50 trades <= -$10 (current: $-11.59) (resumes in 3001s)
2025-12-24 10:56:46 - trades.XAGAUDm - DEBUG - [SKIP] Cannot open trade: Circuit breaker: Rolling PnL of last 50 trades <= -$10 (current: $-11.59) (resumes in 2791s)
2025-12-24 11:00:25 - trades.XAGAUDm - DEBUG - [SKIP] Cannot open trade: Circuit breaker: Rolling PnL of last 50 trades <= -$10 (current: $-11.59) (resumes in 2572s)
2025-12-24 11:04:10 - trades.XAGAUDm - DEBUG - [SKIP] Cannot open trade: Circuit breaker: Rolling PnL of last 50 trades <= -$10 (current: $-11.59) (resumes in 2346s)
2025-12-24 11:07:49 - trades.XAGAUDm - DEBUG - [SKIP] Cannot open trade: Circuit breaker: Rolling PnL of last 50 trades <= -$10 (current: $-11.59) (resumes in 2128s)
2025-12-24 11:12:07 - trades.XAGAUDm - DEBUG - [SKIP] Cannot open trade: Circuit breaker: Rolling PnL of last 50 trades <= -$10 (current: $-11.59) (resumes in 1870s)
2025-12-24 11:16:08 - trades.XAGAUDm - DEBUG - [SKIP] Cannot open trade: Circuit breaker: Rolling PnL of last 50 trades <= -$10 (current: $-11.59) (resumes in 1630s)
2025-12-24 11:23:26 - trades.XAGAUDm - DEBUG - [SKIP] Cannot open trade: Circuit breaker: Rolling PnL of last 50 trades <= -$10 (current: $-11.59) (resumes in 1190s)
2025-12-24 11:26:48 - trades.XAGAUDm - DEBUG - [SKIP] Cannot open trade: Circuit breaker: Rolling PnL of last 50 trades <= -$10 (current: $-11.59) (resumes in 988s)
2025-12-24 11:30:05 - trades.XAGAUDm - DEBUG - [SKIP] Cannot open trade: Circuit breaker: Rolling PnL of last 50 trades <= -$10 (current: $-11.59) (resumes in 792s)
2025-12-24 11:33:28 - trades.XAGAUDm - DEBUG - [SKIP] Cannot open trade: Circuit breaker: Rolling PnL of last 50 trades <= -$10 (current: $-11.59) (resumes in 589s)
2025-12-24 11:36:49 - trades.XAGAUDm - DEBUG - [SKIP] Cannot open trade: Circuit breaker: Rolling PnL of last 50 trades <= -$10 (current: $-11.59) (resumes in 388s)
2025-12-24 11:40:12 - trades.XAGAUDm - DEBUG - [SKIP] Cannot open trade: Circuit breaker: Rolling PnL of last 50 trades <= -$10 (current: $-11.59) (resumes in 184s)
2025-12-24 11:43:38 - trades.XAGAUDm - DEBUG - [SKIP] Cannot open trade: Circuit breaker: Rolling PnL of last 50 trades <= -$10 (current: $-11.59) (resumes in 3583s)
2025-12-24 11:46:50 - trades.XAGAUDm - DEBUG - [SKIP] Cannot open trade: Circuit breaker: Rolling PnL of last 50 trades <= -$10 (current: $-11.59) (resumes in 3391s)
2025-12-24 11:50:07 - trades.XAGAUDm - DEBUG - [SKIP] Cannot open trade: Circuit breaker: Rolling PnL of last 50 trades <= -$10 (current: $-11.59) (resumes in 3194s)
2025-12-24 11:53:32 - trades.XAGAUDm - DEBUG - [SKIP] Cannot open trade: Circuit breaker: Rolling PnL of last 50 trades <= -$10 (current: $-11.59) (resumes in 2989s)
2025-12-24 11:56:58 - trades.XAGAUDm - DEBUG - [SKIP] Cannot open trade: Circuit breaker: Rolling PnL of last 50 trades <= -$10 (current: $-11.59) (resumes in 2783s)
2025-12-24 12:00:16 - trades.XAGAUDm - DEBUG - [SKIP] Cannot open trade: Circuit breaker: Rolling PnL of last 50 trades <= -$10 (current: $-11.59) (resumes in 2585s)
2025-12-24 12:03:30 - trades.XAGAUDm - DEBUG - [SKIP] Cannot open trade: Circuit breaker: Rolling PnL of last 50 trades <= -$10 (current: $-11.59) (resumes in 2391s)
2025-12-24 12:15:52 - trades.XAGAUDm - DEBUG - [SKIP] Cannot open trade: Circuit breaker: Rolling PnL of last 50 trades <= -$10 (current: $-11.59) (resumes in 1649s)
2025-12-24 12:18:58 - trades.XAGAUDm - DEBUG - [SKIP] Cannot open trade: Circuit breaker: Rolling PnL of last 50 trades <= -$10 (current: $-11.59) (resumes in 1463s)
2025-12-24 12:22:05 - trades.XAGAUDm - DEBUG - [SKIP] Cannot open trade: Circuit breaker: Rolling PnL of last 50 trades <= -$10 (current: $-11.59) (resumes in 1276s)
2025-12-24 12:25:13 - trades.XAGAUDm - DEBUG - [SKIP] Cannot open trade: Circuit breaker: Rolling PnL of last 50 trades <= -$10 (current: $-11.59) (resumes in 1088s)
2025-12-24 12:34:43 - trades.XAGAUDm - DEBUG - [SKIP] Cannot open trade: Circuit breaker: Rolling PnL of last 50 trades <= -$10 (current: $-11.59) (resumes in 518s)
2025-12-24 12:37:59 - trades.XAGAUDm - DEBUG - [SKIP] Cannot open trade: Circuit breaker: Rolling PnL of last 50 trades <= -$10 (current: $-11.59) (resumes in 322s)
2025-12-24 12:41:10 - trades.XAGAUDm - DEBUG - [SKIP] Cannot open trade: Circuit breaker: Rolling PnL of last 50 trades <= -$10 (current: $-11.59) (resumes in 131s)
2025-12-24 12:44:27 - trades.XAGAUDm - DEBUG - [SKIP] Cannot open trade: Circuit breaker: Rolling PnL of last 50 trades <= -$10 (current: $-11.59) (resumes in 3564s)
2025-12-24 12:47:37 - trades.XAGAUDm - DEBUG - [SKIP] Cannot open trade: Circuit breaker: Rolling PnL of last 50 trades <= -$10 (current: $-11.59) (resumes in 3374s)
2025-12-24 12:50:48 - trades.XAGAUDm - DEBUG - [SKIP] Cannot open trade: Circuit breaker: Rolling PnL of last 50 trades <= -$10 (current: $-11.59) (resumes in 3182s)
2025-12-24 12:54:02 - trades.XAGAUDm - DEBUG - [SKIP] Cannot open trade: Circuit breaker: Rolling PnL of last 50 trades <= -$10 (current: $-11.59) (resumes in 2988s)
2025-12-24 12:57:19 - trades.XAGAUDm - DEBUG - [SKIP] Cannot open trade: Circuit breaker: Rolling PnL of last 50 trades <= -$10 (current: $-11.59) (resumes in 2791s)
2025-12-24 13:03:47 - trades.XAGAUDm - DEBUG - [SKIP] Cannot open trade: Circuit breaker: Rolling PnL of last 50 trades <= -$10 (current: $-11.59) (resumes in 2403s)
2025-12-24 13:10:06 - trades.XAGAUDm - DEBUG - [SKIP] Cannot open trade: Circuit breaker: Rolling PnL of last 50 trades <= -$10 (current: $-11.59) (resumes in 2024s)
2025-12-24 13:13:23 - trades.XAGAUDm - DEBUG - [SKIP] Cannot open trade: Circuit breaker: Rolling PnL of last 50 trades <= -$10 (current: $-11.59) (resumes in 1828s)
2025-12-24 13:16:40 - trades.XAGAUDm - DEBUG - [SKIP] Cannot open trade: Circuit breaker: Rolling PnL of last 50 trades <= -$10 (current: $-11.59) (resumes in 1630s)
2025-12-24 13:19:53 - trades.XAGAUDm - DEBUG - [SKIP] Cannot open trade: Circuit breaker: Rolling PnL of last 50 trades <= -$10 (current: $-11.59) (resumes in 1437s)
2025-12-24 13:23:23 - trades.XAGAUDm - DEBUG - [SKIP] Cannot open trade: Circuit breaker: Rolling PnL of last 50 trades <= -$10 (current: $-11.59) (resumes in 1228s)
2025-12-24 13:32:34 - trades.XAGAUDm - DEBUG - [SKIP] Cannot open trade: Circuit breaker: Rolling PnL of last 50 trades <= -$10 (current: $-11.59) (resumes in 677s)
2025-12-24 13:38:53 - trades.XAGAUDm - DEBUG - [SKIP] Cannot open trade: Circuit breaker: Rolling PnL of last 50 trades <= -$10 (current: $-11.59) (resumes in 298s)
2025-12-24 13:42:02 - trades.XAGAUDm - DEBUG - [SKIP] Cannot open trade: Circuit breaker: Rolling PnL of last 50 trades <= -$10 (current: $-11.59) (resumes in 108s)
2025-12-24 13:45:21 - trades.XAGAUDm - DEBUG - [SKIP] Cannot open trade: Circuit breaker: Rolling PnL of last 50 trades <= -$10 (current: $-11.59) (resumes in 3555s)
2025-12-24 13:48:45 - trades.XAGAUDm - DEBUG - [SKIP] Cannot open trade: Circuit breaker: Rolling PnL of last 50 trades <= -$10 (current: $-11.59) (resumes in 3351s)
2025-12-24 13:52:07 - trades.XAGAUDm - DEBUG - [SKIP] Cannot open trade: Circuit breaker: Rolling PnL of last 50 trades <= -$10 (current: $-11.59) (resumes in 3150s)
2025-12-24 13:55:38 - trades.XAGAUDm - DEBUG - [SKIP] Cannot open trade: Circuit breaker: Rolling PnL of last 50 trades <= -$10 (current: $-11.59) (resumes in 2938s)
2025-12-24 14:02:40 - trades.XAGAUDm - DEBUG - [SKIP] Cannot open trade: Circuit breaker: Rolling PnL of last 50 trades <= -$10 (current: $-11.59) (resumes in 2516s)
2025-12-24 14:06:07 - trades.XAGAUDm - DEBUG - [SKIP] Cannot open trade: Circuit breaker: Rolling PnL of last 50 trades <= -$10 (current: $-11.59) (resumes in 2309s)
2025-12-24 14:09:41 - trades.XAGAUDm - DEBUG - [SKIP] Cannot open trade: Circuit breaker: Rolling PnL of last 50 trades <= -$10 (current: $-11.59) (resumes in 2096s)
2025-12-24 14:13:09 - trades.XAGAUDm - DEBUG - [SKIP] Cannot open trade: Circuit breaker: Rolling PnL of last 50 trades <= -$10 (current: $-11.59) (resumes in 1887s)
2025-12-24 14:19:48 - trades.XAGAUDm - DEBUG - [SKIP] Cannot open trade: Circuit breaker: Rolling PnL of last 50 trades <= -$10 (current: $-11.59) (resumes in 1488s)
2025-12-24 14:23:06 - trades.XAGAUDm - DEBUG - [SKIP] Cannot open trade: Circuit breaker: Rolling PnL of last 50 trades <= -$10 (current: $-11.59) (resumes in 1290s)
2025-12-24 14:26:34 - trades.XAGAUDm - DEBUG - [SKIP] Cannot open trade: Circuit breaker: Rolling PnL of last 50 trades <= -$10 (current: $-11.59) (resumes in 1082s)
2025-12-24 14:30:17 - trades.XAGAUDm - DEBUG - [SKIP] Cannot open trade: Circuit breaker: Rolling PnL of last 50 trades <= -$10 (current: $-11.59) (resumes in 859s)
2025-12-24 14:34:21 - trades.XAGAUDm - DEBUG - [SKIP] Cannot open trade: Circuit breaker: Rolling PnL of last 50 trades <= -$10 (current: $-11.59) (resumes in 616s)
2025-12-24 14:38:25 - trades.XAGAUDm - DEBUG - [SKIP] Cannot open trade: Circuit breaker: Rolling PnL of last 50 trades <= -$10 (current: $-11.59) (resumes in 371s)
2025-12-24 14:44:36 - trades.XAGAUDm - DEBUG - [SKIP] Cannot open trade: Circuit breaker: Rolling PnL of last 50 trades <= -$10 (current: $-11.59) (resumes in 1s)
2025-12-24 15:10:31 - trades.XAGAUDm - DEBUG - [SKIP] Cannot open trade: Circuit breaker: Rolling PnL of last 50 trades <= -$10 (current: $-11.59) (resumes in 2054s)
2025-12-24 15:15:11 - trades.XAGAUDm - DEBUG - [SKIP] Cannot open trade: Circuit breaker: Rolling PnL of last 50 trades <= -$10 (current: $-11.59) (resumes in 1774s)
2025-12-24 15:20:09 - trades.XAGAUDm - DEBUG - [SKIP] Cannot open trade: Circuit breaker: Rolling PnL of last 50 trades <= -$10 (current: $-11.59) (resumes in 1475s)
