2025-12-23 12:00:09 - trades.XAGEURm - DEBUG - [SKIP] Cannot open trade: Entry filter: Session guard: first 1 minutes of hour blocked
2025-12-23 12:01:51 - trades.XAGEURm - DEBUG - [SKIP] Cannot open trade: Entry filter: Spread sanity: spread 131.1% of avg range > max 30.0%
2025-12-23 12:03:31 - trades.XAGEURm - DEBUG - [SKIP] Cannot open trade: Entry filter: Spread sanity: spread 123.0% of avg range > max 30.0%
2025-12-23 12:18:16 - trades.XAGEURm - DEBUG - [SKIP] Cannot open trade: Entry filter: Spread sanity: spread 131.7% of avg range > max 30.0%
2025-12-23 12:21:29 - trades.XAGEURm - DEBUG - [SKIP] Cannot open trade: Entry filter: Spread sanity: spread 129.8% of avg range > max 30.0%
2025-12-23 12:24:42 - trades.XAGEURm - DEBUG - [SKIP] Cannot open trade: Entry filter: Spread sanity: spread 150.8% of avg range > max 30.0%
2025-12-23 12:27:54 - trades.XAGEURm - DEBUG - [SKIP] Cannot open trade: Entry filter: Spread sanity: spread 169.8% of avg range > max 30.0%
2025-12-23 12:30:59 - trades.XAGEURm - DEBUG - [SKIP] Cannot open trade: Entry filter: Spread sanity: spread 177.6% of avg range > max 30.0%
2025-12-23 12:34:12 - trades.XAGEURm - DEBUG - [SKIP] Cannot open trade: Entry filter: Spread sanity: spread 165.1% of avg range > max 30.0%
2025-12-23 12:47:08 - trades.XAGEURm - DEBUG - [SKIP] Cannot open trade: Entry filter: Spread sanity: spread 183.7% of avg range > max 30.0%
2025-12-23 12:50:22 - trades.XAGEURm - DEBUG - [SKIP] Cannot open trade: Entry filter: Spread sanity: spread 179.4% of avg range > max 30.0%
2025-12-23 12:53:46 - trades.XAGEURm - DEBUG - [SKIP] Cannot open trade: Entry filter: Spread sanity: spread 177.0% of avg range > max 30.0%
2025-12-23 12:57:09 - trades.XAGEURm - DEBUG - [SKIP] Cannot open trade: Entry filter: Spread sanity: spread 160.2% of avg range > max 30.0%
2025-12-23 13:00:24 - trades.XAGEURm - DEBUG - [SKIP] Cannot open trade: Entry filter: Session guard: first 1 minutes of hour blocked
2025-12-23 13:03:50 - trades.XAGEURm - DEBUG - [SKIP] Cannot open trade: Entry filter: Spread sanity: spread 89.6% of avg range > max 30.0%
2025-12-23 13:07:18 - trades.XAGEURm - DEBUG - [SKIP] Cannot open trade: Entry filter: Spread sanity: spread 62.5% of avg range > max 30.0%
2025-12-23 13:10:40 - trades.XAGEURm - DEBUG - [SKIP] Cannot open trade: Entry filter: Spread sanity: spread 50.7% of avg range > max 30.0%
2025-12-23 13:45:10 - trades.XAGEURm - DEBUG - [SKIP] Cannot open trade: Entry filter: Spread sanity: spread 32.9% of avg range > max 30.0%
2025-12-23 13:48:39 - trades.XAGEURm - DEBUG - [SKIP] Cannot open trade: Entry filter: Spread sanity: spread 32.8% of avg range > max 30.0%
2025-12-23 14:09:33 - trades.XAGEURm - DEBUG - [SKIP] Cannot open trade: Entry filter: Candle quality: current range 39.1% of avg < min 55.0%
2025-12-23 14:23:10 - trades.XAGEURm - DEBUG - [SKIP] Cannot open trade: Entry filter: Spread sanity: spread 30.2% of avg range > max 30.0%
2025-12-23 14:31:03 - trades.XAGEURm - DEBUG - [SKIP] Cannot open trade: Entry filter: Spread sanity: spread 31.8% of avg range > max 30.0%
2025-12-23 15:11:55 - trades.XAGEURm - DEBUG - [SKIP] Cannot open trade: Circuit breaker: Consecutive losses >= 10 (11 losses) (resumes in 686s)
2025-12-23 15:17:40 - trades.XAGEURm - DEBUG - [SKIP] Cannot open trade: Circuit breaker: Consecutive losses >= 10 (11 losses) (resumes in 341s)
2025-12-23 15:23:17 - trades.XAGEURm - DEBUG - [SKIP] Cannot open trade: Circuit breaker: Consecutive losses >= 10 (11 losses) (resumes in 3s)
2025-12-23 15:36:19 - trades.XAGEURm - DEBUG - [SKIP] Cannot open trade: Circuit breaker: Rolling PnL of last 50 trades <= -$10 (current: $-17.00) (resumes in 3365s)
2025-12-23 15:42:41 - trades.XAGEURm - DEBUG - [SKIP] Cannot open trade: Circuit breaker: Rolling PnL of last 50 trades <= -$10 (current: $-17.00) (resumes in 2984s)
2025-12-23 15:48:44 - trades.XAGEURm - DEBUG - [SKIP] Cannot open trade: Circuit breaker: Rolling PnL of last 50 trades <= -$10 (current: $-17.00) (resumes in 2620s)
2025-12-23 15:54:50 - trades.XAGEURm - DEBUG - [SKIP] Cannot open trade: Circuit breaker: Rolling PnL of last 50 trades <= -$10 (current: $-17.00) (resumes in 2255s)
2025-12-23 16:00:47 - trades.XAGEURm - DEBUG - [SKIP] Cannot open trade: Circuit breaker: Rolling PnL of last 50 trades <= -$10 (current: $-17.00) (resumes in 1898s)
2025-12-23 16:23:05 - trades.XAGEURm - DEBUG - [SKIP] Cannot open trade: Circuit breaker: Rolling PnL of last 50 trades <= -$10 (current: $-17.00) (resumes in 560s)
2025-12-23 16:28:02 - trades.XAGEURm - DEBUG - [SKIP] Cannot open trade: Circuit breaker: Rolling PnL of last 50 trades <= -$10 (current: $-17.00) (resumes in 263s)
2025-12-23 16:33:04 - trades.XAGEURm - DEBUG - [SKIP] Cannot open trade: Circuit breaker: Rolling PnL of last 50 trades <= -$10 (current: $-11.59) (resumes in 3563s)
2025-12-23 16:38:33 - trades.XAGEURm - DEBUG - [SKIP] Cannot open trade: Circuit breaker: Rolling PnL of last 50 trades <= -$10 (current: $-11.59) (resumes in 3234s)
2025-12-23 16:43:32 - trades.XAGEURm - DEBUG - [SKIP] Cannot open trade: Circuit breaker: Rolling PnL of last 50 trades <= -$10 (current: $-11.59) (resumes in 2935s)
2025-12-23 16:48:25 - trades.XAGEURm - DEBUG - [SKIP] Cannot open trade: Circuit breaker: Rolling PnL of last 50 trades <= -$10 (current: $-11.59) (resumes in 2642s)
2025-12-23 16:53:27 - trades.XAGEURm - DEBUG - [SKIP] Cannot open trade: Circuit breaker: Rolling PnL of last 50 trades <= -$10 (current: $-11.59) (resumes in 2340s)
2025-12-23 16:58:41 - trades.XAGEURm - DEBUG - [SKIP] Cannot open trade: Circuit breaker: Rolling PnL of last 50 trades <= -$10 (current: $-11.59) (resumes in 2026s)
2025-12-23 17:03:46 - trades.XAGEURm - DEBUG - [SKIP] Cannot open trade: Circuit breaker: Rolling PnL of last 50 trades <= -$10 (current: $-11.59) (resumes in 1721s)
2025-12-23 17:08:31 - trades.XAGEURm - DEBUG - [SKIP] Cannot open trade: Circuit breaker: Rolling PnL of last 50 trades <= -$10 (current: $-11.59) (resumes in 1436s)
2025-12-23 17:13:44 - trades.XAGEURm - DEBUG - [SKIP] Cannot open trade: Circuit breaker: Rolling PnL of last 50 trades <= -$10 (current: $-11.59) (resumes in 1123s)
2025-12-23 17:18:44 - trades.XAGEURm - DEBUG - [SKIP] Cannot open trade: Circuit breaker: Rolling PnL of last 50 trades <= -$10 (current: $-11.59) (resumes in 823s)
2025-12-23 17:23:36 - trades.XAGEURm - DEBUG - [SKIP] Cannot open trade: Circuit breaker: Rolling PnL of last 50 trades <= -$10 (current: $-11.59) (resumes in 531s)
2025-12-23 17:28:26 - trades.XAGEURm - DEBUG - [SKIP] Cannot open trade: Circuit breaker: Rolling PnL of last 50 trades <= -$10 (current: $-11.59) (resumes in 241s)
2025-12-23 17:42:04 - trades.XAGEURm - DEBUG - [SKIP] Cannot open trade: Circuit breaker: Rolling PnL of last 50 trades <= -$10 (current: $-11.59) (resumes in 3025s)
2025-12-23 17:46:32 - trades.XAGEURm - DEBUG - [SKIP] Cannot open trade: Circuit breaker: Rolling PnL of last 50 trades <= -$10 (current: $-11.59) (resumes in 2756s)
2025-12-23 17:51:01 - trades.XAGEURm - DEBUG - [SKIP] Cannot open trade: Circuit breaker: Rolling PnL of last 50 trades <= -$10 (current: $-11.59) (resumes in 2488s)
2025-12-23 17:55:48 - trades.XAGEURm - DEBUG - [SKIP] Cannot open trade: Circuit breaker: Rolling PnL of last 50 trades <= -$10 (current: $-11.59) (resumes in 2201s)
2025-12-23 18:00:24 - trades.XAGEURm - DEBUG - [SKIP] Cannot open trade: Circuit breaker: Rolling PnL of last 50 trades <= -$10 (current: $-11.59) (resumes in 1924s)
2025-12-23 18:04:50 - trades.XAGEURm - DEBUG - [SKIP] Cannot open trade: Circuit breaker: Rolling PnL of last 50 trades <= -$10 (current: $-11.59) (resumes in 1658s)
2025-12-23 18:09:22 - trades.XAGEURm - DEBUG - [SKIP] Cannot open trade: Circuit breaker: Rolling PnL of last 50 trades <= -$10 (current: $-11.59) (resumes in 1386s)
2025-12-23 18:13:53 - trades.XAGEURm - DEBUG - [SKIP] Cannot open trade: Circuit breaker: Rolling PnL of last 50 trades <= -$10 (current: $-11.59) (resumes in 1116s)
2025-12-23 18:18:00 - trades.XAGEURm - DEBUG - [SKIP] Cannot open trade: Circuit breaker: Rolling PnL of last 50 trades <= -$10 (current: $-11.59) (resumes in 869s)
2025-12-23 18:26:43 - trades.XAGEURm - DEBUG - [SKIP] Cannot open trade: Circuit breaker: Rolling PnL of last 50 trades <= -$10 (current: $-11.59) (resumes in 346s)
2025-12-23 18:35:43 - trades.XAGEURm - DEBUG - [SKIP] Cannot open trade: Circuit breaker: Rolling PnL of last 50 trades <= -$10 (current: $-11.59) (resumes in 3407s)
2025-12-23 18:40:11 - trades.XAGEURm - DEBUG - [SKIP] Cannot open trade: Circuit breaker: Rolling PnL of last 50 trades <= -$10 (current: $-11.59) (resumes in 3139s)
2025-12-23 18:48:53 - trades.XAGEURm - DEBUG - [SKIP] Cannot open trade: Circuit breaker: Rolling PnL of last 50 trades <= -$10 (current: $-11.59) (resumes in 2617s)
2025-12-23 18:53:13 - trades.XAGEURm - DEBUG - [SKIP] Cannot open trade: Circuit breaker: Rolling PnL of last 50 trades <= -$10 (current: $-11.59) (resumes in 2358s)
2025-12-23 18:57:40 - trades.XAGEURm - DEBUG - [SKIP] Cannot open trade: Circuit breaker: Rolling PnL of last 50 trades <= -$10 (current: $-11.59) (resumes in 2091s)
2025-12-23 19:06:14 - trades.XAGEURm - DEBUG - [SKIP] Cannot open trade: Circuit breaker: Rolling PnL of last 50 trades <= -$10 (current: $-11.59) (resumes in 1576s)
2025-12-23 19:10:23 - trades.XAGEURm - DEBUG - [SKIP] Cannot open trade: Circuit breaker: Rolling PnL of last 50 trades <= -$10 (current: $-11.59) (resumes in 1327s)
2025-12-23 19:14:35 - trades.XAGEURm - DEBUG - [SKIP] Cannot open trade: Circuit breaker: Rolling PnL of last 50 trades <= -$10 (current: $-11.59) (resumes in 1075s)
2025-12-23 19:22:43 - trades.XAGEURm - DEBUG - [SKIP] Cannot open trade: Circuit breaker: Rolling PnL of last 50 trades <= -$10 (current: $-11.59) (resumes in 587s)
2025-12-23 19:27:04 - trades.XAGEURm - DEBUG - [SKIP] Cannot open trade: Circuit breaker: Rolling PnL of last 50 trades <= -$10 (current: $-11.59) (resumes in 326s)
2025-12-23 19:31:20 - trades.XAGEURm - DEBUG - [SKIP] Cannot open trade: Circuit breaker: Rolling PnL of last 50 trades <= -$10 (current: $-11.59) (resumes in 70s)
2025-12-23 19:35:39 - trades.XAGEURm - DEBUG - [SKIP] Cannot open trade: Circuit breaker: Rolling PnL of last 50 trades <= -$10 (current: $-11.59) (resumes in 3518s)
2025-12-23 19:40:12 - trades.XAGEURm - DEBUG - [SKIP] Cannot open trade: Circuit breaker: Rolling PnL of last 50 trades <= -$10 (current: $-11.59) (resumes in 3245s)
2025-12-23 19:44:23 - trades.XAGEURm - DEBUG - [SKIP] Cannot open trade: Circuit breaker: Rolling PnL of last 50 trades <= -$10 (current: $-11.59) (resumes in 2994s)
2025-12-23 19:48:27 - trades.XAGEURm - DEBUG - [SKIP] Cannot open trade: Circuit breaker: Rolling PnL of last 50 trades <= -$10 (current: $-11.59) (resumes in 2750s)
2025-12-23 19:52:29 - trades.XAGEURm - DEBUG - [SKIP] Cannot open trade: Circuit breaker: Rolling PnL of last 50 trades <= -$10 (current: $-11.59) (resumes in 2508s)
2025-12-23 19:56:43 - trades.XAGEURm - DEBUG - [SKIP] Cannot open trade: Circuit breaker: Rolling PnL of last 50 trades <= -$10 (current: $-11.59) (resumes in 2254s)
2025-12-23 20:00:55 - trades.XAGEURm - DEBUG - [SKIP] Cannot open trade: Circuit breaker: Rolling PnL of last 50 trades <= -$10 (current: $-11.59) (resumes in 2002s)
2025-12-23 20:05:04 - trades.XAGEURm - DEBUG - [SKIP] Cannot open trade: Circuit breaker: Rolling PnL of last 50 trades <= -$10 (current: $-11.59) (resumes in 1753s)
2025-12-23 20:09:21 - trades.XAGEURm - DEBUG - [SKIP] Cannot open trade: Circuit breaker: Rolling PnL of last 50 trades <= -$10 (current: $-11.59) (resumes in 1496s)
2025-12-23 20:13:39 - trades.XAGEURm - DEBUG - [SKIP] Cannot open trade: Circuit breaker: Rolling PnL of last 50 trades <= -$10 (current: $-11.59) (resumes in 1238s)
2025-12-23 20:18:10 - trades.XAGEURm - DEBUG - [SKIP] Cannot open trade: Circuit breaker: Rolling PnL of last 50 trades <= -$10 (current: $-11.59) (resumes in 967s)
2025-12-23 20:22:26 - trades.XAGEURm - DEBUG - [SKIP] Cannot open trade: Circuit breaker: Rolling PnL of last 50 trades <= -$10 (current: $-11.59) (resumes in 711s)
2025-12-23 20:26:31 - trades.XAGEURm - DEBUG - [SKIP] Cannot open trade: Circuit breaker: Rolling PnL of last 50 trades <= -$10 (current: $-11.59) (resumes in 466s)
2025-12-23 20:35:17 - trades.XAGEURm - DEBUG - [SKIP] Cannot open trade: Circuit breaker: Rolling PnL of last 50 trades <= -$10 (current: $-11.59) (resumes in 3543s)
2025-12-23 20:40:03 - trades.XAGEURm - DEBUG - [SKIP] Cannot open trade: Circuit breaker: Rolling PnL of last 50 trades <= -$10 (current: $-11.59) (resumes in 3257s)
2025-12-23 20:44:30 - trades.XAGEURm - DEBUG - [SKIP] Cannot open trade: Circuit breaker: Rolling PnL of last 50 trades <= -$10 (current: $-11.59) (resumes in 2990s)
2025-12-23 20:48:18 - trades.XAGEURm - DEBUG - [SKIP] Cannot open trade: Circuit breaker: Rolling PnL of last 50 trades <= -$10 (current: $-11.59) (resumes in 2762s)
2025-12-23 20:52:02 - trades.XAGEURm - DEBUG - [SKIP] Cannot open trade: Circuit breaker: Rolling PnL of last 50 trades <= -$10 (current: $-11.59) (resumes in 2538s)
2025-12-23 20:55:44 - trades.XAGEURm - DEBUG - [SKIP] Cannot open trade: Circuit breaker: Rolling PnL of last 50 trades <= -$10 (current: $-11.59) (resumes in 2316s)
2025-12-23 21:02:51 - trades.XAGEURm - DEBUG - [SKIP] Cannot open trade: Circuit breaker: Rolling PnL of last 50 trades <= -$10 (current: $-11.59) (resumes in 1889s)
2025-12-23 21:06:01 - trades.XAGEURm - DEBUG - [SKIP] Cannot open trade: Circuit breaker: Rolling PnL of last 50 trades <= -$10 (current: $-11.59) (resumes in 1699s)
2025-12-23 21:09:07 - trades.XAGEURm - DEBUG - [SKIP] Cannot open trade: Circuit breaker: Rolling PnL of last 50 trades <= -$10 (current: $-11.59) (resumes in 1513s)
2025-12-23 21:12:15 - trades.XAGEURm - DEBUG - [SKIP] Cannot open trade: Circuit breaker: Rolling PnL of last 50 trades <= -$10 (current: $-11.59) (resumes in 1325s)
2025-12-23 21:15:21 - trades.XAGEURm - DEBUG - [SKIP] Cannot open trade: Circuit breaker: Rolling PnL of last 50 trades <= -$10 (current: $-11.59) (resumes in 1139s)
2025-12-23 21:26:41 - trades.XAGEURm - DEBUG - [SKIP] Cannot open trade: Circuit breaker: Rolling PnL of last 50 trades <= -$10 (current: $-11.59) (resumes in 459s)
2025-12-23 21:29:26 - trades.XAGEURm - DEBUG - [SKIP] Cannot open trade: Circuit breaker: Rolling PnL of last 50 trades <= -$10 (current: $-11.59) (resumes in 294s)
2025-12-23 21:45:55 - trades.XAGEURm - DEBUG - [SKIP] Cannot open trade: Circuit breaker: Rolling PnL of last 50 trades <= -$10 (current: $-11.59) (resumes in 2934s)
2025-12-23 21:54:04 - trades.XAGEURm - DEBUG - [SKIP] Cannot open trade: Circuit breaker: Rolling PnL of last 50 trades <= -$10 (current: $-11.59) (resumes in 2445s)
2025-12-23 21:56:46 - trades.XAGEURm - DEBUG - [SKIP] Cannot open trade: Circuit breaker: Rolling PnL of last 50 trades <= -$10 (current: $-11.59) (resumes in 2283s)
2025-12-23 23:02:40 - trades.XAGEURm - DEBUG - [SKIP] Cannot open trade: Circuit breaker: Rolling PnL of last 50 trades <= -$10 (current: $-11.59) (resumes in 2016s)
2025-12-23 23:05:50 - trades.XAGEURm - DEBUG - [SKIP] Cannot open trade: Circuit breaker: Rolling PnL of last 50 trades <= -$10 (current: $-11.59) (resumes in 1825s)
2025-12-23 23:09:08 - trades.XAGEURm - DEBUG - [SKIP] Cannot open trade: Circuit breaker: Rolling PnL of last 50 trades <= -$10 (current: $-11.59) (resumes in 1628s)
2025-12-23 23:15:35 - trades.XAGEURm - DEBUG - [SKIP] Cannot open trade: Circuit breaker: Rolling PnL of last 50 trades <= -$10 (current: $-11.59) (resumes in 1241s)
2025-12-23 23:18:51 - trades.XAGEURm - DEBUG - [SKIP] Cannot open trade: Circuit breaker: Rolling PnL of last 50 trades <= -$10 (current: $-11.59) (resumes in 1045s)
2025-12-23 23:35:06 - trades.XAGEURm - DEBUG - [SKIP] Cannot open trade: Circuit breaker: Rolling PnL of last 50 trades <= -$10 (current: $-11.59) (resumes in 69s)
2025-12-23 23:38:13 - trades.XAGEURm - DEBUG - [SKIP] Cannot open trade: Circuit breaker: Rolling PnL of last 50 trades <= -$10 (current: $-11.59) (resumes in 3575s)
2025-12-23 23:41:20 - trades.XAGEURm - DEBUG - [SKIP] Cannot open trade: Circuit breaker: Rolling PnL of last 50 trades <= -$10 (current: $-11.59) (resumes in 3387s)
2025-12-23 23:44:30 - trades.XAGEURm - DEBUG - [SKIP] Cannot open trade: Circuit breaker: Rolling PnL of last 50 trades <= -$10 (current: $-11.59) (resumes in 3198s)
2025-12-23 23:47:43 - trades.XAGEURm - DEBUG - [SKIP] Cannot open trade: Circuit breaker: Rolling PnL of last 50 trades <= -$10 (current: $-11.59) (resumes in 3004s)
2025-12-23 23:51:03 - trades.XAGEURm - DEBUG - [SKIP] Cannot open trade: Circuit breaker: Rolling PnL of last 50 trades <= -$10 (current: $-11.59) (resumes in 2805s)
2025-12-23 23:54:01 - trades.XAGEURm - DEBUG - [SKIP] Cannot open trade: Circuit breaker: Rolling PnL of last 50 trades <= -$10 (current: $-11.59) (resumes in 2627s)
2025-12-24 00:00:10 - trades.XAGEURm - DEBUG - [SKIP] Cannot open trade: Circuit breaker: Rolling PnL of last 50 trades <= -$10 (current: $-11.59) (resumes in 2258s)
2025-12-24 00:02:24 - trades.XAGEURm - DEBUG - [SKIP] Cannot open trade: Circuit breaker: Rolling PnL of last 50 trades <= -$10 (current: $-11.59) (resumes in 2124s)
2025-12-24 00:04:34 - trades.XAGEURm - DEBUG - [SKIP] Cannot open trade: Circuit breaker: Rolling PnL of last 50 trades <= -$10 (current: $-11.59) (resumes in 1994s)
2025-12-24 00:06:41 - trades.XAGEURm - DEBUG - [SKIP] Cannot open trade: Circuit breaker: Rolling PnL of last 50 trades <= -$10 (current: $-11.59) (resumes in 1866s)
2025-12-24 00:08:54 - trades.XAGEURm - DEBUG - [SKIP] Cannot open trade: Circuit breaker: Rolling PnL of last 50 trades <= -$10 (current: $-11.59) (resumes in 1734s)
2025-12-24 00:11:03 - trades.XAGEURm - DEBUG - [SKIP] Cannot open trade: Circuit breaker: Rolling PnL of last 50 trades <= -$10 (current: $-11.59) (resumes in 1604s)
2025-12-24 00:13:16 - trades.XAGEURm - DEBUG - [SKIP] Cannot open trade: Circuit breaker: Rolling PnL of last 50 trades <= -$10 (current: $-11.59) (resumes in 1472s)
2025-12-24 00:15:27 - trades.XAGEURm - DEBUG - [SKIP] Cannot open trade: Circuit breaker: Rolling PnL of last 50 trades <= -$10 (current: $-11.59) (resumes in 1341s)
2025-12-24 00:17:42 - trades.XAGEURm - DEBUG - [SKIP] Cannot open trade: Circuit breaker: Rolling PnL of last 50 trades <= -$10 (current: $-11.59) (resumes in 1205s)
2025-12-24 00:19:59 - trades.XAGEURm - DEBUG - [SKIP] Cannot open trade: Circuit breaker: Rolling PnL of last 50 trades <= -$10 (current: $-11.59) (resumes in 1069s)
2025-12-24 00:22:16 - trades.XAGEURm - DEBUG - [SKIP] Cannot open trade: Circuit breaker: Rolling PnL of last 50 trades <= -$10 (current: $-11.59) (resumes in 931s)
2025-12-24 00:24:27 - trades.XAGEURm - DEBUG - [SKIP] Cannot open trade: Circuit breaker: Rolling PnL of last 50 trades <= -$10 (current: $-11.59) (resumes in 800s)
2025-12-24 00:26:40 - trades.XAGEURm - DEBUG - [SKIP] Cannot open trade: Circuit breaker: Rolling PnL of last 50 trades <= -$10 (current: $-11.59) (resumes in 668s)
2025-12-24 00:28:48 - trades.XAGEURm - DEBUG - [SKIP] Cannot open trade: Circuit breaker: Rolling PnL of last 50 trades <= -$10 (current: $-11.59) (resumes in 540s)
2025-12-24 00:30:59 - trades.XAGEURm - DEBUG - [SKIP] Cannot open trade: Circuit breaker: Rolling PnL of last 50 trades <= -$10 (current: $-11.59) (resumes in 409s)
2025-12-24 00:33:05 - trades.XAGEURm - DEBUG - [SKIP] Cannot open trade: Circuit breaker: Rolling PnL of last 50 trades <= -$10 (current: $-11.59) (resumes in 282s)
2025-12-24 00:35:13 - trades.XAGEURm - DEBUG - [SKIP] Cannot open trade: Circuit breaker: Rolling PnL of last 50 trades <= -$10 (current: $-11.59) (resumes in 155s)
2025-12-24 00:37:20 - trades.XAGEURm - DEBUG - [SKIP] Cannot open trade: Circuit breaker: Rolling PnL of last 50 trades <= -$10 (current: $-11.59) (resumes in 27s)
2025-12-24 00:39:25 - trades.XAGEURm - DEBUG - [SKIP] Cannot open trade: Circuit breaker: Rolling PnL of last 50 trades <= -$10 (current: $-11.59) (resumes in 3592s)
2025-12-24 00:45:38 - trades.XAGEURm - DEBUG - [SKIP] Cannot open trade: Circuit breaker: Rolling PnL of last 50 trades <= -$10 (current: $-11.59) (resumes in 3220s)
2025-12-24 00:47:45 - trades.XAGEURm - DEBUG - [SKIP] Cannot open trade: Circuit breaker: Rolling PnL of last 50 trades <= -$10 (current: $-11.59) (resumes in 3092s)
2025-12-24 00:49:51 - trades.XAGEURm - DEBUG - [SKIP] Cannot open trade: Circuit breaker: Rolling PnL of last 50 trades <= -$10 (current: $-11.59) (resumes in 2967s)
2025-12-24 00:52:03 - trades.XAGEURm - DEBUG - [SKIP] Cannot open trade: Circuit breaker: Rolling PnL of last 50 trades <= -$10 (current: $-11.59) (resumes in 2835s)
2025-12-24 00:54:12 - trades.XAGEURm - DEBUG - [SKIP] Cannot open trade: Circuit breaker: Rolling PnL of last 50 trades <= -$10 (current: $-11.59) (resumes in 2705s)
2025-12-24 00:56:21 - trades.XAGEURm - DEBUG - [SKIP] Cannot open trade: Circuit breaker: Rolling PnL of last 50 trades <= -$10 (current: $-11.59) (resumes in 2576s)
2025-12-24 00:58:29 - trades.XAGEURm - DEBUG - [SKIP] Cannot open trade: Circuit breaker: Rolling PnL of last 50 trades <= -$10 (current: $-11.59) (resumes in 2449s)
2025-12-24 01:00:37 - trades.XAGEURm - DEBUG - [SKIP] Cannot open trade: Circuit breaker: Rolling PnL of last 50 trades <= -$10 (current: $-11.59) (resumes in 2321s)
2025-12-24 01:13:53 - trades.XAGEURm - DEBUG - [SKIP] Cannot open trade: Circuit breaker: Rolling PnL of last 50 trades <= -$10 (current: $-11.59) (resumes in 1524s)
2025-12-24 01:16:12 - trades.XAGEURm - DEBUG - [SKIP] Cannot open trade: Circuit breaker: Rolling PnL of last 50 trades <= -$10 (current: $-11.59) (resumes in 1386s)
2025-12-24 01:18:27 - trades.XAGEURm - DEBUG - [SKIP] Cannot open trade: Circuit breaker: Rolling PnL of last 50 trades <= -$10 (current: $-11.59) (resumes in 1250s)
2025-12-24 01:33:36 - trades.XAGEURm - DEBUG - [SKIP] Cannot open trade: Circuit breaker: Rolling PnL of last 50 trades <= -$10 (current: $-11.59) (resumes in 341s)
2025-12-24 01:35:41 - trades.XAGEURm - DEBUG - [SKIP] Cannot open trade: Circuit breaker: Rolling PnL of last 50 trades <= -$10 (current: $-11.59) (resumes in 216s)
2025-12-24 01:37:49 - trades.XAGEURm - DEBUG - [SKIP] Cannot open trade: Circuit breaker: Rolling PnL of last 50 trades <= -$10 (current: $-11.59) (resumes in 89s)
2025-12-24 01:39:59 - trades.XAGEURm - DEBUG - [SKIP] Cannot open trade: Circuit breaker: Rolling PnL of last 50 trades <= -$10 (current: $-11.59) (resumes in 3586s)
2025-12-24 01:42:10 - trades.XAGEURm - DEBUG - [SKIP] Cannot open trade: Circuit breaker: Rolling PnL of last 50 trades <= -$10 (current: $-11.59) (resumes in 3455s)
2025-12-24 01:44:18 - trades.XAGEURm - DEBUG - [SKIP] Cannot open trade: Circuit breaker: Rolling PnL of last 50 trades <= -$10 (current: $-11.59) (resumes in 3327s)
2025-12-24 01:46:24 - trades.XAGEURm - DEBUG - [SKIP] Cannot open trade: Circuit breaker: Rolling PnL of last 50 trades <= -$10 (current: $-11.59) (resumes in 3202s)
2025-12-24 01:48:27 - trades.XAGEURm - DEBUG - [SKIP] Cannot open trade: Circuit breaker: Rolling PnL of last 50 trades <= -$10 (current: $-11.59) (resumes in 3078s)
2025-12-24 01:50:33 - trades.XAGEURm - DEBUG - [SKIP] Cannot open trade: Circuit breaker: Rolling PnL of last 50 trades <= -$10 (current: $-11.59) (resumes in 2952s)
2025-12-24 01:52:42 - trades.XAGEURm - DEBUG - [SKIP] Cannot open trade: Circuit breaker: Rolling PnL of last 50 trades <= -$10 (current: $-11.59) (resumes in 2824s)
2025-12-24 02:03:37 - trades.XAGEURm - DEBUG - [SKIP] Cannot open trade: Circuit breaker: Rolling PnL of last 50 trades <= -$10 (current: $-11.59) (resumes in 2168s)
2025-12-24 02:05:53 - trades.XAGEURm - DEBUG - [SKIP] Cannot open trade: Circuit breaker: Rolling PnL of last 50 trades <= -$10 (current: $-11.59) (resumes in 2032s)
2025-12-24 02:10:51 - trades.XAGEURm - DEBUG - [SKIP] Cannot open trade: Circuit breaker: Rolling PnL of last 50 trades <= -$10 (current: $-11.59) (resumes in 1735s)
2025-12-24 02:13:21 - trades.XAGEURm - DEBUG - [SKIP] Cannot open trade: Circuit breaker: Rolling PnL of last 50 trades <= -$10 (current: $-11.59) (resumes in 1584s)
2025-12-24 02:15:50 - trades.XAGEURm - DEBUG - [SKIP] Cannot open trade: Circuit breaker: Rolling PnL of last 50 trades <= -$10 (current: $-11.59) (resumes in 1435s)
2025-12-24 02:22:49 - trades.XAGEURm - DEBUG - [SKIP] Cannot open trade: Circuit breaker: Rolling PnL of last 50 trades <= -$10 (current: $-11.59) (resumes in 1016s)
2025-12-24 02:25:07 - trades.XAGEURm - DEBUG - [SKIP] Cannot open trade: Circuit breaker: Rolling PnL of last 50 trades <= -$10 (current: $-11.59) (resumes in 878s)
2025-12-24 02:27:21 - trades.XAGEURm - DEBUG - [SKIP] Cannot open trade: Circuit breaker: Rolling PnL of last 50 trades <= -$10 (current: $-11.59) (resumes in 744s)
2025-12-24 02:29:36 - trades.XAGEURm - DEBUG - [SKIP] Cannot open trade: Circuit breaker: Rolling PnL of last 50 trades <= -$10 (current: $-11.59) (resumes in 609s)
2025-12-24 02:32:08 - trades.XAGEURm - DEBUG - [SKIP] Cannot open trade: Circuit breaker: Rolling PnL of last 50 trades <= -$10 (current: $-11.59) (resumes in 458s)
2025-12-24 02:34:42 - trades.XAGEURm - DEBUG - [SKIP] Cannot open trade: Circuit breaker: Rolling PnL of last 50 trades <= -$10 (current: $-11.59) (resumes in 303s)
2025-12-24 02:37:20 - trades.XAGEURm - DEBUG - [SKIP] Cannot open trade: Circuit breaker: Rolling PnL of last 50 trades <= -$10 (current: $-11.59) (resumes in 145s)
2025-12-24 02:39:59 - trades.XAGEURm - DEBUG - [SKIP] Cannot open trade: Circuit breaker: Rolling PnL of last 50 trades <= -$10 (current: $-11.59) (resumes in 3589s)
2025-12-24 02:42:25 - trades.XAGEURm - DEBUG - [SKIP] Cannot open trade: Circuit breaker: Rolling PnL of last 50 trades <= -$10 (current: $-11.59) (resumes in 3443s)
2025-12-24 02:44:41 - trades.XAGEURm - DEBUG - [SKIP] Cannot open trade: Circuit breaker: Rolling PnL of last 50 trades <= -$10 (current: $-11.59) (resumes in 3307s)
2025-12-24 02:46:59 - trades.XAGEURm - DEBUG - [SKIP] Cannot open trade: Circuit breaker: Rolling PnL of last 50 trades <= -$10 (current: $-11.59) (resumes in 3169s)
2025-12-24 02:53:46 - trades.XAGEURm - DEBUG - [SKIP] Cannot open trade: Circuit breaker: Rolling PnL of last 50 trades <= -$10 (current: $-11.59) (resumes in 2762s)
2025-12-24 02:58:14 - trades.XAGEURm - DEBUG - [SKIP] Cannot open trade: Circuit breaker: Rolling PnL of last 50 trades <= -$10 (current: $-11.59) (resumes in 2494s)
2025-12-24 03:00:30 - trades.XAGEURm - DEBUG - [SKIP] Cannot open trade: Circuit breaker: Rolling PnL of last 50 trades <= -$10 (current: $-11.59) (resumes in 2358s)
2025-12-24 03:02:49 - trades.XAGEURm - DEBUG - [SKIP] Cannot open trade: Circuit breaker: Rolling PnL of last 50 trades <= -$10 (current: $-11.59) (resumes in 2219s)
2025-12-24 03:05:09 - trades.XAGEURm - DEBUG - [SKIP] Cannot open trade: Circuit breaker: Rolling PnL of last 50 trades <= -$10 (current: $-11.59) (resumes in 2080s)
2025-12-24 03:14:05 - trades.XAGEURm - DEBUG - [SKIP] Cannot open trade: Circuit breaker: Rolling PnL of last 50 trades <= -$10 (current: $-11.59) (resumes in 1543s)
2025-12-24 03:16:16 - trades.XAGEURm - DEBUG - [SKIP] Cannot open trade: Circuit breaker: Rolling PnL of last 50 trades <= -$10 (current: $-11.59) (resumes in 1412s)
2025-12-24 03:18:28 - trades.XAGEURm - DEBUG - [SKIP] Cannot open trade: Circuit breaker: Rolling PnL of last 50 trades <= -$10 (current: $-11.59) (resumes in 1280s)
2025-12-24 03:20:41 - trades.XAGEURm - DEBUG - [SKIP] Cannot open trade: Circuit breaker: Rolling PnL of last 50 trades <= -$10 (current: $-11.59) (resumes in 1147s)
2025-12-24 03:22:50 - trades.XAGEURm - DEBUG - [SKIP] Cannot open trade: Circuit breaker: Rolling PnL of last 50 trades <= -$10 (current: $-11.59) (resumes in 1018s)
2025-12-24 03:24:57 - trades.XAGEURm - DEBUG - [SKIP] Cannot open trade: Circuit breaker: Rolling PnL of last 50 trades <= -$10 (current: $-11.59) (resumes in 891s)
2025-12-24 03:27:05 - trades.XAGEURm - DEBUG - [SKIP] Cannot open trade: Circuit breaker: Rolling PnL of last 50 trades <= -$10 (current: $-11.59) (resumes in 763s)
2025-12-24 03:29:17 - trades.XAGEURm - DEBUG - [SKIP] Cannot open trade: Circuit breaker: Rolling PnL of last 50 trades <= -$10 (current: $-11.59) (resumes in 631s)
2025-12-24 03:31:26 - trades.XAGEURm - DEBUG - [SKIP] Cannot open trade: Circuit breaker: Rolling PnL of last 50 trades <= -$10 (current: $-11.59) (resumes in 502s)
2025-12-24 03:33:34 - trades.XAGEURm - DEBUG - [SKIP] Cannot open trade: Circuit breaker: Rolling PnL of last 50 trades <= -$10 (current: $-11.59) (resumes in 374s)
2025-12-24 03:35:43 - trades.XAGEURm - DEBUG - [SKIP] Cannot open trade: Circuit breaker: Rolling PnL of last 50 trades <= -$10 (current: $-11.59) (resumes in 246s)
2025-12-24 03:37:52 - trades.XAGEURm - DEBUG - [SKIP] Cannot open trade: Circuit breaker: Rolling PnL of last 50 trades <= -$10 (current: $-11.59) (resumes in 116s)
2025-12-24 03:40:05 - trades.XAGEURm - DEBUG - [SKIP] Cannot open trade: Circuit breaker: Rolling PnL of last 50 trades <= -$10 (current: $-11.59) (resumes in 3586s)
2025-12-24 03:42:12 - trades.XAGEURm - DEBUG - [SKIP] Cannot open trade: Circuit breaker: Rolling PnL of last 50 trades <= -$10 (current: $-11.59) (resumes in 3459s)
2025-12-24 03:44:18 - trades.XAGEURm - DEBUG - [SKIP] Cannot open trade: Circuit breaker: Rolling PnL of last 50 trades <= -$10 (current: $-11.59) (resumes in 3333s)
2025-12-24 03:46:23 - trades.XAGEURm - DEBUG - [SKIP] Cannot open trade: Circuit breaker: Rolling PnL of last 50 trades <= -$10 (current: $-11.59) (resumes in 3208s)
2025-12-24 03:48:31 - trades.XAGEURm - DEBUG - [SKIP] Cannot open trade: Circuit breaker: Rolling PnL of last 50 trades <= -$10 (current: $-11.59) (resumes in 3080s)
2025-12-24 03:50:44 - trades.XAGEURm - DEBUG - [SKIP] Cannot open trade: Circuit breaker: Rolling PnL of last 50 trades <= -$10 (current: $-11.59) (resumes in 2946s)
2025-12-24 03:52:49 - trades.XAGEURm - DEBUG - [SKIP] Cannot open trade: Circuit breaker: Rolling PnL of last 50 trades <= -$10 (current: $-11.59) (resumes in 2822s)
2025-12-24 03:54:56 - trades.XAGEURm - DEBUG - [SKIP] Cannot open trade: Circuit breaker: Rolling PnL of last 50 trades <= -$10 (current: $-11.59) (resumes in 2695s)
2025-12-24 03:57:02 - trades.XAGEURm - DEBUG - [SKIP] Cannot open trade: Circuit breaker: Rolling PnL of last 50 trades <= -$10 (current: $-11.59) (resumes in 2568s)
2025-12-24 03:59:08 - trades.XAGEURm - DEBUG - [SKIP] Cannot open trade: Circuit breaker: Rolling PnL of last 50 trades <= -$10 (current: $-11.59) (resumes in 2443s)
2025-12-24 04:01:14 - trades.XAGEURm - DEBUG - [SKIP] Cannot open trade: Circuit breaker: Rolling PnL of last 50 trades <= -$10 (current: $-11.59) (resumes in 2317s)
2025-12-24 04:03:21 - trades.XAGEURm - DEBUG - [SKIP] Cannot open trade: Circuit breaker: Rolling PnL of last 50 trades <= -$10 (current: $-11.59) (resumes in 2190s)
2025-12-24 04:05:29 - trades.XAGEURm - DEBUG - [SKIP] Cannot open trade: Circuit breaker: Rolling PnL of last 50 trades <= -$10 (current: $-11.59) (resumes in 2062s)
2025-12-24 04:09:47 - trades.XAGEURm - DEBUG - [SKIP] Cannot open trade: Circuit breaker: Rolling PnL of last 50 trades <= -$10 (current: $-11.59) (resumes in 1804s)
2025-12-24 04:11:58 - trades.XAGEURm - DEBUG - [SKIP] Cannot open trade: Circuit breaker: Rolling PnL of last 50 trades <= -$10 (current: $-11.59) (resumes in 1673s)
2025-12-24 04:16:21 - trades.XAGEURm - DEBUG - [SKIP] Cannot open trade: Circuit breaker: Rolling PnL of last 50 trades <= -$10 (current: $-11.59) (resumes in 1410s)
2025-12-24 04:18:34 - trades.XAGEURm - DEBUG - [SKIP] Cannot open trade: Circuit breaker: Rolling PnL of last 50 trades <= -$10 (current: $-11.59) (resumes in 1277s)
2025-12-24 04:20:46 - trades.XAGEURm - DEBUG - [SKIP] Cannot open trade: Circuit breaker: Rolling PnL of last 50 trades <= -$10 (current: $-11.59) (resumes in 1145s)
2025-12-24 04:25:12 - trades.XAGEURm - DEBUG - [SKIP] Cannot open trade: Circuit breaker: Rolling PnL of last 50 trades <= -$10 (current: $-11.59) (resumes in 879s)
2025-12-24 04:27:24 - trades.XAGEURm - DEBUG - [SKIP] Cannot open trade: Circuit breaker: Rolling PnL of last 50 trades <= -$10 (current: $-11.59) (resumes in 746s)
2025-12-24 04:29:31 - trades.XAGEURm - DEBUG - [SKIP] Cannot open trade: Circuit breaker: Rolling PnL of last 50 trades <= -$10 (current: $-11.59) (resumes in 620s)
2025-12-24 04:31:39 - trades.XAGEURm - DEBUG - [SKIP] Cannot open trade: Circuit breaker: Rolling PnL of last 50 trades <= -$10 (current: $-11.59) (resumes in 492s)
2025-12-24 04:33:45 - trades.XAGEURm - DEBUG - [SKIP] Cannot open trade: Circuit breaker: Rolling PnL of last 50 trades <= -$10 (current: $-11.59) (resumes in 366s)
2025-12-24 04:35:53 - trades.XAGEURm - DEBUG - [SKIP] Cannot open trade: Circuit breaker: Rolling PnL of last 50 trades <= -$10 (current: $-11.59) (resumes in 238s)
2025-12-24 04:38:08 - trades.XAGEURm - DEBUG - [SKIP] Cannot open trade: Circuit breaker: Rolling PnL of last 50 trades <= -$10 (current: $-11.59) (resumes in 103s)
2025-12-24 04:40:19 - trades.XAGEURm - DEBUG - [SKIP] Cannot open trade: Circuit breaker: Rolling PnL of last 50 trades <= -$10 (current: $-11.59) (resumes in 3589s)
2025-12-24 04:42:28 - trades.XAGEURm - DEBUG - [SKIP] Cannot open trade: Circuit breaker: Rolling PnL of last 50 trades <= -$10 (current: $-11.59) (resumes in 3460s)
2025-12-24 04:44:34 - trades.XAGEURm - DEBUG - [SKIP] Cannot open trade: Circuit breaker: Rolling PnL of last 50 trades <= -$10 (current: $-11.59) (resumes in 3334s)
2025-12-24 04:46:42 - trades.XAGEURm - DEBUG - [SKIP] Cannot open trade: Circuit breaker: Rolling PnL of last 50 trades <= -$10 (current: $-11.59) (resumes in 3207s)
2025-12-24 04:48:47 - trades.XAGEURm - DEBUG - [SKIP] Cannot open trade: Circuit breaker: Rolling PnL of last 50 trades <= -$10 (current: $-11.59) (resumes in 3081s)
2025-12-24 04:53:00 - trades.XAGEURm - DEBUG - [SKIP] Cannot open trade: Circuit breaker: Rolling PnL of last 50 trades <= -$10 (current: $-11.59) (resumes in 2828s)
2025-12-24 04:55:08 - trades.XAGEURm - DEBUG - [SKIP] Cannot open trade: Circuit breaker: Rolling PnL of last 50 trades <= -$10 (current: $-11.59) (resumes in 2700s)
2025-12-24 04:57:17 - trades.XAGEURm - DEBUG - [SKIP] Cannot open trade: Circuit breaker: Rolling PnL of last 50 trades <= -$10 (current: $-11.59) (resumes in 2572s)
2025-12-24 04:59:23 - trades.XAGEURm - DEBUG - [SKIP] Cannot open trade: Circuit breaker: Rolling PnL of last 50 trades <= -$10 (current: $-11.59) (resumes in 2445s)
2025-12-24 05:01:32 - trades.XAGEURm - DEBUG - [SKIP] Cannot open trade: Circuit breaker: Rolling PnL of last 50 trades <= -$10 (current: $-11.59) (resumes in 2316s)
2025-12-24 05:03:53 - trades.XAGEURm - DEBUG - [SKIP] Cannot open trade: Circuit breaker: Rolling PnL of last 50 trades <= -$10 (current: $-11.59) (resumes in 2176s)
2025-12-24 05:06:07 - trades.XAGEURm - DEBUG - [SKIP] Cannot open trade: Circuit breaker: Rolling PnL of last 50 trades <= -$10 (current: $-11.59) (resumes in 2041s)
2025-12-24 05:08:14 - trades.XAGEURm - DEBUG - [SKIP] Cannot open trade: Circuit breaker: Rolling PnL of last 50 trades <= -$10 (current: $-11.59) (resumes in 1914s)
2025-12-24 05:10:18 - trades.XAGEURm - DEBUG - [SKIP] Cannot open trade: Circuit breaker: Rolling PnL of last 50 trades <= -$10 (current: $-11.59) (resumes in 1790s)
2025-12-24 05:18:24 - trades.XAGEURm - DEBUG - [SKIP] Cannot open trade: Circuit breaker: Rolling PnL of last 50 trades <= -$10 (current: $-11.59) (resumes in 1304s)
2025-12-24 05:20:25 - trades.XAGEURm - DEBUG - [SKIP] Cannot open trade: Circuit breaker: Rolling PnL of last 50 trades <= -$10 (current: $-11.59) (resumes in 1183s)
2025-12-24 05:22:29 - trades.XAGEURm - DEBUG - [SKIP] Cannot open trade: Circuit breaker: Rolling PnL of last 50 trades <= -$10 (current: $-11.59) (resumes in 1059s)
2025-12-24 05:24:33 - trades.XAGEURm - DEBUG - [SKIP] Cannot open trade: Circuit breaker: Rolling PnL of last 50 trades <= -$10 (current: $-11.59) (resumes in 935s)
2025-12-24 05:26:37 - trades.XAGEURm - DEBUG - [SKIP] Cannot open trade: Circuit breaker: Rolling PnL of last 50 trades <= -$10 (current: $-11.59) (resumes in 812s)
2025-12-24 05:28:38 - trades.XAGEURm - DEBUG - [SKIP] Cannot open trade: Circuit breaker: Rolling PnL of last 50 trades <= -$10 (current: $-11.59) (resumes in 691s)
2025-12-24 05:32:42 - trades.XAGEURm - DEBUG - [SKIP] Cannot open trade: Circuit breaker: Rolling PnL of last 50 trades <= -$10 (current: $-11.59) (resumes in 446s)
2025-12-24 05:34:47 - trades.XAGEURm - DEBUG - [SKIP] Cannot open trade: Circuit breaker: Rolling PnL of last 50 trades <= -$10 (current: $-11.59) (resumes in 321s)
2025-12-24 05:36:50 - trades.XAGEURm - DEBUG - [SKIP] Cannot open trade: Circuit breaker: Rolling PnL of last 50 trades <= -$10 (current: $-11.59) (resumes in 198s)
2025-12-24 05:38:54 - trades.XAGEURm - DEBUG - [SKIP] Cannot open trade: Circuit breaker: Rolling PnL of last 50 trades <= -$10 (current: $-11.59) (resumes in 74s)
2025-12-24 05:40:58 - trades.XAGEURm - DEBUG - [SKIP] Cannot open trade: Circuit breaker: Rolling PnL of last 50 trades <= -$10 (current: $-11.59) (resumes in 3589s)
2025-12-24 05:51:49 - trades.XAGEURm - DEBUG - [SKIP] Cannot open trade: Circuit breaker: Rolling PnL of last 50 trades <= -$10 (current: $-11.59) (resumes in 2938s)
2025-12-24 05:55:05 - trades.XAGEURm - DEBUG - [SKIP] Cannot open trade: Circuit breaker: Rolling PnL of last 50 trades <= -$10 (current: $-11.59) (resumes in 2743s)
2025-12-24 05:58:10 - trades.XAGEURm - DEBUG - [SKIP] Cannot open trade: Circuit breaker: Rolling PnL of last 50 trades <= -$10 (current: $-11.59) (resumes in 2558s)
2025-12-24 06:01:15 - trades.XAGEURm - DEBUG - [SKIP] Cannot open trade: Circuit breaker: Rolling PnL of last 50 trades <= -$10 (current: $-11.59) (resumes in 2372s)
2025-12-24 06:04:18 - trades.XAGEURm - DEBUG - [SKIP] Cannot open trade: Circuit breaker: Rolling PnL of last 50 trades <= -$10 (current: $-11.59) (resumes in 2190s)
2025-12-24 06:07:22 - trades.XAGEURm - DEBUG - [SKIP] Cannot open trade: Circuit breaker: Rolling PnL of last 50 trades <= -$10 (current: $-11.59) (resumes in 2005s)
2025-12-24 06:10:25 - trades.XAGEURm - DEBUG - [SKIP] Cannot open trade: Circuit breaker: Rolling PnL of last 50 trades <= -$10 (current: $-11.59) (resumes in 1822s)
2025-12-24 06:13:33 - trades.XAGEURm - DEBUG - [SKIP] Cannot open trade: Circuit breaker: Rolling PnL of last 50 trades <= -$10 (current: $-11.59) (resumes in 1635s)
2025-12-24 06:16:37 - trades.XAGEURm - DEBUG - [SKIP] Cannot open trade: Circuit breaker: Rolling PnL of last 50 trades <= -$10 (current: $-11.59) (resumes in 1450s)
2025-12-24 06:19:35 - trades.XAGEURm - DEBUG - [SKIP] Cannot open trade: Circuit breaker: Rolling PnL of last 50 trades <= -$10 (current: $-11.59) (resumes in 1273s)
2025-12-24 06:22:28 - trades.XAGEURm - DEBUG - [SKIP] Cannot open trade: Circuit breaker: Rolling PnL of last 50 trades <= -$10 (current: $-11.59) (resumes in 1099s)
2025-12-24 06:25:22 - trades.XAGEURm - DEBUG - [SKIP] Cannot open trade: Circuit breaker: Rolling PnL of last 50 trades <= -$10 (current: $-11.59) (resumes in 925s)
2025-12-24 06:28:16 - trades.XAGEURm - DEBUG - [SKIP] Cannot open trade: Circuit breaker: Rolling PnL of last 50 trades <= -$10 (current: $-11.59) (resumes in 751s)
2025-12-24 06:31:12 - trades.XAGEURm - DEBUG - [SKIP] Cannot open trade: Circuit breaker: Rolling PnL of last 50 trades <= -$10 (current: $-11.59) (resumes in 575s)
2025-12-24 06:37:11 - trades.XAGEURm - DEBUG - [SKIP] Cannot open trade: Circuit breaker: Rolling PnL of last 50 trades <= -$10 (current: $-11.59) (resumes in 216s)
2025-12-24 06:40:12 - trades.XAGEURm - DEBUG - [SKIP] Cannot open trade: Circuit breaker: Rolling PnL of last 50 trades <= -$10 (current: $-11.59) (resumes in 35s)
2025-12-24 06:43:12 - trades.XAGEURm - DEBUG - [SKIP] Cannot open trade: Circuit breaker: Rolling PnL of last 50 trades <= -$10 (current: $-11.59) (resumes in 3461s)
2025-12-24 06:46:16 - trades.XAGEURm - DEBUG - [SKIP] Cannot open trade: Circuit breaker: Rolling PnL of last 50 trades <= -$10 (current: $-11.59) (resumes in 3277s)
2025-12-24 06:49:15 - trades.XAGEURm - DEBUG - [SKIP] Cannot open trade: Circuit breaker: Rolling PnL of last 50 trades <= -$10 (current: $-11.59) (resumes in 3098s)
2025-12-24 06:52:03 - trades.XAGEURm - DEBUG - [SKIP] Cannot open trade: Circuit breaker: Rolling PnL of last 50 trades <= -$10 (current: $-11.59) (resumes in 2930s)
2025-12-24 06:55:03 - trades.XAGEURm - DEBUG - [SKIP] Cannot open trade: Circuit breaker: Rolling PnL of last 50 trades <= -$10 (current: $-11.59) (resumes in 2750s)
2025-12-24 07:00:57 - trades.XAGEURm - DEBUG - [SKIP] Cannot open trade: Circuit breaker: Rolling PnL of last 50 trades <= -$10 (current: $-11.59) (resumes in 2396s)
2025-12-24 07:04:04 - trades.XAGEURm - DEBUG - [SKIP] Cannot open trade: Circuit breaker: Rolling PnL of last 50 trades <= -$10 (current: $-11.59) (resumes in 2209s)
2025-12-24 07:07:07 - trades.XAGEURm - DEBUG - [SKIP] Cannot open trade: Circuit breaker: Rolling PnL of last 50 trades <= -$10 (current: $-11.59) (resumes in 2026s)
2025-12-24 07:10:07 - trades.XAGEURm - DEBUG - [SKIP] Cannot open trade: Circuit breaker: Rolling PnL of last 50 trades <= -$10 (current: $-11.59) (resumes in 1846s)
2025-12-24 07:13:07 - trades.XAGEURm - DEBUG - [SKIP] Cannot open trade: Circuit breaker: Rolling PnL of last 50 trades <= -$10 (current: $-11.59) (resumes in 1666s)
2025-12-24 07:16:08 - trades.XAGEURm - DEBUG - [SKIP] Cannot open trade: Circuit breaker: Rolling PnL of last 50 trades <= -$10 (current: $-11.59) (resumes in 1485s)
2025-12-24 07:19:17 - trades.XAGEURm - DEBUG - [SKIP] Cannot open trade: Circuit breaker: Rolling PnL of last 50 trades <= -$10 (current: $-11.59) (resumes in 1296s)
2025-12-24 07:22:29 - trades.XAGEURm - DEBUG - [SKIP] Cannot open trade: Circuit breaker: Rolling PnL of last 50 trades <= -$10 (current: $-11.59) (resumes in 1104s)
2025-12-24 07:25:33 - trades.XAGEURm - DEBUG - [SKIP] Cannot open trade: Circuit breaker: Rolling PnL of last 50 trades <= -$10 (current: $-11.59) (resumes in 920s)
2025-12-24 07:28:33 - trades.XAGEURm - DEBUG - [SKIP] Cannot open trade: Circuit breaker: Rolling PnL of last 50 trades <= -$10 (current: $-11.59) (resumes in 740s)
2025-12-24 07:31:29 - trades.XAGEURm - DEBUG - [SKIP] Cannot open trade: Circuit breaker: Rolling PnL of last 50 trades <= -$10 (current: $-11.59) (resumes in 564s)
2025-12-24 07:34:29 - trades.XAGEURm - DEBUG - [SKIP] Cannot open trade: Circuit breaker: Rolling PnL of last 50 trades <= -$10 (current: $-11.59) (resumes in 385s)
2025-12-24 07:37:23 - trades.XAGEURm - DEBUG - [SKIP] Cannot open trade: Circuit breaker: Rolling PnL of last 50 trades <= -$10 (current: $-11.59) (resumes in 210s)
2025-12-24 07:40:20 - trades.XAGEURm - DEBUG - [SKIP] Cannot open trade: Circuit breaker: Rolling PnL of last 50 trades <= -$10 (current: $-11.59) (resumes in 33s)
2025-12-24 07:43:19 - trades.XAGEURm - DEBUG - [SKIP] Cannot open trade: Circuit breaker: Rolling PnL of last 50 trades <= -$10 (current: $-11.59) (resumes in 3462s)
2025-12-24 07:46:20 - trades.XAGEURm - DEBUG - [SKIP] Cannot open trade: Circuit breaker: Rolling PnL of last 50 trades <= -$10 (current: $-11.59) (resumes in 3281s)
2025-12-24 07:49:24 - trades.XAGEURm - DEBUG - [SKIP] Cannot open trade: Circuit breaker: Rolling PnL of last 50 trades <= -$10 (current: $-11.59) (resumes in 3096s)
2025-12-24 07:52:22 - trades.XAGEURm - DEBUG - [SKIP] Cannot open trade: Circuit breaker: Rolling PnL of last 50 trades <= -$10 (current: $-11.59) (resumes in 2918s)
2025-12-24 07:55:21 - trades.XAGEURm - DEBUG - [SKIP] Cannot open trade: Circuit breaker: Rolling PnL of last 50 trades <= -$10 (current: $-11.59) (resumes in 2740s)
2025-12-24 07:58:30 - trades.XAGEURm - DEBUG - [SKIP] Cannot open trade: Circuit breaker: Rolling PnL of last 50 trades <= -$10 (current: $-11.59) (resumes in 2551s)
2025-12-24 08:01:30 - trades.XAGEURm - DEBUG - [SKIP] Cannot open trade: Circuit breaker: Rolling PnL of last 50 trades <= -$10 (current: $-11.59) (resumes in 2371s)
2025-12-24 08:07:34 - trades.XAGEURm - DEBUG - [SKIP] Cannot open trade: Circuit breaker: Rolling PnL of last 50 trades <= -$10 (current: $-11.59) (resumes in 2007s)
2025-12-24 08:10:40 - trades.XAGEURm - DEBUG - [SKIP] Cannot open trade: Circuit breaker: Rolling PnL of last 50 trades <= -$10 (current: $-11.59) (resumes in 1820s)
2025-12-24 08:13:41 - trades.XAGEURm - DEBUG - [SKIP] Cannot open trade: Circuit breaker: Rolling PnL of last 50 trades <= -$10 (current: $-11.59) (resumes in 1640s)
2025-12-24 08:16:47 - trades.XAGEURm - DEBUG - [SKIP] Cannot open trade: Circuit breaker: Rolling PnL of last 50 trades <= -$10 (current: $-11.59) (resumes in 1454s)
2025-12-24 08:19:52 - trades.XAGEURm - DEBUG - [SKIP] Cannot open trade: Circuit breaker: Rolling PnL of last 50 trades <= -$10 (current: $-11.59) (resumes in 1268s)
2025-12-24 08:22:57 - trades.XAGEURm - DEBUG - [SKIP] Cannot open trade: Circuit breaker: Rolling PnL of last 50 trades <= -$10 (current: $-11.59) (resumes in 1083s)
2025-12-24 08:26:13 - trades.XAGEURm - DEBUG - [SKIP] Cannot open trade: Circuit breaker: Rolling PnL of last 50 trades <= -$10 (current: $-11.59) (resumes in 888s)
2025-12-24 08:32:44 - trades.XAGEURm - DEBUG - [SKIP] Cannot open trade: Circuit breaker: Rolling PnL of last 50 trades <= -$10 (current: $-11.59) (resumes in 497s)
2025-12-24 08:35:59 - trades.XAGEURm - DEBUG - [SKIP] Cannot open trade: Circuit breaker: Rolling PnL of last 50 trades <= -$10 (current: $-11.59) (resumes in 302s)
2025-12-24 08:39:10 - trades.XAGEURm - DEBUG - [SKIP] Cannot open trade: Circuit breaker: Rolling PnL of last 50 trades <= -$10 (current: $-11.59) (resumes in 110s)
2025-12-24 08:42:31 - trades.XAGEURm - DEBUG - [SKIP] Cannot open trade: Circuit breaker: Rolling PnL of last 50 trades <= -$10 (current: $-11.59) (resumes in 3567s)
2025-12-24 08:45:51 - trades.XAGEURm - DEBUG - [SKIP] Cannot open trade: Circuit breaker: Rolling PnL of last 50 trades <= -$10 (current: $-11.59) (resumes in 3367s)
2025-12-24 08:52:24 - trades.XAGEURm - DEBUG - [SKIP] Cannot open trade: Circuit breaker: Rolling PnL of last 50 trades <= -$10 (current: $-11.59) (resumes in 2974s)
2025-12-24 08:55:35 - trades.XAGEURm - DEBUG - [SKIP] Cannot open trade: Circuit breaker: Rolling PnL of last 50 trades <= -$10 (current: $-11.59) (resumes in 2783s)
2025-12-24 08:58:41 - trades.XAGEURm - DEBUG - [SKIP] Cannot open trade: Circuit breaker: Rolling PnL of last 50 trades <= -$10 (current: $-11.59) (resumes in 2596s)
2025-12-24 09:01:46 - trades.XAGEURm - DEBUG - [SKIP] Cannot open trade: Circuit breaker: Rolling PnL of last 50 trades <= -$10 (current: $-11.59) (resumes in 2411s)
2025-12-24 09:04:52 - trades.XAGEURm - DEBUG - [SKIP] Cannot open trade: Circuit breaker: Rolling PnL of last 50 trades <= -$10 (current: $-11.59) (resumes in 2226s)
2025-12-24 09:07:58 - trades.XAGEURm - DEBUG - [SKIP] Cannot open trade: Circuit breaker: Rolling PnL of last 50 trades <= -$10 (current: $-11.59) (resumes in 2040s)
2025-12-24 09:11:09 - trades.XAGEURm - DEBUG - [SKIP] Cannot open trade: Circuit breaker: Rolling PnL of last 50 trades <= -$10 (current: $-11.59) (resumes in 1849s)
2025-12-24 09:14:17 - trades.XAGEURm - DEBUG - [SKIP] Cannot open trade: Circuit breaker: Rolling PnL of last 50 trades <= -$10 (current: $-11.59) (resumes in 1660s)
2025-12-24 09:17:32 - trades.XAGEURm - DEBUG - [SKIP] Cannot open trade: Circuit breaker: Rolling PnL of last 50 trades <= -$10 (current: $-11.59) (resumes in 1465s)
2025-12-24 09:20:56 - trades.XAGEURm - DEBUG - [SKIP] Cannot open trade: Circuit breaker: Rolling PnL of last 50 trades <= -$10 (current: $-11.59) (resumes in 1262s)
2025-12-24 09:24:19 - trades.XAGEURm - DEBUG - [SKIP] Cannot open trade: Circuit breaker: Rolling PnL of last 50 trades <= -$10 (current: $-11.59) (resumes in 1059s)
2025-12-24 09:27:33 - trades.XAGEURm - DEBUG - [SKIP] Cannot open trade: Circuit breaker: Rolling PnL of last 50 trades <= -$10 (current: $-11.59) (resumes in 865s)
2025-12-24 09:30:48 - trades.XAGEURm - DEBUG - [SKIP] Cannot open trade: Circuit breaker: Rolling PnL of last 50 trades <= -$10 (current: $-11.59) (resumes in 670s)
2025-12-24 09:33:58 - trades.XAGEURm - DEBUG - [SKIP] Cannot open trade: Circuit breaker: Rolling PnL of last 50 trades <= -$10 (current: $-11.59) (resumes in 479s)
2025-12-24 09:37:17 - trades.XAGEURm - DEBUG - [SKIP] Cannot open trade: Circuit breaker: Rolling PnL of last 50 trades <= -$10 (current: $-11.59) (resumes in 280s)
2025-12-24 09:40:24 - trades.XAGEURm - DEBUG - [SKIP] Cannot open trade: Circuit breaker: Rolling PnL of last 50 trades <= -$10 (current: $-11.59) (resumes in 93s)
2025-12-24 09:43:47 - trades.XAGEURm - DEBUG - [SKIP] Cannot open trade: Circuit breaker: Rolling PnL of last 50 trades <= -$10 (current: $-11.59) (resumes in 3565s)
2025-12-24 09:47:06 - trades.XAGEURm - DEBUG - [SKIP] Cannot open trade: Circuit breaker: Rolling PnL of last 50 trades <= -$10 (current: $-11.59) (resumes in 3366s)
2025-12-24 09:50:24 - trades.XAGEURm - DEBUG - [SKIP] Cannot open trade: Circuit breaker: Rolling PnL of last 50 trades <= -$10 (current: $-11.59) (resumes in 3168s)
2025-12-24 09:53:47 - trades.XAGEURm - DEBUG - [SKIP] Cannot open trade: Circuit breaker: Rolling PnL of last 50 trades <= -$10 (current: $-11.59) (resumes in 2965s)
2025-12-24 09:57:15 - trades.XAGEURm - DEBUG - [SKIP] Cannot open trade: Circuit breaker: Rolling PnL of last 50 trades <= -$10 (current: $-11.59) (resumes in 2758s)
2025-12-24 10:00:43 - trades.XAGEURm - DEBUG - [SKIP] Cannot open trade: Circuit breaker: Rolling PnL of last 50 trades <= -$10 (current: $-11.59) (resumes in 2549s)
2025-12-24 10:04:08 - trades.XAGEURm - DEBUG - [SKIP] Cannot open trade: Circuit breaker: Rolling PnL of last 50 trades <= -$10 (current: $-11.59) (resumes in 2345s)
2025-12-24 10:07:37 - trades.XAGEURm - DEBUG - [SKIP] Cannot open trade: Circuit breaker: Rolling PnL of last 50 trades <= -$10 (current: $-11.59) (resumes in 2136s)
2025-12-24 10:11:09 - trades.XAGEURm - DEBUG - [SKIP] Cannot open trade: Circuit breaker: Rolling PnL of last 50 trades <= -$10 (current: $-11.59) (resumes in 1924s)
2025-12-24 10:14:39 - trades.XAGEURm - DEBUG - [SKIP] Cannot open trade: Circuit breaker: Rolling PnL of last 50 trades <= -$10 (current: $-11.59) (resumes in 1713s)
2025-12-24 10:18:07 - trades.XAGEURm - DEBUG - [SKIP] Cannot open trade: Circuit breaker: Rolling PnL of last 50 trades <= -$10 (current: $-11.59) (resumes in 1506s)
2025-12-24 10:21:14 - trades.XAGEURm - DEBUG - [SKIP] Cannot open trade: Circuit breaker: Rolling PnL of last 50 trades <= -$10 (current: $-11.59) (resumes in 1318s)
2025-12-24 10:24:29 - trades.XAGEURm - DEBUG - [SKIP] Cannot open trade: Circuit breaker: Rolling PnL of last 50 trades <= -$10 (current: $-11.59) (resumes in 1124s)
2025-12-24 10:27:45 - trades.XAGEURm - DEBUG - [SKIP] Cannot open trade: Circuit breaker: Rolling PnL of last 50 trades <= -$10 (current: $-11.59) (resumes in 927s)
2025-12-24 10:30:53 - trades.XAGEURm - DEBUG - [SKIP] Cannot open trade: Circuit breaker: Rolling PnL of last 50 trades <= -$10 (current: $-11.59) (resumes in 739s)
2025-12-24 10:34:12 - trades.XAGEURm - DEBUG - [SKIP] Cannot open trade: Circuit breaker: Rolling PnL of last 50 trades <= -$10 (current: $-11.59) (resumes in 541s)
2025-12-24 10:37:21 - trades.XAGEURm - DEBUG - [SKIP] Cannot open trade: Circuit breaker: Rolling PnL of last 50 trades <= -$10 (current: $-11.59) (resumes in 352s)
2025-12-24 10:40:34 - trades.XAGEURm - DEBUG - [SKIP] Cannot open trade: Circuit breaker: Rolling PnL of last 50 trades <= -$10 (current: $-11.59) (resumes in 159s)
2025-12-24 10:43:45 - trades.XAGEURm - DEBUG - [SKIP] Cannot open trade: Circuit breaker: Rolling PnL of last 50 trades <= -$10 (current: $-11.59) (resumes in 3572s)
2025-12-24 10:46:57 - trades.XAGEURm - DEBUG - [SKIP] Cannot open trade: Circuit breaker: Rolling PnL of last 50 trades <= -$10 (current: $-11.59) (resumes in 3379s)
2025-12-24 10:50:06 - trades.XAGEURm - DEBUG - [SKIP] Cannot open trade: Circuit breaker: Rolling PnL of last 50 trades <= -$10 (current: $-11.59) (resumes in 3190s)
2025-12-24 10:53:09 - trades.XAGEURm - DEBUG - [SKIP] Cannot open trade: Circuit breaker: Rolling PnL of last 50 trades <= -$10 (current: $-11.59) (resumes in 3007s)
2025-12-24 10:56:37 - trades.XAGEURm - DEBUG - [SKIP] Cannot open trade: Circuit breaker: Rolling PnL of last 50 trades <= -$10 (current: $-11.59) (resumes in 2800s)
2025-12-24 11:00:12 - trades.XAGEURm - DEBUG - [SKIP] Cannot open trade: Circuit breaker: Rolling PnL of last 50 trades <= -$10 (current: $-11.59) (resumes in 2585s)
2025-12-24 11:03:59 - trades.XAGEURm - DEBUG - [SKIP] Cannot open trade: Circuit breaker: Rolling PnL of last 50 trades <= -$10 (current: $-11.59) (resumes in 2357s)
2025-12-24 11:07:36 - trades.XAGEURm - DEBUG - [SKIP] Cannot open trade: Circuit breaker: Rolling PnL of last 50 trades <= -$10 (current: $-11.59) (resumes in 2141s)
2025-12-24 11:11:51 - trades.XAGEURm - DEBUG - [SKIP] Cannot open trade: Circuit breaker: Rolling PnL of last 50 trades <= -$10 (current: $-11.59) (resumes in 1886s)
2025-12-24 11:15:57 - trades.XAGEURm - DEBUG - [SKIP] Cannot open trade: Circuit breaker: Rolling PnL of last 50 trades <= -$10 (current: $-11.59) (resumes in 1640s)
2025-12-24 11:23:17 - trades.XAGEURm - DEBUG - [SKIP] Cannot open trade: Circuit breaker: Rolling PnL of last 50 trades <= -$10 (current: $-11.59) (resumes in 1200s)
2025-12-24 11:26:36 - trades.XAGEURm - DEBUG - [SKIP] Cannot open trade: Circuit breaker: Rolling PnL of last 50 trades <= -$10 (current: $-11.59) (resumes in 1001s)
2025-12-24 11:29:56 - trades.XAGEURm - DEBUG - [SKIP] Cannot open trade: Circuit breaker: Rolling PnL of last 50 trades <= -$10 (current: $-11.59) (resumes in 800s)
2025-12-24 11:33:19 - trades.XAGEURm - DEBUG - [SKIP] Cannot open trade: Circuit breaker: Rolling PnL of last 50 trades <= -$10 (current: $-11.59) (resumes in 598s)
2025-12-24 11:36:41 - trades.XAGEURm - DEBUG - [SKIP] Cannot open trade: Circuit breaker: Rolling PnL of last 50 trades <= -$10 (current: $-11.59) (resumes in 395s)
2025-12-24 11:40:03 - trades.XAGEURm - DEBUG - [SKIP] Cannot open trade: Circuit breaker: Rolling PnL of last 50 trades <= -$10 (current: $-11.59) (resumes in 194s)
2025-12-24 11:43:30 - trades.XAGEURm - DEBUG - [SKIP] Cannot open trade: Circuit breaker: Rolling PnL of last 50 trades <= -$10 (current: $-11.59) (resumes in 3591s)
2025-12-24 11:46:41 - trades.XAGEURm - DEBUG - [SKIP] Cannot open trade: Circuit breaker: Rolling PnL of last 50 trades <= -$10 (current: $-11.59) (resumes in 3400s)
2025-12-24 11:49:56 - trades.XAGEURm - DEBUG - [SKIP] Cannot open trade: Circuit breaker: Rolling PnL of last 50 trades <= -$10 (current: $-11.59) (resumes in 3205s)
2025-12-24 11:53:24 - trades.XAGEURm - DEBUG - [SKIP] Cannot open trade: Circuit breaker: Rolling PnL of last 50 trades <= -$10 (current: $-11.59) (resumes in 2997s)
2025-12-24 12:00:08 - trades.XAGEURm - DEBUG - [SKIP] Cannot open trade: Circuit breaker: Rolling PnL of last 50 trades <= -$10 (current: $-11.59) (resumes in 2593s)
2025-12-24 12:15:44 - trades.XAGEURm - DEBUG - [SKIP] Cannot open trade: Circuit breaker: Rolling PnL of last 50 trades <= -$10 (current: $-11.59) (resumes in 1657s)
2025-12-24 12:18:49 - trades.XAGEURm - DEBUG - [SKIP] Cannot open trade: Circuit breaker: Rolling PnL of last 50 trades <= -$10 (current: $-11.59) (resumes in 1472s)
2025-12-24 12:25:00 - trades.XAGEURm - DEBUG - [SKIP] Cannot open trade: Circuit breaker: Rolling PnL of last 50 trades <= -$10 (current: $-11.59) (resumes in 1101s)
2025-12-24 12:34:35 - trades.XAGEURm - DEBUG - [SKIP] Cannot open trade: Circuit breaker: Rolling PnL of last 50 trades <= -$10 (current: $-11.59) (resumes in 526s)
2025-12-24 12:37:50 - trades.XAGEURm - DEBUG - [SKIP] Cannot open trade: Circuit breaker: Rolling PnL of last 50 trades <= -$10 (current: $-11.59) (resumes in 332s)
2025-12-24 12:41:03 - trades.XAGEURm - DEBUG - [SKIP] Cannot open trade: Circuit breaker: Rolling PnL of last 50 trades <= -$10 (current: $-11.59) (resumes in 138s)
2025-12-24 12:44:16 - trades.XAGEURm - DEBUG - [SKIP] Cannot open trade: Circuit breaker: Rolling PnL of last 50 trades <= -$10 (current: $-11.59) (resumes in 3574s)
2025-12-24 12:50:38 - trades.XAGEURm - DEBUG - [SKIP] Cannot open trade: Circuit breaker: Rolling PnL of last 50 trades <= -$10 (current: $-11.59) (resumes in 3193s)
2025-12-24 12:53:50 - trades.XAGEURm - DEBUG - [SKIP] Cannot open trade: Circuit breaker: Rolling PnL of last 50 trades <= -$10 (current: $-11.59) (resumes in 3000s)
2025-12-24 12:57:10 - trades.XAGEURm - DEBUG - [SKIP] Cannot open trade: Circuit breaker: Rolling PnL of last 50 trades <= -$10 (current: $-11.59) (resumes in 2800s)
2025-12-24 13:03:37 - trades.XAGEURm - DEBUG - [SKIP] Cannot open trade: Circuit breaker: Rolling PnL of last 50 trades <= -$10 (current: $-11.59) (resumes in 2413s)
2025-12-24 13:06:45 - trades.XAGEURm - DEBUG - [SKIP] Cannot open trade: Circuit breaker: Rolling PnL of last 50 trades <= -$10 (current: $-11.59) (resumes in 2226s)
2025-12-24 13:09:54 - trades.XAGEURm - DEBUG - [SKIP] Cannot open trade: Circuit breaker: Rolling PnL of last 50 trades <= -$10 (current: $-11.59) (resumes in 2036s)
2025-12-24 13:13:13 - trades.XAGEURm - DEBUG - [SKIP] Cannot open trade: Circuit breaker: Rolling PnL of last 50 trades <= -$10 (current: $-11.59) (resumes in 1837s)
2025-12-24 13:16:32 - trades.XAGEURm - DEBUG - [SKIP] Cannot open trade: Circuit breaker: Rolling PnL of last 50 trades <= -$10 (current: $-11.59) (resumes in 1639s)
2025-12-24 13:19:44 - trades.XAGEURm - DEBUG - [SKIP] Cannot open trade: Circuit breaker: Rolling PnL of last 50 trades <= -$10 (current: $-11.59) (resumes in 1446s)
2025-12-24 13:32:24 - trades.XAGEURm - DEBUG - [SKIP] Cannot open trade: Circuit breaker: Rolling PnL of last 50 trades <= -$10 (current: $-11.59) (resumes in 686s)
2025-12-24 13:35:36 - trades.XAGEURm - DEBUG - [SKIP] Cannot open trade: Circuit breaker: Rolling PnL of last 50 trades <= -$10 (current: $-11.59) (resumes in 494s)
2025-12-24 13:38:45 - trades.XAGEURm - DEBUG - [SKIP] Cannot open trade: Circuit breaker: Rolling PnL of last 50 trades <= -$10 (current: $-11.59) (resumes in 306s)
2025-12-24 13:41:49 - trades.XAGEURm - DEBUG - [SKIP] Cannot open trade: Circuit breaker: Rolling PnL of last 50 trades <= -$10 (current: $-11.59) (resumes in 121s)
2025-12-24 13:45:11 - trades.XAGEURm - DEBUG - [SKIP] Cannot open trade: Circuit breaker: Rolling PnL of last 50 trades <= -$10 (current: $-11.59) (resumes in 3565s)
2025-12-24 13:48:35 - trades.XAGEURm - DEBUG - [SKIP] Cannot open trade: Circuit breaker: Rolling PnL of last 50 trades <= -$10 (current: $-11.59) (resumes in 3361s)
2025-12-24 13:58:58 - trades.XAGEURm - DEBUG - [SKIP] Cannot open trade: Circuit breaker: Rolling PnL of last 50 trades <= -$10 (current: $-11.59) (resumes in 2739s)
2025-12-24 14:02:30 - trades.XAGEURm - DEBUG - [SKIP] Cannot open trade: Circuit breaker: Rolling PnL of last 50 trades <= -$10 (current: $-11.59) (resumes in 2526s)
2025-12-24 14:05:54 - trades.XAGEURm - DEBUG - [SKIP] Cannot open trade: Circuit breaker: Rolling PnL of last 50 trades <= -$10 (current: $-11.59) (resumes in 2322s)
2025-12-24 14:09:28 - trades.XAGEURm - DEBUG - [SKIP] Cannot open trade: Circuit breaker: Rolling PnL of last 50 trades <= -$10 (current: $-11.59) (resumes in 2108s)
2025-12-24 14:12:55 - trades.XAGEURm - DEBUG - [SKIP] Cannot open trade: Circuit breaker: Rolling PnL of last 50 trades <= -$10 (current: $-11.59) (resumes in 1901s)
2025-12-24 14:16:21 - trades.XAGEURm - DEBUG - [SKIP] Cannot open trade: Circuit breaker: Rolling PnL of last 50 trades <= -$10 (current: $-11.59) (resumes in 1695s)
2025-12-24 14:19:39 - trades.XAGEURm - DEBUG - [SKIP] Cannot open trade: Circuit breaker: Rolling PnL of last 50 trades <= -$10 (current: $-11.59) (resumes in 1497s)
2025-12-24 14:22:54 - trades.XAGEURm - DEBUG - [SKIP] Cannot open trade: Circuit breaker: Rolling PnL of last 50 trades <= -$10 (current: $-11.59) (resumes in 1302s)
2025-12-24 14:26:25 - trades.XAGEURm - DEBUG - [SKIP] Cannot open trade: Circuit breaker: Rolling PnL of last 50 trades <= -$10 (current: $-11.59) (resumes in 1092s)
2025-12-24 14:30:04 - trades.XAGEURm - DEBUG - [SKIP] Cannot open trade: Circuit breaker: Rolling PnL of last 50 trades <= -$10 (current: $-11.59) (resumes in 872s)
2025-12-24 14:34:06 - trades.XAGEURm - DEBUG - [SKIP] Cannot open trade: Circuit breaker: Rolling PnL of last 50 trades <= -$10 (current: $-11.59) (resumes in 630s)
2025-12-24 14:38:11 - trades.XAGEURm - DEBUG - [SKIP] Cannot open trade: Circuit breaker: Rolling PnL of last 50 trades <= -$10 (current: $-11.59) (resumes in 385s)
2025-12-24 14:43:50 - trades.XAGEURm - DEBUG - [SKIP] Cannot open trade: Circuit breaker: Rolling PnL of last 50 trades <= -$10 (current: $-11.59) (resumes in 46s)
2025-12-24 15:09:55 - trades.XAGEURm - DEBUG - [SKIP] Cannot open trade: Circuit breaker: Rolling PnL of last 50 trades <= -$10 (current: $-11.59) (resumes in 2090s)
2025-12-24 15:14:35 - trades.XAGEURm - DEBUG - [SKIP] Cannot open trade: Circuit breaker: Rolling PnL of last 50 trades <= -$10 (current: $-11.59) (resumes in 1809s)
2025-12-24 15:19:29 - trades.XAGEURm - DEBUG - [SKIP] Cannot open trade: Circuit breaker: Rolling PnL of last 50 trades <= -$10 (current: $-11.59) (resumes in 1516s)
