2025-12-23 11:58:20 - trades.XAGGBPm - DEBUG - [SKIP] Cannot open trade: Entry filter: Spread sanity: spread 127.0% of avg range > max 30.0%
2025-12-23 12:00:09 - trades.XAGGBPm - DEBUG - [SKIP] Cannot open trade: Entry filter: Session guard: first 1 minutes of hour blocked
2025-12-23 12:07:31 - trades.XAGGBPm - DEBUG - [SKIP] Cannot open trade: Entry filter: Spread sanity: spread 112.7% of avg range > max 30.0%
2025-12-23 12:10:59 - trades.XAGGBPm - DEBUG - [SKIP] Cannot open trade: Entry filter: Spread sanity: spread 118.2% of avg range > max 30.0%
2025-12-23 12:14:27 - trades.XAGGBPm - DEBUG - [SKIP] Cannot open trade: Entry filter: Spread sanity: spread 133.0% of avg range > max 30.0%
2025-12-23 12:18:12 - trades.XAGGBPm - DEBUG - [SKIP] Cannot open trade: Entry filter: Spread sanity: spread 128.3% of avg range > max 30.0%
2025-12-23 12:21:25 - trades.XAGGBPm - DEBUG - [SKIP] Cannot open trade: Entry filter: Spread sanity: spread 124.0% of avg range > max 30.0%
2025-12-23 12:24:38 - trades.XAGGBPm - DEBUG - [SKIP] Cannot open trade: Entry filter: Spread sanity: spread 140.4% of avg range > max 30.0%
2025-12-23 12:27:49 - trades.XAGGBPm - DEBUG - [SKIP] Cannot open trade: Entry filter: Spread sanity: spread 164.4% of avg range > max 30.0%
2025-12-23 12:30:56 - trades.XAGGBPm - DEBUG - [SKIP] Cannot open trade: Entry filter: Spread sanity: spread 174.5% of avg range > max 30.0%
2025-12-23 12:43:40 - trades.XAGGBPm - DEBUG - [SKIP] Cannot open trade: Entry filter: Spread sanity: spread 186.8% of avg range > max 30.0%
2025-12-23 12:47:04 - trades.XAGGBPm - DEBUG - [SKIP] Cannot open trade: Entry filter: Spread sanity: spread 192.0% of avg range > max 30.0%
2025-12-23 12:50:19 - trades.XAGGBPm - DEBUG - [SKIP] Cannot open trade: Entry filter: Spread sanity: spread 183.2% of avg range > max 30.0%
2025-12-23 12:53:44 - trades.XAGGBPm - DEBUG - [SKIP] Cannot open trade: Entry filter: Spread sanity: spread 181.8% of avg range > max 30.0%
2025-12-23 12:57:04 - trades.XAGGBPm - DEBUG - [SKIP] Cannot open trade: Entry filter: Spread sanity: spread 166.1% of avg range > max 30.0%
2025-12-23 13:00:21 - trades.XAGGBPm - DEBUG - [SKIP] Cannot open trade: Entry filter: Session guard: first 1 minutes of hour blocked
2025-12-23 13:03:46 - trades.XAGGBPm - DEBUG - [SKIP] Cannot open trade: Entry filter: Spread sanity: spread 91.8% of avg range > max 30.0%
2025-12-23 13:07:15 - trades.XAGGBPm - DEBUG - [SKIP] Cannot open trade: Entry filter: Spread sanity: spread 63.7% of avg range > max 30.0%
2025-12-23 13:10:36 - trades.XAGGBPm - DEBUG - [SKIP] Cannot open trade: Entry filter: Spread sanity: spread 52.2% of avg range > max 30.0%
2025-12-23 13:45:04 - trades.XAGGBPm - DEBUG - [SKIP] Cannot open trade: Entry filter: Spread sanity: spread 33.5% of avg range > max 30.0%
2025-12-23 13:48:36 - trades.XAGGBPm - DEBUG - [SKIP] Cannot open trade: Entry filter: Spread sanity: spread 33.1% of avg range > max 30.0%
2025-12-23 14:09:26 - trades.XAGGBPm - DEBUG - [SKIP] Cannot open trade: Entry filter: Candle quality: current range 47.0% of avg < min 55.0%
2025-12-23 14:18:43 - trades.XAGGBPm - DEBUG - [SKIP] Cannot open trade: Entry filter: Spread sanity: spread 30.1% of avg range > max 30.0%
2025-12-23 14:23:04 - trades.XAGGBPm - DEBUG - [SKIP] Cannot open trade: Entry filter: Spread sanity: spread 31.0% of avg range > max 30.0%
2025-12-23 14:26:52 - trades.XAGGBPm - DEBUG - [SKIP] Cannot open trade: Entry filter: Spread sanity: spread 30.4% of avg range > max 30.0%
2025-12-23 14:30:55 - trades.XAGGBPm - DEBUG - [SKIP] Cannot open trade: Entry filter: Spread sanity: spread 33.9% of avg range > max 30.0%
2025-12-23 15:11:44 - trades.XAGGBPm - DEBUG - [SKIP] Cannot open trade: Circuit breaker: Consecutive losses >= 10 (11 losses) (resumes in 697s)
2025-12-23 15:23:07 - trades.XAGGBPm - DEBUG - [SKIP] Cannot open trade: Circuit breaker: Consecutive losses >= 10 (11 losses) (resumes in 14s)
2025-12-23 15:36:11 - trades.XAGGBPm - DEBUG - [SKIP] Cannot open trade: Circuit breaker: Rolling PnL of last 50 trades <= -$10 (current: $-17.00) (resumes in 3374s)
2025-12-23 15:42:30 - trades.XAGGBPm - DEBUG - [SKIP] Cannot open trade: Circuit breaker: Rolling PnL of last 50 trades <= -$10 (current: $-17.00) (resumes in 2995s)
2025-12-23 15:48:35 - trades.XAGGBPm - DEBUG - [SKIP] Cannot open trade: Circuit breaker: Rolling PnL of last 50 trades <= -$10 (current: $-17.00) (resumes in 2630s)
2025-12-23 15:54:46 - trades.XAGGBPm - DEBUG - [SKIP] Cannot open trade: Circuit breaker: Rolling PnL of last 50 trades <= -$10 (current: $-17.00) (resumes in 2259s)
2025-12-23 16:00:37 - trades.XAGGBPm - DEBUG - [SKIP] Cannot open trade: Circuit breaker: Rolling PnL of last 50 trades <= -$10 (current: $-17.00) (resumes in 1908s)
2025-12-23 16:27:48 - trades.XAGGBPm - DEBUG - [SKIP] Cannot open trade: Circuit breaker: Rolling PnL of last 50 trades <= -$10 (current: $-17.00) (resumes in 276s)
2025-12-23 16:32:55 - trades.XAGGBPm - DEBUG - [SKIP] Cannot open trade: Circuit breaker: Rolling PnL of last 50 trades <= -$10 (current: $-11.59) (resumes in 3572s)
2025-12-23 16:38:23 - trades.XAGGBPm - DEBUG - [SKIP] Cannot open trade: Circuit breaker: Rolling PnL of last 50 trades <= -$10 (current: $-11.59) (resumes in 3244s)
2025-12-23 16:43:24 - trades.XAGGBPm - DEBUG - [SKIP] Cannot open trade: Circuit breaker: Rolling PnL of last 50 trades <= -$10 (current: $-11.59) (resumes in 2943s)
2025-12-23 16:48:17 - trades.XAGGBPm - DEBUG - [SKIP] Cannot open trade: Circuit breaker: Rolling PnL of last 50 trades <= -$10 (current: $-11.59) (resumes in 2649s)
2025-12-23 16:53:20 - trades.XAGGBPm - DEBUG - [SKIP] Cannot open trade: Circuit breaker: Rolling PnL of last 50 trades <= -$10 (current: $-11.59) (resumes in 2346s)
2025-12-23 16:58:30 - trades.XAGGBPm - DEBUG - [SKIP] Cannot open trade: Circuit breaker: Rolling PnL of last 50 trades <= -$10 (current: $-11.59) (resumes in 2036s)
2025-12-23 17:03:37 - trades.XAGGBPm - DEBUG - [SKIP] Cannot open trade: Circuit breaker: Rolling PnL of last 50 trades <= -$10 (current: $-11.59) (resumes in 1730s)
2025-12-23 17:08:19 - trades.XAGGBPm - DEBUG - [SKIP] Cannot open trade: Circuit breaker: Rolling PnL of last 50 trades <= -$10 (current: $-11.59) (resumes in 1448s)
2025-12-23 17:13:32 - trades.XAGGBPm - DEBUG - [SKIP] Cannot open trade: Circuit breaker: Rolling PnL of last 50 trades <= -$10 (current: $-11.59) (resumes in 1135s)
2025-12-23 17:18:35 - trades.XAGGBPm - DEBUG - [SKIP] Cannot open trade: Circuit breaker: Rolling PnL of last 50 trades <= -$10 (current: $-11.59) (resumes in 832s)
2025-12-23 17:23:25 - trades.XAGGBPm - DEBUG - [SKIP] Cannot open trade: Circuit breaker: Rolling PnL of last 50 trades <= -$10 (current: $-11.59) (resumes in 541s)
2025-12-23 17:28:13 - trades.XAGGBPm - DEBUG - [SKIP] Cannot open trade: Circuit breaker: Rolling PnL of last 50 trades <= -$10 (current: $-11.59) (resumes in 253s)
2025-12-23 17:32:58 - trades.XAGGBPm - DEBUG - [SKIP] Cannot open trade: Circuit breaker: Rolling PnL of last 50 trades <= -$10 (current: $-11.59) (resumes in 3570s)
2025-12-23 17:41:53 - trades.XAGGBPm - DEBUG - [SKIP] Cannot open trade: Circuit breaker: Rolling PnL of last 50 trades <= -$10 (current: $-11.59) (resumes in 3036s)
2025-12-23 17:46:22 - trades.XAGGBPm - DEBUG - [SKIP] Cannot open trade: Circuit breaker: Rolling PnL of last 50 trades <= -$10 (current: $-11.59) (resumes in 2766s)
2025-12-23 17:50:48 - trades.XAGGBPm - DEBUG - [SKIP] Cannot open trade: Circuit breaker: Rolling PnL of last 50 trades <= -$10 (current: $-11.59) (resumes in 2500s)
2025-12-23 17:55:31 - trades.XAGGBPm - DEBUG - [SKIP] Cannot open trade: Circuit breaker: Rolling PnL of last 50 trades <= -$10 (current: $-11.59) (resumes in 2218s)
2025-12-23 18:00:15 - trades.XAGGBPm - DEBUG - [SKIP] Cannot open trade: Circuit breaker: Rolling PnL of last 50 trades <= -$10 (current: $-11.59) (resumes in 1934s)
2025-12-23 18:04:40 - trades.XAGGBPm - DEBUG - [SKIP] Cannot open trade: Circuit breaker: Rolling PnL of last 50 trades <= -$10 (current: $-11.59) (resumes in 1668s)
2025-12-23 18:09:13 - trades.XAGGBPm - DEBUG - [SKIP] Cannot open trade: Circuit breaker: Rolling PnL of last 50 trades <= -$10 (current: $-11.59) (resumes in 1395s)
2025-12-23 18:13:45 - trades.XAGGBPm - DEBUG - [SKIP] Cannot open trade: Circuit breaker: Rolling PnL of last 50 trades <= -$10 (current: $-11.59) (resumes in 1123s)
2025-12-23 18:17:51 - trades.XAGGBPm - DEBUG - [SKIP] Cannot open trade: Circuit breaker: Rolling PnL of last 50 trades <= -$10 (current: $-11.59) (resumes in 878s)
2025-12-23 18:26:32 - trades.XAGGBPm - DEBUG - [SKIP] Cannot open trade: Circuit breaker: Rolling PnL of last 50 trades <= -$10 (current: $-11.59) (resumes in 357s)
2025-12-23 18:35:35 - trades.XAGGBPm - DEBUG - [SKIP] Cannot open trade: Circuit breaker: Rolling PnL of last 50 trades <= -$10 (current: $-11.59) (resumes in 3416s)
2025-12-23 18:40:04 - trades.XAGGBPm - DEBUG - [SKIP] Cannot open trade: Circuit breaker: Rolling PnL of last 50 trades <= -$10 (current: $-11.59) (resumes in 3146s)
2025-12-23 18:48:46 - trades.XAGGBPm - DEBUG - [SKIP] Cannot open trade: Circuit breaker: Rolling PnL of last 50 trades <= -$10 (current: $-11.59) (resumes in 2624s)
2025-12-23 18:53:02 - trades.XAGGBPm - DEBUG - [SKIP] Cannot open trade: Circuit breaker: Rolling PnL of last 50 trades <= -$10 (current: $-11.59) (resumes in 2368s)
2025-12-23 18:57:32 - trades.XAGGBPm - DEBUG - [SKIP] Cannot open trade: Circuit breaker: Rolling PnL of last 50 trades <= -$10 (current: $-11.59) (resumes in 2098s)
2025-12-23 19:10:20 - trades.XAGGBPm - DEBUG - [SKIP] Cannot open trade: Circuit breaker: Rolling PnL of last 50 trades <= -$10 (current: $-11.59) (resumes in 1330s)
2025-12-23 19:14:30 - trades.XAGGBPm - DEBUG - [SKIP] Cannot open trade: Circuit breaker: Rolling PnL of last 50 trades <= -$10 (current: $-11.59) (resumes in 1080s)
2025-12-23 19:22:39 - trades.XAGGBPm - DEBUG - [SKIP] Cannot open trade: Circuit breaker: Rolling PnL of last 50 trades <= -$10 (current: $-11.59) (resumes in 591s)
2025-12-23 19:26:57 - trades.XAGGBPm - DEBUG - [SKIP] Cannot open trade: Circuit breaker: Rolling PnL of last 50 trades <= -$10 (current: $-11.59) (resumes in 334s)
2025-12-23 19:31:13 - trades.XAGGBPm - DEBUG - [SKIP] Cannot open trade: Circuit breaker: Rolling PnL of last 50 trades <= -$10 (current: $-11.59) (resumes in 77s)
2025-12-23 19:35:36 - trades.XAGGBPm - DEBUG - [SKIP] Cannot open trade: Circuit breaker: Rolling PnL of last 50 trades <= -$10 (current: $-11.59) (resumes in 3521s)
2025-12-23 19:40:07 - trades.XAGGBPm - DEBUG - [SKIP] Cannot open trade: Circuit breaker: Rolling PnL of last 50 trades <= -$10 (current: $-11.59) (resumes in 3250s)
2025-12-23 19:44:17 - trades.XAGGBPm - DEBUG - [SKIP] Cannot open trade: Circuit breaker: Rolling PnL of last 50 trades <= -$10 (current: $-11.59) (resumes in 3000s)
2025-12-23 19:48:21 - trades.XAGGBPm - DEBUG - [SKIP] Cannot open trade: Circuit breaker: Rolling PnL of last 50 trades <= -$10 (current: $-11.59) (resumes in 2756s)
2025-12-23 19:52:25 - trades.XAGGBPm - DEBUG - [SKIP] Cannot open trade: Circuit breaker: Rolling PnL of last 50 trades <= -$10 (current: $-11.59) (resumes in 2512s)
2025-12-23 19:56:37 - trades.XAGGBPm - DEBUG - [SKIP] Cannot open trade: Circuit breaker: Rolling PnL of last 50 trades <= -$10 (current: $-11.59) (resumes in 2260s)
2025-12-23 20:00:51 - trades.XAGGBPm - DEBUG - [SKIP] Cannot open trade: Circuit breaker: Rolling PnL of last 50 trades <= -$10 (current: $-11.59) (resumes in 2006s)
2025-12-23 20:04:58 - trades.XAGGBPm - DEBUG - [SKIP] Cannot open trade: Circuit breaker: Rolling PnL of last 50 trades <= -$10 (current: $-11.59) (resumes in 1759s)
2025-12-23 20:09:14 - trades.XAGGBPm - DEBUG - [SKIP] Cannot open trade: Circuit breaker: Rolling PnL of last 50 trades <= -$10 (current: $-11.59) (resumes in 1503s)
2025-12-23 20:18:05 - trades.XAGGBPm - DEBUG - [SKIP] Cannot open trade: Circuit breaker: Rolling PnL of last 50 trades <= -$10 (current: $-11.59) (resumes in 972s)
2025-12-23 20:22:21 - trades.XAGGBPm - DEBUG - [SKIP] Cannot open trade: Circuit breaker: Rolling PnL of last 50 trades <= -$10 (current: $-11.59) (resumes in 716s)
2025-12-23 20:26:24 - trades.XAGGBPm - DEBUG - [SKIP] Cannot open trade: Circuit breaker: Rolling PnL of last 50 trades <= -$10 (current: $-11.59) (resumes in 473s)
2025-12-23 20:30:21 - trades.XAGGBPm - DEBUG - [SKIP] Cannot open trade: Circuit breaker: Rolling PnL of last 50 trades <= -$10 (current: $-11.59) (resumes in 236s)
2025-12-23 20:35:11 - trades.XAGGBPm - DEBUG - [SKIP] Cannot open trade: Circuit breaker: Rolling PnL of last 50 trades <= -$10 (current: $-11.59) (resumes in 3549s)
2025-12-23 20:39:55 - trades.XAGGBPm - DEBUG - [SKIP] Cannot open trade: Circuit breaker: Rolling PnL of last 50 trades <= -$10 (current: $-11.59) (resumes in 3265s)
2025-12-23 20:44:23 - trades.XAGGBPm - DEBUG - [SKIP] Cannot open trade: Circuit breaker: Rolling PnL of last 50 trades <= -$10 (current: $-11.59) (resumes in 2997s)
2025-12-23 20:48:15 - trades.XAGGBPm - DEBUG - [SKIP] Cannot open trade: Circuit breaker: Rolling PnL of last 50 trades <= -$10 (current: $-11.59) (resumes in 2766s)
2025-12-23 20:51:59 - trades.XAGGBPm - DEBUG - [SKIP] Cannot open trade: Circuit breaker: Rolling PnL of last 50 trades <= -$10 (current: $-11.59) (resumes in 2541s)
2025-12-23 20:55:38 - trades.XAGGBPm - DEBUG - [SKIP] Cannot open trade: Circuit breaker: Rolling PnL of last 50 trades <= -$10 (current: $-11.59) (resumes in 2322s)
2025-12-23 21:02:48 - trades.XAGGBPm - DEBUG - [SKIP] Cannot open trade: Circuit breaker: Rolling PnL of last 50 trades <= -$10 (current: $-11.59) (resumes in 1893s)
2025-12-23 21:05:59 - trades.XAGGBPm - DEBUG - [SKIP] Cannot open trade: Circuit breaker: Rolling PnL of last 50 trades <= -$10 (current: $-11.59) (resumes in 1701s)
2025-12-23 21:09:04 - trades.XAGGBPm - DEBUG - [SKIP] Cannot open trade: Circuit breaker: Rolling PnL of last 50 trades <= -$10 (current: $-11.59) (resumes in 1516s)
2025-12-23 21:12:11 - trades.XAGGBPm - DEBUG - [SKIP] Cannot open trade: Circuit breaker: Rolling PnL of last 50 trades <= -$10 (current: $-11.59) (resumes in 1329s)
2025-12-23 21:15:16 - trades.XAGGBPm - DEBUG - [SKIP] Cannot open trade: Circuit breaker: Rolling PnL of last 50 trades <= -$10 (current: $-11.59) (resumes in 1144s)
2025-12-23 21:26:38 - trades.XAGGBPm - DEBUG - [SKIP] Cannot open trade: Circuit breaker: Rolling PnL of last 50 trades <= -$10 (current: $-11.59) (resumes in 462s)
2025-12-23 21:29:24 - trades.XAGGBPm - DEBUG - [SKIP] Cannot open trade: Circuit breaker: Rolling PnL of last 50 trades <= -$10 (current: $-11.59) (resumes in 296s)
2025-12-23 21:45:51 - trades.XAGGBPm - DEBUG - [SKIP] Cannot open trade: Circuit breaker: Rolling PnL of last 50 trades <= -$10 (current: $-11.59) (resumes in 2937s)
2025-12-23 21:54:01 - trades.XAGGBPm - DEBUG - [SKIP] Cannot open trade: Circuit breaker: Rolling PnL of last 50 trades <= -$10 (current: $-11.59) (resumes in 2448s)
2025-12-23 21:56:43 - trades.XAGGBPm - DEBUG - [SKIP] Cannot open trade: Circuit breaker: Rolling PnL of last 50 trades <= -$10 (current: $-11.59) (resumes in 2286s)
2025-12-23 23:02:41 - trades.XAGGBPm - DEBUG - [SKIP] Cannot open trade: Circuit breaker: Rolling PnL of last 50 trades <= -$10 (current: $-11.59) (resumes in 2015s)
2025-12-23 23:05:52 - trades.XAGGBPm - DEBUG - [SKIP] Cannot open trade: Circuit breaker: Rolling PnL of last 50 trades <= -$10 (current: $-11.59) (resumes in 1823s)
2025-12-23 23:09:10 - trades.XAGGBPm - DEBUG - [SKIP] Cannot open trade: Circuit breaker: Rolling PnL of last 50 trades <= -$10 (current: $-11.59) (resumes in 1625s)
2025-12-23 23:15:32 - trades.XAGGBPm - DEBUG - [SKIP] Cannot open trade: Circuit breaker: Rolling PnL of last 50 trades <= -$10 (current: $-11.59) (resumes in 1244s)
2025-12-23 23:18:49 - trades.XAGGBPm - DEBUG - [SKIP] Cannot open trade: Circuit breaker: Rolling PnL of last 50 trades <= -$10 (current: $-11.59) (resumes in 1047s)
2025-12-23 23:28:49 - trades.XAGGBPm - DEBUG - [SKIP] Cannot open trade: Circuit breaker: Rolling PnL of last 50 trades <= -$10 (current: $-11.59) (resumes in 447s)
2025-12-23 23:31:56 - trades.XAGGBPm - DEBUG - [SKIP] Cannot open trade: Circuit breaker: Rolling PnL of last 50 trades <= -$10 (current: $-11.59) (resumes in 260s)
2025-12-23 23:35:02 - trades.XAGGBPm - DEBUG - [SKIP] Cannot open trade: Circuit breaker: Rolling PnL of last 50 trades <= -$10 (current: $-11.59) (resumes in 73s)
2025-12-23 23:38:11 - trades.XAGGBPm - DEBUG - [SKIP] Cannot open trade: Circuit breaker: Rolling PnL of last 50 trades <= -$10 (current: $-11.59) (resumes in 3577s)
2025-12-23 23:41:18 - trades.XAGGBPm - DEBUG - [SKIP] Cannot open trade: Circuit breaker: Rolling PnL of last 50 trades <= -$10 (current: $-11.59) (resumes in 3389s)
2025-12-23 23:44:28 - trades.XAGGBPm - DEBUG - [SKIP] Cannot open trade: Circuit breaker: Rolling PnL of last 50 trades <= -$10 (current: $-11.59) (resumes in 3200s)
2025-12-23 23:47:40 - trades.XAGGBPm - DEBUG - [SKIP] Cannot open trade: Circuit breaker: Rolling PnL of last 50 trades <= -$10 (current: $-11.59) (resumes in 3008s)
2025-12-23 23:50:58 - trades.XAGGBPm - DEBUG - [SKIP] Cannot open trade: Circuit breaker: Rolling PnL of last 50 trades <= -$10 (current: $-11.59) (resumes in 2809s)
2025-12-23 23:53:58 - trades.XAGGBPm - DEBUG - [SKIP] Cannot open trade: Circuit breaker: Rolling PnL of last 50 trades <= -$10 (current: $-11.59) (resumes in 2629s)
2025-12-23 23:57:14 - trades.XAGGBPm - DEBUG - [SKIP] Cannot open trade: Circuit breaker: Rolling PnL of last 50 trades <= -$10 (current: $-11.59) (resumes in 2433s)
2025-12-24 00:04:32 - trades.XAGGBPm - DEBUG - [SKIP] Cannot open trade: Circuit breaker: Rolling PnL of last 50 trades <= -$10 (current: $-11.59) (resumes in 1995s)
2025-12-24 00:06:40 - trades.XAGGBPm - DEBUG - [SKIP] Cannot open trade: Circuit breaker: Rolling PnL of last 50 trades <= -$10 (current: $-11.59) (resumes in 1867s)
2025-12-24 00:08:52 - trades.XAGGBPm - DEBUG - [SKIP] Cannot open trade: Circuit breaker: Rolling PnL of last 50 trades <= -$10 (current: $-11.59) (resumes in 1735s)
2025-12-24 00:11:02 - trades.XAGGBPm - DEBUG - [SKIP] Cannot open trade: Circuit breaker: Rolling PnL of last 50 trades <= -$10 (current: $-11.59) (resumes in 1605s)
2025-12-24 00:13:14 - trades.XAGGBPm - DEBUG - [SKIP] Cannot open trade: Circuit breaker: Rolling PnL of last 50 trades <= -$10 (current: $-11.59) (resumes in 1473s)
2025-12-24 00:15:25 - trades.XAGGBPm - DEBUG - [SKIP] Cannot open trade: Circuit breaker: Rolling PnL of last 50 trades <= -$10 (current: $-11.59) (resumes in 1342s)
2025-12-24 00:17:40 - trades.XAGGBPm - DEBUG - [SKIP] Cannot open trade: Circuit breaker: Rolling PnL of last 50 trades <= -$10 (current: $-11.59) (resumes in 1207s)
2025-12-24 00:19:57 - trades.XAGGBPm - DEBUG - [SKIP] Cannot open trade: Circuit breaker: Rolling PnL of last 50 trades <= -$10 (current: $-11.59) (resumes in 1070s)
2025-12-24 00:22:15 - trades.XAGGBPm - DEBUG - [SKIP] Cannot open trade: Circuit breaker: Rolling PnL of last 50 trades <= -$10 (current: $-11.59) (resumes in 932s)
2025-12-24 00:24:25 - trades.XAGGBPm - DEBUG - [SKIP] Cannot open trade: Circuit breaker: Rolling PnL of last 50 trades <= -$10 (current: $-11.59) (resumes in 803s)
2025-12-24 00:26:38 - trades.XAGGBPm - DEBUG - [SKIP] Cannot open trade: Circuit breaker: Rolling PnL of last 50 trades <= -$10 (current: $-11.59) (resumes in 669s)
2025-12-24 00:28:46 - trades.XAGGBPm - DEBUG - [SKIP] Cannot open trade: Circuit breaker: Rolling PnL of last 50 trades <= -$10 (current: $-11.59) (resumes in 542s)
2025-12-24 00:30:57 - trades.XAGGBPm - DEBUG - [SKIP] Cannot open trade: Circuit breaker: Rolling PnL of last 50 trades <= -$10 (current: $-11.59) (resumes in 411s)
2025-12-24 00:33:04 - trades.XAGGBPm - DEBUG - [SKIP] Cannot open trade: Circuit breaker: Rolling PnL of last 50 trades <= -$10 (current: $-11.59) (resumes in 284s)
2025-12-24 00:39:24 - trades.XAGGBPm - DEBUG - [SKIP] Cannot open trade: Circuit breaker: Rolling PnL of last 50 trades <= -$10 (current: $-11.59) (resumes in 3593s)
2025-12-24 00:45:36 - trades.XAGGBPm - DEBUG - [SKIP] Cannot open trade: Circuit breaker: Rolling PnL of last 50 trades <= -$10 (current: $-11.59) (resumes in 3221s)
2025-12-24 00:47:43 - trades.XAGGBPm - DEBUG - [SKIP] Cannot open trade: Circuit breaker: Rolling PnL of last 50 trades <= -$10 (current: $-11.59) (resumes in 3094s)
2025-12-24 00:49:49 - trades.XAGGBPm - DEBUG - [SKIP] Cannot open trade: Circuit breaker: Rolling PnL of last 50 trades <= -$10 (current: $-11.59) (resumes in 2968s)
2025-12-24 00:52:01 - trades.XAGGBPm - DEBUG - [SKIP] Cannot open trade: Circuit breaker: Rolling PnL of last 50 trades <= -$10 (current: $-11.59) (resumes in 2837s)
2025-12-24 00:54:11 - trades.XAGGBPm - DEBUG - [SKIP] Cannot open trade: Circuit breaker: Rolling PnL of last 50 trades <= -$10 (current: $-11.59) (resumes in 2707s)
2025-12-24 00:56:20 - trades.XAGGBPm - DEBUG - [SKIP] Cannot open trade: Circuit breaker: Rolling PnL of last 50 trades <= -$10 (current: $-11.59) (resumes in 2577s)
2025-12-24 00:58:27 - trades.XAGGBPm - DEBUG - [SKIP] Cannot open trade: Circuit breaker: Rolling PnL of last 50 trades <= -$10 (current: $-11.59) (resumes in 2450s)
2025-12-24 01:13:52 - trades.XAGGBPm - DEBUG - [SKIP] Cannot open trade: Circuit breaker: Rolling PnL of last 50 trades <= -$10 (current: $-11.59) (resumes in 1525s)
2025-12-24 01:16:10 - trades.XAGGBPm - DEBUG - [SKIP] Cannot open trade: Circuit breaker: Rolling PnL of last 50 trades <= -$10 (current: $-11.59) (resumes in 1387s)
2025-12-24 01:18:25 - trades.XAGGBPm - DEBUG - [SKIP] Cannot open trade: Circuit breaker: Rolling PnL of last 50 trades <= -$10 (current: $-11.59) (resumes in 1253s)
2025-12-24 01:33:35 - trades.XAGGBPm - DEBUG - [SKIP] Cannot open trade: Circuit breaker: Rolling PnL of last 50 trades <= -$10 (current: $-11.59) (resumes in 342s)
2025-12-24 01:35:40 - trades.XAGGBPm - DEBUG - [SKIP] Cannot open trade: Circuit breaker: Rolling PnL of last 50 trades <= -$10 (current: $-11.59) (resumes in 218s)
2025-12-24 01:37:48 - trades.XAGGBPm - DEBUG - [SKIP] Cannot open trade: Circuit breaker: Rolling PnL of last 50 trades <= -$10 (current: $-11.59) (resumes in 90s)
2025-12-24 01:39:58 - trades.XAGGBPm - DEBUG - [SKIP] Cannot open trade: Circuit breaker: Rolling PnL of last 50 trades <= -$10 (current: $-11.59) (resumes in 3588s)
2025-12-24 01:42:09 - trades.XAGGBPm - DEBUG - [SKIP] Cannot open trade: Circuit breaker: Rolling PnL of last 50 trades <= -$10 (current: $-11.59) (resumes in 3456s)
2025-12-24 01:44:17 - trades.XAGGBPm - DEBUG - [SKIP] Cannot open trade: Circuit breaker: Rolling PnL of last 50 trades <= -$10 (current: $-11.59) (resumes in 3329s)
2025-12-24 01:46:23 - trades.XAGGBPm - DEBUG - [SKIP] Cannot open trade: Circuit breaker: Rolling PnL of last 50 trades <= -$10 (current: $-11.59) (resumes in 3203s)
2025-12-24 01:48:25 - trades.XAGGBPm - DEBUG - [SKIP] Cannot open trade: Circuit breaker: Rolling PnL of last 50 trades <= -$10 (current: $-11.59) (resumes in 3080s)
2025-12-24 01:50:32 - trades.XAGGBPm - DEBUG - [SKIP] Cannot open trade: Circuit breaker: Rolling PnL of last 50 trades <= -$10 (current: $-11.59) (resumes in 2954s)
2025-12-24 01:52:41 - trades.XAGGBPm - DEBUG - [SKIP] Cannot open trade: Circuit breaker: Rolling PnL of last 50 trades <= -$10 (current: $-11.59) (resumes in 2825s)
2025-12-24 02:03:35 - trades.XAGGBPm - DEBUG - [SKIP] Cannot open trade: Circuit breaker: Rolling PnL of last 50 trades <= -$10 (current: $-11.59) (resumes in 2170s)
2025-12-24 02:05:52 - trades.XAGGBPm - DEBUG - [SKIP] Cannot open trade: Circuit breaker: Rolling PnL of last 50 trades <= -$10 (current: $-11.59) (resumes in 2034s)
2025-12-24 02:10:49 - trades.XAGGBPm - DEBUG - [SKIP] Cannot open trade: Circuit breaker: Rolling PnL of last 50 trades <= -$10 (current: $-11.59) (resumes in 1736s)
2025-12-24 02:13:19 - trades.XAGGBPm - DEBUG - [SKIP] Cannot open trade: Circuit breaker: Rolling PnL of last 50 trades <= -$10 (current: $-11.59) (resumes in 1586s)
2025-12-24 02:15:49 - trades.XAGGBPm - DEBUG - [SKIP] Cannot open trade: Circuit breaker: Rolling PnL of last 50 trades <= -$10 (current: $-11.59) (resumes in 1437s)
2025-12-24 02:22:48 - trades.XAGGBPm - DEBUG - [SKIP] Cannot open trade: Circuit breaker: Rolling PnL of last 50 trades <= -$10 (current: $-11.59) (resumes in 1017s)
2025-12-24 02:25:06 - trades.XAGGBPm - DEBUG - [SKIP] Cannot open trade: Circuit breaker: Rolling PnL of last 50 trades <= -$10 (current: $-11.59) (resumes in 880s)
2025-12-24 02:27:20 - trades.XAGGBPm - DEBUG - [SKIP] Cannot open trade: Circuit breaker: Rolling PnL of last 50 trades <= -$10 (current: $-11.59) (resumes in 745s)
2025-12-24 02:29:35 - trades.XAGGBPm - DEBUG - [SKIP] Cannot open trade: Circuit breaker: Rolling PnL of last 50 trades <= -$10 (current: $-11.59) (resumes in 610s)
2025-12-24 02:32:07 - trades.XAGGBPm - DEBUG - [SKIP] Cannot open trade: Circuit breaker: Rolling PnL of last 50 trades <= -$10 (current: $-11.59) (resumes in 459s)
2025-12-24 02:34:39 - trades.XAGGBPm - DEBUG - [SKIP] Cannot open trade: Circuit breaker: Rolling PnL of last 50 trades <= -$10 (current: $-11.59) (resumes in 306s)
2025-12-24 02:37:18 - trades.XAGGBPm - DEBUG - [SKIP] Cannot open trade: Circuit breaker: Rolling PnL of last 50 trades <= -$10 (current: $-11.59) (resumes in 147s)
2025-12-24 02:39:57 - trades.XAGGBPm - DEBUG - [SKIP] Cannot open trade: Circuit breaker: Rolling PnL of last 50 trades <= -$10 (current: $-11.59) (resumes in 3591s)
2025-12-24 02:42:24 - trades.XAGGBPm - DEBUG - [SKIP] Cannot open trade: Circuit breaker: Rolling PnL of last 50 trades <= -$10 (current: $-11.59) (resumes in 3444s)
2025-12-24 02:44:39 - trades.XAGGBPm - DEBUG - [SKIP] Cannot open trade: Circuit breaker: Rolling PnL of last 50 trades <= -$10 (current: $-11.59) (resumes in 3309s)
2025-12-24 02:46:58 - trades.XAGGBPm - DEBUG - [SKIP] Cannot open trade: Circuit breaker: Rolling PnL of last 50 trades <= -$10 (current: $-11.59) (resumes in 3170s)
2025-12-24 02:53:45 - trades.XAGGBPm - DEBUG - [SKIP] Cannot open trade: Circuit breaker: Rolling PnL of last 50 trades <= -$10 (current: $-11.59) (resumes in 2764s)
2025-12-24 02:58:13 - trades.XAGGBPm - DEBUG - [SKIP] Cannot open trade: Circuit breaker: Rolling PnL of last 50 trades <= -$10 (current: $-11.59) (resumes in 2495s)
2025-12-24 03:00:29 - trades.XAGGBPm - DEBUG - [SKIP] Cannot open trade: Circuit breaker: Rolling PnL of last 50 trades <= -$10 (current: $-11.59) (resumes in 2360s)
2025-12-24 03:02:47 - trades.XAGGBPm - DEBUG - [SKIP] Cannot open trade: Circuit breaker: Rolling PnL of last 50 trades <= -$10 (current: $-11.59) (resumes in 2221s)
2025-12-24 03:07:24 - trades.XAGGBPm - DEBUG - [SKIP] Cannot open trade: Circuit breaker: Rolling PnL of last 50 trades <= -$10 (current: $-11.59) (resumes in 1945s)
2025-12-24 03:09:37 - trades.XAGGBPm - DEBUG - [SKIP] Cannot open trade: Circuit breaker: Rolling PnL of last 50 trades <= -$10 (current: $-11.59) (resumes in 1812s)
2025-12-24 03:11:51 - trades.XAGGBPm - DEBUG - [SKIP] Cannot open trade: Circuit breaker: Rolling PnL of last 50 trades <= -$10 (current: $-11.59) (resumes in 1677s)
2025-12-24 03:14:03 - trades.XAGGBPm - DEBUG - [SKIP] Cannot open trade: Circuit breaker: Rolling PnL of last 50 trades <= -$10 (current: $-11.59) (resumes in 1545s)
2025-12-24 03:16:15 - trades.XAGGBPm - DEBUG - [SKIP] Cannot open trade: Circuit breaker: Rolling PnL of last 50 trades <= -$10 (current: $-11.59) (resumes in 1413s)
2025-12-24 03:18:27 - trades.XAGGBPm - DEBUG - [SKIP] Cannot open trade: Circuit breaker: Rolling PnL of last 50 trades <= -$10 (current: $-11.59) (resumes in 1282s)
2025-12-24 03:20:39 - trades.XAGGBPm - DEBUG - [SKIP] Cannot open trade: Circuit breaker: Rolling PnL of last 50 trades <= -$10 (current: $-11.59) (resumes in 1149s)
2025-12-24 03:22:49 - trades.XAGGBPm - DEBUG - [SKIP] Cannot open trade: Circuit breaker: Rolling PnL of last 50 trades <= -$10 (current: $-11.59) (resumes in 1020s)
2025-12-24 03:24:56 - trades.XAGGBPm - DEBUG - [SKIP] Cannot open trade: Circuit breaker: Rolling PnL of last 50 trades <= -$10 (current: $-11.59) (resumes in 892s)
2025-12-24 03:27:04 - trades.XAGGBPm - DEBUG - [SKIP] Cannot open trade: Circuit breaker: Rolling PnL of last 50 trades <= -$10 (current: $-11.59) (resumes in 764s)
2025-12-24 03:29:16 - trades.XAGGBPm - DEBUG - [SKIP] Cannot open trade: Circuit breaker: Rolling PnL of last 50 trades <= -$10 (current: $-11.59) (resumes in 632s)
2025-12-24 03:31:25 - trades.XAGGBPm - DEBUG - [SKIP] Cannot open trade: Circuit breaker: Rolling PnL of last 50 trades <= -$10 (current: $-11.59) (resumes in 503s)
2025-12-24 03:33:33 - trades.XAGGBPm - DEBUG - [SKIP] Cannot open trade: Circuit breaker: Rolling PnL of last 50 trades <= -$10 (current: $-11.59) (resumes in 375s)
2025-12-24 03:35:42 - trades.XAGGBPm - DEBUG - [SKIP] Cannot open trade: Circuit breaker: Rolling PnL of last 50 trades <= -$10 (current: $-11.59) (resumes in 246s)
2025-12-24 03:37:51 - trades.XAGGBPm - DEBUG - [SKIP] Cannot open trade: Circuit breaker: Rolling PnL of last 50 trades <= -$10 (current: $-11.59) (resumes in 117s)
2025-12-24 03:40:04 - trades.XAGGBPm - DEBUG - [SKIP] Cannot open trade: Circuit breaker: Rolling PnL of last 50 trades <= -$10 (current: $-11.59) (resumes in 3587s)
2025-12-24 03:44:17 - trades.XAGGBPm - DEBUG - [SKIP] Cannot open trade: Circuit breaker: Rolling PnL of last 50 trades <= -$10 (current: $-11.59) (resumes in 3334s)
2025-12-24 03:46:22 - trades.XAGGBPm - DEBUG - [SKIP] Cannot open trade: Circuit breaker: Rolling PnL of last 50 trades <= -$10 (current: $-11.59) (resumes in 3209s)
2025-12-24 03:48:30 - trades.XAGGBPm - DEBUG - [SKIP] Cannot open trade: Circuit breaker: Rolling PnL of last 50 trades <= -$10 (current: $-11.59) (resumes in 3081s)
2025-12-24 03:50:44 - trades.XAGGBPm - DEBUG - [SKIP] Cannot open trade: Circuit breaker: Rolling PnL of last 50 trades <= -$10 (current: $-11.59) (resumes in 2947s)
2025-12-24 03:52:48 - trades.XAGGBPm - DEBUG - [SKIP] Cannot open trade: Circuit breaker: Rolling PnL of last 50 trades <= -$10 (current: $-11.59) (resumes in 2823s)
2025-12-24 03:54:54 - trades.XAGGBPm - DEBUG - [SKIP] Cannot open trade: Circuit breaker: Rolling PnL of last 50 trades <= -$10 (current: $-11.59) (resumes in 2697s)
2025-12-24 03:57:01 - trades.XAGGBPm - DEBUG - [SKIP] Cannot open trade: Circuit breaker: Rolling PnL of last 50 trades <= -$10 (current: $-11.59) (resumes in 2570s)
2025-12-24 03:59:07 - trades.XAGGBPm - DEBUG - [SKIP] Cannot open trade: Circuit breaker: Rolling PnL of last 50 trades <= -$10 (current: $-11.59) (resumes in 2444s)
2025-12-24 04:01:13 - trades.XAGGBPm - DEBUG - [SKIP] Cannot open trade: Circuit breaker: Rolling PnL of last 50 trades <= -$10 (current: $-11.59) (resumes in 2318s)
2025-12-24 04:03:20 - trades.XAGGBPm - DEBUG - [SKIP] Cannot open trade: Circuit breaker: Rolling PnL of last 50 trades <= -$10 (current: $-11.59) (resumes in 2191s)
2025-12-24 04:09:45 - trades.XAGGBPm - DEBUG - [SKIP] Cannot open trade: Circuit breaker: Rolling PnL of last 50 trades <= -$10 (current: $-11.59) (resumes in 1806s)
2025-12-24 04:11:57 - trades.XAGGBPm - DEBUG - [SKIP] Cannot open trade: Circuit breaker: Rolling PnL of last 50 trades <= -$10 (current: $-11.59) (resumes in 1674s)
2025-12-24 04:16:19 - trades.XAGGBPm - DEBUG - [SKIP] Cannot open trade: Circuit breaker: Rolling PnL of last 50 trades <= -$10 (current: $-11.59) (resumes in 1411s)
2025-12-24 04:18:33 - trades.XAGGBPm - DEBUG - [SKIP] Cannot open trade: Circuit breaker: Rolling PnL of last 50 trades <= -$10 (current: $-11.59) (resumes in 1278s)
2025-12-24 04:20:45 - trades.XAGGBPm - DEBUG - [SKIP] Cannot open trade: Circuit breaker: Rolling PnL of last 50 trades <= -$10 (current: $-11.59) (resumes in 1146s)
2025-12-24 04:23:00 - trades.XAGGBPm - DEBUG - [SKIP] Cannot open trade: Circuit breaker: Rolling PnL of last 50 trades <= -$10 (current: $-11.59) (resumes in 1011s)
2025-12-24 04:27:23 - trades.XAGGBPm - DEBUG - [SKIP] Cannot open trade: Circuit breaker: Rolling PnL of last 50 trades <= -$10 (current: $-11.59) (resumes in 747s)
2025-12-24 04:29:29 - trades.XAGGBPm - DEBUG - [SKIP] Cannot open trade: Circuit breaker: Rolling PnL of last 50 trades <= -$10 (current: $-11.59) (resumes in 621s)
2025-12-24 04:31:38 - trades.XAGGBPm - DEBUG - [SKIP] Cannot open trade: Circuit breaker: Rolling PnL of last 50 trades <= -$10 (current: $-11.59) (resumes in 493s)
2025-12-24 04:33:44 - trades.XAGGBPm - DEBUG - [SKIP] Cannot open trade: Circuit breaker: Rolling PnL of last 50 trades <= -$10 (current: $-11.59) (resumes in 367s)
2025-12-24 04:35:52 - trades.XAGGBPm - DEBUG - [SKIP] Cannot open trade: Circuit breaker: Rolling PnL of last 50 trades <= -$10 (current: $-11.59) (resumes in 239s)
2025-12-24 04:38:07 - trades.XAGGBPm - DEBUG - [SKIP] Cannot open trade: Circuit breaker: Rolling PnL of last 50 trades <= -$10 (current: $-11.59) (resumes in 104s)
2025-12-24 04:40:18 - trades.XAGGBPm - DEBUG - [SKIP] Cannot open trade: Circuit breaker: Rolling PnL of last 50 trades <= -$10 (current: $-11.59) (resumes in 3590s)
2025-12-24 04:42:27 - trades.XAGGBPm - DEBUG - [SKIP] Cannot open trade: Circuit breaker: Rolling PnL of last 50 trades <= -$10 (current: $-11.59) (resumes in 3462s)
2025-12-24 04:44:33 - trades.XAGGBPm - DEBUG - [SKIP] Cannot open trade: Circuit breaker: Rolling PnL of last 50 trades <= -$10 (current: $-11.59) (resumes in 3335s)
2025-12-24 04:46:40 - trades.XAGGBPm - DEBUG - [SKIP] Cannot open trade: Circuit breaker: Rolling PnL of last 50 trades <= -$10 (current: $-11.59) (resumes in 3208s)
2025-12-24 04:48:46 - trades.XAGGBPm - DEBUG - [SKIP] Cannot open trade: Circuit breaker: Rolling PnL of last 50 trades <= -$10 (current: $-11.59) (resumes in 3082s)
2025-12-24 04:52:58 - trades.XAGGBPm - DEBUG - [SKIP] Cannot open trade: Circuit breaker: Rolling PnL of last 50 trades <= -$10 (current: $-11.59) (resumes in 2830s)
2025-12-24 04:55:07 - trades.XAGGBPm - DEBUG - [SKIP] Cannot open trade: Circuit breaker: Rolling PnL of last 50 trades <= -$10 (current: $-11.59) (resumes in 2701s)
2025-12-24 04:57:14 - trades.XAGGBPm - DEBUG - [SKIP] Cannot open trade: Circuit breaker: Rolling PnL of last 50 trades <= -$10 (current: $-11.59) (resumes in 2574s)
2025-12-24 04:59:22 - trades.XAGGBPm - DEBUG - [SKIP] Cannot open trade: Circuit breaker: Rolling PnL of last 50 trades <= -$10 (current: $-11.59) (resumes in 2447s)
2025-12-24 05:01:31 - trades.XAGGBPm - DEBUG - [SKIP] Cannot open trade: Circuit breaker: Rolling PnL of last 50 trades <= -$10 (current: $-11.59) (resumes in 2317s)
2025-12-24 05:03:50 - trades.XAGGBPm - DEBUG - [SKIP] Cannot open trade: Circuit breaker: Rolling PnL of last 50 trades <= -$10 (current: $-11.59) (resumes in 2178s)
2025-12-24 05:06:06 - trades.XAGGBPm - DEBUG - [SKIP] Cannot open trade: Circuit breaker: Rolling PnL of last 50 trades <= -$10 (current: $-11.59) (resumes in 2043s)
2025-12-24 05:08:12 - trades.XAGGBPm - DEBUG - [SKIP] Cannot open trade: Circuit breaker: Rolling PnL of last 50 trades <= -$10 (current: $-11.59) (resumes in 1916s)
2025-12-24 05:10:16 - trades.XAGGBPm - DEBUG - [SKIP] Cannot open trade: Circuit breaker: Rolling PnL of last 50 trades <= -$10 (current: $-11.59) (resumes in 1792s)
2025-12-24 05:12:19 - trades.XAGGBPm - DEBUG - [SKIP] Cannot open trade: Circuit breaker: Rolling PnL of last 50 trades <= -$10 (current: $-11.59) (resumes in 1669s)
2025-12-24 05:14:20 - trades.XAGGBPm - DEBUG - [SKIP] Cannot open trade: Circuit breaker: Rolling PnL of last 50 trades <= -$10 (current: $-11.59) (resumes in 1548s)
2025-12-24 05:16:19 - trades.XAGGBPm - DEBUG - [SKIP] Cannot open trade: Circuit breaker: Rolling PnL of last 50 trades <= -$10 (current: $-11.59) (resumes in 1429s)
2025-12-24 05:18:23 - trades.XAGGBPm - DEBUG - [SKIP] Cannot open trade: Circuit breaker: Rolling PnL of last 50 trades <= -$10 (current: $-11.59) (resumes in 1305s)
2025-12-24 05:20:24 - trades.XAGGBPm - DEBUG - [SKIP] Cannot open trade: Circuit breaker: Rolling PnL of last 50 trades <= -$10 (current: $-11.59) (resumes in 1184s)
2025-12-24 05:22:28 - trades.XAGGBPm - DEBUG - [SKIP] Cannot open trade: Circuit breaker: Rolling PnL of last 50 trades <= -$10 (current: $-11.59) (resumes in 1060s)
2025-12-24 05:24:32 - trades.XAGGBPm - DEBUG - [SKIP] Cannot open trade: Circuit breaker: Rolling PnL of last 50 trades <= -$10 (current: $-11.59) (resumes in 936s)
2025-12-24 05:26:35 - trades.XAGGBPm - DEBUG - [SKIP] Cannot open trade: Circuit breaker: Rolling PnL of last 50 trades <= -$10 (current: $-11.59) (resumes in 814s)
2025-12-24 05:28:36 - trades.XAGGBPm - DEBUG - [SKIP] Cannot open trade: Circuit breaker: Rolling PnL of last 50 trades <= -$10 (current: $-11.59) (resumes in 692s)
2025-12-24 05:32:41 - trades.XAGGBPm - DEBUG - [SKIP] Cannot open trade: Circuit breaker: Rolling PnL of last 50 trades <= -$10 (current: $-11.59) (resumes in 447s)
2025-12-24 05:34:46 - trades.XAGGBPm - DEBUG - [SKIP] Cannot open trade: Circuit breaker: Rolling PnL of last 50 trades <= -$10 (current: $-11.59) (resumes in 322s)
2025-12-24 05:36:50 - trades.XAGGBPm - DEBUG - [SKIP] Cannot open trade: Circuit breaker: Rolling PnL of last 50 trades <= -$10 (current: $-11.59) (resumes in 199s)
2025-12-24 05:38:53 - trades.XAGGBPm - DEBUG - [SKIP] Cannot open trade: Circuit breaker: Rolling PnL of last 50 trades <= -$10 (current: $-11.59) (resumes in 75s)
2025-12-24 05:40:57 - trades.XAGGBPm - DEBUG - [SKIP] Cannot open trade: Circuit breaker: Rolling PnL of last 50 trades <= -$10 (current: $-11.59) (resumes in 3590s)
2025-12-24 05:43:04 - trades.XAGGBPm - DEBUG - [SKIP] Cannot open trade: Circuit breaker: Rolling PnL of last 50 trades <= -$10 (current: $-11.59) (resumes in 3463s)
2025-12-24 05:54:59 - trades.XAGGBPm - DEBUG - [SKIP] Cannot open trade: Circuit breaker: Rolling PnL of last 50 trades <= -$10 (current: $-11.59) (resumes in 2748s)
2025-12-24 05:58:07 - trades.XAGGBPm - DEBUG - [SKIP] Cannot open trade: Circuit breaker: Rolling PnL of last 50 trades <= -$10 (current: $-11.59) (resumes in 2560s)
2025-12-24 06:01:11 - trades.XAGGBPm - DEBUG - [SKIP] Cannot open trade: Circuit breaker: Rolling PnL of last 50 trades <= -$10 (current: $-11.59) (resumes in 2376s)
2025-12-24 06:04:15 - trades.XAGGBPm - DEBUG - [SKIP] Cannot open trade: Circuit breaker: Rolling PnL of last 50 trades <= -$10 (current: $-11.59) (resumes in 2192s)
2025-12-24 06:07:17 - trades.XAGGBPm - DEBUG - [SKIP] Cannot open trade: Circuit breaker: Rolling PnL of last 50 trades <= -$10 (current: $-11.59) (resumes in 2010s)
2025-12-24 06:10:20 - trades.XAGGBPm - DEBUG - [SKIP] Cannot open trade: Circuit breaker: Rolling PnL of last 50 trades <= -$10 (current: $-11.59) (resumes in 1828s)
2025-12-24 06:13:28 - trades.XAGGBPm - DEBUG - [SKIP] Cannot open trade: Circuit breaker: Rolling PnL of last 50 trades <= -$10 (current: $-11.59) (resumes in 1639s)
2025-12-24 06:16:33 - trades.XAGGBPm - DEBUG - [SKIP] Cannot open trade: Circuit breaker: Rolling PnL of last 50 trades <= -$10 (current: $-11.59) (resumes in 1454s)
2025-12-24 06:19:31 - trades.XAGGBPm - DEBUG - [SKIP] Cannot open trade: Circuit breaker: Rolling PnL of last 50 trades <= -$10 (current: $-11.59) (resumes in 1277s)
2025-12-24 06:22:23 - trades.XAGGBPm - DEBUG - [SKIP] Cannot open trade: Circuit breaker: Rolling PnL of last 50 trades <= -$10 (current: $-11.59) (resumes in 1104s)
2025-12-24 06:25:19 - trades.XAGGBPm - DEBUG - [SKIP] Cannot open trade: Circuit breaker: Rolling PnL of last 50 trades <= -$10 (current: $-11.59) (resumes in 928s)
2025-12-24 06:28:13 - trades.XAGGBPm - DEBUG - [SKIP] Cannot open trade: Circuit breaker: Rolling PnL of last 50 trades <= -$10 (current: $-11.59) (resumes in 755s)
2025-12-24 06:31:09 - trades.XAGGBPm - DEBUG - [SKIP] Cannot open trade: Circuit breaker: Rolling PnL of last 50 trades <= -$10 (current: $-11.59) (resumes in 578s)
2025-12-24 06:34:13 - trades.XAGGBPm - DEBUG - [SKIP] Cannot open trade: Circuit breaker: Rolling PnL of last 50 trades <= -$10 (current: $-11.59) (resumes in 394s)
2025-12-24 06:37:07 - trades.XAGGBPm - DEBUG - [SKIP] Cannot open trade: Circuit breaker: Rolling PnL of last 50 trades <= -$10 (current: $-11.59) (resumes in 220s)
2025-12-24 06:40:09 - trades.XAGGBPm - DEBUG - [SKIP] Cannot open trade: Circuit breaker: Rolling PnL of last 50 trades <= -$10 (current: $-11.59) (resumes in 38s)
2025-12-24 06:43:10 - trades.XAGGBPm - DEBUG - [SKIP] Cannot open trade: Circuit breaker: Rolling PnL of last 50 trades <= -$10 (current: $-11.59) (resumes in 3463s)
2025-12-24 06:46:13 - trades.XAGGBPm - DEBUG - [SKIP] Cannot open trade: Circuit breaker: Rolling PnL of last 50 trades <= -$10 (current: $-11.59) (resumes in 3280s)
2025-12-24 06:51:59 - trades.XAGGBPm - DEBUG - [SKIP] Cannot open trade: Circuit breaker: Rolling PnL of last 50 trades <= -$10 (current: $-11.59) (resumes in 2934s)
2025-12-24 06:54:57 - trades.XAGGBPm - DEBUG - [SKIP] Cannot open trade: Circuit breaker: Rolling PnL of last 50 trades <= -$10 (current: $-11.59) (resumes in 2756s)
2025-12-24 07:04:01 - trades.XAGGBPm - DEBUG - [SKIP] Cannot open trade: Circuit breaker: Rolling PnL of last 50 trades <= -$10 (current: $-11.59) (resumes in 2212s)
2025-12-24 07:07:05 - trades.XAGGBPm - DEBUG - [SKIP] Cannot open trade: Circuit breaker: Rolling PnL of last 50 trades <= -$10 (current: $-11.59) (resumes in 2028s)
2025-12-24 07:10:03 - trades.XAGGBPm - DEBUG - [SKIP] Cannot open trade: Circuit breaker: Rolling PnL of last 50 trades <= -$10 (current: $-11.59) (resumes in 1850s)
2025-12-24 07:13:02 - trades.XAGGBPm - DEBUG - [SKIP] Cannot open trade: Circuit breaker: Rolling PnL of last 50 trades <= -$10 (current: $-11.59) (resumes in 1671s)
2025-12-24 07:16:06 - trades.XAGGBPm - DEBUG - [SKIP] Cannot open trade: Circuit breaker: Rolling PnL of last 50 trades <= -$10 (current: $-11.59) (resumes in 1487s)
2025-12-24 07:19:15 - trades.XAGGBPm - DEBUG - [SKIP] Cannot open trade: Circuit breaker: Rolling PnL of last 50 trades <= -$10 (current: $-11.59) (resumes in 1298s)
2025-12-24 07:22:25 - trades.XAGGBPm - DEBUG - [SKIP] Cannot open trade: Circuit breaker: Rolling PnL of last 50 trades <= -$10 (current: $-11.59) (resumes in 1108s)
2025-12-24 07:25:27 - trades.XAGGBPm - DEBUG - [SKIP] Cannot open trade: Circuit breaker: Rolling PnL of last 50 trades <= -$10 (current: $-11.59) (resumes in 926s)
2025-12-24 07:28:30 - trades.XAGGBPm - DEBUG - [SKIP] Cannot open trade: Circuit breaker: Rolling PnL of last 50 trades <= -$10 (current: $-11.59) (resumes in 743s)
2025-12-24 07:31:27 - trades.XAGGBPm - DEBUG - [SKIP] Cannot open trade: Circuit breaker: Rolling PnL of last 50 trades <= -$10 (current: $-11.59) (resumes in 566s)
2025-12-24 07:34:25 - trades.XAGGBPm - DEBUG - [SKIP] Cannot open trade: Circuit breaker: Rolling PnL of last 50 trades <= -$10 (current: $-11.59) (resumes in 388s)
2025-12-24 07:37:20 - trades.XAGGBPm - DEBUG - [SKIP] Cannot open trade: Circuit breaker: Rolling PnL of last 50 trades <= -$10 (current: $-11.59) (resumes in 213s)
2025-12-24 07:40:17 - trades.XAGGBPm - DEBUG - [SKIP] Cannot open trade: Circuit breaker: Rolling PnL of last 50 trades <= -$10 (current: $-11.59) (resumes in 36s)
2025-12-24 07:43:16 - trades.XAGGBPm - DEBUG - [SKIP] Cannot open trade: Circuit breaker: Rolling PnL of last 50 trades <= -$10 (current: $-11.59) (resumes in 3465s)
2025-12-24 07:46:15 - trades.XAGGBPm - DEBUG - [SKIP] Cannot open trade: Circuit breaker: Rolling PnL of last 50 trades <= -$10 (current: $-11.59) (resumes in 3286s)
2025-12-24 07:49:20 - trades.XAGGBPm - DEBUG - [SKIP] Cannot open trade: Circuit breaker: Rolling PnL of last 50 trades <= -$10 (current: $-11.59) (resumes in 3100s)
2025-12-24 07:52:20 - trades.XAGGBPm - DEBUG - [SKIP] Cannot open trade: Circuit breaker: Rolling PnL of last 50 trades <= -$10 (current: $-11.59) (resumes in 2921s)
2025-12-24 07:55:18 - trades.XAGGBPm - DEBUG - [SKIP] Cannot open trade: Circuit breaker: Rolling PnL of last 50 trades <= -$10 (current: $-11.59) (resumes in 2743s)
2025-12-24 07:58:26 - trades.XAGGBPm - DEBUG - [SKIP] Cannot open trade: Circuit breaker: Rolling PnL of last 50 trades <= -$10 (current: $-11.59) (resumes in 2554s)
2025-12-24 08:01:27 - trades.XAGGBPm - DEBUG - [SKIP] Cannot open trade: Circuit breaker: Rolling PnL of last 50 trades <= -$10 (current: $-11.59) (resumes in 2374s)
2025-12-24 08:07:31 - trades.XAGGBPm - DEBUG - [SKIP] Cannot open trade: Circuit breaker: Rolling PnL of last 50 trades <= -$10 (current: $-11.59) (resumes in 2010s)
2025-12-24 08:10:38 - trades.XAGGBPm - DEBUG - [SKIP] Cannot open trade: Circuit breaker: Rolling PnL of last 50 trades <= -$10 (current: $-11.59) (resumes in 1823s)
2025-12-24 08:13:37 - trades.XAGGBPm - DEBUG - [SKIP] Cannot open trade: Circuit breaker: Rolling PnL of last 50 trades <= -$10 (current: $-11.59) (resumes in 1643s)
2025-12-24 08:16:43 - trades.XAGGBPm - DEBUG - [SKIP] Cannot open trade: Circuit breaker: Rolling PnL of last 50 trades <= -$10 (current: $-11.59) (resumes in 1458s)
2025-12-24 08:19:48 - trades.XAGGBPm - DEBUG - [SKIP] Cannot open trade: Circuit breaker: Rolling PnL of last 50 trades <= -$10 (current: $-11.59) (resumes in 1273s)
2025-12-24 08:22:53 - trades.XAGGBPm - DEBUG - [SKIP] Cannot open trade: Circuit breaker: Rolling PnL of last 50 trades <= -$10 (current: $-11.59) (resumes in 1088s)
2025-12-24 08:26:09 - trades.XAGGBPm - DEBUG - [SKIP] Cannot open trade: Circuit breaker: Rolling PnL of last 50 trades <= -$10 (current: $-11.59) (resumes in 891s)
2025-12-24 08:32:40 - trades.XAGGBPm - DEBUG - [SKIP] Cannot open trade: Circuit breaker: Rolling PnL of last 50 trades <= -$10 (current: $-11.59) (resumes in 501s)
2025-12-24 08:35:56 - trades.XAGGBPm - DEBUG - [SKIP] Cannot open trade: Circuit breaker: Rolling PnL of last 50 trades <= -$10 (current: $-11.59) (resumes in 305s)
2025-12-24 08:39:07 - trades.XAGGBPm - DEBUG - [SKIP] Cannot open trade: Circuit breaker: Rolling PnL of last 50 trades <= -$10 (current: $-11.59) (resumes in 114s)
2025-12-24 08:42:26 - trades.XAGGBPm - DEBUG - [SKIP] Cannot open trade: Circuit breaker: Rolling PnL of last 50 trades <= -$10 (current: $-11.59) (resumes in 3572s)
2025-12-24 08:45:48 - trades.XAGGBPm - DEBUG - [SKIP] Cannot open trade: Circuit breaker: Rolling PnL of last 50 trades <= -$10 (current: $-11.59) (resumes in 3370s)
2025-12-24 08:52:21 - trades.XAGGBPm - DEBUG - [SKIP] Cannot open trade: Circuit breaker: Rolling PnL of last 50 trades <= -$10 (current: $-11.59) (resumes in 2977s)
2025-12-24 08:55:32 - trades.XAGGBPm - DEBUG - [SKIP] Cannot open trade: Circuit breaker: Rolling PnL of last 50 trades <= -$10 (current: $-11.59) (resumes in 2786s)
2025-12-24 08:58:39 - trades.XAGGBPm - DEBUG - [SKIP] Cannot open trade: Circuit breaker: Rolling PnL of last 50 trades <= -$10 (current: $-11.59) (resumes in 2599s)
2025-12-24 09:01:44 - trades.XAGGBPm - DEBUG - [SKIP] Cannot open trade: Circuit breaker: Rolling PnL of last 50 trades <= -$10 (current: $-11.59) (resumes in 2414s)
2025-12-24 09:04:48 - trades.XAGGBPm - DEBUG - [SKIP] Cannot open trade: Circuit breaker: Rolling PnL of last 50 trades <= -$10 (current: $-11.59) (resumes in 2230s)
2025-12-24 09:07:54 - trades.XAGGBPm - DEBUG - [SKIP] Cannot open trade: Circuit breaker: Rolling PnL of last 50 trades <= -$10 (current: $-11.59) (resumes in 2043s)
2025-12-24 09:11:05 - trades.XAGGBPm - DEBUG - [SKIP] Cannot open trade: Circuit breaker: Rolling PnL of last 50 trades <= -$10 (current: $-11.59) (resumes in 1853s)
2025-12-24 09:14:13 - trades.XAGGBPm - DEBUG - [SKIP] Cannot open trade: Circuit breaker: Rolling PnL of last 50 trades <= -$10 (current: $-11.59) (resumes in 1664s)
2025-12-24 09:17:29 - trades.XAGGBPm - DEBUG - [SKIP] Cannot open trade: Circuit breaker: Rolling PnL of last 50 trades <= -$10 (current: $-11.59) (resumes in 1469s)
2025-12-24 09:20:52 - trades.XAGGBPm - DEBUG - [SKIP] Cannot open trade: Circuit breaker: Rolling PnL of last 50 trades <= -$10 (current: $-11.59) (resumes in 1266s)
2025-12-24 09:24:15 - trades.XAGGBPm - DEBUG - [SKIP] Cannot open trade: Circuit breaker: Rolling PnL of last 50 trades <= -$10 (current: $-11.59) (resumes in 1062s)
2025-12-24 09:27:29 - trades.XAGGBPm - DEBUG - [SKIP] Cannot open trade: Circuit breaker: Rolling PnL of last 50 trades <= -$10 (current: $-11.59) (resumes in 869s)
2025-12-24 09:30:44 - trades.XAGGBPm - DEBUG - [SKIP] Cannot open trade: Circuit breaker: Rolling PnL of last 50 trades <= -$10 (current: $-11.59) (resumes in 674s)
2025-12-24 09:33:54 - trades.XAGGBPm - DEBUG - [SKIP] Cannot open trade: Circuit breaker: Rolling PnL of last 50 trades <= -$10 (current: $-11.59) (resumes in 483s)
2025-12-24 09:37:12 - trades.XAGGBPm - DEBUG - [SKIP] Cannot open trade: Circuit breaker: Rolling PnL of last 50 trades <= -$10 (current: $-11.59) (resumes in 286s)
2025-12-24 09:40:21 - trades.XAGGBPm - DEBUG - [SKIP] Cannot open trade: Circuit breaker: Rolling PnL of last 50 trades <= -$10 (current: $-11.59) (resumes in 97s)
2025-12-24 09:43:44 - trades.XAGGBPm - DEBUG - [SKIP] Cannot open trade: Circuit breaker: Rolling PnL of last 50 trades <= -$10 (current: $-11.59) (resumes in 3569s)
2025-12-24 09:47:02 - trades.XAGGBPm - DEBUG - [SKIP] Cannot open trade: Circuit breaker: Rolling PnL of last 50 trades <= -$10 (current: $-11.59) (resumes in 3370s)
2025-12-24 09:50:19 - trades.XAGGBPm - DEBUG - [SKIP] Cannot open trade: Circuit breaker: Rolling PnL of last 50 trades <= -$10 (current: $-11.59) (resumes in 3174s)
2025-12-24 09:53:43 - trades.XAGGBPm - DEBUG - [SKIP] Cannot open trade: Circuit breaker: Rolling PnL of last 50 trades <= -$10 (current: $-11.59) (resumes in 2969s)
2025-12-24 09:57:11 - trades.XAGGBPm - DEBUG - [SKIP] Cannot open trade: Circuit breaker: Rolling PnL of last 50 trades <= -$10 (current: $-11.59) (resumes in 2762s)
2025-12-24 10:00:40 - trades.XAGGBPm - DEBUG - [SKIP] Cannot open trade: Circuit breaker: Rolling PnL of last 50 trades <= -$10 (current: $-11.59) (resumes in 2552s)
2025-12-24 10:04:05 - trades.XAGGBPm - DEBUG - [SKIP] Cannot open trade: Circuit breaker: Rolling PnL of last 50 trades <= -$10 (current: $-11.59) (resumes in 2348s)
2025-12-24 10:07:33 - trades.XAGGBPm - DEBUG - [SKIP] Cannot open trade: Circuit breaker: Rolling PnL of last 50 trades <= -$10 (current: $-11.59) (resumes in 2140s)
2025-12-24 10:11:05 - trades.XAGGBPm - DEBUG - [SKIP] Cannot open trade: Circuit breaker: Rolling PnL of last 50 trades <= -$10 (current: $-11.59) (resumes in 1927s)
2025-12-24 10:14:35 - trades.XAGGBPm - DEBUG - [SKIP] Cannot open trade: Circuit breaker: Rolling PnL of last 50 trades <= -$10 (current: $-11.59) (resumes in 1718s)
2025-12-24 10:18:02 - trades.XAGGBPm - DEBUG - [SKIP] Cannot open trade: Circuit breaker: Rolling PnL of last 50 trades <= -$10 (current: $-11.59) (resumes in 1510s)
2025-12-24 10:24:25 - trades.XAGGBPm - DEBUG - [SKIP] Cannot open trade: Circuit breaker: Rolling PnL of last 50 trades <= -$10 (current: $-11.59) (resumes in 1128s)
2025-12-24 10:27:39 - trades.XAGGBPm - DEBUG - [SKIP] Cannot open trade: Circuit breaker: Rolling PnL of last 50 trades <= -$10 (current: $-11.59) (resumes in 934s)
2025-12-24 10:30:49 - trades.XAGGBPm - DEBUG - [SKIP] Cannot open trade: Circuit breaker: Rolling PnL of last 50 trades <= -$10 (current: $-11.59) (resumes in 743s)
2025-12-24 10:34:09 - trades.XAGGBPm - DEBUG - [SKIP] Cannot open trade: Circuit breaker: Rolling PnL of last 50 trades <= -$10 (current: $-11.59) (resumes in 544s)
2025-12-24 10:37:17 - trades.XAGGBPm - DEBUG - [SKIP] Cannot open trade: Circuit breaker: Rolling PnL of last 50 trades <= -$10 (current: $-11.59) (resumes in 356s)
2025-12-24 10:40:32 - trades.XAGGBPm - DEBUG - [SKIP] Cannot open trade: Circuit breaker: Rolling PnL of last 50 trades <= -$10 (current: $-11.59) (resumes in 161s)
2025-12-24 10:43:41 - trades.XAGGBPm - DEBUG - [SKIP] Cannot open trade: Circuit breaker: Rolling PnL of last 50 trades <= -$10 (current: $-11.59) (resumes in 3576s)
2025-12-24 10:46:53 - trades.XAGGBPm - DEBUG - [SKIP] Cannot open trade: Circuit breaker: Rolling PnL of last 50 trades <= -$10 (current: $-11.59) (resumes in 3384s)
2025-12-24 10:50:04 - trades.XAGGBPm - DEBUG - [SKIP] Cannot open trade: Circuit breaker: Rolling PnL of last 50 trades <= -$10 (current: $-11.59) (resumes in 3193s)
2025-12-24 10:53:06 - trades.XAGGBPm - DEBUG - [SKIP] Cannot open trade: Circuit breaker: Rolling PnL of last 50 trades <= -$10 (current: $-11.59) (resumes in 3011s)
2025-12-24 10:56:35 - trades.XAGGBPm - DEBUG - [SKIP] Cannot open trade: Circuit breaker: Rolling PnL of last 50 trades <= -$10 (current: $-11.59) (resumes in 2802s)
2025-12-24 11:00:07 - trades.XAGGBPm - DEBUG - [SKIP] Cannot open trade: Circuit breaker: Rolling PnL of last 50 trades <= -$10 (current: $-11.59) (resumes in 2590s)
2025-12-24 11:03:53 - trades.XAGGBPm - DEBUG - [SKIP] Cannot open trade: Circuit breaker: Rolling PnL of last 50 trades <= -$10 (current: $-11.59) (resumes in 2364s)
2025-12-24 11:07:29 - trades.XAGGBPm - DEBUG - [SKIP] Cannot open trade: Circuit breaker: Rolling PnL of last 50 trades <= -$10 (current: $-11.59) (resumes in 2148s)
2025-12-24 11:11:44 - trades.XAGGBPm - DEBUG - [SKIP] Cannot open trade: Circuit breaker: Rolling PnL of last 50 trades <= -$10 (current: $-11.59) (resumes in 1893s)
2025-12-24 11:15:47 - trades.XAGGBPm - DEBUG - [SKIP] Cannot open trade: Circuit breaker: Rolling PnL of last 50 trades <= -$10 (current: $-11.59) (resumes in 1649s)
2025-12-24 11:19:51 - trades.XAGGBPm - DEBUG - [SKIP] Cannot open trade: Circuit breaker: Rolling PnL of last 50 trades <= -$10 (current: $-11.59) (resumes in 1406s)
2025-12-24 11:23:14 - trades.XAGGBPm - DEBUG - [SKIP] Cannot open trade: Circuit breaker: Rolling PnL of last 50 trades <= -$10 (current: $-11.59) (resumes in 1203s)
2025-12-24 11:26:30 - trades.XAGGBPm - DEBUG - [SKIP] Cannot open trade: Circuit breaker: Rolling PnL of last 50 trades <= -$10 (current: $-11.59) (resumes in 1007s)
2025-12-24 11:29:51 - trades.XAGGBPm - DEBUG - [SKIP] Cannot open trade: Circuit breaker: Rolling PnL of last 50 trades <= -$10 (current: $-11.59) (resumes in 805s)
2025-12-24 11:33:17 - trades.XAGGBPm - DEBUG - [SKIP] Cannot open trade: Circuit breaker: Rolling PnL of last 50 trades <= -$10 (current: $-11.59) (resumes in 600s)
2025-12-24 11:36:36 - trades.XAGGBPm - DEBUG - [SKIP] Cannot open trade: Circuit breaker: Rolling PnL of last 50 trades <= -$10 (current: $-11.59) (resumes in 401s)
2025-12-24 11:40:01 - trades.XAGGBPm - DEBUG - [SKIP] Cannot open trade: Circuit breaker: Rolling PnL of last 50 trades <= -$10 (current: $-11.59) (resumes in 196s)
2025-12-24 12:15:40 - trades.XAGGBPm - DEBUG - [SKIP] Cannot open trade: Circuit breaker: Rolling PnL of last 50 trades <= -$10 (current: $-11.59) (resumes in 1661s)
2025-12-24 12:18:44 - trades.XAGGBPm - DEBUG - [SKIP] Cannot open trade: Circuit breaker: Rolling PnL of last 50 trades <= -$10 (current: $-11.59) (resumes in 1477s)
2025-12-24 12:24:57 - trades.XAGGBPm - DEBUG - [SKIP] Cannot open trade: Circuit breaker: Rolling PnL of last 50 trades <= -$10 (current: $-11.59) (resumes in 1104s)
2025-12-24 12:34:33 - trades.XAGGBPm - DEBUG - [SKIP] Cannot open trade: Circuit breaker: Rolling PnL of last 50 trades <= -$10 (current: $-11.59) (resumes in 528s)
2025-12-24 12:37:46 - trades.XAGGBPm - DEBUG - [SKIP] Cannot open trade: Circuit breaker: Rolling PnL of last 50 trades <= -$10 (current: $-11.59) (resumes in 335s)
2025-12-24 12:40:57 - trades.XAGGBPm - DEBUG - [SKIP] Cannot open trade: Circuit breaker: Rolling PnL of last 50 trades <= -$10 (current: $-11.59) (resumes in 144s)
2025-12-24 12:44:12 - trades.XAGGBPm - DEBUG - [SKIP] Cannot open trade: Circuit breaker: Rolling PnL of last 50 trades <= -$10 (current: $-11.59) (resumes in 3578s)
2025-12-24 12:47:22 - trades.XAGGBPm - DEBUG - [SKIP] Cannot open trade: Circuit breaker: Rolling PnL of last 50 trades <= -$10 (current: $-11.59) (resumes in 3388s)
2025-12-24 12:50:34 - trades.XAGGBPm - DEBUG - [SKIP] Cannot open trade: Circuit breaker: Rolling PnL of last 50 trades <= -$10 (current: $-11.59) (resumes in 3196s)
2025-12-24 12:53:44 - trades.XAGGBPm - DEBUG - [SKIP] Cannot open trade: Circuit breaker: Rolling PnL of last 50 trades <= -$10 (current: $-11.59) (resumes in 3006s)
2025-12-24 12:57:07 - trades.XAGGBPm - DEBUG - [SKIP] Cannot open trade: Circuit breaker: Rolling PnL of last 50 trades <= -$10 (current: $-11.59) (resumes in 2804s)
2025-12-24 13:03:33 - trades.XAGGBPm - DEBUG - [SKIP] Cannot open trade: Circuit breaker: Rolling PnL of last 50 trades <= -$10 (current: $-11.59) (resumes in 2418s)
2025-12-24 13:06:41 - trades.XAGGBPm - DEBUG - [SKIP] Cannot open trade: Circuit breaker: Rolling PnL of last 50 trades <= -$10 (current: $-11.59) (resumes in 2229s)
2025-12-24 13:09:50 - trades.XAGGBPm - DEBUG - [SKIP] Cannot open trade: Circuit breaker: Rolling PnL of last 50 trades <= -$10 (current: $-11.59) (resumes in 2040s)
2025-12-24 13:13:09 - trades.XAGGBPm - DEBUG - [SKIP] Cannot open trade: Circuit breaker: Rolling PnL of last 50 trades <= -$10 (current: $-11.59) (resumes in 1841s)
2025-12-24 13:16:29 - trades.XAGGBPm - DEBUG - [SKIP] Cannot open trade: Circuit breaker: Rolling PnL of last 50 trades <= -$10 (current: $-11.59) (resumes in 1641s)
2025-12-24 13:19:40 - trades.XAGGBPm - DEBUG - [SKIP] Cannot open trade: Circuit breaker: Rolling PnL of last 50 trades <= -$10 (current: $-11.59) (resumes in 1450s)
2025-12-24 13:32:21 - trades.XAGGBPm - DEBUG - [SKIP] Cannot open trade: Circuit breaker: Rolling PnL of last 50 trades <= -$10 (current: $-11.59) (resumes in 690s)
2025-12-24 13:35:30 - trades.XAGGBPm - DEBUG - [SKIP] Cannot open trade: Circuit breaker: Rolling PnL of last 50 trades <= -$10 (current: $-11.59) (resumes in 500s)
2025-12-24 13:38:40 - trades.XAGGBPm - DEBUG - [SKIP] Cannot open trade: Circuit breaker: Rolling PnL of last 50 trades <= -$10 (current: $-11.59) (resumes in 311s)
2025-12-24 13:41:45 - trades.XAGGBPm - DEBUG - [SKIP] Cannot open trade: Circuit breaker: Rolling PnL of last 50 trades <= -$10 (current: $-11.59) (resumes in 125s)
2025-12-24 13:45:05 - trades.XAGGBPm - DEBUG - [SKIP] Cannot open trade: Circuit breaker: Rolling PnL of last 50 trades <= -$10 (current: $-11.59) (resumes in 3571s)
2025-12-24 13:48:28 - trades.XAGGBPm - DEBUG - [SKIP] Cannot open trade: Circuit breaker: Rolling PnL of last 50 trades <= -$10 (current: $-11.59) (resumes in 3368s)
2025-12-24 13:58:52 - trades.XAGGBPm - DEBUG - [SKIP] Cannot open trade: Circuit breaker: Rolling PnL of last 50 trades <= -$10 (current: $-11.59) (resumes in 2744s)
2025-12-24 14:02:24 - trades.XAGGBPm - DEBUG - [SKIP] Cannot open trade: Circuit breaker: Rolling PnL of last 50 trades <= -$10 (current: $-11.59) (resumes in 2532s)
2025-12-24 14:05:48 - trades.XAGGBPm - DEBUG - [SKIP] Cannot open trade: Circuit breaker: Rolling PnL of last 50 trades <= -$10 (current: $-11.59) (resumes in 2328s)
2025-12-24 14:09:25 - trades.XAGGBPm - DEBUG - [SKIP] Cannot open trade: Circuit breaker: Rolling PnL of last 50 trades <= -$10 (current: $-11.59) (resumes in 2111s)
2025-12-24 14:12:52 - trades.XAGGBPm - DEBUG - [SKIP] Cannot open trade: Circuit breaker: Rolling PnL of last 50 trades <= -$10 (current: $-11.59) (resumes in 1904s)
2025-12-24 14:16:17 - trades.XAGGBPm - DEBUG - [SKIP] Cannot open trade: Circuit breaker: Rolling PnL of last 50 trades <= -$10 (current: $-11.59) (resumes in 1699s)
2025-12-24 14:19:32 - trades.XAGGBPm - DEBUG - [SKIP] Cannot open trade: Circuit breaker: Rolling PnL of last 50 trades <= -$10 (current: $-11.59) (resumes in 1504s)
2025-12-24 14:22:49 - trades.XAGGBPm - DEBUG - [SKIP] Cannot open trade: Circuit breaker: Rolling PnL of last 50 trades <= -$10 (current: $-11.59) (resumes in 1307s)
2025-12-24 14:26:22 - trades.XAGGBPm - DEBUG - [SKIP] Cannot open trade: Circuit breaker: Rolling PnL of last 50 trades <= -$10 (current: $-11.59) (resumes in 1095s)
2025-12-24 14:29:56 - trades.XAGGBPm - DEBUG - [SKIP] Cannot open trade: Circuit breaker: Rolling PnL of last 50 trades <= -$10 (current: $-11.59) (resumes in 880s)
2025-12-24 14:34:03 - trades.XAGGBPm - DEBUG - [SKIP] Cannot open trade: Circuit breaker: Rolling PnL of last 50 trades <= -$10 (current: $-11.59) (resumes in 633s)
2025-12-24 14:38:08 - trades.XAGGBPm - DEBUG - [SKIP] Cannot open trade: Circuit breaker: Rolling PnL of last 50 trades <= -$10 (current: $-11.59) (resumes in 388s)
2025-12-24 14:43:43 - trades.XAGGBPm - DEBUG - [SKIP] Cannot open trade: Circuit breaker: Rolling PnL of last 50 trades <= -$10 (current: $-11.59) (resumes in 53s)
2025-12-24 15:09:47 - trades.XAGGBPm - DEBUG - [SKIP] Cannot open trade: Circuit breaker: Rolling PnL of last 50 trades <= -$10 (current: $-11.59) (resumes in 2098s)
2025-12-24 15:14:28 - trades.XAGGBPm - DEBUG - [SKIP] Cannot open trade: Circuit breaker: Rolling PnL of last 50 trades <= -$10 (current: $-11.59) (resumes in 1817s)
2025-12-24 15:19:21 - trades.XAGGBPm - DEBUG - [SKIP] Cannot open trade: Circuit breaker: Rolling PnL of last 50 trades <= -$10 (current: $-11.59) (resumes in 1523s)
