2025-12-23 11:58:19 - trades.XAGUSDm - DEBUG - [SKIP] Cannot open trade: Entry filter: Spread sanity: spread 68.7% of avg range > max 30.0%
2025-12-23 12:00:08 - trades.XAGUSDm - DEBUG - [SKIP] Cannot open trade: Entry filter: Session guard: first 1 minutes of hour blocked
2025-12-23 12:01:50 - trades.XAGUSDm - DEBUG - [SKIP] Cannot open trade: Entry filter: Spread sanity: spread 70.8% of avg range > max 30.0%
2025-12-23 12:03:30 - trades.XAGUSDm - DEBUG - [SKIP] Cannot open trade: Entry filter: Spread sanity: spread 67.8% of avg range > max 30.0%
2025-12-23 12:05:11 - trades.XAGUSDm - DEBUG - [SKIP] Cannot open trade: Entry filter: Spread sanity: spread 60.2% of avg range > max 30.0%
2025-12-23 12:14:19 - trades.XAGUSDm - DEBUG - [SKIP] Cannot open trade: Entry filter: Spread sanity: spread 78.0% of avg range > max 30.0%
2025-12-23 12:18:07 - trades.XAGUSDm - DEBUG - [SKIP] Cannot open trade: Entry filter: Spread sanity: spread 71.3% of avg range > max 30.0%
2025-12-23 12:21:22 - trades.XAGUSDm - DEBUG - [SKIP] Cannot open trade: Entry filter: Spread sanity: spread 70.3% of avg range > max 30.0%
2025-12-23 12:24:33 - trades.XAGUSDm - DEBUG - [SKIP] Cannot open trade: Entry filter: Spread sanity: spread 79.5% of avg range > max 30.0%
2025-12-23 12:27:45 - trades.XAGUSDm - DEBUG - [SKIP] Cannot open trade: Entry filter: Spread sanity: spread 87.0% of avg range > max 30.0%
2025-12-23 12:30:51 - trades.XAGUSDm - DEBUG - [SKIP] Cannot open trade: Entry filter: Spread sanity: spread 92.6% of avg range > max 30.0%
2025-12-23 12:34:03 - trades.XAGUSDm - DEBUG - [SKIP] Cannot open trade: Entry filter: Spread sanity: spread 85.8% of avg range > max 30.0%
2025-12-23 12:37:14 - trades.XAGUSDm - DEBUG - [SKIP] Cannot open trade: Entry filter: Spread sanity: spread 97.6% of avg range > max 30.0%
2025-12-23 12:46:59 - trades.XAGUSDm - DEBUG - [SKIP] Cannot open trade: Entry filter: Spread sanity: spread 115.3% of avg range > max 30.0%
2025-12-23 12:50:11 - trades.XAGUSDm - DEBUG - [SKIP] Cannot open trade: Entry filter: Spread sanity: spread 118.0% of avg range > max 30.0%
2025-12-23 12:53:36 - trades.XAGUSDm - DEBUG - [SKIP] Cannot open trade: Entry filter: Spread sanity: spread 113.3% of avg range > max 30.0%
2025-12-23 12:56:57 - trades.XAGUSDm - DEBUG - [SKIP] Cannot open trade: Entry filter: Spread sanity: spread 97.3% of avg range > max 30.0%
2025-12-23 13:00:16 - trades.XAGUSDm - DEBUG - [SKIP] Cannot open trade: Entry filter: Session guard: first 1 minutes of hour blocked
2025-12-23 13:03:42 - trades.XAGUSDm - DEBUG - [SKIP] Cannot open trade: Entry filter: Spread sanity: spread 52.2% of avg range > max 30.0%
2025-12-23 13:07:09 - trades.XAGUSDm - DEBUG - [SKIP] Cannot open trade: Entry filter: Spread sanity: spread 36.3% of avg range > max 30.0%
2025-12-23 13:10:30 - trades.XAGUSDm - DEBUG - [SKIP] Cannot open trade: Entry filter: Candle quality: current range 18.6% of avg < min 55.0%
2025-12-23 13:31:06 - trades.XAGUSDm - DEBUG - [SKIP] Cannot open trade: Entry filter: Candle quality: current range 53.4% of avg < min 55.0%
2025-12-23 13:48:27 - trades.XAGUSDm - DEBUG - [SKIP] Cannot open trade: Entry filter: Candle quality: current range 48.2% of avg < min 55.0%
2025-12-23 14:00:43 - trades.XAGUSDm - DEBUG - [SKIP] Cannot open trade: Entry filter: Session guard: first 1 minutes of hour blocked
2025-12-23 14:09:13 - trades.XAGUSDm - DEBUG - [SKIP] Cannot open trade: Entry filter: Candle quality: current range 46.6% of avg < min 55.0%
2025-12-23 15:06:03 - trades.XAGUSDm - DEBUG - [SKIP] Cannot open trade: Circuit breaker: Consecutive losses >= 10 (11 losses) (resumes in 1037s)
2025-12-23 15:11:34 - trades.XAGUSDm - DEBUG - [SKIP] Cannot open trade: Circuit breaker: Consecutive losses >= 10 (11 losses) (resumes in 707s)
2025-12-23 15:17:24 - trades.XAGUSDm - DEBUG - [SKIP] Cannot open trade: Circuit breaker: Consecutive losses >= 10 (11 losses) (resumes in 357s)
2025-12-23 15:22:59 - trades.XAGUSDm - DEBUG - [SKIP] Cannot open trade: Circuit breaker: Consecutive losses >= 10 (11 losses) (resumes in 21s)
2025-12-23 15:35:56 - trades.XAGUSDm - DEBUG - [SKIP] Cannot open trade: Circuit breaker: Rolling PnL of last 50 trades <= -$10 (current: $-17.00) (resumes in 3388s)
2025-12-23 15:42:15 - trades.XAGUSDm - DEBUG - [SKIP] Cannot open trade: Circuit breaker: Rolling PnL of last 50 trades <= -$10 (current: $-17.00) (resumes in 3010s)
2025-12-23 15:48:24 - trades.XAGUSDm - DEBUG - [SKIP] Cannot open trade: Circuit breaker: Rolling PnL of last 50 trades <= -$10 (current: $-17.00) (resumes in 2641s)
2025-12-23 15:54:30 - trades.XAGUSDm - DEBUG - [SKIP] Cannot open trade: Circuit breaker: Rolling PnL of last 50 trades <= -$10 (current: $-17.00) (resumes in 2275s)
2025-12-23 16:00:23 - trades.XAGUSDm - DEBUG - [SKIP] Cannot open trade: Circuit breaker: Rolling PnL of last 50 trades <= -$10 (current: $-17.00) (resumes in 1922s)
2025-12-23 16:32:42 - trades.XAGUSDm - DEBUG - [SKIP] Cannot open trade: Circuit breaker: Rolling PnL of last 50 trades <= -$10 (current: $-11.59) (resumes in 3585s)
2025-12-23 16:38:05 - trades.XAGUSDm - DEBUG - [SKIP] Cannot open trade: Circuit breaker: Rolling PnL of last 50 trades <= -$10 (current: $-11.59) (resumes in 3262s)
2025-12-23 16:43:16 - trades.XAGUSDm - DEBUG - [SKIP] Cannot open trade: Circuit breaker: Rolling PnL of last 50 trades <= -$10 (current: $-11.59) (resumes in 2951s)
2025-12-23 16:48:08 - trades.XAGUSDm - DEBUG - [SKIP] Cannot open trade: Circuit breaker: Rolling PnL of last 50 trades <= -$10 (current: $-11.59) (resumes in 2659s)
2025-12-23 16:53:12 - trades.XAGUSDm - DEBUG - [SKIP] Cannot open trade: Circuit breaker: Rolling PnL of last 50 trades <= -$10 (current: $-11.59) (resumes in 2355s)
2025-12-23 16:58:19 - trades.XAGUSDm - DEBUG - [SKIP] Cannot open trade: Circuit breaker: Rolling PnL of last 50 trades <= -$10 (current: $-11.59) (resumes in 2047s)
2025-12-23 17:03:29 - trades.XAGUSDm - DEBUG - [SKIP] Cannot open trade: Circuit breaker: Rolling PnL of last 50 trades <= -$10 (current: $-11.59) (resumes in 1738s)
2025-12-23 17:08:14 - trades.XAGUSDm - DEBUG - [SKIP] Cannot open trade: Circuit breaker: Rolling PnL of last 50 trades <= -$10 (current: $-11.59) (resumes in 1454s)
2025-12-23 17:13:21 - trades.XAGUSDm - DEBUG - [SKIP] Cannot open trade: Circuit breaker: Rolling PnL of last 50 trades <= -$10 (current: $-11.59) (resumes in 1145s)
2025-12-23 17:18:27 - trades.XAGUSDm - DEBUG - [SKIP] Cannot open trade: Circuit breaker: Rolling PnL of last 50 trades <= -$10 (current: $-11.59) (resumes in 840s)
2025-12-23 17:23:19 - trades.XAGUSDm - DEBUG - [SKIP] Cannot open trade: Circuit breaker: Rolling PnL of last 50 trades <= -$10 (current: $-11.59) (resumes in 548s)
2025-12-23 17:28:06 - trades.XAGUSDm - DEBUG - [SKIP] Cannot open trade: Circuit breaker: Rolling PnL of last 50 trades <= -$10 (current: $-11.59) (resumes in 261s)
2025-12-23 17:32:51 - trades.XAGUSDm - DEBUG - [SKIP] Cannot open trade: Circuit breaker: Rolling PnL of last 50 trades <= -$10 (current: $-11.59) (resumes in 3578s)
2025-12-23 17:41:44 - trades.XAGUSDm - DEBUG - [SKIP] Cannot open trade: Circuit breaker: Rolling PnL of last 50 trades <= -$10 (current: $-11.59) (resumes in 3045s)
2025-12-23 17:46:16 - trades.XAGUSDm - DEBUG - [SKIP] Cannot open trade: Circuit breaker: Rolling PnL of last 50 trades <= -$10 (current: $-11.59) (resumes in 2772s)
2025-12-23 17:50:39 - trades.XAGUSDm - DEBUG - [SKIP] Cannot open trade: Circuit breaker: Rolling PnL of last 50 trades <= -$10 (current: $-11.59) (resumes in 2510s)
2025-12-23 17:55:23 - trades.XAGUSDm - DEBUG - [SKIP] Cannot open trade: Circuit breaker: Rolling PnL of last 50 trades <= -$10 (current: $-11.59) (resumes in 2226s)
2025-12-23 17:59:59 - trades.XAGUSDm - DEBUG - [SKIP] Cannot open trade: Circuit breaker: Rolling PnL of last 50 trades <= -$10 (current: $-11.59) (resumes in 1949s)
2025-12-23 18:04:29 - trades.XAGUSDm - DEBUG - [SKIP] Cannot open trade: Circuit breaker: Rolling PnL of last 50 trades <= -$10 (current: $-11.59) (resumes in 1679s)
2025-12-23 18:08:56 - trades.XAGUSDm - DEBUG - [SKIP] Cannot open trade: Circuit breaker: Rolling PnL of last 50 trades <= -$10 (current: $-11.59) (resumes in 1412s)
2025-12-23 18:13:37 - trades.XAGUSDm - DEBUG - [SKIP] Cannot open trade: Circuit breaker: Rolling PnL of last 50 trades <= -$10 (current: $-11.59) (resumes in 1132s)
2025-12-23 18:17:42 - trades.XAGUSDm - DEBUG - [SKIP] Cannot open trade: Circuit breaker: Rolling PnL of last 50 trades <= -$10 (current: $-11.59) (resumes in 886s)
2025-12-23 18:21:55 - trades.XAGUSDm - DEBUG - [SKIP] Cannot open trade: Circuit breaker: Rolling PnL of last 50 trades <= -$10 (current: $-11.59) (resumes in 633s)
2025-12-23 18:26:19 - trades.XAGUSDm - DEBUG - [SKIP] Cannot open trade: Circuit breaker: Rolling PnL of last 50 trades <= -$10 (current: $-11.59) (resumes in 369s)
2025-12-23 18:35:20 - trades.XAGUSDm - DEBUG - [SKIP] Cannot open trade: Circuit breaker: Rolling PnL of last 50 trades <= -$10 (current: $-11.59) (resumes in 3430s)
2025-12-23 18:39:52 - trades.XAGUSDm - DEBUG - [SKIP] Cannot open trade: Circuit breaker: Rolling PnL of last 50 trades <= -$10 (current: $-11.59) (resumes in 3159s)
2025-12-23 18:44:11 - trades.XAGUSDm - DEBUG - [SKIP] Cannot open trade: Circuit breaker: Rolling PnL of last 50 trades <= -$10 (current: $-11.59) (resumes in 2899s)
2025-12-23 18:48:36 - trades.XAGUSDm - DEBUG - [SKIP] Cannot open trade: Circuit breaker: Rolling PnL of last 50 trades <= -$10 (current: $-11.59) (resumes in 2634s)
2025-12-23 18:52:54 - trades.XAGUSDm - DEBUG - [SKIP] Cannot open trade: Circuit breaker: Rolling PnL of last 50 trades <= -$10 (current: $-11.59) (resumes in 2376s)
2025-12-23 18:57:17 - trades.XAGUSDm - DEBUG - [SKIP] Cannot open trade: Circuit breaker: Rolling PnL of last 50 trades <= -$10 (current: $-11.59) (resumes in 2113s)
2025-12-23 19:10:12 - trades.XAGUSDm - DEBUG - [SKIP] Cannot open trade: Circuit breaker: Rolling PnL of last 50 trades <= -$10 (current: $-11.59) (resumes in 1338s)
2025-12-23 19:14:23 - trades.XAGUSDm - DEBUG - [SKIP] Cannot open trade: Circuit breaker: Rolling PnL of last 50 trades <= -$10 (current: $-11.59) (resumes in 1087s)
2025-12-23 19:22:28 - trades.XAGUSDm - DEBUG - [SKIP] Cannot open trade: Circuit breaker: Rolling PnL of last 50 trades <= -$10 (current: $-11.59) (resumes in 602s)
2025-12-23 19:26:44 - trades.XAGUSDm - DEBUG - [SKIP] Cannot open trade: Circuit breaker: Rolling PnL of last 50 trades <= -$10 (current: $-11.59) (resumes in 347s)
2025-12-23 19:31:04 - trades.XAGUSDm - DEBUG - [SKIP] Cannot open trade: Circuit breaker: Rolling PnL of last 50 trades <= -$10 (current: $-11.59) (resumes in 87s)
2025-12-23 19:35:24 - trades.XAGUSDm - DEBUG - [SKIP] Cannot open trade: Circuit breaker: Rolling PnL of last 50 trades <= -$10 (current: $-11.59) (resumes in 3533s)
2025-12-23 19:39:57 - trades.XAGUSDm - DEBUG - [SKIP] Cannot open trade: Circuit breaker: Rolling PnL of last 50 trades <= -$10 (current: $-11.59) (resumes in 3260s)
2025-12-23 19:44:09 - trades.XAGUSDm - DEBUG - [SKIP] Cannot open trade: Circuit breaker: Rolling PnL of last 50 trades <= -$10 (current: $-11.59) (resumes in 3008s)
2025-12-23 19:48:09 - trades.XAGUSDm - DEBUG - [SKIP] Cannot open trade: Circuit breaker: Rolling PnL of last 50 trades <= -$10 (current: $-11.59) (resumes in 2768s)
2025-12-23 19:52:11 - trades.XAGUSDm - DEBUG - [SKIP] Cannot open trade: Circuit breaker: Rolling PnL of last 50 trades <= -$10 (current: $-11.59) (resumes in 2526s)
2025-12-23 19:56:27 - trades.XAGUSDm - DEBUG - [SKIP] Cannot open trade: Circuit breaker: Rolling PnL of last 50 trades <= -$10 (current: $-11.59) (resumes in 2270s)
2025-12-23 20:00:41 - trades.XAGUSDm - DEBUG - [SKIP] Cannot open trade: Circuit breaker: Rolling PnL of last 50 trades <= -$10 (current: $-11.59) (resumes in 2016s)
2025-12-23 20:04:49 - trades.XAGUSDm - DEBUG - [SKIP] Cannot open trade: Circuit breaker: Rolling PnL of last 50 trades <= -$10 (current: $-11.59) (resumes in 1768s)
2025-12-23 20:09:06 - trades.XAGUSDm - DEBUG - [SKIP] Cannot open trade: Circuit breaker: Rolling PnL of last 50 trades <= -$10 (current: $-11.59) (resumes in 1511s)
2025-12-23 20:13:21 - trades.XAGUSDm - DEBUG - [SKIP] Cannot open trade: Circuit breaker: Rolling PnL of last 50 trades <= -$10 (current: $-11.59) (resumes in 1256s)
2025-12-23 20:17:52 - trades.XAGUSDm - DEBUG - [SKIP] Cannot open trade: Circuit breaker: Rolling PnL of last 50 trades <= -$10 (current: $-11.59) (resumes in 985s)
2025-12-23 20:22:06 - trades.XAGUSDm - DEBUG - [SKIP] Cannot open trade: Circuit breaker: Rolling PnL of last 50 trades <= -$10 (current: $-11.59) (resumes in 731s)
2025-12-23 20:26:16 - trades.XAGUSDm - DEBUG - [SKIP] Cannot open trade: Circuit breaker: Rolling PnL of last 50 trades <= -$10 (current: $-11.59) (resumes in 482s)
2025-12-23 20:30:11 - trades.XAGUSDm - DEBUG - [SKIP] Cannot open trade: Circuit breaker: Rolling PnL of last 50 trades <= -$10 (current: $-11.59) (resumes in 246s)
2025-12-23 20:39:43 - trades.XAGUSDm - DEBUG - [SKIP] Cannot open trade: Circuit breaker: Rolling PnL of last 50 trades <= -$10 (current: $-11.59) (resumes in 3277s)
2025-12-23 20:44:10 - trades.XAGUSDm - DEBUG - [SKIP] Cannot open trade: Circuit breaker: Rolling PnL of last 50 trades <= -$10 (current: $-11.59) (resumes in 3010s)
2025-12-23 20:48:10 - trades.XAGUSDm - DEBUG - [SKIP] Cannot open trade: Circuit breaker: Rolling PnL of last 50 trades <= -$10 (current: $-11.59) (resumes in 2770s)
2025-12-23 20:51:56 - trades.XAGUSDm - DEBUG - [SKIP] Cannot open trade: Circuit breaker: Rolling PnL of last 50 trades <= -$10 (current: $-11.59) (resumes in 2545s)
2025-12-23 20:55:34 - trades.XAGUSDm - DEBUG - [SKIP] Cannot open trade: Circuit breaker: Rolling PnL of last 50 trades <= -$10 (current: $-11.59) (resumes in 2326s)
2025-12-23 21:05:56 - trades.XAGUSDm - DEBUG - [SKIP] Cannot open trade: Circuit breaker: Rolling PnL of last 50 trades <= -$10 (current: $-11.59) (resumes in 1704s)
2025-12-23 21:08:59 - trades.XAGUSDm - DEBUG - [SKIP] Cannot open trade: Circuit breaker: Rolling PnL of last 50 trades <= -$10 (current: $-11.59) (resumes in 1521s)
2025-12-23 21:12:09 - trades.XAGUSDm - DEBUG - [SKIP] Cannot open trade: Circuit breaker: Rolling PnL of last 50 trades <= -$10 (current: $-11.59) (resumes in 1331s)
2025-12-23 21:15:15 - trades.XAGUSDm - DEBUG - [SKIP] Cannot open trade: Circuit breaker: Rolling PnL of last 50 trades <= -$10 (current: $-11.59) (resumes in 1145s)
2025-12-23 21:21:05 - trades.XAGUSDm - DEBUG - [SKIP] Cannot open trade: Circuit breaker: Rolling PnL of last 50 trades <= -$10 (current: $-11.59) (resumes in 795s)
2025-12-23 21:23:48 - trades.XAGUSDm - DEBUG - [SKIP] Cannot open trade: Circuit breaker: Rolling PnL of last 50 trades <= -$10 (current: $-11.59) (resumes in 632s)
2025-12-23 21:26:36 - trades.XAGUSDm - DEBUG - [SKIP] Cannot open trade: Circuit breaker: Rolling PnL of last 50 trades <= -$10 (current: $-11.59) (resumes in 464s)
2025-12-23 21:29:20 - trades.XAGUSDm - DEBUG - [SKIP] Cannot open trade: Circuit breaker: Rolling PnL of last 50 trades <= -$10 (current: $-11.59) (resumes in 300s)
2025-12-23 21:32:08 - trades.XAGUSDm - DEBUG - [SKIP] Cannot open trade: Circuit breaker: Rolling PnL of last 50 trades <= -$10 (current: $-11.59) (resumes in 132s)
2025-12-23 21:34:58 - trades.XAGUSDm - DEBUG - [SKIP] Cannot open trade: Circuit breaker: Rolling PnL of last 50 trades <= -$10 (current: $-11.59) (resumes in 3591s)
2025-12-23 21:37:43 - trades.XAGUSDm - DEBUG - [SKIP] Cannot open trade: Circuit breaker: Rolling PnL of last 50 trades <= -$10 (current: $-11.59) (resumes in 3426s)
2025-12-23 21:53:59 - trades.XAGUSDm - DEBUG - [SKIP] Cannot open trade: Circuit breaker: Rolling PnL of last 50 trades <= -$10 (current: $-11.59) (resumes in 2450s)
2025-12-23 21:56:40 - trades.XAGUSDm - DEBUG - [SKIP] Cannot open trade: Circuit breaker: Rolling PnL of last 50 trades <= -$10 (current: $-11.59) (resumes in 2289s)
2025-12-23 23:02:35 - trades.XAGUSDm - DEBUG - [SKIP] Cannot open trade: Circuit breaker: Rolling PnL of last 50 trades <= -$10 (current: $-11.59) (resumes in 2021s)
2025-12-23 23:05:49 - trades.XAGUSDm - DEBUG - [SKIP] Cannot open trade: Circuit breaker: Rolling PnL of last 50 trades <= -$10 (current: $-11.59) (resumes in 1827s)
2025-12-23 23:09:05 - trades.XAGUSDm - DEBUG - [SKIP] Cannot open trade: Circuit breaker: Rolling PnL of last 50 trades <= -$10 (current: $-11.59) (resumes in 1630s)
2025-12-23 23:15:28 - trades.XAGUSDm - DEBUG - [SKIP] Cannot open trade: Circuit breaker: Rolling PnL of last 50 trades <= -$10 (current: $-11.59) (resumes in 1247s)
2025-12-23 23:18:45 - trades.XAGUSDm - DEBUG - [SKIP] Cannot open trade: Circuit breaker: Rolling PnL of last 50 trades <= -$10 (current: $-11.59) (resumes in 1050s)
2025-12-23 23:34:58 - trades.XAGUSDm - DEBUG - [SKIP] Cannot open trade: Circuit breaker: Rolling PnL of last 50 trades <= -$10 (current: $-11.59) (resumes in 77s)
2025-12-23 23:38:07 - trades.XAGUSDm - DEBUG - [SKIP] Cannot open trade: Circuit breaker: Rolling PnL of last 50 trades <= -$10 (current: $-11.59) (resumes in 3581s)
2025-12-23 23:57:10 - trades.XAGUSDm - DEBUG - [SKIP] Cannot open trade: Circuit breaker: Rolling PnL of last 50 trades <= -$10 (current: $-11.59) (resumes in 2438s)
2025-12-24 00:00:07 - trades.XAGUSDm - DEBUG - [SKIP] Cannot open trade: Circuit breaker: Rolling PnL of last 50 trades <= -$10 (current: $-11.59) (resumes in 2260s)
2025-12-24 00:02:22 - trades.XAGUSDm - DEBUG - [SKIP] Cannot open trade: Circuit breaker: Rolling PnL of last 50 trades <= -$10 (current: $-11.59) (resumes in 2126s)
2025-12-24 00:04:31 - trades.XAGUSDm - DEBUG - [SKIP] Cannot open trade: Circuit breaker: Rolling PnL of last 50 trades <= -$10 (current: $-11.59) (resumes in 1996s)
2025-12-24 00:06:39 - trades.XAGUSDm - DEBUG - [SKIP] Cannot open trade: Circuit breaker: Rolling PnL of last 50 trades <= -$10 (current: $-11.59) (resumes in 1868s)
2025-12-24 00:08:51 - trades.XAGUSDm - DEBUG - [SKIP] Cannot open trade: Circuit breaker: Rolling PnL of last 50 trades <= -$10 (current: $-11.59) (resumes in 1736s)
2025-12-24 00:11:01 - trades.XAGUSDm - DEBUG - [SKIP] Cannot open trade: Circuit breaker: Rolling PnL of last 50 trades <= -$10 (current: $-11.59) (resumes in 1607s)
2025-12-24 00:13:14 - trades.XAGUSDm - DEBUG - [SKIP] Cannot open trade: Circuit breaker: Rolling PnL of last 50 trades <= -$10 (current: $-11.59) (resumes in 1474s)
2025-12-24 00:15:25 - trades.XAGUSDm - DEBUG - [SKIP] Cannot open trade: Circuit breaker: Rolling PnL of last 50 trades <= -$10 (current: $-11.59) (resumes in 1343s)
2025-12-24 00:17:39 - trades.XAGUSDm - DEBUG - [SKIP] Cannot open trade: Circuit breaker: Rolling PnL of last 50 trades <= -$10 (current: $-11.59) (resumes in 1208s)
2025-12-24 00:19:56 - trades.XAGUSDm - DEBUG - [SKIP] Cannot open trade: Circuit breaker: Rolling PnL of last 50 trades <= -$10 (current: $-11.59) (resumes in 1072s)
2025-12-24 00:22:14 - trades.XAGUSDm - DEBUG - [SKIP] Cannot open trade: Circuit breaker: Rolling PnL of last 50 trades <= -$10 (current: $-11.59) (resumes in 933s)
2025-12-24 00:24:23 - trades.XAGUSDm - DEBUG - [SKIP] Cannot open trade: Circuit breaker: Rolling PnL of last 50 trades <= -$10 (current: $-11.59) (resumes in 804s)
2025-12-24 00:26:37 - trades.XAGUSDm - DEBUG - [SKIP] Cannot open trade: Circuit breaker: Rolling PnL of last 50 trades <= -$10 (current: $-11.59) (resumes in 670s)
2025-12-24 00:28:45 - trades.XAGUSDm - DEBUG - [SKIP] Cannot open trade: Circuit breaker: Rolling PnL of last 50 trades <= -$10 (current: $-11.59) (resumes in 543s)
2025-12-24 00:30:56 - trades.XAGUSDm - DEBUG - [SKIP] Cannot open trade: Circuit breaker: Rolling PnL of last 50 trades <= -$10 (current: $-11.59) (resumes in 412s)
2025-12-24 00:33:03 - trades.XAGUSDm - DEBUG - [SKIP] Cannot open trade: Circuit breaker: Rolling PnL of last 50 trades <= -$10 (current: $-11.59) (resumes in 284s)
2025-12-24 00:35:11 - trades.XAGUSDm - DEBUG - [SKIP] Cannot open trade: Circuit breaker: Rolling PnL of last 50 trades <= -$10 (current: $-11.59) (resumes in 156s)
2025-12-24 00:37:18 - trades.XAGUSDm - DEBUG - [SKIP] Cannot open trade: Circuit breaker: Rolling PnL of last 50 trades <= -$10 (current: $-11.59) (resumes in 30s)
2025-12-24 00:39:23 - trades.XAGUSDm - DEBUG - [SKIP] Cannot open trade: Circuit breaker: Rolling PnL of last 50 trades <= -$10 (current: $-11.59) (resumes in 3594s)
2025-12-24 00:45:35 - trades.XAGUSDm - DEBUG - [SKIP] Cannot open trade: Circuit breaker: Rolling PnL of last 50 trades <= -$10 (current: $-11.59) (resumes in 3223s)
2025-12-24 00:47:42 - trades.XAGUSDm - DEBUG - [SKIP] Cannot open trade: Circuit breaker: Rolling PnL of last 50 trades <= -$10 (current: $-11.59) (resumes in 3095s)
2025-12-24 00:49:48 - trades.XAGUSDm - DEBUG - [SKIP] Cannot open trade: Circuit breaker: Rolling PnL of last 50 trades <= -$10 (current: $-11.59) (resumes in 2969s)
2025-12-24 00:51:58 - trades.XAGUSDm - DEBUG - [SKIP] Cannot open trade: Circuit breaker: Rolling PnL of last 50 trades <= -$10 (current: $-11.59) (resumes in 2839s)
2025-12-24 00:54:09 - trades.XAGUSDm - DEBUG - [SKIP] Cannot open trade: Circuit breaker: Rolling PnL of last 50 trades <= -$10 (current: $-11.59) (resumes in 2708s)
2025-12-24 00:56:18 - trades.XAGUSDm - DEBUG - [SKIP] Cannot open trade: Circuit breaker: Rolling PnL of last 50 trades <= -$10 (current: $-11.59) (resumes in 2579s)
2025-12-24 00:58:26 - trades.XAGUSDm - DEBUG - [SKIP] Cannot open trade: Circuit breaker: Rolling PnL of last 50 trades <= -$10 (current: $-11.59) (resumes in 2451s)
2025-12-24 01:00:34 - trades.XAGUSDm - DEBUG - [SKIP] Cannot open trade: Circuit breaker: Rolling PnL of last 50 trades <= -$10 (current: $-11.59) (resumes in 2323s)
2025-12-24 01:13:50 - trades.XAGUSDm - DEBUG - [SKIP] Cannot open trade: Circuit breaker: Rolling PnL of last 50 trades <= -$10 (current: $-11.59) (resumes in 1527s)
2025-12-24 01:16:09 - trades.XAGUSDm - DEBUG - [SKIP] Cannot open trade: Circuit breaker: Rolling PnL of last 50 trades <= -$10 (current: $-11.59) (resumes in 1389s)
2025-12-24 01:18:24 - trades.XAGUSDm - DEBUG - [SKIP] Cannot open trade: Circuit breaker: Rolling PnL of last 50 trades <= -$10 (current: $-11.59) (resumes in 1254s)
2025-12-24 01:35:38 - trades.XAGUSDm - DEBUG - [SKIP] Cannot open trade: Circuit breaker: Rolling PnL of last 50 trades <= -$10 (current: $-11.59) (resumes in 219s)
2025-12-24 01:37:46 - trades.XAGUSDm - DEBUG - [SKIP] Cannot open trade: Circuit breaker: Rolling PnL of last 50 trades <= -$10 (current: $-11.59) (resumes in 92s)
2025-12-24 01:39:54 - trades.XAGUSDm - DEBUG - [SKIP] Cannot open trade: Circuit breaker: Rolling PnL of last 50 trades <= -$10 (current: $-11.59) (resumes in 3591s)
2025-12-24 01:42:08 - trades.XAGUSDm - DEBUG - [SKIP] Cannot open trade: Circuit breaker: Rolling PnL of last 50 trades <= -$10 (current: $-11.59) (resumes in 3458s)
2025-12-24 01:44:15 - trades.XAGUSDm - DEBUG - [SKIP] Cannot open trade: Circuit breaker: Rolling PnL of last 50 trades <= -$10 (current: $-11.59) (resumes in 3331s)
2025-12-24 01:46:22 - trades.XAGUSDm - DEBUG - [SKIP] Cannot open trade: Circuit breaker: Rolling PnL of last 50 trades <= -$10 (current: $-11.59) (resumes in 3204s)
2025-12-24 01:48:24 - trades.XAGUSDm - DEBUG - [SKIP] Cannot open trade: Circuit breaker: Rolling PnL of last 50 trades <= -$10 (current: $-11.59) (resumes in 3082s)
2025-12-24 01:50:31 - trades.XAGUSDm - DEBUG - [SKIP] Cannot open trade: Circuit breaker: Rolling PnL of last 50 trades <= -$10 (current: $-11.59) (resumes in 2955s)
2025-12-24 01:52:39 - trades.XAGUSDm - DEBUG - [SKIP] Cannot open trade: Circuit breaker: Rolling PnL of last 50 trades <= -$10 (current: $-11.59) (resumes in 2826s)
2025-12-24 02:05:50 - trades.XAGUSDm - DEBUG - [SKIP] Cannot open trade: Circuit breaker: Rolling PnL of last 50 trades <= -$10 (current: $-11.59) (resumes in 2035s)
2025-12-24 02:10:47 - trades.XAGUSDm - DEBUG - [SKIP] Cannot open trade: Circuit breaker: Rolling PnL of last 50 trades <= -$10 (current: $-11.59) (resumes in 1738s)
2025-12-24 02:13:17 - trades.XAGUSDm - DEBUG - [SKIP] Cannot open trade: Circuit breaker: Rolling PnL of last 50 trades <= -$10 (current: $-11.59) (resumes in 1588s)
2025-12-24 02:15:47 - trades.XAGUSDm - DEBUG - [SKIP] Cannot open trade: Circuit breaker: Rolling PnL of last 50 trades <= -$10 (current: $-11.59) (resumes in 1439s)
2025-12-24 02:22:47 - trades.XAGUSDm - DEBUG - [SKIP] Cannot open trade: Circuit breaker: Rolling PnL of last 50 trades <= -$10 (current: $-11.59) (resumes in 1019s)
2025-12-24 02:25:04 - trades.XAGUSDm - DEBUG - [SKIP] Cannot open trade: Circuit breaker: Rolling PnL of last 50 trades <= -$10 (current: $-11.59) (resumes in 882s)
2025-12-24 02:27:19 - trades.XAGUSDm - DEBUG - [SKIP] Cannot open trade: Circuit breaker: Rolling PnL of last 50 trades <= -$10 (current: $-11.59) (resumes in 747s)
2025-12-24 02:29:33 - trades.XAGUSDm - DEBUG - [SKIP] Cannot open trade: Circuit breaker: Rolling PnL of last 50 trades <= -$10 (current: $-11.59) (resumes in 612s)
2025-12-24 02:32:03 - trades.XAGUSDm - DEBUG - [SKIP] Cannot open trade: Circuit breaker: Rolling PnL of last 50 trades <= -$10 (current: $-11.59) (resumes in 463s)
2025-12-24 02:34:37 - trades.XAGUSDm - DEBUG - [SKIP] Cannot open trade: Circuit breaker: Rolling PnL of last 50 trades <= -$10 (current: $-11.59) (resumes in 309s)
2025-12-24 02:37:16 - trades.XAGUSDm - DEBUG - [SKIP] Cannot open trade: Circuit breaker: Rolling PnL of last 50 trades <= -$10 (current: $-11.59) (resumes in 149s)
2025-12-24 02:39:54 - trades.XAGUSDm - DEBUG - [SKIP] Cannot open trade: Circuit breaker: Rolling PnL of last 50 trades <= -$10 (current: $-11.59) (resumes in 3594s)
2025-12-24 02:42:21 - trades.XAGUSDm - DEBUG - [SKIP] Cannot open trade: Circuit breaker: Rolling PnL of last 50 trades <= -$10 (current: $-11.59) (resumes in 3447s)
2025-12-24 02:44:37 - trades.XAGUSDm - DEBUG - [SKIP] Cannot open trade: Circuit breaker: Rolling PnL of last 50 trades <= -$10 (current: $-11.59) (resumes in 3311s)
2025-12-24 02:46:55 - trades.XAGUSDm - DEBUG - [SKIP] Cannot open trade: Circuit breaker: Rolling PnL of last 50 trades <= -$10 (current: $-11.59) (resumes in 3173s)
2025-12-24 02:53:41 - trades.XAGUSDm - DEBUG - [SKIP] Cannot open trade: Circuit breaker: Rolling PnL of last 50 trades <= -$10 (current: $-11.59) (resumes in 2767s)
2025-12-24 02:58:11 - trades.XAGUSDm - DEBUG - [SKIP] Cannot open trade: Circuit breaker: Rolling PnL of last 50 trades <= -$10 (current: $-11.59) (resumes in 2497s)
2025-12-24 03:00:27 - trades.XAGUSDm - DEBUG - [SKIP] Cannot open trade: Circuit breaker: Rolling PnL of last 50 trades <= -$10 (current: $-11.59) (resumes in 2361s)
2025-12-24 03:02:45 - trades.XAGUSDm - DEBUG - [SKIP] Cannot open trade: Circuit breaker: Rolling PnL of last 50 trades <= -$10 (current: $-11.59) (resumes in 2223s)
2025-12-24 03:05:05 - trades.XAGUSDm - DEBUG - [SKIP] Cannot open trade: Circuit breaker: Rolling PnL of last 50 trades <= -$10 (current: $-11.59) (resumes in 2083s)
2025-12-24 03:14:00 - trades.XAGUSDm - DEBUG - [SKIP] Cannot open trade: Circuit breaker: Rolling PnL of last 50 trades <= -$10 (current: $-11.59) (resumes in 1548s)
2025-12-24 03:16:14 - trades.XAGUSDm - DEBUG - [SKIP] Cannot open trade: Circuit breaker: Rolling PnL of last 50 trades <= -$10 (current: $-11.59) (resumes in 1415s)
2025-12-24 03:18:24 - trades.XAGUSDm - DEBUG - [SKIP] Cannot open trade: Circuit breaker: Rolling PnL of last 50 trades <= -$10 (current: $-11.59) (resumes in 1284s)
2025-12-24 03:20:38 - trades.XAGUSDm - DEBUG - [SKIP] Cannot open trade: Circuit breaker: Rolling PnL of last 50 trades <= -$10 (current: $-11.59) (resumes in 1151s)
2025-12-24 03:22:47 - trades.XAGUSDm - DEBUG - [SKIP] Cannot open trade: Circuit breaker: Rolling PnL of last 50 trades <= -$10 (current: $-11.59) (resumes in 1021s)
2025-12-24 03:24:54 - trades.XAGUSDm - DEBUG - [SKIP] Cannot open trade: Circuit breaker: Rolling PnL of last 50 trades <= -$10 (current: $-11.59) (resumes in 894s)
2025-12-24 03:27:03 - trades.XAGUSDm - DEBUG - [SKIP] Cannot open trade: Circuit breaker: Rolling PnL of last 50 trades <= -$10 (current: $-11.59) (resumes in 766s)
2025-12-24 03:29:14 - trades.XAGUSDm - DEBUG - [SKIP] Cannot open trade: Circuit breaker: Rolling PnL of last 50 trades <= -$10 (current: $-11.59) (resumes in 634s)
2025-12-24 03:31:23 - trades.XAGUSDm - DEBUG - [SKIP] Cannot open trade: Circuit breaker: Rolling PnL of last 50 trades <= -$10 (current: $-11.59) (resumes in 505s)
2025-12-24 03:33:31 - trades.XAGUSDm - DEBUG - [SKIP] Cannot open trade: Circuit breaker: Rolling PnL of last 50 trades <= -$10 (current: $-11.59) (resumes in 377s)
2025-12-24 03:35:40 - trades.XAGUSDm - DEBUG - [SKIP] Cannot open trade: Circuit breaker: Rolling PnL of last 50 trades <= -$10 (current: $-11.59) (resumes in 248s)
2025-12-24 03:37:49 - trades.XAGUSDm - DEBUG - [SKIP] Cannot open trade: Circuit breaker: Rolling PnL of last 50 trades <= -$10 (current: $-11.59) (resumes in 119s)
2025-12-24 03:40:02 - trades.XAGUSDm - DEBUG - [SKIP] Cannot open trade: Circuit breaker: Rolling PnL of last 50 trades <= -$10 (current: $-11.59) (resumes in 3589s)
2025-12-24 03:44:15 - trades.XAGUSDm - DEBUG - [SKIP] Cannot open trade: Circuit breaker: Rolling PnL of last 50 trades <= -$10 (current: $-11.59) (resumes in 3336s)
2025-12-24 03:46:21 - trades.XAGUSDm - DEBUG - [SKIP] Cannot open trade: Circuit breaker: Rolling PnL of last 50 trades <= -$10 (current: $-11.59) (resumes in 3210s)
2025-12-24 03:48:28 - trades.XAGUSDm - DEBUG - [SKIP] Cannot open trade: Circuit breaker: Rolling PnL of last 50 trades <= -$10 (current: $-11.59) (resumes in 3083s)
2025-12-24 03:50:42 - trades.XAGUSDm - DEBUG - [SKIP] Cannot open trade: Circuit breaker: Rolling PnL of last 50 trades <= -$10 (current: $-11.59) (resumes in 2948s)
2025-12-24 03:52:47 - trades.XAGUSDm - DEBUG - [SKIP] Cannot open trade: Circuit breaker: Rolling PnL of last 50 trades <= -$10 (current: $-11.59) (resumes in 2824s)
2025-12-24 03:54:53 - trades.XAGUSDm - DEBUG - [SKIP] Cannot open trade: Circuit breaker: Rolling PnL of last 50 trades <= -$10 (current: $-11.59) (resumes in 2698s)
2025-12-24 03:57:00 - trades.XAGUSDm - DEBUG - [SKIP] Cannot open trade: Circuit breaker: Rolling PnL of last 50 trades <= -$10 (current: $-11.59) (resumes in 2571s)
2025-12-24 03:59:06 - trades.XAGUSDm - DEBUG - [SKIP] Cannot open trade: Circuit breaker: Rolling PnL of last 50 trades <= -$10 (current: $-11.59) (resumes in 2445s)
2025-12-24 04:01:11 - trades.XAGUSDm - DEBUG - [SKIP] Cannot open trade: Circuit breaker: Rolling PnL of last 50 trades <= -$10 (current: $-11.59) (resumes in 2319s)
2025-12-24 04:03:18 - trades.XAGUSDm - DEBUG - [SKIP] Cannot open trade: Circuit breaker: Rolling PnL of last 50 trades <= -$10 (current: $-11.59) (resumes in 2193s)
2025-12-24 04:07:34 - trades.XAGUSDm - DEBUG - [SKIP] Cannot open trade: Circuit breaker: Rolling PnL of last 50 trades <= -$10 (current: $-11.59) (resumes in 1937s)
2025-12-24 04:09:44 - trades.XAGUSDm - DEBUG - [SKIP] Cannot open trade: Circuit breaker: Rolling PnL of last 50 trades <= -$10 (current: $-11.59) (resumes in 1807s)
2025-12-24 04:11:56 - trades.XAGUSDm - DEBUG - [SKIP] Cannot open trade: Circuit breaker: Rolling PnL of last 50 trades <= -$10 (current: $-11.59) (resumes in 1675s)
2025-12-24 04:16:18 - trades.XAGUSDm - DEBUG - [SKIP] Cannot open trade: Circuit breaker: Rolling PnL of last 50 trades <= -$10 (current: $-11.59) (resumes in 1413s)
2025-12-24 04:18:31 - trades.XAGUSDm - DEBUG - [SKIP] Cannot open trade: Circuit breaker: Rolling PnL of last 50 trades <= -$10 (current: $-11.59) (resumes in 1280s)
2025-12-24 04:20:43 - trades.XAGUSDm - DEBUG - [SKIP] Cannot open trade: Circuit breaker: Rolling PnL of last 50 trades <= -$10 (current: $-11.59) (resumes in 1148s)
2025-12-24 04:22:58 - trades.XAGUSDm - DEBUG - [SKIP] Cannot open trade: Circuit breaker: Rolling PnL of last 50 trades <= -$10 (current: $-11.59) (resumes in 1012s)
2025-12-24 04:27:22 - trades.XAGUSDm - DEBUG - [SKIP] Cannot open trade: Circuit breaker: Rolling PnL of last 50 trades <= -$10 (current: $-11.59) (resumes in 749s)
2025-12-24 04:29:28 - trades.XAGUSDm - DEBUG - [SKIP] Cannot open trade: Circuit breaker: Rolling PnL of last 50 trades <= -$10 (current: $-11.59) (resumes in 622s)
2025-12-24 04:31:37 - trades.XAGUSDm - DEBUG - [SKIP] Cannot open trade: Circuit breaker: Rolling PnL of last 50 trades <= -$10 (current: $-11.59) (resumes in 494s)
2025-12-24 04:33:43 - trades.XAGUSDm - DEBUG - [SKIP] Cannot open trade: Circuit breaker: Rolling PnL of last 50 trades <= -$10 (current: $-11.59) (resumes in 368s)
2025-12-24 04:35:51 - trades.XAGUSDm - DEBUG - [SKIP] Cannot open trade: Circuit breaker: Rolling PnL of last 50 trades <= -$10 (current: $-11.59) (resumes in 240s)
2025-12-24 04:38:05 - trades.XAGUSDm - DEBUG - [SKIP] Cannot open trade: Circuit breaker: Rolling PnL of last 50 trades <= -$10 (current: $-11.59) (resumes in 106s)
2025-12-24 04:40:16 - trades.XAGUSDm - DEBUG - [SKIP] Cannot open trade: Circuit breaker: Rolling PnL of last 50 trades <= -$10 (current: $-11.59) (resumes in 3592s)
2025-12-24 04:42:25 - trades.XAGUSDm - DEBUG - [SKIP] Cannot open trade: Circuit breaker: Rolling PnL of last 50 trades <= -$10 (current: $-11.59) (resumes in 3464s)
2025-12-24 04:44:30 - trades.XAGUSDm - DEBUG - [SKIP] Cannot open trade: Circuit breaker: Rolling PnL of last 50 trades <= -$10 (current: $-11.59) (resumes in 3338s)
2025-12-24 04:46:38 - trades.XAGUSDm - DEBUG - [SKIP] Cannot open trade: Circuit breaker: Rolling PnL of last 50 trades <= -$10 (current: $-11.59) (resumes in 3210s)
2025-12-24 04:48:44 - trades.XAGUSDm - DEBUG - [SKIP] Cannot open trade: Circuit breaker: Rolling PnL of last 50 trades <= -$10 (current: $-11.59) (resumes in 3084s)
2025-12-24 04:52:56 - trades.XAGUSDm - DEBUG - [SKIP] Cannot open trade: Circuit breaker: Rolling PnL of last 50 trades <= -$10 (current: $-11.59) (resumes in 2832s)
2025-12-24 04:55:05 - trades.XAGUSDm - DEBUG - [SKIP] Cannot open trade: Circuit breaker: Rolling PnL of last 50 trades <= -$10 (current: $-11.59) (resumes in 2703s)
2025-12-24 04:57:12 - trades.XAGUSDm - DEBUG - [SKIP] Cannot open trade: Circuit breaker: Rolling PnL of last 50 trades <= -$10 (current: $-11.59) (resumes in 2577s)
2025-12-24 04:59:20 - trades.XAGUSDm - DEBUG - [SKIP] Cannot open trade: Circuit breaker: Rolling PnL of last 50 trades <= -$10 (current: $-11.59) (resumes in 2448s)
2025-12-24 05:01:29 - trades.XAGUSDm - DEBUG - [SKIP] Cannot open trade: Circuit breaker: Rolling PnL of last 50 trades <= -$10 (current: $-11.59) (resumes in 2319s)
2025-12-24 05:03:47 - trades.XAGUSDm - DEBUG - [SKIP] Cannot open trade: Circuit breaker: Rolling PnL of last 50 trades <= -$10 (current: $-11.59) (resumes in 2181s)
2025-12-24 05:06:04 - trades.XAGUSDm - DEBUG - [SKIP] Cannot open trade: Circuit breaker: Rolling PnL of last 50 trades <= -$10 (current: $-11.59) (resumes in 2044s)
2025-12-24 05:08:10 - trades.XAGUSDm - DEBUG - [SKIP] Cannot open trade: Circuit breaker: Rolling PnL of last 50 trades <= -$10 (current: $-11.59) (resumes in 1918s)
2025-12-24 05:20:23 - trades.XAGUSDm - DEBUG - [SKIP] Cannot open trade: Circuit breaker: Rolling PnL of last 50 trades <= -$10 (current: $-11.59) (resumes in 1185s)
2025-12-24 05:22:26 - trades.XAGUSDm - DEBUG - [SKIP] Cannot open trade: Circuit breaker: Rolling PnL of last 50 trades <= -$10 (current: $-11.59) (resumes in 1062s)
2025-12-24 05:24:31 - trades.XAGUSDm - DEBUG - [SKIP] Cannot open trade: Circuit breaker: Rolling PnL of last 50 trades <= -$10 (current: $-11.59) (resumes in 938s)
2025-12-24 05:26:33 - trades.XAGUSDm - DEBUG - [SKIP] Cannot open trade: Circuit breaker: Rolling PnL of last 50 trades <= -$10 (current: $-11.59) (resumes in 815s)
2025-12-24 05:28:34 - trades.XAGUSDm - DEBUG - [SKIP] Cannot open trade: Circuit breaker: Rolling PnL of last 50 trades <= -$10 (current: $-11.59) (resumes in 694s)
2025-12-24 05:32:39 - trades.XAGUSDm - DEBUG - [SKIP] Cannot open trade: Circuit breaker: Rolling PnL of last 50 trades <= -$10 (current: $-11.59) (resumes in 449s)
2025-12-24 05:34:43 - trades.XAGUSDm - DEBUG - [SKIP] Cannot open trade: Circuit breaker: Rolling PnL of last 50 trades <= -$10 (current: $-11.59) (resumes in 325s)
2025-12-24 05:36:48 - trades.XAGUSDm - DEBUG - [SKIP] Cannot open trade: Circuit breaker: Rolling PnL of last 50 trades <= -$10 (current: $-11.59) (resumes in 200s)
2025-12-24 05:38:51 - trades.XAGUSDm - DEBUG - [SKIP] Cannot open trade: Circuit breaker: Rolling PnL of last 50 trades <= -$10 (current: $-11.59) (resumes in 77s)
2025-12-24 05:40:56 - trades.XAGUSDm - DEBUG - [SKIP] Cannot open trade: Circuit breaker: Rolling PnL of last 50 trades <= -$10 (current: $-11.59) (resumes in 3591s)
2025-12-24 05:43:02 - trades.XAGUSDm - DEBUG - [SKIP] Cannot open trade: Circuit breaker: Rolling PnL of last 50 trades <= -$10 (current: $-11.59) (resumes in 3465s)
2025-12-24 05:45:11 - trades.XAGUSDm - DEBUG - [SKIP] Cannot open trade: Circuit breaker: Rolling PnL of last 50 trades <= -$10 (current: $-11.59) (resumes in 3336s)
2025-12-24 05:54:52 - trades.XAGUSDm - DEBUG - [SKIP] Cannot open trade: Circuit breaker: Rolling PnL of last 50 trades <= -$10 (current: $-11.59) (resumes in 2755s)
2025-12-24 05:58:02 - trades.XAGUSDm - DEBUG - [SKIP] Cannot open trade: Circuit breaker: Rolling PnL of last 50 trades <= -$10 (current: $-11.59) (resumes in 2565s)
2025-12-24 06:01:04 - trades.XAGUSDm - DEBUG - [SKIP] Cannot open trade: Circuit breaker: Rolling PnL of last 50 trades <= -$10 (current: $-11.59) (resumes in 2383s)
2025-12-24 06:04:10 - trades.XAGUSDm - DEBUG - [SKIP] Cannot open trade: Circuit breaker: Rolling PnL of last 50 trades <= -$10 (current: $-11.59) (resumes in 2197s)
2025-12-24 06:07:12 - trades.XAGUSDm - DEBUG - [SKIP] Cannot open trade: Circuit breaker: Rolling PnL of last 50 trades <= -$10 (current: $-11.59) (resumes in 2015s)
2025-12-24 06:10:14 - trades.XAGUSDm - DEBUG - [SKIP] Cannot open trade: Circuit breaker: Rolling PnL of last 50 trades <= -$10 (current: $-11.59) (resumes in 1833s)
2025-12-24 06:13:23 - trades.XAGUSDm - DEBUG - [SKIP] Cannot open trade: Circuit breaker: Rolling PnL of last 50 trades <= -$10 (current: $-11.59) (resumes in 1644s)
2025-12-24 06:16:28 - trades.XAGUSDm - DEBUG - [SKIP] Cannot open trade: Circuit breaker: Rolling PnL of last 50 trades <= -$10 (current: $-11.59) (resumes in 1460s)
2025-12-24 06:19:25 - trades.XAGUSDm - DEBUG - [SKIP] Cannot open trade: Circuit breaker: Rolling PnL of last 50 trades <= -$10 (current: $-11.59) (resumes in 1282s)
2025-12-24 06:22:19 - trades.XAGUSDm - DEBUG - [SKIP] Cannot open trade: Circuit breaker: Rolling PnL of last 50 trades <= -$10 (current: $-11.59) (resumes in 1109s)
2025-12-24 06:25:15 - trades.XAGUSDm - DEBUG - [SKIP] Cannot open trade: Circuit breaker: Rolling PnL of last 50 trades <= -$10 (current: $-11.59) (resumes in 932s)
2025-12-24 06:28:08 - trades.XAGUSDm - DEBUG - [SKIP] Cannot open trade: Circuit breaker: Rolling PnL of last 50 trades <= -$10 (current: $-11.59) (resumes in 759s)
2025-12-24 06:31:04 - trades.XAGUSDm - DEBUG - [SKIP] Cannot open trade: Circuit breaker: Rolling PnL of last 50 trades <= -$10 (current: $-11.59) (resumes in 583s)
2025-12-24 06:34:09 - trades.XAGUSDm - DEBUG - [SKIP] Cannot open trade: Circuit breaker: Rolling PnL of last 50 trades <= -$10 (current: $-11.59) (resumes in 398s)
2025-12-24 06:37:04 - trades.XAGUSDm - DEBUG - [SKIP] Cannot open trade: Circuit breaker: Rolling PnL of last 50 trades <= -$10 (current: $-11.59) (resumes in 223s)
2025-12-24 06:40:05 - trades.XAGUSDm - DEBUG - [SKIP] Cannot open trade: Circuit breaker: Rolling PnL of last 50 trades <= -$10 (current: $-11.59) (resumes in 42s)
2025-12-24 06:43:06 - trades.XAGUSDm - DEBUG - [SKIP] Cannot open trade: Circuit breaker: Rolling PnL of last 50 trades <= -$10 (current: $-11.59) (resumes in 3467s)
2025-12-24 06:46:09 - trades.XAGUSDm - DEBUG - [SKIP] Cannot open trade: Circuit breaker: Rolling PnL of last 50 trades <= -$10 (current: $-11.59) (resumes in 3284s)
2025-12-24 06:49:09 - trades.XAGUSDm - DEBUG - [SKIP] Cannot open trade: Circuit breaker: Rolling PnL of last 50 trades <= -$10 (current: $-11.59) (resumes in 3104s)
2025-12-24 06:51:58 - trades.XAGUSDm - DEBUG - [SKIP] Cannot open trade: Circuit breaker: Rolling PnL of last 50 trades <= -$10 (current: $-11.59) (resumes in 2935s)
2025-12-24 06:54:55 - trades.XAGUSDm - DEBUG - [SKIP] Cannot open trade: Circuit breaker: Rolling PnL of last 50 trades <= -$10 (current: $-11.59) (resumes in 2758s)
2025-12-24 06:57:48 - trades.XAGUSDm - DEBUG - [SKIP] Cannot open trade: Circuit breaker: Rolling PnL of last 50 trades <= -$10 (current: $-11.59) (resumes in 2585s)
2025-12-24 07:07:00 - trades.XAGUSDm - DEBUG - [SKIP] Cannot open trade: Circuit breaker: Rolling PnL of last 50 trades <= -$10 (current: $-11.59) (resumes in 2033s)
2025-12-24 07:09:57 - trades.XAGUSDm - DEBUG - [SKIP] Cannot open trade: Circuit breaker: Rolling PnL of last 50 trades <= -$10 (current: $-11.59) (resumes in 1856s)
2025-12-24 07:12:58 - trades.XAGUSDm - DEBUG - [SKIP] Cannot open trade: Circuit breaker: Rolling PnL of last 50 trades <= -$10 (current: $-11.59) (resumes in 1675s)
2025-12-24 07:15:59 - trades.XAGUSDm - DEBUG - [SKIP] Cannot open trade: Circuit breaker: Rolling PnL of last 50 trades <= -$10 (current: $-11.59) (resumes in 1494s)
2025-12-24 07:19:08 - trades.XAGUSDm - DEBUG - [SKIP] Cannot open trade: Circuit breaker: Rolling PnL of last 50 trades <= -$10 (current: $-11.59) (resumes in 1305s)
2025-12-24 07:22:18 - trades.XAGUSDm - DEBUG - [SKIP] Cannot open trade: Circuit breaker: Rolling PnL of last 50 trades <= -$10 (current: $-11.59) (resumes in 1115s)
2025-12-24 07:25:22 - trades.XAGUSDm - DEBUG - [SKIP] Cannot open trade: Circuit breaker: Rolling PnL of last 50 trades <= -$10 (current: $-11.59) (resumes in 931s)
2025-12-24 07:28:23 - trades.XAGUSDm - DEBUG - [SKIP] Cannot open trade: Circuit breaker: Rolling PnL of last 50 trades <= -$10 (current: $-11.59) (resumes in 750s)
2025-12-24 07:31:23 - trades.XAGUSDm - DEBUG - [SKIP] Cannot open trade: Circuit breaker: Rolling PnL of last 50 trades <= -$10 (current: $-11.59) (resumes in 571s)
2025-12-24 07:34:18 - trades.XAGUSDm - DEBUG - [SKIP] Cannot open trade: Circuit breaker: Rolling PnL of last 50 trades <= -$10 (current: $-11.59) (resumes in 395s)
2025-12-24 07:37:14 - trades.XAGUSDm - DEBUG - [SKIP] Cannot open trade: Circuit breaker: Rolling PnL of last 50 trades <= -$10 (current: $-11.59) (resumes in 219s)
2025-12-24 07:40:13 - trades.XAGUSDm - DEBUG - [SKIP] Cannot open trade: Circuit breaker: Rolling PnL of last 50 trades <= -$10 (current: $-11.59) (resumes in 40s)
2025-12-24 07:43:11 - trades.XAGUSDm - DEBUG - [SKIP] Cannot open trade: Circuit breaker: Rolling PnL of last 50 trades <= -$10 (current: $-11.59) (resumes in 3470s)
2025-12-24 07:46:13 - trades.XAGUSDm - DEBUG - [SKIP] Cannot open trade: Circuit breaker: Rolling PnL of last 50 trades <= -$10 (current: $-11.59) (resumes in 3288s)
2025-12-24 07:49:17 - trades.XAGUSDm - DEBUG - [SKIP] Cannot open trade: Circuit breaker: Rolling PnL of last 50 trades <= -$10 (current: $-11.59) (resumes in 3103s)
2025-12-24 07:52:15 - trades.XAGUSDm - DEBUG - [SKIP] Cannot open trade: Circuit breaker: Rolling PnL of last 50 trades <= -$10 (current: $-11.59) (resumes in 2926s)
2025-12-24 07:55:13 - trades.XAGUSDm - DEBUG - [SKIP] Cannot open trade: Circuit breaker: Rolling PnL of last 50 trades <= -$10 (current: $-11.59) (resumes in 2748s)
2025-12-24 07:58:21 - trades.XAGUSDm - DEBUG - [SKIP] Cannot open trade: Circuit breaker: Rolling PnL of last 50 trades <= -$10 (current: $-11.59) (resumes in 2560s)
2025-12-24 08:01:23 - trades.XAGUSDm - DEBUG - [SKIP] Cannot open trade: Circuit breaker: Rolling PnL of last 50 trades <= -$10 (current: $-11.59) (resumes in 2378s)
2025-12-24 08:07:27 - trades.XAGUSDm - DEBUG - [SKIP] Cannot open trade: Circuit breaker: Rolling PnL of last 50 trades <= -$10 (current: $-11.59) (resumes in 2014s)
2025-12-24 08:10:32 - trades.XAGUSDm - DEBUG - [SKIP] Cannot open trade: Circuit breaker: Rolling PnL of last 50 trades <= -$10 (current: $-11.59) (resumes in 1829s)
2025-12-24 08:13:32 - trades.XAGUSDm - DEBUG - [SKIP] Cannot open trade: Circuit breaker: Rolling PnL of last 50 trades <= -$10 (current: $-11.59) (resumes in 1649s)
2025-12-24 08:16:36 - trades.XAGUSDm - DEBUG - [SKIP] Cannot open trade: Circuit breaker: Rolling PnL of last 50 trades <= -$10 (current: $-11.59) (resumes in 1465s)
2025-12-24 08:19:43 - trades.XAGUSDm - DEBUG - [SKIP] Cannot open trade: Circuit breaker: Rolling PnL of last 50 trades <= -$10 (current: $-11.59) (resumes in 1278s)
2025-12-24 08:22:47 - trades.XAGUSDm - DEBUG - [SKIP] Cannot open trade: Circuit breaker: Rolling PnL of last 50 trades <= -$10 (current: $-11.59) (resumes in 1093s)
2025-12-24 08:26:03 - trades.XAGUSDm - DEBUG - [SKIP] Cannot open trade: Circuit breaker: Rolling PnL of last 50 trades <= -$10 (current: $-11.59) (resumes in 898s)
2025-12-24 08:29:21 - trades.XAGUSDm - DEBUG - [SKIP] Cannot open trade: Circuit breaker: Rolling PnL of last 50 trades <= -$10 (current: $-11.59) (resumes in 701s)
2025-12-24 08:52:16 - trades.XAGUSDm - DEBUG - [SKIP] Cannot open trade: Circuit breaker: Rolling PnL of last 50 trades <= -$10 (current: $-11.59) (resumes in 2982s)
2025-12-24 08:55:27 - trades.XAGUSDm - DEBUG - [SKIP] Cannot open trade: Circuit breaker: Rolling PnL of last 50 trades <= -$10 (current: $-11.59) (resumes in 2790s)
2025-12-24 08:58:33 - trades.XAGUSDm - DEBUG - [SKIP] Cannot open trade: Circuit breaker: Rolling PnL of last 50 trades <= -$10 (current: $-11.59) (resumes in 2604s)
2025-12-24 09:01:40 - trades.XAGUSDm - DEBUG - [SKIP] Cannot open trade: Circuit breaker: Rolling PnL of last 50 trades <= -$10 (current: $-11.59) (resumes in 2418s)
2025-12-24 09:04:42 - trades.XAGUSDm - DEBUG - [SKIP] Cannot open trade: Circuit breaker: Rolling PnL of last 50 trades <= -$10 (current: $-11.59) (resumes in 2235s)
2025-12-24 09:07:49 - trades.XAGUSDm - DEBUG - [SKIP] Cannot open trade: Circuit breaker: Rolling PnL of last 50 trades <= -$10 (current: $-11.59) (resumes in 2048s)
2025-12-24 09:10:58 - trades.XAGUSDm - DEBUG - [SKIP] Cannot open trade: Circuit breaker: Rolling PnL of last 50 trades <= -$10 (current: $-11.59) (resumes in 1860s)
2025-12-24 09:14:07 - trades.XAGUSDm - DEBUG - [SKIP] Cannot open trade: Circuit breaker: Rolling PnL of last 50 trades <= -$10 (current: $-11.59) (resumes in 1671s)
2025-12-24 09:17:23 - trades.XAGUSDm - DEBUG - [SKIP] Cannot open trade: Circuit breaker: Rolling PnL of last 50 trades <= -$10 (current: $-11.59) (resumes in 1474s)
2025-12-24 09:20:44 - trades.XAGUSDm - DEBUG - [SKIP] Cannot open trade: Circuit breaker: Rolling PnL of last 50 trades <= -$10 (current: $-11.59) (resumes in 1274s)
2025-12-24 09:24:08 - trades.XAGUSDm - DEBUG - [SKIP] Cannot open trade: Circuit breaker: Rolling PnL of last 50 trades <= -$10 (current: $-11.59) (resumes in 1070s)
2025-12-24 09:27:24 - trades.XAGUSDm - DEBUG - [SKIP] Cannot open trade: Circuit breaker: Rolling PnL of last 50 trades <= -$10 (current: $-11.59) (resumes in 874s)
2025-12-24 09:30:39 - trades.XAGUSDm - DEBUG - [SKIP] Cannot open trade: Circuit breaker: Rolling PnL of last 50 trades <= -$10 (current: $-11.59) (resumes in 679s)
2025-12-24 09:33:49 - trades.XAGUSDm - DEBUG - [SKIP] Cannot open trade: Circuit breaker: Rolling PnL of last 50 trades <= -$10 (current: $-11.59) (resumes in 489s)
2025-12-24 09:37:07 - trades.XAGUSDm - DEBUG - [SKIP] Cannot open trade: Circuit breaker: Rolling PnL of last 50 trades <= -$10 (current: $-11.59) (resumes in 290s)
2025-12-24 09:40:15 - trades.XAGUSDm - DEBUG - [SKIP] Cannot open trade: Circuit breaker: Rolling PnL of last 50 trades <= -$10 (current: $-11.59) (resumes in 102s)
2025-12-24 09:43:39 - trades.XAGUSDm - DEBUG - [SKIP] Cannot open trade: Circuit breaker: Rolling PnL of last 50 trades <= -$10 (current: $-11.59) (resumes in 3574s)
2025-12-24 09:46:57 - trades.XAGUSDm - DEBUG - [SKIP] Cannot open trade: Circuit breaker: Rolling PnL of last 50 trades <= -$10 (current: $-11.59) (resumes in 3375s)
2025-12-24 09:50:14 - trades.XAGUSDm - DEBUG - [SKIP] Cannot open trade: Circuit breaker: Rolling PnL of last 50 trades <= -$10 (current: $-11.59) (resumes in 3179s)
2025-12-24 09:53:39 - trades.XAGUSDm - DEBUG - [SKIP] Cannot open trade: Circuit breaker: Rolling PnL of last 50 trades <= -$10 (current: $-11.59) (resumes in 2973s)
2025-12-24 09:57:06 - trades.XAGUSDm - DEBUG - [SKIP] Cannot open trade: Circuit breaker: Rolling PnL of last 50 trades <= -$10 (current: $-11.59) (resumes in 2766s)
2025-12-24 10:00:34 - trades.XAGUSDm - DEBUG - [SKIP] Cannot open trade: Circuit breaker: Rolling PnL of last 50 trades <= -$10 (current: $-11.59) (resumes in 2559s)
2025-12-24 10:03:58 - trades.XAGUSDm - DEBUG - [SKIP] Cannot open trade: Circuit breaker: Rolling PnL of last 50 trades <= -$10 (current: $-11.59) (resumes in 2355s)
2025-12-24 10:07:29 - trades.XAGUSDm - DEBUG - [SKIP] Cannot open trade: Circuit breaker: Rolling PnL of last 50 trades <= -$10 (current: $-11.59) (resumes in 2144s)
2025-12-24 10:11:00 - trades.XAGUSDm - DEBUG - [SKIP] Cannot open trade: Circuit breaker: Rolling PnL of last 50 trades <= -$10 (current: $-11.59) (resumes in 1933s)
2025-12-24 10:14:29 - trades.XAGUSDm - DEBUG - [SKIP] Cannot open trade: Circuit breaker: Rolling PnL of last 50 trades <= -$10 (current: $-11.59) (resumes in 1724s)
2025-12-24 10:17:54 - trades.XAGUSDm - DEBUG - [SKIP] Cannot open trade: Circuit breaker: Rolling PnL of last 50 trades <= -$10 (current: $-11.59) (resumes in 1519s)
2025-12-24 10:21:07 - trades.XAGUSDm - DEBUG - [SKIP] Cannot open trade: Circuit breaker: Rolling PnL of last 50 trades <= -$10 (current: $-11.59) (resumes in 1325s)
2025-12-24 10:24:19 - trades.XAGUSDm - DEBUG - [SKIP] Cannot open trade: Circuit breaker: Rolling PnL of last 50 trades <= -$10 (current: $-11.59) (resumes in 1133s)
2025-12-24 10:27:34 - trades.XAGUSDm - DEBUG - [SKIP] Cannot open trade: Circuit breaker: Rolling PnL of last 50 trades <= -$10 (current: $-11.59) (resumes in 939s)
2025-12-24 10:30:44 - trades.XAGUSDm - DEBUG - [SKIP] Cannot open trade: Circuit breaker: Rolling PnL of last 50 trades <= -$10 (current: $-11.59) (resumes in 749s)
2025-12-24 10:34:03 - trades.XAGUSDm - DEBUG - [SKIP] Cannot open trade: Circuit breaker: Rolling PnL of last 50 trades <= -$10 (current: $-11.59) (resumes in 549s)
2025-12-24 10:37:12 - trades.XAGUSDm - DEBUG - [SKIP] Cannot open trade: Circuit breaker: Rolling PnL of last 50 trades <= -$10 (current: $-11.59) (resumes in 360s)
2025-12-24 10:40:25 - trades.XAGUSDm - DEBUG - [SKIP] Cannot open trade: Circuit breaker: Rolling PnL of last 50 trades <= -$10 (current: $-11.59) (resumes in 168s)
2025-12-24 10:43:34 - trades.XAGUSDm - DEBUG - [SKIP] Cannot open trade: Circuit breaker: Rolling PnL of last 50 trades <= -$10 (current: $-11.59) (resumes in 3582s)
2025-12-24 10:46:48 - trades.XAGUSDm - DEBUG - [SKIP] Cannot open trade: Circuit breaker: Rolling PnL of last 50 trades <= -$10 (current: $-11.59) (resumes in 3388s)
2025-12-24 10:49:57 - trades.XAGUSDm - DEBUG - [SKIP] Cannot open trade: Circuit breaker: Rolling PnL of last 50 trades <= -$10 (current: $-11.59) (resumes in 3200s)
2025-12-24 10:53:00 - trades.XAGUSDm - DEBUG - [SKIP] Cannot open trade: Circuit breaker: Rolling PnL of last 50 trades <= -$10 (current: $-11.59) (resumes in 3016s)
2025-12-24 10:56:27 - trades.XAGUSDm - DEBUG - [SKIP] Cannot open trade: Circuit breaker: Rolling PnL of last 50 trades <= -$10 (current: $-11.59) (resumes in 2810s)
2025-12-24 10:59:59 - trades.XAGUSDm - DEBUG - [SKIP] Cannot open trade: Circuit breaker: Rolling PnL of last 50 trades <= -$10 (current: $-11.59) (resumes in 2598s)
2025-12-24 11:03:49 - trades.XAGUSDm - DEBUG - [SKIP] Cannot open trade: Circuit breaker: Rolling PnL of last 50 trades <= -$10 (current: $-11.59) (resumes in 2368s)
2025-12-24 11:07:24 - trades.XAGUSDm - DEBUG - [SKIP] Cannot open trade: Circuit breaker: Rolling PnL of last 50 trades <= -$10 (current: $-11.59) (resumes in 2153s)
2025-12-24 11:11:38 - trades.XAGUSDm - DEBUG - [SKIP] Cannot open trade: Circuit breaker: Rolling PnL of last 50 trades <= -$10 (current: $-11.59) (resumes in 1899s)
2025-12-24 11:15:43 - trades.XAGUSDm - DEBUG - [SKIP] Cannot open trade: Circuit breaker: Rolling PnL of last 50 trades <= -$10 (current: $-11.59) (resumes in 1654s)
2025-12-24 11:23:09 - trades.XAGUSDm - DEBUG - [SKIP] Cannot open trade: Circuit breaker: Rolling PnL of last 50 trades <= -$10 (current: $-11.59) (resumes in 1208s)
2025-12-24 11:26:26 - trades.XAGUSDm - DEBUG - [SKIP] Cannot open trade: Circuit breaker: Rolling PnL of last 50 trades <= -$10 (current: $-11.59) (resumes in 1011s)
2025-12-24 11:29:48 - trades.XAGUSDm - DEBUG - [SKIP] Cannot open trade: Circuit breaker: Rolling PnL of last 50 trades <= -$10 (current: $-11.59) (resumes in 809s)
2025-12-24 11:33:10 - trades.XAGUSDm - DEBUG - [SKIP] Cannot open trade: Circuit breaker: Rolling PnL of last 50 trades <= -$10 (current: $-11.59) (resumes in 607s)
2025-12-24 11:36:31 - trades.XAGUSDm - DEBUG - [SKIP] Cannot open trade: Circuit breaker: Rolling PnL of last 50 trades <= -$10 (current: $-11.59) (resumes in 405s)
2025-12-24 11:39:53 - trades.XAGUSDm - DEBUG - [SKIP] Cannot open trade: Circuit breaker: Rolling PnL of last 50 trades <= -$10 (current: $-11.59) (resumes in 204s)
2025-12-24 11:43:21 - trades.XAGUSDm - DEBUG - [SKIP] Cannot open trade: Circuit breaker: Rolling PnL of last 50 trades <= -$10 (current: $-11.59)
2025-12-24 11:46:32 - trades.XAGUSDm - DEBUG - [SKIP] Cannot open trade: Circuit breaker: Rolling PnL of last 50 trades <= -$10 (current: $-11.59) (resumes in 3409s)
2025-12-24 11:49:48 - trades.XAGUSDm - DEBUG - [SKIP] Cannot open trade: Circuit breaker: Rolling PnL of last 50 trades <= -$10 (current: $-11.59) (resumes in 3212s)
2025-12-24 11:53:16 - trades.XAGUSDm - DEBUG - [SKIP] Cannot open trade: Circuit breaker: Rolling PnL of last 50 trades <= -$10 (current: $-11.59) (resumes in 3005s)
2025-12-24 11:56:36 - trades.XAGUSDm - DEBUG - [SKIP] Cannot open trade: Circuit breaker: Rolling PnL of last 50 trades <= -$10 (current: $-11.59) (resumes in 2805s)
2025-12-24 11:59:58 - trades.XAGUSDm - DEBUG - [SKIP] Cannot open trade: Circuit breaker: Rolling PnL of last 50 trades <= -$10 (current: $-11.59) (resumes in 2603s)
2025-12-24 12:03:14 - trades.XAGUSDm - DEBUG - [SKIP] Cannot open trade: Circuit breaker: Rolling PnL of last 50 trades <= -$10 (current: $-11.59) (resumes in 2406s)
2025-12-24 12:15:35 - trades.XAGUSDm - DEBUG - [SKIP] Cannot open trade: Circuit breaker: Rolling PnL of last 50 trades <= -$10 (current: $-11.59) (resumes in 1666s)
2025-12-24 12:18:40 - trades.XAGUSDm - DEBUG - [SKIP] Cannot open trade: Circuit breaker: Rolling PnL of last 50 trades <= -$10 (current: $-11.59) (resumes in 1481s)
2025-12-24 12:24:52 - trades.XAGUSDm - DEBUG - [SKIP] Cannot open trade: Circuit breaker: Rolling PnL of last 50 trades <= -$10 (current: $-11.59) (resumes in 1109s)
2025-12-24 12:34:28 - trades.XAGUSDm - DEBUG - [SKIP] Cannot open trade: Circuit breaker: Rolling PnL of last 50 trades <= -$10 (current: $-11.59) (resumes in 533s)
2025-12-24 12:37:41 - trades.XAGUSDm - DEBUG - [SKIP] Cannot open trade: Circuit breaker: Rolling PnL of last 50 trades <= -$10 (current: $-11.59) (resumes in 340s)
2025-12-24 12:40:51 - trades.XAGUSDm - DEBUG - [SKIP] Cannot open trade: Circuit breaker: Rolling PnL of last 50 trades <= -$10 (current: $-11.59) (resumes in 150s)
2025-12-24 12:44:06 - trades.XAGUSDm - DEBUG - [SKIP] Cannot open trade: Circuit breaker: Rolling PnL of last 50 trades <= -$10 (current: $-11.59) (resumes in 3584s)
2025-12-24 12:47:18 - trades.XAGUSDm - DEBUG - [SKIP] Cannot open trade: Circuit breaker: Rolling PnL of last 50 trades <= -$10 (current: $-11.59) (resumes in 3393s)
2025-12-24 12:50:26 - trades.XAGUSDm - DEBUG - [SKIP] Cannot open trade: Circuit breaker: Rolling PnL of last 50 trades <= -$10 (current: $-11.59) (resumes in 3204s)
2025-12-24 12:53:39 - trades.XAGUSDm - DEBUG - [SKIP] Cannot open trade: Circuit breaker: Rolling PnL of last 50 trades <= -$10 (current: $-11.59) (resumes in 3012s)
2025-12-24 12:56:59 - trades.XAGUSDm - DEBUG - [SKIP] Cannot open trade: Circuit breaker: Rolling PnL of last 50 trades <= -$10 (current: $-11.59) (resumes in 2811s)
2025-12-24 13:03:27 - trades.XAGUSDm - DEBUG - [SKIP] Cannot open trade: Circuit breaker: Rolling PnL of last 50 trades <= -$10 (current: $-11.59) (resumes in 2423s)
2025-12-24 13:06:35 - trades.XAGUSDm - DEBUG - [SKIP] Cannot open trade: Circuit breaker: Rolling PnL of last 50 trades <= -$10 (current: $-11.59) (resumes in 2235s)
2025-12-24 13:09:43 - trades.XAGUSDm - DEBUG - [SKIP] Cannot open trade: Circuit breaker: Rolling PnL of last 50 trades <= -$10 (current: $-11.59) (resumes in 2047s)
2025-12-24 13:13:02 - trades.XAGUSDm - DEBUG - [SKIP] Cannot open trade: Circuit breaker: Rolling PnL of last 50 trades <= -$10 (current: $-11.59) (resumes in 1849s)
2025-12-24 13:16:25 - trades.XAGUSDm - DEBUG - [SKIP] Cannot open trade: Circuit breaker: Rolling PnL of last 50 trades <= -$10 (current: $-11.59) (resumes in 1646s)
2025-12-24 13:19:35 - trades.XAGUSDm - DEBUG - [SKIP] Cannot open trade: Circuit breaker: Rolling PnL of last 50 trades <= -$10 (current: $-11.59) (resumes in 1455s)
2025-12-24 13:32:15 - trades.XAGUSDm - DEBUG - [SKIP] Cannot open trade: Circuit breaker: Rolling PnL of last 50 trades <= -$10 (current: $-11.59) (resumes in 695s)
2025-12-24 13:35:24 - trades.XAGUSDm - DEBUG - [SKIP] Cannot open trade: Circuit breaker: Rolling PnL of last 50 trades <= -$10 (current: $-11.59) (resumes in 506s)
2025-12-24 13:38:35 - trades.XAGUSDm - DEBUG - [SKIP] Cannot open trade: Circuit breaker: Rolling PnL of last 50 trades <= -$10 (current: $-11.59) (resumes in 315s)
2025-12-24 13:41:38 - trades.XAGUSDm - DEBUG - [SKIP] Cannot open trade: Circuit breaker: Rolling PnL of last 50 trades <= -$10 (current: $-11.59) (resumes in 132s)
2025-12-24 13:44:58 - trades.XAGUSDm - DEBUG - [SKIP] Cannot open trade: Circuit breaker: Rolling PnL of last 50 trades <= -$10 (current: $-11.59) (resumes in 3578s)
2025-12-24 13:55:11 - trades.XAGUSDm - DEBUG - [SKIP] Cannot open trade: Circuit breaker: Rolling PnL of last 50 trades <= -$10 (current: $-11.59) (resumes in 2965s)
2025-12-24 13:58:45 - trades.XAGUSDm - DEBUG - [SKIP] Cannot open trade: Circuit breaker: Rolling PnL of last 50 trades <= -$10 (current: $-11.59) (resumes in 2751s)
2025-12-24 14:02:17 - trades.XAGUSDm - DEBUG - [SKIP] Cannot open trade: Circuit breaker: Rolling PnL of last 50 trades <= -$10 (current: $-11.59) (resumes in 2540s)
2025-12-24 14:05:45 - trades.XAGUSDm - DEBUG - [SKIP] Cannot open trade: Circuit breaker: Rolling PnL of last 50 trades <= -$10 (current: $-11.59) (resumes in 2331s)
2025-12-24 14:09:18 - trades.XAGUSDm - DEBUG - [SKIP] Cannot open trade: Circuit breaker: Rolling PnL of last 50 trades <= -$10 (current: $-11.59) (resumes in 2118s)
2025-12-24 14:12:47 - trades.XAGUSDm - DEBUG - [SKIP] Cannot open trade: Circuit breaker: Rolling PnL of last 50 trades <= -$10 (current: $-11.59) (resumes in 1909s)
2025-12-24 14:16:13 - trades.XAGUSDm - DEBUG - [SKIP] Cannot open trade: Circuit breaker: Rolling PnL of last 50 trades <= -$10 (current: $-11.59) (resumes in 1703s)
2025-12-24 14:19:28 - trades.XAGUSDm - DEBUG - [SKIP] Cannot open trade: Circuit breaker: Rolling PnL of last 50 trades <= -$10 (current: $-11.59) (resumes in 1508s)
2025-12-24 14:22:43 - trades.XAGUSDm - DEBUG - [SKIP] Cannot open trade: Circuit breaker: Rolling PnL of last 50 trades <= -$10 (current: $-11.59) (resumes in 1314s)
2025-12-24 14:26:13 - trades.XAGUSDm - DEBUG - [SKIP] Cannot open trade: Circuit breaker: Rolling PnL of last 50 trades <= -$10 (current: $-11.59) (resumes in 1103s)
2025-12-24 14:29:50 - trades.XAGUSDm - DEBUG - [SKIP] Cannot open trade: Circuit breaker: Rolling PnL of last 50 trades <= -$10 (current: $-11.59) (resumes in 886s)
2025-12-24 14:33:50 - trades.XAGUSDm - DEBUG - [SKIP] Cannot open trade: Circuit breaker: Rolling PnL of last 50 trades <= -$10 (current: $-11.59) (resumes in 646s)
2025-12-24 14:37:56 - trades.XAGUSDm - DEBUG - [SKIP] Cannot open trade: Circuit breaker: Rolling PnL of last 50 trades <= -$10 (current: $-11.59) (resumes in 400s)
2025-12-24 14:43:16 - trades.XAGUSDm - DEBUG - [SKIP] Cannot open trade: Circuit breaker: Rolling PnL of last 50 trades <= -$10 (current: $-11.59) (resumes in 80s)
2025-12-24 15:09:40 - trades.XAGUSDm - DEBUG - [SKIP] Cannot open trade: Circuit breaker: Rolling PnL of last 50 trades <= -$10 (current: $-11.59) (resumes in 2105s)
2025-12-24 15:14:20 - trades.XAGUSDm - DEBUG - [SKIP] Cannot open trade: Circuit breaker: Rolling PnL of last 50 trades <= -$10 (current: $-11.59) (resumes in 1824s)
2025-12-24 15:19:13 - trades.XAGUSDm - DEBUG - [SKIP] Cannot open trade: Circuit breaker: Rolling PnL of last 50 trades <= -$10 (current: $-11.59) (resumes in 1532s)
