2025-12-23 12:13:47 - trades.XAUAUDm - DEBUG - [SKIP] Cannot open trade: Entry filter: Spread sanity: spread 302.2% of avg range > max 30.0%
2025-12-23 12:43:08 - trades.XAUAUDm - DEBUG - [SKIP] Cannot open trade: Entry filter: Spread sanity: spread 437.4% of avg range > max 30.0%
2025-12-23 12:46:28 - trades.XAUAUDm - DEBUG - [SKIP] Cannot open trade: Entry filter: Spread sanity: spread 465.5% of avg range > max 30.0%
2025-12-23 12:49:43 - trades.XAUAUDm - DEBUG - [SKIP] Cannot open trade: Entry filter: Spread sanity: spread 466.8% of avg range > max 30.0%
2025-12-23 12:53:11 - trades.XAUAUDm - DEBUG - [SKIP] Cannot open trade: Entry filter: Spread sanity: spread 434.2% of avg range > max 30.0%
2025-12-23 12:56:30 - trades.XAUAUDm - DEBUG - [SKIP] Cannot open trade: Entry filter: Spread sanity: spread 398.6% of avg range > max 30.0%
2025-12-23 12:59:49 - trades.XAUAUDm - DEBUG - [SKIP] Cannot open trade: Entry filter: Session guard: last 1 minutes of hour blocked
2025-12-23 13:03:10 - trades.XAUAUDm - DEBUG - [SKIP] Cannot open trade: Entry filter: Spread sanity: spread 305.5% of avg range > max 30.0%
2025-12-23 13:06:31 - trades.XAUAUDm - DEBUG - [SKIP] Cannot open trade: Entry filter: Spread sanity: spread 260.9% of avg range > max 30.0%
2025-12-23 13:27:03 - trades.XAUAUDm - DEBUG - [SKIP] Cannot open trade: Entry filter: Spread sanity: spread 163.0% of avg range > max 30.0%
2025-12-23 13:30:33 - trades.XAUAUDm - DEBUG - [SKIP] Cannot open trade: Entry filter: Spread sanity: spread 173.8% of avg range > max 30.0%
2025-12-23 13:33:59 - trades.XAUAUDm - DEBUG - [SKIP] Cannot open trade: Entry filter: Spread sanity: spread 147.6% of avg range > max 30.0%
2025-12-23 13:51:36 - trades.XAUAUDm - DEBUG - [SKIP] Cannot open trade: Entry filter: Spread sanity: spread 143.7% of avg range > max 30.0%
2025-12-23 13:55:41 - trades.XAUAUDm - DEBUG - [SKIP] Cannot open trade: Entry filter: Spread sanity: spread 122.4% of avg range > max 30.0%
2025-12-23 13:59:59 - trades.XAUAUDm - DEBUG - [SKIP] Cannot open trade: Entry filter: Session guard: last 1 minutes of hour blocked
2025-12-23 14:04:14 - trades.XAUAUDm - DEBUG - [SKIP] Cannot open trade: Entry filter: Spread sanity: spread 106.1% of avg range > max 30.0%
2025-12-23 14:08:37 - trades.XAUAUDm - DEBUG - [SKIP] Cannot open trade: Entry filter: Spread sanity: spread 82.6% of avg range > max 30.0%
2025-12-23 14:13:05 - trades.XAUAUDm - DEBUG - [SKIP] Cannot open trade: Entry filter: Spread sanity: spread 83.0% of avg range > max 30.0%
2025-12-23 14:17:50 - trades.XAUAUDm - DEBUG - [SKIP] Cannot open trade: Entry filter: Spread sanity: spread 92.0% of avg range > max 30.0%
2025-12-23 14:22:16 - trades.XAUAUDm - DEBUG - [SKIP] Cannot open trade: Entry filter: Spread sanity: spread 95.8% of avg range > max 30.0%
2025-12-23 14:34:25 - trades.XAUAUDm - DEBUG - [SKIP] Cannot open trade: Entry filter: Spread sanity: spread 106.1% of avg range > max 30.0%
2025-12-23 14:39:07 - trades.XAUAUDm - DEBUG - [SKIP] Cannot open trade: Entry filter: Spread sanity: spread 87.0% of avg range > max 30.0%
2025-12-23 14:44:17 - trades.XAUAUDm - DEBUG - [SKIP] Cannot open trade: Entry filter: Spread sanity: spread 81.5% of avg range > max 30.0%
2025-12-23 14:53:21 - trades.XAUAUDm - DEBUG - [SKIP] Cannot open trade: Circuit breaker: Consecutive losses >= 10 (11 losses) (resumes in 1799s)
2025-12-23 14:59:11 - trades.XAUAUDm - DEBUG - [SKIP] Cannot open trade: Circuit breaker: Consecutive losses >= 10 (11 losses) (resumes in 1449s)
2025-12-23 15:04:38 - trades.XAUAUDm - DEBUG - [SKIP] Cannot open trade: Circuit breaker: Consecutive losses >= 10 (11 losses) (resumes in 1123s)
2025-12-23 15:10:05 - trades.XAUAUDm - DEBUG - [SKIP] Cannot open trade: Circuit breaker: Consecutive losses >= 10 (11 losses) (resumes in 796s)
2025-12-23 15:15:55 - trades.XAUAUDm - DEBUG - [SKIP] Cannot open trade: Circuit breaker: Consecutive losses >= 10 (11 losses) (resumes in 445s)
2025-12-23 15:21:35 - trades.XAUAUDm - DEBUG - [SKIP] Cannot open trade: Circuit breaker: Consecutive losses >= 10 (11 losses) (resumes in 106s)
2025-12-23 15:27:07 - trades.XAUAUDm - DEBUG - [SKIP] Cannot open trade: Entry filter: Spread sanity: spread 106.0% of avg range > max 30.0%
2025-12-23 15:34:05 - trades.XAUAUDm - DEBUG - [SKIP] Cannot open trade: Circuit breaker: Rolling PnL of last 50 trades <= -$10 (current: $-17.00) (resumes in 3499s)
2025-12-23 15:40:33 - trades.XAUAUDm - DEBUG - [SKIP] Cannot open trade: Circuit breaker: Rolling PnL of last 50 trades <= -$10 (current: $-17.00) (resumes in 3112s)
2025-12-23 15:46:34 - trades.XAUAUDm - DEBUG - [SKIP] Cannot open trade: Circuit breaker: Rolling PnL of last 50 trades <= -$10 (current: $-17.00) (resumes in 2751s)
2025-12-23 15:52:59 - trades.XAUAUDm - DEBUG - [SKIP] Cannot open trade: Circuit breaker: Rolling PnL of last 50 trades <= -$10 (current: $-17.00) (resumes in 2366s)
2025-12-23 15:58:50 - trades.XAUAUDm - DEBUG - [SKIP] Cannot open trade: Circuit breaker: Rolling PnL of last 50 trades <= -$10 (current: $-17.00) (resumes in 2015s)
2025-12-23 16:04:49 - trades.XAUAUDm - DEBUG - [SKIP] Cannot open trade: Circuit breaker: Rolling PnL of last 50 trades <= -$10 (current: $-17.00) (resumes in 1656s)
2025-12-23 16:10:56 - trades.XAUAUDm - DEBUG - [SKIP] Cannot open trade: Circuit breaker: Rolling PnL of last 50 trades <= -$10 (current: $-17.00) (resumes in 1289s)
2025-12-23 16:16:07 - trades.XAUAUDm - DEBUG - [SKIP] Cannot open trade: Circuit breaker: Rolling PnL of last 50 trades <= -$10 (current: $-17.00) (resumes in 978s)
2025-12-23 16:21:20 - trades.XAUAUDm - DEBUG - [SKIP] Cannot open trade: Circuit breaker: Rolling PnL of last 50 trades <= -$10 (current: $-17.00) (resumes in 665s)
2025-12-23 16:26:18 - trades.XAUAUDm - DEBUG - [SKIP] Cannot open trade: Circuit breaker: Rolling PnL of last 50 trades <= -$10 (current: $-17.00) (resumes in 367s)
2025-12-23 16:36:37 - trades.XAUAUDm - DEBUG - [SKIP] Cannot open trade: Circuit breaker: Rolling PnL of last 50 trades <= -$10 (current: $-11.59) (resumes in 3350s)
2025-12-23 16:42:01 - trades.XAUAUDm - DEBUG - [SKIP] Cannot open trade: Circuit breaker: Rolling PnL of last 50 trades <= -$10 (current: $-11.59) (resumes in 3026s)
2025-12-23 16:46:52 - trades.XAUAUDm - DEBUG - [SKIP] Cannot open trade: Circuit breaker: Rolling PnL of last 50 trades <= -$10 (current: $-11.59) (resumes in 2734s)
2025-12-23 16:51:52 - trades.XAUAUDm - DEBUG - [SKIP] Cannot open trade: Circuit breaker: Rolling PnL of last 50 trades <= -$10 (current: $-11.59) (resumes in 2435s)
2025-12-23 16:56:55 - trades.XAUAUDm - DEBUG - [SKIP] Cannot open trade: Circuit breaker: Rolling PnL of last 50 trades <= -$10 (current: $-11.59) (resumes in 2132s)
2025-12-23 17:02:11 - trades.XAUAUDm - DEBUG - [SKIP] Cannot open trade: Circuit breaker: Rolling PnL of last 50 trades <= -$10 (current: $-11.59) (resumes in 1816s)
2025-12-23 17:12:00 - trades.XAUAUDm - DEBUG - [SKIP] Cannot open trade: Circuit breaker: Rolling PnL of last 50 trades <= -$10 (current: $-11.59) (resumes in 1226s)
2025-12-23 17:17:14 - trades.XAUAUDm - DEBUG - [SKIP] Cannot open trade: Circuit breaker: Rolling PnL of last 50 trades <= -$10 (current: $-11.59) (resumes in 913s)
2025-12-23 17:22:03 - trades.XAUAUDm - DEBUG - [SKIP] Cannot open trade: Circuit breaker: Rolling PnL of last 50 trades <= -$10 (current: $-11.59) (resumes in 624s)
2025-12-23 17:26:50 - trades.XAUAUDm - DEBUG - [SKIP] Cannot open trade: Circuit breaker: Rolling PnL of last 50 trades <= -$10 (current: $-11.59) (resumes in 337s)
2025-12-23 17:31:44 - trades.XAUAUDm - DEBUG - [SKIP] Cannot open trade: Circuit breaker: Rolling PnL of last 50 trades <= -$10 (current: $-11.59) (resumes in 43s)
2025-12-23 17:36:13 - trades.XAUAUDm - DEBUG - [SKIP] Cannot open trade: Circuit breaker: Rolling PnL of last 50 trades <= -$10 (current: $-11.59) (resumes in 3376s)
2025-12-23 17:40:43 - trades.XAUAUDm - DEBUG - [SKIP] Cannot open trade: Circuit breaker: Rolling PnL of last 50 trades <= -$10 (current: $-11.59) (resumes in 3105s)
2025-12-23 17:45:11 - trades.XAUAUDm - DEBUG - [SKIP] Cannot open trade: Circuit breaker: Rolling PnL of last 50 trades <= -$10 (current: $-11.59) (resumes in 2838s)
2025-12-23 17:49:29 - trades.XAUAUDm - DEBUG - [SKIP] Cannot open trade: Circuit breaker: Rolling PnL of last 50 trades <= -$10 (current: $-11.59) (resumes in 2580s)
2025-12-23 17:54:11 - trades.XAUAUDm - DEBUG - [SKIP] Cannot open trade: Circuit breaker: Rolling PnL of last 50 trades <= -$10 (current: $-11.59) (resumes in 2297s)
2025-12-23 17:58:49 - trades.XAUAUDm - DEBUG - [SKIP] Cannot open trade: Circuit breaker: Rolling PnL of last 50 trades <= -$10 (current: $-11.59) (resumes in 2020s)
2025-12-23 18:03:24 - trades.XAUAUDm - DEBUG - [SKIP] Cannot open trade: Circuit breaker: Rolling PnL of last 50 trades <= -$10 (current: $-11.59) (resumes in 1744s)
2025-12-23 18:07:50 - trades.XAUAUDm - DEBUG - [SKIP] Cannot open trade: Circuit breaker: Rolling PnL of last 50 trades <= -$10 (current: $-11.59) (resumes in 1478s)
2025-12-23 18:25:15 - trades.XAUAUDm - DEBUG - [SKIP] Cannot open trade: Circuit breaker: Rolling PnL of last 50 trades <= -$10 (current: $-11.59) (resumes in 434s)
2025-12-23 18:38:51 - trades.XAUAUDm - DEBUG - [SKIP] Cannot open trade: Circuit breaker: Rolling PnL of last 50 trades <= -$10 (current: $-11.59) (resumes in 3220s)
2025-12-23 18:43:12 - trades.XAUAUDm - DEBUG - [SKIP] Cannot open trade: Circuit breaker: Rolling PnL of last 50 trades <= -$10 (current: $-11.59) (resumes in 2958s)
2025-12-23 18:47:36 - trades.XAUAUDm - DEBUG - [SKIP] Cannot open trade: Circuit breaker: Rolling PnL of last 50 trades <= -$10 (current: $-11.59) (resumes in 2694s)
2025-12-23 18:51:47 - trades.XAUAUDm - DEBUG - [SKIP] Cannot open trade: Circuit breaker: Rolling PnL of last 50 trades <= -$10 (current: $-11.59) (resumes in 2443s)
2025-12-23 19:38:44 - trades.XAUAUDm - DEBUG - [SKIP] Cannot open trade: Circuit breaker: Rolling PnL of last 50 trades <= -$10 (current: $-11.59) (resumes in 3333s)
2025-12-23 19:43:09 - trades.XAUAUDm - DEBUG - [SKIP] Cannot open trade: Circuit breaker: Rolling PnL of last 50 trades <= -$10 (current: $-11.59) (resumes in 3068s)
2025-12-23 19:47:07 - trades.XAUAUDm - DEBUG - [SKIP] Cannot open trade: Circuit breaker: Rolling PnL of last 50 trades <= -$10 (current: $-11.59) (resumes in 2830s)
2025-12-23 19:55:20 - trades.XAUAUDm - DEBUG - [SKIP] Cannot open trade: Circuit breaker: Rolling PnL of last 50 trades <= -$10 (current: $-11.59) (resumes in 2337s)
2025-12-23 19:59:35 - trades.XAUAUDm - DEBUG - [SKIP] Cannot open trade: Circuit breaker: Rolling PnL of last 50 trades <= -$10 (current: $-11.59) (resumes in 2082s)
2025-12-23 20:03:51 - trades.XAUAUDm - DEBUG - [SKIP] Cannot open trade: Circuit breaker: Rolling PnL of last 50 trades <= -$10 (current: $-11.59) (resumes in 1826s)
2025-12-23 20:08:08 - trades.XAUAUDm - DEBUG - [SKIP] Cannot open trade: Circuit breaker: Rolling PnL of last 50 trades <= -$10 (current: $-11.59) (resumes in 1569s)
2025-12-23 20:12:22 - trades.XAUAUDm - DEBUG - [SKIP] Cannot open trade: Circuit breaker: Rolling PnL of last 50 trades <= -$10 (current: $-11.59) (resumes in 1315s)
2025-12-23 20:16:47 - trades.XAUAUDm - DEBUG - [SKIP] Cannot open trade: Circuit breaker: Rolling PnL of last 50 trades <= -$10 (current: $-11.59) (resumes in 1050s)
2025-12-23 20:21:08 - trades.XAUAUDm - DEBUG - [SKIP] Cannot open trade: Circuit breaker: Rolling PnL of last 50 trades <= -$10 (current: $-11.59) (resumes in 789s)
2025-12-23 20:38:07 - trades.XAUAUDm - DEBUG - [SKIP] Cannot open trade: Circuit breaker: Rolling PnL of last 50 trades <= -$10 (current: $-11.59) (resumes in 3373s)
2025-12-23 21:20:47 - trades.XAUAUDm - DEBUG - [SKIP] Cannot open trade: Circuit breaker: Rolling PnL of last 50 trades <= -$10 (current: $-11.59) (resumes in 813s)
2025-12-23 21:40:09 - trades.XAUAUDm - DEBUG - [SKIP] Cannot open trade: Circuit breaker: Rolling PnL of last 50 trades <= -$10 (current: $-11.59) (resumes in 3280s)
2025-12-23 21:42:54 - trades.XAUAUDm - DEBUG - [SKIP] Cannot open trade: Circuit breaker: Rolling PnL of last 50 trades <= -$10 (current: $-11.59) (resumes in 3115s)
2025-12-23 21:45:33 - trades.XAUAUDm - DEBUG - [SKIP] Cannot open trade: Circuit breaker: Rolling PnL of last 50 trades <= -$10 (current: $-11.59) (resumes in 2956s)
2025-12-23 23:25:05 - trades.XAUAUDm - DEBUG - [SKIP] Cannot open trade: Circuit breaker: Rolling PnL of last 50 trades <= -$10 (current: $-11.59) (resumes in 671s)
2025-12-23 23:28:23 - trades.XAUAUDm - DEBUG - [SKIP] Cannot open trade: Circuit breaker: Rolling PnL of last 50 trades <= -$10 (current: $-11.59) (resumes in 473s)
2025-12-23 23:31:35 - trades.XAUAUDm - DEBUG - [SKIP] Cannot open trade: Circuit breaker: Rolling PnL of last 50 trades <= -$10 (current: $-11.59) (resumes in 280s)
2025-12-23 23:34:41 - trades.XAUAUDm - DEBUG - [SKIP] Cannot open trade: Circuit breaker: Rolling PnL of last 50 trades <= -$10 (current: $-11.59) (resumes in 94s)
2025-12-23 23:40:57 - trades.XAUAUDm - DEBUG - [SKIP] Cannot open trade: Circuit breaker: Rolling PnL of last 50 trades <= -$10 (current: $-11.59) (resumes in 3411s)
2025-12-23 23:44:06 - trades.XAUAUDm - DEBUG - [SKIP] Cannot open trade: Circuit breaker: Rolling PnL of last 50 trades <= -$10 (current: $-11.59) (resumes in 3222s)
2025-12-23 23:47:16 - trades.XAUAUDm - DEBUG - [SKIP] Cannot open trade: Circuit breaker: Rolling PnL of last 50 trades <= -$10 (current: $-11.59) (resumes in 3031s)
2025-12-23 23:50:35 - trades.XAUAUDm - DEBUG - [SKIP] Cannot open trade: Circuit breaker: Rolling PnL of last 50 trades <= -$10 (current: $-11.59) (resumes in 2832s)
2025-12-23 23:53:39 - trades.XAUAUDm - DEBUG - [SKIP] Cannot open trade: Circuit breaker: Rolling PnL of last 50 trades <= -$10 (current: $-11.59) (resumes in 2649s)
2025-12-23 23:56:51 - trades.XAUAUDm - DEBUG - [SKIP] Cannot open trade: Circuit breaker: Rolling PnL of last 50 trades <= -$10 (current: $-11.59) (resumes in 2457s)
2025-12-23 23:59:57 - trades.XAUAUDm - DEBUG - [SKIP] Cannot open trade: Circuit breaker: Rolling PnL of last 50 trades <= -$10 (current: $-11.59) (resumes in 2270s)
2025-12-24 00:02:13 - trades.XAUAUDm - DEBUG - [SKIP] Cannot open trade: Circuit breaker: Rolling PnL of last 50 trades <= -$10 (current: $-11.59) (resumes in 2135s)
2025-12-24 00:13:04 - trades.XAUAUDm - DEBUG - [SKIP] Cannot open trade: Circuit breaker: Rolling PnL of last 50 trades <= -$10 (current: $-11.59) (resumes in 1484s)
2025-12-24 00:15:16 - trades.XAUAUDm - DEBUG - [SKIP] Cannot open trade: Circuit breaker: Rolling PnL of last 50 trades <= -$10 (current: $-11.59) (resumes in 1352s)
2025-12-24 00:17:30 - trades.XAUAUDm - DEBUG - [SKIP] Cannot open trade: Circuit breaker: Rolling PnL of last 50 trades <= -$10 (current: $-11.59) (resumes in 1218s)
2025-12-24 00:19:46 - trades.XAUAUDm - DEBUG - [SKIP] Cannot open trade: Circuit breaker: Rolling PnL of last 50 trades <= -$10 (current: $-11.59) (resumes in 1082s)
2025-12-24 00:22:04 - trades.XAUAUDm - DEBUG - [SKIP] Cannot open trade: Circuit breaker: Rolling PnL of last 50 trades <= -$10 (current: $-11.59) (resumes in 944s)
2025-12-24 00:24:16 - trades.XAUAUDm - DEBUG - [SKIP] Cannot open trade: Circuit breaker: Rolling PnL of last 50 trades <= -$10 (current: $-11.59) (resumes in 812s)
2025-12-24 00:26:29 - trades.XAUAUDm - DEBUG - [SKIP] Cannot open trade: Circuit breaker: Rolling PnL of last 50 trades <= -$10 (current: $-11.59) (resumes in 679s)
2025-12-24 00:28:37 - trades.XAUAUDm - DEBUG - [SKIP] Cannot open trade: Circuit breaker: Rolling PnL of last 50 trades <= -$10 (current: $-11.59) (resumes in 551s)
2025-12-24 00:30:48 - trades.XAUAUDm - DEBUG - [SKIP] Cannot open trade: Circuit breaker: Rolling PnL of last 50 trades <= -$10 (current: $-11.59) (resumes in 420s)
2025-12-24 00:32:56 - trades.XAUAUDm - DEBUG - [SKIP] Cannot open trade: Circuit breaker: Rolling PnL of last 50 trades <= -$10 (current: $-11.59) (resumes in 291s)
2025-12-24 00:35:03 - trades.XAUAUDm - DEBUG - [SKIP] Cannot open trade: Circuit breaker: Rolling PnL of last 50 trades <= -$10 (current: $-11.59) (resumes in 164s)
2025-12-24 00:37:10 - trades.XAUAUDm - DEBUG - [SKIP] Cannot open trade: Circuit breaker: Rolling PnL of last 50 trades <= -$10 (current: $-11.59) (resumes in 38s)
2025-12-24 00:45:26 - trades.XAUAUDm - DEBUG - [SKIP] Cannot open trade: Circuit breaker: Rolling PnL of last 50 trades <= -$10 (current: $-11.59) (resumes in 3231s)
2025-12-24 00:47:34 - trades.XAUAUDm - DEBUG - [SKIP] Cannot open trade: Circuit breaker: Rolling PnL of last 50 trades <= -$10 (current: $-11.59) (resumes in 3104s)
2025-12-24 00:49:40 - trades.XAUAUDm - DEBUG - [SKIP] Cannot open trade: Circuit breaker: Rolling PnL of last 50 trades <= -$10 (current: $-11.59) (resumes in 2978s)
2025-12-24 00:51:49 - trades.XAUAUDm - DEBUG - [SKIP] Cannot open trade: Circuit breaker: Rolling PnL of last 50 trades <= -$10 (current: $-11.59) (resumes in 2848s)
2025-12-24 00:53:59 - trades.XAUAUDm - DEBUG - [SKIP] Cannot open trade: Circuit breaker: Rolling PnL of last 50 trades <= -$10 (current: $-11.59) (resumes in 2718s)
2025-12-24 00:56:11 - trades.XAUAUDm - DEBUG - [SKIP] Cannot open trade: Circuit breaker: Rolling PnL of last 50 trades <= -$10 (current: $-11.59) (resumes in 2587s)
2025-12-24 00:58:19 - trades.XAUAUDm - DEBUG - [SKIP] Cannot open trade: Circuit breaker: Rolling PnL of last 50 trades <= -$10 (current: $-11.59) (resumes in 2458s)
2025-12-24 01:02:39 - trades.XAUAUDm - DEBUG - [SKIP] Cannot open trade: Circuit breaker: Rolling PnL of last 50 trades <= -$10 (current: $-11.59) (resumes in 2198s)
2025-12-24 01:11:25 - trades.XAUAUDm - DEBUG - [SKIP] Cannot open trade: Circuit breaker: Rolling PnL of last 50 trades <= -$10 (current: $-11.59) (resumes in 1672s)
2025-12-24 01:13:41 - trades.XAUAUDm - DEBUG - [SKIP] Cannot open trade: Circuit breaker: Rolling PnL of last 50 trades <= -$10 (current: $-11.59) (resumes in 1536s)
2025-12-24 01:15:59 - trades.XAUAUDm - DEBUG - [SKIP] Cannot open trade: Circuit breaker: Rolling PnL of last 50 trades <= -$10 (current: $-11.59) (resumes in 1398s)
2025-12-24 01:18:15 - trades.XAUAUDm - DEBUG - [SKIP] Cannot open trade: Circuit breaker: Rolling PnL of last 50 trades <= -$10 (current: $-11.59) (resumes in 1263s)
2025-12-24 01:20:32 - trades.XAUAUDm - DEBUG - [SKIP] Cannot open trade: Circuit breaker: Rolling PnL of last 50 trades <= -$10 (current: $-11.59) (resumes in 1125s)
2025-12-24 01:22:48 - trades.XAUAUDm - DEBUG - [SKIP] Cannot open trade: Circuit breaker: Rolling PnL of last 50 trades <= -$10 (current: $-11.59) (resumes in 989s)
2025-12-24 01:25:04 - trades.XAUAUDm - DEBUG - [SKIP] Cannot open trade: Circuit breaker: Rolling PnL of last 50 trades <= -$10 (current: $-11.59) (resumes in 854s)
2025-12-24 01:27:17 - trades.XAUAUDm - DEBUG - [SKIP] Cannot open trade: Circuit breaker: Rolling PnL of last 50 trades <= -$10 (current: $-11.59) (resumes in 721s)
2025-12-24 01:29:19 - trades.XAUAUDm - DEBUG - [SKIP] Cannot open trade: Circuit breaker: Rolling PnL of last 50 trades <= -$10 (current: $-11.59) (resumes in 598s)
2025-12-24 01:31:21 - trades.XAUAUDm - DEBUG - [SKIP] Cannot open trade: Circuit breaker: Rolling PnL of last 50 trades <= -$10 (current: $-11.59) (resumes in 476s)
2025-12-24 01:33:25 - trades.XAUAUDm - DEBUG - [SKIP] Cannot open trade: Circuit breaker: Rolling PnL of last 50 trades <= -$10 (current: $-11.59) (resumes in 352s)
2025-12-24 01:35:28 - trades.XAUAUDm - DEBUG - [SKIP] Cannot open trade: Circuit breaker: Rolling PnL of last 50 trades <= -$10 (current: $-11.59) (resumes in 229s)
2025-12-24 01:37:37 - trades.XAUAUDm - DEBUG - [SKIP] Cannot open trade: Circuit breaker: Rolling PnL of last 50 trades <= -$10 (current: $-11.59) (resumes in 101s)
2025-12-24 01:39:45 - trades.XAUAUDm - DEBUG - [SKIP] Cannot open trade: Circuit breaker: Rolling PnL of last 50 trades <= -$10 (current: $-11.59)
2025-12-24 01:41:58 - trades.XAUAUDm - DEBUG - [SKIP] Cannot open trade: Circuit breaker: Rolling PnL of last 50 trades <= -$10 (current: $-11.59) (resumes in 3468s)
2025-12-24 01:44:07 - trades.XAUAUDm - DEBUG - [SKIP] Cannot open trade: Circuit breaker: Rolling PnL of last 50 trades <= -$10 (current: $-11.59) (resumes in 3339s)
2025-12-24 01:46:13 - trades.XAUAUDm - DEBUG - [SKIP] Cannot open trade: Circuit breaker: Rolling PnL of last 50 trades <= -$10 (current: $-11.59) (resumes in 3212s)
2025-12-24 01:48:17 - trades.XAUAUDm - DEBUG - [SKIP] Cannot open trade: Circuit breaker: Rolling PnL of last 50 trades <= -$10 (current: $-11.59) (resumes in 3089s)
2025-12-24 01:50:22 - trades.XAUAUDm - DEBUG - [SKIP] Cannot open trade: Circuit breaker: Rolling PnL of last 50 trades <= -$10 (current: $-11.59) (resumes in 2964s)
2025-12-24 01:52:30 - trades.XAUAUDm - DEBUG - [SKIP] Cannot open trade: Circuit breaker: Rolling PnL of last 50 trades <= -$10 (current: $-11.59) (resumes in 2836s)
2025-12-24 01:54:41 - trades.XAUAUDm - DEBUG - [SKIP] Cannot open trade: Circuit breaker: Rolling PnL of last 50 trades <= -$10 (current: $-11.59) (resumes in 2705s)
2025-12-24 01:56:51 - trades.XAUAUDm - DEBUG - [SKIP] Cannot open trade: Circuit breaker: Rolling PnL of last 50 trades <= -$10 (current: $-11.59) (resumes in 2575s)
2025-12-24 01:59:02 - trades.XAUAUDm - DEBUG - [SKIP] Cannot open trade: Circuit breaker: Rolling PnL of last 50 trades <= -$10 (current: $-11.59) (resumes in 2444s)
2025-12-24 02:01:11 - trades.XAUAUDm - DEBUG - [SKIP] Cannot open trade: Circuit breaker: Rolling PnL of last 50 trades <= -$10 (current: $-11.59) (resumes in 2315s)
2025-12-24 02:22:35 - trades.XAUAUDm - DEBUG - [SKIP] Cannot open trade: Circuit breaker: Rolling PnL of last 50 trades <= -$10 (current: $-11.59) (resumes in 1031s)
2025-12-24 02:24:50 - trades.XAUAUDm - DEBUG - [SKIP] Cannot open trade: Circuit breaker: Rolling PnL of last 50 trades <= -$10 (current: $-11.59) (resumes in 896s)
2025-12-24 02:27:07 - trades.XAUAUDm - DEBUG - [SKIP] Cannot open trade: Circuit breaker: Rolling PnL of last 50 trades <= -$10 (current: $-11.59) (resumes in 758s)
2025-12-24 02:29:21 - trades.XAUAUDm - DEBUG - [SKIP] Cannot open trade: Circuit breaker: Rolling PnL of last 50 trades <= -$10 (current: $-11.59) (resumes in 624s)
2025-12-24 02:31:43 - trades.XAUAUDm - DEBUG - [SKIP] Cannot open trade: Circuit breaker: Rolling PnL of last 50 trades <= -$10 (current: $-11.59) (resumes in 483s)
2025-12-24 02:34:19 - trades.XAUAUDm - DEBUG - [SKIP] Cannot open trade: Circuit breaker: Rolling PnL of last 50 trades <= -$10 (current: $-11.59) (resumes in 326s)
2025-12-24 02:36:58 - trades.XAUAUDm - DEBUG - [SKIP] Cannot open trade: Circuit breaker: Rolling PnL of last 50 trades <= -$10 (current: $-11.59) (resumes in 168s)
2025-12-24 02:39:37 - trades.XAUAUDm - DEBUG - [SKIP] Cannot open trade: Circuit breaker: Rolling PnL of last 50 trades <= -$10 (current: $-11.59) (resumes in 9s)
2025-12-24 02:42:10 - trades.XAUAUDm - DEBUG - [SKIP] Cannot open trade: Circuit breaker: Rolling PnL of last 50 trades <= -$10 (current: $-11.59) (resumes in 3458s)
2025-12-24 02:55:46 - trades.XAUAUDm - DEBUG - [SKIP] Cannot open trade: Circuit breaker: Rolling PnL of last 50 trades <= -$10 (current: $-11.59) (resumes in 2642s)
2025-12-24 02:57:59 - trades.XAUAUDm - DEBUG - [SKIP] Cannot open trade: Circuit breaker: Rolling PnL of last 50 trades <= -$10 (current: $-11.59) (resumes in 2509s)
2025-12-24 03:00:16 - trades.XAUAUDm - DEBUG - [SKIP] Cannot open trade: Circuit breaker: Rolling PnL of last 50 trades <= -$10 (current: $-11.59) (resumes in 2372s)
2025-12-24 03:02:33 - trades.XAUAUDm - DEBUG - [SKIP] Cannot open trade: Circuit breaker: Rolling PnL of last 50 trades <= -$10 (current: $-11.59) (resumes in 2235s)
2025-12-24 03:04:52 - trades.XAUAUDm - DEBUG - [SKIP] Cannot open trade: Circuit breaker: Rolling PnL of last 50 trades <= -$10 (current: $-11.59) (resumes in 2096s)
2025-12-24 03:07:11 - trades.XAUAUDm - DEBUG - [SKIP] Cannot open trade: Circuit breaker: Rolling PnL of last 50 trades <= -$10 (current: $-11.59) (resumes in 1958s)
2025-12-24 03:09:25 - trades.XAUAUDm - DEBUG - [SKIP] Cannot open trade: Circuit breaker: Rolling PnL of last 50 trades <= -$10 (current: $-11.59) (resumes in 1824s)
2025-12-24 03:11:39 - trades.XAUAUDm - DEBUG - [SKIP] Cannot open trade: Circuit breaker: Rolling PnL of last 50 trades <= -$10 (current: $-11.59) (resumes in 1689s)
2025-12-24 03:13:51 - trades.XAUAUDm - DEBUG - [SKIP] Cannot open trade: Circuit breaker: Rolling PnL of last 50 trades <= -$10 (current: $-11.59) (resumes in 1557s)
2025-12-24 03:16:03 - trades.XAUAUDm - DEBUG - [SKIP] Cannot open trade: Circuit breaker: Rolling PnL of last 50 trades <= -$10 (current: $-11.59) (resumes in 1425s)
2025-12-24 03:18:14 - trades.XAUAUDm - DEBUG - [SKIP] Cannot open trade: Circuit breaker: Rolling PnL of last 50 trades <= -$10 (current: $-11.59) (resumes in 1294s)
2025-12-24 03:20:27 - trades.XAUAUDm - DEBUG - [SKIP] Cannot open trade: Circuit breaker: Rolling PnL of last 50 trades <= -$10 (current: $-11.59) (resumes in 1161s)
2025-12-24 03:22:37 - trades.XAUAUDm - DEBUG - [SKIP] Cannot open trade: Circuit breaker: Rolling PnL of last 50 trades <= -$10 (current: $-11.59) (resumes in 1031s)
2025-12-24 03:24:46 - trades.XAUAUDm - DEBUG - [SKIP] Cannot open trade: Circuit breaker: Rolling PnL of last 50 trades <= -$10 (current: $-11.59) (resumes in 902s)
2025-12-24 03:26:53 - trades.XAUAUDm - DEBUG - [SKIP] Cannot open trade: Circuit breaker: Rolling PnL of last 50 trades <= -$10 (current: $-11.59) (resumes in 775s)
2025-12-24 03:29:05 - trades.XAUAUDm - DEBUG - [SKIP] Cannot open trade: Circuit breaker: Rolling PnL of last 50 trades <= -$10 (current: $-11.59) (resumes in 643s)
2025-12-24 03:31:15 - trades.XAUAUDm - DEBUG - [SKIP] Cannot open trade: Circuit breaker: Rolling PnL of last 50 trades <= -$10 (current: $-11.59) (resumes in 513s)
2025-12-24 03:33:22 - trades.XAUAUDm - DEBUG - [SKIP] Cannot open trade: Circuit breaker: Rolling PnL of last 50 trades <= -$10 (current: $-11.59) (resumes in 386s)
2025-12-24 03:37:40 - trades.XAUAUDm - DEBUG - [SKIP] Cannot open trade: Circuit breaker: Rolling PnL of last 50 trades <= -$10 (current: $-11.59) (resumes in 128s)
2025-12-24 03:50:33 - trades.XAUAUDm - DEBUG - [SKIP] Cannot open trade: Circuit breaker: Rolling PnL of last 50 trades <= -$10 (current: $-11.59) (resumes in 2958s)
2025-12-24 03:52:38 - trades.XAUAUDm - DEBUG - [SKIP] Cannot open trade: Circuit breaker: Rolling PnL of last 50 trades <= -$10 (current: $-11.59) (resumes in 2833s)
2025-12-24 03:54:43 - trades.XAUAUDm - DEBUG - [SKIP] Cannot open trade: Circuit breaker: Rolling PnL of last 50 trades <= -$10 (current: $-11.59) (resumes in 2708s)
2025-12-24 03:56:51 - trades.XAUAUDm - DEBUG - [SKIP] Cannot open trade: Circuit breaker: Rolling PnL of last 50 trades <= -$10 (current: $-11.59) (resumes in 2580s)
2025-12-24 03:58:55 - trades.XAUAUDm - DEBUG - [SKIP] Cannot open trade: Circuit breaker: Rolling PnL of last 50 trades <= -$10 (current: $-11.59) (resumes in 2455s)
2025-12-24 04:01:02 - trades.XAUAUDm - DEBUG - [SKIP] Cannot open trade: Circuit breaker: Rolling PnL of last 50 trades <= -$10 (current: $-11.59) (resumes in 2329s)
2025-12-24 04:03:08 - trades.XAUAUDm - DEBUG - [SKIP] Cannot open trade: Circuit breaker: Rolling PnL of last 50 trades <= -$10 (current: $-11.59) (resumes in 2203s)
2025-12-24 04:05:17 - trades.XAUAUDm - DEBUG - [SKIP] Cannot open trade: Circuit breaker: Rolling PnL of last 50 trades <= -$10 (current: $-11.59) (resumes in 2074s)
2025-12-24 04:07:24 - trades.XAUAUDm - DEBUG - [SKIP] Cannot open trade: Circuit breaker: Rolling PnL of last 50 trades <= -$10 (current: $-11.59) (resumes in 1946s)
2025-12-24 04:09:33 - trades.XAUAUDm - DEBUG - [SKIP] Cannot open trade: Circuit breaker: Rolling PnL of last 50 trades <= -$10 (current: $-11.59) (resumes in 1817s)
2025-12-24 04:11:45 - trades.XAUAUDm - DEBUG - [SKIP] Cannot open trade: Circuit breaker: Rolling PnL of last 50 trades <= -$10 (current: $-11.59) (resumes in 1686s)
2025-12-24 04:13:57 - trades.XAUAUDm - DEBUG - [SKIP] Cannot open trade: Circuit breaker: Rolling PnL of last 50 trades <= -$10 (current: $-11.59) (resumes in 1554s)
2025-12-24 04:16:08 - trades.XAUAUDm - DEBUG - [SKIP] Cannot open trade: Circuit breaker: Rolling PnL of last 50 trades <= -$10 (current: $-11.59) (resumes in 1423s)
2025-12-24 04:18:20 - trades.XAUAUDm - DEBUG - [SKIP] Cannot open trade: Circuit breaker: Rolling PnL of last 50 trades <= -$10 (current: $-11.59) (resumes in 1290s)
2025-12-24 04:20:34 - trades.XAUAUDm - DEBUG - [SKIP] Cannot open trade: Circuit breaker: Rolling PnL of last 50 trades <= -$10 (current: $-11.59) (resumes in 1157s)
2025-12-24 04:22:47 - trades.XAUAUDm - DEBUG - [SKIP] Cannot open trade: Circuit breaker: Rolling PnL of last 50 trades <= -$10 (current: $-11.59) (resumes in 1023s)
2025-12-24 04:25:00 - trades.XAUAUDm - DEBUG - [SKIP] Cannot open trade: Circuit breaker: Rolling PnL of last 50 trades <= -$10 (current: $-11.59) (resumes in 890s)
2025-12-24 04:27:14 - trades.XAUAUDm - DEBUG - [SKIP] Cannot open trade: Circuit breaker: Rolling PnL of last 50 trades <= -$10 (current: $-11.59) (resumes in 757s)
2025-12-24 04:31:28 - trades.XAUAUDm - DEBUG - [SKIP] Cannot open trade: Circuit breaker: Rolling PnL of last 50 trades <= -$10 (current: $-11.59) (resumes in 503s)
2025-12-24 04:33:35 - trades.XAUAUDm - DEBUG - [SKIP] Cannot open trade: Circuit breaker: Rolling PnL of last 50 trades <= -$10 (current: $-11.59) (resumes in 376s)
2025-12-24 04:35:40 - trades.XAUAUDm - DEBUG - [SKIP] Cannot open trade: Circuit breaker: Rolling PnL of last 50 trades <= -$10 (current: $-11.59) (resumes in 251s)
2025-12-24 04:37:54 - trades.XAUAUDm - DEBUG - [SKIP] Cannot open trade: Circuit breaker: Rolling PnL of last 50 trades <= -$10 (current: $-11.59) (resumes in 117s)
2025-12-24 04:40:08 - trades.XAUAUDm - DEBUG - [SKIP] Cannot open trade: Circuit breaker: Rolling PnL of last 50 trades <= -$10 (current: $-11.59)
2025-12-24 04:42:17 - trades.XAUAUDm - DEBUG - [SKIP] Cannot open trade: Circuit breaker: Rolling PnL of last 50 trades <= -$10 (current: $-11.59) (resumes in 3471s)
2025-12-24 04:44:22 - trades.XAUAUDm - DEBUG - [SKIP] Cannot open trade: Circuit breaker: Rolling PnL of last 50 trades <= -$10 (current: $-11.59) (resumes in 3346s)
2025-12-24 04:46:30 - trades.XAUAUDm - DEBUG - [SKIP] Cannot open trade: Circuit breaker: Rolling PnL of last 50 trades <= -$10 (current: $-11.59) (resumes in 3218s)
2025-12-24 04:48:36 - trades.XAUAUDm - DEBUG - [SKIP] Cannot open trade: Circuit breaker: Rolling PnL of last 50 trades <= -$10 (current: $-11.59) (resumes in 3093s)
2025-12-24 04:50:43 - trades.XAUAUDm - DEBUG - [SKIP] Cannot open trade: Circuit breaker: Rolling PnL of last 50 trades <= -$10 (current: $-11.59) (resumes in 2965s)
2025-12-24 04:52:48 - trades.XAUAUDm - DEBUG - [SKIP] Cannot open trade: Circuit breaker: Rolling PnL of last 50 trades <= -$10 (current: $-11.59) (resumes in 2841s)
2025-12-24 04:54:57 - trades.XAUAUDm - DEBUG - [SKIP] Cannot open trade: Circuit breaker: Rolling PnL of last 50 trades <= -$10 (current: $-11.59) (resumes in 2712s)
2025-12-24 04:57:03 - trades.XAUAUDm - DEBUG - [SKIP] Cannot open trade: Circuit breaker: Rolling PnL of last 50 trades <= -$10 (current: $-11.59) (resumes in 2585s)
2025-12-24 04:59:11 - trades.XAUAUDm - DEBUG - [SKIP] Cannot open trade: Circuit breaker: Rolling PnL of last 50 trades <= -$10 (current: $-11.59) (resumes in 2458s)
2025-12-24 05:01:20 - trades.XAUAUDm - DEBUG - [SKIP] Cannot open trade: Circuit breaker: Rolling PnL of last 50 trades <= -$10 (current: $-11.59) (resumes in 2328s)
2025-12-24 05:24:23 - trades.XAUAUDm - DEBUG - [SKIP] Cannot open trade: Circuit breaker: Rolling PnL of last 50 trades <= -$10 (current: $-11.59) (resumes in 945s)
2025-12-24 05:26:26 - trades.XAUAUDm - DEBUG - [SKIP] Cannot open trade: Circuit breaker: Rolling PnL of last 50 trades <= -$10 (current: $-11.59) (resumes in 822s)
2025-12-24 05:28:28 - trades.XAUAUDm - DEBUG - [SKIP] Cannot open trade: Circuit breaker: Rolling PnL of last 50 trades <= -$10 (current: $-11.59) (resumes in 701s)
2025-12-24 05:30:29 - trades.XAUAUDm - DEBUG - [SKIP] Cannot open trade: Circuit breaker: Rolling PnL of last 50 trades <= -$10 (current: $-11.59) (resumes in 579s)
2025-12-24 05:32:31 - trades.XAUAUDm - DEBUG - [SKIP] Cannot open trade: Circuit breaker: Rolling PnL of last 50 trades <= -$10 (current: $-11.59) (resumes in 457s)
2025-12-24 05:34:35 - trades.XAUAUDm - DEBUG - [SKIP] Cannot open trade: Circuit breaker: Rolling PnL of last 50 trades <= -$10 (current: $-11.59) (resumes in 334s)
2025-12-24 05:36:40 - trades.XAUAUDm - DEBUG - [SKIP] Cannot open trade: Circuit breaker: Rolling PnL of last 50 trades <= -$10 (current: $-11.59) (resumes in 208s)
2025-12-24 05:38:43 - trades.XAUAUDm - DEBUG - [SKIP] Cannot open trade: Circuit breaker: Rolling PnL of last 50 trades <= -$10 (current: $-11.59) (resumes in 85s)
2025-12-24 05:40:47 - trades.XAUAUDm - DEBUG - [SKIP] Cannot open trade: Circuit breaker: Rolling PnL of last 50 trades <= -$10 (current: $-11.59)
2025-12-24 05:42:52 - trades.XAUAUDm - DEBUG - [SKIP] Cannot open trade: Circuit breaker: Rolling PnL of last 50 trades <= -$10 (current: $-11.59) (resumes in 3475s)
2025-12-24 05:45:01 - trades.XAUAUDm - DEBUG - [SKIP] Cannot open trade: Circuit breaker: Rolling PnL of last 50 trades <= -$10 (current: $-11.59) (resumes in 3346s)
2025-12-24 05:47:07 - trades.XAUAUDm - DEBUG - [SKIP] Cannot open trade: Circuit breaker: Rolling PnL of last 50 trades <= -$10 (current: $-11.59) (resumes in 3220s)
2025-12-24 05:51:21 - trades.XAUAUDm - DEBUG - [SKIP] Cannot open trade: Circuit breaker: Rolling PnL of last 50 trades <= -$10 (current: $-11.59) (resumes in 2966s)
2025-12-24 05:54:26 - trades.XAUAUDm - DEBUG - [SKIP] Cannot open trade: Circuit breaker: Rolling PnL of last 50 trades <= -$10 (current: $-11.59) (resumes in 2782s)
2025-12-24 06:00:42 - trades.XAUAUDm - DEBUG - [SKIP] Cannot open trade: Circuit breaker: Rolling PnL of last 50 trades <= -$10 (current: $-11.59) (resumes in 2406s)
2025-12-24 06:03:48 - trades.XAUAUDm - DEBUG - [SKIP] Cannot open trade: Circuit breaker: Rolling PnL of last 50 trades <= -$10 (current: $-11.59) (resumes in 2219s)
2025-12-24 06:06:51 - trades.XAUAUDm - DEBUG - [SKIP] Cannot open trade: Circuit breaker: Rolling PnL of last 50 trades <= -$10 (current: $-11.59) (resumes in 2037s)
2025-12-24 06:09:52 - trades.XAUAUDm - DEBUG - [SKIP] Cannot open trade: Circuit breaker: Rolling PnL of last 50 trades <= -$10 (current: $-11.59) (resumes in 1855s)
2025-12-24 06:13:01 - trades.XAUAUDm - DEBUG - [SKIP] Cannot open trade: Circuit breaker: Rolling PnL of last 50 trades <= -$10 (current: $-11.59) (resumes in 1666s)
2025-12-24 06:16:07 - trades.XAUAUDm - DEBUG - [SKIP] Cannot open trade: Circuit breaker: Rolling PnL of last 50 trades <= -$10 (current: $-11.59) (resumes in 1480s)
2025-12-24 06:19:05 - trades.XAUAUDm - DEBUG - [SKIP] Cannot open trade: Circuit breaker: Rolling PnL of last 50 trades <= -$10 (current: $-11.59) (resumes in 1302s)
2025-12-24 06:21:59 - trades.XAUAUDm - DEBUG - [SKIP] Cannot open trade: Circuit breaker: Rolling PnL of last 50 trades <= -$10 (current: $-11.59) (resumes in 1128s)
2025-12-24 06:24:55 - trades.XAUAUDm - DEBUG - [SKIP] Cannot open trade: Circuit breaker: Rolling PnL of last 50 trades <= -$10 (current: $-11.59) (resumes in 952s)
2025-12-24 06:27:46 - trades.XAUAUDm - DEBUG - [SKIP] Cannot open trade: Circuit breaker: Rolling PnL of last 50 trades <= -$10 (current: $-11.59) (resumes in 781s)
2025-12-24 06:30:44 - trades.XAUAUDm - DEBUG - [SKIP] Cannot open trade: Circuit breaker: Rolling PnL of last 50 trades <= -$10 (current: $-11.59) (resumes in 603s)
2025-12-24 06:33:42 - trades.XAUAUDm - DEBUG - [SKIP] Cannot open trade: Circuit breaker: Rolling PnL of last 50 trades <= -$10 (current: $-11.59) (resumes in 425s)
2025-12-24 06:39:44 - trades.XAUAUDm - DEBUG - [SKIP] Cannot open trade: Circuit breaker: Rolling PnL of last 50 trades <= -$10 (current: $-11.59) (resumes in 64s)
2025-12-24 06:42:44 - trades.XAUAUDm - DEBUG - [SKIP] Cannot open trade: Circuit breaker: Rolling PnL of last 50 trades <= -$10 (current: $-11.59) (resumes in 3489s)
2025-12-24 06:45:44 - trades.XAUAUDm - DEBUG - [SKIP] Cannot open trade: Circuit breaker: Rolling PnL of last 50 trades <= -$10 (current: $-11.59) (resumes in 3310s)
2025-12-24 06:48:48 - trades.XAUAUDm - DEBUG - [SKIP] Cannot open trade: Circuit breaker: Rolling PnL of last 50 trades <= -$10 (current: $-11.59) (resumes in 3125s)
2025-12-24 06:57:25 - trades.XAUAUDm - DEBUG - [SKIP] Cannot open trade: Circuit breaker: Rolling PnL of last 50 trades <= -$10 (current: $-11.59) (resumes in 2608s)
2025-12-24 07:00:28 - trades.XAUAUDm - DEBUG - [SKIP] Cannot open trade: Circuit breaker: Rolling PnL of last 50 trades <= -$10 (current: $-11.59) (resumes in 2425s)
2025-12-24 07:03:32 - trades.XAUAUDm - DEBUG - [SKIP] Cannot open trade: Circuit breaker: Rolling PnL of last 50 trades <= -$10 (current: $-11.59) (resumes in 2241s)
2025-12-24 07:06:37 - trades.XAUAUDm - DEBUG - [SKIP] Cannot open trade: Circuit breaker: Rolling PnL of last 50 trades <= -$10 (current: $-11.59) (resumes in 2056s)
2025-12-24 07:09:36 - trades.XAUAUDm - DEBUG - [SKIP] Cannot open trade: Circuit breaker: Rolling PnL of last 50 trades <= -$10 (current: $-11.59) (resumes in 1877s)
2025-12-24 07:12:38 - trades.XAUAUDm - DEBUG - [SKIP] Cannot open trade: Circuit breaker: Rolling PnL of last 50 trades <= -$10 (current: $-11.59) (resumes in 1695s)
2025-12-24 07:15:38 - trades.XAUAUDm - DEBUG - [SKIP] Cannot open trade: Circuit breaker: Rolling PnL of last 50 trades <= -$10 (current: $-11.59) (resumes in 1515s)
2025-12-24 07:18:45 - trades.XAUAUDm - DEBUG - [SKIP] Cannot open trade: Circuit breaker: Rolling PnL of last 50 trades <= -$10 (current: $-11.59) (resumes in 1328s)
2025-12-24 07:21:57 - trades.XAUAUDm - DEBUG - [SKIP] Cannot open trade: Circuit breaker: Rolling PnL of last 50 trades <= -$10 (current: $-11.59) (resumes in 1136s)
2025-12-24 07:25:02 - trades.XAUAUDm - DEBUG - [SKIP] Cannot open trade: Circuit breaker: Rolling PnL of last 50 trades <= -$10 (current: $-11.59) (resumes in 951s)
2025-12-24 07:39:50 - trades.XAUAUDm - DEBUG - [SKIP] Cannot open trade: Circuit breaker: Rolling PnL of last 50 trades <= -$10 (current: $-11.59) (resumes in 63s)
2025-12-24 07:42:48 - trades.XAUAUDm - DEBUG - [SKIP] Cannot open trade: Circuit breaker: Rolling PnL of last 50 trades <= -$10 (current: $-11.59) (resumes in 3493s)
2025-12-24 07:45:48 - trades.XAUAUDm - DEBUG - [SKIP] Cannot open trade: Circuit breaker: Rolling PnL of last 50 trades <= -$10 (current: $-11.59) (resumes in 3313s)
2025-12-24 07:48:51 - trades.XAUAUDm - DEBUG - [SKIP] Cannot open trade: Circuit breaker: Rolling PnL of last 50 trades <= -$10 (current: $-11.59) (resumes in 3129s)
2025-12-24 07:51:51 - trades.XAUAUDm - DEBUG - [SKIP] Cannot open trade: Circuit breaker: Rolling PnL of last 50 trades <= -$10 (current: $-11.59) (resumes in 2950s)
2025-12-24 07:54:52 - trades.XAUAUDm - DEBUG - [SKIP] Cannot open trade: Circuit breaker: Rolling PnL of last 50 trades <= -$10 (current: $-11.59) (resumes in 2769s)
2025-12-24 07:57:55 - trades.XAUAUDm - DEBUG - [SKIP] Cannot open trade: Circuit breaker: Rolling PnL of last 50 trades <= -$10 (current: $-11.59) (resumes in 2586s)
2025-12-24 08:35:27 - trades.XAUAUDm - DEBUG - [SKIP] Cannot open trade: Circuit breaker: Rolling PnL of last 50 trades <= -$10 (current: $-11.59) (resumes in 334s)
2025-12-24 08:38:37 - trades.XAUAUDm - DEBUG - [SKIP] Cannot open trade: Circuit breaker: Rolling PnL of last 50 trades <= -$10 (current: $-11.59) (resumes in 143s)
2025-12-24 08:41:58 - trades.XAUAUDm - DEBUG - [SKIP] Cannot open trade: Circuit breaker: Rolling PnL of last 50 trades <= -$10 (current: $-11.59)
2025-12-24 08:45:16 - trades.XAUAUDm - DEBUG - [SKIP] Cannot open trade: Circuit breaker: Rolling PnL of last 50 trades <= -$10 (current: $-11.59) (resumes in 3402s)
2025-12-24 08:48:26 - trades.XAUAUDm - DEBUG - [SKIP] Cannot open trade: Circuit breaker: Rolling PnL of last 50 trades <= -$10 (current: $-11.59) (resumes in 3212s)
2025-12-24 08:51:46 - trades.XAUAUDm - DEBUG - [SKIP] Cannot open trade: Circuit breaker: Rolling PnL of last 50 trades <= -$10 (current: $-11.59) (resumes in 3012s)
2025-12-24 08:54:59 - trades.XAUAUDm - DEBUG - [SKIP] Cannot open trade: Circuit breaker: Rolling PnL of last 50 trades <= -$10 (current: $-11.59) (resumes in 2819s)
2025-12-24 08:58:08 - trades.XAUAUDm - DEBUG - [SKIP] Cannot open trade: Circuit breaker: Rolling PnL of last 50 trades <= -$10 (current: $-11.59) (resumes in 2630s)
2025-12-24 09:01:15 - trades.XAUAUDm - DEBUG - [SKIP] Cannot open trade: Circuit breaker: Rolling PnL of last 50 trades <= -$10 (current: $-11.59) (resumes in 2442s)
2025-12-24 09:04:17 - trades.XAUAUDm - DEBUG - [SKIP] Cannot open trade: Circuit breaker: Rolling PnL of last 50 trades <= -$10 (current: $-11.59) (resumes in 2260s)
2025-12-24 09:07:25 - trades.XAUAUDm - DEBUG - [SKIP] Cannot open trade: Circuit breaker: Rolling PnL of last 50 trades <= -$10 (current: $-11.59) (resumes in 2073s)
2025-12-24 09:20:18 - trades.XAUAUDm - DEBUG - [SKIP] Cannot open trade: Circuit breaker: Rolling PnL of last 50 trades <= -$10 (current: $-11.59) (resumes in 1300s)
2025-12-24 09:23:43 - trades.XAUAUDm - DEBUG - [SKIP] Cannot open trade: Circuit breaker: Rolling PnL of last 50 trades <= -$10 (current: $-11.59) (resumes in 1095s)
2025-12-24 09:27:01 - trades.XAUAUDm - DEBUG - [SKIP] Cannot open trade: Circuit breaker: Rolling PnL of last 50 trades <= -$10 (current: $-11.59) (resumes in 897s)
2025-12-24 09:30:11 - trades.XAUAUDm - DEBUG - [SKIP] Cannot open trade: Circuit breaker: Rolling PnL of last 50 trades <= -$10 (current: $-11.59) (resumes in 706s)
2025-12-24 09:33:25 - trades.XAUAUDm - DEBUG - [SKIP] Cannot open trade: Circuit breaker: Rolling PnL of last 50 trades <= -$10 (current: $-11.59) (resumes in 512s)
2025-12-24 09:36:41 - trades.XAUAUDm - DEBUG - [SKIP] Cannot open trade: Circuit breaker: Rolling PnL of last 50 trades <= -$10 (current: $-11.59) (resumes in 317s)
2025-12-24 09:39:53 - trades.XAUAUDm - DEBUG - [SKIP] Cannot open trade: Circuit breaker: Rolling PnL of last 50 trades <= -$10 (current: $-11.59) (resumes in 125s)
2025-12-24 09:43:13 - trades.XAUAUDm - DEBUG - [SKIP] Cannot open trade: Circuit breaker: Rolling PnL of last 50 trades <= -$10 (current: $-11.59)
2025-12-24 10:00:03 - trades.XAUAUDm - DEBUG - [SKIP] Cannot open trade: Circuit breaker: Rolling PnL of last 50 trades <= -$10 (current: $-11.59) (resumes in 2589s)
2025-12-24 10:03:32 - trades.XAUAUDm - DEBUG - [SKIP] Cannot open trade: Circuit breaker: Rolling PnL of last 50 trades <= -$10 (current: $-11.59) (resumes in 2381s)
2025-12-24 10:07:00 - trades.XAUAUDm - DEBUG - [SKIP] Cannot open trade: Circuit breaker: Rolling PnL of last 50 trades <= -$10 (current: $-11.59) (resumes in 2173s)
2025-12-24 10:10:27 - trades.XAUAUDm - DEBUG - [SKIP] Cannot open trade: Circuit breaker: Rolling PnL of last 50 trades <= -$10 (current: $-11.59) (resumes in 1965s)
2025-12-24 10:13:59 - trades.XAUAUDm - DEBUG - [SKIP] Cannot open trade: Circuit breaker: Rolling PnL of last 50 trades <= -$10 (current: $-11.59) (resumes in 1753s)
2025-12-24 10:17:27 - trades.XAUAUDm - DEBUG - [SKIP] Cannot open trade: Circuit breaker: Rolling PnL of last 50 trades <= -$10 (current: $-11.59) (resumes in 1546s)
2025-12-24 10:23:53 - trades.XAUAUDm - DEBUG - [SKIP] Cannot open trade: Circuit breaker: Rolling PnL of last 50 trades <= -$10 (current: $-11.59) (resumes in 1160s)
2025-12-24 10:27:08 - trades.XAUAUDm - DEBUG - [SKIP] Cannot open trade: Circuit breaker: Rolling PnL of last 50 trades <= -$10 (current: $-11.59) (resumes in 964s)
2025-12-24 10:30:19 - trades.XAUAUDm - DEBUG - [SKIP] Cannot open trade: Circuit breaker: Rolling PnL of last 50 trades <= -$10 (current: $-11.59) (resumes in 774s)
2025-12-24 10:33:35 - trades.XAUAUDm - DEBUG - [SKIP] Cannot open trade: Circuit breaker: Rolling PnL of last 50 trades <= -$10 (current: $-11.59) (resumes in 577s)
2025-12-24 10:36:46 - trades.XAUAUDm - DEBUG - [SKIP] Cannot open trade: Circuit breaker: Rolling PnL of last 50 trades <= -$10 (current: $-11.59) (resumes in 386s)
2025-12-24 10:40:02 - trades.XAUAUDm - DEBUG - [SKIP] Cannot open trade: Circuit breaker: Rolling PnL of last 50 trades <= -$10 (current: $-11.59) (resumes in 190s)
2025-12-24 10:46:25 - trades.XAUAUDm - DEBUG - [SKIP] Cannot open trade: Circuit breaker: Rolling PnL of last 50 trades <= -$10 (current: $-11.59) (resumes in 3412s)
2025-12-24 10:49:35 - trades.XAUAUDm - DEBUG - [SKIP] Cannot open trade: Circuit breaker: Rolling PnL of last 50 trades <= -$10 (current: $-11.59) (resumes in 3222s)
2025-12-24 10:52:37 - trades.XAUAUDm - DEBUG - [SKIP] Cannot open trade: Circuit breaker: Rolling PnL of last 50 trades <= -$10 (current: $-11.59) (resumes in 3039s)
2025-12-24 10:55:57 - trades.XAUAUDm - DEBUG - [SKIP] Cannot open trade: Circuit breaker: Rolling PnL of last 50 trades <= -$10 (current: $-11.59) (resumes in 2840s)
2025-12-24 10:59:31 - trades.XAUAUDm - DEBUG - [SKIP] Cannot open trade: Circuit breaker: Rolling PnL of last 50 trades <= -$10 (current: $-11.59) (resumes in 2626s)
2025-12-24 11:03:17 - trades.XAUAUDm - DEBUG - [SKIP] Cannot open trade: Circuit breaker: Rolling PnL of last 50 trades <= -$10 (current: $-11.59) (resumes in 2400s)
2025-12-24 11:11:03 - trades.XAUAUDm - DEBUG - [SKIP] Cannot open trade: Circuit breaker: Rolling PnL of last 50 trades <= -$10 (current: $-11.59) (resumes in 1934s)
2025-12-24 11:15:06 - trades.XAUAUDm - DEBUG - [SKIP] Cannot open trade: Circuit breaker: Rolling PnL of last 50 trades <= -$10 (current: $-11.59) (resumes in 1691s)
2025-12-24 11:26:01 - trades.XAUAUDm - DEBUG - [SKIP] Cannot open trade: Circuit breaker: Rolling PnL of last 50 trades <= -$10 (current: $-11.59) (resumes in 1036s)
2025-12-24 11:29:22 - trades.XAUAUDm - DEBUG - [SKIP] Cannot open trade: Circuit breaker: Rolling PnL of last 50 trades <= -$10 (current: $-11.59) (resumes in 835s)
2025-12-24 11:36:07 - trades.XAUAUDm - DEBUG - [SKIP] Cannot open trade: Circuit breaker: Rolling PnL of last 50 trades <= -$10 (current: $-11.59) (resumes in 430s)
2025-12-24 11:39:31 - trades.XAUAUDm - DEBUG - [SKIP] Cannot open trade: Circuit breaker: Rolling PnL of last 50 trades <= -$10 (current: $-11.59) (resumes in 226s)
2025-12-24 11:42:53 - trades.XAUAUDm - DEBUG - [SKIP] Cannot open trade: Circuit breaker: Rolling PnL of last 50 trades <= -$10 (current: $-11.59) (resumes in 24s)
2025-12-24 11:46:11 - trades.XAUAUDm - DEBUG - [SKIP] Cannot open trade: Circuit breaker: Rolling PnL of last 50 trades <= -$10 (current: $-11.59) (resumes in 3430s)
2025-12-24 11:49:26 - trades.XAUAUDm - DEBUG - [SKIP] Cannot open trade: Circuit breaker: Rolling PnL of last 50 trades <= -$10 (current: $-11.59) (resumes in 3235s)
2025-12-24 11:52:50 - trades.XAUAUDm - DEBUG - [SKIP] Cannot open trade: Circuit breaker: Rolling PnL of last 50 trades <= -$10 (current: $-11.59) (resumes in 3031s)
2025-12-24 11:56:11 - trades.XAUAUDm - DEBUG - [SKIP] Cannot open trade: Circuit breaker: Rolling PnL of last 50 trades <= -$10 (current: $-11.59) (resumes in 2830s)
2025-12-24 11:59:35 - trades.XAUAUDm - DEBUG - [SKIP] Cannot open trade: Circuit breaker: Rolling PnL of last 50 trades <= -$10 (current: $-11.59) (resumes in 2626s)
2025-12-24 12:12:01 - trades.XAUAUDm - DEBUG - [SKIP] Cannot open trade: Circuit breaker: Rolling PnL of last 50 trades <= -$10 (current: $-11.59) (resumes in 1880s)
2025-12-24 12:53:11 - trades.XAUAUDm - DEBUG - [SKIP] Cannot open trade: Circuit breaker: Rolling PnL of last 50 trades <= -$10 (current: $-11.59) (resumes in 3039s)
2025-12-24 12:56:32 - trades.XAUAUDm - DEBUG - [SKIP] Cannot open trade: Circuit breaker: Rolling PnL of last 50 trades <= -$10 (current: $-11.59) (resumes in 2838s)
2025-12-24 12:59:48 - trades.XAUAUDm - DEBUG - [SKIP] Cannot open trade: Circuit breaker: Rolling PnL of last 50 trades <= -$10 (current: $-11.59) (resumes in 2643s)
2025-12-24 13:03:06 - trades.XAUAUDm - DEBUG - [SKIP] Cannot open trade: Circuit breaker: Rolling PnL of last 50 trades <= -$10 (current: $-11.59) (resumes in 2444s)
2025-12-24 13:06:12 - trades.XAUAUDm - DEBUG - [SKIP] Cannot open trade: Circuit breaker: Rolling PnL of last 50 trades <= -$10 (current: $-11.59) (resumes in 2259s)
2025-12-24 13:09:24 - trades.XAUAUDm - DEBUG - [SKIP] Cannot open trade: Circuit breaker: Rolling PnL of last 50 trades <= -$10 (current: $-11.59) (resumes in 2066s)
2025-12-24 13:12:37 - trades.XAUAUDm - DEBUG - [SKIP] Cannot open trade: Circuit breaker: Rolling PnL of last 50 trades <= -$10 (current: $-11.59) (resumes in 1874s)
2025-12-24 13:16:00 - trades.XAUAUDm - DEBUG - [SKIP] Cannot open trade: Circuit breaker: Rolling PnL of last 50 trades <= -$10 (current: $-11.59) (resumes in 1670s)
2025-12-24 13:19:11 - trades.XAUAUDm - DEBUG - [SKIP] Cannot open trade: Circuit breaker: Rolling PnL of last 50 trades <= -$10 (current: $-11.59) (resumes in 1480s)
2025-12-24 13:22:21 - trades.XAUAUDm - DEBUG - [SKIP] Cannot open trade: Circuit breaker: Rolling PnL of last 50 trades <= -$10 (current: $-11.59) (resumes in 1289s)
2025-12-24 13:54:51 - trades.XAUAUDm - DEBUG - [SKIP] Cannot open trade: Circuit breaker: Rolling PnL of last 50 trades <= -$10 (current: $-11.59) (resumes in 2985s)
2025-12-24 13:58:19 - trades.XAUAUDm - DEBUG - [SKIP] Cannot open trade: Circuit breaker: Rolling PnL of last 50 trades <= -$10 (current: $-11.59) (resumes in 2777s)
2025-12-24 14:01:47 - trades.XAUAUDm - DEBUG - [SKIP] Cannot open trade: Circuit breaker: Rolling PnL of last 50 trades <= -$10 (current: $-11.59) (resumes in 2569s)
2025-12-24 14:12:21 - trades.XAUAUDm - DEBUG - [SKIP] Cannot open trade: Circuit breaker: Rolling PnL of last 50 trades <= -$10 (current: $-11.59) (resumes in 1935s)
2025-12-24 14:15:48 - trades.XAUAUDm - DEBUG - [SKIP] Cannot open trade: Circuit breaker: Rolling PnL of last 50 trades <= -$10 (current: $-11.59) (resumes in 1728s)
2025-12-24 14:19:05 - trades.XAUAUDm - DEBUG - [SKIP] Cannot open trade: Circuit breaker: Rolling PnL of last 50 trades <= -$10 (current: $-11.59) (resumes in 1532s)
2025-12-24 14:22:14 - trades.XAUAUDm - DEBUG - [SKIP] Cannot open trade: Circuit breaker: Rolling PnL of last 50 trades <= -$10 (current: $-11.59) (resumes in 1342s)
2025-12-24 14:25:42 - trades.XAUAUDm - DEBUG - [SKIP] Cannot open trade: Circuit breaker: Rolling PnL of last 50 trades <= -$10 (current: $-11.59) (resumes in 1134s)
2025-12-24 14:29:22 - trades.XAUAUDm - DEBUG - [SKIP] Cannot open trade: Circuit breaker: Rolling PnL of last 50 trades <= -$10 (current: $-11.59) (resumes in 914s)
2025-12-24 14:33:21 - trades.XAUAUDm - DEBUG - [SKIP] Cannot open trade: Circuit breaker: Rolling PnL of last 50 trades <= -$10 (current: $-11.59) (resumes in 675s)
2025-12-24 14:37:27 - trades.XAUAUDm - DEBUG - [SKIP] Cannot open trade: Circuit breaker: Rolling PnL of last 50 trades <= -$10 (current: $-11.59) (resumes in 428s)
2025-12-24 14:41:51 - trades.XAUAUDm - DEBUG - [SKIP] Cannot open trade: Circuit breaker: Rolling PnL of last 50 trades <= -$10 (current: $-11.59) (resumes in 165s)
2025-12-24 14:53:22 - trades.XAUAUDm - DEBUG - [SKIP] Cannot open trade: Circuit breaker: Rolling PnL of last 50 trades <= -$10 (current: $-11.59) (resumes in 3082s)
2025-12-24 14:58:28 - trades.XAUAUDm - DEBUG - [SKIP] Cannot open trade: Circuit breaker: Rolling PnL of last 50 trades <= -$10 (current: $-11.59) (resumes in 2776s)
2025-12-24 15:03:36 - trades.XAUAUDm - DEBUG - [SKIP] Cannot open trade: Circuit breaker: Rolling PnL of last 50 trades <= -$10 (current: $-11.59) (resumes in 2468s)
2025-12-24 15:08:31 - trades.XAUAUDm - DEBUG - [SKIP] Cannot open trade: Circuit breaker: Rolling PnL of last 50 trades <= -$10 (current: $-11.59) (resumes in 2173s)
2025-12-24 15:13:20 - trades.XAUAUDm - DEBUG - [SKIP] Cannot open trade: Circuit breaker: Rolling PnL of last 50 trades <= -$10 (current: $-11.59) (resumes in 1884s)
