2025-12-23 11:58:15 - trades.XAUEURm - DEBUG - [SKIP] Cannot open trade: Entry filter: Spread sanity: spread 401.5% of avg range > max 30.0%
2025-12-23 12:43:09 - trades.XAUEURm - DEBUG - [SKIP] Cannot open trade: Entry filter: Spread sanity: spread 489.7% of avg range > max 30.0%
2025-12-23 12:46:30 - trades.XAUEURm - DEBUG - [SKIP] Cannot open trade: Entry filter: Spread sanity: spread 515.3% of avg range > max 30.0%
2025-12-23 12:49:45 - trades.XAUEURm - DEBUG - [SKIP] Cannot open trade: Entry filter: Spread sanity: spread 549.9% of avg range > max 30.0%
2025-12-23 12:53:12 - trades.XAUEURm - DEBUG - [SKIP] Cannot open trade: Entry filter: Spread sanity: spread 507.4% of avg range > max 30.0%
2025-12-23 12:56:31 - trades.XAUEURm - DEBUG - [SKIP] Cannot open trade: Entry filter: Spread sanity: spread 473.5% of avg range > max 30.0%
2025-12-23 12:59:51 - trades.XAUEURm - DEBUG - [SKIP] Cannot open trade: Entry filter: Session guard: last 1 minutes of hour blocked
2025-12-23 13:03:11 - trades.XAUEURm - DEBUG - [SKIP] Cannot open trade: Entry filter: Spread sanity: spread 396.2% of avg range > max 30.0%
2025-12-23 13:06:33 - trades.XAUEURm - DEBUG - [SKIP] Cannot open trade: Entry filter: Spread sanity: spread 331.8% of avg range > max 30.0%
2025-12-23 13:27:04 - trades.XAUEURm - DEBUG - [SKIP] Cannot open trade: Entry filter: Spread sanity: spread 208.0% of avg range > max 30.0%
2025-12-23 13:30:34 - trades.XAUEURm - DEBUG - [SKIP] Cannot open trade: Entry filter: Spread sanity: spread 229.2% of avg range > max 30.0%
2025-12-23 13:51:38 - trades.XAUEURm - DEBUG - [SKIP] Cannot open trade: Entry filter: Spread sanity: spread 174.2% of avg range > max 30.0%
2025-12-23 13:55:42 - trades.XAUEURm - DEBUG - [SKIP] Cannot open trade: Entry filter: Spread sanity: spread 143.9% of avg range > max 30.0%
2025-12-23 14:00:03 - trades.XAUEURm - DEBUG - [SKIP] Cannot open trade: Entry filter: Session guard: first 1 minutes of hour blocked
2025-12-23 14:04:15 - trades.XAUEURm - DEBUG - [SKIP] Cannot open trade: Entry filter: Spread sanity: spread 135.2% of avg range > max 30.0%
2025-12-23 14:08:38 - trades.XAUEURm - DEBUG - [SKIP] Cannot open trade: Entry filter: Spread sanity: spread 103.7% of avg range > max 30.0%
2025-12-23 14:13:06 - trades.XAUEURm - DEBUG - [SKIP] Cannot open trade: Entry filter: Spread sanity: spread 107.3% of avg range > max 30.0%
2025-12-23 14:17:51 - trades.XAUEURm - DEBUG - [SKIP] Cannot open trade: Entry filter: Spread sanity: spread 116.6% of avg range > max 30.0%
2025-12-23 14:22:18 - trades.XAUEURm - DEBUG - [SKIP] Cannot open trade: Entry filter: Spread sanity: spread 122.0% of avg range > max 30.0%
2025-12-23 14:26:11 - trades.XAUEURm - DEBUG - [SKIP] Cannot open trade: Entry filter: Spread sanity: spread 155.7% of avg range > max 30.0%
2025-12-23 14:30:00 - trades.XAUEURm - DEBUG - [SKIP] Cannot open trade: Entry filter: Spread sanity: spread 177.4% of avg range > max 30.0%
2025-12-23 14:39:08 - trades.XAUEURm - DEBUG - [SKIP] Cannot open trade: Entry filter: Spread sanity: spread 110.2% of avg range > max 30.0%
2025-12-23 14:44:19 - trades.XAUEURm - DEBUG - [SKIP] Cannot open trade: Entry filter: Spread sanity: spread 99.3% of avg range > max 30.0%
2025-12-23 14:53:23 - trades.XAUEURm - DEBUG - [SKIP] Cannot open trade: Circuit breaker: Consecutive losses >= 10 (11 losses) (resumes in 1798s)
2025-12-23 14:59:13 - trades.XAUEURm - DEBUG - [SKIP] Cannot open trade: Circuit breaker: Consecutive losses >= 10 (11 losses) (resumes in 1448s)
2025-12-23 15:04:39 - trades.XAUEURm - DEBUG - [SKIP] Cannot open trade: Circuit breaker: Consecutive losses >= 10 (11 losses) (resumes in 1122s)
2025-12-23 15:10:06 - trades.XAUEURm - DEBUG - [SKIP] Cannot open trade: Circuit breaker: Consecutive losses >= 10 (11 losses) (resumes in 794s)
2025-12-23 15:15:57 - trades.XAUEURm - DEBUG - [SKIP] Cannot open trade: Circuit breaker: Consecutive losses >= 10 (11 losses) (resumes in 444s)
2025-12-23 15:21:36 - trades.XAUEURm - DEBUG - [SKIP] Cannot open trade: Circuit breaker: Consecutive losses >= 10 (11 losses) (resumes in 105s)
2025-12-23 15:27:09 - trades.XAUEURm - DEBUG - [SKIP] Cannot open trade: Entry filter: Spread sanity: spread 133.8% of avg range > max 30.0%
2025-12-23 15:34:07 - trades.XAUEURm - DEBUG - [SKIP] Cannot open trade: Circuit breaker: Rolling PnL of last 50 trades <= -$10 (current: $-17.00) (resumes in 3497s)
2025-12-23 15:40:35 - trades.XAUEURm - DEBUG - [SKIP] Cannot open trade: Circuit breaker: Rolling PnL of last 50 trades <= -$10 (current: $-17.00) (resumes in 3110s)
2025-12-23 15:46:35 - trades.XAUEURm - DEBUG - [SKIP] Cannot open trade: Circuit breaker: Rolling PnL of last 50 trades <= -$10 (current: $-17.00) (resumes in 2749s)
2025-12-23 15:53:01 - trades.XAUEURm - DEBUG - [SKIP] Cannot open trade: Circuit breaker: Rolling PnL of last 50 trades <= -$10 (current: $-17.00) (resumes in 2364s)
2025-12-23 15:58:51 - trades.XAUEURm - DEBUG - [SKIP] Cannot open trade: Circuit breaker: Rolling PnL of last 50 trades <= -$10 (current: $-17.00) (resumes in 2014s)
2025-12-23 16:04:51 - trades.XAUEURm - DEBUG - [SKIP] Cannot open trade: Circuit breaker: Rolling PnL of last 50 trades <= -$10 (current: $-17.00) (resumes in 1654s)
2025-12-23 16:10:57 - trades.XAUEURm - DEBUG - [SKIP] Cannot open trade: Circuit breaker: Rolling PnL of last 50 trades <= -$10 (current: $-17.00) (resumes in 1288s)
2025-12-23 16:16:08 - trades.XAUEURm - DEBUG - [SKIP] Cannot open trade: Circuit breaker: Rolling PnL of last 50 trades <= -$10 (current: $-17.00) (resumes in 976s)
2025-12-23 16:21:21 - trades.XAUEURm - DEBUG - [SKIP] Cannot open trade: Circuit breaker: Rolling PnL of last 50 trades <= -$10 (current: $-17.00) (resumes in 663s)
2025-12-23 16:26:19 - trades.XAUEURm - DEBUG - [SKIP] Cannot open trade: Circuit breaker: Rolling PnL of last 50 trades <= -$10 (current: $-17.00) (resumes in 366s)
2025-12-23 16:31:27 - trades.XAUEURm - DEBUG - [SKIP] Cannot open trade: Circuit breaker: Rolling PnL of last 50 trades <= -$10 (current: $-17.00) (resumes in 58s)
2025-12-23 16:36:39 - trades.XAUEURm - DEBUG - [SKIP] Cannot open trade: Circuit breaker: Rolling PnL of last 50 trades <= -$10 (current: $-11.59) (resumes in 3348s)
2025-12-23 16:42:03 - trades.XAUEURm - DEBUG - [SKIP] Cannot open trade: Circuit breaker: Rolling PnL of last 50 trades <= -$10 (current: $-11.59) (resumes in 3024s)
2025-12-23 16:46:53 - trades.XAUEURm - DEBUG - [SKIP] Cannot open trade: Circuit breaker: Rolling PnL of last 50 trades <= -$10 (current: $-11.59) (resumes in 2734s)
2025-12-23 16:51:53 - trades.XAUEURm - DEBUG - [SKIP] Cannot open trade: Circuit breaker: Rolling PnL of last 50 trades <= -$10 (current: $-11.59) (resumes in 2434s)
2025-12-23 16:56:56 - trades.XAUEURm - DEBUG - [SKIP] Cannot open trade: Circuit breaker: Rolling PnL of last 50 trades <= -$10 (current: $-11.59) (resumes in 2131s)
2025-12-23 17:02:13 - trades.XAUEURm - DEBUG - [SKIP] Cannot open trade: Circuit breaker: Rolling PnL of last 50 trades <= -$10 (current: $-11.59) (resumes in 1814s)
2025-12-23 17:07:04 - trades.XAUEURm - DEBUG - [SKIP] Cannot open trade: Circuit breaker: Rolling PnL of last 50 trades <= -$10 (current: $-11.59) (resumes in 1522s)
2025-12-23 17:12:02 - trades.XAUEURm - DEBUG - [SKIP] Cannot open trade: Circuit breaker: Rolling PnL of last 50 trades <= -$10 (current: $-11.59) (resumes in 1225s)
2025-12-23 17:17:15 - trades.XAUEURm - DEBUG - [SKIP] Cannot open trade: Circuit breaker: Rolling PnL of last 50 trades <= -$10 (current: $-11.59) (resumes in 911s)
2025-12-23 17:22:04 - trades.XAUEURm - DEBUG - [SKIP] Cannot open trade: Circuit breaker: Rolling PnL of last 50 trades <= -$10 (current: $-11.59) (resumes in 623s)
2025-12-23 17:26:51 - trades.XAUEURm - DEBUG - [SKIP] Cannot open trade: Circuit breaker: Rolling PnL of last 50 trades <= -$10 (current: $-11.59) (resumes in 336s)
2025-12-23 17:31:45 - trades.XAUEURm - DEBUG - [SKIP] Cannot open trade: Circuit breaker: Rolling PnL of last 50 trades <= -$10 (current: $-11.59) (resumes in 41s)
2025-12-23 17:36:14 - trades.XAUEURm - DEBUG - [SKIP] Cannot open trade: Circuit breaker: Rolling PnL of last 50 trades <= -$10 (current: $-11.59) (resumes in 3374s)
2025-12-23 17:40:44 - trades.XAUEURm - DEBUG - [SKIP] Cannot open trade: Circuit breaker: Rolling PnL of last 50 trades <= -$10 (current: $-11.59) (resumes in 3105s)
2025-12-23 17:45:12 - trades.XAUEURm - DEBUG - [SKIP] Cannot open trade: Circuit breaker: Rolling PnL of last 50 trades <= -$10 (current: $-11.59) (resumes in 2836s)
2025-12-23 17:49:30 - trades.XAUEURm - DEBUG - [SKIP] Cannot open trade: Circuit breaker: Rolling PnL of last 50 trades <= -$10 (current: $-11.59) (resumes in 2579s)
2025-12-23 17:54:12 - trades.XAUEURm - DEBUG - [SKIP] Cannot open trade: Circuit breaker: Rolling PnL of last 50 trades <= -$10 (current: $-11.59) (resumes in 2296s)
2025-12-23 17:58:50 - trades.XAUEURm - DEBUG - [SKIP] Cannot open trade: Circuit breaker: Rolling PnL of last 50 trades <= -$10 (current: $-11.59) (resumes in 2019s)
2025-12-23 18:03:26 - trades.XAUEURm - DEBUG - [SKIP] Cannot open trade: Circuit breaker: Rolling PnL of last 50 trades <= -$10 (current: $-11.59) (resumes in 1743s)
2025-12-23 18:07:51 - trades.XAUEURm - DEBUG - [SKIP] Cannot open trade: Circuit breaker: Rolling PnL of last 50 trades <= -$10 (current: $-11.59) (resumes in 1477s)
2025-12-23 18:29:49 - trades.XAUEURm - DEBUG - [SKIP] Cannot open trade: Circuit breaker: Rolling PnL of last 50 trades <= -$10 (current: $-11.59) (resumes in 159s)
2025-12-23 18:38:52 - trades.XAUEURm - DEBUG - [SKIP] Cannot open trade: Circuit breaker: Rolling PnL of last 50 trades <= -$10 (current: $-11.59) (resumes in 3218s)
2025-12-23 19:05:05 - trades.XAUEURm - DEBUG - [SKIP] Cannot open trade: Circuit breaker: Rolling PnL of last 50 trades <= -$10 (current: $-11.59) (resumes in 1645s)
2025-12-23 19:09:15 - trades.XAUEURm - DEBUG - [SKIP] Cannot open trade: Circuit breaker: Rolling PnL of last 50 trades <= -$10 (current: $-11.59) (resumes in 1396s)
2025-12-23 19:21:29 - trades.XAUEURm - DEBUG - [SKIP] Cannot open trade: Circuit breaker: Rolling PnL of last 50 trades <= -$10 (current: $-11.59) (resumes in 662s)
2025-12-23 19:25:41 - trades.XAUEURm - DEBUG - [SKIP] Cannot open trade: Circuit breaker: Rolling PnL of last 50 trades <= -$10 (current: $-11.59) (resumes in 409s)
2025-12-23 19:55:20 - trades.XAUEURm - DEBUG - [SKIP] Cannot open trade: Circuit breaker: Rolling PnL of last 50 trades <= -$10 (current: $-11.59) (resumes in 2337s)
2025-12-23 19:59:36 - trades.XAUEURm - DEBUG - [SKIP] Cannot open trade: Circuit breaker: Rolling PnL of last 50 trades <= -$10 (current: $-11.59) (resumes in 2082s)
2025-12-23 20:03:52 - trades.XAUEURm - DEBUG - [SKIP] Cannot open trade: Circuit breaker: Rolling PnL of last 50 trades <= -$10 (current: $-11.59) (resumes in 1825s)
2025-12-23 20:08:09 - trades.XAUEURm - DEBUG - [SKIP] Cannot open trade: Circuit breaker: Rolling PnL of last 50 trades <= -$10 (current: $-11.59) (resumes in 1568s)
2025-12-23 20:12:23 - trades.XAUEURm - DEBUG - [SKIP] Cannot open trade: Circuit breaker: Rolling PnL of last 50 trades <= -$10 (current: $-11.59) (resumes in 1315s)
2025-12-23 20:16:48 - trades.XAUEURm - DEBUG - [SKIP] Cannot open trade: Circuit breaker: Rolling PnL of last 50 trades <= -$10 (current: $-11.59) (resumes in 1049s)
2025-12-23 20:21:09 - trades.XAUEURm - DEBUG - [SKIP] Cannot open trade: Circuit breaker: Rolling PnL of last 50 trades <= -$10 (current: $-11.59) (resumes in 788s)
2025-12-23 20:25:21 - trades.XAUEURm - DEBUG - [SKIP] Cannot open trade: Circuit breaker: Rolling PnL of last 50 trades <= -$10 (current: $-11.59) (resumes in 536s)
2025-12-23 21:40:10 - trades.XAUEURm - DEBUG - [SKIP] Cannot open trade: Circuit breaker: Rolling PnL of last 50 trades <= -$10 (current: $-11.59) (resumes in 3279s)
2025-12-23 21:42:55 - trades.XAUEURm - DEBUG - [SKIP] Cannot open trade: Circuit breaker: Rolling PnL of last 50 trades <= -$10 (current: $-11.59) (resumes in 3114s)
2025-12-23 23:05:27 - trades.XAUEURm - DEBUG - [SKIP] Cannot open trade: Circuit breaker: Rolling PnL of last 50 trades <= -$10 (current: $-11.59) (resumes in 1848s)
2025-12-23 23:08:47 - trades.XAUEURm - DEBUG - [SKIP] Cannot open trade: Circuit breaker: Rolling PnL of last 50 trades <= -$10 (current: $-11.59) (resumes in 1648s)
2025-12-23 23:11:59 - trades.XAUEURm - DEBUG - [SKIP] Cannot open trade: Circuit breaker: Rolling PnL of last 50 trades <= -$10 (current: $-11.59) (resumes in 1457s)
2025-12-23 23:31:36 - trades.XAUEURm - DEBUG - [SKIP] Cannot open trade: Circuit breaker: Rolling PnL of last 50 trades <= -$10 (current: $-11.59) (resumes in 280s)
2025-12-23 23:34:42 - trades.XAUEURm - DEBUG - [SKIP] Cannot open trade: Circuit breaker: Rolling PnL of last 50 trades <= -$10 (current: $-11.59) (resumes in 93s)
2025-12-23 23:37:48 - trades.XAUEURm - DEBUG - [SKIP] Cannot open trade: Circuit breaker: Rolling PnL of last 50 trades <= -$10 (current: $-11.59)
2025-12-23 23:40:57 - trades.XAUEURm - DEBUG - [SKIP] Cannot open trade: Circuit breaker: Rolling PnL of last 50 trades <= -$10 (current: $-11.59) (resumes in 3410s)
2025-12-23 23:44:07 - trades.XAUEURm - DEBUG - [SKIP] Cannot open trade: Circuit breaker: Rolling PnL of last 50 trades <= -$10 (current: $-11.59) (resumes in 3221s)
2025-12-23 23:47:17 - trades.XAUEURm - DEBUG - [SKIP] Cannot open trade: Circuit breaker: Rolling PnL of last 50 trades <= -$10 (current: $-11.59) (resumes in 3030s)
2025-12-23 23:50:37 - trades.XAUEURm - DEBUG - [SKIP] Cannot open trade: Circuit breaker: Rolling PnL of last 50 trades <= -$10 (current: $-11.59) (resumes in 2831s)
2025-12-23 23:53:39 - trades.XAUEURm - DEBUG - [SKIP] Cannot open trade: Circuit breaker: Rolling PnL of last 50 trades <= -$10 (current: $-11.59) (resumes in 2649s)
2025-12-23 23:56:52 - trades.XAUEURm - DEBUG - [SKIP] Cannot open trade: Circuit breaker: Rolling PnL of last 50 trades <= -$10 (current: $-11.59) (resumes in 2456s)
2025-12-23 23:59:58 - trades.XAUEURm - DEBUG - [SKIP] Cannot open trade: Circuit breaker: Rolling PnL of last 50 trades <= -$10 (current: $-11.59) (resumes in 2269s)
2025-12-24 00:02:13 - trades.XAUEURm - DEBUG - [SKIP] Cannot open trade: Circuit breaker: Rolling PnL of last 50 trades <= -$10 (current: $-11.59) (resumes in 2135s)
2025-12-24 00:04:23 - trades.XAUEURm - DEBUG - [SKIP] Cannot open trade: Circuit breaker: Rolling PnL of last 50 trades <= -$10 (current: $-11.59) (resumes in 2005s)
2025-12-24 00:06:31 - trades.XAUEURm - DEBUG - [SKIP] Cannot open trade: Circuit breaker: Rolling PnL of last 50 trades <= -$10 (current: $-11.59) (resumes in 1877s)
2025-12-24 00:15:17 - trades.XAUEURm - DEBUG - [SKIP] Cannot open trade: Circuit breaker: Rolling PnL of last 50 trades <= -$10 (current: $-11.59) (resumes in 1351s)
2025-12-24 00:17:30 - trades.XAUEURm - DEBUG - [SKIP] Cannot open trade: Circuit breaker: Rolling PnL of last 50 trades <= -$10 (current: $-11.59) (resumes in 1217s)
2025-12-24 00:19:46 - trades.XAUEURm - DEBUG - [SKIP] Cannot open trade: Circuit breaker: Rolling PnL of last 50 trades <= -$10 (current: $-11.59) (resumes in 1081s)
2025-12-24 00:22:04 - trades.XAUEURm - DEBUG - [SKIP] Cannot open trade: Circuit breaker: Rolling PnL of last 50 trades <= -$10 (current: $-11.59) (resumes in 944s)
2025-12-24 00:24:16 - trades.XAUEURm - DEBUG - [SKIP] Cannot open trade: Circuit breaker: Rolling PnL of last 50 trades <= -$10 (current: $-11.59) (resumes in 811s)
2025-12-24 00:26:29 - trades.XAUEURm - DEBUG - [SKIP] Cannot open trade: Circuit breaker: Rolling PnL of last 50 trades <= -$10 (current: $-11.59) (resumes in 678s)
2025-12-24 00:28:37 - trades.XAUEURm - DEBUG - [SKIP] Cannot open trade: Circuit breaker: Rolling PnL of last 50 trades <= -$10 (current: $-11.59) (resumes in 550s)
2025-12-24 00:30:48 - trades.XAUEURm - DEBUG - [SKIP] Cannot open trade: Circuit breaker: Rolling PnL of last 50 trades <= -$10 (current: $-11.59) (resumes in 419s)
2025-12-24 00:32:56 - trades.XAUEURm - DEBUG - [SKIP] Cannot open trade: Circuit breaker: Rolling PnL of last 50 trades <= -$10 (current: $-11.59) (resumes in 291s)
2025-12-24 00:35:04 - trades.XAUEURm - DEBUG - [SKIP] Cannot open trade: Circuit breaker: Rolling PnL of last 50 trades <= -$10 (current: $-11.59) (resumes in 164s)
2025-12-24 00:37:11 - trades.XAUEURm - DEBUG - [SKIP] Cannot open trade: Circuit breaker: Rolling PnL of last 50 trades <= -$10 (current: $-11.59) (resumes in 37s)
2025-12-24 00:45:26 - trades.XAUEURm - DEBUG - [SKIP] Cannot open trade: Circuit breaker: Rolling PnL of last 50 trades <= -$10 (current: $-11.59) (resumes in 3231s)
2025-12-24 00:47:34 - trades.XAUEURm - DEBUG - [SKIP] Cannot open trade: Circuit breaker: Rolling PnL of last 50 trades <= -$10 (current: $-11.59) (resumes in 3103s)
2025-12-24 00:49:40 - trades.XAUEURm - DEBUG - [SKIP] Cannot open trade: Circuit breaker: Rolling PnL of last 50 trades <= -$10 (current: $-11.59) (resumes in 2977s)
2025-12-24 00:51:50 - trades.XAUEURm - DEBUG - [SKIP] Cannot open trade: Circuit breaker: Rolling PnL of last 50 trades <= -$10 (current: $-11.59) (resumes in 2847s)
2025-12-24 00:54:01 - trades.XAUEURm - DEBUG - [SKIP] Cannot open trade: Circuit breaker: Rolling PnL of last 50 trades <= -$10 (current: $-11.59) (resumes in 2717s)
2025-12-24 00:56:11 - trades.XAUEURm - DEBUG - [SKIP] Cannot open trade: Circuit breaker: Rolling PnL of last 50 trades <= -$10 (current: $-11.59) (resumes in 2586s)
2025-12-24 00:58:20 - trades.XAUEURm - DEBUG - [SKIP] Cannot open trade: Circuit breaker: Rolling PnL of last 50 trades <= -$10 (current: $-11.59) (resumes in 2458s)
2025-12-24 01:02:40 - trades.XAUEURm - DEBUG - [SKIP] Cannot open trade: Circuit breaker: Rolling PnL of last 50 trades <= -$10 (current: $-11.59) (resumes in 2198s)
2025-12-24 01:11:26 - trades.XAUEURm - DEBUG - [SKIP] Cannot open trade: Circuit breaker: Rolling PnL of last 50 trades <= -$10 (current: $-11.59) (resumes in 1672s)
2025-12-24 01:13:42 - trades.XAUEURm - DEBUG - [SKIP] Cannot open trade: Circuit breaker: Rolling PnL of last 50 trades <= -$10 (current: $-11.59) (resumes in 1535s)
2025-12-24 01:16:00 - trades.XAUEURm - DEBUG - [SKIP] Cannot open trade: Circuit breaker: Rolling PnL of last 50 trades <= -$10 (current: $-11.59) (resumes in 1397s)
2025-12-24 01:18:15 - trades.XAUEURm - DEBUG - [SKIP] Cannot open trade: Circuit breaker: Rolling PnL of last 50 trades <= -$10 (current: $-11.59) (resumes in 1262s)
2025-12-24 01:20:33 - trades.XAUEURm - DEBUG - [SKIP] Cannot open trade: Circuit breaker: Rolling PnL of last 50 trades <= -$10 (current: $-11.59) (resumes in 1124s)
2025-12-24 01:22:49 - trades.XAUEURm - DEBUG - [SKIP] Cannot open trade: Circuit breaker: Rolling PnL of last 50 trades <= -$10 (current: $-11.59) (resumes in 989s)
2025-12-24 01:25:04 - trades.XAUEURm - DEBUG - [SKIP] Cannot open trade: Circuit breaker: Rolling PnL of last 50 trades <= -$10 (current: $-11.59) (resumes in 853s)
2025-12-24 01:27:17 - trades.XAUEURm - DEBUG - [SKIP] Cannot open trade: Circuit breaker: Rolling PnL of last 50 trades <= -$10 (current: $-11.59) (resumes in 720s)
2025-12-24 01:29:20 - trades.XAUEURm - DEBUG - [SKIP] Cannot open trade: Circuit breaker: Rolling PnL of last 50 trades <= -$10 (current: $-11.59) (resumes in 598s)
2025-12-24 01:31:22 - trades.XAUEURm - DEBUG - [SKIP] Cannot open trade: Circuit breaker: Rolling PnL of last 50 trades <= -$10 (current: $-11.59) (resumes in 476s)
2025-12-24 01:33:26 - trades.XAUEURm - DEBUG - [SKIP] Cannot open trade: Circuit breaker: Rolling PnL of last 50 trades <= -$10 (current: $-11.59) (resumes in 352s)
2025-12-24 01:35:28 - trades.XAUEURm - DEBUG - [SKIP] Cannot open trade: Circuit breaker: Rolling PnL of last 50 trades <= -$10 (current: $-11.59) (resumes in 229s)
2025-12-24 01:37:37 - trades.XAUEURm - DEBUG - [SKIP] Cannot open trade: Circuit breaker: Rolling PnL of last 50 trades <= -$10 (current: $-11.59) (resumes in 100s)
2025-12-24 01:39:46 - trades.XAUEURm - DEBUG - [SKIP] Cannot open trade: Circuit breaker: Rolling PnL of last 50 trades <= -$10 (current: $-11.59) (resumes in 3600s)
2025-12-24 01:41:58 - trades.XAUEURm - DEBUG - [SKIP] Cannot open trade: Circuit breaker: Rolling PnL of last 50 trades <= -$10 (current: $-11.59) (resumes in 3467s)
2025-12-24 01:44:07 - trades.XAUEURm - DEBUG - [SKIP] Cannot open trade: Circuit breaker: Rolling PnL of last 50 trades <= -$10 (current: $-11.59) (resumes in 3338s)
2025-12-24 01:46:14 - trades.XAUEURm - DEBUG - [SKIP] Cannot open trade: Circuit breaker: Rolling PnL of last 50 trades <= -$10 (current: $-11.59) (resumes in 3212s)
2025-12-24 01:48:17 - trades.XAUEURm - DEBUG - [SKIP] Cannot open trade: Circuit breaker: Rolling PnL of last 50 trades <= -$10 (current: $-11.59) (resumes in 3088s)
2025-12-24 01:50:22 - trades.XAUEURm - DEBUG - [SKIP] Cannot open trade: Circuit breaker: Rolling PnL of last 50 trades <= -$10 (current: $-11.59) (resumes in 2963s)
2025-12-24 01:52:30 - trades.XAUEURm - DEBUG - [SKIP] Cannot open trade: Circuit breaker: Rolling PnL of last 50 trades <= -$10 (current: $-11.59) (resumes in 2835s)
2025-12-24 01:54:41 - trades.XAUEURm - DEBUG - [SKIP] Cannot open trade: Circuit breaker: Rolling PnL of last 50 trades <= -$10 (current: $-11.59) (resumes in 2704s)
2025-12-24 01:56:51 - trades.XAUEURm - DEBUG - [SKIP] Cannot open trade: Circuit breaker: Rolling PnL of last 50 trades <= -$10 (current: $-11.59) (resumes in 2574s)
2025-12-24 02:05:39 - trades.XAUEURm - DEBUG - [SKIP] Cannot open trade: Circuit breaker: Rolling PnL of last 50 trades <= -$10 (current: $-11.59) (resumes in 2046s)
2025-12-24 02:08:08 - trades.XAUEURm - DEBUG - [SKIP] Cannot open trade: Circuit breaker: Rolling PnL of last 50 trades <= -$10 (current: $-11.59) (resumes in 1898s)
2025-12-24 02:10:33 - trades.XAUEURm - DEBUG - [SKIP] Cannot open trade: Circuit breaker: Rolling PnL of last 50 trades <= -$10 (current: $-11.59) (resumes in 1752s)
2025-12-24 02:13:04 - trades.XAUEURm - DEBUG - [SKIP] Cannot open trade: Circuit breaker: Rolling PnL of last 50 trades <= -$10 (current: $-11.59) (resumes in 1601s)
2025-12-24 02:15:35 - trades.XAUEURm - DEBUG - [SKIP] Cannot open trade: Circuit breaker: Rolling PnL of last 50 trades <= -$10 (current: $-11.59) (resumes in 1451s)
2025-12-24 02:24:50 - trades.XAUEURm - DEBUG - [SKIP] Cannot open trade: Circuit breaker: Rolling PnL of last 50 trades <= -$10 (current: $-11.59) (resumes in 895s)
2025-12-24 02:27:08 - trades.XAUEURm - DEBUG - [SKIP] Cannot open trade: Circuit breaker: Rolling PnL of last 50 trades <= -$10 (current: $-11.59) (resumes in 758s)
2025-12-24 02:29:22 - trades.XAUEURm - DEBUG - [SKIP] Cannot open trade: Circuit breaker: Rolling PnL of last 50 trades <= -$10 (current: $-11.59) (resumes in 623s)
2025-12-24 02:31:43 - trades.XAUEURm - DEBUG - [SKIP] Cannot open trade: Circuit breaker: Rolling PnL of last 50 trades <= -$10 (current: $-11.59) (resumes in 482s)
2025-12-24 02:34:20 - trades.XAUEURm - DEBUG - [SKIP] Cannot open trade: Circuit breaker: Rolling PnL of last 50 trades <= -$10 (current: $-11.59) (resumes in 325s)
2025-12-24 02:36:59 - trades.XAUEURm - DEBUG - [SKIP] Cannot open trade: Circuit breaker: Rolling PnL of last 50 trades <= -$10 (current: $-11.59) (resumes in 167s)
2025-12-24 02:39:38 - trades.XAUEURm - DEBUG - [SKIP] Cannot open trade: Circuit breaker: Rolling PnL of last 50 trades <= -$10 (current: $-11.59) (resumes in 8s)
2025-12-24 02:42:10 - trades.XAUEURm - DEBUG - [SKIP] Cannot open trade: Circuit breaker: Rolling PnL of last 50 trades <= -$10 (current: $-11.59) (resumes in 3458s)
2025-12-24 02:44:27 - trades.XAUEURm - DEBUG - [SKIP] Cannot open trade: Circuit breaker: Rolling PnL of last 50 trades <= -$10 (current: $-11.59) (resumes in 3322s)
2025-12-24 02:46:45 - trades.XAUEURm - DEBUG - [SKIP] Cannot open trade: Circuit breaker: Rolling PnL of last 50 trades <= -$10 (current: $-11.59) (resumes in 3183s)
2025-12-24 02:49:05 - trades.XAUEURm - DEBUG - [SKIP] Cannot open trade: Circuit breaker: Rolling PnL of last 50 trades <= -$10 (current: $-11.59) (resumes in 3043s)
2025-12-24 02:58:00 - trades.XAUEURm - DEBUG - [SKIP] Cannot open trade: Circuit breaker: Rolling PnL of last 50 trades <= -$10 (current: $-11.59) (resumes in 2509s)
2025-12-24 03:00:16 - trades.XAUEURm - DEBUG - [SKIP] Cannot open trade: Circuit breaker: Rolling PnL of last 50 trades <= -$10 (current: $-11.59) (resumes in 2372s)
2025-12-24 03:02:34 - trades.XAUEURm - DEBUG - [SKIP] Cannot open trade: Circuit breaker: Rolling PnL of last 50 trades <= -$10 (current: $-11.59) (resumes in 2234s)
2025-12-24 03:04:53 - trades.XAUEURm - DEBUG - [SKIP] Cannot open trade: Circuit breaker: Rolling PnL of last 50 trades <= -$10 (current: $-11.59) (resumes in 2095s)
2025-12-24 03:07:11 - trades.XAUEURm - DEBUG - [SKIP] Cannot open trade: Circuit breaker: Rolling PnL of last 50 trades <= -$10 (current: $-11.59) (resumes in 1957s)
2025-12-24 03:09:25 - trades.XAUEURm - DEBUG - [SKIP] Cannot open trade: Circuit breaker: Rolling PnL of last 50 trades <= -$10 (current: $-11.59) (resumes in 1823s)
2025-12-24 03:11:39 - trades.XAUEURm - DEBUG - [SKIP] Cannot open trade: Circuit breaker: Rolling PnL of last 50 trades <= -$10 (current: $-11.59) (resumes in 1689s)
2025-12-24 03:13:52 - trades.XAUEURm - DEBUG - [SKIP] Cannot open trade: Circuit breaker: Rolling PnL of last 50 trades <= -$10 (current: $-11.59) (resumes in 1556s)
2025-12-24 03:16:03 - trades.XAUEURm - DEBUG - [SKIP] Cannot open trade: Circuit breaker: Rolling PnL of last 50 trades <= -$10 (current: $-11.59) (resumes in 1425s)
2025-12-24 03:18:15 - trades.XAUEURm - DEBUG - [SKIP] Cannot open trade: Circuit breaker: Rolling PnL of last 50 trades <= -$10 (current: $-11.59) (resumes in 1294s)
2025-12-24 03:20:27 - trades.XAUEURm - DEBUG - [SKIP] Cannot open trade: Circuit breaker: Rolling PnL of last 50 trades <= -$10 (current: $-11.59) (resumes in 1161s)
2025-12-24 03:22:38 - trades.XAUEURm - DEBUG - [SKIP] Cannot open trade: Circuit breaker: Rolling PnL of last 50 trades <= -$10 (current: $-11.59) (resumes in 1030s)
2025-12-24 03:24:47 - trades.XAUEURm - DEBUG - [SKIP] Cannot open trade: Circuit breaker: Rolling PnL of last 50 trades <= -$10 (current: $-11.59) (resumes in 901s)
2025-12-24 03:26:53 - trades.XAUEURm - DEBUG - [SKIP] Cannot open trade: Circuit breaker: Rolling PnL of last 50 trades <= -$10 (current: $-11.59) (resumes in 775s)
2025-12-24 03:29:06 - trades.XAUEURm - DEBUG - [SKIP] Cannot open trade: Circuit breaker: Rolling PnL of last 50 trades <= -$10 (current: $-11.59) (resumes in 642s)
2025-12-24 03:31:16 - trades.XAUEURm - DEBUG - [SKIP] Cannot open trade: Circuit breaker: Rolling PnL of last 50 trades <= -$10 (current: $-11.59) (resumes in 512s)
2025-12-24 03:33:22 - trades.XAUEURm - DEBUG - [SKIP] Cannot open trade: Circuit breaker: Rolling PnL of last 50 trades <= -$10 (current: $-11.59) (resumes in 386s)
2025-12-24 03:35:31 - trades.XAUEURm - DEBUG - [SKIP] Cannot open trade: Circuit breaker: Rolling PnL of last 50 trades <= -$10 (current: $-11.59) (resumes in 257s)
2025-12-24 03:37:40 - trades.XAUEURm - DEBUG - [SKIP] Cannot open trade: Circuit breaker: Rolling PnL of last 50 trades <= -$10 (current: $-11.59) (resumes in 128s)
2025-12-24 03:50:33 - trades.XAUEURm - DEBUG - [SKIP] Cannot open trade: Circuit breaker: Rolling PnL of last 50 trades <= -$10 (current: $-11.59) (resumes in 2957s)
2025-12-24 03:52:38 - trades.XAUEURm - DEBUG - [SKIP] Cannot open trade: Circuit breaker: Rolling PnL of last 50 trades <= -$10 (current: $-11.59) (resumes in 2833s)
2025-12-24 03:54:44 - trades.XAUEURm - DEBUG - [SKIP] Cannot open trade: Circuit breaker: Rolling PnL of last 50 trades <= -$10 (current: $-11.59) (resumes in 2707s)
2025-12-24 03:56:51 - trades.XAUEURm - DEBUG - [SKIP] Cannot open trade: Circuit breaker: Rolling PnL of last 50 trades <= -$10 (current: $-11.59) (resumes in 2580s)
2025-12-24 03:58:56 - trades.XAUEURm - DEBUG - [SKIP] Cannot open trade: Circuit breaker: Rolling PnL of last 50 trades <= -$10 (current: $-11.59) (resumes in 2455s)
2025-12-24 04:01:03 - trades.XAUEURm - DEBUG - [SKIP] Cannot open trade: Circuit breaker: Rolling PnL of last 50 trades <= -$10 (current: $-11.59) (resumes in 2328s)
2025-12-24 04:03:08 - trades.XAUEURm - DEBUG - [SKIP] Cannot open trade: Circuit breaker: Rolling PnL of last 50 trades <= -$10 (current: $-11.59) (resumes in 2203s)
2025-12-24 04:05:17 - trades.XAUEURm - DEBUG - [SKIP] Cannot open trade: Circuit breaker: Rolling PnL of last 50 trades <= -$10 (current: $-11.59) (resumes in 2074s)
2025-12-24 04:07:25 - trades.XAUEURm - DEBUG - [SKIP] Cannot open trade: Circuit breaker: Rolling PnL of last 50 trades <= -$10 (current: $-11.59) (resumes in 1946s)
2025-12-24 04:09:34 - trades.XAUEURm - DEBUG - [SKIP] Cannot open trade: Circuit breaker: Rolling PnL of last 50 trades <= -$10 (current: $-11.59) (resumes in 1817s)
2025-12-24 04:11:46 - trades.XAUEURm - DEBUG - [SKIP] Cannot open trade: Circuit breaker: Rolling PnL of last 50 trades <= -$10 (current: $-11.59) (resumes in 1685s)
2025-12-24 04:13:57 - trades.XAUEURm - DEBUG - [SKIP] Cannot open trade: Circuit breaker: Rolling PnL of last 50 trades <= -$10 (current: $-11.59) (resumes in 1553s)
2025-12-24 04:16:08 - trades.XAUEURm - DEBUG - [SKIP] Cannot open trade: Circuit breaker: Rolling PnL of last 50 trades <= -$10 (current: $-11.59) (resumes in 1423s)
2025-12-24 04:18:22 - trades.XAUEURm - DEBUG - [SKIP] Cannot open trade: Circuit breaker: Rolling PnL of last 50 trades <= -$10 (current: $-11.59) (resumes in 1290s)
2025-12-24 04:20:35 - trades.XAUEURm - DEBUG - [SKIP] Cannot open trade: Circuit breaker: Rolling PnL of last 50 trades <= -$10 (current: $-11.59) (resumes in 1156s)
2025-12-24 04:22:48 - trades.XAUEURm - DEBUG - [SKIP] Cannot open trade: Circuit breaker: Rolling PnL of last 50 trades <= -$10 (current: $-11.59) (resumes in 1023s)
2025-12-24 04:29:21 - trades.XAUEURm - DEBUG - [SKIP] Cannot open trade: Circuit breaker: Rolling PnL of last 50 trades <= -$10 (current: $-11.59) (resumes in 630s)
2025-12-24 04:31:29 - trades.XAUEURm - DEBUG - [SKIP] Cannot open trade: Circuit breaker: Rolling PnL of last 50 trades <= -$10 (current: $-11.59) (resumes in 502s)
2025-12-24 04:33:36 - trades.XAUEURm - DEBUG - [SKIP] Cannot open trade: Circuit breaker: Rolling PnL of last 50 trades <= -$10 (current: $-11.59) (resumes in 375s)
2025-12-24 04:35:41 - trades.XAUEURm - DEBUG - [SKIP] Cannot open trade: Circuit breaker: Rolling PnL of last 50 trades <= -$10 (current: $-11.59) (resumes in 250s)
2025-12-24 04:37:54 - trades.XAUEURm - DEBUG - [SKIP] Cannot open trade: Circuit breaker: Rolling PnL of last 50 trades <= -$10 (current: $-11.59) (resumes in 117s)
2025-12-24 04:40:09 - trades.XAUEURm - DEBUG - [SKIP] Cannot open trade: Circuit breaker: Rolling PnL of last 50 trades <= -$10 (current: $-11.59) (resumes in 3600s)
2025-12-24 04:42:18 - trades.XAUEURm - DEBUG - [SKIP] Cannot open trade: Circuit breaker: Rolling PnL of last 50 trades <= -$10 (current: $-11.59) (resumes in 3470s)
2025-12-24 04:44:23 - trades.XAUEURm - DEBUG - [SKIP] Cannot open trade: Circuit breaker: Rolling PnL of last 50 trades <= -$10 (current: $-11.59) (resumes in 3345s)
2025-12-24 04:46:31 - trades.XAUEURm - DEBUG - [SKIP] Cannot open trade: Circuit breaker: Rolling PnL of last 50 trades <= -$10 (current: $-11.59) (resumes in 3217s)
2025-12-24 04:48:37 - trades.XAUEURm - DEBUG - [SKIP] Cannot open trade: Circuit breaker: Rolling PnL of last 50 trades <= -$10 (current: $-11.59) (resumes in 3091s)
2025-12-24 04:50:43 - trades.XAUEURm - DEBUG - [SKIP] Cannot open trade: Circuit breaker: Rolling PnL of last 50 trades <= -$10 (current: $-11.59) (resumes in 2965s)
2025-12-24 04:52:48 - trades.XAUEURm - DEBUG - [SKIP] Cannot open trade: Circuit breaker: Rolling PnL of last 50 trades <= -$10 (current: $-11.59) (resumes in 2840s)
2025-12-24 04:54:57 - trades.XAUEURm - DEBUG - [SKIP] Cannot open trade: Circuit breaker: Rolling PnL of last 50 trades <= -$10 (current: $-11.59) (resumes in 2711s)
2025-12-24 04:57:04 - trades.XAUEURm - DEBUG - [SKIP] Cannot open trade: Circuit breaker: Rolling PnL of last 50 trades <= -$10 (current: $-11.59) (resumes in 2584s)
2025-12-24 05:24:24 - trades.XAUEURm - DEBUG - [SKIP] Cannot open trade: Circuit breaker: Rolling PnL of last 50 trades <= -$10 (current: $-11.59) (resumes in 945s)
2025-12-24 05:26:27 - trades.XAUEURm - DEBUG - [SKIP] Cannot open trade: Circuit breaker: Rolling PnL of last 50 trades <= -$10 (current: $-11.59) (resumes in 821s)
2025-12-24 05:28:28 - trades.XAUEURm - DEBUG - [SKIP] Cannot open trade: Circuit breaker: Rolling PnL of last 50 trades <= -$10 (current: $-11.59) (resumes in 700s)
2025-12-24 05:30:30 - trades.XAUEURm - DEBUG - [SKIP] Cannot open trade: Circuit breaker: Rolling PnL of last 50 trades <= -$10 (current: $-11.59) (resumes in 579s)
2025-12-24 05:32:32 - trades.XAUEURm - DEBUG - [SKIP] Cannot open trade: Circuit breaker: Rolling PnL of last 50 trades <= -$10 (current: $-11.59) (resumes in 456s)
2025-12-24 05:34:35 - trades.XAUEURm - DEBUG - [SKIP] Cannot open trade: Circuit breaker: Rolling PnL of last 50 trades <= -$10 (current: $-11.59) (resumes in 333s)
2025-12-24 05:36:41 - trades.XAUEURm - DEBUG - [SKIP] Cannot open trade: Circuit breaker: Rolling PnL of last 50 trades <= -$10 (current: $-11.59) (resumes in 208s)
2025-12-24 05:38:44 - trades.XAUEURm - DEBUG - [SKIP] Cannot open trade: Circuit breaker: Rolling PnL of last 50 trades <= -$10 (current: $-11.59) (resumes in 85s)
2025-12-24 05:40:47 - trades.XAUEURm - DEBUG - [SKIP] Cannot open trade: Circuit breaker: Rolling PnL of last 50 trades <= -$10 (current: $-11.59) (resumes in 3600s)
2025-12-24 05:42:52 - trades.XAUEURm - DEBUG - [SKIP] Cannot open trade: Circuit breaker: Rolling PnL of last 50 trades <= -$10 (current: $-11.59) (resumes in 3475s)
2025-12-24 05:45:02 - trades.XAUEURm - DEBUG - [SKIP] Cannot open trade: Circuit breaker: Rolling PnL of last 50 trades <= -$10 (current: $-11.59) (resumes in 3345s)
2025-12-24 05:47:08 - trades.XAUEURm - DEBUG - [SKIP] Cannot open trade: Circuit breaker: Rolling PnL of last 50 trades <= -$10 (current: $-11.59) (resumes in 3219s)
2025-12-24 05:49:12 - trades.XAUEURm - DEBUG - [SKIP] Cannot open trade: Circuit breaker: Rolling PnL of last 50 trades <= -$10 (current: $-11.59) (resumes in 3095s)
2025-12-24 05:51:22 - trades.XAUEURm - DEBUG - [SKIP] Cannot open trade: Circuit breaker: Rolling PnL of last 50 trades <= -$10 (current: $-11.59) (resumes in 2965s)
2025-12-24 05:54:27 - trades.XAUEURm - DEBUG - [SKIP] Cannot open trade: Circuit breaker: Rolling PnL of last 50 trades <= -$10 (current: $-11.59) (resumes in 2781s)
2025-12-24 06:03:49 - trades.XAUEURm - DEBUG - [SKIP] Cannot open trade: Circuit breaker: Rolling PnL of last 50 trades <= -$10 (current: $-11.59) (resumes in 2218s)
2025-12-24 06:06:51 - trades.XAUEURm - DEBUG - [SKIP] Cannot open trade: Circuit breaker: Rolling PnL of last 50 trades <= -$10 (current: $-11.59) (resumes in 2036s)
2025-12-24 06:09:53 - trades.XAUEURm - DEBUG - [SKIP] Cannot open trade: Circuit breaker: Rolling PnL of last 50 trades <= -$10 (current: $-11.59) (resumes in 1854s)
2025-12-24 06:13:02 - trades.XAUEURm - DEBUG - [SKIP] Cannot open trade: Circuit breaker: Rolling PnL of last 50 trades <= -$10 (current: $-11.59) (resumes in 1665s)
2025-12-24 06:16:08 - trades.XAUEURm - DEBUG - [SKIP] Cannot open trade: Circuit breaker: Rolling PnL of last 50 trades <= -$10 (current: $-11.59) (resumes in 1479s)
2025-12-24 06:19:06 - trades.XAUEURm - DEBUG - [SKIP] Cannot open trade: Circuit breaker: Rolling PnL of last 50 trades <= -$10 (current: $-11.59) (resumes in 1302s)
2025-12-24 06:22:00 - trades.XAUEURm - DEBUG - [SKIP] Cannot open trade: Circuit breaker: Rolling PnL of last 50 trades <= -$10 (current: $-11.59) (resumes in 1127s)
2025-12-24 06:24:56 - trades.XAUEURm - DEBUG - [SKIP] Cannot open trade: Circuit breaker: Rolling PnL of last 50 trades <= -$10 (current: $-11.59) (resumes in 951s)
2025-12-24 06:27:47 - trades.XAUEURm - DEBUG - [SKIP] Cannot open trade: Circuit breaker: Rolling PnL of last 50 trades <= -$10 (current: $-11.59) (resumes in 780s)
2025-12-24 06:30:45 - trades.XAUEURm - DEBUG - [SKIP] Cannot open trade: Circuit breaker: Rolling PnL of last 50 trades <= -$10 (current: $-11.59) (resumes in 602s)
2025-12-24 06:33:43 - trades.XAUEURm - DEBUG - [SKIP] Cannot open trade: Circuit breaker: Rolling PnL of last 50 trades <= -$10 (current: $-11.59) (resumes in 424s)
2025-12-24 06:42:45 - trades.XAUEURm - DEBUG - [SKIP] Cannot open trade: Circuit breaker: Rolling PnL of last 50 trades <= -$10 (current: $-11.59) (resumes in 3488s)
2025-12-24 06:54:34 - trades.XAUEURm - DEBUG - [SKIP] Cannot open trade: Circuit breaker: Rolling PnL of last 50 trades <= -$10 (current: $-11.59) (resumes in 2779s)
2025-12-24 06:57:26 - trades.XAUEURm - DEBUG - [SKIP] Cannot open trade: Circuit breaker: Rolling PnL of last 50 trades <= -$10 (current: $-11.59) (resumes in 2607s)
2025-12-24 07:00:29 - trades.XAUEURm - DEBUG - [SKIP] Cannot open trade: Circuit breaker: Rolling PnL of last 50 trades <= -$10 (current: $-11.59) (resumes in 2425s)
2025-12-24 07:03:33 - trades.XAUEURm - DEBUG - [SKIP] Cannot open trade: Circuit breaker: Rolling PnL of last 50 trades <= -$10 (current: $-11.59) (resumes in 2240s)
2025-12-24 07:06:38 - trades.XAUEURm - DEBUG - [SKIP] Cannot open trade: Circuit breaker: Rolling PnL of last 50 trades <= -$10 (current: $-11.59) (resumes in 2055s)
2025-12-24 07:09:37 - trades.XAUEURm - DEBUG - [SKIP] Cannot open trade: Circuit breaker: Rolling PnL of last 50 trades <= -$10 (current: $-11.59) (resumes in 1876s)
2025-12-24 07:12:39 - trades.XAUEURm - DEBUG - [SKIP] Cannot open trade: Circuit breaker: Rolling PnL of last 50 trades <= -$10 (current: $-11.59) (resumes in 1694s)
2025-12-24 07:15:39 - trades.XAUEURm - DEBUG - [SKIP] Cannot open trade: Circuit breaker: Rolling PnL of last 50 trades <= -$10 (current: $-11.59) (resumes in 1514s)
2025-12-24 07:18:46 - trades.XAUEURm - DEBUG - [SKIP] Cannot open trade: Circuit breaker: Rolling PnL of last 50 trades <= -$10 (current: $-11.59) (resumes in 1327s)
2025-12-24 07:21:57 - trades.XAUEURm - DEBUG - [SKIP] Cannot open trade: Circuit breaker: Rolling PnL of last 50 trades <= -$10 (current: $-11.59) (resumes in 1136s)
2025-12-24 07:25:03 - trades.XAUEURm - DEBUG - [SKIP] Cannot open trade: Circuit breaker: Rolling PnL of last 50 trades <= -$10 (current: $-11.59) (resumes in 950s)
2025-12-24 07:33:58 - trades.XAUEURm - DEBUG - [SKIP] Cannot open trade: Circuit breaker: Rolling PnL of last 50 trades <= -$10 (current: $-11.59) (resumes in 415s)
2025-12-24 07:36:53 - trades.XAUEURm - DEBUG - [SKIP] Cannot open trade: Circuit breaker: Rolling PnL of last 50 trades <= -$10 (current: $-11.59) (resumes in 240s)
2025-12-24 07:39:51 - trades.XAUEURm - DEBUG - [SKIP] Cannot open trade: Circuit breaker: Rolling PnL of last 50 trades <= -$10 (current: $-11.59) (resumes in 62s)
2025-12-24 07:42:49 - trades.XAUEURm - DEBUG - [SKIP] Cannot open trade: Circuit breaker: Rolling PnL of last 50 trades <= -$10 (current: $-11.59) (resumes in 3492s)
2025-12-24 07:45:49 - trades.XAUEURm - DEBUG - [SKIP] Cannot open trade: Circuit breaker: Rolling PnL of last 50 trades <= -$10 (current: $-11.59) (resumes in 3312s)
2025-12-24 07:51:52 - trades.XAUEURm - DEBUG - [SKIP] Cannot open trade: Circuit breaker: Rolling PnL of last 50 trades <= -$10 (current: $-11.59) (resumes in 2949s)
2025-12-24 07:54:53 - trades.XAUEURm - DEBUG - [SKIP] Cannot open trade: Circuit breaker: Rolling PnL of last 50 trades <= -$10 (current: $-11.59) (resumes in 2768s)
2025-12-24 07:57:56 - trades.XAUEURm - DEBUG - [SKIP] Cannot open trade: Circuit breaker: Rolling PnL of last 50 trades <= -$10 (current: $-11.59) (resumes in 2585s)
2025-12-24 08:01:00 - trades.XAUEURm - DEBUG - [SKIP] Cannot open trade: Circuit breaker: Rolling PnL of last 50 trades <= -$10 (current: $-11.59) (resumes in 2400s)
2025-12-24 08:04:01 - trades.XAUEURm - DEBUG - [SKIP] Cannot open trade: Circuit breaker: Rolling PnL of last 50 trades <= -$10 (current: $-11.59) (resumes in 2220s)
2025-12-24 08:48:27 - trades.XAUEURm - DEBUG - [SKIP] Cannot open trade: Circuit breaker: Rolling PnL of last 50 trades <= -$10 (current: $-11.59) (resumes in 3211s)
2025-12-24 08:51:46 - trades.XAUEURm - DEBUG - [SKIP] Cannot open trade: Circuit breaker: Rolling PnL of last 50 trades <= -$10 (current: $-11.59) (resumes in 3011s)
2025-12-24 08:55:00 - trades.XAUEURm - DEBUG - [SKIP] Cannot open trade: Circuit breaker: Rolling PnL of last 50 trades <= -$10 (current: $-11.59) (resumes in 2818s)
2025-12-24 08:58:09 - trades.XAUEURm - DEBUG - [SKIP] Cannot open trade: Circuit breaker: Rolling PnL of last 50 trades <= -$10 (current: $-11.59) (resumes in 2629s)
2025-12-24 09:01:16 - trades.XAUEURm - DEBUG - [SKIP] Cannot open trade: Circuit breaker: Rolling PnL of last 50 trades <= -$10 (current: $-11.59) (resumes in 2441s)
2025-12-24 09:04:18 - trades.XAUEURm - DEBUG - [SKIP] Cannot open trade: Circuit breaker: Rolling PnL of last 50 trades <= -$10 (current: $-11.59) (resumes in 2260s)
2025-12-24 09:07:26 - trades.XAUEURm - DEBUG - [SKIP] Cannot open trade: Circuit breaker: Rolling PnL of last 50 trades <= -$10 (current: $-11.59) (resumes in 2072s)
2025-12-24 09:10:31 - trades.XAUEURm - DEBUG - [SKIP] Cannot open trade: Circuit breaker: Rolling PnL of last 50 trades <= -$10 (current: $-11.59) (resumes in 1886s)
2025-12-24 09:13:38 - trades.XAUEURm - DEBUG - [SKIP] Cannot open trade: Circuit breaker: Rolling PnL of last 50 trades <= -$10 (current: $-11.59) (resumes in 1700s)
2025-12-24 09:16:52 - trades.XAUEURm - DEBUG - [SKIP] Cannot open trade: Circuit breaker: Rolling PnL of last 50 trades <= -$10 (current: $-11.59) (resumes in 1506s)
2025-12-24 09:23:44 - trades.XAUEURm - DEBUG - [SKIP] Cannot open trade: Circuit breaker: Rolling PnL of last 50 trades <= -$10 (current: $-11.59) (resumes in 1094s)
2025-12-24 09:27:02 - trades.XAUEURm - DEBUG - [SKIP] Cannot open trade: Circuit breaker: Rolling PnL of last 50 trades <= -$10 (current: $-11.59) (resumes in 896s)
2025-12-24 09:30:13 - trades.XAUEURm - DEBUG - [SKIP] Cannot open trade: Circuit breaker: Rolling PnL of last 50 trades <= -$10 (current: $-11.59) (resumes in 705s)
2025-12-24 09:33:26 - trades.XAUEURm - DEBUG - [SKIP] Cannot open trade: Circuit breaker: Rolling PnL of last 50 trades <= -$10 (current: $-11.59) (resumes in 511s)
2025-12-24 09:36:42 - trades.XAUEURm - DEBUG - [SKIP] Cannot open trade: Circuit breaker: Rolling PnL of last 50 trades <= -$10 (current: $-11.59) (resumes in 316s)
2025-12-24 09:39:54 - trades.XAUEURm - DEBUG - [SKIP] Cannot open trade: Circuit breaker: Rolling PnL of last 50 trades <= -$10 (current: $-11.59) (resumes in 124s)
2025-12-24 09:49:49 - trades.XAUEURm - DEBUG - [SKIP] Cannot open trade: Circuit breaker: Rolling PnL of last 50 trades <= -$10 (current: $-11.59) (resumes in 3204s)
2025-12-24 09:53:12 - trades.XAUEURm - DEBUG - [SKIP] Cannot open trade: Circuit breaker: Rolling PnL of last 50 trades <= -$10 (current: $-11.59) (resumes in 3000s)
2025-12-24 09:56:41 - trades.XAUEURm - DEBUG - [SKIP] Cannot open trade: Circuit breaker: Rolling PnL of last 50 trades <= -$10 (current: $-11.59) (resumes in 2792s)
2025-12-24 10:00:05 - trades.XAUEURm - DEBUG - [SKIP] Cannot open trade: Circuit breaker: Rolling PnL of last 50 trades <= -$10 (current: $-11.59) (resumes in 2588s)
2025-12-24 10:03:33 - trades.XAUEURm - DEBUG - [SKIP] Cannot open trade: Circuit breaker: Rolling PnL of last 50 trades <= -$10 (current: $-11.59) (resumes in 2380s)
2025-12-24 10:07:01 - trades.XAUEURm - DEBUG - [SKIP] Cannot open trade: Circuit breaker: Rolling PnL of last 50 trades <= -$10 (current: $-11.59) (resumes in 2171s)
2025-12-24 10:10:28 - trades.XAUEURm - DEBUG - [SKIP] Cannot open trade: Circuit breaker: Rolling PnL of last 50 trades <= -$10 (current: $-11.59) (resumes in 1964s)
2025-12-24 10:14:00 - trades.XAUEURm - DEBUG - [SKIP] Cannot open trade: Circuit breaker: Rolling PnL of last 50 trades <= -$10 (current: $-11.59) (resumes in 1753s)
2025-12-24 10:17:28 - trades.XAUEURm - DEBUG - [SKIP] Cannot open trade: Circuit breaker: Rolling PnL of last 50 trades <= -$10 (current: $-11.59) (resumes in 1545s)
2025-12-24 10:23:54 - trades.XAUEURm - DEBUG - [SKIP] Cannot open trade: Circuit breaker: Rolling PnL of last 50 trades <= -$10 (current: $-11.59) (resumes in 1159s)
2025-12-24 10:27:09 - trades.XAUEURm - DEBUG - [SKIP] Cannot open trade: Circuit breaker: Rolling PnL of last 50 trades <= -$10 (current: $-11.59) (resumes in 964s)
2025-12-24 10:30:20 - trades.XAUEURm - DEBUG - [SKIP] Cannot open trade: Circuit breaker: Rolling PnL of last 50 trades <= -$10 (current: $-11.59) (resumes in 773s)
2025-12-24 10:33:36 - trades.XAUEURm - DEBUG - [SKIP] Cannot open trade: Circuit breaker: Rolling PnL of last 50 trades <= -$10 (current: $-11.59) (resumes in 576s)
2025-12-24 10:36:47 - trades.XAUEURm - DEBUG - [SKIP] Cannot open trade: Circuit breaker: Rolling PnL of last 50 trades <= -$10 (current: $-11.59) (resumes in 385s)
2025-12-24 10:40:03 - trades.XAUEURm - DEBUG - [SKIP] Cannot open trade: Circuit breaker: Rolling PnL of last 50 trades <= -$10 (current: $-11.59) (resumes in 189s)
2025-12-24 10:46:25 - trades.XAUEURm - DEBUG - [SKIP] Cannot open trade: Circuit breaker: Rolling PnL of last 50 trades <= -$10 (current: $-11.59) (resumes in 3411s)
2025-12-24 10:49:36 - trades.XAUEURm - DEBUG - [SKIP] Cannot open trade: Circuit breaker: Rolling PnL of last 50 trades <= -$10 (current: $-11.59) (resumes in 3221s)
2025-12-24 10:52:38 - trades.XAUEURm - DEBUG - [SKIP] Cannot open trade: Circuit breaker: Rolling PnL of last 50 trades <= -$10 (current: $-11.59) (resumes in 3039s)
2025-12-24 10:55:58 - trades.XAUEURm - DEBUG - [SKIP] Cannot open trade: Circuit breaker: Rolling PnL of last 50 trades <= -$10 (current: $-11.59) (resumes in 2839s)
2025-12-24 10:59:32 - trades.XAUEURm - DEBUG - [SKIP] Cannot open trade: Circuit breaker: Rolling PnL of last 50 trades <= -$10 (current: $-11.59) (resumes in 2625s)
2025-12-24 11:03:18 - trades.XAUEURm - DEBUG - [SKIP] Cannot open trade: Circuit breaker: Rolling PnL of last 50 trades <= -$10 (current: $-11.59) (resumes in 2398s)
2025-12-24 11:11:05 - trades.XAUEURm - DEBUG - [SKIP] Cannot open trade: Circuit breaker: Rolling PnL of last 50 trades <= -$10 (current: $-11.59) (resumes in 1932s)
2025-12-24 11:15:08 - trades.XAUEURm - DEBUG - [SKIP] Cannot open trade: Circuit breaker: Rolling PnL of last 50 trades <= -$10 (current: $-11.59) (resumes in 1689s)
2025-12-24 11:19:16 - trades.XAUEURm - DEBUG - [SKIP] Cannot open trade: Circuit breaker: Rolling PnL of last 50 trades <= -$10 (current: $-11.59) (resumes in 1440s)
2025-12-24 11:26:03 - trades.XAUEURm - DEBUG - [SKIP] Cannot open trade: Circuit breaker: Rolling PnL of last 50 trades <= -$10 (current: $-11.59) (resumes in 1034s)
2025-12-24 11:29:23 - trades.XAUEURm - DEBUG - [SKIP] Cannot open trade: Circuit breaker: Rolling PnL of last 50 trades <= -$10 (current: $-11.59) (resumes in 834s)
2025-12-24 11:32:45 - trades.XAUEURm - DEBUG - [SKIP] Cannot open trade: Circuit breaker: Rolling PnL of last 50 trades <= -$10 (current: $-11.59) (resumes in 632s)
2025-12-24 11:36:08 - trades.XAUEURm - DEBUG - [SKIP] Cannot open trade: Circuit breaker: Rolling PnL of last 50 trades <= -$10 (current: $-11.59) (resumes in 429s)
2025-12-24 11:39:32 - trades.XAUEURm - DEBUG - [SKIP] Cannot open trade: Circuit breaker: Rolling PnL of last 50 trades <= -$10 (current: $-11.59) (resumes in 225s)
2025-12-24 11:42:54 - trades.XAUEURm - DEBUG - [SKIP] Cannot open trade: Circuit breaker: Rolling PnL of last 50 trades <= -$10 (current: $-11.59) (resumes in 23s)
2025-12-24 11:46:12 - trades.XAUEURm - DEBUG - [SKIP] Cannot open trade: Circuit breaker: Rolling PnL of last 50 trades <= -$10 (current: $-11.59) (resumes in 3429s)
2025-12-24 11:49:27 - trades.XAUEURm - DEBUG - [SKIP] Cannot open trade: Circuit breaker: Rolling PnL of last 50 trades <= -$10 (current: $-11.59) (resumes in 3234s)
2025-12-24 11:52:51 - trades.XAUEURm - DEBUG - [SKIP] Cannot open trade: Circuit breaker: Rolling PnL of last 50 trades <= -$10 (current: $-11.59) (resumes in 3030s)
2025-12-24 11:56:12 - trades.XAUEURm - DEBUG - [SKIP] Cannot open trade: Circuit breaker: Rolling PnL of last 50 trades <= -$10 (current: $-11.59) (resumes in 2829s)
2025-12-24 11:59:36 - trades.XAUEURm - DEBUG - [SKIP] Cannot open trade: Circuit breaker: Rolling PnL of last 50 trades <= -$10 (current: $-11.59) (resumes in 2625s)
2025-12-24 12:12:03 - trades.XAUEURm - DEBUG - [SKIP] Cannot open trade: Circuit breaker: Rolling PnL of last 50 trades <= -$10 (current: $-11.59) (resumes in 1878s)
2025-12-24 12:53:13 - trades.XAUEURm - DEBUG - [SKIP] Cannot open trade: Circuit breaker: Rolling PnL of last 50 trades <= -$10 (current: $-11.59) (resumes in 3037s)
2025-12-24 12:56:33 - trades.XAUEURm - DEBUG - [SKIP] Cannot open trade: Circuit breaker: Rolling PnL of last 50 trades <= -$10 (current: $-11.59) (resumes in 2838s)
2025-12-24 12:59:49 - trades.XAUEURm - DEBUG - [SKIP] Cannot open trade: Circuit breaker: Rolling PnL of last 50 trades <= -$10 (current: $-11.59) (resumes in 2641s)
2025-12-24 13:03:07 - trades.XAUEURm - DEBUG - [SKIP] Cannot open trade: Circuit breaker: Rolling PnL of last 50 trades <= -$10 (current: $-11.59) (resumes in 2443s)
2025-12-24 13:06:12 - trades.XAUEURm - DEBUG - [SKIP] Cannot open trade: Circuit breaker: Rolling PnL of last 50 trades <= -$10 (current: $-11.59) (resumes in 2258s)
2025-12-24 13:09:25 - trades.XAUEURm - DEBUG - [SKIP] Cannot open trade: Circuit breaker: Rolling PnL of last 50 trades <= -$10 (current: $-11.59) (resumes in 2065s)
2025-12-24 13:12:38 - trades.XAUEURm - DEBUG - [SKIP] Cannot open trade: Circuit breaker: Rolling PnL of last 50 trades <= -$10 (current: $-11.59) (resumes in 1873s)
2025-12-24 13:16:01 - trades.XAUEURm - DEBUG - [SKIP] Cannot open trade: Circuit breaker: Rolling PnL of last 50 trades <= -$10 (current: $-11.59) (resumes in 1669s)
2025-12-24 13:19:12 - trades.XAUEURm - DEBUG - [SKIP] Cannot open trade: Circuit breaker: Rolling PnL of last 50 trades <= -$10 (current: $-11.59) (resumes in 1479s)
2025-12-24 13:22:22 - trades.XAUEURm - DEBUG - [SKIP] Cannot open trade: Circuit breaker: Rolling PnL of last 50 trades <= -$10 (current: $-11.59) (resumes in 1288s)
2025-12-24 13:44:36 - trades.XAUEURm - DEBUG - [SKIP] Cannot open trade: Circuit breaker: Rolling PnL of last 50 trades <= -$10 (current: $-11.59)
2025-12-24 13:47:59 - trades.XAUEURm - DEBUG - [SKIP] Cannot open trade: Circuit breaker: Rolling PnL of last 50 trades <= -$10 (current: $-11.59) (resumes in 3398s)
2025-12-24 13:51:17 - trades.XAUEURm - DEBUG - [SKIP] Cannot open trade: Circuit breaker: Rolling PnL of last 50 trades <= -$10 (current: $-11.59) (resumes in 3199s)
2025-12-24 14:01:48 - trades.XAUEURm - DEBUG - [SKIP] Cannot open trade: Circuit breaker: Rolling PnL of last 50 trades <= -$10 (current: $-11.59) (resumes in 2568s)
2025-12-24 14:05:20 - trades.XAUEURm - DEBUG - [SKIP] Cannot open trade: Circuit breaker: Rolling PnL of last 50 trades <= -$10 (current: $-11.59) (resumes in 2356s)
2025-12-24 14:08:49 - trades.XAUEURm - DEBUG - [SKIP] Cannot open trade: Circuit breaker: Rolling PnL of last 50 trades <= -$10 (current: $-11.59) (resumes in 2147s)
2025-12-24 14:12:22 - trades.XAUEURm - DEBUG - [SKIP] Cannot open trade: Circuit breaker: Rolling PnL of last 50 trades <= -$10 (current: $-11.59) (resumes in 1934s)
2025-12-24 14:15:49 - trades.XAUEURm - DEBUG - [SKIP] Cannot open trade: Circuit breaker: Rolling PnL of last 50 trades <= -$10 (current: $-11.59) (resumes in 1727s)
2025-12-24 14:19:06 - trades.XAUEURm - DEBUG - [SKIP] Cannot open trade: Circuit breaker: Rolling PnL of last 50 trades <= -$10 (current: $-11.59) (resumes in 1530s)
2025-12-24 14:22:15 - trades.XAUEURm - DEBUG - [SKIP] Cannot open trade: Circuit breaker: Rolling PnL of last 50 trades <= -$10 (current: $-11.59) (resumes in 1341s)
2025-12-24 14:25:43 - trades.XAUEURm - DEBUG - [SKIP] Cannot open trade: Circuit breaker: Rolling PnL of last 50 trades <= -$10 (current: $-11.59) (resumes in 1133s)
2025-12-24 14:29:23 - trades.XAUEURm - DEBUG - [SKIP] Cannot open trade: Circuit breaker: Rolling PnL of last 50 trades <= -$10 (current: $-11.59) (resumes in 913s)
2025-12-24 14:33:23 - trades.XAUEURm - DEBUG - [SKIP] Cannot open trade: Circuit breaker: Rolling PnL of last 50 trades <= -$10 (current: $-11.59) (resumes in 674s)
2025-12-24 14:37:29 - trades.XAUEURm - DEBUG - [SKIP] Cannot open trade: Circuit breaker: Rolling PnL of last 50 trades <= -$10 (current: $-11.59) (resumes in 427s)
2025-12-24 14:41:53 - trades.XAUEURm - DEBUG - [SKIP] Cannot open trade: Circuit breaker: Rolling PnL of last 50 trades <= -$10 (current: $-11.59) (resumes in 163s)
2025-12-24 14:48:03 - trades.XAUEURm - DEBUG - [SKIP] Cannot open trade: Circuit breaker: Rolling PnL of last 50 trades <= -$10 (current: $-11.59) (resumes in 3401s)
2025-12-24 14:53:23 - trades.XAUEURm - DEBUG - [SKIP] Cannot open trade: Circuit breaker: Rolling PnL of last 50 trades <= -$10 (current: $-11.59) (resumes in 3082s)
2025-12-24 14:58:30 - trades.XAUEURm - DEBUG - [SKIP] Cannot open trade: Circuit breaker: Rolling PnL of last 50 trades <= -$10 (current: $-11.59) (resumes in 2775s)
2025-12-24 15:03:38 - trades.XAUEURm - DEBUG - [SKIP] Cannot open trade: Circuit breaker: Rolling PnL of last 50 trades <= -$10 (current: $-11.59) (resumes in 2467s)
2025-12-24 15:08:33 - trades.XAUEURm - DEBUG - [SKIP] Cannot open trade: Circuit breaker: Rolling PnL of last 50 trades <= -$10 (current: $-11.59) (resumes in 2172s)
2025-12-24 15:13:21 - trades.XAUEURm - DEBUG - [SKIP] Cannot open trade: Circuit breaker: Rolling PnL of last 50 trades <= -$10 (current: $-11.59) (resumes in 1883s)
