2025-12-23 12:00:04 - trades.XAUGBPm - DEBUG - [SKIP] Cannot open trade: Entry filter: Session guard: first 1 minutes of hour blocked
2025-12-23 12:01:48 - trades.XAUGBPm - DEBUG - [SKIP] Cannot open trade: Entry filter: Spread sanity: spread 380.6% of avg range > max 30.0%
2025-12-23 12:03:28 - trades.XAUGBPm - DEBUG - [SKIP] Cannot open trade: Entry filter: Spread sanity: spread 357.7% of avg range > max 30.0%
2025-12-23 12:05:08 - trades.XAUGBPm - DEBUG - [SKIP] Cannot open trade: Entry filter: Spread sanity: spread 355.9% of avg range > max 30.0%
2025-12-23 12:06:56 - trades.XAUGBPm - DEBUG - [SKIP] Cannot open trade: Entry filter: Spread sanity: spread 339.7% of avg range > max 30.0%
2025-12-23 12:33:35 - trades.XAUGBPm - DEBUG - [SKIP] Cannot open trade: Entry filter: Spread sanity: spread 544.5% of avg range > max 30.0%
2025-12-23 12:36:47 - trades.XAUGBPm - DEBUG - [SKIP] Cannot open trade: Entry filter: Spread sanity: spread 504.4% of avg range > max 30.0%
2025-12-23 12:39:55 - trades.XAUGBPm - DEBUG - [SKIP] Cannot open trade: Entry filter: Spread sanity: spread 537.0% of avg range > max 30.0%
2025-12-23 12:43:10 - trades.XAUGBPm - DEBUG - [SKIP] Cannot open trade: Entry filter: Spread sanity: spread 560.6% of avg range > max 30.0%
2025-12-23 12:46:31 - trades.XAUGBPm - DEBUG - [SKIP] Cannot open trade: Entry filter: Spread sanity: spread 565.7% of avg range > max 30.0%
2025-12-23 12:49:45 - trades.XAUGBPm - DEBUG - [SKIP] Cannot open trade: Entry filter: Spread sanity: spread 566.9% of avg range > max 30.0%
2025-12-23 12:53:13 - trades.XAUGBPm - DEBUG - [SKIP] Cannot open trade: Entry filter: Spread sanity: spread 548.3% of avg range > max 30.0%
2025-12-23 12:56:32 - trades.XAUGBPm - DEBUG - [SKIP] Cannot open trade: Entry filter: Spread sanity: spread 542.0% of avg range > max 30.0%
2025-12-23 12:59:52 - trades.XAUGBPm - DEBUG - [SKIP] Cannot open trade: Entry filter: Session guard: last 1 minutes of hour blocked
2025-12-23 13:03:12 - trades.XAUGBPm - DEBUG - [SKIP] Cannot open trade: Entry filter: Spread sanity: spread 435.9% of avg range > max 30.0%
2025-12-23 13:06:34 - trades.XAUGBPm - DEBUG - [SKIP] Cannot open trade: Entry filter: Spread sanity: spread 364.8% of avg range > max 30.0%
2025-12-23 13:27:05 - trades.XAUGBPm - DEBUG - [SKIP] Cannot open trade: Entry filter: Spread sanity: spread 247.8% of avg range > max 30.0%
2025-12-23 13:30:35 - trades.XAUGBPm - DEBUG - [SKIP] Cannot open trade: Entry filter: Spread sanity: spread 257.2% of avg range > max 30.0%
2025-12-23 13:34:01 - trades.XAUGBPm - DEBUG - [SKIP] Cannot open trade: Entry filter: Spread sanity: spread 212.3% of avg range > max 30.0%
2025-12-23 13:51:39 - trades.XAUGBPm - DEBUG - [SKIP] Cannot open trade: Entry filter: Spread sanity: spread 193.6% of avg range > max 30.0%
2025-12-23 13:55:44 - trades.XAUGBPm - DEBUG - [SKIP] Cannot open trade: Entry filter: Spread sanity: spread 172.5% of avg range > max 30.0%
2025-12-23 14:00:05 - trades.XAUGBPm - DEBUG - [SKIP] Cannot open trade: Entry filter: Session guard: first 1 minutes of hour blocked
2025-12-23 14:04:17 - trades.XAUGBPm - DEBUG - [SKIP] Cannot open trade: Entry filter: Spread sanity: spread 158.5% of avg range > max 30.0%
2025-12-23 14:08:40 - trades.XAUGBPm - DEBUG - [SKIP] Cannot open trade: Entry filter: Spread sanity: spread 121.8% of avg range > max 30.0%
2025-12-23 14:13:07 - trades.XAUGBPm - DEBUG - [SKIP] Cannot open trade: Entry filter: Spread sanity: spread 127.6% of avg range > max 30.0%
2025-12-23 14:17:53 - trades.XAUGBPm - DEBUG - [SKIP] Cannot open trade: Entry filter: Spread sanity: spread 135.1% of avg range > max 30.0%
2025-12-23 14:22:19 - trades.XAUGBPm - DEBUG - [SKIP] Cannot open trade: Entry filter: Spread sanity: spread 146.9% of avg range > max 30.0%
2025-12-23 14:26:12 - trades.XAUGBPm - DEBUG - [SKIP] Cannot open trade: Entry filter: Spread sanity: spread 193.0% of avg range > max 30.0%
2025-12-23 14:34:26 - trades.XAUGBPm - DEBUG - [SKIP] Cannot open trade: Entry filter: Spread sanity: spread 163.0% of avg range > max 30.0%
2025-12-23 14:39:09 - trades.XAUGBPm - DEBUG - [SKIP] Cannot open trade: Entry filter: Spread sanity: spread 133.3% of avg range > max 30.0%
2025-12-23 14:44:19 - trades.XAUGBPm - DEBUG - [SKIP] Cannot open trade: Entry filter: Spread sanity: spread 114.3% of avg range > max 30.0%
2025-12-23 14:53:24 - trades.XAUGBPm - DEBUG - [SKIP] Cannot open trade: Circuit breaker: Consecutive losses >= 10 (11 losses) (resumes in 1797s)
2025-12-23 14:59:14 - trades.XAUGBPm - DEBUG - [SKIP] Cannot open trade: Circuit breaker: Consecutive losses >= 10 (11 losses) (resumes in 1447s)
2025-12-23 15:04:40 - trades.XAUGBPm - DEBUG - [SKIP] Cannot open trade: Circuit breaker: Consecutive losses >= 10 (11 losses) (resumes in 1121s)
2025-12-23 15:10:07 - trades.XAUGBPm - DEBUG - [SKIP] Cannot open trade: Circuit breaker: Consecutive losses >= 10 (11 losses) (resumes in 793s)
2025-12-23 15:15:58 - trades.XAUGBPm - DEBUG - [SKIP] Cannot open trade: Circuit breaker: Consecutive losses >= 10 (11 losses) (resumes in 442s)
2025-12-23 15:21:37 - trades.XAUGBPm - DEBUG - [SKIP] Cannot open trade: Circuit breaker: Consecutive losses >= 10 (11 losses) (resumes in 103s)
2025-12-23 15:27:11 - trades.XAUGBPm - DEBUG - [SKIP] Cannot open trade: Entry filter: Spread sanity: spread 153.5% of avg range > max 30.0%
2025-12-23 15:34:08 - trades.XAUGBPm - DEBUG - [SKIP] Cannot open trade: Circuit breaker: Rolling PnL of last 50 trades <= -$10 (current: $-17.00) (resumes in 3497s)
2025-12-23 15:40:37 - trades.XAUGBPm - DEBUG - [SKIP] Cannot open trade: Circuit breaker: Rolling PnL of last 50 trades <= -$10 (current: $-17.00) (resumes in 3108s)
2025-12-23 15:46:37 - trades.XAUGBPm - DEBUG - [SKIP] Cannot open trade: Circuit breaker: Rolling PnL of last 50 trades <= -$10 (current: $-17.00) (resumes in 2748s)
2025-12-23 15:53:02 - trades.XAUGBPm - DEBUG - [SKIP] Cannot open trade: Circuit breaker: Rolling PnL of last 50 trades <= -$10 (current: $-17.00) (resumes in 2363s)
2025-12-23 15:58:52 - trades.XAUGBPm - DEBUG - [SKIP] Cannot open trade: Circuit breaker: Rolling PnL of last 50 trades <= -$10 (current: $-17.00) (resumes in 2012s)
2025-12-23 16:04:53 - trades.XAUGBPm - DEBUG - [SKIP] Cannot open trade: Circuit breaker: Rolling PnL of last 50 trades <= -$10 (current: $-17.00) (resumes in 1652s)
2025-12-23 16:10:59 - trades.XAUGBPm - DEBUG - [SKIP] Cannot open trade: Circuit breaker: Rolling PnL of last 50 trades <= -$10 (current: $-17.00) (resumes in 1286s)
2025-12-23 16:16:10 - trades.XAUGBPm - DEBUG - [SKIP] Cannot open trade: Circuit breaker: Rolling PnL of last 50 trades <= -$10 (current: $-17.00) (resumes in 975s)
2025-12-23 16:21:23 - trades.XAUGBPm - DEBUG - [SKIP] Cannot open trade: Circuit breaker: Rolling PnL of last 50 trades <= -$10 (current: $-17.00) (resumes in 662s)
2025-12-23 16:26:21 - trades.XAUGBPm - DEBUG - [SKIP] Cannot open trade: Circuit breaker: Rolling PnL of last 50 trades <= -$10 (current: $-17.00) (resumes in 364s)
2025-12-23 16:31:28 - trades.XAUGBPm - DEBUG - [SKIP] Cannot open trade: Circuit breaker: Rolling PnL of last 50 trades <= -$10 (current: $-17.00) (resumes in 57s)
2025-12-23 16:36:40 - trades.XAUGBPm - DEBUG - [SKIP] Cannot open trade: Circuit breaker: Rolling PnL of last 50 trades <= -$10 (current: $-11.59) (resumes in 3347s)
2025-12-23 16:42:04 - trades.XAUGBPm - DEBUG - [SKIP] Cannot open trade: Circuit breaker: Rolling PnL of last 50 trades <= -$10 (current: $-11.59) (resumes in 3023s)
2025-12-23 16:46:53 - trades.XAUGBPm - DEBUG - [SKIP] Cannot open trade: Circuit breaker: Rolling PnL of last 50 trades <= -$10 (current: $-11.59) (resumes in 2733s)
2025-12-23 16:51:55 - trades.XAUGBPm - DEBUG - [SKIP] Cannot open trade: Circuit breaker: Rolling PnL of last 50 trades <= -$10 (current: $-11.59) (resumes in 2432s)
2025-12-23 16:56:58 - trades.XAUGBPm - DEBUG - [SKIP] Cannot open trade: Circuit breaker: Rolling PnL of last 50 trades <= -$10 (current: $-11.59) (resumes in 2129s)
2025-12-23 17:02:14 - trades.XAUGBPm - DEBUG - [SKIP] Cannot open trade: Circuit breaker: Rolling PnL of last 50 trades <= -$10 (current: $-11.59) (resumes in 1812s)
2025-12-23 17:17:18 - trades.XAUGBPm - DEBUG - [SKIP] Cannot open trade: Circuit breaker: Rolling PnL of last 50 trades <= -$10 (current: $-11.59) (resumes in 909s)
2025-12-23 17:22:06 - trades.XAUGBPm - DEBUG - [SKIP] Cannot open trade: Circuit breaker: Rolling PnL of last 50 trades <= -$10 (current: $-11.59) (resumes in 621s)
2025-12-23 17:26:51 - trades.XAUGBPm - DEBUG - [SKIP] Cannot open trade: Circuit breaker: Rolling PnL of last 50 trades <= -$10 (current: $-11.59) (resumes in 335s)
2025-12-23 17:31:46 - trades.XAUGBPm - DEBUG - [SKIP] Cannot open trade: Circuit breaker: Rolling PnL of last 50 trades <= -$10 (current: $-11.59) (resumes in 40s)
2025-12-23 17:36:15 - trades.XAUGBPm - DEBUG - [SKIP] Cannot open trade: Circuit breaker: Rolling PnL of last 50 trades <= -$10 (current: $-11.59) (resumes in 3373s)
2025-12-23 17:40:45 - trades.XAUGBPm - DEBUG - [SKIP] Cannot open trade: Circuit breaker: Rolling PnL of last 50 trades <= -$10 (current: $-11.59) (resumes in 3103s)
2025-12-23 17:45:13 - trades.XAUGBPm - DEBUG - [SKIP] Cannot open trade: Circuit breaker: Rolling PnL of last 50 trades <= -$10 (current: $-11.59) (resumes in 2835s)
2025-12-23 17:49:31 - trades.XAUGBPm - DEBUG - [SKIP] Cannot open trade: Circuit breaker: Rolling PnL of last 50 trades <= -$10 (current: $-11.59) (resumes in 2578s)
2025-12-23 17:54:13 - trades.XAUGBPm - DEBUG - [SKIP] Cannot open trade: Circuit breaker: Rolling PnL of last 50 trades <= -$10 (current: $-11.59) (resumes in 2295s)
2025-12-23 17:58:51 - trades.XAUGBPm - DEBUG - [SKIP] Cannot open trade: Circuit breaker: Rolling PnL of last 50 trades <= -$10 (current: $-11.59) (resumes in 2017s)
2025-12-23 18:03:27 - trades.XAUGBPm - DEBUG - [SKIP] Cannot open trade: Circuit breaker: Rolling PnL of last 50 trades <= -$10 (current: $-11.59) (resumes in 1741s)
2025-12-23 18:07:52 - trades.XAUGBPm - DEBUG - [SKIP] Cannot open trade: Circuit breaker: Rolling PnL of last 50 trades <= -$10 (current: $-11.59) (resumes in 1476s)
2025-12-23 18:34:25 - trades.XAUGBPm - DEBUG - [SKIP] Cannot open trade: Circuit breaker: Rolling PnL of last 50 trades <= -$10 (current: $-11.59) (resumes in 3485s)
2025-12-23 18:38:53 - trades.XAUGBPm - DEBUG - [SKIP] Cannot open trade: Circuit breaker: Rolling PnL of last 50 trades <= -$10 (current: $-11.59) (resumes in 3218s)
2025-12-23 19:21:30 - trades.XAUGBPm - DEBUG - [SKIP] Cannot open trade: Circuit breaker: Rolling PnL of last 50 trades <= -$10 (current: $-11.59) (resumes in 661s)
2025-12-23 19:38:47 - trades.XAUGBPm - DEBUG - [SKIP] Cannot open trade: Circuit breaker: Rolling PnL of last 50 trades <= -$10 (current: $-11.59) (resumes in 3330s)
2025-12-23 19:43:11 - trades.XAUGBPm - DEBUG - [SKIP] Cannot open trade: Circuit breaker: Rolling PnL of last 50 trades <= -$10 (current: $-11.59) (resumes in 3067s)
2025-12-23 19:47:09 - trades.XAUGBPm - DEBUG - [SKIP] Cannot open trade: Circuit breaker: Rolling PnL of last 50 trades <= -$10 (current: $-11.59) (resumes in 2828s)
2025-12-23 19:55:21 - trades.XAUGBPm - DEBUG - [SKIP] Cannot open trade: Circuit breaker: Rolling PnL of last 50 trades <= -$10 (current: $-11.59) (resumes in 2336s)
2025-12-23 19:59:37 - trades.XAUGBPm - DEBUG - [SKIP] Cannot open trade: Circuit breaker: Rolling PnL of last 50 trades <= -$10 (current: $-11.59) (resumes in 2080s)
2025-12-23 20:03:53 - trades.XAUGBPm - DEBUG - [SKIP] Cannot open trade: Circuit breaker: Rolling PnL of last 50 trades <= -$10 (current: $-11.59) (resumes in 1824s)
2025-12-23 20:08:09 - trades.XAUGBPm - DEBUG - [SKIP] Cannot open trade: Circuit breaker: Rolling PnL of last 50 trades <= -$10 (current: $-11.59) (resumes in 1568s)
2025-12-23 20:12:24 - trades.XAUGBPm - DEBUG - [SKIP] Cannot open trade: Circuit breaker: Rolling PnL of last 50 trades <= -$10 (current: $-11.59) (resumes in 1313s)
2025-12-23 20:16:48 - trades.XAUGBPm - DEBUG - [SKIP] Cannot open trade: Circuit breaker: Rolling PnL of last 50 trades <= -$10 (current: $-11.59) (resumes in 1049s)
2025-12-23 20:21:11 - trades.XAUGBPm - DEBUG - [SKIP] Cannot open trade: Circuit breaker: Rolling PnL of last 50 trades <= -$10 (current: $-11.59) (resumes in 786s)
2025-12-23 20:25:22 - trades.XAUGBPm - DEBUG - [SKIP] Cannot open trade: Circuit breaker: Rolling PnL of last 50 trades <= -$10 (current: $-11.59) (resumes in 535s)
2025-12-23 23:25:06 - trades.XAUGBPm - DEBUG - [SKIP] Cannot open trade: Circuit breaker: Rolling PnL of last 50 trades <= -$10 (current: $-11.59) (resumes in 669s)
2025-12-23 23:28:25 - trades.XAUGBPm - DEBUG - [SKIP] Cannot open trade: Circuit breaker: Rolling PnL of last 50 trades <= -$10 (current: $-11.59) (resumes in 471s)
2025-12-23 23:31:37 - trades.XAUGBPm - DEBUG - [SKIP] Cannot open trade: Circuit breaker: Rolling PnL of last 50 trades <= -$10 (current: $-11.59) (resumes in 278s)
2025-12-23 23:34:43 - trades.XAUGBPm - DEBUG - [SKIP] Cannot open trade: Circuit breaker: Rolling PnL of last 50 trades <= -$10 (current: $-11.59) (resumes in 93s)
2025-12-23 23:37:49 - trades.XAUGBPm - DEBUG - [SKIP] Cannot open trade: Circuit breaker: Rolling PnL of last 50 trades <= -$10 (current: $-11.59) (resumes in 3598s)
2025-12-23 23:44:08 - trades.XAUGBPm - DEBUG - [SKIP] Cannot open trade: Circuit breaker: Rolling PnL of last 50 trades <= -$10 (current: $-11.59) (resumes in 3220s)
2025-12-23 23:47:18 - trades.XAUGBPm - DEBUG - [SKIP] Cannot open trade: Circuit breaker: Rolling PnL of last 50 trades <= -$10 (current: $-11.59) (resumes in 3029s)
2025-12-23 23:50:38 - trades.XAUGBPm - DEBUG - [SKIP] Cannot open trade: Circuit breaker: Rolling PnL of last 50 trades <= -$10 (current: $-11.59) (resumes in 2830s)
2025-12-23 23:53:40 - trades.XAUGBPm - DEBUG - [SKIP] Cannot open trade: Circuit breaker: Rolling PnL of last 50 trades <= -$10 (current: $-11.59) (resumes in 2648s)
2025-12-23 23:56:53 - trades.XAUGBPm - DEBUG - [SKIP] Cannot open trade: Circuit breaker: Rolling PnL of last 50 trades <= -$10 (current: $-11.59) (resumes in 2455s)
2025-12-23 23:59:59 - trades.XAUGBPm - DEBUG - [SKIP] Cannot open trade: Circuit breaker: Rolling PnL of last 50 trades <= -$10 (current: $-11.59) (resumes in 2269s)
2025-12-24 00:02:13 - trades.XAUGBPm - DEBUG - [SKIP] Cannot open trade: Circuit breaker: Rolling PnL of last 50 trades <= -$10 (current: $-11.59) (resumes in 2134s)
2025-12-24 00:04:23 - trades.XAUGBPm - DEBUG - [SKIP] Cannot open trade: Circuit breaker: Rolling PnL of last 50 trades <= -$10 (current: $-11.59) (resumes in 2004s)
2025-12-24 00:06:31 - trades.XAUGBPm - DEBUG - [SKIP] Cannot open trade: Circuit breaker: Rolling PnL of last 50 trades <= -$10 (current: $-11.59) (resumes in 1876s)
2025-12-24 00:15:17 - trades.XAUGBPm - DEBUG - [SKIP] Cannot open trade: Circuit breaker: Rolling PnL of last 50 trades <= -$10 (current: $-11.59) (resumes in 1350s)
2025-12-24 00:17:31 - trades.XAUGBPm - DEBUG - [SKIP] Cannot open trade: Circuit breaker: Rolling PnL of last 50 trades <= -$10 (current: $-11.59) (resumes in 1217s)
2025-12-24 00:19:47 - trades.XAUGBPm - DEBUG - [SKIP] Cannot open trade: Circuit breaker: Rolling PnL of last 50 trades <= -$10 (current: $-11.59) (resumes in 1081s)
2025-12-24 00:22:04 - trades.XAUGBPm - DEBUG - [SKIP] Cannot open trade: Circuit breaker: Rolling PnL of last 50 trades <= -$10 (current: $-11.59) (resumes in 943s)
2025-12-24 00:26:30 - trades.XAUGBPm - DEBUG - [SKIP] Cannot open trade: Circuit breaker: Rolling PnL of last 50 trades <= -$10 (current: $-11.59) (resumes in 678s)
2025-12-24 00:28:37 - trades.XAUGBPm - DEBUG - [SKIP] Cannot open trade: Circuit breaker: Rolling PnL of last 50 trades <= -$10 (current: $-11.59) (resumes in 550s)
2025-12-24 00:30:49 - trades.XAUGBPm - DEBUG - [SKIP] Cannot open trade: Circuit breaker: Rolling PnL of last 50 trades <= -$10 (current: $-11.59) (resumes in 419s)
2025-12-24 00:32:57 - trades.XAUGBPm - DEBUG - [SKIP] Cannot open trade: Circuit breaker: Rolling PnL of last 50 trades <= -$10 (current: $-11.59) (resumes in 291s)
2025-12-24 00:35:04 - trades.XAUGBPm - DEBUG - [SKIP] Cannot open trade: Circuit breaker: Rolling PnL of last 50 trades <= -$10 (current: $-11.59) (resumes in 164s)
2025-12-24 00:37:11 - trades.XAUGBPm - DEBUG - [SKIP] Cannot open trade: Circuit breaker: Rolling PnL of last 50 trades <= -$10 (current: $-11.59) (resumes in 36s)
2025-12-24 00:45:27 - trades.XAUGBPm - DEBUG - [SKIP] Cannot open trade: Circuit breaker: Rolling PnL of last 50 trades <= -$10 (current: $-11.59) (resumes in 3231s)
2025-12-24 00:47:35 - trades.XAUGBPm - DEBUG - [SKIP] Cannot open trade: Circuit breaker: Rolling PnL of last 50 trades <= -$10 (current: $-11.59) (resumes in 3103s)
2025-12-24 00:49:41 - trades.XAUGBPm - DEBUG - [SKIP] Cannot open trade: Circuit breaker: Rolling PnL of last 50 trades <= -$10 (current: $-11.59) (resumes in 2977s)
2025-12-24 00:51:51 - trades.XAUGBPm - DEBUG - [SKIP] Cannot open trade: Circuit breaker: Rolling PnL of last 50 trades <= -$10 (current: $-11.59) (resumes in 2847s)
2025-12-24 00:54:02 - trades.XAUGBPm - DEBUG - [SKIP] Cannot open trade: Circuit breaker: Rolling PnL of last 50 trades <= -$10 (current: $-11.59) (resumes in 2716s)
2025-12-24 00:56:12 - trades.XAUGBPm - DEBUG - [SKIP] Cannot open trade: Circuit breaker: Rolling PnL of last 50 trades <= -$10 (current: $-11.59) (resumes in 2586s)
2025-12-24 00:58:20 - trades.XAUGBPm - DEBUG - [SKIP] Cannot open trade: Circuit breaker: Rolling PnL of last 50 trades <= -$10 (current: $-11.59) (resumes in 2457s)
2025-12-24 01:02:40 - trades.XAUGBPm - DEBUG - [SKIP] Cannot open trade: Circuit breaker: Rolling PnL of last 50 trades <= -$10 (current: $-11.59) (resumes in 2197s)
2025-12-24 01:11:26 - trades.XAUGBPm - DEBUG - [SKIP] Cannot open trade: Circuit breaker: Rolling PnL of last 50 trades <= -$10 (current: $-11.59) (resumes in 1671s)
2025-12-24 01:13:42 - trades.XAUGBPm - DEBUG - [SKIP] Cannot open trade: Circuit breaker: Rolling PnL of last 50 trades <= -$10 (current: $-11.59) (resumes in 1535s)
2025-12-24 01:16:01 - trades.XAUGBPm - DEBUG - [SKIP] Cannot open trade: Circuit breaker: Rolling PnL of last 50 trades <= -$10 (current: $-11.59) (resumes in 1396s)
2025-12-24 01:18:16 - trades.XAUGBPm - DEBUG - [SKIP] Cannot open trade: Circuit breaker: Rolling PnL of last 50 trades <= -$10 (current: $-11.59) (resumes in 1262s)
2025-12-24 01:20:33 - trades.XAUGBPm - DEBUG - [SKIP] Cannot open trade: Circuit breaker: Rolling PnL of last 50 trades <= -$10 (current: $-11.59) (resumes in 1124s)
2025-12-24 01:22:49 - trades.XAUGBPm - DEBUG - [SKIP] Cannot open trade: Circuit breaker: Rolling PnL of last 50 trades <= -$10 (current: $-11.59) (resumes in 988s)
2025-12-24 01:25:05 - trades.XAUGBPm - DEBUG - [SKIP] Cannot open trade: Circuit breaker: Rolling PnL of last 50 trades <= -$10 (current: $-11.59) (resumes in 853s)
2025-12-24 01:27:18 - trades.XAUGBPm - DEBUG - [SKIP] Cannot open trade: Circuit breaker: Rolling PnL of last 50 trades <= -$10 (current: $-11.59) (resumes in 720s)
2025-12-24 01:29:20 - trades.XAUGBPm - DEBUG - [SKIP] Cannot open trade: Circuit breaker: Rolling PnL of last 50 trades <= -$10 (current: $-11.59) (resumes in 597s)
2025-12-24 01:31:22 - trades.XAUGBPm - DEBUG - [SKIP] Cannot open trade: Circuit breaker: Rolling PnL of last 50 trades <= -$10 (current: $-11.59) (resumes in 475s)
2025-12-24 01:33:26 - trades.XAUGBPm - DEBUG - [SKIP] Cannot open trade: Circuit breaker: Rolling PnL of last 50 trades <= -$10 (current: $-11.59) (resumes in 351s)
2025-12-24 01:35:29 - trades.XAUGBPm - DEBUG - [SKIP] Cannot open trade: Circuit breaker: Rolling PnL of last 50 trades <= -$10 (current: $-11.59) (resumes in 229s)
2025-12-24 01:37:37 - trades.XAUGBPm - DEBUG - [SKIP] Cannot open trade: Circuit breaker: Rolling PnL of last 50 trades <= -$10 (current: $-11.59) (resumes in 100s)
2025-12-24 01:39:46 - trades.XAUGBPm - DEBUG - [SKIP] Cannot open trade: Circuit breaker: Rolling PnL of last 50 trades <= -$10 (current: $-11.59) (resumes in 3599s)
2025-12-24 01:41:59 - trades.XAUGBPm - DEBUG - [SKIP] Cannot open trade: Circuit breaker: Rolling PnL of last 50 trades <= -$10 (current: $-11.59) (resumes in 3467s)
2025-12-24 01:44:08 - trades.XAUGBPm - DEBUG - [SKIP] Cannot open trade: Circuit breaker: Rolling PnL of last 50 trades <= -$10 (current: $-11.59) (resumes in 3338s)
2025-12-24 01:46:14 - trades.XAUGBPm - DEBUG - [SKIP] Cannot open trade: Circuit breaker: Rolling PnL of last 50 trades <= -$10 (current: $-11.59) (resumes in 3211s)
2025-12-24 01:48:18 - trades.XAUGBPm - DEBUG - [SKIP] Cannot open trade: Circuit breaker: Rolling PnL of last 50 trades <= -$10 (current: $-11.59) (resumes in 3087s)
2025-12-24 01:50:23 - trades.XAUGBPm - DEBUG - [SKIP] Cannot open trade: Circuit breaker: Rolling PnL of last 50 trades <= -$10 (current: $-11.59) (resumes in 2963s)
2025-12-24 01:52:31 - trades.XAUGBPm - DEBUG - [SKIP] Cannot open trade: Circuit breaker: Rolling PnL of last 50 trades <= -$10 (current: $-11.59) (resumes in 2835s)
2025-12-24 01:54:41 - trades.XAUGBPm - DEBUG - [SKIP] Cannot open trade: Circuit breaker: Rolling PnL of last 50 trades <= -$10 (current: $-11.59) (resumes in 2704s)
2025-12-24 01:56:52 - trades.XAUGBPm - DEBUG - [SKIP] Cannot open trade: Circuit breaker: Rolling PnL of last 50 trades <= -$10 (current: $-11.59) (resumes in 2574s)
2025-12-24 02:08:09 - trades.XAUGBPm - DEBUG - [SKIP] Cannot open trade: Circuit breaker: Rolling PnL of last 50 trades <= -$10 (current: $-11.59) (resumes in 1897s)
2025-12-24 02:10:34 - trades.XAUGBPm - DEBUG - [SKIP] Cannot open trade: Circuit breaker: Rolling PnL of last 50 trades <= -$10 (current: $-11.59) (resumes in 1751s)
2025-12-24 02:13:05 - trades.XAUGBPm - DEBUG - [SKIP] Cannot open trade: Circuit breaker: Rolling PnL of last 50 trades <= -$10 (current: $-11.59) (resumes in 1601s)
2025-12-24 02:24:51 - trades.XAUGBPm - DEBUG - [SKIP] Cannot open trade: Circuit breaker: Rolling PnL of last 50 trades <= -$10 (current: $-11.59) (resumes in 895s)
2025-12-24 02:27:08 - trades.XAUGBPm - DEBUG - [SKIP] Cannot open trade: Circuit breaker: Rolling PnL of last 50 trades <= -$10 (current: $-11.59) (resumes in 757s)
2025-12-24 02:29:23 - trades.XAUGBPm - DEBUG - [SKIP] Cannot open trade: Circuit breaker: Rolling PnL of last 50 trades <= -$10 (current: $-11.59) (resumes in 622s)
2025-12-24 02:31:44 - trades.XAUGBPm - DEBUG - [SKIP] Cannot open trade: Circuit breaker: Rolling PnL of last 50 trades <= -$10 (current: $-11.59) (resumes in 482s)
2025-12-24 02:34:21 - trades.XAUGBPm - DEBUG - [SKIP] Cannot open trade: Circuit breaker: Rolling PnL of last 50 trades <= -$10 (current: $-11.59) (resumes in 325s)
2025-12-24 02:36:59 - trades.XAUGBPm - DEBUG - [SKIP] Cannot open trade: Circuit breaker: Rolling PnL of last 50 trades <= -$10 (current: $-11.59) (resumes in 166s)
2025-12-24 02:39:39 - trades.XAUGBPm - DEBUG - [SKIP] Cannot open trade: Circuit breaker: Rolling PnL of last 50 trades <= -$10 (current: $-11.59) (resumes in 7s)
2025-12-24 02:42:11 - trades.XAUGBPm - DEBUG - [SKIP] Cannot open trade: Circuit breaker: Rolling PnL of last 50 trades <= -$10 (current: $-11.59) (resumes in 3458s)
2025-12-24 02:53:32 - trades.XAUGBPm - DEBUG - [SKIP] Cannot open trade: Circuit breaker: Rolling PnL of last 50 trades <= -$10 (current: $-11.59) (resumes in 2777s)
2025-12-24 02:55:47 - trades.XAUGBPm - DEBUG - [SKIP] Cannot open trade: Circuit breaker: Rolling PnL of last 50 trades <= -$10 (current: $-11.59) (resumes in 2641s)
2025-12-24 02:58:00 - trades.XAUGBPm - DEBUG - [SKIP] Cannot open trade: Circuit breaker: Rolling PnL of last 50 trades <= -$10 (current: $-11.59) (resumes in 2508s)
2025-12-24 03:00:17 - trades.XAUGBPm - DEBUG - [SKIP] Cannot open trade: Circuit breaker: Rolling PnL of last 50 trades <= -$10 (current: $-11.59) (resumes in 2371s)
2025-12-24 03:02:35 - trades.XAUGBPm - DEBUG - [SKIP] Cannot open trade: Circuit breaker: Rolling PnL of last 50 trades <= -$10 (current: $-11.59) (resumes in 2233s)
2025-12-24 03:04:54 - trades.XAUGBPm - DEBUG - [SKIP] Cannot open trade: Circuit breaker: Rolling PnL of last 50 trades <= -$10 (current: $-11.59) (resumes in 2095s)
2025-12-24 03:07:12 - trades.XAUGBPm - DEBUG - [SKIP] Cannot open trade: Circuit breaker: Rolling PnL of last 50 trades <= -$10 (current: $-11.59) (resumes in 1956s)
2025-12-24 03:09:26 - trades.XAUGBPm - DEBUG - [SKIP] Cannot open trade: Circuit breaker: Rolling PnL of last 50 trades <= -$10 (current: $-11.59) (resumes in 1822s)
2025-12-24 03:11:40 - trades.XAUGBPm - DEBUG - [SKIP] Cannot open trade: Circuit breaker: Rolling PnL of last 50 trades <= -$10 (current: $-11.59) (resumes in 1688s)
2025-12-24 03:13:52 - trades.XAUGBPm - DEBUG - [SKIP] Cannot open trade: Circuit breaker: Rolling PnL of last 50 trades <= -$10 (current: $-11.59) (resumes in 1556s)
2025-12-24 03:16:04 - trades.XAUGBPm - DEBUG - [SKIP] Cannot open trade: Circuit breaker: Rolling PnL of last 50 trades <= -$10 (current: $-11.59) (resumes in 1424s)
2025-12-24 03:18:15 - trades.XAUGBPm - DEBUG - [SKIP] Cannot open trade: Circuit breaker: Rolling PnL of last 50 trades <= -$10 (current: $-11.59) (resumes in 1293s)
2025-12-24 03:20:28 - trades.XAUGBPm - DEBUG - [SKIP] Cannot open trade: Circuit breaker: Rolling PnL of last 50 trades <= -$10 (current: $-11.59) (resumes in 1160s)
2025-12-24 03:22:38 - trades.XAUGBPm - DEBUG - [SKIP] Cannot open trade: Circuit breaker: Rolling PnL of last 50 trades <= -$10 (current: $-11.59) (resumes in 1030s)
2025-12-24 03:24:47 - trades.XAUGBPm - DEBUG - [SKIP] Cannot open trade: Circuit breaker: Rolling PnL of last 50 trades <= -$10 (current: $-11.59) (resumes in 901s)
2025-12-24 03:26:54 - trades.XAUGBPm - DEBUG - [SKIP] Cannot open trade: Circuit breaker: Rolling PnL of last 50 trades <= -$10 (current: $-11.59) (resumes in 774s)
2025-12-24 03:29:06 - trades.XAUGBPm - DEBUG - [SKIP] Cannot open trade: Circuit breaker: Rolling PnL of last 50 trades <= -$10 (current: $-11.59) (resumes in 642s)
2025-12-24 03:31:16 - trades.XAUGBPm - DEBUG - [SKIP] Cannot open trade: Circuit breaker: Rolling PnL of last 50 trades <= -$10 (current: $-11.59) (resumes in 512s)
2025-12-24 03:33:23 - trades.XAUGBPm - DEBUG - [SKIP] Cannot open trade: Circuit breaker: Rolling PnL of last 50 trades <= -$10 (current: $-11.59) (resumes in 386s)
2025-12-24 03:35:32 - trades.XAUGBPm - DEBUG - [SKIP] Cannot open trade: Circuit breaker: Rolling PnL of last 50 trades <= -$10 (current: $-11.59) (resumes in 256s)
2025-12-24 03:37:41 - trades.XAUGBPm - DEBUG - [SKIP] Cannot open trade: Circuit breaker: Rolling PnL of last 50 trades <= -$10 (current: $-11.59) (resumes in 128s)
2025-12-24 03:39:51 - trades.XAUGBPm - DEBUG - [SKIP] Cannot open trade: Circuit breaker: Rolling PnL of last 50 trades <= -$10 (current: $-11.59)
2025-12-24 03:50:34 - trades.XAUGBPm - DEBUG - [SKIP] Cannot open trade: Circuit breaker: Rolling PnL of last 50 trades <= -$10 (current: $-11.59) (resumes in 2957s)
2025-12-24 03:52:39 - trades.XAUGBPm - DEBUG - [SKIP] Cannot open trade: Circuit breaker: Rolling PnL of last 50 trades <= -$10 (current: $-11.59) (resumes in 2832s)
2025-12-24 03:54:44 - trades.XAUGBPm - DEBUG - [SKIP] Cannot open trade: Circuit breaker: Rolling PnL of last 50 trades <= -$10 (current: $-11.59) (resumes in 2707s)
2025-12-24 03:56:51 - trades.XAUGBPm - DEBUG - [SKIP] Cannot open trade: Circuit breaker: Rolling PnL of last 50 trades <= -$10 (current: $-11.59) (resumes in 2579s)
2025-12-24 03:58:57 - trades.XAUGBPm - DEBUG - [SKIP] Cannot open trade: Circuit breaker: Rolling PnL of last 50 trades <= -$10 (current: $-11.59) (resumes in 2454s)
2025-12-24 04:01:03 - trades.XAUGBPm - DEBUG - [SKIP] Cannot open trade: Circuit breaker: Rolling PnL of last 50 trades <= -$10 (current: $-11.59) (resumes in 2328s)
2025-12-24 04:03:08 - trades.XAUGBPm - DEBUG - [SKIP] Cannot open trade: Circuit breaker: Rolling PnL of last 50 trades <= -$10 (current: $-11.59) (resumes in 2202s)
2025-12-24 04:05:18 - trades.XAUGBPm - DEBUG - [SKIP] Cannot open trade: Circuit breaker: Rolling PnL of last 50 trades <= -$10 (current: $-11.59) (resumes in 2073s)
2025-12-24 04:07:25 - trades.XAUGBPm - DEBUG - [SKIP] Cannot open trade: Circuit breaker: Rolling PnL of last 50 trades <= -$10 (current: $-11.59) (resumes in 1946s)
2025-12-24 04:09:34 - trades.XAUGBPm - DEBUG - [SKIP] Cannot open trade: Circuit breaker: Rolling PnL of last 50 trades <= -$10 (current: $-11.59) (resumes in 1817s)
2025-12-24 04:11:46 - trades.XAUGBPm - DEBUG - [SKIP] Cannot open trade: Circuit breaker: Rolling PnL of last 50 trades <= -$10 (current: $-11.59) (resumes in 1685s)
2025-12-24 04:13:58 - trades.XAUGBPm - DEBUG - [SKIP] Cannot open trade: Circuit breaker: Rolling PnL of last 50 trades <= -$10 (current: $-11.59) (resumes in 1553s)
2025-12-24 04:16:09 - trades.XAUGBPm - DEBUG - [SKIP] Cannot open trade: Circuit breaker: Rolling PnL of last 50 trades <= -$10 (current: $-11.59) (resumes in 1422s)
2025-12-24 04:18:22 - trades.XAUGBPm - DEBUG - [SKIP] Cannot open trade: Circuit breaker: Rolling PnL of last 50 trades <= -$10 (current: $-11.59) (resumes in 1289s)
2025-12-24 04:20:35 - trades.XAUGBPm - DEBUG - [SKIP] Cannot open trade: Circuit breaker: Rolling PnL of last 50 trades <= -$10 (current: $-11.59) (resumes in 1156s)
2025-12-24 04:22:49 - trades.XAUGBPm - DEBUG - [SKIP] Cannot open trade: Circuit breaker: Rolling PnL of last 50 trades <= -$10 (current: $-11.59) (resumes in 1022s)
2025-12-24 04:27:14 - trades.XAUGBPm - DEBUG - [SKIP] Cannot open trade: Circuit breaker: Rolling PnL of last 50 trades <= -$10 (current: $-11.59) (resumes in 757s)
2025-12-24 04:31:29 - trades.XAUGBPm - DEBUG - [SKIP] Cannot open trade: Circuit breaker: Rolling PnL of last 50 trades <= -$10 (current: $-11.59) (resumes in 502s)
2025-12-24 04:33:36 - trades.XAUGBPm - DEBUG - [SKIP] Cannot open trade: Circuit breaker: Rolling PnL of last 50 trades <= -$10 (current: $-11.59) (resumes in 375s)
2025-12-24 04:35:41 - trades.XAUGBPm - DEBUG - [SKIP] Cannot open trade: Circuit breaker: Rolling PnL of last 50 trades <= -$10 (current: $-11.59) (resumes in 250s)
2025-12-24 04:37:55 - trades.XAUGBPm - DEBUG - [SKIP] Cannot open trade: Circuit breaker: Rolling PnL of last 50 trades <= -$10 (current: $-11.59) (resumes in 116s)
2025-12-24 04:40:09 - trades.XAUGBPm - DEBUG - [SKIP] Cannot open trade: Circuit breaker: Rolling PnL of last 50 trades <= -$10 (current: $-11.59) (resumes in 3599s)
2025-12-24 04:42:18 - trades.XAUGBPm - DEBUG - [SKIP] Cannot open trade: Circuit breaker: Rolling PnL of last 50 trades <= -$10 (current: $-11.59) (resumes in 3470s)
2025-12-24 04:44:23 - trades.XAUGBPm - DEBUG - [SKIP] Cannot open trade: Circuit breaker: Rolling PnL of last 50 trades <= -$10 (current: $-11.59) (resumes in 3345s)
2025-12-24 04:46:32 - trades.XAUGBPm - DEBUG - [SKIP] Cannot open trade: Circuit breaker: Rolling PnL of last 50 trades <= -$10 (current: $-11.59) (resumes in 3216s)
2025-12-24 04:48:37 - trades.XAUGBPm - DEBUG - [SKIP] Cannot open trade: Circuit breaker: Rolling PnL of last 50 trades <= -$10 (current: $-11.59) (resumes in 3091s)
2025-12-24 04:50:44 - trades.XAUGBPm - DEBUG - [SKIP] Cannot open trade: Circuit breaker: Rolling PnL of last 50 trades <= -$10 (current: $-11.59) (resumes in 2964s)
2025-12-24 04:52:48 - trades.XAUGBPm - DEBUG - [SKIP] Cannot open trade: Circuit breaker: Rolling PnL of last 50 trades <= -$10 (current: $-11.59) (resumes in 2840s)
2025-12-24 04:54:57 - trades.XAUGBPm - DEBUG - [SKIP] Cannot open trade: Circuit breaker: Rolling PnL of last 50 trades <= -$10 (current: $-11.59) (resumes in 2711s)
2025-12-24 04:57:04 - trades.XAUGBPm - DEBUG - [SKIP] Cannot open trade: Circuit breaker: Rolling PnL of last 50 trades <= -$10 (current: $-11.59) (resumes in 2584s)
2025-12-24 04:59:12 - trades.XAUGBPm - DEBUG - [SKIP] Cannot open trade: Circuit breaker: Rolling PnL of last 50 trades <= -$10 (current: $-11.59) (resumes in 2457s)
2025-12-24 05:18:14 - trades.XAUGBPm - DEBUG - [SKIP] Cannot open trade: Circuit breaker: Rolling PnL of last 50 trades <= -$10 (current: $-11.59) (resumes in 1315s)
2025-12-24 05:20:16 - trades.XAUGBPm - DEBUG - [SKIP] Cannot open trade: Circuit breaker: Rolling PnL of last 50 trades <= -$10 (current: $-11.59) (resumes in 1192s)
2025-12-24 05:22:19 - trades.XAUGBPm - DEBUG - [SKIP] Cannot open trade: Circuit breaker: Rolling PnL of last 50 trades <= -$10 (current: $-11.59) (resumes in 1069s)
2025-12-24 05:24:24 - trades.XAUGBPm - DEBUG - [SKIP] Cannot open trade: Circuit breaker: Rolling PnL of last 50 trades <= -$10 (current: $-11.59) (resumes in 944s)
2025-12-24 05:26:27 - trades.XAUGBPm - DEBUG - [SKIP] Cannot open trade: Circuit breaker: Rolling PnL of last 50 trades <= -$10 (current: $-11.59) (resumes in 821s)
2025-12-24 05:28:29 - trades.XAUGBPm - DEBUG - [SKIP] Cannot open trade: Circuit breaker: Rolling PnL of last 50 trades <= -$10 (current: $-11.59) (resumes in 700s)
2025-12-24 05:30:30 - trades.XAUGBPm - DEBUG - [SKIP] Cannot open trade: Circuit breaker: Rolling PnL of last 50 trades <= -$10 (current: $-11.59) (resumes in 578s)
2025-12-24 05:32:32 - trades.XAUGBPm - DEBUG - [SKIP] Cannot open trade: Circuit breaker: Rolling PnL of last 50 trades <= -$10 (current: $-11.59) (resumes in 456s)
2025-12-24 05:34:36 - trades.XAUGBPm - DEBUG - [SKIP] Cannot open trade: Circuit breaker: Rolling PnL of last 50 trades <= -$10 (current: $-11.59) (resumes in 332s)
2025-12-24 05:36:41 - trades.XAUGBPm - DEBUG - [SKIP] Cannot open trade: Circuit breaker: Rolling PnL of last 50 trades <= -$10 (current: $-11.59) (resumes in 207s)
2025-12-24 05:38:44 - trades.XAUGBPm - DEBUG - [SKIP] Cannot open trade: Circuit breaker: Rolling PnL of last 50 trades <= -$10 (current: $-11.59) (resumes in 84s)
2025-12-24 05:40:48 - trades.XAUGBPm - DEBUG - [SKIP] Cannot open trade: Circuit breaker: Rolling PnL of last 50 trades <= -$10 (current: $-11.59) (resumes in 3599s)
2025-12-24 05:42:53 - trades.XAUGBPm - DEBUG - [SKIP] Cannot open trade: Circuit breaker: Rolling PnL of last 50 trades <= -$10 (current: $-11.59) (resumes in 3474s)
2025-12-24 05:45:02 - trades.XAUGBPm - DEBUG - [SKIP] Cannot open trade: Circuit breaker: Rolling PnL of last 50 trades <= -$10 (current: $-11.59) (resumes in 3345s)
2025-12-24 05:49:13 - trades.XAUGBPm - DEBUG - [SKIP] Cannot open trade: Circuit breaker: Rolling PnL of last 50 trades <= -$10 (current: $-11.59) (resumes in 3094s)
2025-12-24 05:51:22 - trades.XAUGBPm - DEBUG - [SKIP] Cannot open trade: Circuit breaker: Rolling PnL of last 50 trades <= -$10 (current: $-11.59) (resumes in 2965s)
2025-12-24 05:54:27 - trades.XAUGBPm - DEBUG - [SKIP] Cannot open trade: Circuit breaker: Rolling PnL of last 50 trades <= -$10 (current: $-11.59) (resumes in 2780s)
2025-12-24 06:03:49 - trades.XAUGBPm - DEBUG - [SKIP] Cannot open trade: Circuit breaker: Rolling PnL of last 50 trades <= -$10 (current: $-11.59) (resumes in 2218s)
2025-12-24 06:06:52 - trades.XAUGBPm - DEBUG - [SKIP] Cannot open trade: Circuit breaker: Rolling PnL of last 50 trades <= -$10 (current: $-11.59) (resumes in 2035s)
2025-12-24 06:09:53 - trades.XAUGBPm - DEBUG - [SKIP] Cannot open trade: Circuit breaker: Rolling PnL of last 50 trades <= -$10 (current: $-11.59) (resumes in 1854s)
2025-12-24 06:13:03 - trades.XAUGBPm - DEBUG - [SKIP] Cannot open trade: Circuit breaker: Rolling PnL of last 50 trades <= -$10 (current: $-11.59) (resumes in 1664s)
2025-12-24 06:16:09 - trades.XAUGBPm - DEBUG - [SKIP] Cannot open trade: Circuit breaker: Rolling PnL of last 50 trades <= -$10 (current: $-11.59) (resumes in 1478s)
2025-12-24 06:19:06 - trades.XAUGBPm - DEBUG - [SKIP] Cannot open trade: Circuit breaker: Rolling PnL of last 50 trades <= -$10 (current: $-11.59) (resumes in 1301s)
2025-12-24 06:22:01 - trades.XAUGBPm - DEBUG - [SKIP] Cannot open trade: Circuit breaker: Rolling PnL of last 50 trades <= -$10 (current: $-11.59) (resumes in 1126s)
2025-12-24 06:24:57 - trades.XAUGBPm - DEBUG - [SKIP] Cannot open trade: Circuit breaker: Rolling PnL of last 50 trades <= -$10 (current: $-11.59) (resumes in 950s)
2025-12-24 06:27:48 - trades.XAUGBPm - DEBUG - [SKIP] Cannot open trade: Circuit breaker: Rolling PnL of last 50 trades <= -$10 (current: $-11.59) (resumes in 780s)
2025-12-24 06:30:46 - trades.XAUGBPm - DEBUG - [SKIP] Cannot open trade: Circuit breaker: Rolling PnL of last 50 trades <= -$10 (current: $-11.59) (resumes in 601s)
2025-12-24 06:33:46 - trades.XAUGBPm - DEBUG - [SKIP] Cannot open trade: Circuit breaker: Rolling PnL of last 50 trades <= -$10 (current: $-11.59) (resumes in 422s)
2025-12-24 06:42:46 - trades.XAUGBPm - DEBUG - [SKIP] Cannot open trade: Circuit breaker: Rolling PnL of last 50 trades <= -$10 (current: $-11.59) (resumes in 3487s)
2025-12-24 06:45:45 - trades.XAUGBPm - DEBUG - [SKIP] Cannot open trade: Circuit breaker: Rolling PnL of last 50 trades <= -$10 (current: $-11.59) (resumes in 3308s)
2025-12-24 06:54:36 - trades.XAUGBPm - DEBUG - [SKIP] Cannot open trade: Circuit breaker: Rolling PnL of last 50 trades <= -$10 (current: $-11.59) (resumes in 2777s)
2025-12-24 06:57:28 - trades.XAUGBPm - DEBUG - [SKIP] Cannot open trade: Circuit breaker: Rolling PnL of last 50 trades <= -$10 (current: $-11.59) (resumes in 2606s)
2025-12-24 07:00:29 - trades.XAUGBPm - DEBUG - [SKIP] Cannot open trade: Circuit breaker: Rolling PnL of last 50 trades <= -$10 (current: $-11.59) (resumes in 2424s)
2025-12-24 07:03:34 - trades.XAUGBPm - DEBUG - [SKIP] Cannot open trade: Circuit breaker: Rolling PnL of last 50 trades <= -$10 (current: $-11.59) (resumes in 2239s)
2025-12-24 07:06:39 - trades.XAUGBPm - DEBUG - [SKIP] Cannot open trade: Circuit breaker: Rolling PnL of last 50 trades <= -$10 (current: $-11.59) (resumes in 2054s)
2025-12-24 07:09:38 - trades.XAUGBPm - DEBUG - [SKIP] Cannot open trade: Circuit breaker: Rolling PnL of last 50 trades <= -$10 (current: $-11.59) (resumes in 1875s)
2025-12-24 07:12:40 - trades.XAUGBPm - DEBUG - [SKIP] Cannot open trade: Circuit breaker: Rolling PnL of last 50 trades <= -$10 (current: $-11.59) (resumes in 1693s)
2025-12-24 07:15:40 - trades.XAUGBPm - DEBUG - [SKIP] Cannot open trade: Circuit breaker: Rolling PnL of last 50 trades <= -$10 (current: $-11.59) (resumes in 1513s)
2025-12-24 07:18:47 - trades.XAUGBPm - DEBUG - [SKIP] Cannot open trade: Circuit breaker: Rolling PnL of last 50 trades <= -$10 (current: $-11.59) (resumes in 1326s)
2025-12-24 07:21:59 - trades.XAUGBPm - DEBUG - [SKIP] Cannot open trade: Circuit breaker: Rolling PnL of last 50 trades <= -$10 (current: $-11.59) (resumes in 1135s)
2025-12-24 07:25:04 - trades.XAUGBPm - DEBUG - [SKIP] Cannot open trade: Circuit breaker: Rolling PnL of last 50 trades <= -$10 (current: $-11.59) (resumes in 949s)
2025-12-24 07:34:00 - trades.XAUGBPm - DEBUG - [SKIP] Cannot open trade: Circuit breaker: Rolling PnL of last 50 trades <= -$10 (current: $-11.59) (resumes in 414s)
2025-12-24 07:36:54 - trades.XAUGBPm - DEBUG - [SKIP] Cannot open trade: Circuit breaker: Rolling PnL of last 50 trades <= -$10 (current: $-11.59) (resumes in 239s)
2025-12-24 07:39:52 - trades.XAUGBPm - DEBUG - [SKIP] Cannot open trade: Circuit breaker: Rolling PnL of last 50 trades <= -$10 (current: $-11.59) (resumes in 61s)
2025-12-24 07:42:49 - trades.XAUGBPm - DEBUG - [SKIP] Cannot open trade: Circuit breaker: Rolling PnL of last 50 trades <= -$10 (current: $-11.59) (resumes in 3491s)
2025-12-24 07:45:50 - trades.XAUGBPm - DEBUG - [SKIP] Cannot open trade: Circuit breaker: Rolling PnL of last 50 trades <= -$10 (current: $-11.59) (resumes in 3311s)
2025-12-24 07:48:53 - trades.XAUGBPm - DEBUG - [SKIP] Cannot open trade: Circuit breaker: Rolling PnL of last 50 trades <= -$10 (current: $-11.59) (resumes in 3127s)
2025-12-24 07:51:53 - trades.XAUGBPm - DEBUG - [SKIP] Cannot open trade: Circuit breaker: Rolling PnL of last 50 trades <= -$10 (current: $-11.59) (resumes in 2948s)
2025-12-24 07:54:54 - trades.XAUGBPm - DEBUG - [SKIP] Cannot open trade: Circuit breaker: Rolling PnL of last 50 trades <= -$10 (current: $-11.59) (resumes in 2767s)
2025-12-24 07:57:57 - trades.XAUGBPm - DEBUG - [SKIP] Cannot open trade: Circuit breaker: Rolling PnL of last 50 trades <= -$10 (current: $-11.59) (resumes in 2584s)
2025-12-24 08:41:59 - trades.XAUGBPm - DEBUG - [SKIP] Cannot open trade: Circuit breaker: Rolling PnL of last 50 trades <= -$10 (current: $-11.59) (resumes in 3599s)
2025-12-24 08:45:18 - trades.XAUGBPm - DEBUG - [SKIP] Cannot open trade: Circuit breaker: Rolling PnL of last 50 trades <= -$10 (current: $-11.59) (resumes in 3400s)
2025-12-24 08:48:28 - trades.XAUGBPm - DEBUG - [SKIP] Cannot open trade: Circuit breaker: Rolling PnL of last 50 trades <= -$10 (current: $-11.59) (resumes in 3210s)
2025-12-24 08:51:47 - trades.XAUGBPm - DEBUG - [SKIP] Cannot open trade: Circuit breaker: Rolling PnL of last 50 trades <= -$10 (current: $-11.59) (resumes in 3010s)
2025-12-24 08:55:01 - trades.XAUGBPm - DEBUG - [SKIP] Cannot open trade: Circuit breaker: Rolling PnL of last 50 trades <= -$10 (current: $-11.59) (resumes in 2817s)
2025-12-24 08:58:10 - trades.XAUGBPm - DEBUG - [SKIP] Cannot open trade: Circuit breaker: Rolling PnL of last 50 trades <= -$10 (current: $-11.59) (resumes in 2628s)
2025-12-24 09:01:17 - trades.XAUGBPm - DEBUG - [SKIP] Cannot open trade: Circuit breaker: Rolling PnL of last 50 trades <= -$10 (current: $-11.59) (resumes in 2440s)
2025-12-24 09:04:19 - trades.XAUGBPm - DEBUG - [SKIP] Cannot open trade: Circuit breaker: Rolling PnL of last 50 trades <= -$10 (current: $-11.59) (resumes in 2259s)
2025-12-24 09:07:27 - trades.XAUGBPm - DEBUG - [SKIP] Cannot open trade: Circuit breaker: Rolling PnL of last 50 trades <= -$10 (current: $-11.59) (resumes in 2071s)
2025-12-24 09:10:32 - trades.XAUGBPm - DEBUG - [SKIP] Cannot open trade: Circuit breaker: Rolling PnL of last 50 trades <= -$10 (current: $-11.59) (resumes in 1885s)
2025-12-24 09:13:39 - trades.XAUGBPm - DEBUG - [SKIP] Cannot open trade: Circuit breaker: Rolling PnL of last 50 trades <= -$10 (current: $-11.59) (resumes in 1699s)
2025-12-24 09:16:53 - trades.XAUGBPm - DEBUG - [SKIP] Cannot open trade: Circuit breaker: Rolling PnL of last 50 trades <= -$10 (current: $-11.59) (resumes in 1505s)
2025-12-24 09:23:45 - trades.XAUGBPm - DEBUG - [SKIP] Cannot open trade: Circuit breaker: Rolling PnL of last 50 trades <= -$10 (current: $-11.59) (resumes in 1093s)
2025-12-24 09:27:03 - trades.XAUGBPm - DEBUG - [SKIP] Cannot open trade: Circuit breaker: Rolling PnL of last 50 trades <= -$10 (current: $-11.59) (resumes in 895s)
2025-12-24 09:30:13 - trades.XAUGBPm - DEBUG - [SKIP] Cannot open trade: Circuit breaker: Rolling PnL of last 50 trades <= -$10 (current: $-11.59) (resumes in 704s)
2025-12-24 09:33:27 - trades.XAUGBPm - DEBUG - [SKIP] Cannot open trade: Circuit breaker: Rolling PnL of last 50 trades <= -$10 (current: $-11.59) (resumes in 510s)
2025-12-24 09:36:43 - trades.XAUGBPm - DEBUG - [SKIP] Cannot open trade: Circuit breaker: Rolling PnL of last 50 trades <= -$10 (current: $-11.59) (resumes in 315s)
2025-12-24 09:39:54 - trades.XAUGBPm - DEBUG - [SKIP] Cannot open trade: Circuit breaker: Rolling PnL of last 50 trades <= -$10 (current: $-11.59) (resumes in 123s)
2025-12-24 09:49:50 - trades.XAUGBPm - DEBUG - [SKIP] Cannot open trade: Circuit breaker: Rolling PnL of last 50 trades <= -$10 (current: $-11.59) (resumes in 3203s)
2025-12-24 09:53:13 - trades.XAUGBPm - DEBUG - [SKIP] Cannot open trade: Circuit breaker: Rolling PnL of last 50 trades <= -$10 (current: $-11.59) (resumes in 3000s)
2025-12-24 09:56:42 - trades.XAUGBPm - DEBUG - [SKIP] Cannot open trade: Circuit breaker: Rolling PnL of last 50 trades <= -$10 (current: $-11.59) (resumes in 2790s)
2025-12-24 10:00:06 - trades.XAUGBPm - DEBUG - [SKIP] Cannot open trade: Circuit breaker: Rolling PnL of last 50 trades <= -$10 (current: $-11.59) (resumes in 2586s)
2025-12-24 10:03:34 - trades.XAUGBPm - DEBUG - [SKIP] Cannot open trade: Circuit breaker: Rolling PnL of last 50 trades <= -$10 (current: $-11.59) (resumes in 2379s)
2025-12-24 10:07:03 - trades.XAUGBPm - DEBUG - [SKIP] Cannot open trade: Circuit breaker: Rolling PnL of last 50 trades <= -$10 (current: $-11.59) (resumes in 2170s)
2025-12-24 10:10:29 - trades.XAUGBPm - DEBUG - [SKIP] Cannot open trade: Circuit breaker: Rolling PnL of last 50 trades <= -$10 (current: $-11.59) (resumes in 1963s)
2025-12-24 10:14:02 - trades.XAUGBPm - DEBUG - [SKIP] Cannot open trade: Circuit breaker: Rolling PnL of last 50 trades <= -$10 (current: $-11.59) (resumes in 1751s)
2025-12-24 10:17:29 - trades.XAUGBPm - DEBUG - [SKIP] Cannot open trade: Circuit breaker: Rolling PnL of last 50 trades <= -$10 (current: $-11.59) (resumes in 1544s)
2025-12-24 10:27:10 - trades.XAUGBPm - DEBUG - [SKIP] Cannot open trade: Circuit breaker: Rolling PnL of last 50 trades <= -$10 (current: $-11.59) (resumes in 963s)
2025-12-24 10:30:21 - trades.XAUGBPm - DEBUG - [SKIP] Cannot open trade: Circuit breaker: Rolling PnL of last 50 trades <= -$10 (current: $-11.59) (resumes in 772s)
2025-12-24 10:33:37 - trades.XAUGBPm - DEBUG - [SKIP] Cannot open trade: Circuit breaker: Rolling PnL of last 50 trades <= -$10 (current: $-11.59) (resumes in 575s)
2025-12-24 10:36:48 - trades.XAUGBPm - DEBUG - [SKIP] Cannot open trade: Circuit breaker: Rolling PnL of last 50 trades <= -$10 (current: $-11.59) (resumes in 384s)
2025-12-24 10:40:04 - trades.XAUGBPm - DEBUG - [SKIP] Cannot open trade: Circuit breaker: Rolling PnL of last 50 trades <= -$10 (current: $-11.59) (resumes in 188s)
2025-12-24 10:43:14 - trades.XAUGBPm - DEBUG - [SKIP] Cannot open trade: Entry filter: Spread sanity: spread 275.0% of avg range > max 30.0%
2025-12-24 10:46:27 - trades.XAUGBPm - DEBUG - [SKIP] Cannot open trade: Circuit breaker: Rolling PnL of last 50 trades <= -$10 (current: $-11.59) (resumes in 3410s)
2025-12-24 10:49:37 - trades.XAUGBPm - DEBUG - [SKIP] Cannot open trade: Circuit breaker: Rolling PnL of last 50 trades <= -$10 (current: $-11.59) (resumes in 3220s)
2025-12-24 10:52:39 - trades.XAUGBPm - DEBUG - [SKIP] Cannot open trade: Circuit breaker: Rolling PnL of last 50 trades <= -$10 (current: $-11.59) (resumes in 3038s)
2025-12-24 10:55:59 - trades.XAUGBPm - DEBUG - [SKIP] Cannot open trade: Circuit breaker: Rolling PnL of last 50 trades <= -$10 (current: $-11.59) (resumes in 2838s)
2025-12-24 10:59:33 - trades.XAUGBPm - DEBUG - [SKIP] Cannot open trade: Circuit breaker: Rolling PnL of last 50 trades <= -$10 (current: $-11.59) (resumes in 2624s)
2025-12-24 11:03:19 - trades.XAUGBPm - DEBUG - [SKIP] Cannot open trade: Circuit breaker: Rolling PnL of last 50 trades <= -$10 (current: $-11.59) (resumes in 2397s)
2025-12-24 11:06:59 - trades.XAUGBPm - DEBUG - [SKIP] Cannot open trade: Circuit breaker: Rolling PnL of last 50 trades <= -$10 (current: $-11.59) (resumes in 2177s)
2025-12-24 11:11:08 - trades.XAUGBPm - DEBUG - [SKIP] Cannot open trade: Circuit breaker: Rolling PnL of last 50 trades <= -$10 (current: $-11.59) (resumes in 1929s)
2025-12-24 11:15:10 - trades.XAUGBPm - DEBUG - [SKIP] Cannot open trade: Circuit breaker: Rolling PnL of last 50 trades <= -$10 (current: $-11.59) (resumes in 1686s)
2025-12-24 11:19:17 - trades.XAUGBPm - DEBUG - [SKIP] Cannot open trade: Circuit breaker: Rolling PnL of last 50 trades <= -$10 (current: $-11.59) (resumes in 1439s)
2025-12-24 11:26:04 - trades.XAUGBPm - DEBUG - [SKIP] Cannot open trade: Circuit breaker: Rolling PnL of last 50 trades <= -$10 (current: $-11.59) (resumes in 1033s)
2025-12-24 11:29:23 - trades.XAUGBPm - DEBUG - [SKIP] Cannot open trade: Circuit breaker: Rolling PnL of last 50 trades <= -$10 (current: $-11.59) (resumes in 834s)
2025-12-24 11:36:09 - trades.XAUGBPm - DEBUG - [SKIP] Cannot open trade: Circuit breaker: Rolling PnL of last 50 trades <= -$10 (current: $-11.59) (resumes in 428s)
2025-12-24 11:39:32 - trades.XAUGBPm - DEBUG - [SKIP] Cannot open trade: Circuit breaker: Rolling PnL of last 50 trades <= -$10 (current: $-11.59) (resumes in 224s)
2025-12-24 11:42:55 - trades.XAUGBPm - DEBUG - [SKIP] Cannot open trade: Circuit breaker: Rolling PnL of last 50 trades <= -$10 (current: $-11.59) (resumes in 22s)
2025-12-24 11:46:13 - trades.XAUGBPm - DEBUG - [SKIP] Cannot open trade: Circuit breaker: Rolling PnL of last 50 trades <= -$10 (current: $-11.59) (resumes in 3428s)
2025-12-24 11:49:28 - trades.XAUGBPm - DEBUG - [SKIP] Cannot open trade: Circuit breaker: Rolling PnL of last 50 trades <= -$10 (current: $-11.59) (resumes in 3233s)
2025-12-24 11:52:52 - trades.XAUGBPm - DEBUG - [SKIP] Cannot open trade: Circuit breaker: Rolling PnL of last 50 trades <= -$10 (current: $-11.59) (resumes in 3029s)
2025-12-24 11:56:12 - trades.XAUGBPm - DEBUG - [SKIP] Cannot open trade: Circuit breaker: Rolling PnL of last 50 trades <= -$10 (current: $-11.59) (resumes in 2829s)
2025-12-24 12:05:58 - trades.XAUGBPm - DEBUG - [SKIP] Cannot open trade: Circuit breaker: Rolling PnL of last 50 trades <= -$10 (current: $-11.59) (resumes in 2243s)
2025-12-24 12:09:03 - trades.XAUGBPm - DEBUG - [SKIP] Cannot open trade: Circuit breaker: Rolling PnL of last 50 trades <= -$10 (current: $-11.59) (resumes in 2058s)
2025-12-24 12:12:04 - trades.XAUGBPm - DEBUG - [SKIP] Cannot open trade: Circuit breaker: Rolling PnL of last 50 trades <= -$10 (current: $-11.59) (resumes in 1877s)
2025-12-24 12:15:12 - trades.XAUGBPm - DEBUG - [SKIP] Cannot open trade: Circuit breaker: Rolling PnL of last 50 trades <= -$10 (current: $-11.59) (resumes in 1689s)
2025-12-24 12:56:34 - trades.XAUGBPm - DEBUG - [SKIP] Cannot open trade: Circuit breaker: Rolling PnL of last 50 trades <= -$10 (current: $-11.59) (resumes in 2837s)
2025-12-24 12:59:50 - trades.XAUGBPm - DEBUG - [SKIP] Cannot open trade: Circuit breaker: Rolling PnL of last 50 trades <= -$10 (current: $-11.59) (resumes in 2640s)
2025-12-24 13:03:08 - trades.XAUGBPm - DEBUG - [SKIP] Cannot open trade: Circuit breaker: Rolling PnL of last 50 trades <= -$10 (current: $-11.59) (resumes in 2442s)
2025-12-24 13:06:13 - trades.XAUGBPm - DEBUG - [SKIP] Cannot open trade: Circuit breaker: Rolling PnL of last 50 trades <= -$10 (current: $-11.59) (resumes in 2257s)
2025-12-24 13:09:26 - trades.XAUGBPm - DEBUG - [SKIP] Cannot open trade: Circuit breaker: Rolling PnL of last 50 trades <= -$10 (current: $-11.59) (resumes in 2065s)
2025-12-24 13:12:39 - trades.XAUGBPm - DEBUG - [SKIP] Cannot open trade: Circuit breaker: Rolling PnL of last 50 trades <= -$10 (current: $-11.59) (resumes in 1871s)
2025-12-24 13:16:02 - trades.XAUGBPm - DEBUG - [SKIP] Cannot open trade: Circuit breaker: Rolling PnL of last 50 trades <= -$10 (current: $-11.59) (resumes in 1668s)
2025-12-24 13:19:13 - trades.XAUGBPm - DEBUG - [SKIP] Cannot open trade: Circuit breaker: Rolling PnL of last 50 trades <= -$10 (current: $-11.59) (resumes in 1477s)
2025-12-24 13:22:23 - trades.XAUGBPm - DEBUG - [SKIP] Cannot open trade: Circuit breaker: Rolling PnL of last 50 trades <= -$10 (current: $-11.59) (resumes in 1287s)
2025-12-24 13:44:37 - trades.XAUGBPm - DEBUG - [SKIP] Cannot open trade: Circuit breaker: Rolling PnL of last 50 trades <= -$10 (current: $-11.59) (resumes in 3599s)
2025-12-24 13:48:00 - trades.XAUGBPm - DEBUG - [SKIP] Cannot open trade: Circuit breaker: Rolling PnL of last 50 trades <= -$10 (current: $-11.59) (resumes in 3396s)
2025-12-24 13:51:18 - trades.XAUGBPm - DEBUG - [SKIP] Cannot open trade: Circuit breaker: Rolling PnL of last 50 trades <= -$10 (current: $-11.59) (resumes in 3198s)
2025-12-24 13:54:52 - trades.XAUGBPm - DEBUG - [SKIP] Cannot open trade: Circuit breaker: Rolling PnL of last 50 trades <= -$10 (current: $-11.59) (resumes in 2984s)
2025-12-24 14:01:49 - trades.XAUGBPm - DEBUG - [SKIP] Cannot open trade: Circuit breaker: Rolling PnL of last 50 trades <= -$10 (current: $-11.59) (resumes in 2567s)
2025-12-24 14:05:20 - trades.XAUGBPm - DEBUG - [SKIP] Cannot open trade: Circuit breaker: Rolling PnL of last 50 trades <= -$10 (current: $-11.59) (resumes in 2356s)
2025-12-24 14:08:50 - trades.XAUGBPm - DEBUG - [SKIP] Cannot open trade: Circuit breaker: Rolling PnL of last 50 trades <= -$10 (current: $-11.59) (resumes in 2146s)
2025-12-24 14:12:23 - trades.XAUGBPm - DEBUG - [SKIP] Cannot open trade: Circuit breaker: Rolling PnL of last 50 trades <= -$10 (current: $-11.59) (resumes in 1933s)
2025-12-24 14:15:50 - trades.XAUGBPm - DEBUG - [SKIP] Cannot open trade: Circuit breaker: Rolling PnL of last 50 trades <= -$10 (current: $-11.59) (resumes in 1726s)
2025-12-24 14:19:07 - trades.XAUGBPm - DEBUG - [SKIP] Cannot open trade: Circuit breaker: Rolling PnL of last 50 trades <= -$10 (current: $-11.59) (resumes in 1529s)
2025-12-24 14:22:16 - trades.XAUGBPm - DEBUG - [SKIP] Cannot open trade: Circuit breaker: Rolling PnL of last 50 trades <= -$10 (current: $-11.59) (resumes in 1340s)
2025-12-24 14:25:44 - trades.XAUGBPm - DEBUG - [SKIP] Cannot open trade: Circuit breaker: Rolling PnL of last 50 trades <= -$10 (current: $-11.59) (resumes in 1132s)
2025-12-24 14:29:25 - trades.XAUGBPm - DEBUG - [SKIP] Cannot open trade: Circuit breaker: Rolling PnL of last 50 trades <= -$10 (current: $-11.59) (resumes in 911s)
2025-12-24 14:33:25 - trades.XAUGBPm - DEBUG - [SKIP] Cannot open trade: Circuit breaker: Rolling PnL of last 50 trades <= -$10 (current: $-11.59) (resumes in 671s)
2025-12-24 14:37:30 - trades.XAUGBPm - DEBUG - [SKIP] Cannot open trade: Circuit breaker: Rolling PnL of last 50 trades <= -$10 (current: $-11.59) (resumes in 427s)
2025-12-24 14:41:54 - trades.XAUGBPm - DEBUG - [SKIP] Cannot open trade: Circuit breaker: Rolling PnL of last 50 trades <= -$10 (current: $-11.59) (resumes in 162s)
2025-12-24 14:48:06 - trades.XAUGBPm - DEBUG - [SKIP] Cannot open trade: Circuit breaker: Rolling PnL of last 50 trades <= -$10 (current: $-11.59) (resumes in 3399s)
2025-12-24 14:53:25 - trades.XAUGBPm - DEBUG - [SKIP] Cannot open trade: Circuit breaker: Rolling PnL of last 50 trades <= -$10 (current: $-11.59) (resumes in 3080s)
2025-12-24 14:58:31 - trades.XAUGBPm - DEBUG - [SKIP] Cannot open trade: Circuit breaker: Rolling PnL of last 50 trades <= -$10 (current: $-11.59) (resumes in 2774s)
2025-12-24 15:03:39 - trades.XAUGBPm - DEBUG - [SKIP] Cannot open trade: Circuit breaker: Rolling PnL of last 50 trades <= -$10 (current: $-11.59) (resumes in 2465s)
2025-12-24 15:08:33 - trades.XAUGBPm - DEBUG - [SKIP] Cannot open trade: Circuit breaker: Rolling PnL of last 50 trades <= -$10 (current: $-11.59) (resumes in 2171s)
2025-12-24 15:13:23 - trades.XAUGBPm - DEBUG - [SKIP] Cannot open trade: Circuit breaker: Rolling PnL of last 50 trades <= -$10 (current: $-11.59) (resumes in 1881s)
