{"timestamp": "2025-12-23 12:51:41", "symbol": "XAUUSDm", "trade_type": "SHORT", "entry_price": 4488.579, "exit_price": 4488.929, "profit_usd": -0.24, "status": "CLOSED", "order_id": "559546600", "additional_info": {"entry_price_requested": 4488.542, "lot_size": 0.01, "stop_loss_pips": 200.0, "stop_loss_price": 4490.542, "slippage": 0.03699999999935244, "quality_score": 85, "spread_points": 0.35646319005114463, "spread_fees_cost": 0.15999999999985448, "risk_usd": 2.0, "min_lot": 0.01, "min_lot_source": "broker", "sma_fast": 4484.16725, "sma_slow": 4486.58574, "rsi": 42.375721467144366, "duration_minutes": 0.2, "close_reason": "Stop Loss", "commission": 0.0, "swap": 0.0}}
{"timestamp": "2025-12-23 13:00:00", "symbol": "XAUUSDm", "trade_type": "SHORT", "entry_price": 4486.886, "exit_price": 4486.841, "profit_usd": 0.05, "status": "CLOSED", "order_id": "559597761", "additional_info": {"entry_price_requested": 4486.85, "lot_size": 0.01, "stop_loss_pips": 200.0, "stop_loss_price": 4488.85, "slippage": 0.03600000000005821, "quality_score": 85, "spread_points": 0.35659761302440346, "spread_fees_cost": 0.15999999999985448, "risk_usd": 2.0, "min_lot": 0.01, "min_lot_source": "broker", "sma_fast": 4483.99205, "sma_slow": 4487.43842, "rsi": 39.55625990491452, "duration_minutes": 1.85, "close_reason": "Micro-HFT sweet spot profit", "commission": 0.0, "swap": 0.0}}
{"timestamp": "2025-12-23 13:22:10", "symbol": "XAUUSDm", "trade_type": "LONG", "entry_price": 4492.061, "exit_price": 4490.135, "profit_usd": -1.77, "status": "CLOSED", "order_id": "559869513", "additional_info": {"entry_price_requested": 4492.001, "lot_size": 0.01, "stop_loss_pips": 200.0, "stop_loss_price": 4490.001, "slippage": 0.05999999999949068, "quality_score": 85, "spread_points": 0.35620138825006153, "spread_fees_cost": 0.15999999999985448, "risk_usd": 2.0, "min_lot": 0.01, "min_lot_source": "broker", "sma_fast": 4490.28695, "sma_slow": 4487.9801, "rsi": 79.16201809842849, "duration_minutes": 0.16666666666666666, "close_reason": "Stop Loss", "commission": 0.0, "swap": 0.0}}
{"timestamp": "2025-12-23 13:54:39", "symbol": "XAUUSDm", "trade_type": null, "entry_price": 4476.0650000000005, "exit_price": 4477.981, "profit_usd": -1.9100000000000001, "status": "CLOSED", "order_id": "560297240", "additional_info": {"duration_minutes": 0.8166666666666667, "close_reason": "Stop Loss", "commission": 0.0, "swap": 0.0}}
{"timestamp": "2025-12-23 13:54:39", "symbol": "XAUUSDm", "trade_type": "SHORT", "entry_price": 4476.009, "exit_price": 4477.981, "profit_usd": -1.9100000000000001, "status": "CLOSED", "order_id": "560297240", "additional_info": {"entry_price_requested": 4475.982, "lot_size": 0.01, "stop_loss_pips": 200.0, "stop_loss_price": 4477.982, "slippage": 0.027000000000043656, "quality_score": 70, "spread_points": 0.3574634571806913, "spread_fees_cost": 0.15999999999985448, "risk_usd": 2.0, "min_lot": 0.01, "min_lot_source": "broker", "sma_fast": 4485.0572, "sma_slow": 4486.17554, "rsi": 42.13619080539366, "duration_minutes": 0.8166666666666667, "close_reason": "Stop Loss", "commission": 0.0, "swap": 0.0}}
{"timestamp": "2025-12-23 14:16:35", "symbol": "XAUUSDm", "trade_type": "SHORT", "entry_price": 4467.967, "exit_price": 4465.519, "profit_usd": 1.69, "status": "CLOSED", "order_id": "560562361", "additional_info": {"entry_price_requested": 4467.422, "lot_size": 0.01, "stop_loss_pips": 200.0, "stop_loss_price": 4469.422, "slippage": 0.5450000000000728, "quality_score": 85, "spread_points": 0.35814839072906923, "spread_fees_cost": 0.16000000000076398, "risk_usd": 2.0, "min_lot": 0.01, "min_lot_source": "broker", "sma_fast": 4486.72665, "sma_slow": 4489.17422, "rsi": 58.17137809186993, "duration_minutes": 0.55, "close_reason": "Take Profit or Trailing Stop", "commission": 0.0, "swap": 0.0}}
{"timestamp": "2025-12-23 14:28:37", "symbol": "XAUUSDm", "trade_type": "SHORT", "entry_price": 4464.935, "exit_price": 4467.096, "profit_usd": -2.0, "status": "CLOSED", "order_id": "560690442", "additional_info": {"entry_price_requested": 4464.905, "lot_size": 0.01, "stop_loss_pips": 200.0, "stop_loss_price": 4466.905, "slippage": 0.030000000000654836, "quality_score": 55, "spread_points": 0.3583502896474941, "spread_fees_cost": 0.15999999999985448, "risk_usd": 2.0, "min_lot": 0.01, "min_lot_source": "broker", "sma_fast": 4488.25025, "sma_slow": 4489.76092, "rsi": 58.28450902273241, "duration_minutes": 0.35, "close_reason": "Stop Loss", "commission": 0.0, "swap": 0.0}}
{"timestamp": "2025-12-23 14:33:11", "symbol": "XAUUSDm", "trade_type": "SHORT", "entry_price": 4453.56, "exit_price": 4451.679, "profit_usd": 1.9, "status": "CLOSED", "order_id": "560761644", "additional_info": {"entry_price_requested": 4453.56, "lot_size": 0.01, "stop_loss_pips": 200.0, "stop_loss_price": 4455.56, "slippage": 0.0, "quality_score": 55, "spread_points": 0.3592631512764046, "spread_fees_cost": 0.15999999999985448, "risk_usd": 2.0, "min_lot": 0.01, "min_lot_source": "broker", "sma_fast": 4488.771, "sma_slow": 4489.7716, "rsi": 66.91825043193487, "duration_minutes": 0.5, "close_reason": "Take Profit or Trailing Stop", "commission": 0.0, "swap": 0.0}}
{"timestamp": "2025-12-23 14:42:39", "symbol": "XAUUSDm", "trade_type": "LONG", "entry_price": 4453.702, "exit_price": 4453.671, "profit_usd": -0.49, "status": "CLOSED", "order_id": "560935677", "additional_info": {"entry_price_requested": 4453.8, "lot_size": 0.01, "stop_loss_pips": 200.0, "stop_loss_price": 4451.8, "slippage": 0.09799999999995634, "quality_score": 70, "spread_points": 0.3592566978917346, "spread_fees_cost": 0.15999999999985448, "risk_usd": 2.0, "min_lot": 0.01, "min_lot_source": "broker", "sma_fast": 4491.98955, "sma_slow": 4490.094099999999, "rsi": 68.42927682980084, "duration_minutes": 0.11666666666666667, "close_reason": "Stop Loss", "commission": 0.0, "swap": 0.0}}
{"timestamp": "2025-12-23 14:51:44", "symbol": "XAUUSDm", "trade_type": "LONG", "entry_price": 4456.8, "exit_price": 4456.286, "profit_usd": -0.82, "status": "CLOSED", "order_id": "561057614", "additional_info": {"entry_price_requested": 4456.912, "lot_size": 0.01, "stop_loss_pips": 200.0, "stop_loss_price": 4454.912, "slippage": 0.11200000000008004, "quality_score": 85, "spread_points": 0.35900584102470695, "spread_fees_cost": 0.15999999999985448, "risk_usd": 2.0, "min_lot": 0.01, "min_lot_source": "broker", "sma_fast": 4492.0478, "sma_slow": 4488.87146, "rsi": 71.32599329822835, "duration_minutes": 0.13333333333333333, "close_reason": "Stop Loss", "commission": 0.0, "swap": 0.0}}
{"timestamp": "2025-12-23 15:32:22", "symbol": "XAUUSDm", "trade_type": "LONG", "entry_price": 4445.013, "exit_price": 4444.918, "profit_usd": -0.09, "status": "CLOSED", "order_id": "561684418", "additional_info": {"entry_price_requested": 4445.956, "lot_size": 0.01, "stop_loss_pips": 200.0, "stop_loss_price": 4443.956, "slippage": 0.943000000000211, "quality_score": 70, "spread_points": 0.3598905572812034, "spread_fees_cost": 0.15999999999985448, "risk_usd": 2.0, "min_lot": 0.01, "min_lot_source": "broker", "sma_fast": 4475.8086, "sma_slow": 4468.88662, "rsi": 29.494556326508004, "duration_minutes": 0.1, "close_reason": "Small profit target or slippage", "commission": 0.0, "swap": 0.0}}
2025-12-23 15:34:05 - trades.XAUUSDm - DEBUG - [SKIP] Cannot open trade: Circuit breaker: Rolling PnL of last 50 trades <= -$10 (current: $-17.00) (resumes in 3500s)
2025-12-23 15:40:31 - trades.XAUUSDm - DEBUG - [SKIP] Cannot open trade: Circuit breaker: Rolling PnL of last 50 trades <= -$10 (current: $-17.00) (resumes in 3114s)
2025-12-23 15:46:33 - trades.XAUUSDm - DEBUG - [SKIP] Cannot open trade: Circuit breaker: Rolling PnL of last 50 trades <= -$10 (current: $-17.00) (resumes in 2752s)
2025-12-23 15:52:58 - trades.XAUUSDm - DEBUG - [SKIP] Cannot open trade: Circuit breaker: Rolling PnL of last 50 trades <= -$10 (current: $-17.00) (resumes in 2367s)
2025-12-23 15:58:49 - trades.XAUUSDm - DEBUG - [SKIP] Cannot open trade: Circuit breaker: Rolling PnL of last 50 trades <= -$10 (current: $-17.00) (resumes in 2015s)
2025-12-23 16:04:46 - trades.XAUUSDm - DEBUG - [SKIP] Cannot open trade: Circuit breaker: Rolling PnL of last 50 trades <= -$10 (current: $-17.00) (resumes in 1659s)
2025-12-23 16:10:54 - trades.XAUUSDm - DEBUG - [SKIP] Cannot open trade: Circuit breaker: Rolling PnL of last 50 trades <= -$10 (current: $-17.00) (resumes in 1291s)
2025-12-23 16:16:06 - trades.XAUUSDm - DEBUG - [SKIP] Cannot open trade: Circuit breaker: Rolling PnL of last 50 trades <= -$10 (current: $-17.00) (resumes in 979s)
2025-12-23 16:21:19 - trades.XAUUSDm - DEBUG - [SKIP] Cannot open trade: Circuit breaker: Rolling PnL of last 50 trades <= -$10 (current: $-17.00) (resumes in 666s)
2025-12-23 16:26:16 - trades.XAUUSDm - DEBUG - [SKIP] Cannot open trade: Circuit breaker: Rolling PnL of last 50 trades <= -$10 (current: $-17.00) (resumes in 369s)
2025-12-23 16:31:26 - trades.XAUUSDm - DEBUG - [SKIP] Cannot open trade: Circuit breaker: Rolling PnL of last 50 trades <= -$10 (current: $-17.00) (resumes in 59s)
2025-12-23 16:36:36 - trades.XAUUSDm - DEBUG - [SKIP] Cannot open trade: Circuit breaker: Rolling PnL of last 50 trades <= -$10 (current: $-11.59) (resumes in 3351s)
2025-12-23 16:42:00 - trades.XAUUSDm - DEBUG - [SKIP] Cannot open trade: Circuit breaker: Rolling PnL of last 50 trades <= -$10 (current: $-11.59) (resumes in 3027s)
2025-12-23 16:46:51 - trades.XAUUSDm - DEBUG - [SKIP] Cannot open trade: Circuit breaker: Rolling PnL of last 50 trades <= -$10 (current: $-11.59) (resumes in 2736s)
2025-12-23 16:51:51 - trades.XAUUSDm - DEBUG - [SKIP] Cannot open trade: Circuit breaker: Rolling PnL of last 50 trades <= -$10 (current: $-11.59) (resumes in 2436s)
2025-12-23 16:56:53 - trades.XAUUSDm - DEBUG - [SKIP] Cannot open trade: Circuit breaker: Rolling PnL of last 50 trades <= -$10 (current: $-11.59) (resumes in 2134s)
2025-12-23 17:02:11 - trades.XAUUSDm - DEBUG - [SKIP] Cannot open trade: Circuit breaker: Rolling PnL of last 50 trades <= -$10 (current: $-11.59) (resumes in 1816s)
2025-12-23 17:07:03 - trades.XAUUSDm - DEBUG - [SKIP] Cannot open trade: Circuit breaker: Rolling PnL of last 50 trades <= -$10 (current: $-11.59) (resumes in 1524s)
2025-12-23 17:12:00 - trades.XAUUSDm - DEBUG - [SKIP] Cannot open trade: Circuit breaker: Rolling PnL of last 50 trades <= -$10 (current: $-11.59) (resumes in 1227s)
2025-12-23 17:17:11 - trades.XAUUSDm - DEBUG - [SKIP] Cannot open trade: Circuit breaker: Rolling PnL of last 50 trades <= -$10 (current: $-11.59) (resumes in 915s)
2025-12-23 17:22:02 - trades.XAUUSDm - DEBUG - [SKIP] Cannot open trade: Circuit breaker: Rolling PnL of last 50 trades <= -$10 (current: $-11.59) (resumes in 624s)
2025-12-23 17:26:49 - trades.XAUUSDm - DEBUG - [SKIP] Cannot open trade: Circuit breaker: Rolling PnL of last 50 trades <= -$10 (current: $-11.59) (resumes in 338s)
2025-12-23 17:31:43 - trades.XAUUSDm - DEBUG - [SKIP] Cannot open trade: Circuit breaker: Rolling PnL of last 50 trades <= -$10 (current: $-11.59) (resumes in 44s)
2025-12-23 17:36:12 - trades.XAUUSDm - DEBUG - [SKIP] Cannot open trade: Circuit breaker: Rolling PnL of last 50 trades <= -$10 (current: $-11.59) (resumes in 3377s)
2025-12-23 17:40:41 - trades.XAUUSDm - DEBUG - [SKIP] Cannot open trade: Circuit breaker: Rolling PnL of last 50 trades <= -$10 (current: $-11.59) (resumes in 3107s)
2025-12-23 17:45:09 - trades.XAUUSDm - DEBUG - [SKIP] Cannot open trade: Circuit breaker: Rolling PnL of last 50 trades <= -$10 (current: $-11.59) (resumes in 2839s)
2025-12-23 17:49:28 - trades.XAUUSDm - DEBUG - [SKIP] Cannot open trade: Circuit breaker: Rolling PnL of last 50 trades <= -$10 (current: $-11.59) (resumes in 2580s)
2025-12-23 17:54:10 - trades.XAUUSDm - DEBUG - [SKIP] Cannot open trade: Circuit breaker: Rolling PnL of last 50 trades <= -$10 (current: $-11.59) (resumes in 2298s)
2025-12-23 17:58:48 - trades.XAUUSDm - DEBUG - [SKIP] Cannot open trade: Circuit breaker: Rolling PnL of last 50 trades <= -$10 (current: $-11.59) (resumes in 2021s)
2025-12-23 18:03:23 - trades.XAUUSDm - DEBUG - [SKIP] Cannot open trade: Circuit breaker: Rolling PnL of last 50 trades <= -$10 (current: $-11.59) (resumes in 1745s)
2025-12-23 18:07:49 - trades.XAUUSDm - DEBUG - [SKIP] Cannot open trade: Circuit breaker: Rolling PnL of last 50 trades <= -$10 (current: $-11.59) (resumes in 1480s)
2025-12-23 19:05:03 - trades.XAUUSDm - DEBUG - [SKIP] Cannot open trade: Circuit breaker: Rolling PnL of last 50 trades <= -$10 (current: $-11.59) (resumes in 1647s)
2025-12-23 19:09:13 - trades.XAUUSDm - DEBUG - [SKIP] Cannot open trade: Circuit breaker: Rolling PnL of last 50 trades <= -$10 (current: $-11.59) (resumes in 1397s)
2025-12-23 19:21:28 - trades.XAUUSDm - DEBUG - [SKIP] Cannot open trade: Circuit breaker: Rolling PnL of last 50 trades <= -$10 (current: $-11.59) (resumes in 663s)
2025-12-23 19:25:40 - trades.XAUUSDm - DEBUG - [SKIP] Cannot open trade: Circuit breaker: Rolling PnL of last 50 trades <= -$10 (current: $-11.59) (resumes in 411s)
2025-12-23 19:29:56 - trades.XAUUSDm - DEBUG - [SKIP] Cannot open trade: Circuit breaker: Rolling PnL of last 50 trades <= -$10 (current: $-11.59) (resumes in 155s)
2025-12-23 19:55:18 - trades.XAUUSDm - DEBUG - [SKIP] Cannot open trade: Circuit breaker: Rolling PnL of last 50 trades <= -$10 (current: $-11.59) (resumes in 2339s)
2025-12-23 19:59:34 - trades.XAUUSDm - DEBUG - [SKIP] Cannot open trade: Circuit breaker: Rolling PnL of last 50 trades <= -$10 (current: $-11.59) (resumes in 2083s)
2025-12-23 20:03:50 - trades.XAUUSDm - DEBUG - [SKIP] Cannot open trade: Circuit breaker: Rolling PnL of last 50 trades <= -$10 (current: $-11.59) (resumes in 1827s)
2025-12-23 20:08:06 - trades.XAUUSDm - DEBUG - [SKIP] Cannot open trade: Circuit breaker: Rolling PnL of last 50 trades <= -$10 (current: $-11.59) (resumes in 1571s)
2025-12-23 20:12:21 - trades.XAUUSDm - DEBUG - [SKIP] Cannot open trade: Circuit breaker: Rolling PnL of last 50 trades <= -$10 (current: $-11.59) (resumes in 1317s)
2025-12-23 20:16:45 - trades.XAUUSDm - DEBUG - [SKIP] Cannot open trade: Circuit breaker: Rolling PnL of last 50 trades <= -$10 (current: $-11.59) (resumes in 1052s)
2025-12-23 20:21:07 - trades.XAUUSDm - DEBUG - [SKIP] Cannot open trade: Circuit breaker: Rolling PnL of last 50 trades <= -$10 (current: $-11.59) (resumes in 790s)
2025-12-23 21:20:46 - trades.XAUUSDm - DEBUG - [SKIP] Cannot open trade: Circuit breaker: Rolling PnL of last 50 trades <= -$10 (current: $-11.59) (resumes in 815s)
2025-12-23 21:23:29 - trades.XAUUSDm - DEBUG - [SKIP] Cannot open trade: Circuit breaker: Rolling PnL of last 50 trades <= -$10 (current: $-11.59) (resumes in 651s)
2025-12-23 21:26:19 - trades.XAUUSDm - DEBUG - [SKIP] Cannot open trade: Circuit breaker: Rolling PnL of last 50 trades <= -$10 (current: $-11.59) (resumes in 481s)
2025-12-23 23:05:26 - trades.XAUUSDm - DEBUG - [SKIP] Cannot open trade: Circuit breaker: Rolling PnL of last 50 trades <= -$10 (current: $-11.59) (resumes in 1849s)
2025-12-23 23:08:45 - trades.XAUUSDm - DEBUG - [SKIP] Cannot open trade: Circuit breaker: Rolling PnL of last 50 trades <= -$10 (current: $-11.59) (resumes in 1650s)
2025-12-23 23:25:04 - trades.XAUUSDm - DEBUG - [SKIP] Cannot open trade: Circuit breaker: Rolling PnL of last 50 trades <= -$10 (current: $-11.59) (resumes in 671s)
2025-12-23 23:28:22 - trades.XAUUSDm - DEBUG - [SKIP] Cannot open trade: Circuit breaker: Rolling PnL of last 50 trades <= -$10 (current: $-11.59) (resumes in 473s)
2025-12-23 23:31:34 - trades.XAUUSDm - DEBUG - [SKIP] Cannot open trade: Circuit breaker: Rolling PnL of last 50 trades <= -$10 (current: $-11.59) (resumes in 281s)
2025-12-23 23:34:40 - trades.XAUUSDm - DEBUG - [SKIP] Cannot open trade: Circuit breaker: Rolling PnL of last 50 trades <= -$10 (current: $-11.59) (resumes in 95s)
2025-12-23 23:40:55 - trades.XAUUSDm - DEBUG - [SKIP] Cannot open trade: Circuit breaker: Rolling PnL of last 50 trades <= -$10 (current: $-11.59) (resumes in 3413s)
2025-12-23 23:44:05 - trades.XAUUSDm - DEBUG - [SKIP] Cannot open trade: Circuit breaker: Rolling PnL of last 50 trades <= -$10 (current: $-11.59) (resumes in 3223s)
2025-12-23 23:47:15 - trades.XAUUSDm - DEBUG - [SKIP] Cannot open trade: Circuit breaker: Rolling PnL of last 50 trades <= -$10 (current: $-11.59) (resumes in 3032s)
2025-12-23 23:50:35 - trades.XAUUSDm - DEBUG - [SKIP] Cannot open trade: Circuit breaker: Rolling PnL of last 50 trades <= -$10 (current: $-11.59) (resumes in 2833s)
2025-12-23 23:53:37 - trades.XAUUSDm - DEBUG - [SKIP] Cannot open trade: Circuit breaker: Rolling PnL of last 50 trades <= -$10 (current: $-11.59) (resumes in 2650s)
2025-12-23 23:56:50 - trades.XAUUSDm - DEBUG - [SKIP] Cannot open trade: Circuit breaker: Rolling PnL of last 50 trades <= -$10 (current: $-11.59) (resumes in 2458s)
2025-12-23 23:59:56 - trades.XAUUSDm - DEBUG - [SKIP] Cannot open trade: Circuit breaker: Rolling PnL of last 50 trades <= -$10 (current: $-11.59) (resumes in 2271s)
2025-12-24 00:13:03 - trades.XAUUSDm - DEBUG - [SKIP] Cannot open trade: Circuit breaker: Rolling PnL of last 50 trades <= -$10 (current: $-11.59) (resumes in 1485s)
2025-12-24 00:15:15 - trades.XAUUSDm - DEBUG - [SKIP] Cannot open trade: Circuit breaker: Rolling PnL of last 50 trades <= -$10 (current: $-11.59) (resumes in 1352s)
2025-12-24 00:17:29 - trades.XAUUSDm - DEBUG - [SKIP] Cannot open trade: Circuit breaker: Rolling PnL of last 50 trades <= -$10 (current: $-11.59) (resumes in 1218s)
2025-12-24 00:19:46 - trades.XAUUSDm - DEBUG - [SKIP] Cannot open trade: Circuit breaker: Rolling PnL of last 50 trades <= -$10 (current: $-11.59) (resumes in 1082s)
2025-12-24 00:22:03 - trades.XAUUSDm - DEBUG - [SKIP] Cannot open trade: Circuit breaker: Rolling PnL of last 50 trades <= -$10 (current: $-11.59) (resumes in 944s)
2025-12-24 00:24:16 - trades.XAUUSDm - DEBUG - [SKIP] Cannot open trade: Circuit breaker: Rolling PnL of last 50 trades <= -$10 (current: $-11.59) (resumes in 812s)
2025-12-24 00:26:28 - trades.XAUUSDm - DEBUG - [SKIP] Cannot open trade: Circuit breaker: Rolling PnL of last 50 trades <= -$10 (current: $-11.59) (resumes in 679s)
2025-12-24 00:28:36 - trades.XAUUSDm - DEBUG - [SKIP] Cannot open trade: Circuit breaker: Rolling PnL of last 50 trades <= -$10 (current: $-11.59) (resumes in 551s)
2025-12-24 00:30:47 - trades.XAUUSDm - DEBUG - [SKIP] Cannot open trade: Circuit breaker: Rolling PnL of last 50 trades <= -$10 (current: $-11.59) (resumes in 420s)
2025-12-24 00:32:56 - trades.XAUUSDm - DEBUG - [SKIP] Cannot open trade: Circuit breaker: Rolling PnL of last 50 trades <= -$10 (current: $-11.59) (resumes in 292s)
2025-12-24 00:35:03 - trades.XAUUSDm - DEBUG - [SKIP] Cannot open trade: Circuit breaker: Rolling PnL of last 50 trades <= -$10 (current: $-11.59) (resumes in 165s)
2025-12-24 00:37:09 - trades.XAUUSDm - DEBUG - [SKIP] Cannot open trade: Circuit breaker: Rolling PnL of last 50 trades <= -$10 (current: $-11.59) (resumes in 39s)
2025-12-24 00:45:26 - trades.XAUUSDm - DEBUG - [SKIP] Cannot open trade: Circuit breaker: Rolling PnL of last 50 trades <= -$10 (current: $-11.59) (resumes in 3232s)
2025-12-24 00:47:33 - trades.XAUUSDm - DEBUG - [SKIP] Cannot open trade: Circuit breaker: Rolling PnL of last 50 trades <= -$10 (current: $-11.59) (resumes in 3104s)
2025-12-24 00:49:39 - trades.XAUUSDm - DEBUG - [SKIP] Cannot open trade: Circuit breaker: Rolling PnL of last 50 trades <= -$10 (current: $-11.59) (resumes in 2978s)
2025-12-24 00:51:49 - trades.XAUUSDm - DEBUG - [SKIP] Cannot open trade: Circuit breaker: Rolling PnL of last 50 trades <= -$10 (current: $-11.59) (resumes in 2849s)
2025-12-24 00:53:59 - trades.XAUUSDm - DEBUG - [SKIP] Cannot open trade: Circuit breaker: Rolling PnL of last 50 trades <= -$10 (current: $-11.59) (resumes in 2719s)
2025-12-24 00:56:10 - trades.XAUUSDm - DEBUG - [SKIP] Cannot open trade: Circuit breaker: Rolling PnL of last 50 trades <= -$10 (current: $-11.59) (resumes in 2588s)
2025-12-24 00:58:19 - trades.XAUUSDm - DEBUG - [SKIP] Cannot open trade: Circuit breaker: Rolling PnL of last 50 trades <= -$10 (current: $-11.59) (resumes in 2458s)
2025-12-24 01:11:24 - trades.XAUUSDm - DEBUG - [SKIP] Cannot open trade: Circuit breaker: Rolling PnL of last 50 trades <= -$10 (current: $-11.59) (resumes in 1673s)
2025-12-24 01:13:41 - trades.XAUUSDm - DEBUG - [SKIP] Cannot open trade: Circuit breaker: Rolling PnL of last 50 trades <= -$10 (current: $-11.59) (resumes in 1537s)
2025-12-24 01:15:59 - trades.XAUUSDm - DEBUG - [SKIP] Cannot open trade: Circuit breaker: Rolling PnL of last 50 trades <= -$10 (current: $-11.59) (resumes in 1399s)
2025-12-24 01:18:14 - trades.XAUUSDm - DEBUG - [SKIP] Cannot open trade: Circuit breaker: Rolling PnL of last 50 trades <= -$10 (current: $-11.59) (resumes in 1263s)
2025-12-24 01:20:31 - trades.XAUUSDm - DEBUG - [SKIP] Cannot open trade: Circuit breaker: Rolling PnL of last 50 trades <= -$10 (current: $-11.59) (resumes in 1126s)
2025-12-24 01:22:47 - trades.XAUUSDm - DEBUG - [SKIP] Cannot open trade: Circuit breaker: Rolling PnL of last 50 trades <= -$10 (current: $-11.59) (resumes in 990s)
2025-12-24 01:25:03 - trades.XAUUSDm - DEBUG - [SKIP] Cannot open trade: Circuit breaker: Rolling PnL of last 50 trades <= -$10 (current: $-11.59) (resumes in 854s)
2025-12-24 01:27:16 - trades.XAUUSDm - DEBUG - [SKIP] Cannot open trade: Circuit breaker: Rolling PnL of last 50 trades <= -$10 (current: $-11.59) (resumes in 722s)
2025-12-24 01:29:19 - trades.XAUUSDm - DEBUG - [SKIP] Cannot open trade: Circuit breaker: Rolling PnL of last 50 trades <= -$10 (current: $-11.59) (resumes in 599s)
2025-12-24 01:31:20 - trades.XAUUSDm - DEBUG - [SKIP] Cannot open trade: Circuit breaker: Rolling PnL of last 50 trades <= -$10 (current: $-11.59) (resumes in 477s)
2025-12-24 01:33:24 - trades.XAUUSDm - DEBUG - [SKIP] Cannot open trade: Circuit breaker: Rolling PnL of last 50 trades <= -$10 (current: $-11.59) (resumes in 353s)
2025-12-24 01:35:28 - trades.XAUUSDm - DEBUG - [SKIP] Cannot open trade: Circuit breaker: Rolling PnL of last 50 trades <= -$10 (current: $-11.59) (resumes in 230s)
2025-12-24 01:37:36 - trades.XAUUSDm - DEBUG - [SKIP] Cannot open trade: Circuit breaker: Rolling PnL of last 50 trades <= -$10 (current: $-11.59) (resumes in 101s)
2025-12-24 01:41:57 - trades.XAUUSDm - DEBUG - [SKIP] Cannot open trade: Circuit breaker: Rolling PnL of last 50 trades <= -$10 (current: $-11.59) (resumes in 3468s)
2025-12-24 01:44:06 - trades.XAUUSDm - DEBUG - [SKIP] Cannot open trade: Circuit breaker: Rolling PnL of last 50 trades <= -$10 (current: $-11.59) (resumes in 3339s)
2025-12-24 01:46:13 - trades.XAUUSDm - DEBUG - [SKIP] Cannot open trade: Circuit breaker: Rolling PnL of last 50 trades <= -$10 (current: $-11.59) (resumes in 3213s)
2025-12-24 01:48:16 - trades.XAUUSDm - DEBUG - [SKIP] Cannot open trade: Circuit breaker: Rolling PnL of last 50 trades <= -$10 (current: $-11.59) (resumes in 3090s)
2025-12-24 01:50:21 - trades.XAUUSDm - DEBUG - [SKIP] Cannot open trade: Circuit breaker: Rolling PnL of last 50 trades <= -$10 (current: $-11.59) (resumes in 2965s)
2025-12-24 01:52:29 - trades.XAUUSDm - DEBUG - [SKIP] Cannot open trade: Circuit breaker: Rolling PnL of last 50 trades <= -$10 (current: $-11.59) (resumes in 2836s)
2025-12-24 01:54:40 - trades.XAUUSDm - DEBUG - [SKIP] Cannot open trade: Circuit breaker: Rolling PnL of last 50 trades <= -$10 (current: $-11.59) (resumes in 2705s)
2025-12-24 01:56:50 - trades.XAUUSDm - DEBUG - [SKIP] Cannot open trade: Circuit breaker: Rolling PnL of last 50 trades <= -$10 (current: $-11.59) (resumes in 2575s)
2025-12-24 01:59:01 - trades.XAUUSDm - DEBUG - [SKIP] Cannot open trade: Circuit breaker: Rolling PnL of last 50 trades <= -$10 (current: $-11.59) (resumes in 2445s)
2025-12-24 02:01:10 - trades.XAUUSDm - DEBUG - [SKIP] Cannot open trade: Circuit breaker: Rolling PnL of last 50 trades <= -$10 (current: $-11.59) (resumes in 2316s)
2025-12-24 02:22:34 - trades.XAUUSDm - DEBUG - [SKIP] Cannot open trade: Circuit breaker: Rolling PnL of last 50 trades <= -$10 (current: $-11.59) (resumes in 1032s)
2025-12-24 02:24:49 - trades.XAUUSDm - DEBUG - [SKIP] Cannot open trade: Circuit breaker: Rolling PnL of last 50 trades <= -$10 (current: $-11.59) (resumes in 897s)
2025-12-24 02:27:06 - trades.XAUUSDm - DEBUG - [SKIP] Cannot open trade: Circuit breaker: Rolling PnL of last 50 trades <= -$10 (current: $-11.59) (resumes in 759s)
2025-12-24 02:29:21 - trades.XAUUSDm - DEBUG - [SKIP] Cannot open trade: Circuit breaker: Rolling PnL of last 50 trades <= -$10 (current: $-11.59) (resumes in 625s)
2025-12-24 02:31:42 - trades.XAUUSDm - DEBUG - [SKIP] Cannot open trade: Circuit breaker: Rolling PnL of last 50 trades <= -$10 (current: $-11.59) (resumes in 484s)
2025-12-24 02:34:19 - trades.XAUUSDm - DEBUG - [SKIP] Cannot open trade: Circuit breaker: Rolling PnL of last 50 trades <= -$10 (current: $-11.59) (resumes in 327s)
2025-12-24 02:36:57 - trades.XAUUSDm - DEBUG - [SKIP] Cannot open trade: Circuit breaker: Rolling PnL of last 50 trades <= -$10 (current: $-11.59) (resumes in 168s)
2025-12-24 02:39:36 - trades.XAUUSDm - DEBUG - [SKIP] Cannot open trade: Circuit breaker: Rolling PnL of last 50 trades <= -$10 (current: $-11.59) (resumes in 9s)
2025-12-24 02:42:09 - trades.XAUUSDm - DEBUG - [SKIP] Cannot open trade: Circuit breaker: Rolling PnL of last 50 trades <= -$10 (current: $-11.59) (resumes in 3459s)
2025-12-24 02:44:26 - trades.XAUUSDm - DEBUG - [SKIP] Cannot open trade: Circuit breaker: Rolling PnL of last 50 trades <= -$10 (current: $-11.59) (resumes in 3322s)
2025-12-24 02:46:45 - trades.XAUUSDm - DEBUG - [SKIP] Cannot open trade: Circuit breaker: Rolling PnL of last 50 trades <= -$10 (current: $-11.59) (resumes in 3183s)
2025-12-24 02:49:05 - trades.XAUUSDm - DEBUG - [SKIP] Cannot open trade: Circuit breaker: Rolling PnL of last 50 trades <= -$10 (current: $-11.59) (resumes in 3044s)
2025-12-24 03:00:15 - trades.XAUUSDm - DEBUG - [SKIP] Cannot open trade: Circuit breaker: Rolling PnL of last 50 trades <= -$10 (current: $-11.59) (resumes in 2374s)
2025-12-24 03:02:33 - trades.XAUUSDm - DEBUG - [SKIP] Cannot open trade: Circuit breaker: Rolling PnL of last 50 trades <= -$10 (current: $-11.59) (resumes in 2236s)
2025-12-24 03:04:52 - trades.XAUUSDm - DEBUG - [SKIP] Cannot open trade: Circuit breaker: Rolling PnL of last 50 trades <= -$10 (current: $-11.59) (resumes in 2096s)
2025-12-24 03:07:10 - trades.XAUUSDm - DEBUG - [SKIP] Cannot open trade: Circuit breaker: Rolling PnL of last 50 trades <= -$10 (current: $-11.59) (resumes in 1959s)
2025-12-24 03:09:23 - trades.XAUUSDm - DEBUG - [SKIP] Cannot open trade: Circuit breaker: Rolling PnL of last 50 trades <= -$10 (current: $-11.59) (resumes in 1825s)
2025-12-24 03:11:38 - trades.XAUUSDm - DEBUG - [SKIP] Cannot open trade: Circuit breaker: Rolling PnL of last 50 trades <= -$10 (current: $-11.59) (resumes in 1690s)
2025-12-24 03:13:51 - trades.XAUUSDm - DEBUG - [SKIP] Cannot open trade: Circuit breaker: Rolling PnL of last 50 trades <= -$10 (current: $-11.59) (resumes in 1558s)
2025-12-24 03:16:02 - trades.XAUUSDm - DEBUG - [SKIP] Cannot open trade: Circuit breaker: Rolling PnL of last 50 trades <= -$10 (current: $-11.59) (resumes in 1426s)
2025-12-24 03:18:14 - trades.XAUUSDm - DEBUG - [SKIP] Cannot open trade: Circuit breaker: Rolling PnL of last 50 trades <= -$10 (current: $-11.59) (resumes in 1294s)
2025-12-24 03:20:27 - trades.XAUUSDm - DEBUG - [SKIP] Cannot open trade: Circuit breaker: Rolling PnL of last 50 trades <= -$10 (current: $-11.59) (resumes in 1161s)
2025-12-24 03:22:37 - trades.XAUUSDm - DEBUG - [SKIP] Cannot open trade: Circuit breaker: Rolling PnL of last 50 trades <= -$10 (current: $-11.59) (resumes in 1031s)
2025-12-24 03:24:45 - trades.XAUUSDm - DEBUG - [SKIP] Cannot open trade: Circuit breaker: Rolling PnL of last 50 trades <= -$10 (current: $-11.59) (resumes in 903s)
2025-12-24 03:26:52 - trades.XAUUSDm - DEBUG - [SKIP] Cannot open trade: Circuit breaker: Rolling PnL of last 50 trades <= -$10 (current: $-11.59) (resumes in 776s)
2025-12-24 03:29:04 - trades.XAUUSDm - DEBUG - [SKIP] Cannot open trade: Circuit breaker: Rolling PnL of last 50 trades <= -$10 (current: $-11.59) (resumes in 644s)
2025-12-24 03:31:14 - trades.XAUUSDm - DEBUG - [SKIP] Cannot open trade: Circuit breaker: Rolling PnL of last 50 trades <= -$10 (current: $-11.59) (resumes in 514s)
2025-12-24 03:33:21 - trades.XAUUSDm - DEBUG - [SKIP] Cannot open trade: Circuit breaker: Rolling PnL of last 50 trades <= -$10 (current: $-11.59) (resumes in 387s)
2025-12-24 03:35:30 - trades.XAUUSDm - DEBUG - [SKIP] Cannot open trade: Circuit breaker: Rolling PnL of last 50 trades <= -$10 (current: $-11.59) (resumes in 258s)
2025-12-24 03:37:39 - trades.XAUUSDm - DEBUG - [SKIP] Cannot open trade: Circuit breaker: Rolling PnL of last 50 trades <= -$10 (current: $-11.59) (resumes in 129s)
2025-12-24 03:41:59 - trades.XAUUSDm - DEBUG - [SKIP] Cannot open trade: Circuit breaker: Rolling PnL of last 50 trades <= -$10 (current: $-11.59) (resumes in 3472s)
2025-12-24 03:48:17 - trades.XAUUSDm - DEBUG - [SKIP] Cannot open trade: Circuit breaker: Rolling PnL of last 50 trades <= -$10 (current: $-11.59) (resumes in 3094s)
2025-12-24 03:50:32 - trades.XAUUSDm - DEBUG - [SKIP] Cannot open trade: Circuit breaker: Rolling PnL of last 50 trades <= -$10 (current: $-11.59) (resumes in 2958s)
2025-12-24 03:52:37 - trades.XAUUSDm - DEBUG - [SKIP] Cannot open trade: Circuit breaker: Rolling PnL of last 50 trades <= -$10 (current: $-11.59) (resumes in 2834s)
2025-12-24 03:54:43 - trades.XAUUSDm - DEBUG - [SKIP] Cannot open trade: Circuit breaker: Rolling PnL of last 50 trades <= -$10 (current: $-11.59) (resumes in 2708s)
2025-12-24 03:56:50 - trades.XAUUSDm - DEBUG - [SKIP] Cannot open trade: Circuit breaker: Rolling PnL of last 50 trades <= -$10 (current: $-11.59) (resumes in 2581s)
2025-12-24 03:58:55 - trades.XAUUSDm - DEBUG - [SKIP] Cannot open trade: Circuit breaker: Rolling PnL of last 50 trades <= -$10 (current: $-11.59) (resumes in 2456s)
2025-12-24 04:01:01 - trades.XAUUSDm - DEBUG - [SKIP] Cannot open trade: Circuit breaker: Rolling PnL of last 50 trades <= -$10 (current: $-11.59) (resumes in 2330s)
2025-12-24 04:03:07 - trades.XAUUSDm - DEBUG - [SKIP] Cannot open trade: Circuit breaker: Rolling PnL of last 50 trades <= -$10 (current: $-11.59) (resumes in 2204s)
2025-12-24 04:05:16 - trades.XAUUSDm - DEBUG - [SKIP] Cannot open trade: Circuit breaker: Rolling PnL of last 50 trades <= -$10 (current: $-11.59) (resumes in 2075s)
2025-12-24 04:07:24 - trades.XAUUSDm - DEBUG - [SKIP] Cannot open trade: Circuit breaker: Rolling PnL of last 50 trades <= -$10 (current: $-11.59) (resumes in 1947s)
2025-12-24 04:09:33 - trades.XAUUSDm - DEBUG - [SKIP] Cannot open trade: Circuit breaker: Rolling PnL of last 50 trades <= -$10 (current: $-11.59) (resumes in 1818s)
2025-12-24 04:11:44 - trades.XAUUSDm - DEBUG - [SKIP] Cannot open trade: Circuit breaker: Rolling PnL of last 50 trades <= -$10 (current: $-11.59) (resumes in 1687s)
2025-12-24 04:13:56 - trades.XAUUSDm - DEBUG - [SKIP] Cannot open trade: Circuit breaker: Rolling PnL of last 50 trades <= -$10 (current: $-11.59) (resumes in 1555s)
2025-12-24 04:16:07 - trades.XAUUSDm - DEBUG - [SKIP] Cannot open trade: Circuit breaker: Rolling PnL of last 50 trades <= -$10 (current: $-11.59) (resumes in 1423s)
2025-12-24 04:18:20 - trades.XAUUSDm - DEBUG - [SKIP] Cannot open trade: Circuit breaker: Rolling PnL of last 50 trades <= -$10 (current: $-11.59) (resumes in 1291s)
2025-12-24 04:20:34 - trades.XAUUSDm - DEBUG - [SKIP] Cannot open trade: Circuit breaker: Rolling PnL of last 50 trades <= -$10 (current: $-11.59) (resumes in 1157s)
2025-12-24 04:22:47 - trades.XAUUSDm - DEBUG - [SKIP] Cannot open trade: Circuit breaker: Rolling PnL of last 50 trades <= -$10 (current: $-11.59) (resumes in 1024s)
2025-12-24 04:27:13 - trades.XAUUSDm - DEBUG - [SKIP] Cannot open trade: Circuit breaker: Rolling PnL of last 50 trades <= -$10 (current: $-11.59) (resumes in 758s)
2025-12-24 04:31:27 - trades.XAUUSDm - DEBUG - [SKIP] Cannot open trade: Circuit breaker: Rolling PnL of last 50 trades <= -$10 (current: $-11.59) (resumes in 504s)
2025-12-24 04:33:34 - trades.XAUUSDm - DEBUG - [SKIP] Cannot open trade: Circuit breaker: Rolling PnL of last 50 trades <= -$10 (current: $-11.59) (resumes in 377s)
2025-12-24 04:35:39 - trades.XAUUSDm - DEBUG - [SKIP] Cannot open trade: Circuit breaker: Rolling PnL of last 50 trades <= -$10 (current: $-11.59) (resumes in 251s)
2025-12-24 04:37:53 - trades.XAUUSDm - DEBUG - [SKIP] Cannot open trade: Circuit breaker: Rolling PnL of last 50 trades <= -$10 (current: $-11.59) (resumes in 118s)
2025-12-24 04:42:16 - trades.XAUUSDm - DEBUG - [SKIP] Cannot open trade: Circuit breaker: Rolling PnL of last 50 trades <= -$10 (current: $-11.59) (resumes in 3472s)
2025-12-24 04:44:22 - trades.XAUUSDm - DEBUG - [SKIP] Cannot open trade: Circuit breaker: Rolling PnL of last 50 trades <= -$10 (current: $-11.59) (resumes in 3347s)
2025-12-24 04:46:30 - trades.XAUUSDm - DEBUG - [SKIP] Cannot open trade: Circuit breaker: Rolling PnL of last 50 trades <= -$10 (current: $-11.59) (resumes in 3218s)
2025-12-24 04:48:35 - trades.XAUUSDm - DEBUG - [SKIP] Cannot open trade: Circuit breaker: Rolling PnL of last 50 trades <= -$10 (current: $-11.59) (resumes in 3093s)
2025-12-24 04:50:43 - trades.XAUUSDm - DEBUG - [SKIP] Cannot open trade: Circuit breaker: Rolling PnL of last 50 trades <= -$10 (current: $-11.59) (resumes in 2966s)
2025-12-24 04:52:47 - trades.XAUUSDm - DEBUG - [SKIP] Cannot open trade: Circuit breaker: Rolling PnL of last 50 trades <= -$10 (current: $-11.59) (resumes in 2842s)
2025-12-24 04:54:56 - trades.XAUUSDm - DEBUG - [SKIP] Cannot open trade: Circuit breaker: Rolling PnL of last 50 trades <= -$10 (current: $-11.59) (resumes in 2712s)
2025-12-24 05:24:23 - trades.XAUUSDm - DEBUG - [SKIP] Cannot open trade: Circuit breaker: Rolling PnL of last 50 trades <= -$10 (current: $-11.59) (resumes in 945s)
2025-12-24 05:26:26 - trades.XAUUSDm - DEBUG - [SKIP] Cannot open trade: Circuit breaker: Rolling PnL of last 50 trades <= -$10 (current: $-11.59) (resumes in 822s)
2025-12-24 05:28:27 - trades.XAUUSDm - DEBUG - [SKIP] Cannot open trade: Circuit breaker: Rolling PnL of last 50 trades <= -$10 (current: $-11.59) (resumes in 701s)
2025-12-24 05:30:28 - trades.XAUUSDm - DEBUG - [SKIP] Cannot open trade: Circuit breaker: Rolling PnL of last 50 trades <= -$10 (current: $-11.59) (resumes in 580s)
2025-12-24 05:32:31 - trades.XAUUSDm - DEBUG - [SKIP] Cannot open trade: Circuit breaker: Rolling PnL of last 50 trades <= -$10 (current: $-11.59) (resumes in 457s)
2025-12-24 05:34:34 - trades.XAUUSDm - DEBUG - [SKIP] Cannot open trade: Circuit breaker: Rolling PnL of last 50 trades <= -$10 (current: $-11.59) (resumes in 334s)
2025-12-24 05:36:40 - trades.XAUUSDm - DEBUG - [SKIP] Cannot open trade: Circuit breaker: Rolling PnL of last 50 trades <= -$10 (current: $-11.59) (resumes in 208s)
2025-12-24 05:38:43 - trades.XAUUSDm - DEBUG - [SKIP] Cannot open trade: Circuit breaker: Rolling PnL of last 50 trades <= -$10 (current: $-11.59) (resumes in 86s)
2025-12-24 05:42:51 - trades.XAUUSDm - DEBUG - [SKIP] Cannot open trade: Circuit breaker: Rolling PnL of last 50 trades <= -$10 (current: $-11.59) (resumes in 3476s)
2025-12-24 05:45:01 - trades.XAUUSDm - DEBUG - [SKIP] Cannot open trade: Circuit breaker: Rolling PnL of last 50 trades <= -$10 (current: $-11.59) (resumes in 3346s)
2025-12-24 05:47:07 - trades.XAUUSDm - DEBUG - [SKIP] Cannot open trade: Circuit breaker: Rolling PnL of last 50 trades <= -$10 (current: $-11.59) (resumes in 3220s)
2025-12-24 05:49:11 - trades.XAUUSDm - DEBUG - [SKIP] Cannot open trade: Circuit breaker: Rolling PnL of last 50 trades <= -$10 (current: $-11.59) (resumes in 3096s)
2025-12-24 05:51:20 - trades.XAUUSDm - DEBUG - [SKIP] Cannot open trade: Circuit breaker: Rolling PnL of last 50 trades <= -$10 (current: $-11.59) (resumes in 2967s)
2025-12-24 05:54:25 - trades.XAUUSDm - DEBUG - [SKIP] Cannot open trade: Circuit breaker: Rolling PnL of last 50 trades <= -$10 (current: $-11.59) (resumes in 2782s)
2025-12-24 05:57:40 - trades.XAUUSDm - DEBUG - [SKIP] Cannot open trade: Circuit breaker: Rolling PnL of last 50 trades <= -$10 (current: $-11.59) (resumes in 2587s)
2025-12-24 06:03:47 - trades.XAUUSDm - DEBUG - [SKIP] Cannot open trade: Circuit breaker: Rolling PnL of last 50 trades <= -$10 (current: $-11.59) (resumes in 2220s)
2025-12-24 06:06:50 - trades.XAUUSDm - DEBUG - [SKIP] Cannot open trade: Circuit breaker: Rolling PnL of last 50 trades <= -$10 (current: $-11.59) (resumes in 2037s)
2025-12-24 06:09:51 - trades.XAUUSDm - DEBUG - [SKIP] Cannot open trade: Circuit breaker: Rolling PnL of last 50 trades <= -$10 (current: $-11.59) (resumes in 1856s)
2025-12-24 06:16:06 - trades.XAUUSDm - DEBUG - [SKIP] Cannot open trade: Circuit breaker: Rolling PnL of last 50 trades <= -$10 (current: $-11.59) (resumes in 1481s)
2025-12-24 06:19:04 - trades.XAUUSDm - DEBUG - [SKIP] Cannot open trade: Circuit breaker: Rolling PnL of last 50 trades <= -$10 (current: $-11.59) (resumes in 1303s)
2025-12-24 06:21:59 - trades.XAUUSDm - DEBUG - [SKIP] Cannot open trade: Circuit breaker: Rolling PnL of last 50 trades <= -$10 (current: $-11.59) (resumes in 1129s)
2025-12-24 06:24:54 - trades.XAUUSDm - DEBUG - [SKIP] Cannot open trade: Circuit breaker: Rolling PnL of last 50 trades <= -$10 (current: $-11.59) (resumes in 953s)
2025-12-24 06:27:45 - trades.XAUUSDm - DEBUG - [SKIP] Cannot open trade: Circuit breaker: Rolling PnL of last 50 trades <= -$10 (current: $-11.59) (resumes in 782s)
2025-12-24 06:30:43 - trades.XAUUSDm - DEBUG - [SKIP] Cannot open trade: Circuit breaker: Rolling PnL of last 50 trades <= -$10 (current: $-11.59) (resumes in 604s)
2025-12-24 06:39:42 - trades.XAUUSDm - DEBUG - [SKIP] Cannot open trade: Circuit breaker: Rolling PnL of last 50 trades <= -$10 (current: $-11.59) (resumes in 65s)
2025-12-24 06:42:43 - trades.XAUUSDm - DEBUG - [SKIP] Cannot open trade: Circuit breaker: Rolling PnL of last 50 trades <= -$10 (current: $-11.59) (resumes in 3490s)
2025-12-24 06:45:42 - trades.XAUUSDm - DEBUG - [SKIP] Cannot open trade: Circuit breaker: Rolling PnL of last 50 trades <= -$10 (current: $-11.59) (resumes in 3311s)
2025-12-24 06:48:47 - trades.XAUUSDm - DEBUG - [SKIP] Cannot open trade: Circuit breaker: Rolling PnL of last 50 trades <= -$10 (current: $-11.59) (resumes in 3126s)
2025-12-24 07:00:27 - trades.XAUUSDm - DEBUG - [SKIP] Cannot open trade: Circuit breaker: Rolling PnL of last 50 trades <= -$10 (current: $-11.59) (resumes in 2426s)
2025-12-24 07:03:31 - trades.XAUUSDm - DEBUG - [SKIP] Cannot open trade: Circuit breaker: Rolling PnL of last 50 trades <= -$10 (current: $-11.59) (resumes in 2242s)
2025-12-24 07:06:36 - trades.XAUUSDm - DEBUG - [SKIP] Cannot open trade: Circuit breaker: Rolling PnL of last 50 trades <= -$10 (current: $-11.59) (resumes in 2057s)
2025-12-24 07:09:35 - trades.XAUUSDm - DEBUG - [SKIP] Cannot open trade: Circuit breaker: Rolling PnL of last 50 trades <= -$10 (current: $-11.59) (resumes in 1878s)
2025-12-24 07:12:38 - trades.XAUUSDm - DEBUG - [SKIP] Cannot open trade: Circuit breaker: Rolling PnL of last 50 trades <= -$10 (current: $-11.59) (resumes in 1696s)
2025-12-24 07:15:37 - trades.XAUUSDm - DEBUG - [SKIP] Cannot open trade: Circuit breaker: Rolling PnL of last 50 trades <= -$10 (current: $-11.59) (resumes in 1516s)
2025-12-24 07:18:44 - trades.XAUUSDm - DEBUG - [SKIP] Cannot open trade: Circuit breaker: Rolling PnL of last 50 trades <= -$10 (current: $-11.59) (resumes in 1329s)
2025-12-24 07:21:56 - trades.XAUUSDm - DEBUG - [SKIP] Cannot open trade: Circuit breaker: Rolling PnL of last 50 trades <= -$10 (current: $-11.59) (resumes in 1138s)
2025-12-24 07:25:01 - trades.XAUUSDm - DEBUG - [SKIP] Cannot open trade: Circuit breaker: Rolling PnL of last 50 trades <= -$10 (current: $-11.59) (resumes in 952s)
2025-12-24 07:36:52 - trades.XAUUSDm - DEBUG - [SKIP] Cannot open trade: Circuit breaker: Rolling PnL of last 50 trades <= -$10 (current: $-11.59) (resumes in 241s)
2025-12-24 07:39:49 - trades.XAUUSDm - DEBUG - [SKIP] Cannot open trade: Circuit breaker: Rolling PnL of last 50 trades <= -$10 (current: $-11.59) (resumes in 64s)
2025-12-24 07:42:46 - trades.XAUUSDm - DEBUG - [SKIP] Cannot open trade: Circuit breaker: Rolling PnL of last 50 trades <= -$10 (current: $-11.59) (resumes in 3495s)
2025-12-24 07:45:46 - trades.XAUUSDm - DEBUG - [SKIP] Cannot open trade: Circuit breaker: Rolling PnL of last 50 trades <= -$10 (current: $-11.59) (resumes in 3314s)
2025-12-24 07:48:50 - trades.XAUUSDm - DEBUG - [SKIP] Cannot open trade: Circuit breaker: Rolling PnL of last 50 trades <= -$10 (current: $-11.59) (resumes in 3130s)
2025-12-24 07:51:50 - trades.XAUUSDm - DEBUG - [SKIP] Cannot open trade: Circuit breaker: Rolling PnL of last 50 trades <= -$10 (current: $-11.59) (resumes in 2951s)
2025-12-24 07:54:51 - trades.XAUUSDm - DEBUG - [SKIP] Cannot open trade: Circuit breaker: Rolling PnL of last 50 trades <= -$10 (current: $-11.59) (resumes in 2770s)
2025-12-24 07:57:54 - trades.XAUUSDm - DEBUG - [SKIP] Cannot open trade: Circuit breaker: Rolling PnL of last 50 trades <= -$10 (current: $-11.59) (resumes in 2587s)
2025-12-24 08:03:59 - trades.XAUUSDm - DEBUG - [SKIP] Cannot open trade: Circuit breaker: Rolling PnL of last 50 trades <= -$10 (current: $-11.59) (resumes in 2222s)
2025-12-24 08:13:09 - trades.XAUUSDm - DEBUG - [SKIP] Cannot open trade: Circuit breaker: Rolling PnL of last 50 trades <= -$10 (current: $-11.59) (resumes in 1672s)
2025-12-24 08:16:14 - trades.XAUUSDm - DEBUG - [SKIP] Cannot open trade: Circuit breaker: Rolling PnL of last 50 trades <= -$10 (current: $-11.59) (resumes in 1486s)
2025-12-24 08:22:21 - trades.XAUUSDm - DEBUG - [SKIP] Cannot open trade: Circuit breaker: Rolling PnL of last 50 trades <= -$10 (current: $-11.59) (resumes in 1120s)
2025-12-24 08:25:37 - trades.XAUUSDm - DEBUG - [SKIP] Cannot open trade: Circuit breaker: Rolling PnL of last 50 trades <= -$10 (current: $-11.59) (resumes in 924s)
2025-12-24 08:28:49 - trades.XAUUSDm - DEBUG - [SKIP] Cannot open trade: Circuit breaker: Rolling PnL of last 50 trades <= -$10 (current: $-11.59) (resumes in 731s)
2025-12-24 08:35:26 - trades.XAUUSDm - DEBUG - [SKIP] Cannot open trade: Circuit breaker: Rolling PnL of last 50 trades <= -$10 (current: $-11.59) (resumes in 335s)
2025-12-24 08:38:36 - trades.XAUUSDm - DEBUG - [SKIP] Cannot open trade: Circuit breaker: Rolling PnL of last 50 trades <= -$10 (current: $-11.59) (resumes in 144s)
2025-12-24 08:45:15 - trades.XAUUSDm - DEBUG - [SKIP] Cannot open trade: Circuit breaker: Rolling PnL of last 50 trades <= -$10 (current: $-11.59) (resumes in 3402s)
2025-12-24 08:48:25 - trades.XAUUSDm - DEBUG - [SKIP] Cannot open trade: Circuit breaker: Rolling PnL of last 50 trades <= -$10 (current: $-11.59) (resumes in 3213s)
2025-12-24 08:51:45 - trades.XAUUSDm - DEBUG - [SKIP] Cannot open trade: Circuit breaker: Rolling PnL of last 50 trades <= -$10 (current: $-11.59) (resumes in 3013s)
2025-12-24 08:54:58 - trades.XAUUSDm - DEBUG - [SKIP] Cannot open trade: Circuit breaker: Rolling PnL of last 50 trades <= -$10 (current: $-11.59) (resumes in 2820s)
2025-12-24 08:58:07 - trades.XAUUSDm - DEBUG - [SKIP] Cannot open trade: Circuit breaker: Rolling PnL of last 50 trades <= -$10 (current: $-11.59) (resumes in 2631s)
2025-12-24 09:01:15 - trades.XAUUSDm - DEBUG - [SKIP] Cannot open trade: Circuit breaker: Rolling PnL of last 50 trades <= -$10 (current: $-11.59) (resumes in 2443s)
2025-12-24 09:04:16 - trades.XAUUSDm - DEBUG - [SKIP] Cannot open trade: Circuit breaker: Rolling PnL of last 50 trades <= -$10 (current: $-11.59) (resumes in 2262s)
2025-12-24 09:07:24 - trades.XAUUSDm - DEBUG - [SKIP] Cannot open trade: Circuit breaker: Rolling PnL of last 50 trades <= -$10 (current: $-11.59) (resumes in 2074s)
2025-12-24 09:10:30 - trades.XAUUSDm - DEBUG - [SKIP] Cannot open trade: Circuit breaker: Rolling PnL of last 50 trades <= -$10 (current: $-11.59) (resumes in 1888s)
2025-12-24 09:16:51 - trades.XAUUSDm - DEBUG - [SKIP] Cannot open trade: Circuit breaker: Rolling PnL of last 50 trades <= -$10 (current: $-11.59) (resumes in 1507s)
2025-12-24 09:20:17 - trades.XAUUSDm - DEBUG - [SKIP] Cannot open trade: Circuit breaker: Rolling PnL of last 50 trades <= -$10 (current: $-11.59) (resumes in 1301s)
2025-12-24 09:33:25 - trades.XAUUSDm - DEBUG - [SKIP] Cannot open trade: Circuit breaker: Rolling PnL of last 50 trades <= -$10 (current: $-11.59) (resumes in 513s)
2025-12-24 09:36:40 - trades.XAUUSDm - DEBUG - [SKIP] Cannot open trade: Circuit breaker: Rolling PnL of last 50 trades <= -$10 (current: $-11.59) (resumes in 318s)
2025-12-24 09:39:53 - trades.XAUUSDm - DEBUG - [SKIP] Cannot open trade: Circuit breaker: Rolling PnL of last 50 trades <= -$10 (current: $-11.59) (resumes in 125s)
2025-12-24 10:03:31 - trades.XAUUSDm - DEBUG - [SKIP] Cannot open trade: Circuit breaker: Rolling PnL of last 50 trades <= -$10 (current: $-11.59) (resumes in 2382s)
2025-12-24 10:06:58 - trades.XAUUSDm - DEBUG - [SKIP] Cannot open trade: Circuit breaker: Rolling PnL of last 50 trades <= -$10 (current: $-11.59) (resumes in 2174s)
2025-12-24 10:10:26 - trades.XAUUSDm - DEBUG - [SKIP] Cannot open trade: Circuit breaker: Rolling PnL of last 50 trades <= -$10 (current: $-11.59) (resumes in 1966s)
2025-12-24 10:13:58 - trades.XAUUSDm - DEBUG - [SKIP] Cannot open trade: Circuit breaker: Rolling PnL of last 50 trades <= -$10 (current: $-11.59) (resumes in 1754s)
2025-12-24 10:23:51 - trades.XAUUSDm - DEBUG - [SKIP] Cannot open trade: Circuit breaker: Rolling PnL of last 50 trades <= -$10 (current: $-11.59) (resumes in 1161s)
2025-12-24 10:27:07 - trades.XAUUSDm - DEBUG - [SKIP] Cannot open trade: Circuit breaker: Rolling PnL of last 50 trades <= -$10 (current: $-11.59) (resumes in 965s)
2025-12-24 10:30:18 - trades.XAUUSDm - DEBUG - [SKIP] Cannot open trade: Circuit breaker: Rolling PnL of last 50 trades <= -$10 (current: $-11.59) (resumes in 775s)
2025-12-24 10:33:33 - trades.XAUUSDm - DEBUG - [SKIP] Cannot open trade: Circuit breaker: Rolling PnL of last 50 trades <= -$10 (current: $-11.59) (resumes in 579s)
2025-12-24 10:36:45 - trades.XAUUSDm - DEBUG - [SKIP] Cannot open trade: Circuit breaker: Rolling PnL of last 50 trades <= -$10 (current: $-11.59) (resumes in 388s)
2025-12-24 10:39:59 - trades.XAUUSDm - DEBUG - [SKIP] Cannot open trade: Circuit breaker: Rolling PnL of last 50 trades <= -$10 (current: $-11.59) (resumes in 193s)
2025-12-24 10:46:24 - trades.XAUUSDm - DEBUG - [SKIP] Cannot open trade: Circuit breaker: Rolling PnL of last 50 trades <= -$10 (current: $-11.59) (resumes in 3413s)
2025-12-24 10:49:34 - trades.XAUUSDm - DEBUG - [SKIP] Cannot open trade: Circuit breaker: Rolling PnL of last 50 trades <= -$10 (current: $-11.59) (resumes in 3222s)
2025-12-24 10:52:37 - trades.XAUUSDm - DEBUG - [SKIP] Cannot open trade: Circuit breaker: Rolling PnL of last 50 trades <= -$10 (current: $-11.59) (resumes in 3040s)
2025-12-24 10:55:55 - trades.XAUUSDm - DEBUG - [SKIP] Cannot open trade: Circuit breaker: Rolling PnL of last 50 trades <= -$10 (current: $-11.59) (resumes in 2841s)
2025-12-24 10:59:29 - trades.XAUUSDm - DEBUG - [SKIP] Cannot open trade: Circuit breaker: Rolling PnL of last 50 trades <= -$10 (current: $-11.59) (resumes in 2628s)
2025-12-24 11:03:16 - trades.XAUUSDm - DEBUG - [SKIP] Cannot open trade: Circuit breaker: Rolling PnL of last 50 trades <= -$10 (current: $-11.59) (resumes in 2401s)
2025-12-24 11:11:01 - trades.XAUUSDm - DEBUG - [SKIP] Cannot open trade: Circuit breaker: Rolling PnL of last 50 trades <= -$10 (current: $-11.59) (resumes in 1935s)
2025-12-24 11:15:04 - trades.XAUUSDm - DEBUG - [SKIP] Cannot open trade: Circuit breaker: Rolling PnL of last 50 trades <= -$10 (current: $-11.59) (resumes in 1693s)
2025-12-24 11:19:15 - trades.XAUUSDm - DEBUG - [SKIP] Cannot open trade: Circuit breaker: Rolling PnL of last 50 trades <= -$10 (current: $-11.59) (resumes in 1442s)
2025-12-24 11:26:00 - trades.XAUUSDm - DEBUG - [SKIP] Cannot open trade: Circuit breaker: Rolling PnL of last 50 trades <= -$10 (current: $-11.59) (resumes in 1037s)
2025-12-24 11:29:21 - trades.XAUUSDm - DEBUG - [SKIP] Cannot open trade: Circuit breaker: Rolling PnL of last 50 trades <= -$10 (current: $-11.59) (resumes in 836s)
2025-12-24 11:32:43 - trades.XAUUSDm - DEBUG - [SKIP] Cannot open trade: Circuit breaker: Rolling PnL of last 50 trades <= -$10 (current: $-11.59) (resumes in 634s)
2025-12-24 11:36:06 - trades.XAUUSDm - DEBUG - [SKIP] Cannot open trade: Circuit breaker: Rolling PnL of last 50 trades <= -$10 (current: $-11.59) (resumes in 431s)
2025-12-24 11:39:29 - trades.XAUUSDm - DEBUG - [SKIP] Cannot open trade: Circuit breaker: Rolling PnL of last 50 trades <= -$10 (current: $-11.59) (resumes in 228s)
2025-12-24 11:42:52 - trades.XAUUSDm - DEBUG - [SKIP] Cannot open trade: Circuit breaker: Rolling PnL of last 50 trades <= -$10 (current: $-11.59) (resumes in 25s)
2025-12-24 11:46:10 - trades.XAUUSDm - DEBUG - [SKIP] Cannot open trade: Circuit breaker: Rolling PnL of last 50 trades <= -$10 (current: $-11.59) (resumes in 3431s)
2025-12-24 11:49:26 - trades.XAUUSDm - DEBUG - [SKIP] Cannot open trade: Circuit breaker: Rolling PnL of last 50 trades <= -$10 (current: $-11.59) (resumes in 3235s)
2025-12-24 11:52:49 - trades.XAUUSDm - DEBUG - [SKIP] Cannot open trade: Circuit breaker: Rolling PnL of last 50 trades <= -$10 (current: $-11.59) (resumes in 3033s)
2025-12-24 11:56:10 - trades.XAUUSDm - DEBUG - [SKIP] Cannot open trade: Circuit breaker: Rolling PnL of last 50 trades <= -$10 (current: $-11.59) (resumes in 2831s)
2025-12-24 11:59:34 - trades.XAUUSDm - DEBUG - [SKIP] Cannot open trade: Circuit breaker: Rolling PnL of last 50 trades <= -$10 (current: $-11.59) (resumes in 2627s)
2025-12-24 12:09:01 - trades.XAUUSDm - DEBUG - [SKIP] Cannot open trade: Circuit breaker: Rolling PnL of last 50 trades <= -$10 (current: $-11.59) (resumes in 2060s)
2025-12-24 12:12:00 - trades.XAUUSDm - DEBUG - [SKIP] Cannot open trade: Circuit breaker: Rolling PnL of last 50 trades <= -$10 (current: $-11.59) (resumes in 1881s)
2025-12-24 12:56:31 - trades.XAUUSDm - DEBUG - [SKIP] Cannot open trade: Circuit breaker: Rolling PnL of last 50 trades <= -$10 (current: $-11.59) (resumes in 2839s)
2025-12-24 12:59:47 - trades.XAUUSDm - DEBUG - [SKIP] Cannot open trade: Circuit breaker: Rolling PnL of last 50 trades <= -$10 (current: $-11.59) (resumes in 2644s)
2025-12-24 13:03:05 - trades.XAUUSDm - DEBUG - [SKIP] Cannot open trade: Circuit breaker: Rolling PnL of last 50 trades <= -$10 (current: $-11.59) (resumes in 2445s)
2025-12-24 13:06:11 - trades.XAUUSDm - DEBUG - [SKIP] Cannot open trade: Circuit breaker: Rolling PnL of last 50 trades <= -$10 (current: $-11.59) (resumes in 2259s)
2025-12-24 13:09:23 - trades.XAUUSDm - DEBUG - [SKIP] Cannot open trade: Circuit breaker: Rolling PnL of last 50 trades <= -$10 (current: $-11.59) (resumes in 2067s)
2025-12-24 13:12:36 - trades.XAUUSDm - DEBUG - [SKIP] Cannot open trade: Circuit breaker: Rolling PnL of last 50 trades <= -$10 (current: $-11.59) (resumes in 1874s)
2025-12-24 13:15:59 - trades.XAUUSDm - DEBUG - [SKIP] Cannot open trade: Circuit breaker: Rolling PnL of last 50 trades <= -$10 (current: $-11.59) (resumes in 1671s)
2025-12-24 13:22:20 - trades.XAUUSDm - DEBUG - [SKIP] Cannot open trade: Circuit breaker: Rolling PnL of last 50 trades <= -$10 (current: $-11.59) (resumes in 1291s)
2025-12-24 13:38:09 - trades.XAUUSDm - DEBUG - [SKIP] Cannot open trade: Circuit breaker: Rolling PnL of last 50 trades <= -$10 (current: $-11.59) (resumes in 341s)
2025-12-24 13:41:13 - trades.XAUUSDm - DEBUG - [SKIP] Cannot open trade: Circuit breaker: Rolling PnL of last 50 trades <= -$10 (current: $-11.59) (resumes in 158s)
2025-12-24 13:47:57 - trades.XAUUSDm - DEBUG - [SKIP] Cannot open trade: Circuit breaker: Rolling PnL of last 50 trades <= -$10 (current: $-11.59) (resumes in 3399s)
2025-12-24 13:51:16 - trades.XAUUSDm - DEBUG - [SKIP] Cannot open trade: Circuit breaker: Rolling PnL of last 50 trades <= -$10 (current: $-11.59) (resumes in 3200s)
2025-12-24 13:54:50 - trades.XAUUSDm - DEBUG - [SKIP] Cannot open trade: Circuit breaker: Rolling PnL of last 50 trades <= -$10 (current: $-11.59) (resumes in 2986s)
2025-12-24 13:58:18 - trades.XAUUSDm - DEBUG - [SKIP] Cannot open trade: Circuit breaker: Rolling PnL of last 50 trades <= -$10 (current: $-11.59) (resumes in 2778s)
2025-12-24 14:01:46 - trades.XAUUSDm - DEBUG - [SKIP] Cannot open trade: Circuit breaker: Rolling PnL of last 50 trades <= -$10 (current: $-11.59) (resumes in 2570s)
2025-12-24 14:05:18 - trades.XAUUSDm - DEBUG - [SKIP] Cannot open trade: Circuit breaker: Rolling PnL of last 50 trades <= -$10 (current: $-11.59) (resumes in 2358s)
2025-12-24 14:08:47 - trades.XAUUSDm - DEBUG - [SKIP] Cannot open trade: Circuit breaker: Rolling PnL of last 50 trades <= -$10 (current: $-11.59) (resumes in 2149s)
2025-12-24 14:12:20 - trades.XAUUSDm - DEBUG - [SKIP] Cannot open trade: Circuit breaker: Rolling PnL of last 50 trades <= -$10 (current: $-11.59) (resumes in 1936s)
2025-12-24 14:15:47 - trades.XAUUSDm - DEBUG - [SKIP] Cannot open trade: Circuit breaker: Rolling PnL of last 50 trades <= -$10 (current: $-11.59) (resumes in 1729s)
2025-12-24 14:19:03 - trades.XAUUSDm - DEBUG - [SKIP] Cannot open trade: Circuit breaker: Rolling PnL of last 50 trades <= -$10 (current: $-11.59) (resumes in 1533s)
2025-12-24 14:22:12 - trades.XAUUSDm - DEBUG - [SKIP] Cannot open trade: Circuit breaker: Rolling PnL of last 50 trades <= -$10 (current: $-11.59) (resumes in 1345s)
2025-12-24 14:25:41 - trades.XAUUSDm - DEBUG - [SKIP] Cannot open trade: Circuit breaker: Rolling PnL of last 50 trades <= -$10 (current: $-11.59) (resumes in 1135s)
2025-12-24 14:29:20 - trades.XAUUSDm - DEBUG - [SKIP] Cannot open trade: Circuit breaker: Rolling PnL of last 50 trades <= -$10 (current: $-11.59) (resumes in 916s)
2025-12-24 14:33:20 - trades.XAUUSDm - DEBUG - [SKIP] Cannot open trade: Circuit breaker: Rolling PnL of last 50 trades <= -$10 (current: $-11.59) (resumes in 676s)
2025-12-24 14:37:26 - trades.XAUUSDm - DEBUG - [SKIP] Cannot open trade: Circuit breaker: Rolling PnL of last 50 trades <= -$10 (current: $-11.59) (resumes in 430s)
2025-12-24 14:41:51 - trades.XAUUSDm - DEBUG - [SKIP] Cannot open trade: Circuit breaker: Rolling PnL of last 50 trades <= -$10 (current: $-11.59) (resumes in 165s)
2025-12-24 14:48:01 - trades.XAUUSDm - DEBUG - [SKIP] Cannot open trade: Circuit breaker: Rolling PnL of last 50 trades <= -$10 (current: $-11.59) (resumes in 3404s)
2025-12-24 14:53:21 - trades.XAUUSDm - DEBUG - [SKIP] Cannot open trade: Circuit breaker: Rolling PnL of last 50 trades <= -$10 (current: $-11.59) (resumes in 3085s)
2025-12-24 14:58:27 - trades.XAUUSDm - DEBUG - [SKIP] Cannot open trade: Circuit breaker: Rolling PnL of last 50 trades <= -$10 (current: $-11.59) (resumes in 2778s)
2025-12-24 15:03:35 - trades.XAUUSDm - DEBUG - [SKIP] Cannot open trade: Circuit breaker: Rolling PnL of last 50 trades <= -$10 (current: $-11.59) (resumes in 2470s)
2025-12-24 15:08:30 - trades.XAUUSDm - DEBUG - [SKIP] Cannot open trade: Circuit breaker: Rolling PnL of last 50 trades <= -$10 (current: $-11.59) (resumes in 2174s)
2025-12-24 15:13:19 - trades.XAUUSDm - DEBUG - [SKIP] Cannot open trade: Circuit breaker: Rolling PnL of last 50 trades <= -$10 (current: $-11.59) (resumes in 1885s)
