2025-12-23 12:00:07 - trades.XCUUSDm - DEBUG - [SKIP] Cannot open trade: Entry filter: Session guard: first 1 minutes of hour blocked
2025-12-23 12:01:49 - trades.XCUUSDm - DEBUG - [SKIP] Cannot open trade: Entry filter: Spread sanity: spread 404.9% of avg range > max 30.0%
2025-12-23 12:03:29 - trades.XCUUSDm - DEBUG - [SKIP] Cannot open trade: Entry filter: Spread sanity: spread 405.9% of avg range > max 30.0%
2025-12-23 12:05:10 - trades.XCUUSDm - DEBUG - [SKIP] Cannot open trade: Entry filter: Spread sanity: spread 378.3% of avg range > max 30.0%
2025-12-23 12:07:13 - trades.XCUUSDm - DEBUG - [SKIP] Cannot open trade: Entry filter: Spread sanity: spread 358.3% of avg range > max 30.0%
2025-12-23 12:17:55 - trades.XCUUSDm - DEBUG - [SKIP] Cannot open trade: Entry filter: Spread sanity: spread 330.7% of avg range > max 30.0%
2025-12-23 12:21:10 - trades.XCUUSDm - DEBUG - [SKIP] Cannot open trade: Entry filter: Spread sanity: spread 337.4% of avg range > max 30.0%
2025-12-23 12:24:23 - trades.XCUUSDm - DEBUG - [SKIP] Cannot open trade: Entry filter: Spread sanity: spread 379.2% of avg range > max 30.0%
2025-12-23 12:27:37 - trades.XCUUSDm - DEBUG - [SKIP] Cannot open trade: Entry filter: Spread sanity: spread 374.2% of avg range > max 30.0%
2025-12-23 12:30:40 - trades.XCUUSDm - DEBUG - [SKIP] Cannot open trade: Entry filter: Spread sanity: spread 361.1% of avg range > max 30.0%
2025-12-23 12:37:04 - trades.XCUUSDm - DEBUG - [SKIP] Cannot open trade: Entry filter: Spread sanity: spread 237.1% of avg range > max 30.0%
2025-12-23 12:40:12 - trades.XCUUSDm - DEBUG - [SKIP] Cannot open trade: Entry filter: Spread sanity: spread 222.8% of avg range > max 30.0%
2025-12-23 12:43:25 - trades.XCUUSDm - DEBUG - [SKIP] Cannot open trade: Entry filter: Spread sanity: spread 227.7% of avg range > max 30.0%
2025-12-23 12:46:47 - trades.XCUUSDm - DEBUG - [SKIP] Cannot open trade: Entry filter: Spread sanity: spread 224.9% of avg range > max 30.0%
2025-12-23 12:49:59 - trades.XCUUSDm - DEBUG - [SKIP] Cannot open trade: Entry filter: Spread sanity: spread 225.8% of avg range > max 30.0%
2025-12-23 12:53:27 - trades.XCUUSDm - DEBUG - [SKIP] Cannot open trade: Entry filter: Spread sanity: spread 237.6% of avg range > max 30.0%
2025-12-23 12:56:48 - trades.XCUUSDm - DEBUG - [SKIP] Cannot open trade: Entry filter: Spread sanity: spread 278.8% of avg range > max 30.0%
2025-12-23 13:00:06 - trades.XCUUSDm - DEBUG - [SKIP] Cannot open trade: Entry filter: Session guard: first 1 minutes of hour blocked
2025-12-23 13:03:28 - trades.XCUUSDm - DEBUG - [SKIP] Cannot open trade: Entry filter: Spread sanity: spread 130.1% of avg range > max 30.0%
2025-12-23 13:13:41 - trades.XCUUSDm - DEBUG - [SKIP] Cannot open trade: Entry filter: Spread sanity: spread 79.0% of avg range > max 30.0%
2025-12-23 13:17:05 - trades.XCUUSDm - DEBUG - [SKIP] Cannot open trade: Entry filter: Spread sanity: spread 74.3% of avg range > max 30.0%
2025-12-23 13:20:30 - trades.XCUUSDm - DEBUG - [SKIP] Cannot open trade: Entry filter: Spread sanity: spread 75.1% of avg range > max 30.0%
2025-12-23 13:24:06 - trades.XCUUSDm - DEBUG - [SKIP] Cannot open trade: Entry filter: Spread sanity: spread 92.3% of avg range > max 30.0%
2025-12-23 13:27:25 - trades.XCUUSDm - DEBUG - [SKIP] Cannot open trade: Entry filter: Spread sanity: spread 99.9% of avg range > max 30.0%
2025-12-23 13:30:53 - trades.XCUUSDm - DEBUG - [SKIP] Cannot open trade: Entry filter: Spread sanity: spread 116.2% of avg range > max 30.0%
2025-12-23 13:34:19 - trades.XCUUSDm - DEBUG - [SKIP] Cannot open trade: Entry filter: Spread sanity: spread 113.9% of avg range > max 30.0%
2025-12-23 13:37:41 - trades.XCUUSDm - DEBUG - [SKIP] Cannot open trade: Entry filter: Spread sanity: spread 111.0% of avg range > max 30.0%
2025-12-23 13:56:08 - trades.XCUUSDm - DEBUG - [SKIP] Cannot open trade: Entry filter: Spread sanity: spread 89.7% of avg range > max 30.0%
2025-12-23 14:00:25 - trades.XCUUSDm - DEBUG - [SKIP] Cannot open trade: Entry filter: Session guard: first 1 minutes of hour blocked
2025-12-23 14:04:37 - trades.XCUUSDm - DEBUG - [SKIP] Cannot open trade: Entry filter: Spread sanity: spread 71.6% of avg range > max 30.0%
2025-12-23 14:08:56 - trades.XCUUSDm - DEBUG - [SKIP] Cannot open trade: Entry filter: Spread sanity: spread 68.4% of avg range > max 30.0%
2025-12-23 14:13:30 - trades.XCUUSDm - DEBUG - [SKIP] Cannot open trade: Entry filter: Spread sanity: spread 68.2% of avg range > max 30.0%
2025-12-23 14:18:13 - trades.XCUUSDm - DEBUG - [SKIP] Cannot open trade: Entry filter: Spread sanity: spread 76.4% of avg range > max 30.0%
2025-12-23 14:22:39 - trades.XCUUSDm - DEBUG - [SKIP] Cannot open trade: Entry filter: Spread sanity: spread 85.6% of avg range > max 30.0%
2025-12-23 14:39:35 - trades.XCUUSDm - DEBUG - [SKIP] Cannot open trade: Entry filter: Spread sanity: spread 71.7% of avg range > max 30.0%
2025-12-23 14:53:51 - trades.XCUUSDm - DEBUG - [SKIP] Cannot open trade: Circuit breaker: Consecutive losses >= 10 (11 losses) (resumes in 1769s)
2025-12-23 15:05:17 - trades.XCUUSDm - DEBUG - [SKIP] Cannot open trade: Circuit breaker: Consecutive losses >= 10 (11 losses) (resumes in 1084s)
2025-12-23 15:10:44 - trades.XCUUSDm - DEBUG - [SKIP] Cannot open trade: Circuit breaker: Consecutive losses >= 10 (11 losses) (resumes in 756s)
2025-12-23 15:16:28 - trades.XCUUSDm - DEBUG - [SKIP] Cannot open trade: Circuit breaker: Consecutive losses >= 10 (11 losses) (resumes in 412s)
2025-12-23 15:22:12 - trades.XCUUSDm - DEBUG - [SKIP] Cannot open trade: Circuit breaker: Consecutive losses >= 10 (11 losses) (resumes in 68s)
2025-12-23 15:27:59 - trades.XCUUSDm - DEBUG - [SKIP] Cannot open trade: Entry filter: Spread sanity: spread 94.7% of avg range > max 30.0%
2025-12-23 15:34:50 - trades.XCUUSDm - DEBUG - [SKIP] Cannot open trade: Circuit breaker: Rolling PnL of last 50 trades <= -$10 (current: $-17.00) (resumes in 3455s)
2025-12-23 15:41:16 - trades.XCUUSDm - DEBUG - [SKIP] Cannot open trade: Circuit breaker: Rolling PnL of last 50 trades <= -$10 (current: $-17.00) (resumes in 3068s)
2025-12-23 15:47:23 - trades.XCUUSDm - DEBUG - [SKIP] Cannot open trade: Circuit breaker: Rolling PnL of last 50 trades <= -$10 (current: $-17.00) (resumes in 2702s)
2025-12-23 15:53:26 - trades.XCUUSDm - DEBUG - [SKIP] Cannot open trade: Circuit breaker: Rolling PnL of last 50 trades <= -$10 (current: $-17.00) (resumes in 2339s)
2025-12-23 15:59:27 - trades.XCUUSDm - DEBUG - [SKIP] Cannot open trade: Circuit breaker: Rolling PnL of last 50 trades <= -$10 (current: $-17.00) (resumes in 1978s)
2025-12-23 16:05:46 - trades.XCUUSDm - DEBUG - [SKIP] Cannot open trade: Circuit breaker: Rolling PnL of last 50 trades <= -$10 (current: $-17.00) (resumes in 1599s)
2025-12-23 16:11:31 - trades.XCUUSDm - DEBUG - [SKIP] Cannot open trade: Circuit breaker: Rolling PnL of last 50 trades <= -$10 (current: $-17.00) (resumes in 1254s)
2025-12-23 16:16:49 - trades.XCUUSDm - DEBUG - [SKIP] Cannot open trade: Circuit breaker: Rolling PnL of last 50 trades <= -$10 (current: $-17.00) (resumes in 936s)
2025-12-23 16:21:54 - trades.XCUUSDm - DEBUG - [SKIP] Cannot open trade: Circuit breaker: Rolling PnL of last 50 trades <= -$10 (current: $-17.00) (resumes in 630s)
2025-12-23 16:26:49 - trades.XCUUSDm - DEBUG - [SKIP] Cannot open trade: Circuit breaker: Rolling PnL of last 50 trades <= -$10 (current: $-17.00) (resumes in 336s)
2025-12-23 16:31:51 - trades.XCUUSDm - DEBUG - [SKIP] Cannot open trade: Circuit breaker: Rolling PnL of last 50 trades <= -$10 (current: $-17.00) (resumes in 34s)
2025-12-23 16:37:13 - trades.XCUUSDm - DEBUG - [SKIP] Cannot open trade: Circuit breaker: Rolling PnL of last 50 trades <= -$10 (current: $-11.59) (resumes in 3314s)
2025-12-23 16:42:31 - trades.XCUUSDm - DEBUG - [SKIP] Cannot open trade: Circuit breaker: Rolling PnL of last 50 trades <= -$10 (current: $-11.59) (resumes in 2996s)
2025-12-23 16:47:22 - trades.XCUUSDm - DEBUG - [SKIP] Cannot open trade: Circuit breaker: Rolling PnL of last 50 trades <= -$10 (current: $-11.59) (resumes in 2705s)
2025-12-23 16:52:27 - trades.XCUUSDm - DEBUG - [SKIP] Cannot open trade: Circuit breaker: Rolling PnL of last 50 trades <= -$10 (current: $-11.59) (resumes in 2400s)
2025-12-23 16:57:25 - trades.XCUUSDm - DEBUG - [SKIP] Cannot open trade: Circuit breaker: Rolling PnL of last 50 trades <= -$10 (current: $-11.59) (resumes in 2101s)
2025-12-23 17:02:42 - trades.XCUUSDm - DEBUG - [SKIP] Cannot open trade: Circuit breaker: Rolling PnL of last 50 trades <= -$10 (current: $-11.59) (resumes in 1785s)
2025-12-23 17:07:27 - trades.XCUUSDm - DEBUG - [SKIP] Cannot open trade: Circuit breaker: Rolling PnL of last 50 trades <= -$10 (current: $-11.59) (resumes in 1500s)
2025-12-23 17:12:39 - trades.XCUUSDm - DEBUG - [SKIP] Cannot open trade: Circuit breaker: Rolling PnL of last 50 trades <= -$10 (current: $-11.59) (resumes in 1187s)
2025-12-23 17:17:48 - trades.XCUUSDm - DEBUG - [SKIP] Cannot open trade: Circuit breaker: Rolling PnL of last 50 trades <= -$10 (current: $-11.59) (resumes in 879s)
2025-12-23 17:22:38 - trades.XCUUSDm - DEBUG - [SKIP] Cannot open trade: Circuit breaker: Rolling PnL of last 50 trades <= -$10 (current: $-11.59) (resumes in 589s)
2025-12-23 17:41:01 - trades.XCUUSDm - DEBUG - [SKIP] Cannot open trade: Circuit breaker: Rolling PnL of last 50 trades <= -$10 (current: $-11.59) (resumes in 3088s)
2025-12-23 17:45:42 - trades.XCUUSDm - DEBUG - [SKIP] Cannot open trade: Circuit breaker: Rolling PnL of last 50 trades <= -$10 (current: $-11.59) (resumes in 2806s)
2025-12-23 17:49:55 - trades.XCUUSDm - DEBUG - [SKIP] Cannot open trade: Circuit breaker: Rolling PnL of last 50 trades <= -$10 (current: $-11.59) (resumes in 2553s)
2025-12-23 17:54:36 - trades.XCUUSDm - DEBUG - [SKIP] Cannot open trade: Circuit breaker: Rolling PnL of last 50 trades <= -$10 (current: $-11.59) (resumes in 2273s)
2025-12-23 17:59:23 - trades.XCUUSDm - DEBUG - [SKIP] Cannot open trade: Circuit breaker: Rolling PnL of last 50 trades <= -$10 (current: $-11.59) (resumes in 1985s)
2025-12-23 18:04:04 - trades.XCUUSDm - DEBUG - [SKIP] Cannot open trade: Circuit breaker: Rolling PnL of last 50 trades <= -$10 (current: $-11.59) (resumes in 1704s)
2025-12-23 18:08:37 - trades.XCUUSDm - DEBUG - [SKIP] Cannot open trade: Circuit breaker: Rolling PnL of last 50 trades <= -$10 (current: $-11.59) (resumes in 1431s)
2025-12-23 18:13:09 - trades.XCUUSDm - DEBUG - [SKIP] Cannot open trade: Circuit breaker: Rolling PnL of last 50 trades <= -$10 (current: $-11.59) (resumes in 1159s)
2025-12-23 18:17:19 - trades.XCUUSDm - DEBUG - [SKIP] Cannot open trade: Circuit breaker: Rolling PnL of last 50 trades <= -$10 (current: $-11.59) (resumes in 910s)
2025-12-23 18:30:27 - trades.XCUUSDm - DEBUG - [SKIP] Cannot open trade: Circuit breaker: Rolling PnL of last 50 trades <= -$10 (current: $-11.59) (resumes in 122s)
2025-12-23 18:35:03 - trades.XCUUSDm - DEBUG - [SKIP] Cannot open trade: Circuit breaker: Rolling PnL of last 50 trades <= -$10 (current: $-11.59) (resumes in 3447s)
2025-12-23 18:43:50 - trades.XCUUSDm - DEBUG - [SKIP] Cannot open trade: Circuit breaker: Rolling PnL of last 50 trades <= -$10 (current: $-11.59) (resumes in 2920s)
2025-12-23 18:48:15 - trades.XCUUSDm - DEBUG - [SKIP] Cannot open trade: Circuit breaker: Rolling PnL of last 50 trades <= -$10 (current: $-11.59) (resumes in 2655s)
2025-12-23 18:52:31 - trades.XCUUSDm - DEBUG - [SKIP] Cannot open trade: Circuit breaker: Rolling PnL of last 50 trades <= -$10 (current: $-11.59) (resumes in 2399s)
2025-12-24 01:02:51 - trades.XCUUSDm - DEBUG - [SKIP] Cannot open trade: Circuit breaker: Rolling PnL of last 50 trades <= -$10 (current: $-11.59) (resumes in 2187s)
2025-12-24 01:05:03 - trades.XCUUSDm - DEBUG - [SKIP] Cannot open trade: Circuit breaker: Rolling PnL of last 50 trades <= -$10 (current: $-11.59) (resumes in 2055s)
2025-12-24 01:07:12 - trades.XCUUSDm - DEBUG - [SKIP] Cannot open trade: Circuit breaker: Rolling PnL of last 50 trades <= -$10 (current: $-11.59) (resumes in 1926s)
2025-12-24 01:09:21 - trades.XCUUSDm - DEBUG - [SKIP] Cannot open trade: Circuit breaker: Rolling PnL of last 50 trades <= -$10 (current: $-11.59) (resumes in 1796s)
2025-12-24 01:11:34 - trades.XCUUSDm - DEBUG - [SKIP] Cannot open trade: Circuit breaker: Rolling PnL of last 50 trades <= -$10 (current: $-11.59) (resumes in 1664s)
2025-12-24 01:13:50 - trades.XCUUSDm - DEBUG - [SKIP] Cannot open trade: Circuit breaker: Rolling PnL of last 50 trades <= -$10 (current: $-11.59) (resumes in 1528s)
2025-12-24 01:16:08 - trades.XCUUSDm - DEBUG - [SKIP] Cannot open trade: Circuit breaker: Rolling PnL of last 50 trades <= -$10 (current: $-11.59) (resumes in 1389s)
2025-12-24 01:29:27 - trades.XCUUSDm - DEBUG - [SKIP] Cannot open trade: Circuit breaker: Rolling PnL of last 50 trades <= -$10 (current: $-11.59) (resumes in 590s)
2025-12-24 01:31:29 - trades.XCUUSDm - DEBUG - [SKIP] Cannot open trade: Circuit breaker: Rolling PnL of last 50 trades <= -$10 (current: $-11.59) (resumes in 468s)
2025-12-24 01:33:33 - trades.XCUUSDm - DEBUG - [SKIP] Cannot open trade: Circuit breaker: Rolling PnL of last 50 trades <= -$10 (current: $-11.59) (resumes in 345s)
2025-12-24 01:35:37 - trades.XCUUSDm - DEBUG - [SKIP] Cannot open trade: Circuit breaker: Rolling PnL of last 50 trades <= -$10 (current: $-11.59) (resumes in 220s)
2025-12-24 01:37:44 - trades.XCUUSDm - DEBUG - [SKIP] Cannot open trade: Circuit breaker: Rolling PnL of last 50 trades <= -$10 (current: $-11.59) (resumes in 93s)
2025-12-24 01:39:54 - trades.XCUUSDm - DEBUG - [SKIP] Cannot open trade: Circuit breaker: Rolling PnL of last 50 trades <= -$10 (current: $-11.59) (resumes in 3592s)
2025-12-24 01:42:06 - trades.XCUUSDm - DEBUG - [SKIP] Cannot open trade: Circuit breaker: Rolling PnL of last 50 trades <= -$10 (current: $-11.59) (resumes in 3459s)
2025-12-24 01:44:14 - trades.XCUUSDm - DEBUG - [SKIP] Cannot open trade: Circuit breaker: Rolling PnL of last 50 trades <= -$10 (current: $-11.59) (resumes in 3332s)
2025-12-24 01:46:20 - trades.XCUUSDm - DEBUG - [SKIP] Cannot open trade: Circuit breaker: Rolling PnL of last 50 trades <= -$10 (current: $-11.59) (resumes in 3205s)
2025-12-24 01:52:38 - trades.XCUUSDm - DEBUG - [SKIP] Cannot open trade: Circuit breaker: Rolling PnL of last 50 trades <= -$10 (current: $-11.59) (resumes in 2828s)
2025-12-24 01:54:48 - trades.XCUUSDm - DEBUG - [SKIP] Cannot open trade: Circuit breaker: Rolling PnL of last 50 trades <= -$10 (current: $-11.59) (resumes in 2697s)
2025-12-24 01:57:00 - trades.XCUUSDm - DEBUG - [SKIP] Cannot open trade: Circuit breaker: Rolling PnL of last 50 trades <= -$10 (current: $-11.59) (resumes in 2565s)
2025-12-24 01:59:10 - trades.XCUUSDm - DEBUG - [SKIP] Cannot open trade: Circuit breaker: Rolling PnL of last 50 trades <= -$10 (current: $-11.59) (resumes in 2435s)
2025-12-24 02:01:20 - trades.XCUUSDm - DEBUG - [SKIP] Cannot open trade: Circuit breaker: Rolling PnL of last 50 trades <= -$10 (current: $-11.59) (resumes in 2305s)
2025-12-24 02:03:32 - trades.XCUUSDm - DEBUG - [SKIP] Cannot open trade: Circuit breaker: Rolling PnL of last 50 trades <= -$10 (current: $-11.59) (resumes in 2174s)
2025-12-24 02:05:49 - trades.XCUUSDm - DEBUG - [SKIP] Cannot open trade: Circuit breaker: Rolling PnL of last 50 trades <= -$10 (current: $-11.59) (resumes in 2036s)
2025-12-24 02:08:21 - trades.XCUUSDm - DEBUG - [SKIP] Cannot open trade: Circuit breaker: Rolling PnL of last 50 trades <= -$10 (current: $-11.59) (resumes in 1885s)
2025-12-24 02:10:45 - trades.XCUUSDm - DEBUG - [SKIP] Cannot open trade: Circuit breaker: Rolling PnL of last 50 trades <= -$10 (current: $-11.59) (resumes in 1740s)
2025-12-24 02:13:15 - trades.XCUUSDm - DEBUG - [SKIP] Cannot open trade: Circuit breaker: Rolling PnL of last 50 trades <= -$10 (current: $-11.59) (resumes in 1590s)
2025-12-24 02:15:45 - trades.XCUUSDm - DEBUG - [SKIP] Cannot open trade: Circuit breaker: Rolling PnL of last 50 trades <= -$10 (current: $-11.59) (resumes in 1440s)
2025-12-24 02:18:07 - trades.XCUUSDm - DEBUG - [SKIP] Cannot open trade: Circuit breaker: Rolling PnL of last 50 trades <= -$10 (current: $-11.59) (resumes in 1298s)
2025-12-24 02:20:28 - trades.XCUUSDm - DEBUG - [SKIP] Cannot open trade: Circuit breaker: Rolling PnL of last 50 trades <= -$10 (current: $-11.59) (resumes in 1158s)
2025-12-24 02:22:45 - trades.XCUUSDm - DEBUG - [SKIP] Cannot open trade: Circuit breaker: Rolling PnL of last 50 trades <= -$10 (current: $-11.59) (resumes in 1020s)
2025-12-24 02:25:01 - trades.XCUUSDm - DEBUG - [SKIP] Cannot open trade: Circuit breaker: Rolling PnL of last 50 trades <= -$10 (current: $-11.59) (resumes in 884s)
2025-12-24 02:34:34 - trades.XCUUSDm - DEBUG - [SKIP] Cannot open trade: Circuit breaker: Rolling PnL of last 50 trades <= -$10 (current: $-11.59) (resumes in 312s)
2025-12-24 02:37:13 - trades.XCUUSDm - DEBUG - [SKIP] Cannot open trade: Circuit breaker: Rolling PnL of last 50 trades <= -$10 (current: $-11.59) (resumes in 152s)
2025-12-24 02:39:50 - trades.XCUUSDm - DEBUG - [SKIP] Cannot open trade: Circuit breaker: Rolling PnL of last 50 trades <= -$10 (current: $-11.59) (resumes in 3598s)
2025-12-24 02:46:54 - trades.XCUUSDm - DEBUG - [SKIP] Cannot open trade: Circuit breaker: Rolling PnL of last 50 trades <= -$10 (current: $-11.59) (resumes in 3174s)
2025-12-24 02:49:14 - trades.XCUUSDm - DEBUG - [SKIP] Cannot open trade: Circuit breaker: Rolling PnL of last 50 trades <= -$10 (current: $-11.59) (resumes in 3034s)
2025-12-24 03:13:58 - trades.XCUUSDm - DEBUG - [SKIP] Cannot open trade: Circuit breaker: Rolling PnL of last 50 trades <= -$10 (current: $-11.59) (resumes in 1550s)
2025-12-24 03:16:12 - trades.XCUUSDm - DEBUG - [SKIP] Cannot open trade: Circuit breaker: Rolling PnL of last 50 trades <= -$10 (current: $-11.59) (resumes in 1416s)
2025-12-24 03:18:23 - trades.XCUUSDm - DEBUG - [SKIP] Cannot open trade: Circuit breaker: Rolling PnL of last 50 trades <= -$10 (current: $-11.59) (resumes in 1285s)
2025-12-24 03:20:36 - trades.XCUUSDm - DEBUG - [SKIP] Cannot open trade: Circuit breaker: Rolling PnL of last 50 trades <= -$10 (current: $-11.59) (resumes in 1152s)
2025-12-24 03:22:46 - trades.XCUUSDm - DEBUG - [SKIP] Cannot open trade: Circuit breaker: Rolling PnL of last 50 trades <= -$10 (current: $-11.59) (resumes in 1023s)
2025-12-24 03:24:53 - trades.XCUUSDm - DEBUG - [SKIP] Cannot open trade: Circuit breaker: Rolling PnL of last 50 trades <= -$10 (current: $-11.59) (resumes in 895s)
2025-12-24 03:27:01 - trades.XCUUSDm - DEBUG - [SKIP] Cannot open trade: Circuit breaker: Rolling PnL of last 50 trades <= -$10 (current: $-11.59) (resumes in 768s)
2025-12-24 03:29:13 - trades.XCUUSDm - DEBUG - [SKIP] Cannot open trade: Circuit breaker: Rolling PnL of last 50 trades <= -$10 (current: $-11.59) (resumes in 636s)
2025-12-24 03:31:22 - trades.XCUUSDm - DEBUG - [SKIP] Cannot open trade: Circuit breaker: Rolling PnL of last 50 trades <= -$10 (current: $-11.59) (resumes in 507s)
2025-12-24 03:33:30 - trades.XCUUSDm - DEBUG - [SKIP] Cannot open trade: Circuit breaker: Rolling PnL of last 50 trades <= -$10 (current: $-11.59) (resumes in 378s)
2025-12-24 03:35:39 - trades.XCUUSDm - DEBUG - [SKIP] Cannot open trade: Circuit breaker: Rolling PnL of last 50 trades <= -$10 (current: $-11.59) (resumes in 249s)
2025-12-24 03:37:48 - trades.XCUUSDm - DEBUG - [SKIP] Cannot open trade: Circuit breaker: Rolling PnL of last 50 trades <= -$10 (current: $-11.59) (resumes in 120s)
2025-12-24 03:48:26 - trades.XCUUSDm - DEBUG - [SKIP] Cannot open trade: Circuit breaker: Rolling PnL of last 50 trades <= -$10 (current: $-11.59) (resumes in 3085s)
2025-12-24 03:50:41 - trades.XCUUSDm - DEBUG - [SKIP] Cannot open trade: Circuit breaker: Rolling PnL of last 50 trades <= -$10 (current: $-11.59) (resumes in 2949s)
2025-12-24 03:52:45 - trades.XCUUSDm - DEBUG - [SKIP] Cannot open trade: Circuit breaker: Rolling PnL of last 50 trades <= -$10 (current: $-11.59) (resumes in 2826s)
2025-12-24 03:54:52 - trades.XCUUSDm - DEBUG - [SKIP] Cannot open trade: Circuit breaker: Rolling PnL of last 50 trades <= -$10 (current: $-11.59) (resumes in 2699s)
2025-12-24 03:56:59 - trades.XCUUSDm - DEBUG - [SKIP] Cannot open trade: Circuit breaker: Rolling PnL of last 50 trades <= -$10 (current: $-11.59) (resumes in 2572s)
2025-12-24 03:59:04 - trades.XCUUSDm - DEBUG - [SKIP] Cannot open trade: Circuit breaker: Rolling PnL of last 50 trades <= -$10 (current: $-11.59) (resumes in 2447s)
2025-12-24 04:01:10 - trades.XCUUSDm - DEBUG - [SKIP] Cannot open trade: Circuit breaker: Rolling PnL of last 50 trades <= -$10 (current: $-11.59) (resumes in 2321s)
2025-12-24 04:03:16 - trades.XCUUSDm - DEBUG - [SKIP] Cannot open trade: Circuit breaker: Rolling PnL of last 50 trades <= -$10 (current: $-11.59) (resumes in 2195s)
2025-12-24 04:05:24 - trades.XCUUSDm - DEBUG - [SKIP] Cannot open trade: Circuit breaker: Rolling PnL of last 50 trades <= -$10 (current: $-11.59) (resumes in 2067s)
2025-12-24 04:07:32 - trades.XCUUSDm - DEBUG - [SKIP] Cannot open trade: Circuit breaker: Rolling PnL of last 50 trades <= -$10 (current: $-11.59) (resumes in 1938s)
2025-12-24 04:09:41 - trades.XCUUSDm - DEBUG - [SKIP] Cannot open trade: Circuit breaker: Rolling PnL of last 50 trades <= -$10 (current: $-11.59) (resumes in 1810s)
2025-12-24 04:11:54 - trades.XCUUSDm - DEBUG - [SKIP] Cannot open trade: Circuit breaker: Rolling PnL of last 50 trades <= -$10 (current: $-11.59) (resumes in 1677s)
2025-12-24 04:14:06 - trades.XCUUSDm - DEBUG - [SKIP] Cannot open trade: Circuit breaker: Rolling PnL of last 50 trades <= -$10 (current: $-11.59) (resumes in 1545s)
2025-12-24 04:16:16 - trades.XCUUSDm - DEBUG - [SKIP] Cannot open trade: Circuit breaker: Rolling PnL of last 50 trades <= -$10 (current: $-11.59) (resumes in 1415s)
2025-12-24 04:18:29 - trades.XCUUSDm - DEBUG - [SKIP] Cannot open trade: Circuit breaker: Rolling PnL of last 50 trades <= -$10 (current: $-11.59) (resumes in 1282s)
2025-12-24 04:20:42 - trades.XCUUSDm - DEBUG - [SKIP] Cannot open trade: Circuit breaker: Rolling PnL of last 50 trades <= -$10 (current: $-11.59) (resumes in 1149s)
2025-12-24 04:29:27 - trades.XCUUSDm - DEBUG - [SKIP] Cannot open trade: Circuit breaker: Rolling PnL of last 50 trades <= -$10 (current: $-11.59) (resumes in 624s)
2025-12-24 04:31:36 - trades.XCUUSDm - DEBUG - [SKIP] Cannot open trade: Circuit breaker: Rolling PnL of last 50 trades <= -$10 (current: $-11.59) (resumes in 495s)
2025-12-24 04:33:41 - trades.XCUUSDm - DEBUG - [SKIP] Cannot open trade: Circuit breaker: Rolling PnL of last 50 trades <= -$10 (current: $-11.59) (resumes in 370s)
2025-12-24 04:35:49 - trades.XCUUSDm - DEBUG - [SKIP] Cannot open trade: Circuit breaker: Rolling PnL of last 50 trades <= -$10 (current: $-11.59) (resumes in 242s)
2025-12-24 04:38:02 - trades.XCUUSDm - DEBUG - [SKIP] Cannot open trade: Circuit breaker: Rolling PnL of last 50 trades <= -$10 (current: $-11.59) (resumes in 109s)
2025-12-24 04:44:28 - trades.XCUUSDm - DEBUG - [SKIP] Cannot open trade: Circuit breaker: Rolling PnL of last 50 trades <= -$10 (current: $-11.59) (resumes in 3340s)
2025-12-24 04:46:37 - trades.XCUUSDm - DEBUG - [SKIP] Cannot open trade: Circuit breaker: Rolling PnL of last 50 trades <= -$10 (current: $-11.59) (resumes in 3211s)
2025-12-24 04:52:55 - trades.XCUUSDm - DEBUG - [SKIP] Cannot open trade: Circuit breaker: Rolling PnL of last 50 trades <= -$10 (current: $-11.59) (resumes in 2834s)
2025-12-24 04:55:04 - trades.XCUUSDm - DEBUG - [SKIP] Cannot open trade: Circuit breaker: Rolling PnL of last 50 trades <= -$10 (current: $-11.59) (resumes in 2705s)
2025-12-24 04:57:10 - trades.XCUUSDm - DEBUG - [SKIP] Cannot open trade: Circuit breaker: Rolling PnL of last 50 trades <= -$10 (current: $-11.59) (resumes in 2578s)
2025-12-24 05:01:27 - trades.XCUUSDm - DEBUG - [SKIP] Cannot open trade: Circuit breaker: Rolling PnL of last 50 trades <= -$10 (current: $-11.59) (resumes in 2321s)
2025-12-24 05:03:43 - trades.XCUUSDm - DEBUG - [SKIP] Cannot open trade: Circuit breaker: Rolling PnL of last 50 trades <= -$10 (current: $-11.59) (resumes in 2185s)
2025-12-24 05:06:02 - trades.XCUUSDm - DEBUG - [SKIP] Cannot open trade: Circuit breaker: Rolling PnL of last 50 trades <= -$10 (current: $-11.59) (resumes in 2047s)
2025-12-24 05:08:09 - trades.XCUUSDm - DEBUG - [SKIP] Cannot open trade: Circuit breaker: Rolling PnL of last 50 trades <= -$10 (current: $-11.59) (resumes in 1919s)
2025-12-24 05:20:22 - trades.XCUUSDm - DEBUG - [SKIP] Cannot open trade: Circuit breaker: Rolling PnL of last 50 trades <= -$10 (current: $-11.59) (resumes in 1186s)
2025-12-24 05:22:25 - trades.XCUUSDm - DEBUG - [SKIP] Cannot open trade: Circuit breaker: Rolling PnL of last 50 trades <= -$10 (current: $-11.59) (resumes in 1064s)
2025-12-24 05:24:29 - trades.XCUUSDm - DEBUG - [SKIP] Cannot open trade: Circuit breaker: Rolling PnL of last 50 trades <= -$10 (current: $-11.59) (resumes in 939s)
2025-12-24 05:26:32 - trades.XCUUSDm - DEBUG - [SKIP] Cannot open trade: Circuit breaker: Rolling PnL of last 50 trades <= -$10 (current: $-11.59) (resumes in 816s)
2025-12-24 05:28:33 - trades.XCUUSDm - DEBUG - [SKIP] Cannot open trade: Circuit breaker: Rolling PnL of last 50 trades <= -$10 (current: $-11.59) (resumes in 695s)
2025-12-24 05:30:35 - trades.XCUUSDm - DEBUG - [SKIP] Cannot open trade: Circuit breaker: Rolling PnL of last 50 trades <= -$10 (current: $-11.59) (resumes in 573s)
2025-12-24 05:32:38 - trades.XCUUSDm - DEBUG - [SKIP] Cannot open trade: Circuit breaker: Rolling PnL of last 50 trades <= -$10 (current: $-11.59) (resumes in 450s)
2025-12-24 05:34:42 - trades.XCUUSDm - DEBUG - [SKIP] Cannot open trade: Circuit breaker: Rolling PnL of last 50 trades <= -$10 (current: $-11.59) (resumes in 326s)
2025-12-24 05:36:47 - trades.XCUUSDm - DEBUG - [SKIP] Cannot open trade: Circuit breaker: Rolling PnL of last 50 trades <= -$10 (current: $-11.59) (resumes in 201s)
2025-12-24 05:38:50 - trades.XCUUSDm - DEBUG - [SKIP] Cannot open trade: Circuit breaker: Rolling PnL of last 50 trades <= -$10 (current: $-11.59) (resumes in 79s)
2025-12-24 05:40:54 - trades.XCUUSDm - DEBUG - [SKIP] Cannot open trade: Circuit breaker: Rolling PnL of last 50 trades <= -$10 (current: $-11.59) (resumes in 3593s)
2025-12-24 05:43:00 - trades.XCUUSDm - DEBUG - [SKIP] Cannot open trade: Circuit breaker: Rolling PnL of last 50 trades <= -$10 (current: $-11.59) (resumes in 3467s)
2025-12-24 05:45:09 - trades.XCUUSDm - DEBUG - [SKIP] Cannot open trade: Circuit breaker: Rolling PnL of last 50 trades <= -$10 (current: $-11.59) (resumes in 3338s)
2025-12-24 05:47:16 - trades.XCUUSDm - DEBUG - [SKIP] Cannot open trade: Circuit breaker: Rolling PnL of last 50 trades <= -$10 (current: $-11.59) (resumes in 3212s)
2025-12-24 05:49:20 - trades.XCUUSDm - DEBUG - [SKIP] Cannot open trade: Circuit breaker: Rolling PnL of last 50 trades <= -$10 (current: $-11.59) (resumes in 3087s)
2025-12-24 06:13:20 - trades.XCUUSDm - DEBUG - [SKIP] Cannot open trade: Circuit breaker: Rolling PnL of last 50 trades <= -$10 (current: $-11.59) (resumes in 1647s)
2025-12-24 06:16:26 - trades.XCUUSDm - DEBUG - [SKIP] Cannot open trade: Circuit breaker: Rolling PnL of last 50 trades <= -$10 (current: $-11.59) (resumes in 1461s)
2025-12-24 06:19:23 - trades.XCUUSDm - DEBUG - [SKIP] Cannot open trade: Circuit breaker: Rolling PnL of last 50 trades <= -$10 (current: $-11.59) (resumes in 1284s)
2025-12-24 06:22:15 - trades.XCUUSDm - DEBUG - [SKIP] Cannot open trade: Circuit breaker: Rolling PnL of last 50 trades <= -$10 (current: $-11.59) (resumes in 1112s)
2025-12-24 06:25:12 - trades.XCUUSDm - DEBUG - [SKIP] Cannot open trade: Circuit breaker: Rolling PnL of last 50 trades <= -$10 (current: $-11.59) (resumes in 935s)
2025-12-24 06:28:06 - trades.XCUUSDm - DEBUG - [SKIP] Cannot open trade: Circuit breaker: Rolling PnL of last 50 trades <= -$10 (current: $-11.59) (resumes in 761s)
2025-12-24 06:57:47 - trades.XCUUSDm - DEBUG - [SKIP] Cannot open trade: Circuit breaker: Rolling PnL of last 50 trades <= -$10 (current: $-11.59) (resumes in 2586s)
2025-12-24 07:00:50 - trades.XCUUSDm - DEBUG - [SKIP] Cannot open trade: Circuit breaker: Rolling PnL of last 50 trades <= -$10 (current: $-11.59) (resumes in 2403s)
2025-12-24 07:03:56 - trades.XCUUSDm - DEBUG - [SKIP] Cannot open trade: Circuit breaker: Rolling PnL of last 50 trades <= -$10 (current: $-11.59) (resumes in 2218s)
2025-12-24 07:06:59 - trades.XCUUSDm - DEBUG - [SKIP] Cannot open trade: Circuit breaker: Rolling PnL of last 50 trades <= -$10 (current: $-11.59) (resumes in 2034s)
2025-12-24 07:09:56 - trades.XCUUSDm - DEBUG - [SKIP] Cannot open trade: Circuit breaker: Rolling PnL of last 50 trades <= -$10 (current: $-11.59) (resumes in 1857s)
2025-12-24 07:12:56 - trades.XCUUSDm - DEBUG - [SKIP] Cannot open trade: Circuit breaker: Rolling PnL of last 50 trades <= -$10 (current: $-11.59) (resumes in 1677s)
2025-12-24 07:19:06 - trades.XCUUSDm - DEBUG - [SKIP] Cannot open trade: Circuit breaker: Rolling PnL of last 50 trades <= -$10 (current: $-11.59) (resumes in 1307s)
2025-12-24 07:22:17 - trades.XCUUSDm - DEBUG - [SKIP] Cannot open trade: Circuit breaker: Rolling PnL of last 50 trades <= -$10 (current: $-11.59) (resumes in 1116s)
2025-12-24 07:25:21 - trades.XCUUSDm - DEBUG - [SKIP] Cannot open trade: Circuit breaker: Rolling PnL of last 50 trades <= -$10 (current: $-11.59) (resumes in 932s)
2025-12-24 07:28:21 - trades.XCUUSDm - DEBUG - [SKIP] Cannot open trade: Circuit breaker: Rolling PnL of last 50 trades <= -$10 (current: $-11.59) (resumes in 752s)
2025-12-24 07:31:22 - trades.XCUUSDm - DEBUG - [SKIP] Cannot open trade: Circuit breaker: Rolling PnL of last 50 trades <= -$10 (current: $-11.59) (resumes in 572s)
2025-12-24 07:34:21 - trades.XCUUSDm - DEBUG - [SKIP] Cannot open trade: Circuit breaker: Rolling PnL of last 50 trades <= -$10 (current: $-11.59) (resumes in 392s)
2025-12-24 07:37:13 - trades.XCUUSDm - DEBUG - [SKIP] Cannot open trade: Circuit breaker: Rolling PnL of last 50 trades <= -$10 (current: $-11.59) (resumes in 220s)
2025-12-24 07:40:12 - trades.XCUUSDm - DEBUG - [SKIP] Cannot open trade: Circuit breaker: Rolling PnL of last 50 trades <= -$10 (current: $-11.59) (resumes in 41s)
2025-12-24 07:43:09 - trades.XCUUSDm - DEBUG - [SKIP] Cannot open trade: Circuit breaker: Rolling PnL of last 50 trades <= -$10 (current: $-11.59) (resumes in 3471s)
2025-12-24 07:46:12 - trades.XCUUSDm - DEBUG - [SKIP] Cannot open trade: Circuit breaker: Rolling PnL of last 50 trades <= -$10 (current: $-11.59) (resumes in 3289s)
2025-12-24 07:49:16 - trades.XCUUSDm - DEBUG - [SKIP] Cannot open trade: Circuit breaker: Rolling PnL of last 50 trades <= -$10 (current: $-11.59) (resumes in 3105s)
2025-12-24 07:52:12 - trades.XCUUSDm - DEBUG - [SKIP] Cannot open trade: Circuit breaker: Rolling PnL of last 50 trades <= -$10 (current: $-11.59) (resumes in 2929s)
2025-12-24 08:07:19 - trades.XCUUSDm - DEBUG - [SKIP] Cannot open trade: Circuit breaker: Rolling PnL of last 50 trades <= -$10 (current: $-11.59) (resumes in 2022s)
2025-12-24 08:10:21 - trades.XCUUSDm - DEBUG - [SKIP] Cannot open trade: Circuit breaker: Rolling PnL of last 50 trades <= -$10 (current: $-11.59) (resumes in 1840s)
2025-12-24 08:13:23 - trades.XCUUSDm - DEBUG - [SKIP] Cannot open trade: Circuit breaker: Rolling PnL of last 50 trades <= -$10 (current: $-11.59) (resumes in 1658s)
2025-12-24 08:16:28 - trades.XCUUSDm - DEBUG - [SKIP] Cannot open trade: Circuit breaker: Rolling PnL of last 50 trades <= -$10 (current: $-11.59) (resumes in 1473s)
2025-12-24 08:19:34 - trades.XCUUSDm - DEBUG - [SKIP] Cannot open trade: Circuit breaker: Rolling PnL of last 50 trades <= -$10 (current: $-11.59) (resumes in 1287s)
2025-12-24 08:22:37 - trades.XCUUSDm - DEBUG - [SKIP] Cannot open trade: Circuit breaker: Rolling PnL of last 50 trades <= -$10 (current: $-11.59) (resumes in 1104s)
2025-12-24 08:25:53 - trades.XCUUSDm - DEBUG - [SKIP] Cannot open trade: Circuit breaker: Rolling PnL of last 50 trades <= -$10 (current: $-11.59) (resumes in 907s)
2025-12-24 08:29:06 - trades.XCUUSDm - DEBUG - [SKIP] Cannot open trade: Circuit breaker: Rolling PnL of last 50 trades <= -$10 (current: $-11.59) (resumes in 714s)
2025-12-24 08:32:27 - trades.XCUUSDm - DEBUG - [SKIP] Cannot open trade: Circuit breaker: Rolling PnL of last 50 trades <= -$10 (current: $-11.59) (resumes in 514s)
2025-12-24 08:35:42 - trades.XCUUSDm - DEBUG - [SKIP] Cannot open trade: Circuit breaker: Rolling PnL of last 50 trades <= -$10 (current: $-11.59) (resumes in 319s)
2025-12-24 08:38:50 - trades.XCUUSDm - DEBUG - [SKIP] Cannot open trade: Circuit breaker: Rolling PnL of last 50 trades <= -$10 (current: $-11.59) (resumes in 131s)
2025-12-24 08:42:14 - trades.XCUUSDm - DEBUG - [SKIP] Cannot open trade: Circuit breaker: Rolling PnL of last 50 trades <= -$10 (current: $-11.59) (resumes in 3584s)
2025-12-24 08:45:33 - trades.XCUUSDm - DEBUG - [SKIP] Cannot open trade: Circuit breaker: Rolling PnL of last 50 trades <= -$10 (current: $-11.59) (resumes in 3385s)
2025-12-24 08:48:42 - trades.XCUUSDm - DEBUG - [SKIP] Cannot open trade: Circuit breaker: Rolling PnL of last 50 trades <= -$10 (current: $-11.59) (resumes in 3196s)
2025-12-24 08:52:03 - trades.XCUUSDm - DEBUG - [SKIP] Cannot open trade: Circuit breaker: Rolling PnL of last 50 trades <= -$10 (current: $-11.59) (resumes in 2995s)
2025-12-24 08:55:15 - trades.XCUUSDm - DEBUG - [SKIP] Cannot open trade: Circuit breaker: Rolling PnL of last 50 trades <= -$10 (current: $-11.59) (resumes in 2802s)
2025-12-24 09:04:33 - trades.XCUUSDm - DEBUG - [SKIP] Cannot open trade: Circuit breaker: Rolling PnL of last 50 trades <= -$10 (current: $-11.59) (resumes in 2245s)
2025-12-24 09:07:41 - trades.XCUUSDm - DEBUG - [SKIP] Cannot open trade: Circuit breaker: Rolling PnL of last 50 trades <= -$10 (current: $-11.59) (resumes in 2056s)
2025-12-24 09:10:47 - trades.XCUUSDm - DEBUG - [SKIP] Cannot open trade: Circuit breaker: Rolling PnL of last 50 trades <= -$10 (current: $-11.59) (resumes in 1870s)
2025-12-24 09:13:54 - trades.XCUUSDm - DEBUG - [SKIP] Cannot open trade: Circuit breaker: Rolling PnL of last 50 trades <= -$10 (current: $-11.59) (resumes in 1683s)
2025-12-24 09:17:09 - trades.XCUUSDm - DEBUG - [SKIP] Cannot open trade: Circuit breaker: Rolling PnL of last 50 trades <= -$10 (current: $-11.59) (resumes in 1488s)
2025-12-24 09:20:33 - trades.XCUUSDm - DEBUG - [SKIP] Cannot open trade: Circuit breaker: Rolling PnL of last 50 trades <= -$10 (current: $-11.59) (resumes in 1285s)
2025-12-24 09:23:57 - trades.XCUUSDm - DEBUG - [SKIP] Cannot open trade: Circuit breaker: Rolling PnL of last 50 trades <= -$10 (current: $-11.59) (resumes in 1081s)
2025-12-24 09:27:14 - trades.XCUUSDm - DEBUG - [SKIP] Cannot open trade: Circuit breaker: Rolling PnL of last 50 trades <= -$10 (current: $-11.59) (resumes in 884s)
2025-12-24 09:33:39 - trades.XCUUSDm - DEBUG - [SKIP] Cannot open trade: Circuit breaker: Rolling PnL of last 50 trades <= -$10 (current: $-11.59) (resumes in 499s)
2025-12-24 09:40:06 - trades.XCUUSDm - DEBUG - [SKIP] Cannot open trade: Circuit breaker: Rolling PnL of last 50 trades <= -$10 (current: $-11.59) (resumes in 112s)
2025-12-24 09:43:28 - trades.XCUUSDm - DEBUG - [SKIP] Cannot open trade: Circuit breaker: Rolling PnL of last 50 trades <= -$10 (current: $-11.59) (resumes in 3585s)
2025-12-24 09:53:27 - trades.XCUUSDm - DEBUG - [SKIP] Cannot open trade: Circuit breaker: Rolling PnL of last 50 trades <= -$10 (current: $-11.59) (resumes in 2986s)
2025-12-24 09:56:53 - trades.XCUUSDm - DEBUG - [SKIP] Cannot open trade: Circuit breaker: Rolling PnL of last 50 trades <= -$10 (current: $-11.59) (resumes in 2779s)
2025-12-24 10:00:22 - trades.XCUUSDm - DEBUG - [SKIP] Cannot open trade: Circuit breaker: Rolling PnL of last 50 trades <= -$10 (current: $-11.59) (resumes in 2570s)
2025-12-24 10:03:46 - trades.XCUUSDm - DEBUG - [SKIP] Cannot open trade: Circuit breaker: Rolling PnL of last 50 trades <= -$10 (current: $-11.59) (resumes in 2367s)
2025-12-24 10:07:15 - trades.XCUUSDm - DEBUG - [SKIP] Cannot open trade: Circuit breaker: Rolling PnL of last 50 trades <= -$10 (current: $-11.59) (resumes in 2158s)
2025-12-24 10:10:47 - trades.XCUUSDm - DEBUG - [SKIP] Cannot open trade: Circuit breaker: Rolling PnL of last 50 trades <= -$10 (current: $-11.59) (resumes in 1946s)
2025-12-24 10:24:06 - trades.XCUUSDm - DEBUG - [SKIP] Cannot open trade: Circuit breaker: Rolling PnL of last 50 trades <= -$10 (current: $-11.59) (resumes in 1146s)
2025-12-24 10:27:25 - trades.XCUUSDm - DEBUG - [SKIP] Cannot open trade: Circuit breaker: Rolling PnL of last 50 trades <= -$10 (current: $-11.59) (resumes in 948s)
2025-12-24 10:30:35 - trades.XCUUSDm - DEBUG - [SKIP] Cannot open trade: Circuit breaker: Rolling PnL of last 50 trades <= -$10 (current: $-11.59) (resumes in 758s)
2025-12-24 10:33:51 - trades.XCUUSDm - DEBUG - [SKIP] Cannot open trade: Circuit breaker: Rolling PnL of last 50 trades <= -$10 (current: $-11.59) (resumes in 562s)
2025-12-24 11:19:33 - trades.XCUUSDm - DEBUG - [SKIP] Cannot open trade: Circuit breaker: Rolling PnL of last 50 trades <= -$10 (current: $-11.59) (resumes in 1423s)
2025-12-24 11:22:56 - trades.XCUUSDm - DEBUG - [SKIP] Cannot open trade: Circuit breaker: Rolling PnL of last 50 trades <= -$10 (current: $-11.59) (resumes in 1221s)
2025-12-24 11:26:16 - trades.XCUUSDm - DEBUG - [SKIP] Cannot open trade: Circuit breaker: Rolling PnL of last 50 trades <= -$10 (current: $-11.59) (resumes in 1021s)
2025-12-24 11:29:36 - trades.XCUUSDm - DEBUG - [SKIP] Cannot open trade: Circuit breaker: Rolling PnL of last 50 trades <= -$10 (current: $-11.59) (resumes in 821s)
2025-12-24 11:43:11 - trades.XCUUSDm - DEBUG - [SKIP] Cannot open trade: Circuit breaker: Rolling PnL of last 50 trades <= -$10 (current: $-11.59) (resumes in 6s)
2025-12-24 11:46:25 - trades.XCUUSDm - DEBUG - [SKIP] Cannot open trade: Circuit breaker: Rolling PnL of last 50 trades <= -$10 (current: $-11.59) (resumes in 3416s)
2025-12-24 11:49:39 - trades.XCUUSDm - DEBUG - [SKIP] Cannot open trade: Circuit breaker: Rolling PnL of last 50 trades <= -$10 (current: $-11.59) (resumes in 3222s)
2025-12-24 11:53:07 - trades.XCUUSDm - DEBUG - [SKIP] Cannot open trade: Circuit breaker: Rolling PnL of last 50 trades <= -$10 (current: $-11.59) (resumes in 3014s)
2025-12-24 11:56:28 - trades.XCUUSDm - DEBUG - [SKIP] Cannot open trade: Circuit breaker: Rolling PnL of last 50 trades <= -$10 (current: $-11.59) (resumes in 2813s)
2025-12-24 11:59:49 - trades.XCUUSDm - DEBUG - [SKIP] Cannot open trade: Circuit breaker: Rolling PnL of last 50 trades <= -$10 (current: $-11.59) (resumes in 2612s)
2025-12-24 12:03:04 - trades.XCUUSDm - DEBUG - [SKIP] Cannot open trade: Circuit breaker: Rolling PnL of last 50 trades <= -$10 (current: $-11.59) (resumes in 2417s)
2025-12-24 12:06:14 - trades.XCUUSDm - DEBUG - [SKIP] Cannot open trade: Circuit breaker: Rolling PnL of last 50 trades <= -$10 (current: $-11.59) (resumes in 2227s)
2025-12-24 12:09:13 - trades.XCUUSDm - DEBUG - [SKIP] Cannot open trade: Circuit breaker: Rolling PnL of last 50 trades <= -$10 (current: $-11.59) (resumes in 2048s)
2025-12-24 12:12:16 - trades.XCUUSDm - DEBUG - [SKIP] Cannot open trade: Circuit breaker: Rolling PnL of last 50 trades <= -$10 (current: $-11.59) (resumes in 1865s)
2025-12-24 12:15:25 - trades.XCUUSDm - DEBUG - [SKIP] Cannot open trade: Circuit breaker: Rolling PnL of last 50 trades <= -$10 (current: $-11.59) (resumes in 1676s)
2025-12-24 12:18:31 - trades.XCUUSDm - DEBUG - [SKIP] Cannot open trade: Circuit breaker: Rolling PnL of last 50 trades <= -$10 (current: $-11.59) (resumes in 1490s)
2025-12-24 13:22:52 - trades.XCUUSDm - DEBUG - [SKIP] Cannot open trade: Circuit breaker: Rolling PnL of last 50 trades <= -$10 (current: $-11.59) (resumes in 1259s)
2025-12-24 13:26:03 - trades.XCUUSDm - DEBUG - [SKIP] Cannot open trade: Circuit breaker: Rolling PnL of last 50 trades <= -$10 (current: $-11.59) (resumes in 1068s)
2025-12-24 13:29:06 - trades.XCUUSDm - DEBUG - [SKIP] Cannot open trade: Circuit breaker: Rolling PnL of last 50 trades <= -$10 (current: $-11.59) (resumes in 884s)
2025-12-24 13:32:10 - trades.XCUUSDm - DEBUG - [SKIP] Cannot open trade: Circuit breaker: Rolling PnL of last 50 trades <= -$10 (current: $-11.59) (resumes in 700s)
2025-12-24 13:35:13 - trades.XCUUSDm - DEBUG - [SKIP] Cannot open trade: Circuit breaker: Rolling PnL of last 50 trades <= -$10 (current: $-11.59) (resumes in 517s)
2025-12-24 13:38:26 - trades.XCUUSDm - DEBUG - [SKIP] Cannot open trade: Circuit breaker: Rolling PnL of last 50 trades <= -$10 (current: $-11.59) (resumes in 325s)
2025-12-24 13:41:27 - trades.XCUUSDm - DEBUG - [SKIP] Cannot open trade: Circuit breaker: Rolling PnL of last 50 trades <= -$10 (current: $-11.59) (resumes in 143s)
2025-12-24 13:51:30 - trades.XCUUSDm - DEBUG - [SKIP] Cannot open trade: Circuit breaker: Rolling PnL of last 50 trades <= -$10 (current: $-11.59) (resumes in 3186s)
2025-12-24 13:55:03 - trades.XCUUSDm - DEBUG - [SKIP] Cannot open trade: Circuit breaker: Rolling PnL of last 50 trades <= -$10 (current: $-11.59) (resumes in 2973s)
2025-12-24 13:58:33 - trades.XCUUSDm - DEBUG - [SKIP] Cannot open trade: Circuit breaker: Rolling PnL of last 50 trades <= -$10 (current: $-11.59) (resumes in 2763s)
2025-12-24 14:02:03 - trades.XCUUSDm - DEBUG - [SKIP] Cannot open trade: Circuit breaker: Rolling PnL of last 50 trades <= -$10 (current: $-11.59) (resumes in 2553s)
2025-12-24 14:05:31 - trades.XCUUSDm - DEBUG - [SKIP] Cannot open trade: Circuit breaker: Rolling PnL of last 50 trades <= -$10 (current: $-11.59) (resumes in 2345s)
2025-12-24 14:09:07 - trades.XCUUSDm - DEBUG - [SKIP] Cannot open trade: Circuit breaker: Rolling PnL of last 50 trades <= -$10 (current: $-11.59) (resumes in 2129s)
2025-12-24 14:12:36 - trades.XCUUSDm - DEBUG - [SKIP] Cannot open trade: Circuit breaker: Rolling PnL of last 50 trades <= -$10 (current: $-11.59) (resumes in 1920s)
2025-12-24 14:16:03 - trades.XCUUSDm - DEBUG - [SKIP] Cannot open trade: Circuit breaker: Rolling PnL of last 50 trades <= -$10 (current: $-11.59) (resumes in 1713s)
2025-12-24 14:19:19 - trades.XCUUSDm - DEBUG - [SKIP] Cannot open trade: Circuit breaker: Rolling PnL of last 50 trades <= -$10 (current: $-11.59) (resumes in 1517s)
2025-12-24 14:22:32 - trades.XCUUSDm - DEBUG - [SKIP] Cannot open trade: Circuit breaker: Rolling PnL of last 50 trades <= -$10 (current: $-11.59) (resumes in 1324s)
2025-12-24 14:25:58 - trades.XCUUSDm - DEBUG - [SKIP] Cannot open trade: Circuit breaker: Rolling PnL of last 50 trades <= -$10 (current: $-11.59) (resumes in 1118s)
2025-12-24 14:29:39 - trades.XCUUSDm - DEBUG - [SKIP] Cannot open trade: Circuit breaker: Rolling PnL of last 50 trades <= -$10 (current: $-11.59) (resumes in 897s)
2025-12-24 14:33:39 - trades.XCUUSDm - DEBUG - [SKIP] Cannot open trade: Circuit breaker: Rolling PnL of last 50 trades <= -$10 (current: $-11.59) (resumes in 657s)
2025-12-24 14:48:37 - trades.XCUUSDm - DEBUG - [SKIP] Cannot open trade: Circuit breaker: Rolling PnL of last 50 trades <= -$10 (current: $-11.59) (resumes in 3367s)
2025-12-24 14:53:50 - trades.XCUUSDm - DEBUG - [SKIP] Cannot open trade: Circuit breaker: Rolling PnL of last 50 trades <= -$10 (current: $-11.59) (resumes in 3055s)
2025-12-24 15:09:09 - trades.XCUUSDm - DEBUG - [SKIP] Cannot open trade: Circuit breaker: Rolling PnL of last 50 trades <= -$10 (current: $-11.59) (resumes in 2135s)
