2025-12-23 11:58:25 - trades.XNGUSDm - DEBUG - [SKIP] Cannot open trade: Entry filter: Spread sanity: spread 1129.6% of avg range > max 30.0%
2025-12-23 12:18:41 - trades.XNGUSDm - DEBUG - [SKIP] Cannot open trade: Entry filter: Spread sanity: spread 888.6% of avg range > max 30.0%
2025-12-23 12:21:55 - trades.XNGUSDm - DEBUG - [SKIP] Cannot open trade: Entry filter: Spread sanity: spread 928.8% of avg range > max 30.0%
2025-12-23 12:50:51 - trades.XNGUSDm - DEBUG - [SKIP] Cannot open trade: Entry filter: Spread sanity: spread 600.0% of avg range > max 30.0%
2025-12-23 12:54:12 - trades.XNGUSDm - DEBUG - [SKIP] Cannot open trade: Entry filter: Spread sanity: spread 636.8% of avg range > max 30.0%
2025-12-23 13:00:54 - trades.XNGUSDm - DEBUG - [SKIP] Cannot open trade: Entry filter: Session guard: first 1 minutes of hour blocked
2025-12-23 13:04:20 - trades.XNGUSDm - DEBUG - [SKIP] Cannot open trade: Entry filter: Spread sanity: spread 499.2% of avg range > max 30.0%
2025-12-23 13:07:45 - trades.XNGUSDm - DEBUG - [SKIP] Cannot open trade: Entry filter: Spread sanity: spread 555.7% of avg range > max 30.0%
2025-12-23 13:11:07 - trades.XNGUSDm - DEBUG - [SKIP] Cannot open trade: Entry filter: Spread sanity: spread 534.0% of avg range > max 30.0%
2025-12-23 13:14:28 - trades.XNGUSDm - DEBUG - [SKIP] Cannot open trade: Entry filter: Spread sanity: spread 495.4% of avg range > max 30.0%
2025-12-23 13:17:50 - trades.XNGUSDm - DEBUG - [SKIP] Cannot open trade: Entry filter: Spread sanity: spread 484.1% of avg range > max 30.0%
2025-12-23 13:21:22 - trades.XNGUSDm - DEBUG - [SKIP] Cannot open trade: Entry filter: Spread sanity: spread 509.4% of avg range > max 30.0%
2025-12-23 13:24:47 - trades.XNGUSDm - DEBUG - [SKIP] Cannot open trade: Entry filter: Spread sanity: spread 575.3% of avg range > max 30.0%
2025-12-23 13:28:24 - trades.XNGUSDm - DEBUG - [SKIP] Cannot open trade: Entry filter: Spread sanity: spread 587.5% of avg range > max 30.0%
2025-12-23 13:35:16 - trades.XNGUSDm - DEBUG - [SKIP] Cannot open trade: Entry filter: Spread sanity: spread 572.4% of avg range > max 30.0%
2025-12-23 13:38:49 - trades.XNGUSDm - DEBUG - [SKIP] Cannot open trade: Entry filter: Spread sanity: spread 595.7% of avg range > max 30.0%
2025-12-23 13:42:14 - trades.XNGUSDm - DEBUG - [SKIP] Cannot open trade: Entry filter: Spread sanity: spread 594.6% of avg range > max 30.0%
2025-12-23 13:45:40 - trades.XNGUSDm - DEBUG - [SKIP] Cannot open trade: Entry filter: Spread sanity: spread 612.6% of avg range > max 30.0%
2025-12-23 13:49:09 - trades.XNGUSDm - DEBUG - [SKIP] Cannot open trade: Entry filter: Spread sanity: spread 590.5% of avg range > max 30.0%
2025-12-23 13:53:04 - trades.XNGUSDm - DEBUG - [SKIP] Cannot open trade: Entry filter: Spread sanity: spread 554.8% of avg range > max 30.0%
2025-12-23 14:10:22 - trades.XNGUSDm - DEBUG - [SKIP] Cannot open trade: Entry filter: Spread sanity: spread 540.9% of avg range > max 30.0%
2025-12-23 14:14:58 - trades.XNGUSDm - DEBUG - [SKIP] Cannot open trade: Entry filter: Spread sanity: spread 524.0% of avg range > max 30.0%
2025-12-23 14:19:42 - trades.XNGUSDm - DEBUG - [SKIP] Cannot open trade: Entry filter: Spread sanity: spread 521.1% of avg range > max 30.0%
2025-12-23 14:23:44 - trades.XNGUSDm - DEBUG - [SKIP] Cannot open trade: Entry filter: Spread sanity: spread 547.4% of avg range > max 30.0%
2025-12-23 14:27:36 - trades.XNGUSDm - DEBUG - [SKIP] Cannot open trade: Entry filter: Spread sanity: spread 547.5% of avg range > max 30.0%
2025-12-23 14:31:51 - trades.XNGUSDm - DEBUG - [SKIP] Cannot open trade: Entry filter: Spread sanity: spread 521.0% of avg range > max 30.0%
2025-12-23 14:36:23 - trades.XNGUSDm - DEBUG - [SKIP] Cannot open trade: Entry filter: Spread sanity: spread 487.0% of avg range > max 30.0%
2025-12-23 14:41:36 - trades.XNGUSDm - DEBUG - [SKIP] Cannot open trade: Entry filter: Spread sanity: spread 467.9% of avg range > max 30.0%
2025-12-23 14:50:31 - trades.XNGUSDm - DEBUG - [SKIP] Cannot open trade: Entry filter: Spread sanity: spread 509.1% of avg range > max 30.0%
2025-12-23 15:02:08 - trades.XNGUSDm - DEBUG - [SKIP] Cannot open trade: Circuit breaker: Consecutive losses >= 10 (11 losses) (resumes in 1272s)
2025-12-23 15:07:30 - trades.XNGUSDm - DEBUG - [SKIP] Cannot open trade: Circuit breaker: Consecutive losses >= 10 (11 losses) (resumes in 951s)
2025-12-23 15:19:00 - trades.XNGUSDm - DEBUG - [SKIP] Cannot open trade: Circuit breaker: Consecutive losses >= 10 (11 losses) (resumes in 260s)
2025-12-23 15:30:51 - trades.XNGUSDm - DEBUG - [SKIP] Cannot open trade: Entry filter: Spread sanity: spread 602.6% of avg range > max 30.0%
2025-12-23 15:44:00 - trades.XNGUSDm - DEBUG - [SKIP] Cannot open trade: Circuit breaker: Rolling PnL of last 50 trades <= -$10 (current: $-17.00) (resumes in 2905s)
2025-12-23 15:50:25 - trades.XNGUSDm - DEBUG - [SKIP] Cannot open trade: Circuit breaker: Rolling PnL of last 50 trades <= -$10 (current: $-17.00) (resumes in 2519s)
2025-12-23 15:56:13 - trades.XNGUSDm - DEBUG - [SKIP] Cannot open trade: Circuit breaker: Rolling PnL of last 50 trades <= -$10 (current: $-17.00) (resumes in 2172s)
2025-12-23 16:02:11 - trades.XNGUSDm - DEBUG - [SKIP] Cannot open trade: Circuit breaker: Rolling PnL of last 50 trades <= -$10 (current: $-17.00) (resumes in 1815s)
2025-12-23 16:08:22 - trades.XNGUSDm - DEBUG - [SKIP] Cannot open trade: Circuit breaker: Rolling PnL of last 50 trades <= -$10 (current: $-17.00) (resumes in 1443s)
2025-12-23 16:13:47 - trades.XNGUSDm - DEBUG - [SKIP] Cannot open trade: Circuit breaker: Rolling PnL of last 50 trades <= -$10 (current: $-17.00) (resumes in 1117s)
2025-12-23 16:19:03 - trades.XNGUSDm - DEBUG - [SKIP] Cannot open trade: Circuit breaker: Rolling PnL of last 50 trades <= -$10 (current: $-17.00) (resumes in 801s)
2025-12-23 16:24:03 - trades.XNGUSDm - DEBUG - [SKIP] Cannot open trade: Circuit breaker: Rolling PnL of last 50 trades <= -$10 (current: $-17.00) (resumes in 502s)
2025-12-23 16:44:28 - trades.XNGUSDm - DEBUG - [SKIP] Cannot open trade: Circuit breaker: Rolling PnL of last 50 trades <= -$10 (current: $-11.59) (resumes in 2879s)
2025-12-23 16:49:23 - trades.XNGUSDm - DEBUG - [SKIP] Cannot open trade: Circuit breaker: Rolling PnL of last 50 trades <= -$10 (current: $-11.59) (resumes in 2583s)
2025-12-23 16:54:32 - trades.XNGUSDm - DEBUG - [SKIP] Cannot open trade: Circuit breaker: Rolling PnL of last 50 trades <= -$10 (current: $-11.59) (resumes in 2275s)
2025-12-23 16:59:43 - trades.XNGUSDm - DEBUG - [SKIP] Cannot open trade: Circuit breaker: Rolling PnL of last 50 trades <= -$10 (current: $-11.59) (resumes in 1964s)
2025-12-23 17:04:38 - trades.XNGUSDm - DEBUG - [SKIP] Cannot open trade: Circuit breaker: Rolling PnL of last 50 trades <= -$10 (current: $-11.59) (resumes in 1669s)
2025-12-23 17:09:35 - trades.XNGUSDm - DEBUG - [SKIP] Cannot open trade: Circuit breaker: Rolling PnL of last 50 trades <= -$10 (current: $-11.59) (resumes in 1371s)
2025-12-23 17:29:22 - trades.XNGUSDm - DEBUG - [SKIP] Cannot open trade: Circuit breaker: Rolling PnL of last 50 trades <= -$10 (current: $-11.59) (resumes in 184s)
2025-12-23 17:33:55 - trades.XNGUSDm - DEBUG - [SKIP] Cannot open trade: Circuit breaker: Rolling PnL of last 50 trades <= -$10 (current: $-11.59) (resumes in 3514s)
2025-12-23 17:38:21 - trades.XNGUSDm - DEBUG - [SKIP] Cannot open trade: Circuit breaker: Rolling PnL of last 50 trades <= -$10 (current: $-11.59) (resumes in 3248s)
2025-12-23 17:42:49 - trades.XNGUSDm - DEBUG - [SKIP] Cannot open trade: Circuit breaker: Rolling PnL of last 50 trades <= -$10 (current: $-11.59) (resumes in 2979s)
2025-12-23 17:47:16 - trades.XNGUSDm - DEBUG - [SKIP] Cannot open trade: Circuit breaker: Rolling PnL of last 50 trades <= -$10 (current: $-11.59) (resumes in 2712s)
2025-12-23 17:56:32 - trades.XNGUSDm - DEBUG - [SKIP] Cannot open trade: Circuit breaker: Rolling PnL of last 50 trades <= -$10 (current: $-11.59) (resumes in 2156s)
2025-12-23 18:05:35 - trades.XNGUSDm - DEBUG - [SKIP] Cannot open trade: Circuit breaker: Rolling PnL of last 50 trades <= -$10 (current: $-11.59) (resumes in 1613s)
2025-12-23 18:18:46 - trades.XNGUSDm - DEBUG - [SKIP] Cannot open trade: Circuit breaker: Rolling PnL of last 50 trades <= -$10 (current: $-11.59) (resumes in 823s)
2025-12-23 18:23:01 - trades.XNGUSDm - DEBUG - [SKIP] Cannot open trade: Circuit breaker: Rolling PnL of last 50 trades <= -$10 (current: $-11.59) (resumes in 567s)
2025-12-23 18:27:31 - trades.XNGUSDm - DEBUG - [SKIP] Cannot open trade: Circuit breaker: Rolling PnL of last 50 trades <= -$10 (current: $-11.59) (resumes in 298s)
2025-12-23 18:32:01 - trades.XNGUSDm - DEBUG - [SKIP] Cannot open trade: Circuit breaker: Rolling PnL of last 50 trades <= -$10 (current: $-11.59) (resumes in 27s)
2025-12-23 18:36:28 - trades.XNGUSDm - DEBUG - [SKIP] Cannot open trade: Circuit breaker: Rolling PnL of last 50 trades <= -$10 (current: $-11.59) (resumes in 3362s)
2025-12-23 18:40:59 - trades.XNGUSDm - DEBUG - [SKIP] Cannot open trade: Circuit breaker: Rolling PnL of last 50 trades <= -$10 (current: $-11.59) (resumes in 3091s)
2025-12-23 18:45:27 - trades.XNGUSDm - DEBUG - [SKIP] Cannot open trade: Circuit breaker: Rolling PnL of last 50 trades <= -$10 (current: $-11.59) (resumes in 2823s)
2025-12-23 18:49:34 - trades.XNGUSDm - DEBUG - [SKIP] Cannot open trade: Circuit breaker: Rolling PnL of last 50 trades <= -$10 (current: $-11.59) (resumes in 2576s)
2025-12-23 18:54:04 - trades.XNGUSDm - DEBUG - [SKIP] Cannot open trade: Circuit breaker: Rolling PnL of last 50 trades <= -$10 (current: $-11.59) (resumes in 2306s)
2025-12-23 18:58:27 - trades.XNGUSDm - DEBUG - [SKIP] Cannot open trade: Circuit breaker: Rolling PnL of last 50 trades <= -$10 (current: $-11.59) (resumes in 2043s)
2025-12-23 19:02:53 - trades.XNGUSDm - DEBUG - [SKIP] Cannot open trade: Circuit breaker: Rolling PnL of last 50 trades <= -$10 (current: $-11.59) (resumes in 1778s)
2025-12-23 19:07:03 - trades.XNGUSDm - DEBUG - [SKIP] Cannot open trade: Circuit breaker: Rolling PnL of last 50 trades <= -$10 (current: $-11.59) (resumes in 1527s)
2025-12-23 19:11:09 - trades.XNGUSDm - DEBUG - [SKIP] Cannot open trade: Circuit breaker: Rolling PnL of last 50 trades <= -$10 (current: $-11.59) (resumes in 1281s)
2025-12-23 19:15:22 - trades.XNGUSDm - DEBUG - [SKIP] Cannot open trade: Circuit breaker: Rolling PnL of last 50 trades <= -$10 (current: $-11.59) (resumes in 1029s)
2025-12-23 19:19:20 - trades.XNGUSDm - DEBUG - [SKIP] Cannot open trade: Circuit breaker: Rolling PnL of last 50 trades <= -$10 (current: $-11.59) (resumes in 791s)
2025-12-23 19:23:25 - trades.XNGUSDm - DEBUG - [SKIP] Cannot open trade: Circuit breaker: Rolling PnL of last 50 trades <= -$10 (current: $-11.59) (resumes in 546s)
2025-12-23 19:27:47 - trades.XNGUSDm - DEBUG - [SKIP] Cannot open trade: Circuit breaker: Rolling PnL of last 50 trades <= -$10 (current: $-11.59) (resumes in 283s)
2025-12-23 19:32:03 - trades.XNGUSDm - DEBUG - [SKIP] Cannot open trade: Circuit breaker: Rolling PnL of last 50 trades <= -$10 (current: $-11.59) (resumes in 27s)
2025-12-23 19:36:26 - trades.XNGUSDm - DEBUG - [SKIP] Cannot open trade: Circuit breaker: Rolling PnL of last 50 trades <= -$10 (current: $-11.59) (resumes in 3471s)
2025-12-23 19:57:29 - trades.XNGUSDm - DEBUG - [SKIP] Cannot open trade: Circuit breaker: Rolling PnL of last 50 trades <= -$10 (current: $-11.59) (resumes in 2208s)
2025-12-23 20:01:38 - trades.XNGUSDm - DEBUG - [SKIP] Cannot open trade: Circuit breaker: Rolling PnL of last 50 trades <= -$10 (current: $-11.59) (resumes in 1959s)
2025-12-23 20:05:50 - trades.XNGUSDm - DEBUG - [SKIP] Cannot open trade: Circuit breaker: Rolling PnL of last 50 trades <= -$10 (current: $-11.59) (resumes in 1707s)
2025-12-23 20:10:09 - trades.XNGUSDm - DEBUG - [SKIP] Cannot open trade: Circuit breaker: Rolling PnL of last 50 trades <= -$10 (current: $-11.59) (resumes in 1448s)
2025-12-23 20:14:30 - trades.XNGUSDm - DEBUG - [SKIP] Cannot open trade: Circuit breaker: Rolling PnL of last 50 trades <= -$10 (current: $-11.59) (resumes in 1187s)
2025-12-23 20:18:53 - trades.XNGUSDm - DEBUG - [SKIP] Cannot open trade: Circuit breaker: Rolling PnL of last 50 trades <= -$10 (current: $-11.59) (resumes in 924s)
2025-12-23 20:23:09 - trades.XNGUSDm - DEBUG - [SKIP] Cannot open trade: Circuit breaker: Rolling PnL of last 50 trades <= -$10 (current: $-11.59) (resumes in 669s)
2025-12-23 20:27:08 - trades.XNGUSDm - DEBUG - [SKIP] Cannot open trade: Circuit breaker: Rolling PnL of last 50 trades <= -$10 (current: $-11.59) (resumes in 429s)
2025-12-23 20:31:03 - trades.XNGUSDm - DEBUG - [SKIP] Cannot open trade: Circuit breaker: Rolling PnL of last 50 trades <= -$10 (current: $-11.59) (resumes in 194s)
2025-12-23 20:35:59 - trades.XNGUSDm - DEBUG - [SKIP] Cannot open trade: Circuit breaker: Rolling PnL of last 50 trades <= -$10 (current: $-11.59) (resumes in 3502s)
2025-12-23 20:40:39 - trades.XNGUSDm - DEBUG - [SKIP] Cannot open trade: Circuit breaker: Rolling PnL of last 50 trades <= -$10 (current: $-11.59) (resumes in 3221s)
2025-12-23 20:45:11 - trades.XNGUSDm - DEBUG - [SKIP] Cannot open trade: Circuit breaker: Rolling PnL of last 50 trades <= -$10 (current: $-11.59) (resumes in 2949s)
2025-12-23 20:48:39 - trades.XNGUSDm - DEBUG - [SKIP] Cannot open trade: Circuit breaker: Rolling PnL of last 50 trades <= -$10 (current: $-11.59) (resumes in 2741s)
2025-12-23 20:52:26 - trades.XNGUSDm - DEBUG - [SKIP] Cannot open trade: Circuit breaker: Rolling PnL of last 50 trades <= -$10 (current: $-11.59) (resumes in 2514s)
2025-12-23 20:56:13 - trades.XNGUSDm - DEBUG - [SKIP] Cannot open trade: Circuit breaker: Rolling PnL of last 50 trades <= -$10 (current: $-11.59) (resumes in 2287s)
2025-12-23 21:00:01 - trades.XNGUSDm - DEBUG - [SKIP] Cannot open trade: Circuit breaker: Rolling PnL of last 50 trades <= -$10 (current: $-11.59) (resumes in 2060s)
2025-12-23 21:03:22 - trades.XNGUSDm - DEBUG - [SKIP] Cannot open trade: Circuit breaker: Rolling PnL of last 50 trades <= -$10 (current: $-11.59) (resumes in 1858s)
2025-12-23 21:15:46 - trades.XNGUSDm - DEBUG - [SKIP] Cannot open trade: Circuit breaker: Rolling PnL of last 50 trades <= -$10 (current: $-11.59) (resumes in 1114s)
2025-12-23 21:18:39 - trades.XNGUSDm - DEBUG - [SKIP] Cannot open trade: Circuit breaker: Rolling PnL of last 50 trades <= -$10 (current: $-11.59) (resumes in 941s)
2025-12-23 21:21:28 - trades.XNGUSDm - DEBUG - [SKIP] Cannot open trade: Circuit breaker: Rolling PnL of last 50 trades <= -$10 (current: $-11.59) (resumes in 772s)
2025-12-23 21:24:15 - trades.XNGUSDm - DEBUG - [SKIP] Cannot open trade: Circuit breaker: Rolling PnL of last 50 trades <= -$10 (current: $-11.59) (resumes in 605s)
2025-12-23 21:27:00 - trades.XNGUSDm - DEBUG - [SKIP] Cannot open trade: Circuit breaker: Rolling PnL of last 50 trades <= -$10 (current: $-11.59) (resumes in 440s)
2025-12-23 21:29:43 - trades.XNGUSDm - DEBUG - [SKIP] Cannot open trade: Circuit breaker: Rolling PnL of last 50 trades <= -$10 (current: $-11.59) (resumes in 277s)
2025-12-23 21:32:34 - trades.XNGUSDm - DEBUG - [SKIP] Cannot open trade: Circuit breaker: Rolling PnL of last 50 trades <= -$10 (current: $-11.59) (resumes in 106s)
2025-12-23 21:35:24 - trades.XNGUSDm - DEBUG - [SKIP] Cannot open trade: Circuit breaker: Rolling PnL of last 50 trades <= -$10 (current: $-11.59) (resumes in 3564s)
2025-12-23 23:22:55 - trades.XNGUSDm - DEBUG - [SKIP] Cannot open trade: Circuit breaker: Rolling PnL of last 50 trades <= -$10 (current: $-11.59) (resumes in 800s)
2025-12-23 23:32:40 - trades.XNGUSDm - DEBUG - [SKIP] Cannot open trade: Circuit breaker: Rolling PnL of last 50 trades <= -$10 (current: $-11.59) (resumes in 215s)
2025-12-23 23:35:43 - trades.XNGUSDm - DEBUG - [SKIP] Cannot open trade: Circuit breaker: Rolling PnL of last 50 trades <= -$10 (current: $-11.59) (resumes in 32s)
2025-12-23 23:38:53 - trades.XNGUSDm - DEBUG - [SKIP] Cannot open trade: Circuit breaker: Rolling PnL of last 50 trades <= -$10 (current: $-11.59) (resumes in 3535s)
2025-12-23 23:42:01 - trades.XNGUSDm - DEBUG - [SKIP] Cannot open trade: Circuit breaker: Rolling PnL of last 50 trades <= -$10 (current: $-11.59) (resumes in 3346s)
2025-12-23 23:45:13 - trades.XNGUSDm - DEBUG - [SKIP] Cannot open trade: Circuit breaker: Rolling PnL of last 50 trades <= -$10 (current: $-11.59) (resumes in 3154s)
2025-12-23 23:48:28 - trades.XNGUSDm - DEBUG - [SKIP] Cannot open trade: Circuit breaker: Rolling PnL of last 50 trades <= -$10 (current: $-11.59) (resumes in 2959s)
2025-12-23 23:51:37 - trades.XNGUSDm - DEBUG - [SKIP] Cannot open trade: Circuit breaker: Rolling PnL of last 50 trades <= -$10 (current: $-11.59) (resumes in 2771s)
2025-12-23 23:54:42 - trades.XNGUSDm - DEBUG - [SKIP] Cannot open trade: Circuit breaker: Rolling PnL of last 50 trades <= -$10 (current: $-11.59) (resumes in 2585s)
2025-12-23 23:57:56 - trades.XNGUSDm - DEBUG - [SKIP] Cannot open trade: Circuit breaker: Rolling PnL of last 50 trades <= -$10 (current: $-11.59) (resumes in 2391s)
2025-12-24 00:00:25 - trades.XNGUSDm - DEBUG - [SKIP] Cannot open trade: Circuit breaker: Rolling PnL of last 50 trades <= -$10 (current: $-11.59) (resumes in 2242s)
2025-12-24 00:02:35 - trades.XNGUSDm - DEBUG - [SKIP] Cannot open trade: Circuit breaker: Rolling PnL of last 50 trades <= -$10 (current: $-11.59) (resumes in 2113s)
2025-12-24 00:04:44 - trades.XNGUSDm - DEBUG - [SKIP] Cannot open trade: Circuit breaker: Rolling PnL of last 50 trades <= -$10 (current: $-11.59) (resumes in 1984s)
2025-12-24 00:06:55 - trades.XNGUSDm - DEBUG - [SKIP] Cannot open trade: Circuit breaker: Rolling PnL of last 50 trades <= -$10 (current: $-11.59) (resumes in 1853s)
2025-12-24 00:09:08 - trades.XNGUSDm - DEBUG - [SKIP] Cannot open trade: Circuit breaker: Rolling PnL of last 50 trades <= -$10 (current: $-11.59) (resumes in 1720s)
2025-12-24 00:11:16 - trades.XNGUSDm - DEBUG - [SKIP] Cannot open trade: Circuit breaker: Rolling PnL of last 50 trades <= -$10 (current: $-11.59) (resumes in 1591s)
2025-12-24 00:13:30 - trades.XNGUSDm - DEBUG - [SKIP] Cannot open trade: Circuit breaker: Rolling PnL of last 50 trades <= -$10 (current: $-11.59) (resumes in 1457s)
2025-12-24 00:15:41 - trades.XNGUSDm - DEBUG - [SKIP] Cannot open trade: Circuit breaker: Rolling PnL of last 50 trades <= -$10 (current: $-11.59) (resumes in 1326s)
2025-12-24 00:17:56 - trades.XNGUSDm - DEBUG - [SKIP] Cannot open trade: Circuit breaker: Rolling PnL of last 50 trades <= -$10 (current: $-11.59) (resumes in 1191s)
2025-12-24 00:22:31 - trades.XNGUSDm - DEBUG - [SKIP] Cannot open trade: Circuit breaker: Rolling PnL of last 50 trades <= -$10 (current: $-11.59) (resumes in 916s)
2025-12-24 00:24:41 - trades.XNGUSDm - DEBUG - [SKIP] Cannot open trade: Circuit breaker: Rolling PnL of last 50 trades <= -$10 (current: $-11.59) (resumes in 787s)
2025-12-24 00:26:53 - trades.XNGUSDm - DEBUG - [SKIP] Cannot open trade: Circuit breaker: Rolling PnL of last 50 trades <= -$10 (current: $-11.59) (resumes in 654s)
2025-12-24 00:29:02 - trades.XNGUSDm - DEBUG - [SKIP] Cannot open trade: Circuit breaker: Rolling PnL of last 50 trades <= -$10 (current: $-11.59) (resumes in 526s)
2025-12-24 00:31:11 - trades.XNGUSDm - DEBUG - [SKIP] Cannot open trade: Circuit breaker: Rolling PnL of last 50 trades <= -$10 (current: $-11.59) (resumes in 396s)
2025-12-24 00:35:24 - trades.XNGUSDm - DEBUG - [SKIP] Cannot open trade: Circuit breaker: Rolling PnL of last 50 trades <= -$10 (current: $-11.59) (resumes in 144s)
2025-12-24 00:45:49 - trades.XNGUSDm - DEBUG - [SKIP] Cannot open trade: Circuit breaker: Rolling PnL of last 50 trades <= -$10 (current: $-11.59) (resumes in 3208s)
2025-12-24 00:47:57 - trades.XNGUSDm - DEBUG - [SKIP] Cannot open trade: Circuit breaker: Rolling PnL of last 50 trades <= -$10 (current: $-11.59) (resumes in 3081s)
2025-12-24 00:58:40 - trades.XNGUSDm - DEBUG - [SKIP] Cannot open trade: Circuit breaker: Rolling PnL of last 50 trades <= -$10 (current: $-11.59) (resumes in 2438s)
2025-12-24 01:00:48 - trades.XNGUSDm - DEBUG - [SKIP] Cannot open trade: Circuit breaker: Rolling PnL of last 50 trades <= -$10 (current: $-11.59) (resumes in 2310s)
2025-12-24 01:03:02 - trades.XNGUSDm - DEBUG - [SKIP] Cannot open trade: Circuit breaker: Rolling PnL of last 50 trades <= -$10 (current: $-11.59) (resumes in 2175s)
2025-12-24 01:14:08 - trades.XNGUSDm - DEBUG - [SKIP] Cannot open trade: Circuit breaker: Rolling PnL of last 50 trades <= -$10 (current: $-11.59) (resumes in 1510s)
2025-12-24 01:25:26 - trades.XNGUSDm - DEBUG - [SKIP] Cannot open trade: Circuit breaker: Rolling PnL of last 50 trades <= -$10 (current: $-11.59) (resumes in 832s)
2025-12-24 01:27:36 - trades.XNGUSDm - DEBUG - [SKIP] Cannot open trade: Circuit breaker: Rolling PnL of last 50 trades <= -$10 (current: $-11.59) (resumes in 701s)
2025-12-24 01:29:39 - trades.XNGUSDm - DEBUG - [SKIP] Cannot open trade: Circuit breaker: Rolling PnL of last 50 trades <= -$10 (current: $-11.59) (resumes in 578s)
2025-12-24 01:31:42 - trades.XNGUSDm - DEBUG - [SKIP] Cannot open trade: Circuit breaker: Rolling PnL of last 50 trades <= -$10 (current: $-11.59) (resumes in 455s)
2025-12-24 01:38:01 - trades.XNGUSDm - DEBUG - [SKIP] Cannot open trade: Circuit breaker: Rolling PnL of last 50 trades <= -$10 (current: $-11.59) (resumes in 76s)
2025-12-24 01:42:22 - trades.XNGUSDm - DEBUG - [SKIP] Cannot open trade: Circuit breaker: Rolling PnL of last 50 trades <= -$10 (current: $-11.59) (resumes in 3444s)
2025-12-24 01:44:28 - trades.XNGUSDm - DEBUG - [SKIP] Cannot open trade: Circuit breaker: Rolling PnL of last 50 trades <= -$10 (current: $-11.59) (resumes in 3318s)
2025-12-24 01:46:32 - trades.XNGUSDm - DEBUG - [SKIP] Cannot open trade: Circuit breaker: Rolling PnL of last 50 trades <= -$10 (current: $-11.59) (resumes in 3193s)
2025-12-24 01:48:37 - trades.XNGUSDm - DEBUG - [SKIP] Cannot open trade: Circuit breaker: Rolling PnL of last 50 trades <= -$10 (current: $-11.59) (resumes in 3068s)
2025-12-24 01:50:45 - trades.XNGUSDm - DEBUG - [SKIP] Cannot open trade: Circuit breaker: Rolling PnL of last 50 trades <= -$10 (current: $-11.59) (resumes in 2941s)
2025-12-24 01:52:54 - trades.XNGUSDm - DEBUG - [SKIP] Cannot open trade: Circuit breaker: Rolling PnL of last 50 trades <= -$10 (current: $-11.59) (resumes in 2812s)
2025-12-24 01:55:07 - trades.XNGUSDm - DEBUG - [SKIP] Cannot open trade: Circuit breaker: Rolling PnL of last 50 trades <= -$10 (current: $-11.59) (resumes in 2678s)
2025-12-24 01:59:26 - trades.XNGUSDm - DEBUG - [SKIP] Cannot open trade: Circuit breaker: Rolling PnL of last 50 trades <= -$10 (current: $-11.59) (resumes in 2419s)
2025-12-24 02:01:37 - trades.XNGUSDm - DEBUG - [SKIP] Cannot open trade: Circuit breaker: Rolling PnL of last 50 trades <= -$10 (current: $-11.59) (resumes in 2289s)
2025-12-24 02:03:51 - trades.XNGUSDm - DEBUG - [SKIP] Cannot open trade: Circuit breaker: Rolling PnL of last 50 trades <= -$10 (current: $-11.59) (resumes in 2154s)
2025-12-24 02:06:11 - trades.XNGUSDm - DEBUG - [SKIP] Cannot open trade: Circuit breaker: Rolling PnL of last 50 trades <= -$10 (current: $-11.59) (resumes in 2014s)
2025-12-24 02:08:44 - trades.XNGUSDm - DEBUG - [SKIP] Cannot open trade: Circuit breaker: Rolling PnL of last 50 trades <= -$10 (current: $-11.59) (resumes in 1862s)
2025-12-24 02:11:08 - trades.XNGUSDm - DEBUG - [SKIP] Cannot open trade: Circuit breaker: Rolling PnL of last 50 trades <= -$10 (current: $-11.59) (resumes in 1718s)
2025-12-24 02:13:42 - trades.XNGUSDm - DEBUG - [SKIP] Cannot open trade: Circuit breaker: Rolling PnL of last 50 trades <= -$10 (current: $-11.59) (resumes in 1564s)
2025-12-24 02:18:27 - trades.XNGUSDm - DEBUG - [SKIP] Cannot open trade: Circuit breaker: Rolling PnL of last 50 trades <= -$10 (current: $-11.59) (resumes in 1279s)
2025-12-24 02:27:34 - trades.XNGUSDm - DEBUG - [SKIP] Cannot open trade: Circuit breaker: Rolling PnL of last 50 trades <= -$10 (current: $-11.59) (resumes in 732s)
2025-12-24 02:32:26 - trades.XNGUSDm - DEBUG - [SKIP] Cannot open trade: Circuit breaker: Rolling PnL of last 50 trades <= -$10 (current: $-11.59) (resumes in 440s)
2025-12-24 02:35:03 - trades.XNGUSDm - DEBUG - [SKIP] Cannot open trade: Circuit breaker: Rolling PnL of last 50 trades <= -$10 (current: $-11.59) (resumes in 283s)
2025-12-24 02:51:46 - trades.XNGUSDm - DEBUG - [SKIP] Cannot open trade: Circuit breaker: Rolling PnL of last 50 trades <= -$10 (current: $-11.59) (resumes in 2882s)
2025-12-24 02:53:59 - trades.XNGUSDm - DEBUG - [SKIP] Cannot open trade: Circuit breaker: Rolling PnL of last 50 trades <= -$10 (current: $-11.59) (resumes in 2750s)
2025-12-24 02:56:11 - trades.XNGUSDm - DEBUG - [SKIP] Cannot open trade: Circuit breaker: Rolling PnL of last 50 trades <= -$10 (current: $-11.59) (resumes in 2617s)
2025-12-24 03:03:04 - trades.XNGUSDm - DEBUG - [SKIP] Cannot open trade: Circuit breaker: Rolling PnL of last 50 trades <= -$10 (current: $-11.59) (resumes in 2204s)
2025-12-24 03:09:52 - trades.XNGUSDm - DEBUG - [SKIP] Cannot open trade: Circuit breaker: Rolling PnL of last 50 trades <= -$10 (current: $-11.59) (resumes in 1796s)
2025-12-24 03:14:17 - trades.XNGUSDm - DEBUG - [SKIP] Cannot open trade: Circuit breaker: Rolling PnL of last 50 trades <= -$10 (current: $-11.59) (resumes in 1531s)
2025-12-24 03:18:39 - trades.XNGUSDm - DEBUG - [SKIP] Cannot open trade: Circuit breaker: Rolling PnL of last 50 trades <= -$10 (current: $-11.59) (resumes in 1269s)
2025-12-24 03:20:52 - trades.XNGUSDm - DEBUG - [SKIP] Cannot open trade: Circuit breaker: Rolling PnL of last 50 trades <= -$10 (current: $-11.59) (resumes in 1136s)
2025-12-24 03:31:36 - trades.XNGUSDm - DEBUG - [SKIP] Cannot open trade: Circuit breaker: Rolling PnL of last 50 trades <= -$10 (current: $-11.59) (resumes in 492s)
2025-12-24 03:35:53 - trades.XNGUSDm - DEBUG - [SKIP] Cannot open trade: Circuit breaker: Rolling PnL of last 50 trades <= -$10 (current: $-11.59) (resumes in 235s)
2025-12-24 03:38:03 - trades.XNGUSDm - DEBUG - [SKIP] Cannot open trade: Circuit breaker: Rolling PnL of last 50 trades <= -$10 (current: $-11.59) (resumes in 105s)
2025-12-24 03:40:15 - trades.XNGUSDm - DEBUG - [SKIP] Cannot open trade: Circuit breaker: Rolling PnL of last 50 trades <= -$10 (current: $-11.59) (resumes in 3576s)
2025-12-24 03:42:20 - trades.XNGUSDm - DEBUG - [SKIP] Cannot open trade: Circuit breaker: Rolling PnL of last 50 trades <= -$10 (current: $-11.59) (resumes in 3450s)
2025-12-24 03:44:27 - trades.XNGUSDm - DEBUG - [SKIP] Cannot open trade: Circuit breaker: Rolling PnL of last 50 trades <= -$10 (current: $-11.59) (resumes in 3324s)
2025-12-24 03:46:34 - trades.XNGUSDm - DEBUG - [SKIP] Cannot open trade: Circuit breaker: Rolling PnL of last 50 trades <= -$10 (current: $-11.59) (resumes in 3197s)
2025-12-24 03:48:44 - trades.XNGUSDm - DEBUG - [SKIP] Cannot open trade: Circuit breaker: Rolling PnL of last 50 trades <= -$10 (current: $-11.59) (resumes in 3067s)
2025-12-24 03:52:59 - trades.XNGUSDm - DEBUG - [SKIP] Cannot open trade: Circuit breaker: Rolling PnL of last 50 trades <= -$10 (current: $-11.59) (resumes in 2812s)
2025-12-24 03:55:06 - trades.XNGUSDm - DEBUG - [SKIP] Cannot open trade: Circuit breaker: Rolling PnL of last 50 trades <= -$10 (current: $-11.59) (resumes in 2685s)
2025-12-24 04:01:23 - trades.XNGUSDm - DEBUG - [SKIP] Cannot open trade: Circuit breaker: Rolling PnL of last 50 trades <= -$10 (current: $-11.59) (resumes in 2308s)
2025-12-24 04:03:32 - trades.XNGUSDm - DEBUG - [SKIP] Cannot open trade: Circuit breaker: Rolling PnL of last 50 trades <= -$10 (current: $-11.59) (resumes in 2179s)
2025-12-24 04:05:39 - trades.XNGUSDm - DEBUG - [SKIP] Cannot open trade: Circuit breaker: Rolling PnL of last 50 trades <= -$10 (current: $-11.59) (resumes in 2052s)
2025-12-24 04:12:10 - trades.XNGUSDm - DEBUG - [SKIP] Cannot open trade: Circuit breaker: Rolling PnL of last 50 trades <= -$10 (current: $-11.59) (resumes in 1660s)
2025-12-24 04:14:21 - trades.XNGUSDm - DEBUG - [SKIP] Cannot open trade: Circuit breaker: Rolling PnL of last 50 trades <= -$10 (current: $-11.59) (resumes in 1530s)
2025-12-24 04:16:34 - trades.XNGUSDm - DEBUG - [SKIP] Cannot open trade: Circuit breaker: Rolling PnL of last 50 trades <= -$10 (current: $-11.59) (resumes in 1397s)
2025-12-24 04:18:45 - trades.XNGUSDm - DEBUG - [SKIP] Cannot open trade: Circuit breaker: Rolling PnL of last 50 trades <= -$10 (current: $-11.59) (resumes in 1266s)
2025-12-24 04:21:00 - trades.XNGUSDm - DEBUG - [SKIP] Cannot open trade: Circuit breaker: Rolling PnL of last 50 trades <= -$10 (current: $-11.59) (resumes in 1131s)
2025-12-24 04:23:15 - trades.XNGUSDm - DEBUG - [SKIP] Cannot open trade: Circuit breaker: Rolling PnL of last 50 trades <= -$10 (current: $-11.59) (resumes in 996s)
2025-12-24 04:40:30 - trades.XNGUSDm - DEBUG - [SKIP] Cannot open trade: Circuit breaker: Rolling PnL of last 50 trades <= -$10 (current: $-11.59) (resumes in 3578s)
2025-12-24 04:42:38 - trades.XNGUSDm - DEBUG - [SKIP] Cannot open trade: Circuit breaker: Rolling PnL of last 50 trades <= -$10 (current: $-11.59) (resumes in 3450s)
2025-12-24 04:44:46 - trades.XNGUSDm - DEBUG - [SKIP] Cannot open trade: Circuit breaker: Rolling PnL of last 50 trades <= -$10 (current: $-11.59) (resumes in 3323s)
2025-12-24 04:55:18 - trades.XNGUSDm - DEBUG - [SKIP] Cannot open trade: Circuit breaker: Rolling PnL of last 50 trades <= -$10 (current: $-11.59) (resumes in 2691s)
2025-12-24 04:57:26 - trades.XNGUSDm - DEBUG - [SKIP] Cannot open trade: Circuit breaker: Rolling PnL of last 50 trades <= -$10 (current: $-11.59) (resumes in 2562s)
2025-12-24 04:59:34 - trades.XNGUSDm - DEBUG - [SKIP] Cannot open trade: Circuit breaker: Rolling PnL of last 50 trades <= -$10 (current: $-11.59) (resumes in 2434s)
2025-12-24 05:01:44 - trades.XNGUSDm - DEBUG - [SKIP] Cannot open trade: Circuit breaker: Rolling PnL of last 50 trades <= -$10 (current: $-11.59) (resumes in 2305s)
2025-12-24 05:04:08 - trades.XNGUSDm - DEBUG - [SKIP] Cannot open trade: Circuit breaker: Rolling PnL of last 50 trades <= -$10 (current: $-11.59) (resumes in 2160s)
2025-12-24 05:06:16 - trades.XNGUSDm - DEBUG - [SKIP] Cannot open trade: Circuit breaker: Rolling PnL of last 50 trades <= -$10 (current: $-11.59) (resumes in 2032s)
2025-12-24 05:20:34 - trades.XNGUSDm - DEBUG - [SKIP] Cannot open trade: Circuit breaker: Rolling PnL of last 50 trades <= -$10 (current: $-11.59) (resumes in 1175s)
2025-12-24 05:24:42 - trades.XNGUSDm - DEBUG - [SKIP] Cannot open trade: Circuit breaker: Rolling PnL of last 50 trades <= -$10 (current: $-11.59) (resumes in 926s)
2025-12-24 05:32:50 - trades.XNGUSDm - DEBUG - [SKIP] Cannot open trade: Circuit breaker: Rolling PnL of last 50 trades <= -$10 (current: $-11.59) (resumes in 438s)
2025-12-24 05:39:03 - trades.XNGUSDm - DEBUG - [SKIP] Cannot open trade: Circuit breaker: Rolling PnL of last 50 trades <= -$10 (current: $-11.59) (resumes in 65s)
2025-12-24 05:41:08 - trades.XNGUSDm - DEBUG - [SKIP] Cannot open trade: Circuit breaker: Rolling PnL of last 50 trades <= -$10 (current: $-11.59) (resumes in 3580s)
2025-12-24 05:43:14 - trades.XNGUSDm - DEBUG - [SKIP] Cannot open trade: Circuit breaker: Rolling PnL of last 50 trades <= -$10 (current: $-11.59) (resumes in 3453s)
2025-12-24 05:45:23 - trades.XNGUSDm - DEBUG - [SKIP] Cannot open trade: Circuit breaker: Rolling PnL of last 50 trades <= -$10 (current: $-11.59) (resumes in 3324s)
2025-12-24 05:47:29 - trades.XNGUSDm - DEBUG - [SKIP] Cannot open trade: Circuit breaker: Rolling PnL of last 50 trades <= -$10 (current: $-11.59) (resumes in 3198s)
2025-12-24 05:52:23 - trades.XNGUSDm - DEBUG - [SKIP] Cannot open trade: Circuit breaker: Rolling PnL of last 50 trades <= -$10 (current: $-11.59) (resumes in 2904s)
2025-12-24 05:55:38 - trades.XNGUSDm - DEBUG - [SKIP] Cannot open trade: Circuit breaker: Rolling PnL of last 50 trades <= -$10 (current: $-11.59) (resumes in 2710s)
2025-12-24 06:31:37 - trades.XNGUSDm - DEBUG - [SKIP] Cannot open trade: Circuit breaker: Rolling PnL of last 50 trades <= -$10 (current: $-11.59) (resumes in 551s)
2025-12-24 06:34:39 - trades.XNGUSDm - DEBUG - [SKIP] Cannot open trade: Circuit breaker: Rolling PnL of last 50 trades <= -$10 (current: $-11.59) (resumes in 368s)
2025-12-24 06:37:36 - trades.XNGUSDm - DEBUG - [SKIP] Cannot open trade: Circuit breaker: Rolling PnL of last 50 trades <= -$10 (current: $-11.59) (resumes in 191s)
2025-12-24 06:40:33 - trades.XNGUSDm - DEBUG - [SKIP] Cannot open trade: Circuit breaker: Rolling PnL of last 50 trades <= -$10 (current: $-11.59) (resumes in 14s)
2025-12-24 06:43:36 - trades.XNGUSDm - DEBUG - [SKIP] Cannot open trade: Circuit breaker: Rolling PnL of last 50 trades <= -$10 (current: $-11.59) (resumes in 3437s)
2025-12-24 06:46:40 - trades.XNGUSDm - DEBUG - [SKIP] Cannot open trade: Circuit breaker: Rolling PnL of last 50 trades <= -$10 (current: $-11.59) (resumes in 3254s)
2025-12-24 06:49:38 - trades.XNGUSDm - DEBUG - [SKIP] Cannot open trade: Circuit breaker: Rolling PnL of last 50 trades <= -$10 (current: $-11.59) (resumes in 3075s)
2025-12-24 06:52:26 - trades.XNGUSDm - DEBUG - [SKIP] Cannot open trade: Circuit breaker: Rolling PnL of last 50 trades <= -$10 (current: $-11.59) (resumes in 2907s)
2025-12-24 06:55:25 - trades.XNGUSDm - DEBUG - [SKIP] Cannot open trade: Circuit breaker: Rolling PnL of last 50 trades <= -$10 (current: $-11.59) (resumes in 2728s)
2025-12-24 06:58:19 - trades.XNGUSDm - DEBUG - [SKIP] Cannot open trade: Circuit breaker: Rolling PnL of last 50 trades <= -$10 (current: $-11.59) (resumes in 2554s)
2025-12-24 07:01:24 - trades.XNGUSDm - DEBUG - [SKIP] Cannot open trade: Circuit breaker: Rolling PnL of last 50 trades <= -$10 (current: $-11.59) (resumes in 2369s)
2025-12-24 07:04:29 - trades.XNGUSDm - DEBUG - [SKIP] Cannot open trade: Circuit breaker: Rolling PnL of last 50 trades <= -$10 (current: $-11.59) (resumes in 2184s)
2025-12-24 07:13:31 - trades.XNGUSDm - DEBUG - [SKIP] Cannot open trade: Circuit breaker: Rolling PnL of last 50 trades <= -$10 (current: $-11.59) (resumes in 1642s)
2025-12-24 07:16:37 - trades.XNGUSDm - DEBUG - [SKIP] Cannot open trade: Circuit breaker: Rolling PnL of last 50 trades <= -$10 (current: $-11.59) (resumes in 1456s)
2025-12-24 07:19:47 - trades.XNGUSDm - DEBUG - [SKIP] Cannot open trade: Circuit breaker: Rolling PnL of last 50 trades <= -$10 (current: $-11.59) (resumes in 1266s)
2025-12-24 07:22:56 - trades.XNGUSDm - DEBUG - [SKIP] Cannot open trade: Circuit breaker: Rolling PnL of last 50 trades <= -$10 (current: $-11.59) (resumes in 1077s)
2025-12-24 07:26:00 - trades.XNGUSDm - DEBUG - [SKIP] Cannot open trade: Circuit breaker: Rolling PnL of last 50 trades <= -$10 (current: $-11.59) (resumes in 893s)
2025-12-24 07:29:01 - trades.XNGUSDm - DEBUG - [SKIP] Cannot open trade: Circuit breaker: Rolling PnL of last 50 trades <= -$10 (current: $-11.59) (resumes in 712s)
2025-12-24 07:31:57 - trades.XNGUSDm - DEBUG - [SKIP] Cannot open trade: Circuit breaker: Rolling PnL of last 50 trades <= -$10 (current: $-11.59) (resumes in 536s)
2025-12-24 07:34:53 - trades.XNGUSDm - DEBUG - [SKIP] Cannot open trade: Circuit breaker: Rolling PnL of last 50 trades <= -$10 (current: $-11.59) (resumes in 360s)
2025-12-24 07:37:48 - trades.XNGUSDm - DEBUG - [SKIP] Cannot open trade: Circuit breaker: Rolling PnL of last 50 trades <= -$10 (current: $-11.59) (resumes in 185s)
2025-12-24 07:46:47 - trades.XNGUSDm - DEBUG - [SKIP] Cannot open trade: Circuit breaker: Rolling PnL of last 50 trades <= -$10 (current: $-11.59) (resumes in 3254s)
2025-12-24 07:55:49 - trades.XNGUSDm - DEBUG - [SKIP] Cannot open trade: Circuit breaker: Rolling PnL of last 50 trades <= -$10 (current: $-11.59) (resumes in 2712s)
2025-12-24 07:58:55 - trades.XNGUSDm - DEBUG - [SKIP] Cannot open trade: Circuit breaker: Rolling PnL of last 50 trades <= -$10 (current: $-11.59) (resumes in 2526s)
2025-12-24 08:14:04 - trades.XNGUSDm - DEBUG - [SKIP] Cannot open trade: Circuit breaker: Rolling PnL of last 50 trades <= -$10 (current: $-11.59) (resumes in 1616s)
2025-12-24 08:17:10 - trades.XNGUSDm - DEBUG - [SKIP] Cannot open trade: Circuit breaker: Rolling PnL of last 50 trades <= -$10 (current: $-11.59) (resumes in 1431s)
2025-12-24 08:20:16 - trades.XNGUSDm - DEBUG - [SKIP] Cannot open trade: Circuit breaker: Rolling PnL of last 50 trades <= -$10 (current: $-11.59) (resumes in 1245s)
2025-12-24 08:23:27 - trades.XNGUSDm - DEBUG - [SKIP] Cannot open trade: Circuit breaker: Rolling PnL of last 50 trades <= -$10 (current: $-11.59) (resumes in 1054s)
2025-12-24 08:30:06 - trades.XNGUSDm - DEBUG - [SKIP] Cannot open trade: Circuit breaker: Rolling PnL of last 50 trades <= -$10 (current: $-11.59) (resumes in 655s)
2025-12-24 08:33:12 - trades.XNGUSDm - DEBUG - [SKIP] Cannot open trade: Circuit breaker: Rolling PnL of last 50 trades <= -$10 (current: $-11.59) (resumes in 469s)
2025-12-24 08:36:26 - trades.XNGUSDm - DEBUG - [SKIP] Cannot open trade: Circuit breaker: Rolling PnL of last 50 trades <= -$10 (current: $-11.59) (resumes in 274s)
2025-12-24 08:49:31 - trades.XNGUSDm - DEBUG - [SKIP] Cannot open trade: Circuit breaker: Rolling PnL of last 50 trades <= -$10 (current: $-11.59) (resumes in 3146s)
2025-12-24 08:59:06 - trades.XNGUSDm - DEBUG - [SKIP] Cannot open trade: Circuit breaker: Rolling PnL of last 50 trades <= -$10 (current: $-11.59) (resumes in 2571s)
2025-12-24 09:02:09 - trades.XNGUSDm - DEBUG - [SKIP] Cannot open trade: Circuit breaker: Rolling PnL of last 50 trades <= -$10 (current: $-11.59) (resumes in 2389s)
2025-12-24 09:05:16 - trades.XNGUSDm - DEBUG - [SKIP] Cannot open trade: Circuit breaker: Rolling PnL of last 50 trades <= -$10 (current: $-11.59) (resumes in 2201s)
2025-12-24 09:21:23 - trades.XNGUSDm - DEBUG - [SKIP] Cannot open trade: Circuit breaker: Rolling PnL of last 50 trades <= -$10 (current: $-11.59) (resumes in 1235s)
2025-12-24 09:24:44 - trades.XNGUSDm - DEBUG - [SKIP] Cannot open trade: Circuit breaker: Rolling PnL of last 50 trades <= -$10 (current: $-11.59) (resumes in 1034s)
2025-12-24 09:27:57 - trades.XNGUSDm - DEBUG - [SKIP] Cannot open trade: Circuit breaker: Rolling PnL of last 50 trades <= -$10 (current: $-11.59) (resumes in 840s)
2025-12-24 09:31:15 - trades.XNGUSDm - DEBUG - [SKIP] Cannot open trade: Circuit breaker: Rolling PnL of last 50 trades <= -$10 (current: $-11.59) (resumes in 643s)
2025-12-24 09:34:26 - trades.XNGUSDm - DEBUG - [SKIP] Cannot open trade: Circuit breaker: Rolling PnL of last 50 trades <= -$10 (current: $-11.59) (resumes in 452s)
2025-12-24 09:37:41 - trades.XNGUSDm - DEBUG - [SKIP] Cannot open trade: Circuit breaker: Rolling PnL of last 50 trades <= -$10 (current: $-11.59) (resumes in 257s)
2025-12-24 09:47:34 - trades.XNGUSDm - DEBUG - [SKIP] Cannot open trade: Circuit breaker: Rolling PnL of last 50 trades <= -$10 (current: $-11.59) (resumes in 3338s)
2025-12-24 09:50:53 - trades.XNGUSDm - DEBUG - [SKIP] Cannot open trade: Circuit breaker: Rolling PnL of last 50 trades <= -$10 (current: $-11.59) (resumes in 3139s)
2025-12-24 09:54:17 - trades.XNGUSDm - DEBUG - [SKIP] Cannot open trade: Circuit breaker: Rolling PnL of last 50 trades <= -$10 (current: $-11.59) (resumes in 2936s)
2025-12-24 09:57:42 - trades.XNGUSDm - DEBUG - [SKIP] Cannot open trade: Circuit breaker: Rolling PnL of last 50 trades <= -$10 (current: $-11.59) (resumes in 2730s)
2025-12-24 10:01:14 - trades.XNGUSDm - DEBUG - [SKIP] Cannot open trade: Circuit breaker: Rolling PnL of last 50 trades <= -$10 (current: $-11.59) (resumes in 2519s)
2025-12-24 10:04:36 - trades.XNGUSDm - DEBUG - [SKIP] Cannot open trade: Circuit breaker: Rolling PnL of last 50 trades <= -$10 (current: $-11.59) (resumes in 2316s)
2025-12-24 10:08:09 - trades.XNGUSDm - DEBUG - [SKIP] Cannot open trade: Circuit breaker: Rolling PnL of last 50 trades <= -$10 (current: $-11.59) (resumes in 2103s)
2025-12-24 10:11:38 - trades.XNGUSDm - DEBUG - [SKIP] Cannot open trade: Circuit breaker: Rolling PnL of last 50 trades <= -$10 (current: $-11.59) (resumes in 1894s)
2025-12-24 10:28:13 - trades.XNGUSDm - DEBUG - [SKIP] Cannot open trade: Circuit breaker: Rolling PnL of last 50 trades <= -$10 (current: $-11.59) (resumes in 899s)
2025-12-24 10:31:24 - trades.XNGUSDm - DEBUG - [SKIP] Cannot open trade: Circuit breaker: Rolling PnL of last 50 trades <= -$10 (current: $-11.59) (resumes in 709s)
2025-12-24 10:34:40 - trades.XNGUSDm - DEBUG - [SKIP] Cannot open trade: Circuit breaker: Rolling PnL of last 50 trades <= -$10 (current: $-11.59) (resumes in 513s)
2025-12-24 10:37:47 - trades.XNGUSDm - DEBUG - [SKIP] Cannot open trade: Circuit breaker: Rolling PnL of last 50 trades <= -$10 (current: $-11.59) (resumes in 326s)
2025-12-24 10:41:01 - trades.XNGUSDm - DEBUG - [SKIP] Cannot open trade: Circuit breaker: Rolling PnL of last 50 trades <= -$10 (current: $-11.59) (resumes in 131s)
2025-12-24 10:44:10 - trades.XNGUSDm - DEBUG - [SKIP] Cannot open trade: Circuit breaker: Rolling PnL of last 50 trades <= -$10 (current: $-11.59) (resumes in 3546s)
2025-12-24 10:47:26 - trades.XNGUSDm - DEBUG - [SKIP] Cannot open trade: Circuit breaker: Rolling PnL of last 50 trades <= -$10 (current: $-11.59) (resumes in 3351s)
2025-12-24 10:50:31 - trades.XNGUSDm - DEBUG - [SKIP] Cannot open trade: Circuit breaker: Rolling PnL of last 50 trades <= -$10 (current: $-11.59) (resumes in 3166s)
2025-12-24 11:00:53 - trades.XNGUSDm - DEBUG - [SKIP] Cannot open trade: Circuit breaker: Rolling PnL of last 50 trades <= -$10 (current: $-11.59) (resumes in 2544s)
2025-12-24 11:04:31 - trades.XNGUSDm - DEBUG - [SKIP] Cannot open trade: Circuit breaker: Rolling PnL of last 50 trades <= -$10 (current: $-11.59) (resumes in 2326s)
2025-12-24 11:08:12 - trades.XNGUSDm - DEBUG - [SKIP] Cannot open trade: Circuit breaker: Rolling PnL of last 50 trades <= -$10 (current: $-11.59) (resumes in 2105s)
2025-12-24 11:12:44 - trades.XNGUSDm - DEBUG - [SKIP] Cannot open trade: Circuit breaker: Rolling PnL of last 50 trades <= -$10 (current: $-11.59) (resumes in 1833s)
2025-12-24 11:16:44 - trades.XNGUSDm - DEBUG - [SKIP] Cannot open trade: Circuit breaker: Rolling PnL of last 50 trades <= -$10 (current: $-11.59) (resumes in 1593s)
2025-12-24 11:20:26 - trades.XNGUSDm - DEBUG - [SKIP] Cannot open trade: Circuit breaker: Rolling PnL of last 50 trades <= -$10 (current: $-11.59) (resumes in 1370s)
2025-12-24 11:23:49 - trades.XNGUSDm - DEBUG - [SKIP] Cannot open trade: Circuit breaker: Rolling PnL of last 50 trades <= -$10 (current: $-11.59) (resumes in 1168s)
2025-12-24 11:27:08 - trades.XNGUSDm - DEBUG - [SKIP] Cannot open trade: Circuit breaker: Rolling PnL of last 50 trades <= -$10 (current: $-11.59) (resumes in 969s)
2025-12-24 11:30:27 - trades.XNGUSDm - DEBUG - [SKIP] Cannot open trade: Circuit breaker: Rolling PnL of last 50 trades <= -$10 (current: $-11.59) (resumes in 769s)
2025-12-24 11:33:51 - trades.XNGUSDm - DEBUG - [SKIP] Cannot open trade: Circuit breaker: Rolling PnL of last 50 trades <= -$10 (current: $-11.59) (resumes in 566s)
2025-12-24 11:37:11 - trades.XNGUSDm - DEBUG - [SKIP] Cannot open trade: Circuit breaker: Rolling PnL of last 50 trades <= -$10 (current: $-11.59) (resumes in 365s)
2025-12-24 11:40:34 - trades.XNGUSDm - DEBUG - [SKIP] Cannot open trade: Circuit breaker: Rolling PnL of last 50 trades <= -$10 (current: $-11.59) (resumes in 162s)
2025-12-24 11:47:13 - trades.XNGUSDm - DEBUG - [SKIP] Cannot open trade: Circuit breaker: Rolling PnL of last 50 trades <= -$10 (current: $-11.59) (resumes in 3368s)
2025-12-24 11:53:55 - trades.XNGUSDm - DEBUG - [SKIP] Cannot open trade: Circuit breaker: Rolling PnL of last 50 trades <= -$10 (current: $-11.59) (resumes in 2966s)
2025-12-24 11:57:21 - trades.XNGUSDm - DEBUG - [SKIP] Cannot open trade: Circuit breaker: Rolling PnL of last 50 trades <= -$10 (current: $-11.59) (resumes in 2760s)
2025-12-24 12:00:43 - trades.XNGUSDm - DEBUG - [SKIP] Cannot open trade: Circuit breaker: Rolling PnL of last 50 trades <= -$10 (current: $-11.59) (resumes in 2558s)
2025-12-24 12:03:54 - trades.XNGUSDm - DEBUG - [SKIP] Cannot open trade: Circuit breaker: Rolling PnL of last 50 trades <= -$10 (current: $-11.59) (resumes in 2367s)
2025-12-24 12:09:55 - trades.XNGUSDm - DEBUG - [SKIP] Cannot open trade: Circuit breaker: Rolling PnL of last 50 trades <= -$10 (current: $-11.59) (resumes in 2006s)
2025-12-24 12:13:01 - trades.XNGUSDm - DEBUG - [SKIP] Cannot open trade: Circuit breaker: Rolling PnL of last 50 trades <= -$10 (current: $-11.59) (resumes in 1820s)
2025-12-24 12:16:11 - trades.XNGUSDm - DEBUG - [SKIP] Cannot open trade: Circuit breaker: Rolling PnL of last 50 trades <= -$10 (current: $-11.59) (resumes in 1630s)
2025-12-24 12:25:31 - trades.XNGUSDm - DEBUG - [SKIP] Cannot open trade: Circuit breaker: Rolling PnL of last 50 trades <= -$10 (current: $-11.59) (resumes in 1070s)
2025-12-24 12:28:37 - trades.XNGUSDm - DEBUG - [SKIP] Cannot open trade: Circuit breaker: Rolling PnL of last 50 trades <= -$10 (current: $-11.59) (resumes in 884s)
2025-12-24 12:31:53 - trades.XNGUSDm - DEBUG - [SKIP] Cannot open trade: Circuit breaker: Rolling PnL of last 50 trades <= -$10 (current: $-11.59) (resumes in 688s)
2025-12-24 12:35:04 - trades.XNGUSDm - DEBUG - [SKIP] Cannot open trade: Circuit breaker: Rolling PnL of last 50 trades <= -$10 (current: $-11.59) (resumes in 497s)
2025-12-24 12:38:23 - trades.XNGUSDm - DEBUG - [SKIP] Cannot open trade: Circuit breaker: Rolling PnL of last 50 trades <= -$10 (current: $-11.59) (resumes in 298s)
2025-12-24 12:47:54 - trades.XNGUSDm - DEBUG - [SKIP] Cannot open trade: Circuit breaker: Rolling PnL of last 50 trades <= -$10 (current: $-11.59) (resumes in 3356s)
2025-12-24 12:51:07 - trades.XNGUSDm - DEBUG - [SKIP] Cannot open trade: Circuit breaker: Rolling PnL of last 50 trades <= -$10 (current: $-11.59) (resumes in 3163s)
2025-12-24 12:54:24 - trades.XNGUSDm - DEBUG - [SKIP] Cannot open trade: Circuit breaker: Rolling PnL of last 50 trades <= -$10 (current: $-11.59) (resumes in 2967s)
2025-12-24 13:00:59 - trades.XNGUSDm - DEBUG - [SKIP] Cannot open trade: Circuit breaker: Rolling PnL of last 50 trades <= -$10 (current: $-11.59) (resumes in 2571s)
2025-12-24 13:04:07 - trades.XNGUSDm - DEBUG - [SKIP] Cannot open trade: Circuit breaker: Rolling PnL of last 50 trades <= -$10 (current: $-11.59) (resumes in 2384s)
2025-12-24 13:13:47 - trades.XNGUSDm - DEBUG - [SKIP] Cannot open trade: Circuit breaker: Rolling PnL of last 50 trades <= -$10 (current: $-11.59) (resumes in 1804s)
2025-12-24 13:42:24 - trades.XNGUSDm - DEBUG - [SKIP] Cannot open trade: Circuit breaker: Rolling PnL of last 50 trades <= -$10 (current: $-11.59) (resumes in 86s)
2025-12-24 13:59:30 - trades.XNGUSDm - DEBUG - [SKIP] Cannot open trade: Circuit breaker: Rolling PnL of last 50 trades <= -$10 (current: $-11.59) (resumes in 2706s)
2025-12-24 14:03:02 - trades.XNGUSDm - DEBUG - [SKIP] Cannot open trade: Circuit breaker: Rolling PnL of last 50 trades <= -$10 (current: $-11.59) (resumes in 2494s)
2025-12-24 14:06:30 - trades.XNGUSDm - DEBUG - [SKIP] Cannot open trade: Circuit breaker: Rolling PnL of last 50 trades <= -$10 (current: $-11.59) (resumes in 2286s)
2025-12-24 14:10:07 - trades.XNGUSDm - DEBUG - [SKIP] Cannot open trade: Circuit breaker: Rolling PnL of last 50 trades <= -$10 (current: $-11.59) (resumes in 2070s)
2025-12-24 14:16:53 - trades.XNGUSDm - DEBUG - [SKIP] Cannot open trade: Circuit breaker: Rolling PnL of last 50 trades <= -$10 (current: $-11.59) (resumes in 1664s)
2025-12-24 14:20:06 - trades.XNGUSDm - DEBUG - [SKIP] Cannot open trade: Circuit breaker: Rolling PnL of last 50 trades <= -$10 (current: $-11.59) (resumes in 1470s)
2025-12-24 14:23:27 - trades.XNGUSDm - DEBUG - [SKIP] Cannot open trade: Circuit breaker: Rolling PnL of last 50 trades <= -$10 (current: $-11.59) (resumes in 1269s)
2025-12-24 14:27:03 - trades.XNGUSDm - DEBUG - [SKIP] Cannot open trade: Circuit breaker: Rolling PnL of last 50 trades <= -$10 (current: $-11.59) (resumes in 1054s)
2025-12-24 14:45:34 - trades.XNGUSDm - DEBUG - [SKIP] Cannot open trade: Circuit breaker: Rolling PnL of last 50 trades <= -$10 (current: $-11.59) (resumes in 3550s)
2025-12-24 14:50:57 - trades.XNGUSDm - DEBUG - [SKIP] Cannot open trade: Circuit breaker: Rolling PnL of last 50 trades <= -$10 (current: $-11.59) (resumes in 3227s)
2025-12-24 14:56:00 - trades.XNGUSDm - DEBUG - [SKIP] Cannot open trade: Circuit breaker: Rolling PnL of last 50 trades <= -$10 (current: $-11.59) (resumes in 2924s)
2025-12-24 15:01:08 - trades.XNGUSDm - DEBUG - [SKIP] Cannot open trade: Circuit breaker: Rolling PnL of last 50 trades <= -$10 (current: $-11.59) (resumes in 2616s)
2025-12-24 15:06:15 - trades.XNGUSDm - DEBUG - [SKIP] Cannot open trade: Circuit breaker: Rolling PnL of last 50 trades <= -$10 (current: $-11.59) (resumes in 2310s)
2025-12-24 15:11:06 - trades.XNGUSDm - DEBUG - [SKIP] Cannot open trade: Circuit breaker: Rolling PnL of last 50 trades <= -$10 (current: $-11.59) (resumes in 2018s)
2025-12-24 15:15:43 - trades.XNGUSDm - DEBUG - [SKIP] Cannot open trade: Circuit breaker: Rolling PnL of last 50 trades <= -$10 (current: $-11.59) (resumes in 1741s)
2025-12-24 15:20:34 - trades.XNGUSDm - DEBUG - [SKIP] Cannot open trade: Circuit breaker: Rolling PnL of last 50 trades <= -$10 (current: $-11.59) (resumes in 1451s)
