2025-12-23 11:58:24 - trades.XPDUSDm - DEBUG - [SKIP] Cannot open trade: Entry filter: Spread sanity: spread 1883.3% of avg range > max 30.0%
2025-12-23 12:00:12 - trades.XPDUSDm - DEBUG - [SKIP] Cannot open trade: Entry filter: Session guard: first 1 minutes of hour blocked
2025-12-23 12:01:53 - trades.XPDUSDm - DEBUG - [SKIP] Cannot open trade: Entry filter: Spread sanity: spread 2281.9% of avg range > max 30.0%
2025-12-23 12:03:33 - trades.XPDUSDm - DEBUG - [SKIP] Cannot open trade: Entry filter: Spread sanity: spread 2262.8% of avg range > max 30.0%
2025-12-23 12:05:14 - trades.XPDUSDm - DEBUG - [SKIP] Cannot open trade: Entry filter: Spread sanity: spread 2138.2% of avg range > max 30.0%
2025-12-23 12:08:01 - trades.XPDUSDm - DEBUG - [SKIP] Cannot open trade: Entry filter: Spread sanity: spread 1985.9% of avg range > max 30.0%
2025-12-23 12:11:28 - trades.XPDUSDm - DEBUG - [SKIP] Cannot open trade: Entry filter: Spread sanity: spread 1979.3% of avg range > max 30.0%
2025-12-23 12:15:06 - trades.XPDUSDm - DEBUG - [SKIP] Cannot open trade: Entry filter: Spread sanity: spread 1719.1% of avg range > max 30.0%
2025-12-23 12:18:39 - trades.XPDUSDm - DEBUG - [SKIP] Cannot open trade: Entry filter: Spread sanity: spread 1601.6% of avg range > max 30.0%
2025-12-23 12:21:50 - trades.XPDUSDm - DEBUG - [SKIP] Cannot open trade: Entry filter: Spread sanity: spread 1751.0% of avg range > max 30.0%
2025-12-23 12:25:08 - trades.XPDUSDm - DEBUG - [SKIP] Cannot open trade: Entry filter: Spread sanity: spread 1799.7% of avg range > max 30.0%
2025-12-23 12:31:22 - trades.XPDUSDm - DEBUG - [SKIP] Cannot open trade: Entry filter: Spread sanity: spread 2252.3% of avg range > max 30.0%
2025-12-23 12:34:35 - trades.XPDUSDm - DEBUG - [SKIP] Cannot open trade: Entry filter: Spread sanity: spread 2635.2% of avg range > max 30.0%
2025-12-23 12:37:43 - trades.XPDUSDm - DEBUG - [SKIP] Cannot open trade: Entry filter: Spread sanity: spread 2863.2% of avg range > max 30.0%
2025-12-23 12:40:54 - trades.XPDUSDm - DEBUG - [SKIP] Cannot open trade: Entry filter: Spread sanity: spread 2583.7% of avg range > max 30.0%
2025-12-23 12:44:07 - trades.XPDUSDm - DEBUG - [SKIP] Cannot open trade: Entry filter: Spread sanity: spread 2403.4% of avg range > max 30.0%
2025-12-23 12:47:35 - trades.XPDUSDm - DEBUG - [SKIP] Cannot open trade: Entry filter: Spread sanity: spread 2524.7% of avg range > max 30.0%
2025-12-23 12:50:50 - trades.XPDUSDm - DEBUG - [SKIP] Cannot open trade: Entry filter: Spread sanity: spread 2350.2% of avg range > max 30.0%
2025-12-23 12:54:12 - trades.XPDUSDm - DEBUG - [SKIP] Cannot open trade: Entry filter: Spread sanity: spread 2437.9% of avg range > max 30.0%
2025-12-23 12:57:33 - trades.XPDUSDm - DEBUG - [SKIP] Cannot open trade: Entry filter: Spread sanity: spread 2549.2% of avg range > max 30.0%
2025-12-23 13:07:43 - trades.XPDUSDm - DEBUG - [SKIP] Cannot open trade: Entry filter: Spread sanity: spread 1424.7% of avg range > max 30.0%
2025-12-23 13:11:06 - trades.XPDUSDm - DEBUG - [SKIP] Cannot open trade: Entry filter: Spread sanity: spread 1070.1% of avg range > max 30.0%
2025-12-23 13:21:19 - trades.XPDUSDm - DEBUG - [SKIP] Cannot open trade: Entry filter: Spread sanity: spread 788.6% of avg range > max 30.0%
2025-12-23 13:24:46 - trades.XPDUSDm - DEBUG - [SKIP] Cannot open trade: Entry filter: Spread sanity: spread 904.3% of avg range > max 30.0%
2025-12-23 13:28:21 - trades.XPDUSDm - DEBUG - [SKIP] Cannot open trade: Entry filter: Spread sanity: spread 822.9% of avg range > max 30.0%
2025-12-23 13:31:44 - trades.XPDUSDm - DEBUG - [SKIP] Cannot open trade: Entry filter: Spread sanity: spread 1356.4% of avg range > max 30.0%
2025-12-23 13:35:15 - trades.XPDUSDm - DEBUG - [SKIP] Cannot open trade: Entry filter: Spread sanity: spread 1267.7% of avg range > max 30.0%
2025-12-23 13:38:45 - trades.XPDUSDm - DEBUG - [SKIP] Cannot open trade: Entry filter: Spread sanity: spread 1196.8% of avg range > max 30.0%
2025-12-23 13:42:15 - trades.XPDUSDm - DEBUG - [SKIP] Cannot open trade: Entry filter: Spread sanity: spread 1164.3% of avg range > max 30.0%
2025-12-23 13:45:41 - trades.XPDUSDm - DEBUG - [SKIP] Cannot open trade: Entry filter: Spread sanity: spread 1048.3% of avg range > max 30.0%
2025-12-23 14:10:21 - trades.XPDUSDm - DEBUG - [SKIP] Cannot open trade: Entry filter: Spread sanity: spread 664.8% of avg range > max 30.0%
2025-12-23 14:27:35 - trades.XPDUSDm - DEBUG - [SKIP] Cannot open trade: Entry filter: Spread sanity: spread 970.4% of avg range > max 30.0%
2025-12-23 14:31:50 - trades.XPDUSDm - DEBUG - [SKIP] Cannot open trade: Entry filter: Spread sanity: spread 877.4% of avg range > max 30.0%
2025-12-23 14:36:24 - trades.XPDUSDm - DEBUG - [SKIP] Cannot open trade: Entry filter: Spread sanity: spread 703.3% of avg range > max 30.0%
2025-12-23 14:41:35 - trades.XPDUSDm - DEBUG - [SKIP] Cannot open trade: Entry filter: Spread sanity: spread 824.2% of avg range > max 30.0%
2025-12-23 14:50:29 - trades.XPDUSDm - DEBUG - [SKIP] Cannot open trade: Entry filter: Spread sanity: spread 475.6% of avg range > max 30.0%
2025-12-23 14:56:28 - trades.XPDUSDm - DEBUG - [SKIP] Cannot open trade: Circuit breaker: Consecutive losses >= 10 (11 losses) (resumes in 1612s)
2025-12-23 15:02:06 - trades.XPDUSDm - DEBUG - [SKIP] Cannot open trade: Circuit breaker: Consecutive losses >= 10 (11 losses) (resumes in 1274s)
2025-12-23 15:07:32 - trades.XPDUSDm - DEBUG - [SKIP] Cannot open trade: Circuit breaker: Consecutive losses >= 10 (11 losses) (resumes in 948s)
2025-12-23 15:13:09 - trades.XPDUSDm - DEBUG - [SKIP] Cannot open trade: Circuit breaker: Consecutive losses >= 10 (11 losses) (resumes in 612s)
2025-12-23 15:18:57 - trades.XPDUSDm - DEBUG - [SKIP] Cannot open trade: Circuit breaker: Consecutive losses >= 10 (11 losses) (resumes in 264s)
2025-12-23 15:24:24 - trades.XPDUSDm - DEBUG - [SKIP] Cannot open trade: Entry filter: Spread sanity: spread 494.2% of avg range > max 30.0%
2025-12-23 15:30:48 - trades.XPDUSDm - DEBUG - [SKIP] Cannot open trade: Entry filter: Spread sanity: spread 622.2% of avg range > max 30.0%
2025-12-23 15:37:51 - trades.XPDUSDm - DEBUG - [SKIP] Cannot open trade: Circuit breaker: Rolling PnL of last 50 trades <= -$10 (current: $-17.00) (resumes in 3274s)
2025-12-23 15:43:54 - trades.XPDUSDm - DEBUG - [SKIP] Cannot open trade: Circuit breaker: Rolling PnL of last 50 trades <= -$10 (current: $-17.00) (resumes in 2910s)
2025-12-23 15:50:16 - trades.XPDUSDm - DEBUG - [SKIP] Cannot open trade: Circuit breaker: Rolling PnL of last 50 trades <= -$10 (current: $-17.00) (resumes in 2529s)
2025-12-23 15:56:07 - trades.XPDUSDm - DEBUG - [SKIP] Cannot open trade: Circuit breaker: Rolling PnL of last 50 trades <= -$10 (current: $-17.00) (resumes in 2178s)
2025-12-23 16:02:02 - trades.XPDUSDm - DEBUG - [SKIP] Cannot open trade: Circuit breaker: Rolling PnL of last 50 trades <= -$10 (current: $-17.00) (resumes in 1822s)
2025-12-23 16:08:17 - trades.XPDUSDm - DEBUG - [SKIP] Cannot open trade: Circuit breaker: Rolling PnL of last 50 trades <= -$10 (current: $-17.00) (resumes in 1447s)
2025-12-23 16:13:43 - trades.XPDUSDm - DEBUG - [SKIP] Cannot open trade: Circuit breaker: Rolling PnL of last 50 trades <= -$10 (current: $-17.00) (resumes in 1121s)
2025-12-23 16:18:59 - trades.XPDUSDm - DEBUG - [SKIP] Cannot open trade: Circuit breaker: Rolling PnL of last 50 trades <= -$10 (current: $-17.00) (resumes in 806s)
2025-12-23 16:24:00 - trades.XPDUSDm - DEBUG - [SKIP] Cannot open trade: Circuit breaker: Rolling PnL of last 50 trades <= -$10 (current: $-17.00) (resumes in 505s)
2025-12-23 16:29:02 - trades.XPDUSDm - DEBUG - [SKIP] Cannot open trade: Circuit breaker: Rolling PnL of last 50 trades <= -$10 (current: $-17.00) (resumes in 203s)
2025-12-23 16:34:05 - trades.XPDUSDm - DEBUG - [SKIP] Cannot open trade: Circuit breaker: Rolling PnL of last 50 trades <= -$10 (current: $-11.59) (resumes in 3501s)
2025-12-23 16:39:29 - trades.XPDUSDm - DEBUG - [SKIP] Cannot open trade: Circuit breaker: Rolling PnL of last 50 trades <= -$10 (current: $-11.59) (resumes in 3177s)
2025-12-23 16:44:22 - trades.XPDUSDm - DEBUG - [SKIP] Cannot open trade: Circuit breaker: Rolling PnL of last 50 trades <= -$10 (current: $-11.59) (resumes in 2885s)
2025-12-23 16:49:20 - trades.XPDUSDm - DEBUG - [SKIP] Cannot open trade: Circuit breaker: Rolling PnL of last 50 trades <= -$10 (current: $-11.59) (resumes in 2587s)
2025-12-23 16:54:29 - trades.XPDUSDm - DEBUG - [SKIP] Cannot open trade: Circuit breaker: Rolling PnL of last 50 trades <= -$10 (current: $-11.59) (resumes in 2278s)
2025-12-23 16:59:39 - trades.XPDUSDm - DEBUG - [SKIP] Cannot open trade: Circuit breaker: Rolling PnL of last 50 trades <= -$10 (current: $-11.59) (resumes in 1968s)
2025-12-23 17:04:32 - trades.XPDUSDm - DEBUG - [SKIP] Cannot open trade: Circuit breaker: Rolling PnL of last 50 trades <= -$10 (current: $-11.59) (resumes in 1675s)
2025-12-23 17:14:39 - trades.XPDUSDm - DEBUG - [SKIP] Cannot open trade: Circuit breaker: Rolling PnL of last 50 trades <= -$10 (current: $-11.59) (resumes in 1068s)
2025-12-23 17:19:42 - trades.XPDUSDm - DEBUG - [SKIP] Cannot open trade: Circuit breaker: Rolling PnL of last 50 trades <= -$10 (current: $-11.59) (resumes in 765s)
2025-12-23 17:29:19 - trades.XPDUSDm - DEBUG - [SKIP] Cannot open trade: Circuit breaker: Rolling PnL of last 50 trades <= -$10 (current: $-11.59) (resumes in 187s)
2025-12-23 17:33:53 - trades.XPDUSDm - DEBUG - [SKIP] Cannot open trade: Circuit breaker: Rolling PnL of last 50 trades <= -$10 (current: $-11.59) (resumes in 3515s)
2025-12-23 17:38:18 - trades.XPDUSDm - DEBUG - [SKIP] Cannot open trade: Circuit breaker: Rolling PnL of last 50 trades <= -$10 (current: $-11.59) (resumes in 3250s)
2025-12-23 17:47:11 - trades.XPDUSDm - DEBUG - [SKIP] Cannot open trade: Circuit breaker: Rolling PnL of last 50 trades <= -$10 (current: $-11.59) (resumes in 2717s)
2025-12-23 17:51:51 - trades.XPDUSDm - DEBUG - [SKIP] Cannot open trade: Circuit breaker: Rolling PnL of last 50 trades <= -$10 (current: $-11.59) (resumes in 2437s)
2025-12-23 17:56:28 - trades.XPDUSDm - DEBUG - [SKIP] Cannot open trade: Circuit breaker: Rolling PnL of last 50 trades <= -$10 (current: $-11.59) (resumes in 2160s)
2025-12-23 18:05:31 - trades.XPDUSDm - DEBUG - [SKIP] Cannot open trade: Circuit breaker: Rolling PnL of last 50 trades <= -$10 (current: $-11.59) (resumes in 1617s)
2025-12-23 18:10:05 - trades.XPDUSDm - DEBUG - [SKIP] Cannot open trade: Circuit breaker: Rolling PnL of last 50 trades <= -$10 (current: $-11.59) (resumes in 1343s)
2025-12-23 18:14:34 - trades.XPDUSDm - DEBUG - [SKIP] Cannot open trade: Circuit breaker: Rolling PnL of last 50 trades <= -$10 (current: $-11.59) (resumes in 1074s)
2025-12-23 18:18:43 - trades.XPDUSDm - DEBUG - [SKIP] Cannot open trade: Circuit breaker: Rolling PnL of last 50 trades <= -$10 (current: $-11.59) (resumes in 825s)
2025-12-23 18:22:56 - trades.XPDUSDm - DEBUG - [SKIP] Cannot open trade: Circuit breaker: Rolling PnL of last 50 trades <= -$10 (current: $-11.59) (resumes in 573s)
2025-12-23 18:27:26 - trades.XPDUSDm - DEBUG - [SKIP] Cannot open trade: Circuit breaker: Rolling PnL of last 50 trades <= -$10 (current: $-11.59) (resumes in 302s)
2025-12-23 18:31:55 - trades.XPDUSDm - DEBUG - [SKIP] Cannot open trade: Circuit breaker: Rolling PnL of last 50 trades <= -$10 (current: $-11.59) (resumes in 33s)
2025-12-23 18:36:20 - trades.XPDUSDm - DEBUG - [SKIP] Cannot open trade: Circuit breaker: Rolling PnL of last 50 trades <= -$10 (current: $-11.59) (resumes in 3370s)
2025-12-23 18:40:56 - trades.XPDUSDm - DEBUG - [SKIP] Cannot open trade: Circuit breaker: Rolling PnL of last 50 trades <= -$10 (current: $-11.59) (resumes in 3094s)
2025-12-23 18:45:21 - trades.XPDUSDm - DEBUG - [SKIP] Cannot open trade: Circuit breaker: Rolling PnL of last 50 trades <= -$10 (current: $-11.59) (resumes in 2829s)
2025-12-23 18:49:25 - trades.XPDUSDm - DEBUG - [SKIP] Cannot open trade: Circuit breaker: Rolling PnL of last 50 trades <= -$10 (current: $-11.59) (resumes in 2585s)
2025-12-23 18:53:58 - trades.XPDUSDm - DEBUG - [SKIP] Cannot open trade: Circuit breaker: Rolling PnL of last 50 trades <= -$10 (current: $-11.59) (resumes in 2313s)
2025-12-23 18:58:21 - trades.XPDUSDm - DEBUG - [SKIP] Cannot open trade: Circuit breaker: Rolling PnL of last 50 trades <= -$10 (current: $-11.59) (resumes in 2049s)
2025-12-23 19:02:42 - trades.XPDUSDm - DEBUG - [SKIP] Cannot open trade: Circuit breaker: Rolling PnL of last 50 trades <= -$10 (current: $-11.59) (resumes in 1788s)
2025-12-23 19:06:53 - trades.XPDUSDm - DEBUG - [SKIP] Cannot open trade: Circuit breaker: Rolling PnL of last 50 trades <= -$10 (current: $-11.59) (resumes in 1537s)
2025-12-23 19:15:18 - trades.XPDUSDm - DEBUG - [SKIP] Cannot open trade: Circuit breaker: Rolling PnL of last 50 trades <= -$10 (current: $-11.59) (resumes in 1032s)
2025-12-23 19:19:14 - trades.XPDUSDm - DEBUG - [SKIP] Cannot open trade: Circuit breaker: Rolling PnL of last 50 trades <= -$10 (current: $-11.59) (resumes in 796s)
2025-12-23 19:23:20 - trades.XPDUSDm - DEBUG - [SKIP] Cannot open trade: Circuit breaker: Rolling PnL of last 50 trades <= -$10 (current: $-11.59) (resumes in 551s)
2025-12-23 19:27:43 - trades.XPDUSDm - DEBUG - [SKIP] Cannot open trade: Circuit breaker: Rolling PnL of last 50 trades <= -$10 (current: $-11.59) (resumes in 288s)
2025-12-23 19:31:57 - trades.XPDUSDm - DEBUG - [SKIP] Cannot open trade: Circuit breaker: Rolling PnL of last 50 trades <= -$10 (current: $-11.59) (resumes in 33s)
2025-12-23 19:36:22 - trades.XPDUSDm - DEBUG - [SKIP] Cannot open trade: Circuit breaker: Rolling PnL of last 50 trades <= -$10 (current: $-11.59) (resumes in 3475s)
2025-12-23 19:40:56 - trades.XPDUSDm - DEBUG - [SKIP] Cannot open trade: Circuit breaker: Rolling PnL of last 50 trades <= -$10 (current: $-11.59) (resumes in 3201s)
2025-12-23 19:44:59 - trades.XPDUSDm - DEBUG - [SKIP] Cannot open trade: Circuit breaker: Rolling PnL of last 50 trades <= -$10 (current: $-11.59) (resumes in 2958s)
2025-12-23 19:53:08 - trades.XPDUSDm - DEBUG - [SKIP] Cannot open trade: Circuit breaker: Rolling PnL of last 50 trades <= -$10 (current: $-11.59) (resumes in 2468s)
2025-12-23 19:57:27 - trades.XPDUSDm - DEBUG - [SKIP] Cannot open trade: Circuit breaker: Rolling PnL of last 50 trades <= -$10 (current: $-11.59) (resumes in 2210s)
2025-12-23 20:01:35 - trades.XPDUSDm - DEBUG - [SKIP] Cannot open trade: Circuit breaker: Rolling PnL of last 50 trades <= -$10 (current: $-11.59) (resumes in 1962s)
2025-12-23 20:05:43 - trades.XPDUSDm - DEBUG - [SKIP] Cannot open trade: Circuit breaker: Rolling PnL of last 50 trades <= -$10 (current: $-11.59) (resumes in 1714s)
2025-12-23 20:10:05 - trades.XPDUSDm - DEBUG - [SKIP] Cannot open trade: Circuit breaker: Rolling PnL of last 50 trades <= -$10 (current: $-11.59) (resumes in 1452s)
2025-12-23 20:14:25 - trades.XPDUSDm - DEBUG - [SKIP] Cannot open trade: Circuit breaker: Rolling PnL of last 50 trades <= -$10 (current: $-11.59) (resumes in 1192s)
2025-12-23 20:18:49 - trades.XPDUSDm - DEBUG - [SKIP] Cannot open trade: Circuit breaker: Rolling PnL of last 50 trades <= -$10 (current: $-11.59) (resumes in 928s)
2025-12-23 20:23:03 - trades.XPDUSDm - DEBUG - [SKIP] Cannot open trade: Circuit breaker: Rolling PnL of last 50 trades <= -$10 (current: $-11.59) (resumes in 674s)
2025-12-23 20:27:04 - trades.XPDUSDm - DEBUG - [SKIP] Cannot open trade: Circuit breaker: Rolling PnL of last 50 trades <= -$10 (current: $-11.59) (resumes in 433s)
2025-12-23 20:35:55 - trades.XPDUSDm - DEBUG - [SKIP] Cannot open trade: Circuit breaker: Rolling PnL of last 50 trades <= -$10 (current: $-11.59) (resumes in 3505s)
2025-12-23 20:40:37 - trades.XPDUSDm - DEBUG - [SKIP] Cannot open trade: Circuit breaker: Rolling PnL of last 50 trades <= -$10 (current: $-11.59) (resumes in 3223s)
2025-12-23 20:45:09 - trades.XPDUSDm - DEBUG - [SKIP] Cannot open trade: Circuit breaker: Rolling PnL of last 50 trades <= -$10 (current: $-11.59) (resumes in 2951s)
2025-12-23 20:52:24 - trades.XPDUSDm - DEBUG - [SKIP] Cannot open trade: Circuit breaker: Rolling PnL of last 50 trades <= -$10 (current: $-11.59) (resumes in 2516s)
2025-12-23 20:56:12 - trades.XPDUSDm - DEBUG - [SKIP] Cannot open trade: Circuit breaker: Rolling PnL of last 50 trades <= -$10 (current: $-11.59) (resumes in 2288s)
2025-12-23 20:59:57 - trades.XPDUSDm - DEBUG - [SKIP] Cannot open trade: Circuit breaker: Rolling PnL of last 50 trades <= -$10 (current: $-11.59) (resumes in 2064s)
2025-12-23 21:03:18 - trades.XPDUSDm - DEBUG - [SKIP] Cannot open trade: Circuit breaker: Rolling PnL of last 50 trades <= -$10 (current: $-11.59) (resumes in 1862s)
2025-12-23 21:06:23 - trades.XPDUSDm - DEBUG - [SKIP] Cannot open trade: Circuit breaker: Rolling PnL of last 50 trades <= -$10 (current: $-11.59) (resumes in 1677s)
2025-12-23 21:09:29 - trades.XPDUSDm - DEBUG - [SKIP] Cannot open trade: Circuit breaker: Rolling PnL of last 50 trades <= -$10 (current: $-11.59) (resumes in 1491s)
2025-12-23 21:12:37 - trades.XPDUSDm - DEBUG - [SKIP] Cannot open trade: Circuit breaker: Rolling PnL of last 50 trades <= -$10 (current: $-11.59) (resumes in 1303s)
2025-12-23 21:15:42 - trades.XPDUSDm - DEBUG - [SKIP] Cannot open trade: Circuit breaker: Rolling PnL of last 50 trades <= -$10 (current: $-11.59) (resumes in 1118s)
2025-12-23 21:18:35 - trades.XPDUSDm - DEBUG - [SKIP] Cannot open trade: Circuit breaker: Rolling PnL of last 50 trades <= -$10 (current: $-11.59) (resumes in 945s)
2025-12-23 21:24:11 - trades.XPDUSDm - DEBUG - [SKIP] Cannot open trade: Circuit breaker: Rolling PnL of last 50 trades <= -$10 (current: $-11.59) (resumes in 609s)
2025-12-23 21:26:58 - trades.XPDUSDm - DEBUG - [SKIP] Cannot open trade: Circuit breaker: Rolling PnL of last 50 trades <= -$10 (current: $-11.59) (resumes in 443s)
2025-12-23 21:32:30 - trades.XPDUSDm - DEBUG - [SKIP] Cannot open trade: Circuit breaker: Rolling PnL of last 50 trades <= -$10 (current: $-11.59) (resumes in 110s)
2025-12-23 21:48:58 - trades.XPDUSDm - DEBUG - [SKIP] Cannot open trade: Circuit breaker: Rolling PnL of last 50 trades <= -$10 (current: $-11.59) (resumes in 2751s)
2025-12-23 21:57:10 - trades.XPDUSDm - DEBUG - [SKIP] Cannot open trade: Circuit breaker: Rolling PnL of last 50 trades <= -$10 (current: $-11.59) (resumes in 2258s)
2025-12-23 23:06:36 - trades.XPDUSDm - DEBUG - [SKIP] Cannot open trade: Circuit breaker: Rolling PnL of last 50 trades <= -$10 (current: $-11.59) (resumes in 1779s)
2025-12-24 00:09:04 - trades.XPDUSDm - DEBUG - [SKIP] Cannot open trade: Circuit breaker: Rolling PnL of last 50 trades <= -$10 (current: $-11.59) (resumes in 1723s)
2025-12-24 00:13:29 - trades.XPDUSDm - DEBUG - [SKIP] Cannot open trade: Circuit breaker: Rolling PnL of last 50 trades <= -$10 (current: $-11.59) (resumes in 1459s)
2025-12-24 00:15:39 - trades.XPDUSDm - DEBUG - [SKIP] Cannot open trade: Circuit breaker: Rolling PnL of last 50 trades <= -$10 (current: $-11.59) (resumes in 1329s)
2025-12-24 00:17:54 - trades.XPDUSDm - DEBUG - [SKIP] Cannot open trade: Circuit breaker: Rolling PnL of last 50 trades <= -$10 (current: $-11.59) (resumes in 1194s)
2025-12-24 00:20:12 - trades.XPDUSDm - DEBUG - [SKIP] Cannot open trade: Circuit breaker: Rolling PnL of last 50 trades <= -$10 (current: $-11.59) (resumes in 1056s)
2025-12-24 00:22:27 - trades.XPDUSDm - DEBUG - [SKIP] Cannot open trade: Circuit breaker: Rolling PnL of last 50 trades <= -$10 (current: $-11.59) (resumes in 920s)
2025-12-24 00:24:37 - trades.XPDUSDm - DEBUG - [SKIP] Cannot open trade: Circuit breaker: Rolling PnL of last 50 trades <= -$10 (current: $-11.59) (resumes in 790s)
2025-12-24 00:26:51 - trades.XPDUSDm - DEBUG - [SKIP] Cannot open trade: Circuit breaker: Rolling PnL of last 50 trades <= -$10 (current: $-11.59) (resumes in 657s)
2025-12-24 00:28:59 - trades.XPDUSDm - DEBUG - [SKIP] Cannot open trade: Circuit breaker: Rolling PnL of last 50 trades <= -$10 (current: $-11.59) (resumes in 528s)
2025-12-24 00:31:08 - trades.XPDUSDm - DEBUG - [SKIP] Cannot open trade: Circuit breaker: Rolling PnL of last 50 trades <= -$10 (current: $-11.59) (resumes in 399s)
2025-12-24 00:33:15 - trades.XPDUSDm - DEBUG - [SKIP] Cannot open trade: Circuit breaker: Rolling PnL of last 50 trades <= -$10 (current: $-11.59) (resumes in 272s)
2025-12-24 00:37:29 - trades.XPDUSDm - DEBUG - [SKIP] Cannot open trade: Circuit breaker: Rolling PnL of last 50 trades <= -$10 (current: $-11.59) (resumes in 18s)
2025-12-24 00:39:34 - trades.XPDUSDm - DEBUG - [SKIP] Cannot open trade: Circuit breaker: Rolling PnL of last 50 trades <= -$10 (current: $-11.59) (resumes in 3583s)
2025-12-24 00:41:39 - trades.XPDUSDm - DEBUG - [SKIP] Cannot open trade: Circuit breaker: Rolling PnL of last 50 trades <= -$10 (current: $-11.59) (resumes in 3459s)
2025-12-24 00:43:42 - trades.XPDUSDm - DEBUG - [SKIP] Cannot open trade: Circuit breaker: Rolling PnL of last 50 trades <= -$10 (current: $-11.59) (resumes in 3336s)
2025-12-24 00:45:47 - trades.XPDUSDm - DEBUG - [SKIP] Cannot open trade: Circuit breaker: Rolling PnL of last 50 trades <= -$10 (current: $-11.59) (resumes in 3211s)
2025-12-24 00:47:54 - trades.XPDUSDm - DEBUG - [SKIP] Cannot open trade: Circuit breaker: Rolling PnL of last 50 trades <= -$10 (current: $-11.59) (resumes in 3084s)
2025-12-24 00:49:59 - trades.XPDUSDm - DEBUG - [SKIP] Cannot open trade: Circuit breaker: Rolling PnL of last 50 trades <= -$10 (current: $-11.59) (resumes in 2958s)
2025-12-24 00:52:11 - trades.XPDUSDm - DEBUG - [SKIP] Cannot open trade: Circuit breaker: Rolling PnL of last 50 trades <= -$10 (current: $-11.59) (resumes in 2826s)
2025-12-24 00:54:21 - trades.XPDUSDm - DEBUG - [SKIP] Cannot open trade: Circuit breaker: Rolling PnL of last 50 trades <= -$10 (current: $-11.59) (resumes in 2696s)
2025-12-24 00:56:32 - trades.XPDUSDm - DEBUG - [SKIP] Cannot open trade: Circuit breaker: Rolling PnL of last 50 trades <= -$10 (current: $-11.59) (resumes in 2566s)
2025-12-24 00:58:38 - trades.XPDUSDm - DEBUG - [SKIP] Cannot open trade: Circuit breaker: Rolling PnL of last 50 trades <= -$10 (current: $-11.59) (resumes in 2439s)
2025-12-24 01:03:01 - trades.XPDUSDm - DEBUG - [SKIP] Cannot open trade: Circuit breaker: Rolling PnL of last 50 trades <= -$10 (current: $-11.59) (resumes in 2176s)
2025-12-24 01:05:14 - trades.XPDUSDm - DEBUG - [SKIP] Cannot open trade: Circuit breaker: Rolling PnL of last 50 trades <= -$10 (current: $-11.59) (resumes in 2044s)
2025-12-24 01:07:24 - trades.XPDUSDm - DEBUG - [SKIP] Cannot open trade: Circuit breaker: Rolling PnL of last 50 trades <= -$10 (current: $-11.59) (resumes in 1913s)
2025-12-24 01:09:34 - trades.XPDUSDm - DEBUG - [SKIP] Cannot open trade: Circuit breaker: Rolling PnL of last 50 trades <= -$10 (current: $-11.59) (resumes in 1783s)
2025-12-24 01:11:49 - trades.XPDUSDm - DEBUG - [SKIP] Cannot open trade: Circuit breaker: Rolling PnL of last 50 trades <= -$10 (current: $-11.59) (resumes in 1649s)
2025-12-24 01:14:06 - trades.XPDUSDm - DEBUG - [SKIP] Cannot open trade: Circuit breaker: Rolling PnL of last 50 trades <= -$10 (current: $-11.59) (resumes in 1511s)
2025-12-24 01:16:22 - trades.XPDUSDm - DEBUG - [SKIP] Cannot open trade: Circuit breaker: Rolling PnL of last 50 trades <= -$10 (current: $-11.59) (resumes in 1376s)
2025-12-24 01:18:39 - trades.XPDUSDm - DEBUG - [SKIP] Cannot open trade: Circuit breaker: Rolling PnL of last 50 trades <= -$10 (current: $-11.59) (resumes in 1239s)
2025-12-24 01:20:55 - trades.XPDUSDm - DEBUG - [SKIP] Cannot open trade: Circuit breaker: Rolling PnL of last 50 trades <= -$10 (current: $-11.59) (resumes in 1102s)
2025-12-24 01:23:11 - trades.XPDUSDm - DEBUG - [SKIP] Cannot open trade: Circuit breaker: Rolling PnL of last 50 trades <= -$10 (current: $-11.59) (resumes in 966s)
2025-12-24 01:25:24 - trades.XPDUSDm - DEBUG - [SKIP] Cannot open trade: Circuit breaker: Rolling PnL of last 50 trades <= -$10 (current: $-11.59) (resumes in 834s)
2025-12-24 01:27:35 - trades.XPDUSDm - DEBUG - [SKIP] Cannot open trade: Circuit breaker: Rolling PnL of last 50 trades <= -$10 (current: $-11.59) (resumes in 702s)
2025-12-24 01:29:38 - trades.XPDUSDm - DEBUG - [SKIP] Cannot open trade: Circuit breaker: Rolling PnL of last 50 trades <= -$10 (current: $-11.59) (resumes in 580s)
2025-12-24 01:31:41 - trades.XPDUSDm - DEBUG - [SKIP] Cannot open trade: Circuit breaker: Rolling PnL of last 50 trades <= -$10 (current: $-11.59) (resumes in 457s)
2025-12-24 01:33:45 - trades.XPDUSDm - DEBUG - [SKIP] Cannot open trade: Circuit breaker: Rolling PnL of last 50 trades <= -$10 (current: $-11.59) (resumes in 332s)
2025-12-24 01:52:51 - trades.XPDUSDm - DEBUG - [SKIP] Cannot open trade: Circuit breaker: Rolling PnL of last 50 trades <= -$10 (current: $-11.59) (resumes in 2814s)
2025-12-24 01:55:05 - trades.XPDUSDm - DEBUG - [SKIP] Cannot open trade: Circuit breaker: Rolling PnL of last 50 trades <= -$10 (current: $-11.59) (resumes in 2680s)
2025-12-24 02:01:35 - trades.XPDUSDm - DEBUG - [SKIP] Cannot open trade: Circuit breaker: Rolling PnL of last 50 trades <= -$10 (current: $-11.59) (resumes in 2291s)
2025-12-24 02:03:48 - trades.XPDUSDm - DEBUG - [SKIP] Cannot open trade: Circuit breaker: Rolling PnL of last 50 trades <= -$10 (current: $-11.59) (resumes in 2158s)
2025-12-24 02:06:07 - trades.XPDUSDm - DEBUG - [SKIP] Cannot open trade: Circuit breaker: Rolling PnL of last 50 trades <= -$10 (current: $-11.59) (resumes in 2018s)
2025-12-24 02:13:39 - trades.XPDUSDm - DEBUG - [SKIP] Cannot open trade: Circuit breaker: Rolling PnL of last 50 trades <= -$10 (current: $-11.59) (resumes in 1567s)
2025-12-24 02:16:05 - trades.XPDUSDm - DEBUG - [SKIP] Cannot open trade: Circuit breaker: Rolling PnL of last 50 trades <= -$10 (current: $-11.59) (resumes in 1421s)
2025-12-24 02:18:24 - trades.XPDUSDm - DEBUG - [SKIP] Cannot open trade: Circuit breaker: Rolling PnL of last 50 trades <= -$10 (current: $-11.59) (resumes in 1281s)
2025-12-24 02:27:31 - trades.XPDUSDm - DEBUG - [SKIP] Cannot open trade: Circuit breaker: Rolling PnL of last 50 trades <= -$10 (current: $-11.59) (resumes in 735s)
2025-12-24 02:32:22 - trades.XPDUSDm - DEBUG - [SKIP] Cannot open trade: Circuit breaker: Rolling PnL of last 50 trades <= -$10 (current: $-11.59) (resumes in 444s)
2025-12-24 02:34:58 - trades.XPDUSDm - DEBUG - [SKIP] Cannot open trade: Circuit breaker: Rolling PnL of last 50 trades <= -$10 (current: $-11.59) (resumes in 287s)
2025-12-24 02:37:37 - trades.XPDUSDm - DEBUG - [SKIP] Cannot open trade: Circuit breaker: Rolling PnL of last 50 trades <= -$10 (current: $-11.59) (resumes in 128s)
2025-12-24 02:40:17 - trades.XPDUSDm - DEBUG - [SKIP] Cannot open trade: Circuit breaker: Rolling PnL of last 50 trades <= -$10 (current: $-11.59) (resumes in 3571s)
2025-12-24 02:44:54 - trades.XPDUSDm - DEBUG - [SKIP] Cannot open trade: Circuit breaker: Rolling PnL of last 50 trades <= -$10 (current: $-11.59) (resumes in 3295s)
2025-12-24 02:56:10 - trades.XPDUSDm - DEBUG - [SKIP] Cannot open trade: Circuit breaker: Rolling PnL of last 50 trades <= -$10 (current: $-11.59) (resumes in 2619s)
2025-12-24 02:58:26 - trades.XPDUSDm - DEBUG - [SKIP] Cannot open trade: Circuit breaker: Rolling PnL of last 50 trades <= -$10 (current: $-11.59) (resumes in 2482s)
2025-12-24 03:00:43 - trades.XPDUSDm - DEBUG - [SKIP] Cannot open trade: Circuit breaker: Rolling PnL of last 50 trades <= -$10 (current: $-11.59) (resumes in 2345s)
2025-12-24 03:03:01 - trades.XPDUSDm - DEBUG - [SKIP] Cannot open trade: Circuit breaker: Rolling PnL of last 50 trades <= -$10 (current: $-11.59) (resumes in 2207s)
2025-12-24 03:05:19 - trades.XPDUSDm - DEBUG - [SKIP] Cannot open trade: Circuit breaker: Rolling PnL of last 50 trades <= -$10 (current: $-11.59) (resumes in 2069s)
2025-12-24 03:07:36 - trades.XPDUSDm - DEBUG - [SKIP] Cannot open trade: Circuit breaker: Rolling PnL of last 50 trades <= -$10 (current: $-11.59) (resumes in 1932s)
2025-12-24 03:09:48 - trades.XPDUSDm - DEBUG - [SKIP] Cannot open trade: Circuit breaker: Rolling PnL of last 50 trades <= -$10 (current: $-11.59) (resumes in 1800s)
2025-12-24 03:12:03 - trades.XPDUSDm - DEBUG - [SKIP] Cannot open trade: Circuit breaker: Rolling PnL of last 50 trades <= -$10 (current: $-11.59) (resumes in 1665s)
2025-12-24 03:14:14 - trades.XPDUSDm - DEBUG - [SKIP] Cannot open trade: Circuit breaker: Rolling PnL of last 50 trades <= -$10 (current: $-11.59) (resumes in 1535s)
2025-12-24 03:16:26 - trades.XPDUSDm - DEBUG - [SKIP] Cannot open trade: Circuit breaker: Rolling PnL of last 50 trades <= -$10 (current: $-11.59) (resumes in 1402s)
2025-12-24 03:18:37 - trades.XPDUSDm - DEBUG - [SKIP] Cannot open trade: Circuit breaker: Rolling PnL of last 50 trades <= -$10 (current: $-11.59) (resumes in 1271s)
2025-12-24 03:20:50 - trades.XPDUSDm - DEBUG - [SKIP] Cannot open trade: Circuit breaker: Rolling PnL of last 50 trades <= -$10 (current: $-11.59) (resumes in 1138s)
2025-12-24 03:22:58 - trades.XPDUSDm - DEBUG - [SKIP] Cannot open trade: Circuit breaker: Rolling PnL of last 50 trades <= -$10 (current: $-11.59) (resumes in 1010s)
2025-12-24 03:25:06 - trades.XPDUSDm - DEBUG - [SKIP] Cannot open trade: Circuit breaker: Rolling PnL of last 50 trades <= -$10 (current: $-11.59) (resumes in 882s)
2025-12-24 03:27:14 - trades.XPDUSDm - DEBUG - [SKIP] Cannot open trade: Circuit breaker: Rolling PnL of last 50 trades <= -$10 (current: $-11.59) (resumes in 754s)
2025-12-24 03:29:27 - trades.XPDUSDm - DEBUG - [SKIP] Cannot open trade: Circuit breaker: Rolling PnL of last 50 trades <= -$10 (current: $-11.59) (resumes in 621s)
2025-12-24 03:31:34 - trades.XPDUSDm - DEBUG - [SKIP] Cannot open trade: Circuit breaker: Rolling PnL of last 50 trades <= -$10 (current: $-11.59) (resumes in 494s)
2025-12-24 03:40:13 - trades.XPDUSDm - DEBUG - [SKIP] Cannot open trade: Circuit breaker: Rolling PnL of last 50 trades <= -$10 (current: $-11.59) (resumes in 3577s)
2025-12-24 03:42:19 - trades.XPDUSDm - DEBUG - [SKIP] Cannot open trade: Circuit breaker: Rolling PnL of last 50 trades <= -$10 (current: $-11.59) (resumes in 3452s)
2025-12-24 03:44:25 - trades.XPDUSDm - DEBUG - [SKIP] Cannot open trade: Circuit breaker: Rolling PnL of last 50 trades <= -$10 (current: $-11.59) (resumes in 3326s)
2025-12-24 03:46:32 - trades.XPDUSDm - DEBUG - [SKIP] Cannot open trade: Circuit breaker: Rolling PnL of last 50 trades <= -$10 (current: $-11.59) (resumes in 3199s)
2025-12-24 03:48:41 - trades.XPDUSDm - DEBUG - [SKIP] Cannot open trade: Circuit breaker: Rolling PnL of last 50 trades <= -$10 (current: $-11.59) (resumes in 3070s)
2025-12-24 03:50:52 - trades.XPDUSDm - DEBUG - [SKIP] Cannot open trade: Circuit breaker: Rolling PnL of last 50 trades <= -$10 (current: $-11.59) (resumes in 2939s)
2025-12-24 03:52:57 - trades.XPDUSDm - DEBUG - [SKIP] Cannot open trade: Circuit breaker: Rolling PnL of last 50 trades <= -$10 (current: $-11.59) (resumes in 2814s)
2025-12-24 03:55:04 - trades.XPDUSDm - DEBUG - [SKIP] Cannot open trade: Circuit breaker: Rolling PnL of last 50 trades <= -$10 (current: $-11.59) (resumes in 2687s)
2025-12-24 03:57:10 - trades.XPDUSDm - DEBUG - [SKIP] Cannot open trade: Circuit breaker: Rolling PnL of last 50 trades <= -$10 (current: $-11.59) (resumes in 2561s)
2025-12-24 03:59:16 - trades.XPDUSDm - DEBUG - [SKIP] Cannot open trade: Circuit breaker: Rolling PnL of last 50 trades <= -$10 (current: $-11.59) (resumes in 2435s)
2025-12-24 04:01:21 - trades.XPDUSDm - DEBUG - [SKIP] Cannot open trade: Circuit breaker: Rolling PnL of last 50 trades <= -$10 (current: $-11.59) (resumes in 2310s)
2025-12-24 04:03:29 - trades.XPDUSDm - DEBUG - [SKIP] Cannot open trade: Circuit breaker: Rolling PnL of last 50 trades <= -$10 (current: $-11.59) (resumes in 2182s)
2025-12-24 04:05:36 - trades.XPDUSDm - DEBUG - [SKIP] Cannot open trade: Circuit breaker: Rolling PnL of last 50 trades <= -$10 (current: $-11.59) (resumes in 2055s)
2025-12-24 04:07:44 - trades.XPDUSDm - DEBUG - [SKIP] Cannot open trade: Circuit breaker: Rolling PnL of last 50 trades <= -$10 (current: $-11.59) (resumes in 1926s)
2025-12-24 04:12:07 - trades.XPDUSDm - DEBUG - [SKIP] Cannot open trade: Circuit breaker: Rolling PnL of last 50 trades <= -$10 (current: $-11.59) (resumes in 1664s)
2025-12-24 04:14:17 - trades.XPDUSDm - DEBUG - [SKIP] Cannot open trade: Circuit breaker: Rolling PnL of last 50 trades <= -$10 (current: $-11.59) (resumes in 1534s)
2025-12-24 04:16:30 - trades.XPDUSDm - DEBUG - [SKIP] Cannot open trade: Circuit breaker: Rolling PnL of last 50 trades <= -$10 (current: $-11.59) (resumes in 1401s)
2025-12-24 04:20:57 - trades.XPDUSDm - DEBUG - [SKIP] Cannot open trade: Circuit breaker: Rolling PnL of last 50 trades <= -$10 (current: $-11.59) (resumes in 1134s)
2025-12-24 04:25:21 - trades.XPDUSDm - DEBUG - [SKIP] Cannot open trade: Circuit breaker: Rolling PnL of last 50 trades <= -$10 (current: $-11.59) (resumes in 870s)
2025-12-24 04:27:33 - trades.XPDUSDm - DEBUG - [SKIP] Cannot open trade: Circuit breaker: Rolling PnL of last 50 trades <= -$10 (current: $-11.59) (resumes in 738s)
2025-12-24 04:29:39 - trades.XPDUSDm - DEBUG - [SKIP] Cannot open trade: Circuit breaker: Rolling PnL of last 50 trades <= -$10 (current: $-11.59) (resumes in 612s)
2025-12-24 04:31:47 - trades.XPDUSDm - DEBUG - [SKIP] Cannot open trade: Circuit breaker: Rolling PnL of last 50 trades <= -$10 (current: $-11.59) (resumes in 484s)
2025-12-24 04:33:52 - trades.XPDUSDm - DEBUG - [SKIP] Cannot open trade: Circuit breaker: Rolling PnL of last 50 trades <= -$10 (current: $-11.59) (resumes in 359s)
2025-12-24 04:36:01 - trades.XPDUSDm - DEBUG - [SKIP] Cannot open trade: Circuit breaker: Rolling PnL of last 50 trades <= -$10 (current: $-11.59) (resumes in 230s)
2025-12-24 04:38:16 - trades.XPDUSDm - DEBUG - [SKIP] Cannot open trade: Circuit breaker: Rolling PnL of last 50 trades <= -$10 (current: $-11.59) (resumes in 95s)
2025-12-24 04:40:26 - trades.XPDUSDm - DEBUG - [SKIP] Cannot open trade: Circuit breaker: Rolling PnL of last 50 trades <= -$10 (current: $-11.59) (resumes in 3582s)
2025-12-24 04:42:35 - trades.XPDUSDm - DEBUG - [SKIP] Cannot open trade: Circuit breaker: Rolling PnL of last 50 trades <= -$10 (current: $-11.59) (resumes in 3453s)
2025-12-24 04:44:42 - trades.XPDUSDm - DEBUG - [SKIP] Cannot open trade: Circuit breaker: Rolling PnL of last 50 trades <= -$10 (current: $-11.59) (resumes in 3326s)
2025-12-24 04:46:49 - trades.XPDUSDm - DEBUG - [SKIP] Cannot open trade: Circuit breaker: Rolling PnL of last 50 trades <= -$10 (current: $-11.59) (resumes in 3200s)
2025-12-24 04:48:56 - trades.XPDUSDm - DEBUG - [SKIP] Cannot open trade: Circuit breaker: Rolling PnL of last 50 trades <= -$10 (current: $-11.59) (resumes in 3072s)
2025-12-24 05:06:14 - trades.XPDUSDm - DEBUG - [SKIP] Cannot open trade: Circuit breaker: Rolling PnL of last 50 trades <= -$10 (current: $-11.59) (resumes in 2034s)
2025-12-24 05:08:22 - trades.XPDUSDm - DEBUG - [SKIP] Cannot open trade: Circuit breaker: Rolling PnL of last 50 trades <= -$10 (current: $-11.59) (resumes in 1906s)
2025-12-24 05:10:24 - trades.XPDUSDm - DEBUG - [SKIP] Cannot open trade: Circuit breaker: Rolling PnL of last 50 trades <= -$10 (current: $-11.59) (resumes in 1784s)
2025-12-24 05:16:27 - trades.XPDUSDm - DEBUG - [SKIP] Cannot open trade: Circuit breaker: Rolling PnL of last 50 trades <= -$10 (current: $-11.59) (resumes in 1421s)
2025-12-24 05:18:30 - trades.XPDUSDm - DEBUG - [SKIP] Cannot open trade: Circuit breaker: Rolling PnL of last 50 trades <= -$10 (current: $-11.59) (resumes in 1298s)
2025-12-24 05:20:30 - trades.XPDUSDm - DEBUG - [SKIP] Cannot open trade: Circuit breaker: Rolling PnL of last 50 trades <= -$10 (current: $-11.59) (resumes in 1178s)
2025-12-24 05:22:36 - trades.XPDUSDm - DEBUG - [SKIP] Cannot open trade: Circuit breaker: Rolling PnL of last 50 trades <= -$10 (current: $-11.59) (resumes in 1052s)
2025-12-24 05:24:39 - trades.XPDUSDm - DEBUG - [SKIP] Cannot open trade: Circuit breaker: Rolling PnL of last 50 trades <= -$10 (current: $-11.59) (resumes in 929s)
2025-12-24 05:26:41 - trades.XPDUSDm - DEBUG - [SKIP] Cannot open trade: Circuit breaker: Rolling PnL of last 50 trades <= -$10 (current: $-11.59) (resumes in 807s)
2025-12-24 05:28:41 - trades.XPDUSDm - DEBUG - [SKIP] Cannot open trade: Circuit breaker: Rolling PnL of last 50 trades <= -$10 (current: $-11.59) (resumes in 687s)
2025-12-24 05:30:45 - trades.XPDUSDm - DEBUG - [SKIP] Cannot open trade: Circuit breaker: Rolling PnL of last 50 trades <= -$10 (current: $-11.59) (resumes in 564s)
2025-12-24 05:32:48 - trades.XPDUSDm - DEBUG - [SKIP] Cannot open trade: Circuit breaker: Rolling PnL of last 50 trades <= -$10 (current: $-11.59) (resumes in 440s)
2025-12-24 05:34:53 - trades.XPDUSDm - DEBUG - [SKIP] Cannot open trade: Circuit breaker: Rolling PnL of last 50 trades <= -$10 (current: $-11.59) (resumes in 315s)
2025-12-24 05:36:57 - trades.XPDUSDm - DEBUG - [SKIP] Cannot open trade: Circuit breaker: Rolling PnL of last 50 trades <= -$10 (current: $-11.59) (resumes in 191s)
2025-12-24 05:39:02 - trades.XPDUSDm - DEBUG - [SKIP] Cannot open trade: Circuit breaker: Rolling PnL of last 50 trades <= -$10 (current: $-11.59) (resumes in 66s)
2025-12-24 05:55:32 - trades.XPDUSDm - DEBUG - [SKIP] Cannot open trade: Circuit breaker: Rolling PnL of last 50 trades <= -$10 (current: $-11.59) (resumes in 2715s)
2025-12-24 06:01:36 - trades.XPDUSDm - DEBUG - [SKIP] Cannot open trade: Circuit breaker: Rolling PnL of last 50 trades <= -$10 (current: $-11.59) (resumes in 2351s)
2025-12-24 06:07:41 - trades.XPDUSDm - DEBUG - [SKIP] Cannot open trade: Circuit breaker: Rolling PnL of last 50 trades <= -$10 (current: $-11.59) (resumes in 1986s)
2025-12-24 06:22:46 - trades.XPDUSDm - DEBUG - [SKIP] Cannot open trade: Circuit breaker: Rolling PnL of last 50 trades <= -$10 (current: $-11.59) (resumes in 1081s)
2025-12-24 06:25:41 - trades.XPDUSDm - DEBUG - [SKIP] Cannot open trade: Circuit breaker: Rolling PnL of last 50 trades <= -$10 (current: $-11.59) (resumes in 907s)
2025-12-24 06:28:32 - trades.XPDUSDm - DEBUG - [SKIP] Cannot open trade: Circuit breaker: Rolling PnL of last 50 trades <= -$10 (current: $-11.59) (resumes in 735s)
2025-12-24 06:31:30 - trades.XPDUSDm - DEBUG - [SKIP] Cannot open trade: Circuit breaker: Rolling PnL of last 50 trades <= -$10 (current: $-11.59) (resumes in 557s)
2025-12-24 06:34:35 - trades.XPDUSDm - DEBUG - [SKIP] Cannot open trade: Circuit breaker: Rolling PnL of last 50 trades <= -$10 (current: $-11.59) (resumes in 372s)
2025-12-24 06:37:30 - trades.XPDUSDm - DEBUG - [SKIP] Cannot open trade: Circuit breaker: Rolling PnL of last 50 trades <= -$10 (current: $-11.59) (resumes in 197s)
2025-12-24 06:40:26 - trades.XPDUSDm - DEBUG - [SKIP] Cannot open trade: Circuit breaker: Rolling PnL of last 50 trades <= -$10 (current: $-11.59) (resumes in 21s)
2025-12-24 06:43:30 - trades.XPDUSDm - DEBUG - [SKIP] Cannot open trade: Circuit breaker: Rolling PnL of last 50 trades <= -$10 (current: $-11.59) (resumes in 3443s)
2025-12-24 06:46:35 - trades.XPDUSDm - DEBUG - [SKIP] Cannot open trade: Circuit breaker: Rolling PnL of last 50 trades <= -$10 (current: $-11.59) (resumes in 3258s)
2025-12-24 06:55:22 - trades.XPDUSDm - DEBUG - [SKIP] Cannot open trade: Circuit breaker: Rolling PnL of last 50 trades <= -$10 (current: $-11.59) (resumes in 2731s)
2025-12-24 06:58:15 - trades.XPDUSDm - DEBUG - [SKIP] Cannot open trade: Circuit breaker: Rolling PnL of last 50 trades <= -$10 (current: $-11.59) (resumes in 2558s)
2025-12-24 07:01:17 - trades.XPDUSDm - DEBUG - [SKIP] Cannot open trade: Circuit breaker: Rolling PnL of last 50 trades <= -$10 (current: $-11.59) (resumes in 2376s)
2025-12-24 07:04:25 - trades.XPDUSDm - DEBUG - [SKIP] Cannot open trade: Circuit breaker: Rolling PnL of last 50 trades <= -$10 (current: $-11.59) (resumes in 2188s)
2025-12-24 07:07:27 - trades.XPDUSDm - DEBUG - [SKIP] Cannot open trade: Circuit breaker: Rolling PnL of last 50 trades <= -$10 (current: $-11.59) (resumes in 2006s)
2025-12-24 07:10:30 - trades.XPDUSDm - DEBUG - [SKIP] Cannot open trade: Circuit breaker: Rolling PnL of last 50 trades <= -$10 (current: $-11.59) (resumes in 1823s)
2025-12-24 07:13:26 - trades.XPDUSDm - DEBUG - [SKIP] Cannot open trade: Circuit breaker: Rolling PnL of last 50 trades <= -$10 (current: $-11.59) (resumes in 1647s)
2025-12-24 07:16:31 - trades.XPDUSDm - DEBUG - [SKIP] Cannot open trade: Circuit breaker: Rolling PnL of last 50 trades <= -$10 (current: $-11.59) (resumes in 1462s)
2025-12-24 07:19:38 - trades.XPDUSDm - DEBUG - [SKIP] Cannot open trade: Circuit breaker: Rolling PnL of last 50 trades <= -$10 (current: $-11.59) (resumes in 1275s)
2025-12-24 07:22:46 - trades.XPDUSDm - DEBUG - [SKIP] Cannot open trade: Circuit breaker: Rolling PnL of last 50 trades <= -$10 (current: $-11.59) (resumes in 1087s)
2025-12-24 07:25:51 - trades.XPDUSDm - DEBUG - [SKIP] Cannot open trade: Circuit breaker: Rolling PnL of last 50 trades <= -$10 (current: $-11.59) (resumes in 902s)
2025-12-24 07:28:52 - trades.XPDUSDm - DEBUG - [SKIP] Cannot open trade: Circuit breaker: Rolling PnL of last 50 trades <= -$10 (current: $-11.59) (resumes in 722s)
2025-12-24 07:31:47 - trades.XPDUSDm - DEBUG - [SKIP] Cannot open trade: Circuit breaker: Rolling PnL of last 50 trades <= -$10 (current: $-11.59) (resumes in 546s)
2025-12-24 07:34:46 - trades.XPDUSDm - DEBUG - [SKIP] Cannot open trade: Circuit breaker: Rolling PnL of last 50 trades <= -$10 (current: $-11.59) (resumes in 367s)
2025-12-24 07:37:39 - trades.XPDUSDm - DEBUG - [SKIP] Cannot open trade: Circuit breaker: Rolling PnL of last 50 trades <= -$10 (current: $-11.59) (resumes in 194s)
2025-12-24 07:40:36 - trades.XPDUSDm - DEBUG - [SKIP] Cannot open trade: Circuit breaker: Rolling PnL of last 50 trades <= -$10 (current: $-11.59) (resumes in 17s)
2025-12-24 07:43:38 - trades.XPDUSDm - DEBUG - [SKIP] Cannot open trade: Circuit breaker: Rolling PnL of last 50 trades <= -$10 (current: $-11.59) (resumes in 3442s)
2025-12-24 07:46:38 - trades.XPDUSDm - DEBUG - [SKIP] Cannot open trade: Circuit breaker: Rolling PnL of last 50 trades <= -$10 (current: $-11.59) (resumes in 3263s)
2025-12-24 07:52:42 - trades.XPDUSDm - DEBUG - [SKIP] Cannot open trade: Circuit breaker: Rolling PnL of last 50 trades <= -$10 (current: $-11.59) (resumes in 2899s)
2025-12-24 07:55:40 - trades.XPDUSDm - DEBUG - [SKIP] Cannot open trade: Circuit breaker: Rolling PnL of last 50 trades <= -$10 (current: $-11.59) (resumes in 2721s)
2025-12-24 07:58:47 - trades.XPDUSDm - DEBUG - [SKIP] Cannot open trade: Circuit breaker: Rolling PnL of last 50 trades <= -$10 (current: $-11.59) (resumes in 2533s)
2025-12-24 08:07:53 - trades.XPDUSDm - DEBUG - [SKIP] Cannot open trade: Circuit breaker: Rolling PnL of last 50 trades <= -$10 (current: $-11.59) (resumes in 1988s)
2025-12-24 08:10:59 - trades.XPDUSDm - DEBUG - [SKIP] Cannot open trade: Circuit breaker: Rolling PnL of last 50 trades <= -$10 (current: $-11.59) (resumes in 1802s)
2025-12-24 08:14:01 - trades.XPDUSDm - DEBUG - [SKIP] Cannot open trade: Circuit breaker: Rolling PnL of last 50 trades <= -$10 (current: $-11.59) (resumes in 1620s)
2025-12-24 08:17:08 - trades.XPDUSDm - DEBUG - [SKIP] Cannot open trade: Circuit breaker: Rolling PnL of last 50 trades <= -$10 (current: $-11.59) (resumes in 1432s)
2025-12-24 08:20:14 - trades.XPDUSDm - DEBUG - [SKIP] Cannot open trade: Circuit breaker: Rolling PnL of last 50 trades <= -$10 (current: $-11.59) (resumes in 1247s)
2025-12-24 08:23:23 - trades.XPDUSDm - DEBUG - [SKIP] Cannot open trade: Circuit breaker: Rolling PnL of last 50 trades <= -$10 (current: $-11.59) (resumes in 1058s)
2025-12-24 08:26:34 - trades.XPDUSDm - DEBUG - [SKIP] Cannot open trade: Circuit breaker: Rolling PnL of last 50 trades <= -$10 (current: $-11.59) (resumes in 867s)
2025-12-24 08:30:05 - trades.XPDUSDm - DEBUG - [SKIP] Cannot open trade: Circuit breaker: Rolling PnL of last 50 trades <= -$10 (current: $-11.59) (resumes in 656s)
2025-12-24 08:42:57 - trades.XPDUSDm - DEBUG - [SKIP] Cannot open trade: Circuit breaker: Rolling PnL of last 50 trades <= -$10 (current: $-11.59) (resumes in 3541s)
2025-12-24 08:52:46 - trades.XPDUSDm - DEBUG - [SKIP] Cannot open trade: Circuit breaker: Rolling PnL of last 50 trades <= -$10 (current: $-11.59) (resumes in 2952s)
2025-12-24 08:55:59 - trades.XPDUSDm - DEBUG - [SKIP] Cannot open trade: Circuit breaker: Rolling PnL of last 50 trades <= -$10 (current: $-11.59) (resumes in 2759s)
2025-12-24 08:59:05 - trades.XPDUSDm - DEBUG - [SKIP] Cannot open trade: Circuit breaker: Rolling PnL of last 50 trades <= -$10 (current: $-11.59) (resumes in 2572s)
2025-12-24 09:02:08 - trades.XPDUSDm - DEBUG - [SKIP] Cannot open trade: Circuit breaker: Rolling PnL of last 50 trades <= -$10 (current: $-11.59) (resumes in 2390s)
2025-12-24 09:05:15 - trades.XPDUSDm - DEBUG - [SKIP] Cannot open trade: Circuit breaker: Rolling PnL of last 50 trades <= -$10 (current: $-11.59) (resumes in 2202s)
2025-12-24 09:08:21 - trades.XPDUSDm - DEBUG - [SKIP] Cannot open trade: Circuit breaker: Rolling PnL of last 50 trades <= -$10 (current: $-11.59) (resumes in 2016s)
2025-12-24 09:11:30 - trades.XPDUSDm - DEBUG - [SKIP] Cannot open trade: Circuit breaker: Rolling PnL of last 50 trades <= -$10 (current: $-11.59) (resumes in 1828s)
2025-12-24 09:14:36 - trades.XPDUSDm - DEBUG - [SKIP] Cannot open trade: Circuit breaker: Rolling PnL of last 50 trades <= -$10 (current: $-11.59) (resumes in 1642s)
2025-12-24 09:17:51 - trades.XPDUSDm - DEBUG - [SKIP] Cannot open trade: Circuit breaker: Rolling PnL of last 50 trades <= -$10 (current: $-11.59) (resumes in 1446s)
2025-12-24 09:21:19 - trades.XPDUSDm - DEBUG - [SKIP] Cannot open trade: Circuit breaker: Rolling PnL of last 50 trades <= -$10 (current: $-11.59) (resumes in 1238s)
2025-12-24 09:24:39 - trades.XPDUSDm - DEBUG - [SKIP] Cannot open trade: Circuit breaker: Rolling PnL of last 50 trades <= -$10 (current: $-11.59) (resumes in 1039s)
2025-12-24 09:27:50 - trades.XPDUSDm - DEBUG - [SKIP] Cannot open trade: Circuit breaker: Rolling PnL of last 50 trades <= -$10 (current: $-11.59) (resumes in 847s)
2025-12-24 09:31:09 - trades.XPDUSDm - DEBUG - [SKIP] Cannot open trade: Circuit breaker: Rolling PnL of last 50 trades <= -$10 (current: $-11.59) (resumes in 648s)
2025-12-24 09:34:19 - trades.XPDUSDm - DEBUG - [SKIP] Cannot open trade: Circuit breaker: Rolling PnL of last 50 trades <= -$10 (current: $-11.59) (resumes in 458s)
2025-12-24 09:37:35 - trades.XPDUSDm - DEBUG - [SKIP] Cannot open trade: Circuit breaker: Rolling PnL of last 50 trades <= -$10 (current: $-11.59) (resumes in 263s)
2025-12-24 09:40:40 - trades.XPDUSDm - DEBUG - [SKIP] Cannot open trade: Circuit breaker: Rolling PnL of last 50 trades <= -$10 (current: $-11.59) (resumes in 77s)
2025-12-24 09:44:13 - trades.XPDUSDm - DEBUG - [SKIP] Cannot open trade: Circuit breaker: Rolling PnL of last 50 trades <= -$10 (current: $-11.59) (resumes in 3539s)
2025-12-24 09:50:47 - trades.XPDUSDm - DEBUG - [SKIP] Cannot open trade: Circuit breaker: Rolling PnL of last 50 trades <= -$10 (current: $-11.59) (resumes in 3145s)
2025-12-24 10:37:39 - trades.XPDUSDm - DEBUG - [SKIP] Cannot open trade: Circuit breaker: Rolling PnL of last 50 trades <= -$10 (current: $-11.59) (resumes in 333s)
2025-12-24 10:47:19 - trades.XPDUSDm - DEBUG - [SKIP] Cannot open trade: Circuit breaker: Rolling PnL of last 50 trades <= -$10 (current: $-11.59) (resumes in 3358s)
2025-12-24 10:50:25 - trades.XPDUSDm - DEBUG - [SKIP] Cannot open trade: Circuit breaker: Rolling PnL of last 50 trades <= -$10 (current: $-11.59) (resumes in 3172s)
2025-12-24 10:53:28 - trades.XPDUSDm - DEBUG - [SKIP] Cannot open trade: Circuit breaker: Rolling PnL of last 50 trades <= -$10 (current: $-11.59) (resumes in 2988s)
2025-12-24 10:56:57 - trades.XPDUSDm - DEBUG - [SKIP] Cannot open trade: Circuit breaker: Rolling PnL of last 50 trades <= -$10 (current: $-11.59) (resumes in 2779s)
2025-12-24 11:00:43 - trades.XPDUSDm - DEBUG - [SKIP] Cannot open trade: Circuit breaker: Rolling PnL of last 50 trades <= -$10 (current: $-11.59) (resumes in 2554s)
2025-12-24 11:08:06 - trades.XPDUSDm - DEBUG - [SKIP] Cannot open trade: Circuit breaker: Rolling PnL of last 50 trades <= -$10 (current: $-11.59) (resumes in 2111s)
2025-12-24 11:12:32 - trades.XPDUSDm - DEBUG - [SKIP] Cannot open trade: Circuit breaker: Rolling PnL of last 50 trades <= -$10 (current: $-11.59) (resumes in 1845s)
2025-12-24 11:16:29 - trades.XPDUSDm - DEBUG - [SKIP] Cannot open trade: Circuit breaker: Rolling PnL of last 50 trades <= -$10 (current: $-11.59) (resumes in 1608s)
2025-12-24 11:20:17 - trades.XPDUSDm - DEBUG - [SKIP] Cannot open trade: Circuit breaker: Rolling PnL of last 50 trades <= -$10 (current: $-11.59) (resumes in 1380s)
2025-12-24 11:23:42 - trades.XPDUSDm - DEBUG - [SKIP] Cannot open trade: Circuit breaker: Rolling PnL of last 50 trades <= -$10 (current: $-11.59) (resumes in 1175s)
2025-12-24 11:27:04 - trades.XPDUSDm - DEBUG - [SKIP] Cannot open trade: Circuit breaker: Rolling PnL of last 50 trades <= -$10 (current: $-11.59) (resumes in 972s)
2025-12-24 11:30:21 - trades.XPDUSDm - DEBUG - [SKIP] Cannot open trade: Circuit breaker: Rolling PnL of last 50 trades <= -$10 (current: $-11.59) (resumes in 775s)
2025-12-24 11:33:44 - trades.XPDUSDm - DEBUG - [SKIP] Cannot open trade: Circuit breaker: Rolling PnL of last 50 trades <= -$10 (current: $-11.59) (resumes in 573s)
2025-12-24 11:37:02 - trades.XPDUSDm - DEBUG - [SKIP] Cannot open trade: Circuit breaker: Rolling PnL of last 50 trades <= -$10 (current: $-11.59) (resumes in 374s)
2025-12-24 11:40:27 - trades.XPDUSDm - DEBUG - [SKIP] Cannot open trade: Circuit breaker: Rolling PnL of last 50 trades <= -$10 (current: $-11.59) (resumes in 169s)
2025-12-24 11:43:51 - trades.XPDUSDm - DEBUG - [SKIP] Cannot open trade: Circuit breaker: Rolling PnL of last 50 trades <= -$10 (current: $-11.59) (resumes in 3570s)
2025-12-24 12:09:49 - trades.XPDUSDm - DEBUG - [SKIP] Cannot open trade: Circuit breaker: Rolling PnL of last 50 trades <= -$10 (current: $-11.59) (resumes in 2012s)
2025-12-24 12:22:15 - trades.XPDUSDm - DEBUG - [SKIP] Cannot open trade: Circuit breaker: Rolling PnL of last 50 trades <= -$10 (current: $-11.59) (resumes in 1266s)
2025-12-24 12:25:23 - trades.XPDUSDm - DEBUG - [SKIP] Cannot open trade: Circuit breaker: Rolling PnL of last 50 trades <= -$10 (current: $-11.59) (resumes in 1078s)
2025-12-24 12:28:31 - trades.XPDUSDm - DEBUG - [SKIP] Cannot open trade: Circuit breaker: Rolling PnL of last 50 trades <= -$10 (current: $-11.59) (resumes in 890s)
2025-12-24 12:31:44 - trades.XPDUSDm - DEBUG - [SKIP] Cannot open trade: Circuit breaker: Rolling PnL of last 50 trades <= -$10 (current: $-11.59) (resumes in 697s)
2025-12-24 12:34:55 - trades.XPDUSDm - DEBUG - [SKIP] Cannot open trade: Circuit breaker: Rolling PnL of last 50 trades <= -$10 (current: $-11.59) (resumes in 506s)
2025-12-24 12:38:15 - trades.XPDUSDm - DEBUG - [SKIP] Cannot open trade: Circuit breaker: Rolling PnL of last 50 trades <= -$10 (current: $-11.59) (resumes in 306s)
2025-12-24 12:41:23 - trades.XPDUSDm - DEBUG - [SKIP] Cannot open trade: Circuit breaker: Rolling PnL of last 50 trades <= -$10 (current: $-11.59) (resumes in 117s)
2025-12-24 12:44:36 - trades.XPDUSDm - DEBUG - [SKIP] Cannot open trade: Circuit breaker: Rolling PnL of last 50 trades <= -$10 (current: $-11.59) (resumes in 3554s)
2025-12-24 12:47:47 - trades.XPDUSDm - DEBUG - [SKIP] Cannot open trade: Circuit breaker: Rolling PnL of last 50 trades <= -$10 (current: $-11.59) (resumes in 3363s)
2025-12-24 12:51:01 - trades.XPDUSDm - DEBUG - [SKIP] Cannot open trade: Circuit breaker: Rolling PnL of last 50 trades <= -$10 (current: $-11.59) (resumes in 3169s)
2025-12-24 12:54:16 - trades.XPDUSDm - DEBUG - [SKIP] Cannot open trade: Circuit breaker: Rolling PnL of last 50 trades <= -$10 (current: $-11.59) (resumes in 2974s)
2025-12-24 12:57:32 - trades.XPDUSDm - DEBUG - [SKIP] Cannot open trade: Circuit breaker: Rolling PnL of last 50 trades <= -$10 (current: $-11.59) (resumes in 2778s)
2025-12-24 13:00:52 - trades.XPDUSDm - DEBUG - [SKIP] Cannot open trade: Circuit breaker: Rolling PnL of last 50 trades <= -$10 (current: $-11.59) (resumes in 2578s)
2025-12-24 13:03:59 - trades.XPDUSDm - DEBUG - [SKIP] Cannot open trade: Circuit breaker: Rolling PnL of last 50 trades <= -$10 (current: $-11.59) (resumes in 2391s)
2025-12-24 13:42:18 - trades.XPDUSDm - DEBUG - [SKIP] Cannot open trade: Circuit breaker: Rolling PnL of last 50 trades <= -$10 (current: $-11.59) (resumes in 92s)
2025-12-24 13:45:37 - trades.XPDUSDm - DEBUG - [SKIP] Cannot open trade: Circuit breaker: Rolling PnL of last 50 trades <= -$10 (current: $-11.59) (resumes in 3539s)
2025-12-24 13:48:58 - trades.XPDUSDm - DEBUG - [SKIP] Cannot open trade: Circuit breaker: Rolling PnL of last 50 trades <= -$10 (current: $-11.59) (resumes in 3338s)
2025-12-24 13:52:26 - trades.XPDUSDm - DEBUG - [SKIP] Cannot open trade: Circuit breaker: Rolling PnL of last 50 trades <= -$10 (current: $-11.59) (resumes in 3131s)
2025-12-24 13:55:53 - trades.XPDUSDm - DEBUG - [SKIP] Cannot open trade: Circuit breaker: Rolling PnL of last 50 trades <= -$10 (current: $-11.59) (resumes in 2923s)
2025-12-24 13:59:26 - trades.XPDUSDm - DEBUG - [SKIP] Cannot open trade: Circuit breaker: Rolling PnL of last 50 trades <= -$10 (current: $-11.59) (resumes in 2711s)
2025-12-24 14:02:57 - trades.XPDUSDm - DEBUG - [SKIP] Cannot open trade: Circuit breaker: Rolling PnL of last 50 trades <= -$10 (current: $-11.59) (resumes in 2500s)
2025-12-24 14:06:26 - trades.XPDUSDm - DEBUG - [SKIP] Cannot open trade: Circuit breaker: Rolling PnL of last 50 trades <= -$10 (current: $-11.59) (resumes in 2290s)
2025-12-24 14:10:02 - trades.XPDUSDm - DEBUG - [SKIP] Cannot open trade: Circuit breaker: Rolling PnL of last 50 trades <= -$10 (current: $-11.59) (resumes in 2074s)
2025-12-24 14:13:27 - trades.XPDUSDm - DEBUG - [SKIP] Cannot open trade: Circuit breaker: Rolling PnL of last 50 trades <= -$10 (current: $-11.59) (resumes in 1869s)
2025-12-24 14:16:48 - trades.XPDUSDm - DEBUG - [SKIP] Cannot open trade: Circuit breaker: Rolling PnL of last 50 trades <= -$10 (current: $-11.59) (resumes in 1668s)
2025-12-24 14:20:00 - trades.XPDUSDm - DEBUG - [SKIP] Cannot open trade: Circuit breaker: Rolling PnL of last 50 trades <= -$10 (current: $-11.59) (resumes in 1477s)
2025-12-24 14:23:19 - trades.XPDUSDm - DEBUG - [SKIP] Cannot open trade: Circuit breaker: Rolling PnL of last 50 trades <= -$10 (current: $-11.59) (resumes in 1277s)
2025-12-24 14:26:54 - trades.XPDUSDm - DEBUG - [SKIP] Cannot open trade: Circuit breaker: Rolling PnL of last 50 trades <= -$10 (current: $-11.59) (resumes in 1062s)
2025-12-24 14:30:54 - trades.XPDUSDm - DEBUG - [SKIP] Cannot open trade: Circuit breaker: Rolling PnL of last 50 trades <= -$10 (current: $-11.59) (resumes in 822s)
2025-12-24 14:35:00 - trades.XPDUSDm - DEBUG - [SKIP] Cannot open trade: Circuit breaker: Rolling PnL of last 50 trades <= -$10 (current: $-11.59) (resumes in 576s)
2025-12-24 14:39:14 - trades.XPDUSDm - DEBUG - [SKIP] Cannot open trade: Circuit breaker: Rolling PnL of last 50 trades <= -$10 (current: $-11.59) (resumes in 322s)
2025-12-24 14:45:30 - trades.XPDUSDm - DEBUG - [SKIP] Cannot open trade: Circuit breaker: Rolling PnL of last 50 trades <= -$10 (current: $-11.59) (resumes in 3555s)
2025-12-24 14:50:55 - trades.XPDUSDm - DEBUG - [SKIP] Cannot open trade: Circuit breaker: Rolling PnL of last 50 trades <= -$10 (current: $-11.59) (resumes in 3229s)
2025-12-24 15:06:11 - trades.XPDUSDm - DEBUG - [SKIP] Cannot open trade: Circuit breaker: Rolling PnL of last 50 trades <= -$10 (current: $-11.59) (resumes in 2314s)
2025-12-24 15:11:03 - trades.XPDUSDm - DEBUG - [SKIP] Cannot open trade: Circuit breaker: Rolling PnL of last 50 trades <= -$10 (current: $-11.59) (resumes in 2021s)
2025-12-24 15:15:40 - trades.XPDUSDm - DEBUG - [SKIP] Cannot open trade: Circuit breaker: Rolling PnL of last 50 trades <= -$10 (current: $-11.59) (resumes in 1744s)
2025-12-24 15:20:32 - trades.XPDUSDm - DEBUG - [SKIP] Cannot open trade: Circuit breaker: Rolling PnL of last 50 trades <= -$10 (current: $-11.59) (resumes in 1453s)
