2025-12-23 12:00:11 - trades.XPTUSDm - DEBUG - [SKIP] Cannot open trade: Entry filter: Session guard: first 1 minutes of hour blocked
2025-12-23 12:01:52 - trades.XPTUSDm - DEBUG - [SKIP] Cannot open trade: Entry filter: Spread sanity: spread 1100.6% of avg range > max 30.0%
2025-12-23 12:03:32 - trades.XPTUSDm - DEBUG - [SKIP] Cannot open trade: Entry filter: Spread sanity: spread 995.0% of avg range > max 30.0%
2025-12-23 12:05:12 - trades.XPTUSDm - DEBUG - [SKIP] Cannot open trade: Entry filter: Spread sanity: spread 894.2% of avg range > max 30.0%
2025-12-23 12:07:42 - trades.XPTUSDm - DEBUG - [SKIP] Cannot open trade: Entry filter: Spread sanity: spread 853.7% of avg range > max 30.0%
2025-12-23 12:11:13 - trades.XPTUSDm - DEBUG - [SKIP] Cannot open trade: Entry filter: Spread sanity: spread 852.5% of avg range > max 30.0%
2025-12-23 12:14:46 - trades.XPTUSDm - DEBUG - [SKIP] Cannot open trade: Entry filter: Spread sanity: spread 801.3% of avg range > max 30.0%
2025-12-23 12:18:25 - trades.XPTUSDm - DEBUG - [SKIP] Cannot open trade: Entry filter: Spread sanity: spread 800.4% of avg range > max 30.0%
2025-12-23 12:21:37 - trades.XPTUSDm - DEBUG - [SKIP] Cannot open trade: Entry filter: Spread sanity: spread 710.0% of avg range > max 30.0%
2025-12-23 12:24:54 - trades.XPTUSDm - DEBUG - [SKIP] Cannot open trade: Entry filter: Spread sanity: spread 660.4% of avg range > max 30.0%
2025-12-23 12:28:07 - trades.XPTUSDm - DEBUG - [SKIP] Cannot open trade: Entry filter: Spread sanity: spread 700.7% of avg range > max 30.0%
2025-12-23 12:31:09 - trades.XPTUSDm - DEBUG - [SKIP] Cannot open trade: Entry filter: Spread sanity: spread 737.8% of avg range > max 30.0%
2025-12-23 12:34:21 - trades.XPTUSDm - DEBUG - [SKIP] Cannot open trade: Entry filter: Spread sanity: spread 671.7% of avg range > max 30.0%
2025-12-23 12:37:30 - trades.XPTUSDm - DEBUG - [SKIP] Cannot open trade: Entry filter: Spread sanity: spread 853.2% of avg range > max 30.0%
2025-12-23 12:40:42 - trades.XPTUSDm - DEBUG - [SKIP] Cannot open trade: Entry filter: Spread sanity: spread 933.7% of avg range > max 30.0%
2025-12-23 12:43:52 - trades.XPTUSDm - DEBUG - [SKIP] Cannot open trade: Entry filter: Spread sanity: spread 818.9% of avg range > max 30.0%
2025-12-23 12:47:17 - trades.XPTUSDm - DEBUG - [SKIP] Cannot open trade: Entry filter: Spread sanity: spread 1006.8% of avg range > max 30.0%
2025-12-23 12:50:32 - trades.XPTUSDm - DEBUG - [SKIP] Cannot open trade: Entry filter: Spread sanity: spread 981.1% of avg range > max 30.0%
2025-12-23 12:57:19 - trades.XPTUSDm - DEBUG - [SKIP] Cannot open trade: Entry filter: Spread sanity: spread 1032.8% of avg range > max 30.0%
2025-12-23 13:00:37 - trades.XPTUSDm - DEBUG - [SKIP] Cannot open trade: Entry filter: Session guard: first 1 minutes of hour blocked
2025-12-23 13:04:02 - trades.XPTUSDm - DEBUG - [SKIP] Cannot open trade: Entry filter: Spread sanity: spread 593.8% of avg range > max 30.0%
2025-12-23 13:21:02 - trades.XPTUSDm - DEBUG - [SKIP] Cannot open trade: Entry filter: Spread sanity: spread 372.3% of avg range > max 30.0%
2025-12-23 13:24:33 - trades.XPTUSDm - DEBUG - [SKIP] Cannot open trade: Entry filter: Spread sanity: spread 353.1% of avg range > max 30.0%
2025-12-23 13:45:21 - trades.XPTUSDm - DEBUG - [SKIP] Cannot open trade: Entry filter: Spread sanity: spread 399.0% of avg range > max 30.0%
2025-12-23 13:48:50 - trades.XPTUSDm - DEBUG - [SKIP] Cannot open trade: Entry filter: Spread sanity: spread 415.1% of avg range > max 30.0%
2025-12-23 13:52:32 - trades.XPTUSDm - DEBUG - [SKIP] Cannot open trade: Entry filter: Spread sanity: spread 335.0% of avg range > max 30.0%
2025-12-23 13:56:56 - trades.XPTUSDm - DEBUG - [SKIP] Cannot open trade: Entry filter: Spread sanity: spread 362.9% of avg range > max 30.0%
2025-12-23 14:01:22 - trades.XPTUSDm - DEBUG - [SKIP] Cannot open trade: Entry filter: Spread sanity: spread 329.2% of avg range > max 30.0%
2025-12-23 14:09:57 - trades.XPTUSDm - DEBUG - [SKIP] Cannot open trade: Entry filter: Spread sanity: spread 283.3% of avg range > max 30.0%
2025-12-23 14:14:31 - trades.XPTUSDm - DEBUG - [SKIP] Cannot open trade: Entry filter: Spread sanity: spread 310.0% of avg range > max 30.0%
2025-12-23 14:19:11 - trades.XPTUSDm - DEBUG - [SKIP] Cannot open trade: Entry filter: Spread sanity: spread 305.0% of avg range > max 30.0%
2025-12-23 14:23:25 - trades.XPTUSDm - DEBUG - [SKIP] Cannot open trade: Entry filter: Spread sanity: spread 337.9% of avg range > max 30.0%
2025-12-23 14:27:12 - trades.XPTUSDm - DEBUG - [SKIP] Cannot open trade: Entry filter: Spread sanity: spread 343.0% of avg range > max 30.0%
2025-12-23 14:31:26 - trades.XPTUSDm - DEBUG - [SKIP] Cannot open trade: Entry filter: Spread sanity: spread 540.2% of avg range > max 30.0%
2025-12-23 14:36:03 - trades.XPTUSDm - DEBUG - [SKIP] Cannot open trade: Entry filter: Spread sanity: spread 354.0% of avg range > max 30.0%
2025-12-23 14:40:51 - trades.XPTUSDm - DEBUG - [SKIP] Cannot open trade: Entry filter: Spread sanity: spread 252.5% of avg range > max 30.0%
2025-12-23 14:49:22 - trades.XPTUSDm - DEBUG - [SKIP] Cannot open trade: Entry filter: Spread sanity: spread 218.1% of avg range > max 30.0%
2025-12-23 14:55:58 - trades.XPTUSDm - DEBUG - [SKIP] Cannot open trade: Circuit breaker: Consecutive losses >= 10 (11 losses) (resumes in 1643s)
2025-12-23 15:01:32 - trades.XPTUSDm - DEBUG - [SKIP] Cannot open trade: Circuit breaker: Consecutive losses >= 10 (11 losses) (resumes in 1309s)
2025-12-23 15:12:35 - trades.XPTUSDm - DEBUG - [SKIP] Cannot open trade: Circuit breaker: Consecutive losses >= 10 (11 losses) (resumes in 646s)
2025-12-23 15:18:20 - trades.XPTUSDm - DEBUG - [SKIP] Cannot open trade: Circuit breaker: Consecutive losses >= 10 (11 losses) (resumes in 301s)
2025-12-23 15:23:57 - trades.XPTUSDm - DEBUG - [SKIP] Cannot open trade: Entry filter: Spread sanity: spread 264.2% of avg range > max 30.0%
2025-12-23 15:30:18 - trades.XPTUSDm - DEBUG - [SKIP] Cannot open trade: Entry filter: Spread sanity: spread 370.0% of avg range > max 30.0%
2025-12-23 15:37:28 - trades.XPTUSDm - DEBUG - [SKIP] Cannot open trade: Circuit breaker: Rolling PnL of last 50 trades <= -$10 (current: $-17.00) (resumes in 3297s)
2025-12-23 15:43:25 - trades.XPTUSDm - DEBUG - [SKIP] Cannot open trade: Circuit breaker: Rolling PnL of last 50 trades <= -$10 (current: $-17.00) (resumes in 2940s)
2025-12-23 15:49:33 - trades.XPTUSDm - DEBUG - [SKIP] Cannot open trade: Circuit breaker: Rolling PnL of last 50 trades <= -$10 (current: $-17.00) (resumes in 2572s)
2025-12-23 16:01:34 - trades.XPTUSDm - DEBUG - [SKIP] Cannot open trade: Circuit breaker: Rolling PnL of last 50 trades <= -$10 (current: $-17.00) (resumes in 1850s)
2025-12-23 16:07:52 - trades.XPTUSDm - DEBUG - [SKIP] Cannot open trade: Circuit breaker: Rolling PnL of last 50 trades <= -$10 (current: $-17.00) (resumes in 1472s)
2025-12-23 16:13:13 - trades.XPTUSDm - DEBUG - [SKIP] Cannot open trade: Circuit breaker: Rolling PnL of last 50 trades <= -$10 (current: $-17.00) (resumes in 1152s)
2025-12-23 16:18:43 - trades.XPTUSDm - DEBUG - [SKIP] Cannot open trade: Circuit breaker: Rolling PnL of last 50 trades <= -$10 (current: $-17.00) (resumes in 821s)
2025-12-23 16:23:34 - trades.XPTUSDm - DEBUG - [SKIP] Cannot open trade: Circuit breaker: Rolling PnL of last 50 trades <= -$10 (current: $-17.00) (resumes in 531s)
2025-12-23 16:28:28 - trades.XPTUSDm - DEBUG - [SKIP] Cannot open trade: Circuit breaker: Rolling PnL of last 50 trades <= -$10 (current: $-17.00) (resumes in 236s)
2025-12-23 16:33:45 - trades.XPTUSDm - DEBUG - [SKIP] Cannot open trade: Circuit breaker: Rolling PnL of last 50 trades <= -$10 (current: $-11.59) (resumes in 3522s)
2025-12-23 16:39:04 - trades.XPTUSDm - DEBUG - [SKIP] Cannot open trade: Circuit breaker: Rolling PnL of last 50 trades <= -$10 (current: $-11.59) (resumes in 3202s)
2025-12-23 16:43:58 - trades.XPTUSDm - DEBUG - [SKIP] Cannot open trade: Circuit breaker: Rolling PnL of last 50 trades <= -$10 (current: $-11.59) (resumes in 2909s)
2025-12-23 16:49:00 - trades.XPTUSDm - DEBUG - [SKIP] Cannot open trade: Circuit breaker: Rolling PnL of last 50 trades <= -$10 (current: $-11.59) (resumes in 2607s)
2025-12-23 16:54:10 - trades.XPTUSDm - DEBUG - [SKIP] Cannot open trade: Circuit breaker: Rolling PnL of last 50 trades <= -$10 (current: $-11.59) (resumes in 2297s)
2025-12-23 16:59:30 - trades.XPTUSDm - DEBUG - [SKIP] Cannot open trade: Circuit breaker: Rolling PnL of last 50 trades <= -$10 (current: $-11.59) (resumes in 1977s)
2025-12-23 17:04:22 - trades.XPTUSDm - DEBUG - [SKIP] Cannot open trade: Circuit breaker: Rolling PnL of last 50 trades <= -$10 (current: $-11.59) (resumes in 1685s)
2025-12-23 17:09:09 - trades.XPTUSDm - DEBUG - [SKIP] Cannot open trade: Circuit breaker: Rolling PnL of last 50 trades <= -$10 (current: $-11.59) (resumes in 1397s)
2025-12-23 17:14:13 - trades.XPTUSDm - DEBUG - [SKIP] Cannot open trade: Circuit breaker: Rolling PnL of last 50 trades <= -$10 (current: $-11.59) (resumes in 1094s)
2025-12-23 17:19:17 - trades.XPTUSDm - DEBUG - [SKIP] Cannot open trade: Circuit breaker: Rolling PnL of last 50 trades <= -$10 (current: $-11.59) (resumes in 790s)
2025-12-23 17:24:00 - trades.XPTUSDm - DEBUG - [SKIP] Cannot open trade: Circuit breaker: Rolling PnL of last 50 trades <= -$10 (current: $-11.59) (resumes in 506s)
2025-12-23 17:28:49 - trades.XPTUSDm - DEBUG - [SKIP] Cannot open trade: Circuit breaker: Rolling PnL of last 50 trades <= -$10 (current: $-11.59) (resumes in 218s)
2025-12-23 17:37:57 - trades.XPTUSDm - DEBUG - [SKIP] Cannot open trade: Circuit breaker: Rolling PnL of last 50 trades <= -$10 (current: $-11.59) (resumes in 3271s)
2025-12-23 17:42:27 - trades.XPTUSDm - DEBUG - [SKIP] Cannot open trade: Circuit breaker: Rolling PnL of last 50 trades <= -$10 (current: $-11.59) (resumes in 3001s)
2025-12-23 17:46:52 - trades.XPTUSDm - DEBUG - [SKIP] Cannot open trade: Circuit breaker: Rolling PnL of last 50 trades <= -$10 (current: $-11.59) (resumes in 2737s)
2025-12-23 17:51:22 - trades.XPTUSDm - DEBUG - [SKIP] Cannot open trade: Circuit breaker: Rolling PnL of last 50 trades <= -$10 (current: $-11.59) (resumes in 2466s)
2025-12-23 17:56:06 - trades.XPTUSDm - DEBUG - [SKIP] Cannot open trade: Circuit breaker: Rolling PnL of last 50 trades <= -$10 (current: $-11.59) (resumes in 2182s)
2025-12-23 18:00:46 - trades.XPTUSDm - DEBUG - [SKIP] Cannot open trade: Circuit breaker: Rolling PnL of last 50 trades <= -$10 (current: $-11.59) (resumes in 1902s)
2025-12-23 18:05:13 - trades.XPTUSDm - DEBUG - [SKIP] Cannot open trade: Circuit breaker: Rolling PnL of last 50 trades <= -$10 (current: $-11.59) (resumes in 1635s)
2025-12-23 18:14:20 - trades.XPTUSDm - DEBUG - [SKIP] Cannot open trade: Circuit breaker: Rolling PnL of last 50 trades <= -$10 (current: $-11.59) (resumes in 1088s)
2025-12-23 18:18:24 - trades.XPTUSDm - DEBUG - [SKIP] Cannot open trade: Circuit breaker: Rolling PnL of last 50 trades <= -$10 (current: $-11.59) (resumes in 844s)
2025-12-23 18:22:43 - trades.XPTUSDm - DEBUG - [SKIP] Cannot open trade: Circuit breaker: Rolling PnL of last 50 trades <= -$10 (current: $-11.59) (resumes in 585s)
2025-12-23 18:27:13 - trades.XPTUSDm - DEBUG - [SKIP] Cannot open trade: Circuit breaker: Rolling PnL of last 50 trades <= -$10 (current: $-11.59) (resumes in 316s)
2025-12-23 18:31:34 - trades.XPTUSDm - DEBUG - [SKIP] Cannot open trade: Circuit breaker: Rolling PnL of last 50 trades <= -$10 (current: $-11.59) (resumes in 54s)
2025-12-23 18:45:03 - trades.XPTUSDm - DEBUG - [SKIP] Cannot open trade: Circuit breaker: Rolling PnL of last 50 trades <= -$10 (current: $-11.59) (resumes in 2847s)
2025-12-23 19:14:59 - trades.XPTUSDm - DEBUG - [SKIP] Cannot open trade: Circuit breaker: Rolling PnL of last 50 trades <= -$10 (current: $-11.59) (resumes in 1051s)
2025-12-23 19:18:56 - trades.XPTUSDm - DEBUG - [SKIP] Cannot open trade: Circuit breaker: Rolling PnL of last 50 trades <= -$10 (current: $-11.59) (resumes in 814s)
2025-12-23 19:22:59 - trades.XPTUSDm - DEBUG - [SKIP] Cannot open trade: Circuit breaker: Rolling PnL of last 50 trades <= -$10 (current: $-11.59) (resumes in 571s)
2025-12-23 19:27:22 - trades.XPTUSDm - DEBUG - [SKIP] Cannot open trade: Circuit breaker: Rolling PnL of last 50 trades <= -$10 (current: $-11.59) (resumes in 308s)
2025-12-23 19:31:42 - trades.XPTUSDm - DEBUG - [SKIP] Cannot open trade: Circuit breaker: Rolling PnL of last 50 trades <= -$10 (current: $-11.59) (resumes in 49s)
2025-12-23 19:35:58 - trades.XPTUSDm - DEBUG - [SKIP] Cannot open trade: Circuit breaker: Rolling PnL of last 50 trades <= -$10 (current: $-11.59) (resumes in 3499s)
2025-12-23 19:40:37 - trades.XPTUSDm - DEBUG - [SKIP] Cannot open trade: Circuit breaker: Rolling PnL of last 50 trades <= -$10 (current: $-11.59) (resumes in 3220s)
2025-12-23 19:44:38 - trades.XPTUSDm - DEBUG - [SKIP] Cannot open trade: Circuit breaker: Rolling PnL of last 50 trades <= -$10 (current: $-11.59) (resumes in 2979s)
2025-12-23 19:48:55 - trades.XPTUSDm - DEBUG - [SKIP] Cannot open trade: Circuit breaker: Rolling PnL of last 50 trades <= -$10 (current: $-11.59) (resumes in 2722s)
2025-12-23 19:52:51 - trades.XPTUSDm - DEBUG - [SKIP] Cannot open trade: Circuit breaker: Rolling PnL of last 50 trades <= -$10 (current: $-11.59) (resumes in 2486s)
2025-12-23 20:01:14 - trades.XPTUSDm - DEBUG - [SKIP] Cannot open trade: Circuit breaker: Rolling PnL of last 50 trades <= -$10 (current: $-11.59) (resumes in 1983s)
2025-12-23 20:09:51 - trades.XPTUSDm - DEBUG - [SKIP] Cannot open trade: Circuit breaker: Rolling PnL of last 50 trades <= -$10 (current: $-11.59) (resumes in 1466s)
2025-12-23 20:14:10 - trades.XPTUSDm - DEBUG - [SKIP] Cannot open trade: Circuit breaker: Rolling PnL of last 50 trades <= -$10 (current: $-11.59) (resumes in 1207s)
2025-12-23 20:30:51 - trades.XPTUSDm - DEBUG - [SKIP] Cannot open trade: Circuit breaker: Rolling PnL of last 50 trades <= -$10 (current: $-11.59) (resumes in 206s)
2025-12-23 20:35:42 - trades.XPTUSDm - DEBUG - [SKIP] Cannot open trade: Circuit breaker: Rolling PnL of last 50 trades <= -$10 (current: $-11.59) (resumes in 3518s)
2025-12-23 20:40:23 - trades.XPTUSDm - DEBUG - [SKIP] Cannot open trade: Circuit breaker: Rolling PnL of last 50 trades <= -$10 (current: $-11.59) (resumes in 3237s)
2025-12-23 20:44:43 - trades.XPTUSDm - DEBUG - [SKIP] Cannot open trade: Circuit breaker: Rolling PnL of last 50 trades <= -$10 (current: $-11.59) (resumes in 2977s)
2025-12-23 20:48:23 - trades.XPTUSDm - DEBUG - [SKIP] Cannot open trade: Circuit breaker: Rolling PnL of last 50 trades <= -$10 (current: $-11.59) (resumes in 2757s)
2025-12-23 20:52:11 - trades.XPTUSDm - DEBUG - [SKIP] Cannot open trade: Circuit breaker: Rolling PnL of last 50 trades <= -$10 (current: $-11.59) (resumes in 2529s)
2025-12-23 20:55:54 - trades.XPTUSDm - DEBUG - [SKIP] Cannot open trade: Circuit breaker: Rolling PnL of last 50 trades <= -$10 (current: $-11.59) (resumes in 2306s)
2025-12-23 20:59:40 - trades.XPTUSDm - DEBUG - [SKIP] Cannot open trade: Circuit breaker: Rolling PnL of last 50 trades <= -$10 (current: $-11.59) (resumes in 2080s)
2025-12-23 21:03:05 - trades.XPTUSDm - DEBUG - [SKIP] Cannot open trade: Circuit breaker: Rolling PnL of last 50 trades <= -$10 (current: $-11.59) (resumes in 1875s)
2025-12-23 21:06:13 - trades.XPTUSDm - DEBUG - [SKIP] Cannot open trade: Circuit breaker: Rolling PnL of last 50 trades <= -$10 (current: $-11.59) (resumes in 1687s)
2025-12-23 21:09:18 - trades.XPTUSDm - DEBUG - [SKIP] Cannot open trade: Circuit breaker: Rolling PnL of last 50 trades <= -$10 (current: $-11.59) (resumes in 1502s)
2025-12-23 21:15:34 - trades.XPTUSDm - DEBUG - [SKIP] Cannot open trade: Circuit breaker: Rolling PnL of last 50 trades <= -$10 (current: $-11.59) (resumes in 1127s)
2025-12-23 21:18:27 - trades.XPTUSDm - DEBUG - [SKIP] Cannot open trade: Circuit breaker: Rolling PnL of last 50 trades <= -$10 (current: $-11.59) (resumes in 953s)
2025-12-23 21:21:19 - trades.XPTUSDm - DEBUG - [SKIP] Cannot open trade: Circuit breaker: Rolling PnL of last 50 trades <= -$10 (current: $-11.59) (resumes in 781s)
2025-12-23 21:24:05 - trades.XPTUSDm - DEBUG - [SKIP] Cannot open trade: Circuit breaker: Rolling PnL of last 50 trades <= -$10 (current: $-11.59) (resumes in 616s)
2025-12-23 21:29:33 - trades.XPTUSDm - DEBUG - [SKIP] Cannot open trade: Circuit breaker: Rolling PnL of last 50 trades <= -$10 (current: $-11.59) (resumes in 287s)
2025-12-23 21:32:21 - trades.XPTUSDm - DEBUG - [SKIP] Cannot open trade: Circuit breaker: Rolling PnL of last 50 trades <= -$10 (current: $-11.59) (resumes in 119s)
2025-12-23 21:35:09 - trades.XPTUSDm - DEBUG - [SKIP] Cannot open trade: Circuit breaker: Rolling PnL of last 50 trades <= -$10 (current: $-11.59) (resumes in 3580s)
2025-12-23 21:37:57 - trades.XPTUSDm - DEBUG - [SKIP] Cannot open trade: Circuit breaker: Rolling PnL of last 50 trades <= -$10 (current: $-11.59) (resumes in 3412s)
2025-12-23 21:51:28 - trades.XPTUSDm - DEBUG - [SKIP] Cannot open trade: Circuit breaker: Rolling PnL of last 50 trades <= -$10 (current: $-11.59) (resumes in 2601s)
2025-12-23 21:54:17 - trades.XPTUSDm - DEBUG - [SKIP] Cannot open trade: Circuit breaker: Rolling PnL of last 50 trades <= -$10 (current: $-11.59) (resumes in 2432s)
2025-12-23 21:57:00 - trades.XPTUSDm - DEBUG - [SKIP] Cannot open trade: Circuit breaker: Rolling PnL of last 50 trades <= -$10 (current: $-11.59) (resumes in 2268s)
2025-12-23 23:06:15 - trades.XPTUSDm - DEBUG - [SKIP] Cannot open trade: Circuit breaker: Rolling PnL of last 50 trades <= -$10 (current: $-11.59) (resumes in 1800s)
2025-12-23 23:41:45 - trades.XPTUSDm - DEBUG - [SKIP] Cannot open trade: Circuit breaker: Rolling PnL of last 50 trades <= -$10 (current: $-11.59) (resumes in 3363s)
2025-12-23 23:48:19 - trades.XPTUSDm - DEBUG - [SKIP] Cannot open trade: Circuit breaker: Rolling PnL of last 50 trades <= -$10 (current: $-11.59) (resumes in 2968s)
2025-12-23 23:51:26 - trades.XPTUSDm - DEBUG - [SKIP] Cannot open trade: Circuit breaker: Rolling PnL of last 50 trades <= -$10 (current: $-11.59) (resumes in 2781s)
2025-12-23 23:54:18 - trades.XPTUSDm - DEBUG - [SKIP] Cannot open trade: Circuit breaker: Rolling PnL of last 50 trades <= -$10 (current: $-11.59) (resumes in 2609s)
2025-12-23 23:57:37 - trades.XPTUSDm - DEBUG - [SKIP] Cannot open trade: Circuit breaker: Rolling PnL of last 50 trades <= -$10 (current: $-11.59) (resumes in 2411s)
2025-12-24 00:00:22 - trades.XPTUSDm - DEBUG - [SKIP] Cannot open trade: Circuit breaker: Rolling PnL of last 50 trades <= -$10 (current: $-11.59) (resumes in 2245s)
2025-12-24 00:04:41 - trades.XPTUSDm - DEBUG - [SKIP] Cannot open trade: Circuit breaker: Rolling PnL of last 50 trades <= -$10 (current: $-11.59) (resumes in 1987s)
2025-12-24 00:06:47 - trades.XPTUSDm - DEBUG - [SKIP] Cannot open trade: Circuit breaker: Rolling PnL of last 50 trades <= -$10 (current: $-11.59) (resumes in 1860s)
2025-12-24 00:09:00 - trades.XPTUSDm - DEBUG - [SKIP] Cannot open trade: Circuit breaker: Rolling PnL of last 50 trades <= -$10 (current: $-11.59) (resumes in 1728s)
2025-12-24 00:11:10 - trades.XPTUSDm - DEBUG - [SKIP] Cannot open trade: Circuit breaker: Rolling PnL of last 50 trades <= -$10 (current: $-11.59) (resumes in 1598s)
2025-12-24 00:13:21 - trades.XPTUSDm - DEBUG - [SKIP] Cannot open trade: Circuit breaker: Rolling PnL of last 50 trades <= -$10 (current: $-11.59) (resumes in 1466s)
2025-12-24 00:15:35 - trades.XPTUSDm - DEBUG - [SKIP] Cannot open trade: Circuit breaker: Rolling PnL of last 50 trades <= -$10 (current: $-11.59) (resumes in 1333s)
2025-12-24 00:17:47 - trades.XPTUSDm - DEBUG - [SKIP] Cannot open trade: Circuit breaker: Rolling PnL of last 50 trades <= -$10 (current: $-11.59) (resumes in 1201s)
2025-12-24 00:20:05 - trades.XPTUSDm - DEBUG - [SKIP] Cannot open trade: Circuit breaker: Rolling PnL of last 50 trades <= -$10 (current: $-11.59) (resumes in 1063s)
2025-12-24 00:24:33 - trades.XPTUSDm - DEBUG - [SKIP] Cannot open trade: Circuit breaker: Rolling PnL of last 50 trades <= -$10 (current: $-11.59) (resumes in 794s)
2025-12-24 00:26:46 - trades.XPTUSDm - DEBUG - [SKIP] Cannot open trade: Circuit breaker: Rolling PnL of last 50 trades <= -$10 (current: $-11.59) (resumes in 661s)
2025-12-24 00:28:54 - trades.XPTUSDm - DEBUG - [SKIP] Cannot open trade: Circuit breaker: Rolling PnL of last 50 trades <= -$10 (current: $-11.59) (resumes in 533s)
2025-12-24 00:31:03 - trades.XPTUSDm - DEBUG - [SKIP] Cannot open trade: Circuit breaker: Rolling PnL of last 50 trades <= -$10 (current: $-11.59) (resumes in 404s)
2025-12-24 00:33:09 - trades.XPTUSDm - DEBUG - [SKIP] Cannot open trade: Circuit breaker: Rolling PnL of last 50 trades <= -$10 (current: $-11.59) (resumes in 278s)
2025-12-24 00:35:19 - trades.XPTUSDm - DEBUG - [SKIP] Cannot open trade: Circuit breaker: Rolling PnL of last 50 trades <= -$10 (current: $-11.59) (resumes in 149s)
2025-12-24 00:37:26 - trades.XPTUSDm - DEBUG - [SKIP] Cannot open trade: Circuit breaker: Rolling PnL of last 50 trades <= -$10 (current: $-11.59) (resumes in 21s)
2025-12-24 00:39:32 - trades.XPTUSDm - DEBUG - [SKIP] Cannot open trade: Circuit breaker: Rolling PnL of last 50 trades <= -$10 (current: $-11.59) (resumes in 3585s)
2025-12-24 00:41:35 - trades.XPTUSDm - DEBUG - [SKIP] Cannot open trade: Circuit breaker: Rolling PnL of last 50 trades <= -$10 (current: $-11.59) (resumes in 3463s)
2025-12-24 00:43:38 - trades.XPTUSDm - DEBUG - [SKIP] Cannot open trade: Circuit breaker: Rolling PnL of last 50 trades <= -$10 (current: $-11.59) (resumes in 3340s)
2025-12-24 00:45:43 - trades.XPTUSDm - DEBUG - [SKIP] Cannot open trade: Circuit breaker: Rolling PnL of last 50 trades <= -$10 (current: $-11.59) (resumes in 3214s)
2025-12-24 00:47:50 - trades.XPTUSDm - DEBUG - [SKIP] Cannot open trade: Circuit breaker: Rolling PnL of last 50 trades <= -$10 (current: $-11.59) (resumes in 3088s)
2025-12-24 00:52:07 - trades.XPTUSDm - DEBUG - [SKIP] Cannot open trade: Circuit breaker: Rolling PnL of last 50 trades <= -$10 (current: $-11.59) (resumes in 2831s)
2025-12-24 00:54:18 - trades.XPTUSDm - DEBUG - [SKIP] Cannot open trade: Circuit breaker: Rolling PnL of last 50 trades <= -$10 (current: $-11.59) (resumes in 2699s)
2025-12-24 01:05:11 - trades.XPTUSDm - DEBUG - [SKIP] Cannot open trade: Circuit breaker: Rolling PnL of last 50 trades <= -$10 (current: $-11.59) (resumes in 2046s)
2025-12-24 01:07:19 - trades.XPTUSDm - DEBUG - [SKIP] Cannot open trade: Circuit breaker: Rolling PnL of last 50 trades <= -$10 (current: $-11.59) (resumes in 1918s)
2025-12-24 01:09:29 - trades.XPTUSDm - DEBUG - [SKIP] Cannot open trade: Circuit breaker: Rolling PnL of last 50 trades <= -$10 (current: $-11.59) (resumes in 1789s)
2025-12-24 01:11:42 - trades.XPTUSDm - DEBUG - [SKIP] Cannot open trade: Circuit breaker: Rolling PnL of last 50 trades <= -$10 (current: $-11.59) (resumes in 1655s)
2025-12-24 01:14:00 - trades.XPTUSDm - DEBUG - [SKIP] Cannot open trade: Circuit breaker: Rolling PnL of last 50 trades <= -$10 (current: $-11.59) (resumes in 1517s)
2025-12-24 01:16:17 - trades.XPTUSDm - DEBUG - [SKIP] Cannot open trade: Circuit breaker: Rolling PnL of last 50 trades <= -$10 (current: $-11.59) (resumes in 1380s)
2025-12-24 01:18:33 - trades.XPTUSDm - DEBUG - [SKIP] Cannot open trade: Circuit breaker: Rolling PnL of last 50 trades <= -$10 (current: $-11.59) (resumes in 1245s)
2025-12-24 01:20:48 - trades.XPTUSDm - DEBUG - [SKIP] Cannot open trade: Circuit breaker: Rolling PnL of last 50 trades <= -$10 (current: $-11.59) (resumes in 1109s)
2025-12-24 01:23:05 - trades.XPTUSDm - DEBUG - [SKIP] Cannot open trade: Circuit breaker: Rolling PnL of last 50 trades <= -$10 (current: $-11.59) (resumes in 973s)
2025-12-24 01:25:18 - trades.XPTUSDm - DEBUG - [SKIP] Cannot open trade: Circuit breaker: Rolling PnL of last 50 trades <= -$10 (current: $-11.59) (resumes in 839s)
2025-12-24 01:27:30 - trades.XPTUSDm - DEBUG - [SKIP] Cannot open trade: Circuit breaker: Rolling PnL of last 50 trades <= -$10 (current: $-11.59) (resumes in 707s)
2025-12-24 01:29:33 - trades.XPTUSDm - DEBUG - [SKIP] Cannot open trade: Circuit breaker: Rolling PnL of last 50 trades <= -$10 (current: $-11.59) (resumes in 585s)
2025-12-24 01:31:36 - trades.XPTUSDm - DEBUG - [SKIP] Cannot open trade: Circuit breaker: Rolling PnL of last 50 trades <= -$10 (current: $-11.59) (resumes in 462s)
2025-12-24 01:33:41 - trades.XPTUSDm - DEBUG - [SKIP] Cannot open trade: Circuit breaker: Rolling PnL of last 50 trades <= -$10 (current: $-11.59) (resumes in 337s)
2025-12-24 01:35:46 - trades.XPTUSDm - DEBUG - [SKIP] Cannot open trade: Circuit breaker: Rolling PnL of last 50 trades <= -$10 (current: $-11.59) (resumes in 211s)
2025-12-24 01:37:54 - trades.XPTUSDm - DEBUG - [SKIP] Cannot open trade: Circuit breaker: Rolling PnL of last 50 trades <= -$10 (current: $-11.59) (resumes in 84s)
2025-12-24 01:44:23 - trades.XPTUSDm - DEBUG - [SKIP] Cannot open trade: Circuit breaker: Rolling PnL of last 50 trades <= -$10 (current: $-11.59) (resumes in 3323s)
2025-12-24 01:46:28 - trades.XPTUSDm - DEBUG - [SKIP] Cannot open trade: Circuit breaker: Rolling PnL of last 50 trades <= -$10 (current: $-11.59) (resumes in 3197s)
2025-12-24 01:48:31 - trades.XPTUSDm - DEBUG - [SKIP] Cannot open trade: Circuit breaker: Rolling PnL of last 50 trades <= -$10 (current: $-11.59) (resumes in 3075s)
2025-12-24 01:50:38 - trades.XPTUSDm - DEBUG - [SKIP] Cannot open trade: Circuit breaker: Rolling PnL of last 50 trades <= -$10 (current: $-11.59) (resumes in 2948s)
2025-12-24 01:52:47 - trades.XPTUSDm - DEBUG - [SKIP] Cannot open trade: Circuit breaker: Rolling PnL of last 50 trades <= -$10 (current: $-11.59) (resumes in 2819s)
2025-12-24 01:54:59 - trades.XPTUSDm - DEBUG - [SKIP] Cannot open trade: Circuit breaker: Rolling PnL of last 50 trades <= -$10 (current: $-11.59) (resumes in 2687s)
2025-12-24 01:57:10 - trades.XPTUSDm - DEBUG - [SKIP] Cannot open trade: Circuit breaker: Rolling PnL of last 50 trades <= -$10 (current: $-11.59) (resumes in 2555s)
2025-12-24 02:03:44 - trades.XPTUSDm - DEBUG - [SKIP] Cannot open trade: Circuit breaker: Rolling PnL of last 50 trades <= -$10 (current: $-11.59) (resumes in 2161s)
2025-12-24 02:06:01 - trades.XPTUSDm - DEBUG - [SKIP] Cannot open trade: Circuit breaker: Rolling PnL of last 50 trades <= -$10 (current: $-11.59) (resumes in 2024s)
2025-12-24 02:08:34 - trades.XPTUSDm - DEBUG - [SKIP] Cannot open trade: Circuit breaker: Rolling PnL of last 50 trades <= -$10 (current: $-11.59) (resumes in 1871s)
2025-12-24 02:11:00 - trades.XPTUSDm - DEBUG - [SKIP] Cannot open trade: Circuit breaker: Rolling PnL of last 50 trades <= -$10 (current: $-11.59) (resumes in 1726s)
2025-12-24 02:13:31 - trades.XPTUSDm - DEBUG - [SKIP] Cannot open trade: Circuit breaker: Rolling PnL of last 50 trades <= -$10 (current: $-11.59) (resumes in 1575s)
2025-12-24 02:18:19 - trades.XPTUSDm - DEBUG - [SKIP] Cannot open trade: Circuit breaker: Rolling PnL of last 50 trades <= -$10 (current: $-11.59) (resumes in 1287s)
2025-12-24 02:20:38 - trades.XPTUSDm - DEBUG - [SKIP] Cannot open trade: Circuit breaker: Rolling PnL of last 50 trades <= -$10 (current: $-11.59) (resumes in 1147s)
2025-12-24 02:22:55 - trades.XPTUSDm - DEBUG - [SKIP] Cannot open trade: Circuit breaker: Rolling PnL of last 50 trades <= -$10 (current: $-11.59) (resumes in 1010s)
2025-12-24 02:34:56 - trades.XPTUSDm - DEBUG - [SKIP] Cannot open trade: Circuit breaker: Rolling PnL of last 50 trades <= -$10 (current: $-11.59) (resumes in 289s)
2025-12-24 02:37:32 - trades.XPTUSDm - DEBUG - [SKIP] Cannot open trade: Circuit breaker: Rolling PnL of last 50 trades <= -$10 (current: $-11.59) (resumes in 133s)
2025-12-24 02:40:12 - trades.XPTUSDm - DEBUG - [SKIP] Cannot open trade: Circuit breaker: Rolling PnL of last 50 trades <= -$10 (current: $-11.59) (resumes in 3576s)
2025-12-24 02:42:33 - trades.XPTUSDm - DEBUG - [SKIP] Cannot open trade: Circuit breaker: Rolling PnL of last 50 trades <= -$10 (current: $-11.59) (resumes in 3435s)
2025-12-24 02:44:49 - trades.XPTUSDm - DEBUG - [SKIP] Cannot open trade: Circuit breaker: Rolling PnL of last 50 trades <= -$10 (current: $-11.59) (resumes in 3299s)
2025-12-24 02:56:06 - trades.XPTUSDm - DEBUG - [SKIP] Cannot open trade: Circuit breaker: Rolling PnL of last 50 trades <= -$10 (current: $-11.59) (resumes in 2623s)
2025-12-24 02:58:21 - trades.XPTUSDm - DEBUG - [SKIP] Cannot open trade: Circuit breaker: Rolling PnL of last 50 trades <= -$10 (current: $-11.59) (resumes in 2487s)
2025-12-24 03:00:37 - trades.XPTUSDm - DEBUG - [SKIP] Cannot open trade: Circuit breaker: Rolling PnL of last 50 trades <= -$10 (current: $-11.59) (resumes in 2351s)
2025-12-24 03:02:55 - trades.XPTUSDm - DEBUG - [SKIP] Cannot open trade: Circuit breaker: Rolling PnL of last 50 trades <= -$10 (current: $-11.59) (resumes in 2213s)
2025-12-24 03:09:44 - trades.XPTUSDm - DEBUG - [SKIP] Cannot open trade: Circuit breaker: Rolling PnL of last 50 trades <= -$10 (current: $-11.59) (resumes in 1804s)
2025-12-24 03:11:58 - trades.XPTUSDm - DEBUG - [SKIP] Cannot open trade: Circuit breaker: Rolling PnL of last 50 trades <= -$10 (current: $-11.59) (resumes in 1670s)
2025-12-24 03:14:09 - trades.XPTUSDm - DEBUG - [SKIP] Cannot open trade: Circuit breaker: Rolling PnL of last 50 trades <= -$10 (current: $-11.59) (resumes in 1540s)
2025-12-24 03:16:21 - trades.XPTUSDm - DEBUG - [SKIP] Cannot open trade: Circuit breaker: Rolling PnL of last 50 trades <= -$10 (current: $-11.59) (resumes in 1407s)
2025-12-24 03:18:33 - trades.XPTUSDm - DEBUG - [SKIP] Cannot open trade: Circuit breaker: Rolling PnL of last 50 trades <= -$10 (current: $-11.59) (resumes in 1275s)
2025-12-24 03:20:46 - trades.XPTUSDm - DEBUG - [SKIP] Cannot open trade: Circuit breaker: Rolling PnL of last 50 trades <= -$10 (current: $-11.59) (resumes in 1142s)
2025-12-24 03:22:54 - trades.XPTUSDm - DEBUG - [SKIP] Cannot open trade: Circuit breaker: Rolling PnL of last 50 trades <= -$10 (current: $-11.59) (resumes in 1014s)
2025-12-24 03:25:02 - trades.XPTUSDm - DEBUG - [SKIP] Cannot open trade: Circuit breaker: Rolling PnL of last 50 trades <= -$10 (current: $-11.59) (resumes in 887s)
2025-12-24 03:27:10 - trades.XPTUSDm - DEBUG - [SKIP] Cannot open trade: Circuit breaker: Rolling PnL of last 50 trades <= -$10 (current: $-11.59) (resumes in 758s)
2025-12-24 03:29:21 - trades.XPTUSDm - DEBUG - [SKIP] Cannot open trade: Circuit breaker: Rolling PnL of last 50 trades <= -$10 (current: $-11.59) (resumes in 627s)
2025-12-24 03:31:31 - trades.XPTUSDm - DEBUG - [SKIP] Cannot open trade: Circuit breaker: Rolling PnL of last 50 trades <= -$10 (current: $-11.59) (resumes in 497s)
2025-12-24 03:33:38 - trades.XPTUSDm - DEBUG - [SKIP] Cannot open trade: Circuit breaker: Rolling PnL of last 50 trades <= -$10 (current: $-11.59) (resumes in 370s)
2025-12-24 03:35:48 - trades.XPTUSDm - DEBUG - [SKIP] Cannot open trade: Circuit breaker: Rolling PnL of last 50 trades <= -$10 (current: $-11.59) (resumes in 240s)
2025-12-24 03:40:10 - trades.XPTUSDm - DEBUG - [SKIP] Cannot open trade: Circuit breaker: Rolling PnL of last 50 trades <= -$10 (current: $-11.59) (resumes in 3580s)
2025-12-24 03:44:26 - trades.XPTUSDm - DEBUG - [SKIP] Cannot open trade: Circuit breaker: Rolling PnL of last 50 trades <= -$10 (current: $-11.59) (resumes in 3325s)
2025-12-24 03:46:33 - trades.XPTUSDm - DEBUG - [SKIP] Cannot open trade: Circuit breaker: Rolling PnL of last 50 trades <= -$10 (current: $-11.59) (resumes in 3198s)
2025-12-24 03:48:42 - trades.XPTUSDm - DEBUG - [SKIP] Cannot open trade: Circuit breaker: Rolling PnL of last 50 trades <= -$10 (current: $-11.59) (resumes in 3069s)
2025-12-24 03:50:50 - trades.XPTUSDm - DEBUG - [SKIP] Cannot open trade: Circuit breaker: Rolling PnL of last 50 trades <= -$10 (current: $-11.59) (resumes in 2941s)
2025-12-24 03:52:53 - trades.XPTUSDm - DEBUG - [SKIP] Cannot open trade: Circuit breaker: Rolling PnL of last 50 trades <= -$10 (current: $-11.59) (resumes in 2818s)
2025-12-24 03:54:59 - trades.XPTUSDm - DEBUG - [SKIP] Cannot open trade: Circuit breaker: Rolling PnL of last 50 trades <= -$10 (current: $-11.59) (resumes in 2692s)
2025-12-24 03:57:07 - trades.XPTUSDm - DEBUG - [SKIP] Cannot open trade: Circuit breaker: Rolling PnL of last 50 trades <= -$10 (current: $-11.59) (resumes in 2564s)
2025-12-24 03:59:13 - trades.XPTUSDm - DEBUG - [SKIP] Cannot open trade: Circuit breaker: Rolling PnL of last 50 trades <= -$10 (current: $-11.59) (resumes in 2437s)
2025-12-24 04:01:19 - trades.XPTUSDm - DEBUG - [SKIP] Cannot open trade: Circuit breaker: Rolling PnL of last 50 trades <= -$10 (current: $-11.59) (resumes in 2312s)
2025-12-24 04:03:26 - trades.XPTUSDm - DEBUG - [SKIP] Cannot open trade: Circuit breaker: Rolling PnL of last 50 trades <= -$10 (current: $-11.59) (resumes in 2185s)
2025-12-24 04:05:33 - trades.XPTUSDm - DEBUG - [SKIP] Cannot open trade: Circuit breaker: Rolling PnL of last 50 trades <= -$10 (current: $-11.59) (resumes in 2057s)
2025-12-24 04:14:15 - trades.XPTUSDm - DEBUG - [SKIP] Cannot open trade: Circuit breaker: Rolling PnL of last 50 trades <= -$10 (current: $-11.59) (resumes in 1536s)
2025-12-24 04:16:26 - trades.XPTUSDm - DEBUG - [SKIP] Cannot open trade: Circuit breaker: Rolling PnL of last 50 trades <= -$10 (current: $-11.59) (resumes in 1405s)
2025-12-24 04:20:52 - trades.XPTUSDm - DEBUG - [SKIP] Cannot open trade: Circuit breaker: Rolling PnL of last 50 trades <= -$10 (current: $-11.59) (resumes in 1139s)
2025-12-24 04:23:07 - trades.XPTUSDm - DEBUG - [SKIP] Cannot open trade: Circuit breaker: Rolling PnL of last 50 trades <= -$10 (current: $-11.59) (resumes in 1004s)
2025-12-24 04:27:29 - trades.XPTUSDm - DEBUG - [SKIP] Cannot open trade: Circuit breaker: Rolling PnL of last 50 trades <= -$10 (current: $-11.59) (resumes in 742s)
2025-12-24 04:29:35 - trades.XPTUSDm - DEBUG - [SKIP] Cannot open trade: Circuit breaker: Rolling PnL of last 50 trades <= -$10 (current: $-11.59) (resumes in 616s)
2025-12-24 04:31:44 - trades.XPTUSDm - DEBUG - [SKIP] Cannot open trade: Circuit breaker: Rolling PnL of last 50 trades <= -$10 (current: $-11.59) (resumes in 487s)
2025-12-24 04:33:49 - trades.XPTUSDm - DEBUG - [SKIP] Cannot open trade: Circuit breaker: Rolling PnL of last 50 trades <= -$10 (current: $-11.59) (resumes in 362s)
2025-12-24 04:35:58 - trades.XPTUSDm - DEBUG - [SKIP] Cannot open trade: Circuit breaker: Rolling PnL of last 50 trades <= -$10 (current: $-11.59) (resumes in 233s)
2025-12-24 04:38:13 - trades.XPTUSDm - DEBUG - [SKIP] Cannot open trade: Circuit breaker: Rolling PnL of last 50 trades <= -$10 (current: $-11.59) (resumes in 98s)
2025-12-24 04:42:31 - trades.XPTUSDm - DEBUG - [SKIP] Cannot open trade: Circuit breaker: Rolling PnL of last 50 trades <= -$10 (current: $-11.59) (resumes in 3457s)
2025-12-24 04:44:39 - trades.XPTUSDm - DEBUG - [SKIP] Cannot open trade: Circuit breaker: Rolling PnL of last 50 trades <= -$10 (current: $-11.59) (resumes in 3330s)
2025-12-24 04:46:45 - trades.XPTUSDm - DEBUG - [SKIP] Cannot open trade: Circuit breaker: Rolling PnL of last 50 trades <= -$10 (current: $-11.59) (resumes in 3203s)
2025-12-24 04:48:51 - trades.XPTUSDm - DEBUG - [SKIP] Cannot open trade: Circuit breaker: Rolling PnL of last 50 trades <= -$10 (current: $-11.59) (resumes in 3077s)
2025-12-24 04:50:58 - trades.XPTUSDm - DEBUG - [SKIP] Cannot open trade: Circuit breaker: Rolling PnL of last 50 trades <= -$10 (current: $-11.59) (resumes in 2950s)
2025-12-24 04:53:06 - trades.XPTUSDm - DEBUG - [SKIP] Cannot open trade: Circuit breaker: Rolling PnL of last 50 trades <= -$10 (current: $-11.59) (resumes in 2823s)
2025-12-24 04:55:12 - trades.XPTUSDm - DEBUG - [SKIP] Cannot open trade: Circuit breaker: Rolling PnL of last 50 trades <= -$10 (current: $-11.59) (resumes in 2696s)
2025-12-24 04:57:21 - trades.XPTUSDm - DEBUG - [SKIP] Cannot open trade: Circuit breaker: Rolling PnL of last 50 trades <= -$10 (current: $-11.59) (resumes in 2567s)
2025-12-24 04:59:28 - trades.XPTUSDm - DEBUG - [SKIP] Cannot open trade: Circuit breaker: Rolling PnL of last 50 trades <= -$10 (current: $-11.59) (resumes in 2440s)
2025-12-24 05:01:38 - trades.XPTUSDm - DEBUG - [SKIP] Cannot open trade: Circuit breaker: Rolling PnL of last 50 trades <= -$10 (current: $-11.59) (resumes in 2311s)
2025-12-24 05:04:00 - trades.XPTUSDm - DEBUG - [SKIP] Cannot open trade: Circuit breaker: Rolling PnL of last 50 trades <= -$10 (current: $-11.59) (resumes in 2168s)
2025-12-24 05:08:20 - trades.XPTUSDm - DEBUG - [SKIP] Cannot open trade: Circuit breaker: Rolling PnL of last 50 trades <= -$10 (current: $-11.59) (resumes in 1908s)
2025-12-24 05:10:23 - trades.XPTUSDm - DEBUG - [SKIP] Cannot open trade: Circuit breaker: Rolling PnL of last 50 trades <= -$10 (current: $-11.59) (resumes in 1785s)
2025-12-24 05:16:24 - trades.XPTUSDm - DEBUG - [SKIP] Cannot open trade: Circuit breaker: Rolling PnL of last 50 trades <= -$10 (current: $-11.59) (resumes in 1424s)
2025-12-24 05:18:27 - trades.XPTUSDm - DEBUG - [SKIP] Cannot open trade: Circuit breaker: Rolling PnL of last 50 trades <= -$10 (current: $-11.59) (resumes in 1301s)
2025-12-24 05:20:29 - trades.XPTUSDm - DEBUG - [SKIP] Cannot open trade: Circuit breaker: Rolling PnL of last 50 trades <= -$10 (current: $-11.59) (resumes in 1180s)
2025-12-24 05:34:49 - trades.XPTUSDm - DEBUG - [SKIP] Cannot open trade: Circuit breaker: Rolling PnL of last 50 trades <= -$10 (current: $-11.59) (resumes in 319s)
2025-12-24 05:36:54 - trades.XPTUSDm - DEBUG - [SKIP] Cannot open trade: Circuit breaker: Rolling PnL of last 50 trades <= -$10 (current: $-11.59) (resumes in 194s)
2025-12-24 05:38:58 - trades.XPTUSDm - DEBUG - [SKIP] Cannot open trade: Circuit breaker: Rolling PnL of last 50 trades <= -$10 (current: $-11.59) (resumes in 70s)
2025-12-24 05:41:03 - trades.XPTUSDm - DEBUG - [SKIP] Cannot open trade: Circuit breaker: Rolling PnL of last 50 trades <= -$10 (current: $-11.59) (resumes in 3584s)
2025-12-24 05:43:09 - trades.XPTUSDm - DEBUG - [SKIP] Cannot open trade: Circuit breaker: Rolling PnL of last 50 trades <= -$10 (current: $-11.59) (resumes in 3458s)
2025-12-24 05:45:18 - trades.XPTUSDm - DEBUG - [SKIP] Cannot open trade: Circuit breaker: Rolling PnL of last 50 trades <= -$10 (current: $-11.59) (resumes in 3330s)
2025-12-24 05:47:24 - trades.XPTUSDm - DEBUG - [SKIP] Cannot open trade: Circuit breaker: Rolling PnL of last 50 trades <= -$10 (current: $-11.59) (resumes in 3203s)
2025-12-24 05:49:28 - trades.XPTUSDm - DEBUG - [SKIP] Cannot open trade: Circuit breaker: Rolling PnL of last 50 trades <= -$10 (current: $-11.59) (resumes in 3079s)
2025-12-24 05:52:04 - trades.XPTUSDm - DEBUG - [SKIP] Cannot open trade: Circuit breaker: Rolling PnL of last 50 trades <= -$10 (current: $-11.59) (resumes in 2924s)
2025-12-24 05:58:23 - trades.XPTUSDm - DEBUG - [SKIP] Cannot open trade: Circuit breaker: Rolling PnL of last 50 trades <= -$10 (current: $-11.59) (resumes in 2544s)
2025-12-24 06:07:33 - trades.XPTUSDm - DEBUG - [SKIP] Cannot open trade: Circuit breaker: Rolling PnL of last 50 trades <= -$10 (current: $-11.59) (resumes in 1994s)
2025-12-24 06:13:45 - trades.XPTUSDm - DEBUG - [SKIP] Cannot open trade: Circuit breaker: Rolling PnL of last 50 trades <= -$10 (current: $-11.59) (resumes in 1622s)
2025-12-24 06:19:49 - trades.XPTUSDm - DEBUG - [SKIP] Cannot open trade: Circuit breaker: Rolling PnL of last 50 trades <= -$10 (current: $-11.59) (resumes in 1259s)
2025-12-24 06:22:38 - trades.XPTUSDm - DEBUG - [SKIP] Cannot open trade: Circuit breaker: Rolling PnL of last 50 trades <= -$10 (current: $-11.59) (resumes in 1089s)
2025-12-24 06:25:34 - trades.XPTUSDm - DEBUG - [SKIP] Cannot open trade: Circuit breaker: Rolling PnL of last 50 trades <= -$10 (current: $-11.59) (resumes in 914s)
2025-12-24 06:31:23 - trades.XPTUSDm - DEBUG - [SKIP] Cannot open trade: Circuit breaker: Rolling PnL of last 50 trades <= -$10 (current: $-11.59) (resumes in 565s)
2025-12-24 06:34:27 - trades.XPTUSDm - DEBUG - [SKIP] Cannot open trade: Circuit breaker: Rolling PnL of last 50 trades <= -$10 (current: $-11.59) (resumes in 381s)
2025-12-24 06:37:22 - trades.XPTUSDm - DEBUG - [SKIP] Cannot open trade: Circuit breaker: Rolling PnL of last 50 trades <= -$10 (current: $-11.59) (resumes in 205s)
2025-12-24 06:40:21 - trades.XPTUSDm - DEBUG - [SKIP] Cannot open trade: Circuit breaker: Rolling PnL of last 50 trades <= -$10 (current: $-11.59) (resumes in 26s)
2025-12-24 06:43:23 - trades.XPTUSDm - DEBUG - [SKIP] Cannot open trade: Circuit breaker: Rolling PnL of last 50 trades <= -$10 (current: $-11.59) (resumes in 3450s)
2025-12-24 06:46:25 - trades.XPTUSDm - DEBUG - [SKIP] Cannot open trade: Circuit breaker: Rolling PnL of last 50 trades <= -$10 (current: $-11.59) (resumes in 3268s)
2025-12-24 06:52:13 - trades.XPTUSDm - DEBUG - [SKIP] Cannot open trade: Circuit breaker: Rolling PnL of last 50 trades <= -$10 (current: $-11.59) (resumes in 2920s)
2025-12-24 06:55:13 - trades.XPTUSDm - DEBUG - [SKIP] Cannot open trade: Circuit breaker: Rolling PnL of last 50 trades <= -$10 (current: $-11.59) (resumes in 2740s)
2025-12-24 06:58:03 - trades.XPTUSDm - DEBUG - [SKIP] Cannot open trade: Circuit breaker: Rolling PnL of last 50 trades <= -$10 (current: $-11.59) (resumes in 2570s)
2025-12-24 07:01:08 - trades.XPTUSDm - DEBUG - [SKIP] Cannot open trade: Circuit breaker: Rolling PnL of last 50 trades <= -$10 (current: $-11.59) (resumes in 2385s)
2025-12-24 07:04:14 - trades.XPTUSDm - DEBUG - [SKIP] Cannot open trade: Circuit breaker: Rolling PnL of last 50 trades <= -$10 (current: $-11.59) (resumes in 2200s)
2025-12-24 07:07:15 - trades.XPTUSDm - DEBUG - [SKIP] Cannot open trade: Circuit breaker: Rolling PnL of last 50 trades <= -$10 (current: $-11.59) (resumes in 2018s)
2025-12-24 07:10:18 - trades.XPTUSDm - DEBUG - [SKIP] Cannot open trade: Circuit breaker: Rolling PnL of last 50 trades <= -$10 (current: $-11.59) (resumes in 1835s)
2025-12-24 07:13:17 - trades.XPTUSDm - DEBUG - [SKIP] Cannot open trade: Circuit breaker: Rolling PnL of last 50 trades <= -$10 (current: $-11.59) (resumes in 1657s)
2025-12-24 07:16:21 - trades.XPTUSDm - DEBUG - [SKIP] Cannot open trade: Circuit breaker: Rolling PnL of last 50 trades <= -$10 (current: $-11.59) (resumes in 1472s)
2025-12-24 07:19:28 - trades.XPTUSDm - DEBUG - [SKIP] Cannot open trade: Circuit breaker: Rolling PnL of last 50 trades <= -$10 (current: $-11.59) (resumes in 1285s)
2025-12-24 07:22:40 - trades.XPTUSDm - DEBUG - [SKIP] Cannot open trade: Circuit breaker: Rolling PnL of last 50 trades <= -$10 (current: $-11.59) (resumes in 1093s)
2025-12-24 07:25:43 - trades.XPTUSDm - DEBUG - [SKIP] Cannot open trade: Circuit breaker: Rolling PnL of last 50 trades <= -$10 (current: $-11.59) (resumes in 910s)
2025-12-24 07:28:45 - trades.XPTUSDm - DEBUG - [SKIP] Cannot open trade: Circuit breaker: Rolling PnL of last 50 trades <= -$10 (current: $-11.59) (resumes in 728s)
2025-12-24 07:31:40 - trades.XPTUSDm - DEBUG - [SKIP] Cannot open trade: Circuit breaker: Rolling PnL of last 50 trades <= -$10 (current: $-11.59) (resumes in 553s)
2025-12-24 07:34:39 - trades.XPTUSDm - DEBUG - [SKIP] Cannot open trade: Circuit breaker: Rolling PnL of last 50 trades <= -$10 (current: $-11.59) (resumes in 374s)
2025-12-24 07:37:32 - trades.XPTUSDm - DEBUG - [SKIP] Cannot open trade: Circuit breaker: Rolling PnL of last 50 trades <= -$10 (current: $-11.59) (resumes in 201s)
2025-12-24 07:40:30 - trades.XPTUSDm - DEBUG - [SKIP] Cannot open trade: Circuit breaker: Rolling PnL of last 50 trades <= -$10 (current: $-11.59) (resumes in 23s)
2025-12-24 07:43:29 - trades.XPTUSDm - DEBUG - [SKIP] Cannot open trade: Circuit breaker: Rolling PnL of last 50 trades <= -$10 (current: $-11.59) (resumes in 3451s)
2025-12-24 07:46:31 - trades.XPTUSDm - DEBUG - [SKIP] Cannot open trade: Circuit breaker: Rolling PnL of last 50 trades <= -$10 (current: $-11.59) (resumes in 3269s)
2025-12-24 07:49:34 - trades.XPTUSDm - DEBUG - [SKIP] Cannot open trade: Circuit breaker: Rolling PnL of last 50 trades <= -$10 (current: $-11.59) (resumes in 3087s)
2025-12-24 07:52:35 - trades.XPTUSDm - DEBUG - [SKIP] Cannot open trade: Circuit breaker: Rolling PnL of last 50 trades <= -$10 (current: $-11.59) (resumes in 2906s)
2025-12-24 07:55:30 - trades.XPTUSDm - DEBUG - [SKIP] Cannot open trade: Circuit breaker: Rolling PnL of last 50 trades <= -$10 (current: $-11.59) (resumes in 2730s)
2025-12-24 07:58:39 - trades.XPTUSDm - DEBUG - [SKIP] Cannot open trade: Circuit breaker: Rolling PnL of last 50 trades <= -$10 (current: $-11.59) (resumes in 2541s)
2025-12-24 08:04:45 - trades.XPTUSDm - DEBUG - [SKIP] Cannot open trade: Circuit breaker: Rolling PnL of last 50 trades <= -$10 (current: $-11.59) (resumes in 2176s)
2025-12-24 08:16:59 - trades.XPTUSDm - DEBUG - [SKIP] Cannot open trade: Circuit breaker: Rolling PnL of last 50 trades <= -$10 (current: $-11.59) (resumes in 1442s)
2025-12-24 08:23:20 - trades.XPTUSDm - DEBUG - [SKIP] Cannot open trade: Circuit breaker: Rolling PnL of last 50 trades <= -$10 (current: $-11.59) (resumes in 1061s)
2025-12-24 08:26:26 - trades.XPTUSDm - DEBUG - [SKIP] Cannot open trade: Circuit breaker: Rolling PnL of last 50 trades <= -$10 (current: $-11.59) (resumes in 875s)
2025-12-24 08:29:53 - trades.XPTUSDm - DEBUG - [SKIP] Cannot open trade: Circuit breaker: Rolling PnL of last 50 trades <= -$10 (current: $-11.59) (resumes in 668s)
2025-12-24 08:33:05 - trades.XPTUSDm - DEBUG - [SKIP] Cannot open trade: Circuit breaker: Rolling PnL of last 50 trades <= -$10 (current: $-11.59) (resumes in 475s)
2025-12-24 08:55:48 - trades.XPTUSDm - DEBUG - [SKIP] Cannot open trade: Circuit breaker: Rolling PnL of last 50 trades <= -$10 (current: $-11.59) (resumes in 2770s)
2025-12-24 08:58:53 - trades.XPTUSDm - DEBUG - [SKIP] Cannot open trade: Circuit breaker: Rolling PnL of last 50 trades <= -$10 (current: $-11.59) (resumes in 2585s)
2025-12-24 09:01:59 - trades.XPTUSDm - DEBUG - [SKIP] Cannot open trade: Circuit breaker: Rolling PnL of last 50 trades <= -$10 (current: $-11.59) (resumes in 2399s)
2025-12-24 09:05:01 - trades.XPTUSDm - DEBUG - [SKIP] Cannot open trade: Circuit breaker: Rolling PnL of last 50 trades <= -$10 (current: $-11.59) (resumes in 2216s)
2025-12-24 09:08:09 - trades.XPTUSDm - DEBUG - [SKIP] Cannot open trade: Circuit breaker: Rolling PnL of last 50 trades <= -$10 (current: $-11.59) (resumes in 2029s)
2025-12-24 09:11:19 - trades.XPTUSDm - DEBUG - [SKIP] Cannot open trade: Circuit breaker: Rolling PnL of last 50 trades <= -$10 (current: $-11.59) (resumes in 1839s)
2025-12-24 09:14:27 - trades.XPTUSDm - DEBUG - [SKIP] Cannot open trade: Circuit breaker: Rolling PnL of last 50 trades <= -$10 (current: $-11.59) (resumes in 1651s)
2025-12-24 09:17:43 - trades.XPTUSDm - DEBUG - [SKIP] Cannot open trade: Circuit breaker: Rolling PnL of last 50 trades <= -$10 (current: $-11.59) (resumes in 1454s)
2025-12-24 09:21:10 - trades.XPTUSDm - DEBUG - [SKIP] Cannot open trade: Circuit breaker: Rolling PnL of last 50 trades <= -$10 (current: $-11.59) (resumes in 1248s)
2025-12-24 09:24:30 - trades.XPTUSDm - DEBUG - [SKIP] Cannot open trade: Circuit breaker: Rolling PnL of last 50 trades <= -$10 (current: $-11.59) (resumes in 1048s)
2025-12-24 09:30:58 - trades.XPTUSDm - DEBUG - [SKIP] Cannot open trade: Circuit breaker: Rolling PnL of last 50 trades <= -$10 (current: $-11.59) (resumes in 659s)
2025-12-24 09:54:04 - trades.XPTUSDm - DEBUG - [SKIP] Cannot open trade: Circuit breaker: Rolling PnL of last 50 trades <= -$10 (current: $-11.59) (resumes in 2949s)
2025-12-24 09:57:28 - trades.XPTUSDm - DEBUG - [SKIP] Cannot open trade: Circuit breaker: Rolling PnL of last 50 trades <= -$10 (current: $-11.59) (resumes in 2745s)
2025-12-24 10:00:56 - trades.XPTUSDm - DEBUG - [SKIP] Cannot open trade: Circuit breaker: Rolling PnL of last 50 trades <= -$10 (current: $-11.59) (resumes in 2536s)
2025-12-24 10:04:21 - trades.XPTUSDm - DEBUG - [SKIP] Cannot open trade: Circuit breaker: Rolling PnL of last 50 trades <= -$10 (current: $-11.59) (resumes in 2332s)
2025-12-24 10:07:52 - trades.XPTUSDm - DEBUG - [SKIP] Cannot open trade: Circuit breaker: Rolling PnL of last 50 trades <= -$10 (current: $-11.59) (resumes in 2120s)
2025-12-24 10:11:20 - trades.XPTUSDm - DEBUG - [SKIP] Cannot open trade: Circuit breaker: Rolling PnL of last 50 trades <= -$10 (current: $-11.59) (resumes in 1912s)
2025-12-24 10:14:52 - trades.XPTUSDm - DEBUG - [SKIP] Cannot open trade: Circuit breaker: Rolling PnL of last 50 trades <= -$10 (current: $-11.59) (resumes in 1700s)
2025-12-24 10:18:15 - trades.XPTUSDm - DEBUG - [SKIP] Cannot open trade: Circuit breaker: Rolling PnL of last 50 trades <= -$10 (current: $-11.59) (resumes in 1498s)
2025-12-24 10:21:25 - trades.XPTUSDm - DEBUG - [SKIP] Cannot open trade: Circuit breaker: Rolling PnL of last 50 trades <= -$10 (current: $-11.59) (resumes in 1307s)
2025-12-24 10:24:39 - trades.XPTUSDm - DEBUG - [SKIP] Cannot open trade: Circuit breaker: Rolling PnL of last 50 trades <= -$10 (current: $-11.59) (resumes in 1114s)
2025-12-24 10:27:56 - trades.XPTUSDm - DEBUG - [SKIP] Cannot open trade: Circuit breaker: Rolling PnL of last 50 trades <= -$10 (current: $-11.59) (resumes in 917s)
2025-12-24 10:31:07 - trades.XPTUSDm - DEBUG - [SKIP] Cannot open trade: Circuit breaker: Rolling PnL of last 50 trades <= -$10 (current: $-11.59) (resumes in 726s)
2025-12-24 10:34:21 - trades.XPTUSDm - DEBUG - [SKIP] Cannot open trade: Circuit breaker: Rolling PnL of last 50 trades <= -$10 (current: $-11.59) (resumes in 531s)
2025-12-24 10:37:29 - trades.XPTUSDm - DEBUG - [SKIP] Cannot open trade: Circuit breaker: Rolling PnL of last 50 trades <= -$10 (current: $-11.59) (resumes in 343s)
2025-12-24 10:40:44 - trades.XPTUSDm - DEBUG - [SKIP] Cannot open trade: Circuit breaker: Rolling PnL of last 50 trades <= -$10 (current: $-11.59) (resumes in 149s)
2025-12-24 10:43:53 - trades.XPTUSDm - DEBUG - [SKIP] Cannot open trade: Circuit breaker: Rolling PnL of last 50 trades <= -$10 (current: $-11.59) (resumes in 3563s)
2025-12-24 10:47:08 - trades.XPTUSDm - DEBUG - [SKIP] Cannot open trade: Circuit breaker: Rolling PnL of last 50 trades <= -$10 (current: $-11.59) (resumes in 3369s)
2025-12-24 10:50:15 - trades.XPTUSDm - DEBUG - [SKIP] Cannot open trade: Circuit breaker: Rolling PnL of last 50 trades <= -$10 (current: $-11.59) (resumes in 3182s)
2025-12-24 10:53:18 - trades.XPTUSDm - DEBUG - [SKIP] Cannot open trade: Circuit breaker: Rolling PnL of last 50 trades <= -$10 (current: $-11.59) (resumes in 2999s)
2025-12-24 10:56:48 - trades.XPTUSDm - DEBUG - [SKIP] Cannot open trade: Circuit breaker: Rolling PnL of last 50 trades <= -$10 (current: $-11.59) (resumes in 2789s)
2025-12-24 11:07:50 - trades.XPTUSDm - DEBUG - [SKIP] Cannot open trade: Circuit breaker: Rolling PnL of last 50 trades <= -$10 (current: $-11.59) (resumes in 2127s)
2025-12-24 11:12:09 - trades.XPTUSDm - DEBUG - [SKIP] Cannot open trade: Circuit breaker: Rolling PnL of last 50 trades <= -$10 (current: $-11.59) (resumes in 1868s)
2025-12-24 11:16:11 - trades.XPTUSDm - DEBUG - [SKIP] Cannot open trade: Circuit breaker: Rolling PnL of last 50 trades <= -$10 (current: $-11.59) (resumes in 1626s)
2025-12-24 11:20:04 - trades.XPTUSDm - DEBUG - [SKIP] Cannot open trade: Circuit breaker: Rolling PnL of last 50 trades <= -$10 (current: $-11.59) (resumes in 1393s)
2025-12-24 11:23:28 - trades.XPTUSDm - DEBUG - [SKIP] Cannot open trade: Circuit breaker: Rolling PnL of last 50 trades <= -$10 (current: $-11.59) (resumes in 1188s)
2025-12-24 11:26:51 - trades.XPTUSDm - DEBUG - [SKIP] Cannot open trade: Circuit breaker: Rolling PnL of last 50 trades <= -$10 (current: $-11.59) (resumes in 986s)
2025-12-24 11:33:32 - trades.XPTUSDm - DEBUG - [SKIP] Cannot open trade: Circuit breaker: Rolling PnL of last 50 trades <= -$10 (current: $-11.59) (resumes in 585s)
2025-12-24 11:36:55 - trades.XPTUSDm - DEBUG - [SKIP] Cannot open trade: Circuit breaker: Rolling PnL of last 50 trades <= -$10 (current: $-11.59) (resumes in 381s)
2025-12-24 11:40:16 - trades.XPTUSDm - DEBUG - [SKIP] Cannot open trade: Circuit breaker: Rolling PnL of last 50 trades <= -$10 (current: $-11.59) (resumes in 180s)
2025-12-24 11:43:39 - trades.XPTUSDm - DEBUG - [SKIP] Cannot open trade: Circuit breaker: Rolling PnL of last 50 trades <= -$10 (current: $-11.59) (resumes in 3582s)
2025-12-24 11:46:53 - trades.XPTUSDm - DEBUG - [SKIP] Cannot open trade: Circuit breaker: Rolling PnL of last 50 trades <= -$10 (current: $-11.59) (resumes in 3388s)
2025-12-24 11:50:11 - trades.XPTUSDm - DEBUG - [SKIP] Cannot open trade: Circuit breaker: Rolling PnL of last 50 trades <= -$10 (current: $-11.59) (resumes in 3190s)
2025-12-24 11:53:33 - trades.XPTUSDm - DEBUG - [SKIP] Cannot open trade: Circuit breaker: Rolling PnL of last 50 trades <= -$10 (current: $-11.59) (resumes in 2988s)
2025-12-24 11:57:01 - trades.XPTUSDm - DEBUG - [SKIP] Cannot open trade: Circuit breaker: Rolling PnL of last 50 trades <= -$10 (current: $-11.59) (resumes in 2780s)
2025-12-24 12:00:19 - trades.XPTUSDm - DEBUG - [SKIP] Cannot open trade: Circuit breaker: Rolling PnL of last 50 trades <= -$10 (current: $-11.59) (resumes in 2582s)
2025-12-24 12:03:33 - trades.XPTUSDm - DEBUG - [SKIP] Cannot open trade: Circuit breaker: Rolling PnL of last 50 trades <= -$10 (current: $-11.59) (resumes in 2388s)
2025-12-24 12:06:40 - trades.XPTUSDm - DEBUG - [SKIP] Cannot open trade: Circuit breaker: Rolling PnL of last 50 trades <= -$10 (current: $-11.59) (resumes in 2201s)
2025-12-24 12:09:38 - trades.XPTUSDm - DEBUG - [SKIP] Cannot open trade: Circuit breaker: Rolling PnL of last 50 trades <= -$10 (current: $-11.59) (resumes in 2023s)
2025-12-24 12:12:42 - trades.XPTUSDm - DEBUG - [SKIP] Cannot open trade: Circuit breaker: Rolling PnL of last 50 trades <= -$10 (current: $-11.59) (resumes in 1839s)
2025-12-24 12:15:53 - trades.XPTUSDm - DEBUG - [SKIP] Cannot open trade: Circuit breaker: Rolling PnL of last 50 trades <= -$10 (current: $-11.59) (resumes in 1648s)
2025-12-24 12:18:59 - trades.XPTUSDm - DEBUG - [SKIP] Cannot open trade: Circuit breaker: Rolling PnL of last 50 trades <= -$10 (current: $-11.59) (resumes in 1462s)
2025-12-24 12:22:08 - trades.XPTUSDm - DEBUG - [SKIP] Cannot open trade: Circuit breaker: Rolling PnL of last 50 trades <= -$10 (current: $-11.59) (resumes in 1273s)
2025-12-24 12:25:10 - trades.XPTUSDm - DEBUG - [SKIP] Cannot open trade: Circuit breaker: Rolling PnL of last 50 trades <= -$10 (current: $-11.59) (resumes in 1091s)
2025-12-24 12:28:22 - trades.XPTUSDm - DEBUG - [SKIP] Cannot open trade: Circuit breaker: Rolling PnL of last 50 trades <= -$10 (current: $-11.59) (resumes in 899s)
2025-12-24 12:31:32 - trades.XPTUSDm - DEBUG - [SKIP] Cannot open trade: Circuit breaker: Rolling PnL of last 50 trades <= -$10 (current: $-11.59) (resumes in 709s)
2025-12-24 12:34:44 - trades.XPTUSDm - DEBUG - [SKIP] Cannot open trade: Circuit breaker: Rolling PnL of last 50 trades <= -$10 (current: $-11.59) (resumes in 517s)
2025-12-24 12:38:03 - trades.XPTUSDm - DEBUG - [SKIP] Cannot open trade: Circuit breaker: Rolling PnL of last 50 trades <= -$10 (current: $-11.59) (resumes in 318s)
2025-12-24 12:41:11 - trades.XPTUSDm - DEBUG - [SKIP] Cannot open trade: Circuit breaker: Rolling PnL of last 50 trades <= -$10 (current: $-11.59) (resumes in 130s)
2025-12-24 12:44:25 - trades.XPTUSDm - DEBUG - [SKIP] Cannot open trade: Circuit breaker: Rolling PnL of last 50 trades <= -$10 (current: $-11.59) (resumes in 3565s)
2025-12-24 12:47:38 - trades.XPTUSDm - DEBUG - [SKIP] Cannot open trade: Circuit breaker: Rolling PnL of last 50 trades <= -$10 (current: $-11.59) (resumes in 3373s)
2025-12-24 12:50:50 - trades.XPTUSDm - DEBUG - [SKIP] Cannot open trade: Circuit breaker: Rolling PnL of last 50 trades <= -$10 (current: $-11.59) (resumes in 3180s)
2025-12-24 12:54:06 - trades.XPTUSDm - DEBUG - [SKIP] Cannot open trade: Circuit breaker: Rolling PnL of last 50 trades <= -$10 (current: $-11.59) (resumes in 2985s)
2025-12-24 12:57:22 - trades.XPTUSDm - DEBUG - [SKIP] Cannot open trade: Circuit breaker: Rolling PnL of last 50 trades <= -$10 (current: $-11.59) (resumes in 2788s)
2025-12-24 13:00:42 - trades.XPTUSDm - DEBUG - [SKIP] Cannot open trade: Circuit breaker: Rolling PnL of last 50 trades <= -$10 (current: $-11.59) (resumes in 2589s)
2025-12-24 13:03:50 - trades.XPTUSDm - DEBUG - [SKIP] Cannot open trade: Circuit breaker: Rolling PnL of last 50 trades <= -$10 (current: $-11.59) (resumes in 2400s)
2025-12-24 13:06:56 - trades.XPTUSDm - DEBUG - [SKIP] Cannot open trade: Circuit breaker: Rolling PnL of last 50 trades <= -$10 (current: $-11.59) (resumes in 2214s)
2025-12-24 13:10:09 - trades.XPTUSDm - DEBUG - [SKIP] Cannot open trade: Circuit breaker: Rolling PnL of last 50 trades <= -$10 (current: $-11.59) (resumes in 2021s)
2025-12-24 13:42:06 - trades.XPTUSDm - DEBUG - [SKIP] Cannot open trade: Circuit breaker: Rolling PnL of last 50 trades <= -$10 (current: $-11.59) (resumes in 105s)
2025-12-24 13:45:30 - trades.XPTUSDm - DEBUG - [SKIP] Cannot open trade: Circuit breaker: Rolling PnL of last 50 trades <= -$10 (current: $-11.59) (resumes in 3546s)
2025-12-24 13:48:47 - trades.XPTUSDm - DEBUG - [SKIP] Cannot open trade: Circuit breaker: Rolling PnL of last 50 trades <= -$10 (current: $-11.59) (resumes in 3349s)
2025-12-24 13:52:10 - trades.XPTUSDm - DEBUG - [SKIP] Cannot open trade: Circuit breaker: Rolling PnL of last 50 trades <= -$10 (current: $-11.59) (resumes in 3146s)
2025-12-24 13:55:42 - trades.XPTUSDm - DEBUG - [SKIP] Cannot open trade: Circuit breaker: Rolling PnL of last 50 trades <= -$10 (current: $-11.59) (resumes in 2934s)
2025-12-24 13:59:12 - trades.XPTUSDm - DEBUG - [SKIP] Cannot open trade: Circuit breaker: Rolling PnL of last 50 trades <= -$10 (current: $-11.59) (resumes in 2724s)
2025-12-24 14:02:43 - trades.XPTUSDm - DEBUG - [SKIP] Cannot open trade: Circuit breaker: Rolling PnL of last 50 trades <= -$10 (current: $-11.59) (resumes in 2513s)
2025-12-24 14:06:09 - trades.XPTUSDm - DEBUG - [SKIP] Cannot open trade: Circuit breaker: Rolling PnL of last 50 trades <= -$10 (current: $-11.59) (resumes in 2308s)
2025-12-24 14:09:42 - trades.XPTUSDm - DEBUG - [SKIP] Cannot open trade: Circuit breaker: Rolling PnL of last 50 trades <= -$10 (current: $-11.59) (resumes in 2094s)
2025-12-24 14:13:10 - trades.XPTUSDm - DEBUG - [SKIP] Cannot open trade: Circuit breaker: Rolling PnL of last 50 trades <= -$10 (current: $-11.59) (resumes in 1886s)
2025-12-24 14:16:33 - trades.XPTUSDm - DEBUG - [SKIP] Cannot open trade: Circuit breaker: Rolling PnL of last 50 trades <= -$10 (current: $-11.59) (resumes in 1683s)
2025-12-24 14:23:08 - trades.XPTUSDm - DEBUG - [SKIP] Cannot open trade: Circuit breaker: Rolling PnL of last 50 trades <= -$10 (current: $-11.59) (resumes in 1288s)
2025-12-24 14:26:39 - trades.XPTUSDm - DEBUG - [SKIP] Cannot open trade: Circuit breaker: Rolling PnL of last 50 trades <= -$10 (current: $-11.59) (resumes in 1077s)
