2025-12-11 20:16:30 - trades.KOm - INFO - ================================================================================
2025-12-11 20:16:30 - trades.KOm - INFO - ✅ TRADE EXECUTED SUCCESSFULLY
2025-12-11 20:16:30 - trades.KOm - INFO -    Symbol: KOm
2025-12-11 20:16:30 - trades.KOm - INFO -    Direction: LONG
2025-12-11 20:16:30 - trades.KOm - INFO -    Ticket: 491673414
2025-12-11 20:16:30 - trades.KOm - INFO -    Entry Price (Requested): 69.18000
2025-12-11 20:16:30 - trades.KOm - INFO -    Entry Price (Actual Fill): 69.18000
2025-12-11 20:16:30 - trades.KOm - INFO -    Lot Size: 0.0100
2025-12-11 20:16:30 - trades.KOm - INFO -    Stop Loss: 200.0 pips (67.18000)
2025-12-11 20:16:30 - trades.KOm - INFO -    Risk: $2.00 USD
2025-12-11 20:16:30 - trades.KOm - INFO -    Spread: 10.0 points
2025-12-11 20:16:30 - trades.KOm - INFO -    Spread+Fees Cost: $0.10 USD
2025-12-11 20:16:30 - trades.KOm - INFO -    Quality Score: 80.0
2025-12-11 20:16:30 - trades.KOm - INFO -    Min Lot: 0.01
2025-12-11 20:16:30 - trades.KOm - INFO -    Min Lot Source: broker
2025-12-11 20:16:30 - trades.KOm - INFO -    Sma Fast: 69.1735
2025-12-11 20:16:30 - trades.KOm - INFO -    Sma Slow: 69.08059999999999
2025-12-11 20:16:30 - trades.KOm - INFO -    Rsi: 22.2222222222193
2025-12-11 20:16:30 - trades.KOm - INFO - ================================================================================
{"timestamp": "2025-12-11 20:16:30", "symbol": "KOm", "trade_type": "LONG", "entry_price": 69.18, "exit_price": null, "profit_usd": null, "status": "OPEN", "order_id": "491673414", "additional_info": {"entry_price_requested": 69.18, "lot_size": 0.01, "stop_loss_pips": 200.0, "stop_loss_price": 67.18, "slippage": 0.0, "quality_score": 80, "spread_points": 10.000000000000853, "spread_fees_cost": 0.10000000000000853, "risk_usd": 2.0, "min_lot": 0.01, "min_lot_source": "broker", "sma_fast": 69.1735, "sma_slow": 69.08059999999999, "rsi": 22.2222222222193}}
