{"timestamp": "2025-12-09 18:42:40", "symbol": "US30_x10m", "trade_type": null, "entry_price": 47769.8, "exit_price": 47768.6, "profit_usd": 0.12, "status": "CLOSED", "order_id": "471618230", "additional_info": {"duration_minutes": 3.3333333333333335, "close_reason": "Micro-HFT sweet spot profit", "commission": 0.0, "swap": 0.0}}
{"timestamp": "2025-12-09 18:42:43", "symbol": "US30_x10m", "trade_type": null, "entry_price": 47770.200000000004, "exit_price": 47768.3, "profit_usd": 0.19, "status": "CLOSED", "order_id": "471603511", "additional_info": {"duration_minutes": 5.05, "close_reason": "Take Profit or Trailing Stop", "commission": 0.0, "swap": 0.0}}
{"timestamp": "2025-12-09 18:42:43", "symbol": "US30_x10m", "trade_type": null, "entry_price": 47770.600000000006, "exit_price": 47768.4, "profit_usd": 0.22, "status": "CLOSED", "order_id": "471614365", "additional_info": {"duration_minutes": 3.8, "close_reason": "Micro-HFT sweet spot profit", "commission": 0.0, "swap": 0.0}}
2025-12-09 18:43:08 - trades.US30_x10m - INFO - ================================================================================
2025-12-09 18:43:08 - trades.US30_x10m - INFO - ✅ TRADE EXECUTED SUCCESSFULLY
2025-12-09 18:43:08 - trades.US30_x10m - INFO -    Symbol: US30_x10m
2025-12-09 18:43:08 - trades.US30_x10m - INFO -    Direction: SHORT
2025-12-09 18:43:08 - trades.US30_x10m - INFO -    Ticket: 471652297
2025-12-09 18:43:08 - trades.US30_x10m - INFO -    Entry Price (Requested): 47771.30000
2025-12-09 18:43:08 - trades.US30_x10m - INFO -    Entry Price (Actual Fill): 47771.30000
2025-12-09 18:43:08 - trades.US30_x10m - INFO -    Lot Size: 0.0100
2025-12-09 18:43:08 - trades.US30_x10m - INFO -    Stop Loss: 161.3 pips (16.12857)
2025-12-09 18:43:08 - trades.US30_x10m - INFO -    Risk: $1.61 USD
2025-12-09 18:43:08 - trades.US30_x10m - INFO -    Spread: 0.4 points
2025-12-09 18:43:08 - trades.US30_x10m - INFO -    Spread+Fees Cost: $0.19 USD
2025-12-09 18:43:08 - trades.US30_x10m - INFO -    Quality Score: 50.0
2025-12-09 18:43:08 - trades.US30_x10m - INFO -    Min Lot: 0.01
2025-12-09 18:43:08 - trades.US30_x10m - INFO -    Min Lot Source: broker
2025-12-09 18:43:08 - trades.US30_x10m - INFO -    Sma Fast: 47783.675
2025-12-09 18:43:08 - trades.US30_x10m - INFO -    Sma Slow: 47800.792
2025-12-09 18:43:08 - trades.US30_x10m - INFO -    Rsi: 27.366863905326028
2025-12-09 18:43:08 - trades.US30_x10m - INFO - ================================================================================
{"timestamp": "2025-12-09 18:43:08", "symbol": "US30_x10m", "trade_type": "SHORT", "entry_price": 47771.3, "exit_price": null, "profit_usd": null, "status": "OPEN", "order_id": "471652297", "additional_info": {"entry_price_requested": 47771.3, "lot_size": 0.01, "stop_loss_pips": 161.28571428569558, "stop_loss_price": 16.128571428569558, "slippage": 0.0, "quality_score": 50, "spread_points": 0.3977283431671692, "spread_fees_cost": 0.1899999999994179, "risk_usd": 1.6128571428569558, "min_lot": 0.01, "min_lot_source": "broker", "sma_fast": 47783.675, "sma_slow": 47800.792, "rsi": 27.366863905326028}}
2025-12-09 18:44:25 - trades.US30_x10m - INFO - ================================================================================
2025-12-09 18:44:25 - trades.US30_x10m - INFO - ✅ TRADE EXECUTED SUCCESSFULLY
2025-12-09 18:44:25 - trades.US30_x10m - INFO -    Symbol: US30_x10m
2025-12-09 18:44:25 - trades.US30_x10m - INFO -    Direction: SHORT
2025-12-09 18:44:25 - trades.US30_x10m - INFO -    Ticket: 471663226
2025-12-09 18:44:25 - trades.US30_x10m - INFO -    Entry Price (Requested): 47775.90000
2025-12-09 18:44:25 - trades.US30_x10m - INFO -    Entry Price (Actual Fill): 47773.60000
2025-12-09 18:44:25 - trades.US30_x10m - INFO -    Entry Slippage: 2.30000
2025-12-09 18:44:25 - trades.US30_x10m - INFO -    Lot Size: 0.0100
2025-12-09 18:44:25 - trades.US30_x10m - INFO -    Stop Loss: 172.1 pips (17.21429)
2025-12-09 18:44:25 - trades.US30_x10m - INFO -    Risk: $1.72 USD
2025-12-09 18:44:25 - trades.US30_x10m - INFO -    Spread: 0.4 points
2025-12-09 18:44:25 - trades.US30_x10m - INFO -    Spread+Fees Cost: $0.19 USD
2025-12-09 18:44:25 - trades.US30_x10m - INFO -    Quality Score: 50.0
2025-12-09 18:44:25 - trades.US30_x10m - INFO -    Min Lot: 0.01
2025-12-09 18:44:25 - trades.US30_x10m - INFO -    Min Lot Source: broker
2025-12-09 18:44:25 - trades.US30_x10m - INFO -    Sma Fast: 47782.725
2025-12-09 18:44:25 - trades.US30_x10m - INFO -    Sma Slow: 47799.88
2025-12-09 18:44:25 - trades.US30_x10m - INFO -    Rsi: 30.303030303029033
2025-12-09 18:44:25 - trades.US30_x10m - INFO - ================================================================================
{"timestamp": "2025-12-09 18:44:25", "symbol": "US30_x10m", "trade_type": "SHORT", "entry_price": 47773.6, "exit_price": null, "profit_usd": null, "status": "OPEN", "order_id": "471663226", "additional_info": {"entry_price_requested": 47775.9, "lot_size": 0.01, "stop_loss_pips": 172.14285714283636, "stop_loss_price": 17.214285714283637, "slippage": 2.3000000000029104, "quality_score": 50, "spread_points": 0.39769004874873215, "spread_fees_cost": 0.19000000000014555, "risk_usd": 1.7214285714282596, "min_lot": 0.01, "min_lot_source": "broker", "sma_fast": 47782.725, "sma_slow": 47799.88, "rsi": 30.303030303029033}}
2025-12-09 18:44:51 - trades.US30_x10m - INFO - ================================================================================
2025-12-09 18:44:51 - trades.US30_x10m - INFO - ✅ TRADE EXECUTED SUCCESSFULLY
2025-12-09 18:44:51 - trades.US30_x10m - INFO -    Symbol: US30_x10m
2025-12-09 18:44:51 - trades.US30_x10m - INFO -    Direction: SHORT
2025-12-09 18:44:51 - trades.US30_x10m - INFO -    Ticket: 471667239
2025-12-09 18:44:51 - trades.US30_x10m - INFO -    Entry Price (Requested): 47779.30000
2025-12-09 18:44:51 - trades.US30_x10m - INFO -    Entry Price (Actual Fill): 47778.00000
2025-12-09 18:44:51 - trades.US30_x10m - INFO -    Entry Slippage: 1.30000
2025-12-09 18:44:51 - trades.US30_x10m - INFO -    Lot Size: 0.0100
2025-12-09 18:44:51 - trades.US30_x10m - INFO -    Stop Loss: 174.0 pips (17.40000)
2025-12-09 18:44:51 - trades.US30_x10m - INFO -    Risk: $1.74 USD
2025-12-09 18:44:51 - trades.US30_x10m - INFO -    Spread: 0.4 points
2025-12-09 18:44:51 - trades.US30_x10m - INFO -    Spread+Fees Cost: $0.19 USD
2025-12-09 18:44:51 - trades.US30_x10m - INFO -    Quality Score: 50.0
2025-12-09 18:44:51 - trades.US30_x10m - INFO -    Min Lot: 0.01
2025-12-09 18:44:51 - trades.US30_x10m - INFO -    Min Lot Source: broker
2025-12-09 18:44:51 - trades.US30_x10m - INFO -    Sma Fast: 47782.229999999996
2025-12-09 18:44:51 - trades.US30_x10m - INFO -    Sma Slow: 47799.08
2025-12-09 18:44:51 - trades.US30_x10m - INFO -    Rsi: 32.42467718794761
2025-12-09 18:44:51 - trades.US30_x10m - INFO - ================================================================================
{"timestamp": "2025-12-09 18:44:51", "symbol": "US30_x10m", "trade_type": "SHORT", "entry_price": 47778.0, "exit_price": null, "profit_usd": null, "status": "OPEN", "order_id": "471667239", "additional_info": {"entry_price_requested": 47779.3, "lot_size": 0.01, "stop_loss_pips": 173.99999999997297, "stop_loss_price": 17.3999999999973, "slippage": 1.3000000000029104, "quality_score": 50, "spread_points": 0.39766174891515343, "spread_fees_cost": 0.1899999999994179, "risk_usd": 1.7399999999994178, "min_lot": 0.01, "min_lot_source": "broker", "sma_fast": 47782.229999999996, "sma_slow": 47799.08, "rsi": 32.42467718794761}}
