2025-12-09 16:40:19 - risk_manager - INFO - Micro-HFT Profit Engine registered with RiskManager
2025-12-09 16:44:48 - risk_manager - INFO - Micro-HFT Profit Engine registered with RiskManager
2025-12-09 16:48:06 - risk_manager - INFO - Micro-HFT Profit Engine registered with RiskManager
2025-12-09 16:51:36 - risk_manager - INFO - Micro-HFT Profit Engine registered with RiskManager
2025-12-09 16:55:54 - risk_manager - INFO - Micro-HFT Profit Engine registered with RiskManager
2025-12-09 17:02:23 - risk_manager - INFO - Micro-HFT Profit Engine registered with RiskManager
2025-12-09 17:08:07 - risk_manager - ERROR - Error in continuous trailing stop monitoring: name 'logging' is not defined
Traceback (most recent call last):
  File "D:\WORK\TRADING\risk\risk_manager.py", line 1261, in monitor_all_positions_continuous
    success, reason = self.update_continuous_trailing_stop(ticket, current_profit)
                      ^^^^^^^^^^^^^^^^^^^^^^^^^^^^^^^^^^^^^^^^^^^^^^^^^^^^^^^^^^^^
  File "D:\WORK\TRADING\risk\risk_manager.py", line 1076, in update_continuous_trailing_stop
    root_logger = logging.getLogger()
                  ^^^^^^^
NameError: name 'logging' is not defined
2025-12-09 17:08:11 - risk_manager - ERROR - Error in continuous trailing stop monitoring: name 'logging' is not defined
Traceback (most recent call last):
  File "D:\WORK\TRADING\risk\risk_manager.py", line 1261, in monitor_all_positions_continuous
    success, reason = self.update_continuous_trailing_stop(ticket, current_profit)
                      ^^^^^^^^^^^^^^^^^^^^^^^^^^^^^^^^^^^^^^^^^^^^^^^^^^^^^^^^^^^^
  File "D:\WORK\TRADING\risk\risk_manager.py", line 1076, in update_continuous_trailing_stop
    root_logger = logging.getLogger()
                  ^^^^^^^
NameError: name 'logging' is not defined
2025-12-09 17:08:12 - risk_manager - ERROR - Error in continuous trailing stop monitoring: name 'logging' is not defined
Traceback (most recent call last):
  File "D:\WORK\TRADING\risk\risk_manager.py", line 1261, in monitor_all_positions_continuous
    success, reason = self.update_continuous_trailing_stop(ticket, current_profit)
                      ^^^^^^^^^^^^^^^^^^^^^^^^^^^^^^^^^^^^^^^^^^^^^^^^^^^^^^^^^^^^
  File "D:\WORK\TRADING\risk\risk_manager.py", line 1076, in update_continuous_trailing_stop
    root_logger = logging.getLogger()
                  ^^^^^^^
NameError: name 'logging' is not defined
2025-12-09 17:08:13 - risk_manager - ERROR - Error in continuous trailing stop monitoring: name 'logging' is not defined
Traceback (most recent call last):
  File "D:\WORK\TRADING\risk\risk_manager.py", line 1261, in monitor_all_positions_continuous
    success, reason = self.update_continuous_trailing_stop(ticket, current_profit)
                      ^^^^^^^^^^^^^^^^^^^^^^^^^^^^^^^^^^^^^^^^^^^^^^^^^^^^^^^^^^^^
  File "D:\WORK\TRADING\risk\risk_manager.py", line 1076, in update_continuous_trailing_stop
    root_logger = logging.getLogger()
                  ^^^^^^^
NameError: name 'logging' is not defined
2025-12-09 17:08:16 - risk_manager - ERROR - Error in continuous trailing stop monitoring: name 'logging' is not defined
Traceback (most recent call last):
  File "D:\WORK\TRADING\risk\risk_manager.py", line 1261, in monitor_all_positions_continuous
    success, reason = self.update_continuous_trailing_stop(ticket, current_profit)
                      ^^^^^^^^^^^^^^^^^^^^^^^^^^^^^^^^^^^^^^^^^^^^^^^^^^^^^^^^^^^^
  File "D:\WORK\TRADING\risk\risk_manager.py", line 1076, in update_continuous_trailing_stop
    root_logger = logging.getLogger()
                  ^^^^^^^
NameError: name 'logging' is not defined
2025-12-09 17:08:17 - risk_manager - ERROR - Error in continuous trailing stop monitoring: name 'logging' is not defined
Traceback (most recent call last):
  File "D:\WORK\TRADING\risk\risk_manager.py", line 1261, in monitor_all_positions_continuous
    success, reason = self.update_continuous_trailing_stop(ticket, current_profit)
                      ^^^^^^^^^^^^^^^^^^^^^^^^^^^^^^^^^^^^^^^^^^^^^^^^^^^^^^^^^^^^
  File "D:\WORK\TRADING\risk\risk_manager.py", line 1076, in update_continuous_trailing_stop
    root_logger = logging.getLogger()
                  ^^^^^^^
NameError: name 'logging' is not defined
2025-12-09 17:08:22 - risk_manager - ERROR - Error in continuous trailing stop monitoring: name 'logging' is not defined
Traceback (most recent call last):
  File "D:\WORK\TRADING\risk\risk_manager.py", line 1261, in monitor_all_positions_continuous
    success, reason = self.update_continuous_trailing_stop(ticket, current_profit)
                      ^^^^^^^^^^^^^^^^^^^^^^^^^^^^^^^^^^^^^^^^^^^^^^^^^^^^^^^^^^^^
  File "D:\WORK\TRADING\risk\risk_manager.py", line 1076, in update_continuous_trailing_stop
    root_logger = logging.getLogger()
                  ^^^^^^^
NameError: name 'logging' is not defined
2025-12-09 17:08:28 - risk_manager - ERROR - Error in continuous trailing stop monitoring: name 'logging' is not defined
Traceback (most recent call last):
  File "D:\WORK\TRADING\risk\risk_manager.py", line 1261, in monitor_all_positions_continuous
    success, reason = self.update_continuous_trailing_stop(ticket, current_profit)
                      ^^^^^^^^^^^^^^^^^^^^^^^^^^^^^^^^^^^^^^^^^^^^^^^^^^^^^^^^^^^^
  File "D:\WORK\TRADING\risk\risk_manager.py", line 1076, in update_continuous_trailing_stop
    root_logger = logging.getLogger()
                  ^^^^^^^
NameError: name 'logging' is not defined
2025-12-09 17:16:21 - risk_manager - ERROR - Error in continuous trailing stop monitoring: name 'logging' is not defined
Traceback (most recent call last):
  File "D:\WORK\TRADING\risk\risk_manager.py", line 1261, in monitor_all_positions_continuous
    # When profit reaches $0.10, trailing stop locks it, preventing premature closure at $0.03
                      ^^^^^^^^^^^^^^^^^^^^^^^^^^^^^^^^^^^^^^^^^^^^^^^^^^^^^^^^^^^^
  File "D:\WORK\TRADING\risk\risk_manager.py", line 1076, in update_continuous_trailing_stop
    # Log to root (minimal) - only critical events
                  ^^^^^^^
NameError: name 'logging' is not defined
2025-12-09 17:16:23 - risk_manager - ERROR - Error in continuous trailing stop monitoring: name 'logging' is not defined
Traceback (most recent call last):
  File "D:\WORK\TRADING\risk\risk_manager.py", line 1261, in monitor_all_positions_continuous
    # When profit reaches $0.10, trailing stop locks it, preventing premature closure at $0.03
                      ^^^^^^^^^^^^^^^^^^^^^^^^^^^^^^^^^^^^^^^^^^^^^^^^^^^^^^^^^^^^
  File "D:\WORK\TRADING\risk\risk_manager.py", line 1076, in update_continuous_trailing_stop
    # Log to root (minimal) - only critical events
                  ^^^^^^^
NameError: name 'logging' is not defined
2025-12-09 17:16:26 - risk_manager - ERROR - Error in continuous trailing stop monitoring: name 'logging' is not defined
Traceback (most recent call last):
  File "D:\WORK\TRADING\risk\risk_manager.py", line 1261, in monitor_all_positions_continuous
    # When profit reaches $0.10, trailing stop locks it, preventing premature closure at $0.03
                      ^^^^^^^^^^^^^^^^^^^^^^^^^^^^^^^^^^^^^^^^^^^^^^^^^^^^^^^^^^^^
  File "D:\WORK\TRADING\risk\risk_manager.py", line 1076, in update_continuous_trailing_stop
    # Log to root (minimal) - only critical events
                  ^^^^^^^
NameError: name 'logging' is not defined
2025-12-09 17:16:27 - risk_manager - ERROR - Error in continuous trailing stop monitoring: name 'logging' is not defined
Traceback (most recent call last):
  File "D:\WORK\TRADING\risk\risk_manager.py", line 1261, in monitor_all_positions_continuous
    # When profit reaches $0.10, trailing stop locks it, preventing premature closure at $0.03
                      ^^^^^^^^^^^^^^^^^^^^^^^^^^^^^^^^^^^^^^^^^^^^^^^^^^^^^^^^^^^^
  File "D:\WORK\TRADING\risk\risk_manager.py", line 1076, in update_continuous_trailing_stop
    # Log to root (minimal) - only critical events
                  ^^^^^^^
NameError: name 'logging' is not defined
2025-12-09 17:16:27 - risk_manager - ERROR - Error in continuous trailing stop monitoring: name 'logging' is not defined
Traceback (most recent call last):
  File "D:\WORK\TRADING\risk\risk_manager.py", line 1261, in monitor_all_positions_continuous
    # When profit reaches $0.10, trailing stop locks it, preventing premature closure at $0.03
                      ^^^^^^^^^^^^^^^^^^^^^^^^^^^^^^^^^^^^^^^^^^^^^^^^^^^^^^^^^^^^
  File "D:\WORK\TRADING\risk\risk_manager.py", line 1076, in update_continuous_trailing_stop
    # Log to root (minimal) - only critical events
                  ^^^^^^^
NameError: name 'logging' is not defined
2025-12-09 17:16:28 - risk_manager - ERROR - Error in continuous trailing stop monitoring: name 'logging' is not defined
Traceback (most recent call last):
  File "D:\WORK\TRADING\risk\risk_manager.py", line 1261, in monitor_all_positions_continuous
    # When profit reaches $0.10, trailing stop locks it, preventing premature closure at $0.03
                      ^^^^^^^^^^^^^^^^^^^^^^^^^^^^^^^^^^^^^^^^^^^^^^^^^^^^^^^^^^^^
  File "D:\WORK\TRADING\risk\risk_manager.py", line 1076, in update_continuous_trailing_stop
    # Log to root (minimal) - only critical events
                  ^^^^^^^
NameError: name 'logging' is not defined
2025-12-09 17:16:29 - risk_manager - ERROR - Error in continuous trailing stop monitoring: name 'logging' is not defined
Traceback (most recent call last):
  File "D:\WORK\TRADING\risk\risk_manager.py", line 1261, in monitor_all_positions_continuous
    # When profit reaches $0.10, trailing stop locks it, preventing premature closure at $0.03
                      ^^^^^^^^^^^^^^^^^^^^^^^^^^^^^^^^^^^^^^^^^^^^^^^^^^^^^^^^^^^^
  File "D:\WORK\TRADING\risk\risk_manager.py", line 1076, in update_continuous_trailing_stop
    # Log to root (minimal) - only critical events
                  ^^^^^^^
NameError: name 'logging' is not defined
2025-12-09 17:16:30 - risk_manager - ERROR - Error in continuous trailing stop monitoring: name 'logging' is not defined
Traceback (most recent call last):
  File "D:\WORK\TRADING\risk\risk_manager.py", line 1261, in monitor_all_positions_continuous
    # When profit reaches $0.10, trailing stop locks it, preventing premature closure at $0.03
                      ^^^^^^^^^^^^^^^^^^^^^^^^^^^^^^^^^^^^^^^^^^^^^^^^^^^^^^^^^^^^
  File "D:\WORK\TRADING\risk\risk_manager.py", line 1076, in update_continuous_trailing_stop
    # Log to root (minimal) - only critical events
                  ^^^^^^^
NameError: name 'logging' is not defined
2025-12-09 17:16:30 - risk_manager - ERROR - Error in continuous trailing stop monitoring: name 'logging' is not defined
Traceback (most recent call last):
  File "D:\WORK\TRADING\risk\risk_manager.py", line 1261, in monitor_all_positions_continuous
    # When profit reaches $0.10, trailing stop locks it, preventing premature closure at $0.03
                      ^^^^^^^^^^^^^^^^^^^^^^^^^^^^^^^^^^^^^^^^^^^^^^^^^^^^^^^^^^^^
  File "D:\WORK\TRADING\risk\risk_manager.py", line 1076, in update_continuous_trailing_stop
    # Log to root (minimal) - only critical events
                  ^^^^^^^
NameError: name 'logging' is not defined
2025-12-09 17:16:31 - risk_manager - ERROR - Error in continuous trailing stop monitoring: name 'logging' is not defined
Traceback (most recent call last):
  File "D:\WORK\TRADING\risk\risk_manager.py", line 1261, in monitor_all_positions_continuous
    # When profit reaches $0.10, trailing stop locks it, preventing premature closure at $0.03
                      ^^^^^^^^^^^^^^^^^^^^^^^^^^^^^^^^^^^^^^^^^^^^^^^^^^^^^^^^^^^^
  File "D:\WORK\TRADING\risk\risk_manager.py", line 1076, in update_continuous_trailing_stop
    # Log to root (minimal) - only critical events
                  ^^^^^^^
NameError: name 'logging' is not defined
2025-12-09 17:16:31 - risk_manager - ERROR - Error in continuous trailing stop monitoring: name 'logging' is not defined
Traceback (most recent call last):
  File "D:\WORK\TRADING\risk\risk_manager.py", line 1261, in monitor_all_positions_continuous
    # When profit reaches $0.10, trailing stop locks it, preventing premature closure at $0.03
                      ^^^^^^^^^^^^^^^^^^^^^^^^^^^^^^^^^^^^^^^^^^^^^^^^^^^^^^^^^^^^
  File "D:\WORK\TRADING\risk\risk_manager.py", line 1076, in update_continuous_trailing_stop
    # Log to root (minimal) - only critical events
                  ^^^^^^^
NameError: name 'logging' is not defined
2025-12-09 17:16:32 - risk_manager - ERROR - Error in continuous trailing stop monitoring: name 'logging' is not defined
Traceback (most recent call last):
  File "D:\WORK\TRADING\risk\risk_manager.py", line 1261, in monitor_all_positions_continuous
    # When profit reaches $0.10, trailing stop locks it, preventing premature closure at $0.03
                      ^^^^^^^^^^^^^^^^^^^^^^^^^^^^^^^^^^^^^^^^^^^^^^^^^^^^^^^^^^^^
  File "D:\WORK\TRADING\risk\risk_manager.py", line 1076, in update_continuous_trailing_stop
    # Log to root (minimal) - only critical events
                  ^^^^^^^
NameError: name 'logging' is not defined
2025-12-09 17:16:32 - risk_manager - ERROR - Error in continuous trailing stop monitoring: name 'logging' is not defined
Traceback (most recent call last):
  File "D:\WORK\TRADING\risk\risk_manager.py", line 1261, in monitor_all_positions_continuous
    # When profit reaches $0.10, trailing stop locks it, preventing premature closure at $0.03
                      ^^^^^^^^^^^^^^^^^^^^^^^^^^^^^^^^^^^^^^^^^^^^^^^^^^^^^^^^^^^^
  File "D:\WORK\TRADING\risk\risk_manager.py", line 1076, in update_continuous_trailing_stop
    # Log to root (minimal) - only critical events
                  ^^^^^^^
NameError: name 'logging' is not defined
2025-12-09 17:16:33 - risk_manager - ERROR - Error in continuous trailing stop monitoring: name 'logging' is not defined
Traceback (most recent call last):
  File "D:\WORK\TRADING\risk\risk_manager.py", line 1261, in monitor_all_positions_continuous
    # When profit reaches $0.10, trailing stop locks it, preventing premature closure at $0.03
                      ^^^^^^^^^^^^^^^^^^^^^^^^^^^^^^^^^^^^^^^^^^^^^^^^^^^^^^^^^^^^
  File "D:\WORK\TRADING\risk\risk_manager.py", line 1076, in update_continuous_trailing_stop
    # Log to root (minimal) - only critical events
                  ^^^^^^^
NameError: name 'logging' is not defined
2025-12-09 17:16:33 - risk_manager - ERROR - Error in continuous trailing stop monitoring: name 'logging' is not defined
Traceback (most recent call last):
  File "D:\WORK\TRADING\risk\risk_manager.py", line 1261, in monitor_all_positions_continuous
    # When profit reaches $0.10, trailing stop locks it, preventing premature closure at $0.03
                      ^^^^^^^^^^^^^^^^^^^^^^^^^^^^^^^^^^^^^^^^^^^^^^^^^^^^^^^^^^^^
  File "D:\WORK\TRADING\risk\risk_manager.py", line 1076, in update_continuous_trailing_stop
    # Log to root (minimal) - only critical events
                  ^^^^^^^
NameError: name 'logging' is not defined
2025-12-09 17:16:34 - risk_manager - ERROR - Error in continuous trailing stop monitoring: name 'logging' is not defined
Traceback (most recent call last):
  File "D:\WORK\TRADING\risk\risk_manager.py", line 1261, in monitor_all_positions_continuous
    # When profit reaches $0.10, trailing stop locks it, preventing premature closure at $0.03
                      ^^^^^^^^^^^^^^^^^^^^^^^^^^^^^^^^^^^^^^^^^^^^^^^^^^^^^^^^^^^^
  File "D:\WORK\TRADING\risk\risk_manager.py", line 1076, in update_continuous_trailing_stop
    # Log to root (minimal) - only critical events
                  ^^^^^^^
NameError: name 'logging' is not defined
2025-12-09 17:16:34 - risk_manager - ERROR - Error in continuous trailing stop monitoring: name 'logging' is not defined
Traceback (most recent call last):
  File "D:\WORK\TRADING\risk\risk_manager.py", line 1261, in monitor_all_positions_continuous
    # When profit reaches $0.10, trailing stop locks it, preventing premature closure at $0.03
                      ^^^^^^^^^^^^^^^^^^^^^^^^^^^^^^^^^^^^^^^^^^^^^^^^^^^^^^^^^^^^
  File "D:\WORK\TRADING\risk\risk_manager.py", line 1076, in update_continuous_trailing_stop
    # Log to root (minimal) - only critical events
                  ^^^^^^^
NameError: name 'logging' is not defined
2025-12-09 17:16:35 - risk_manager - ERROR - Error in continuous trailing stop monitoring: name 'logging' is not defined
Traceback (most recent call last):
  File "D:\WORK\TRADING\risk\risk_manager.py", line 1261, in monitor_all_positions_continuous
    # When profit reaches $0.10, trailing stop locks it, preventing premature closure at $0.03
                      ^^^^^^^^^^^^^^^^^^^^^^^^^^^^^^^^^^^^^^^^^^^^^^^^^^^^^^^^^^^^
  File "D:\WORK\TRADING\risk\risk_manager.py", line 1076, in update_continuous_trailing_stop
    # Log to root (minimal) - only critical events
                  ^^^^^^^
NameError: name 'logging' is not defined
2025-12-09 17:16:35 - risk_manager - ERROR - Error in continuous trailing stop monitoring: name 'logging' is not defined
Traceback (most recent call last):
  File "D:\WORK\TRADING\risk\risk_manager.py", line 1261, in monitor_all_positions_continuous
    # When profit reaches $0.10, trailing stop locks it, preventing premature closure at $0.03
                      ^^^^^^^^^^^^^^^^^^^^^^^^^^^^^^^^^^^^^^^^^^^^^^^^^^^^^^^^^^^^
  File "D:\WORK\TRADING\risk\risk_manager.py", line 1076, in update_continuous_trailing_stop
    # Log to root (minimal) - only critical events
                  ^^^^^^^
NameError: name 'logging' is not defined
2025-12-09 17:16:35 - risk_manager - ERROR - Error in continuous trailing stop monitoring: name 'logging' is not defined
Traceback (most recent call last):
  File "D:\WORK\TRADING\risk\risk_manager.py", line 1261, in monitor_all_positions_continuous
    # When profit reaches $0.10, trailing stop locks it, preventing premature closure at $0.03
                      ^^^^^^^^^^^^^^^^^^^^^^^^^^^^^^^^^^^^^^^^^^^^^^^^^^^^^^^^^^^^
  File "D:\WORK\TRADING\risk\risk_manager.py", line 1076, in update_continuous_trailing_stop
    # Log to root (minimal) - only critical events
                  ^^^^^^^
NameError: name 'logging' is not defined
2025-12-09 17:16:36 - risk_manager - ERROR - Error in continuous trailing stop monitoring: name 'logging' is not defined
Traceback (most recent call last):
  File "D:\WORK\TRADING\risk\risk_manager.py", line 1261, in monitor_all_positions_continuous
    # When profit reaches $0.10, trailing stop locks it, preventing premature closure at $0.03
                      ^^^^^^^^^^^^^^^^^^^^^^^^^^^^^^^^^^^^^^^^^^^^^^^^^^^^^^^^^^^^
  File "D:\WORK\TRADING\risk\risk_manager.py", line 1076, in update_continuous_trailing_stop
    # Log to root (minimal) - only critical events
                  ^^^^^^^
NameError: name 'logging' is not defined
2025-12-09 17:16:37 - risk_manager - ERROR - Error in continuous trailing stop monitoring: name 'logging' is not defined
Traceback (most recent call last):
  File "D:\WORK\TRADING\risk\risk_manager.py", line 1261, in monitor_all_positions_continuous
    # When profit reaches $0.10, trailing stop locks it, preventing premature closure at $0.03
                      ^^^^^^^^^^^^^^^^^^^^^^^^^^^^^^^^^^^^^^^^^^^^^^^^^^^^^^^^^^^^
  File "D:\WORK\TRADING\risk\risk_manager.py", line 1076, in update_continuous_trailing_stop
    # Log to root (minimal) - only critical events
                  ^^^^^^^
NameError: name 'logging' is not defined
2025-12-09 17:16:37 - risk_manager - ERROR - Error in continuous trailing stop monitoring: name 'logging' is not defined
Traceback (most recent call last):
  File "D:\WORK\TRADING\risk\risk_manager.py", line 1261, in monitor_all_positions_continuous
    # When profit reaches $0.10, trailing stop locks it, preventing premature closure at $0.03
                      ^^^^^^^^^^^^^^^^^^^^^^^^^^^^^^^^^^^^^^^^^^^^^^^^^^^^^^^^^^^^
  File "D:\WORK\TRADING\risk\risk_manager.py", line 1076, in update_continuous_trailing_stop
    # Log to root (minimal) - only critical events
                  ^^^^^^^
NameError: name 'logging' is not defined
2025-12-09 17:16:48 - risk_manager - ERROR - Error in continuous trailing stop monitoring: name 'logging' is not defined
Traceback (most recent call last):
  File "D:\WORK\TRADING\risk\risk_manager.py", line 1261, in monitor_all_positions_continuous
    # When profit reaches $0.10, trailing stop locks it, preventing premature closure at $0.03
                      ^^^^^^^^^^^^^^^^^^^^^^^^^^^^^^^^^^^^^^^^^^^^^^^^^^^^^^^^^^^^
  File "D:\WORK\TRADING\risk\risk_manager.py", line 1076, in update_continuous_trailing_stop
    # Log to root (minimal) - only critical events
                  ^^^^^^^
NameError: name 'logging' is not defined
2025-12-09 17:16:49 - risk_manager - ERROR - Error in continuous trailing stop monitoring: name 'logging' is not defined
Traceback (most recent call last):
  File "D:\WORK\TRADING\risk\risk_manager.py", line 1261, in monitor_all_positions_continuous
    # When profit reaches $0.10, trailing stop locks it, preventing premature closure at $0.03
                      ^^^^^^^^^^^^^^^^^^^^^^^^^^^^^^^^^^^^^^^^^^^^^^^^^^^^^^^^^^^^
  File "D:\WORK\TRADING\risk\risk_manager.py", line 1076, in update_continuous_trailing_stop
    # Log to root (minimal) - only critical events
                  ^^^^^^^
NameError: name 'logging' is not defined
2025-12-09 17:16:49 - risk_manager - ERROR - Error in continuous trailing stop monitoring: name 'logging' is not defined
Traceback (most recent call last):
  File "D:\WORK\TRADING\risk\risk_manager.py", line 1261, in monitor_all_positions_continuous
    # When profit reaches $0.10, trailing stop locks it, preventing premature closure at $0.03
                      ^^^^^^^^^^^^^^^^^^^^^^^^^^^^^^^^^^^^^^^^^^^^^^^^^^^^^^^^^^^^
  File "D:\WORK\TRADING\risk\risk_manager.py", line 1076, in update_continuous_trailing_stop
    # Log to root (minimal) - only critical events
                  ^^^^^^^
NameError: name 'logging' is not defined
2025-12-09 17:16:49 - risk_manager - ERROR - Error in continuous trailing stop monitoring: name 'logging' is not defined
Traceback (most recent call last):
  File "D:\WORK\TRADING\risk\risk_manager.py", line 1261, in monitor_all_positions_continuous
    # When profit reaches $0.10, trailing stop locks it, preventing premature closure at $0.03
                      ^^^^^^^^^^^^^^^^^^^^^^^^^^^^^^^^^^^^^^^^^^^^^^^^^^^^^^^^^^^^
  File "D:\WORK\TRADING\risk\risk_manager.py", line 1076, in update_continuous_trailing_stop
    # Log to root (minimal) - only critical events
                  ^^^^^^^
NameError: name 'logging' is not defined
2025-12-09 17:16:50 - risk_manager - ERROR - Error in continuous trailing stop monitoring: name 'logging' is not defined
Traceback (most recent call last):
  File "D:\WORK\TRADING\risk\risk_manager.py", line 1261, in monitor_all_positions_continuous
    # When profit reaches $0.10, trailing stop locks it, preventing premature closure at $0.03
                      ^^^^^^^^^^^^^^^^^^^^^^^^^^^^^^^^^^^^^^^^^^^^^^^^^^^^^^^^^^^^
  File "D:\WORK\TRADING\risk\risk_manager.py", line 1076, in update_continuous_trailing_stop
    # Log to root (minimal) - only critical events
                  ^^^^^^^
NameError: name 'logging' is not defined
2025-12-09 17:16:50 - risk_manager - ERROR - Error in continuous trailing stop monitoring: name 'logging' is not defined
Traceback (most recent call last):
  File "D:\WORK\TRADING\risk\risk_manager.py", line 1261, in monitor_all_positions_continuous
    # When profit reaches $0.10, trailing stop locks it, preventing premature closure at $0.03
                      ^^^^^^^^^^^^^^^^^^^^^^^^^^^^^^^^^^^^^^^^^^^^^^^^^^^^^^^^^^^^
  File "D:\WORK\TRADING\risk\risk_manager.py", line 1076, in update_continuous_trailing_stop
    # Log to root (minimal) - only critical events
                  ^^^^^^^
NameError: name 'logging' is not defined
2025-12-09 17:16:51 - risk_manager - ERROR - Error in continuous trailing stop monitoring: name 'logging' is not defined
Traceback (most recent call last):
  File "D:\WORK\TRADING\risk\risk_manager.py", line 1261, in monitor_all_positions_continuous
    # When profit reaches $0.10, trailing stop locks it, preventing premature closure at $0.03
                      ^^^^^^^^^^^^^^^^^^^^^^^^^^^^^^^^^^^^^^^^^^^^^^^^^^^^^^^^^^^^
  File "D:\WORK\TRADING\risk\risk_manager.py", line 1076, in update_continuous_trailing_stop
    # Log to root (minimal) - only critical events
                  ^^^^^^^
NameError: name 'logging' is not defined
2025-12-09 17:16:51 - risk_manager - ERROR - Error in continuous trailing stop monitoring: name 'logging' is not defined
Traceback (most recent call last):
  File "D:\WORK\TRADING\risk\risk_manager.py", line 1261, in monitor_all_positions_continuous
    # When profit reaches $0.10, trailing stop locks it, preventing premature closure at $0.03
                      ^^^^^^^^^^^^^^^^^^^^^^^^^^^^^^^^^^^^^^^^^^^^^^^^^^^^^^^^^^^^
  File "D:\WORK\TRADING\risk\risk_manager.py", line 1076, in update_continuous_trailing_stop
    # Log to root (minimal) - only critical events
                  ^^^^^^^
NameError: name 'logging' is not defined
2025-12-09 17:16:52 - risk_manager - ERROR - Error in continuous trailing stop monitoring: name 'logging' is not defined
Traceback (most recent call last):
  File "D:\WORK\TRADING\risk\risk_manager.py", line 1261, in monitor_all_positions_continuous
    # When profit reaches $0.10, trailing stop locks it, preventing premature closure at $0.03
                      ^^^^^^^^^^^^^^^^^^^^^^^^^^^^^^^^^^^^^^^^^^^^^^^^^^^^^^^^^^^^
  File "D:\WORK\TRADING\risk\risk_manager.py", line 1076, in update_continuous_trailing_stop
    # Log to root (minimal) - only critical events
                  ^^^^^^^
NameError: name 'logging' is not defined
2025-12-09 17:16:52 - risk_manager - ERROR - Error in continuous trailing stop monitoring: name 'logging' is not defined
Traceback (most recent call last):
  File "D:\WORK\TRADING\risk\risk_manager.py", line 1261, in monitor_all_positions_continuous
    # When profit reaches $0.10, trailing stop locks it, preventing premature closure at $0.03
                      ^^^^^^^^^^^^^^^^^^^^^^^^^^^^^^^^^^^^^^^^^^^^^^^^^^^^^^^^^^^^
  File "D:\WORK\TRADING\risk\risk_manager.py", line 1076, in update_continuous_trailing_stop
    # Log to root (minimal) - only critical events
                  ^^^^^^^
NameError: name 'logging' is not defined
2025-12-09 17:17:07 - risk_manager - ERROR - Error in continuous trailing stop monitoring: name 'logging' is not defined
Traceback (most recent call last):
  File "D:\WORK\TRADING\risk\risk_manager.py", line 1261, in monitor_all_positions_continuous
    # When profit reaches $0.10, trailing stop locks it, preventing premature closure at $0.03
                      ^^^^^^^^^^^^^^^^^^^^^^^^^^^^^^^^^^^^^^^^^^^^^^^^^^^^^^^^^^^^
  File "D:\WORK\TRADING\risk\risk_manager.py", line 1076, in update_continuous_trailing_stop
    # Log to root (minimal) - only critical events
                  ^^^^^^^
NameError: name 'logging' is not defined
2025-12-09 17:18:01 - risk_manager - ERROR - Error in continuous trailing stop monitoring: name 'logging' is not defined
Traceback (most recent call last):
  File "D:\WORK\TRADING\risk\risk_manager.py", line 1261, in monitor_all_positions_continuous
    # When profit reaches $0.10, trailing stop locks it, preventing premature closure at $0.03
                      ^^^^^^^^^^^^^^^^^^^^^^^^^^^^^^^^^^^^^^^^^^^^^^^^^^^^^^^^^^^^
  File "D:\WORK\TRADING\risk\risk_manager.py", line 1076, in update_continuous_trailing_stop
    # Log to root (minimal) - only critical events
                  ^^^^^^^
NameError: name 'logging' is not defined
2025-12-09 17:18:03 - risk_manager - ERROR - Error in continuous trailing stop monitoring: name 'logging' is not defined
Traceback (most recent call last):
  File "D:\WORK\TRADING\risk\risk_manager.py", line 1261, in monitor_all_positions_continuous
    # When profit reaches $0.10, trailing stop locks it, preventing premature closure at $0.03
                      ^^^^^^^^^^^^^^^^^^^^^^^^^^^^^^^^^^^^^^^^^^^^^^^^^^^^^^^^^^^^
  File "D:\WORK\TRADING\risk\risk_manager.py", line 1076, in update_continuous_trailing_stop
    # Log to root (minimal) - only critical events
                  ^^^^^^^
NameError: name 'logging' is not defined
2025-12-09 17:18:07 - risk_manager - ERROR - Error in continuous trailing stop monitoring: name 'logging' is not defined
Traceback (most recent call last):
  File "D:\WORK\TRADING\risk\risk_manager.py", line 1261, in monitor_all_positions_continuous
    # When profit reaches $0.10, trailing stop locks it, preventing premature closure at $0.03
                      ^^^^^^^^^^^^^^^^^^^^^^^^^^^^^^^^^^^^^^^^^^^^^^^^^^^^^^^^^^^^
  File "D:\WORK\TRADING\risk\risk_manager.py", line 1076, in update_continuous_trailing_stop
    # Log to root (minimal) - only critical events
                  ^^^^^^^
NameError: name 'logging' is not defined
2025-12-09 17:18:08 - risk_manager - ERROR - Error in continuous trailing stop monitoring: name 'logging' is not defined
Traceback (most recent call last):
  File "D:\WORK\TRADING\risk\risk_manager.py", line 1261, in monitor_all_positions_continuous
    # When profit reaches $0.10, trailing stop locks it, preventing premature closure at $0.03
                      ^^^^^^^^^^^^^^^^^^^^^^^^^^^^^^^^^^^^^^^^^^^^^^^^^^^^^^^^^^^^
  File "D:\WORK\TRADING\risk\risk_manager.py", line 1076, in update_continuous_trailing_stop
    # Log to root (minimal) - only critical events
                  ^^^^^^^
NameError: name 'logging' is not defined
2025-12-09 17:18:08 - risk_manager - ERROR - Error in continuous trailing stop monitoring: name 'logging' is not defined
Traceback (most recent call last):
  File "D:\WORK\TRADING\risk\risk_manager.py", line 1261, in monitor_all_positions_continuous
    # When profit reaches $0.10, trailing stop locks it, preventing premature closure at $0.03
                      ^^^^^^^^^^^^^^^^^^^^^^^^^^^^^^^^^^^^^^^^^^^^^^^^^^^^^^^^^^^^
  File "D:\WORK\TRADING\risk\risk_manager.py", line 1076, in update_continuous_trailing_stop
    # Log to root (minimal) - only critical events
                  ^^^^^^^
NameError: name 'logging' is not defined
2025-12-09 17:18:11 - risk_manager - ERROR - Error in continuous trailing stop monitoring: name 'logging' is not defined
Traceback (most recent call last):
  File "D:\WORK\TRADING\risk\risk_manager.py", line 1261, in monitor_all_positions_continuous
    # When profit reaches $0.10, trailing stop locks it, preventing premature closure at $0.03
                      ^^^^^^^^^^^^^^^^^^^^^^^^^^^^^^^^^^^^^^^^^^^^^^^^^^^^^^^^^^^^
  File "D:\WORK\TRADING\risk\risk_manager.py", line 1076, in update_continuous_trailing_stop
    # Log to root (minimal) - only critical events
                  ^^^^^^^
NameError: name 'logging' is not defined
