2025-12-09 00:03:33,013 - INFO - ================================================================================
2025-12-09 00:03:33,013 - INFO - ✅ TRADE EXECUTED SUCCESSFULLY
2025-12-09 00:03:33,013 - INFO -    Symbol: AUS200m
2025-12-09 00:03:33,013 - INFO -    Direction: LONG
2025-12-09 00:03:33,013 - INFO -    Ticket: 467604204
2025-12-09 00:03:33,013 - INFO -    Entry Price (Requested): 8601.77000
2025-12-09 00:03:33,013 - INFO -    Entry Price (Actual Fill): 8600.98000
2025-12-09 00:03:33,013 - INFO -    Entry Slippage: 0.79000
2025-12-09 00:03:33,013 - INFO -    Lot Size: 0.0100
2025-12-09 00:03:33,013 - INFO -    Stop Loss: 500.0 pips (5.00000)
2025-12-09 00:03:33,013 - INFO -    Risk: $0.05 USD
2025-12-09 00:03:33,013 - INFO -    Spread: 3.4 points
2025-12-09 00:03:33,013 - INFO -    Spread+Fees Cost: $0.03 USD
2025-12-09 00:03:33,013 - INFO -    Quality Score: 65.0
2025-12-09 00:03:33,013 - INFO -    Min Lot: 0.01
2025-12-09 00:03:33,013 - INFO -    Min Lot Source: broker
2025-12-09 00:03:33,013 - INFO -    Sma Fast: 8604.6685
2025-12-09 00:03:33,013 - INFO -    Sma Slow: 8599.6786
2025-12-09 00:03:33,013 - INFO -    Rsi: 43.91233766233752
2025-12-09 00:03:33,013 - INFO - ================================================================================
2025-12-09 00:06:04,312 - DEBUG - ⛔ Cannot open trade: Staged window expired (151s > 150s)
2025-12-09 00:06:26,064 - DEBUG - ⛔ Cannot open trade: Staged window expired (173s > 150s)
2025-12-09 00:08:28,046 - INFO - ================================================================================
2025-12-09 00:08:28,046 - INFO - 🔴 POSITION CLOSED
2025-12-09 00:08:28,046 - INFO -    Symbol: AUS200m
2025-12-09 00:08:28,046 - INFO -    Ticket: 467604204
2025-12-09 00:08:28,046 - INFO -    Entry Time: 2025-12-09 00:03:32
2025-12-09 00:08:28,046 - INFO -    Entry Price: 8600.98000
2025-12-09 00:08:28,046 - INFO -    Close Time: 2025-12-09 00:08:27
2025-12-09 00:08:28,046 - INFO -    Close Price: 8595.98000
2025-12-09 00:08:28,046 - INFO -    Profit/Loss: $-0.03 USD
2025-12-09 00:08:28,046 - INFO -    Duration: 4.9 minutes
2025-12-09 00:08:28,046 - INFO -    Close Reason: Unknown
2025-12-09 00:08:28,046 - INFO - ================================================================================
2025-12-09 00:25:21,443 - INFO - ================================================================================
2025-12-09 00:25:21,443 - INFO - ✅ TRADE EXECUTED SUCCESSFULLY
2025-12-09 00:25:21,443 - INFO -    Symbol: AUS200m
2025-12-09 00:25:21,443 - INFO -    Direction: SHORT
2025-12-09 00:25:21,443 - INFO -    Ticket: 467645228
2025-12-09 00:25:21,443 - INFO -    Entry Price (Requested): 8589.93000
2025-12-09 00:25:21,443 - INFO -    Entry Price (Actual Fill): 8589.84000
2025-12-09 00:25:21,443 - INFO -    Entry Slippage: 0.09000
2025-12-09 00:25:21,443 - INFO -    Lot Size: 0.0100
2025-12-09 00:25:21,443 - INFO -    Stop Loss: 423.0 pips (4.23000)
2025-12-09 00:25:21,443 - INFO -    Risk: $0.04 USD
2025-12-09 00:25:21,443 - INFO -    Spread: 3.4 points
2025-12-09 00:25:21,443 - INFO -    Spread+Fees Cost: $0.03 USD
2025-12-09 00:25:21,443 - INFO -    Quality Score: 65.0
2025-12-09 00:25:21,443 - INFO -    Min Lot: 0.01
2025-12-09 00:25:21,443 - INFO -    Min Lot Source: broker
2025-12-09 00:25:21,443 - INFO -    Sma Fast: 8591.49
2025-12-09 00:25:21,443 - INFO -    Sma Slow: 8597.8328
2025-12-09 00:25:21,443 - INFO -    Rsi: 37.160751565762936
2025-12-09 00:25:21,443 - INFO - ================================================================================
2025-12-09 00:30:53,323 - DEBUG - ⛔ Cannot open trade: Staged window expired (332s > 150s)
2025-12-09 00:31:15,015 - DEBUG - ⛔ Cannot open trade: Staged window expired (354s > 150s)
2025-12-09 00:31:36,764 - DEBUG - ⛔ Cannot open trade: Staged window expired (375s > 150s)
2025-12-09 00:31:58,482 - DEBUG - ⛔ Cannot open trade: Staged window expired (397s > 150s)
2025-12-09 00:32:20,079 - DEBUG - ⛔ Cannot open trade: Staged window expired (419s > 150s)
2025-12-09 00:32:41,951 - DEBUG - ⛔ Cannot open trade: Staged window expired (441s > 150s)
2025-12-09 00:33:03,810 - DEBUG - ⛔ Cannot open trade: Staged window expired (462s > 150s)
2025-12-09 00:33:25,304 - DEBUG - ⛔ Cannot open trade: Staged window expired (484s > 150s)
2025-12-09 00:33:47,116 - DEBUG - ⛔ Cannot open trade: Staged window expired (506s > 150s)
2025-12-09 00:34:08,878 - DEBUG - ⛔ Cannot open trade: Staged window expired (527s > 150s)
2025-12-09 00:34:30,642 - DEBUG - ⛔ Cannot open trade: Staged window expired (549s > 150s)
2025-12-09 00:34:52,543 - DEBUG - ⛔ Cannot open trade: Staged window expired (571s > 150s)
2025-12-09 00:35:14,334 - DEBUG - ⛔ Cannot open trade: Staged window expired (593s > 150s)
2025-12-09 00:35:36,677 - DEBUG - ⛔ Cannot open trade: Staged window expired (615s > 150s)
2025-12-09 00:35:58,741 - DEBUG - ⛔ Cannot open trade: Staged window expired (637s > 150s)
2025-12-09 00:36:21,084 - DEBUG - ⛔ Cannot open trade: Staged window expired (660s > 150s)
2025-12-09 00:36:43,038 - DEBUG - ⛔ Cannot open trade: Staged window expired (682s > 150s)
2025-12-09 00:37:04,820 - DEBUG - ⛔ Cannot open trade: Staged window expired (703s > 150s)
2025-12-09 00:37:26,461 - DEBUG - ⛔ Cannot open trade: Staged window expired (725s > 150s)
2025-12-09 00:37:48,202 - DEBUG - ⛔ Cannot open trade: Staged window expired (747s > 150s)
2025-12-09 00:38:09,886 - DEBUG - ⛔ Cannot open trade: Staged window expired (768s > 150s)
2025-12-09 00:38:31,925 - DEBUG - ⛔ Cannot open trade: Staged window expired (790s > 150s)
2025-12-09 00:38:53,739 - DEBUG - ⛔ Cannot open trade: Staged window expired (812s > 150s)
2025-12-09 00:39:15,630 - DEBUG - ⛔ Cannot open trade: Staged window expired (834s > 150s)
2025-12-09 00:39:37,209 - DEBUG - ⛔ Cannot open trade: Staged window expired (856s > 150s)
2025-12-09 00:39:58,619 - DEBUG - ⛔ Cannot open trade: Staged window expired (877s > 150s)
2025-12-09 00:40:22,253 - DEBUG - ⛔ Cannot open trade: Staged window expired (901s > 150s)
2025-12-09 00:40:43,974 - DEBUG - ⛔ Cannot open trade: Staged window expired (923s > 150s)
2025-12-09 00:41:05,761 - DEBUG - ⛔ Cannot open trade: Staged window expired (944s > 150s)
2025-12-09 00:41:27,464 - DEBUG - ⛔ Cannot open trade: Staged window expired (966s > 150s)
2025-12-09 00:41:49,171 - DEBUG - ⛔ Cannot open trade: Staged window expired (988s > 150s)
2025-12-09 00:42:10,809 - DEBUG - ⛔ Cannot open trade: Staged window expired (1009s > 150s)
2025-12-09 00:42:32,775 - DEBUG - ⛔ Cannot open trade: Staged window expired (1031s > 150s)
2025-12-09 00:42:54,457 - DEBUG - ⛔ Cannot open trade: Staged window expired (1053s > 150s)
2025-12-09 00:43:15,996 - DEBUG - ⛔ Cannot open trade: Staged window expired (1075s > 150s)
2025-12-09 00:43:39,320 - DEBUG - ⛔ Cannot open trade: Staged window expired (1098s > 150s)
2025-12-09 00:44:01,124 - DEBUG - ⛔ Cannot open trade: Staged window expired (1120s > 150s)
2025-12-09 00:44:24,564 - DEBUG - ⛔ Cannot open trade: Staged window expired (1143s > 150s)
2025-12-09 00:44:46,410 - DEBUG - ⛔ Cannot open trade: Staged window expired (1165s > 150s)
2025-12-09 00:54:27,780 - INFO - ================================================================================
2025-12-09 00:54:27,780 - INFO - 🔴 POSITION CLOSED
2025-12-09 00:54:27,780 - INFO -    Symbol: AUS200m
2025-12-09 00:54:27,780 - INFO -    Ticket: 467645228
2025-12-09 00:54:27,780 - INFO -    Entry Time: 2025-12-09 00:25:21
2025-12-09 00:54:27,780 - INFO -    Entry Price: 8589.84000
2025-12-09 00:54:27,780 - INFO -    Close Time: 2025-12-09 00:54:27
2025-12-09 00:54:27,780 - INFO -    Close Price: 8597.01000
2025-12-09 00:54:27,780 - INFO -    Profit/Loss: $-0.05 USD
2025-12-09 00:54:27,780 - INFO -    Duration: 29.1 minutes
2025-12-09 00:54:27,780 - INFO -    Close Reason: Unknown
2025-12-09 00:54:27,780 - INFO - ================================================================================
2025-12-09 01:24:29,447 - DEBUG - ⛔ Cannot open trade: Max open trades reached (no staged window)
2025-12-09 01:24:50,837 - DEBUG - ⛔ Cannot open trade: Max open trades reached (no staged window)
2025-12-09 01:25:12,640 - DEBUG - ⛔ Cannot open trade: Max open trades reached (no staged window)
2025-12-09 01:25:35,185 - INFO - ================================================================================
2025-12-09 01:25:35,185 - INFO - ✅ TRADE EXECUTED SUCCESSFULLY
2025-12-09 01:25:35,185 - INFO -    Symbol: AUS200m
2025-12-09 01:25:35,185 - INFO -    Direction: LONG
2025-12-09 01:25:35,185 - INFO -    Ticket: 467790029
2025-12-09 01:25:35,185 - INFO -    Entry Price (Requested): 8615.34000
2025-12-09 01:25:35,185 - INFO -    Entry Price (Actual Fill): 8615.34000
2025-12-09 01:25:35,185 - INFO -    Lot Size: 0.0100
2025-12-09 01:25:35,185 - INFO -    Stop Loss: 474.3 pips (4.74286)
2025-12-09 01:25:35,185 - INFO -    Risk: $0.05 USD
2025-12-09 01:25:35,185 - INFO -    Spread: 3.4 points
2025-12-09 01:25:35,185 - INFO -    Spread+Fees Cost: $0.03 USD
2025-12-09 01:25:35,185 - INFO -    Quality Score: 80.0
2025-12-09 01:25:35,185 - INFO -    Min Lot: 0.01
2025-12-09 01:25:35,185 - INFO -    Min Lot Source: broker
2025-12-09 01:25:35,185 - INFO -    Sma Fast: 8612.3455
2025-12-09 01:25:35,185 - INFO -    Sma Slow: 8600.329
2025-12-09 01:25:35,185 - INFO -    Rsi: 37.19474013775877
2025-12-09 01:25:35,185 - INFO - ================================================================================
2025-12-09 01:27:02,385 - INFO - ================================================================================
2025-12-09 01:27:02,408 - INFO - 🔴 POSITION CLOSED
2025-12-09 01:27:02,408 - INFO -    Symbol: AUS200m
2025-12-09 01:27:02,422 - INFO -    Ticket: 467790029
2025-12-09 01:27:02,436 - INFO -    Entry Time: 2025-12-09 01:25:35
2025-12-09 01:27:02,436 - INFO -    Entry Price: 8615.34000
2025-12-09 01:27:02,436 - INFO -    Close Time: 2025-12-09 01:27:01
2025-12-09 01:27:02,436 - INFO -    Close Price: 8610.60000
2025-12-09 01:27:02,463 - INFO -    Profit/Loss: $-0.03 USD
2025-12-09 01:27:02,480 - INFO -    Duration: 1.4 minutes
2025-12-09 01:27:02,480 - INFO -    Close Reason: Unknown
2025-12-09 01:27:02,480 - INFO - ================================================================================
2025-12-09 01:27:46,688 - DEBUG - ⛔ Cannot open trade: Max open trades reached (no staged window)
2025-12-09 01:28:08,633 - DEBUG - ⛔ Cannot open trade: Max open trades reached (no staged window)
2025-12-09 01:28:30,241 - DEBUG - ⛔ Cannot open trade: Max open trades reached (no staged window)
2025-12-09 01:28:51,886 - DEBUG - ⛔ Cannot open trade: Max open trades reached (no staged window)
2025-12-09 01:29:13,527 - DEBUG - ⛔ Cannot open trade: Max open trades reached (no staged window)
2025-12-09 01:29:35,278 - DEBUG - ⛔ Cannot open trade: Max open trades reached (no staged window)
2025-12-09 01:29:56,871 - DEBUG - ⛔ Cannot open trade: Max open trades reached (no staged window)
2025-12-09 01:30:18,820 - DEBUG - ⛔ Cannot open trade: Max open trades reached (no staged window)
2025-12-09 01:30:40,562 - DEBUG - ⛔ Cannot open trade: Max open trades reached (no staged window)
2025-12-09 01:31:03,508 - DEBUG - ⛔ Cannot open trade: Max open trades reached (no staged window)
2025-12-09 01:31:25,215 - DEBUG - ⛔ Cannot open trade: Max open trades reached (no staged window)
2025-12-09 01:31:47,013 - DEBUG - ⛔ Cannot open trade: Max open trades reached (no staged window)
2025-12-09 01:32:08,699 - DEBUG - ⛔ Cannot open trade: Max open trades reached (no staged window)
2025-12-09 01:32:30,107 - DEBUG - ⛔ Cannot open trade: Max open trades reached (no staged window)
2025-12-09 01:32:51,841 - DEBUG - ⛔ Cannot open trade: Max open trades reached (no staged window)
2025-12-09 01:33:13,615 - DEBUG - ⛔ Cannot open trade: Max open trades reached (no staged window)
2025-12-09 01:33:35,453 - DEBUG - ⛔ Cannot open trade: Max open trades reached (no staged window)
2025-12-09 01:33:57,139 - DEBUG - ⛔ Cannot open trade: Max open trades reached (no staged window)
2025-12-09 01:34:18,808 - DEBUG - ⛔ Cannot open trade: Max open trades reached (no staged window)
2025-12-09 01:34:40,341 - DEBUG - ⛔ Cannot open trade: Max open trades reached (no staged window)
2025-12-09 01:35:03,280 - DEBUG - ⛔ Cannot open trade: Max open trades reached (no staged window)
2025-12-09 01:35:26,155 - DEBUG - ⛔ Cannot open trade: Max open trades reached (no staged window)
2025-12-09 01:35:47,844 - DEBUG - ⛔ Cannot open trade: Max open trades reached (no staged window)
2025-12-09 01:36:09,551 - DEBUG - ⛔ Cannot open trade: Max open trades reached (no staged window)
2025-12-09 04:37:07,482 - DEBUG - ⛔ Cannot open trade: Max open trades reached (no staged window)
2025-12-09 04:37:29,047 - DEBUG - ⛔ Cannot open trade: Max open trades reached (no staged window)
2025-12-09 04:37:50,421 - DEBUG - ⛔ Cannot open trade: Max open trades reached (no staged window)
2025-12-09 04:38:11,907 - DEBUG - ⛔ Cannot open trade: Max open trades reached (no staged window)
2025-12-09 04:38:33,613 - DEBUG - ⛔ Cannot open trade: Max open trades reached (no staged window)
2025-12-09 04:38:55,021 - DEBUG - ⛔ Cannot open trade: Max open trades reached (no staged window)
2025-12-09 04:39:16,455 - DEBUG - ⛔ Cannot open trade: Max open trades reached (no staged window)
2025-12-09 04:39:38,019 - DEBUG - ⛔ Cannot open trade: Max open trades reached (no staged window)
2025-12-09 04:39:59,408 - DEBUG - ⛔ Cannot open trade: Max open trades reached (no staged window)
2025-12-09 04:40:21,180 - DEBUG - ⛔ Cannot open trade: Max open trades reached (no staged window)
2025-12-09 04:40:42,740 - DEBUG - ⛔ Cannot open trade: Max open trades reached (no staged window)
2025-12-09 04:41:04,512 - DEBUG - ⛔ Cannot open trade: Max open trades reached (no staged window)
2025-12-09 04:41:26,101 - DEBUG - ⛔ Cannot open trade: Max open trades reached (no staged window)
2025-12-09 04:41:47,506 - DEBUG - ⛔ Cannot open trade: Max open trades reached (no staged window)
2025-12-09 04:42:08,907 - DEBUG - ⛔ Cannot open trade: Max open trades reached (no staged window)
2025-12-09 04:42:30,445 - DEBUG - ⛔ Cannot open trade: Max open trades reached (no staged window)
2025-12-09 04:42:51,898 - DEBUG - ⛔ Cannot open trade: Max open trades reached (no staged window)
2025-12-09 04:43:13,413 - DEBUG - ⛔ Cannot open trade: Max open trades reached (no staged window)
2025-12-09 04:43:34,947 - DEBUG - ⛔ Cannot open trade: Max open trades reached (no staged window)
2025-12-09 04:43:56,476 - DEBUG - ⛔ Cannot open trade: Max open trades reached (no staged window)
2025-12-09 04:44:17,842 - DEBUG - ⛔ Cannot open trade: Max open trades reached (no staged window)
2025-12-09 04:44:39,462 - DEBUG - ⛔ Cannot open trade: Max open trades reached (no staged window)
2025-12-09 04:45:01,119 - DEBUG - ⛔ Cannot open trade: Max open trades reached (no staged window)
2025-12-09 04:45:24,619 - DEBUG - ⛔ Cannot open trade: Max open trades reached (no staged window)
2025-12-09 04:45:46,041 - DEBUG - ⛔ Cannot open trade: Max open trades reached (no staged window)
2025-12-09 04:46:07,612 - DEBUG - ⛔ Cannot open trade: Max open trades reached (no staged window)
2025-12-09 04:46:29,295 - DEBUG - ⛔ Cannot open trade: Max open trades reached (no staged window)
2025-12-09 04:46:50,761 - DEBUG - ⛔ Cannot open trade: Max open trades reached (no staged window)
2025-12-09 04:47:12,248 - DEBUG - ⛔ Cannot open trade: Max open trades reached (no staged window)
2025-12-09 04:47:33,874 - DEBUG - ⛔ Cannot open trade: Max open trades reached (no staged window)
2025-12-09 04:47:55,293 - DEBUG - ⛔ Cannot open trade: Max open trades reached (no staged window)
2025-12-09 04:48:16,964 - DEBUG - ⛔ Cannot open trade: Max open trades reached (no staged window)
2025-12-09 04:48:38,780 - DEBUG - ⛔ Cannot open trade: Max open trades reached (no staged window)
2025-12-09 04:52:16,234 - DEBUG - ⛔ Cannot open trade: Max open trades reached (no staged window)
2025-12-09 04:52:38,000 - DEBUG - ⛔ Cannot open trade: Max open trades reached (no staged window)
2025-12-09 04:52:59,627 - DEBUG - ⛔ Cannot open trade: Max open trades reached (no staged window)
2025-12-09 04:53:21,581 - DEBUG - ⛔ Cannot open trade: Max open trades reached (no staged window)
2025-12-09 04:53:43,112 - DEBUG - ⛔ Cannot open trade: Max open trades reached (no staged window)
2025-12-09 04:54:04,910 - DEBUG - ⛔ Cannot open trade: Max open trades reached (no staged window)
2025-12-09 04:56:35,695 - DEBUG - ⛔ Cannot open trade: Max open trades reached (no staged window)
2025-12-09 04:56:57,239 - DEBUG - ⛔ Cannot open trade: Max open trades reached (no staged window)
2025-12-09 04:57:18,823 - DEBUG - ⛔ Cannot open trade: Max open trades reached (no staged window)
2025-12-09 04:57:40,446 - DEBUG - ⛔ Cannot open trade: Max open trades reached (no staged window)
2025-12-09 04:58:03,050 - DEBUG - ⛔ Cannot open trade: Max open trades reached (no staged window)
2025-12-09 04:58:24,929 - DEBUG - ⛔ Cannot open trade: Max open trades reached (no staged window)
2025-12-09 04:58:46,334 - DEBUG - ⛔ Cannot open trade: Max open trades reached (no staged window)
2025-12-09 04:59:07,761 - DEBUG - ⛔ Cannot open trade: Max open trades reached (no staged window)
2025-12-09 04:59:29,385 - DEBUG - ⛔ Cannot open trade: Max open trades reached (no staged window)
2025-12-09 04:59:50,836 - DEBUG - ⛔ Cannot open trade: Max open trades reached (no staged window)
2025-12-09 05:00:12,897 - DEBUG - ⛔ Cannot open trade: Max open trades reached (no staged window)
2025-12-09 05:00:34,525 - DEBUG - ⛔ Cannot open trade: Max open trades reached (no staged window)
2025-12-09 05:00:56,039 - DEBUG - ⛔ Cannot open trade: Max open trades reached (no staged window)
2025-12-09 05:01:17,560 - DEBUG - ⛔ Cannot open trade: Max open trades reached (no staged window)
2025-12-09 05:01:38,948 - DEBUG - ⛔ Cannot open trade: Max open trades reached (no staged window)
2025-12-09 05:02:00,591 - DEBUG - ⛔ Cannot open trade: Max open trades reached (no staged window)
2025-12-09 05:02:24,043 - DEBUG - ⛔ Cannot open trade: Max open trades reached (no staged window)
2025-12-09 05:02:45,978 - DEBUG - ⛔ Cannot open trade: Max open trades reached (no staged window)
