2025-12-08 19:42:06,342 - INFO - ================================================================================
2025-12-08 19:42:06,342 - INFO - ✅ TRADE EXECUTED SUCCESSFULLY
2025-12-08 19:42:06,342 - INFO -    Symbol: BMYm
2025-12-08 19:42:06,342 - INFO -    Direction: SHORT
2025-12-08 19:42:06,358 - INFO -    Ticket: 467008877
2025-12-08 19:42:06,358 - INFO -    Entry Price (Requested): 51.74000
2025-12-08 19:42:06,358 - INFO -    Entry Price (Actual Fill): 51.74000
2025-12-08 19:42:06,358 - INFO -    Lot Size: 0.0100
2025-12-08 19:42:06,358 - INFO -    Stop Loss: 10.0 pips (0.10000)
2025-12-08 19:42:06,358 - INFO -    Risk: $0.10 USD
2025-12-08 19:42:06,358 - INFO -    Spread: 8.0 points
2025-12-08 19:42:06,358 - INFO -    Spread+Fees Cost: $0.08 USD
2025-12-08 19:42:06,358 - INFO -    Quality Score: 80.0
2025-12-08 19:42:06,358 - INFO -    Min Lot: 0.01
2025-12-08 19:42:06,358 - INFO -    Min Lot Source: broker
2025-12-08 19:42:06,358 - INFO -    Sma Fast: 51.82899999999999
2025-12-08 19:42:06,358 - INFO -    Sma Slow: 51.92
2025-12-08 19:42:06,358 - INFO -    Rsi: 31.81818181817991
2025-12-08 19:42:06,358 - INFO - ================================================================================
2025-12-08 19:51:09,441 - DEBUG - ⛔ Cannot open trade: Staged window expired (543s > 150s)
2025-12-08 19:51:32,100 - DEBUG - ⛔ Cannot open trade: Staged window expired (566s > 150s)
2025-12-08 19:51:54,289 - DEBUG - ⛔ Cannot open trade: Staged window expired (588s > 150s)
2025-12-08 19:52:16,583 - DEBUG - ⛔ Cannot open trade: Staged window expired (610s > 150s)
2025-12-08 19:52:38,929 - DEBUG - ⛔ Cannot open trade: Staged window expired (633s > 150s)
2025-12-08 19:53:00,980 - DEBUG - ⛔ Cannot open trade: Staged window expired (655s > 150s)
2025-12-08 19:53:25,228 - DEBUG - ⛔ Cannot open trade: Staged window expired (679s > 150s)
2025-12-08 19:53:47,760 - DEBUG - ⛔ Cannot open trade: Staged window expired (701s > 150s)
2025-12-08 19:54:10,013 - DEBUG - ⛔ Cannot open trade: Staged window expired (724s > 150s)
2025-12-08 19:54:32,276 - DEBUG - ⛔ Cannot open trade: Staged window expired (746s > 150s)
2025-12-08 19:54:54,792 - DEBUG - ⛔ Cannot open trade: Staged window expired (768s > 150s)
2025-12-08 19:55:17,137 - DEBUG - ⛔ Cannot open trade: Staged window expired (791s > 150s)
2025-12-08 19:55:39,278 - DEBUG - ⛔ Cannot open trade: Staged window expired (813s > 150s)
2025-12-08 19:56:02,877 - DEBUG - ⛔ Cannot open trade: Staged window expired (837s > 150s)
2025-12-08 19:56:26,220 - DEBUG - ⛔ Cannot open trade: Staged window expired (860s > 150s)
2025-12-08 19:56:48,718 - DEBUG - ⛔ Cannot open trade: Staged window expired (882s > 150s)
2025-12-08 19:57:11,405 - DEBUG - ⛔ Cannot open trade: Staged window expired (905s > 150s)
2025-12-08 19:57:33,468 - DEBUG - ⛔ Cannot open trade: Staged window expired (927s > 150s)
2025-12-08 19:57:55,722 - DEBUG - ⛔ Cannot open trade: Staged window expired (949s > 150s)
2025-12-08 19:58:18,172 - DEBUG - ⛔ Cannot open trade: Staged window expired (972s > 150s)
2025-12-08 19:58:40,266 - DEBUG - ⛔ Cannot open trade: Staged window expired (994s > 150s)
2025-12-08 19:59:04,173 - DEBUG - ⛔ Cannot open trade: Staged window expired (1018s > 150s)
2025-12-08 19:59:27,253 - DEBUG - ⛔ Cannot open trade: Staged window expired (1041s > 150s)
2025-12-08 19:59:49,846 - DEBUG - ⛔ Cannot open trade: Staged window expired (1064s > 150s)
2025-12-08 20:01:19,309 - DEBUG - ⛔ Cannot open trade: Staged window expired (1153s > 150s)
2025-12-08 20:01:41,502 - DEBUG - ⛔ Cannot open trade: Staged window expired (1175s > 150s)
2025-12-08 20:02:04,207 - DEBUG - ⛔ Cannot open trade: Staged window expired (1198s > 150s)
2025-12-08 20:04:40,895 - DEBUG - ⛔ Cannot open trade: Staged window expired (1355s > 150s)
2025-12-08 20:05:04,292 - DEBUG - ⛔ Cannot open trade: Staged window expired (1378s > 150s)
2025-12-08 20:05:27,056 - DEBUG - ⛔ Cannot open trade: Staged window expired (1401s > 150s)
2025-12-08 20:05:49,555 - DEBUG - ⛔ Cannot open trade: Staged window expired (1423s > 150s)
2025-12-08 20:06:34,774 - DEBUG - ⛔ Cannot open trade: Staged window expired (1468s > 150s)
2025-12-08 20:06:57,010 - DEBUG - ⛔ Cannot open trade: Staged window expired (1491s > 150s)
2025-12-08 20:07:19,917 - DEBUG - ⛔ Cannot open trade: Staged window expired (1514s > 150s)
2025-12-08 20:07:41,976 - DEBUG - ⛔ Cannot open trade: Staged window expired (1536s > 150s)
2025-12-08 20:09:11,026 - DEBUG - ⛔ Cannot open trade: Staged window expired (1625s > 150s)
2025-12-08 20:09:33,935 - DEBUG - ⛔ Cannot open trade: Staged window expired (1648s > 150s)
2025-12-08 20:09:56,452 - DEBUG - ⛔ Cannot open trade: Staged window expired (1670s > 150s)
2025-12-08 20:10:18,699 - DEBUG - ⛔ Cannot open trade: Staged window expired (1692s > 150s)
2025-12-08 20:10:41,106 - DEBUG - ⛔ Cannot open trade: Staged window expired (1715s > 150s)
2025-12-08 20:11:03,998 - DEBUG - ⛔ Cannot open trade: Staged window expired (1738s > 150s)
2025-12-08 20:11:26,563 - DEBUG - ⛔ Cannot open trade: Staged window expired (1760s > 150s)
2025-12-08 20:11:48,969 - DEBUG - ⛔ Cannot open trade: Staged window expired (1783s > 150s)
2025-12-08 20:12:11,075 - DEBUG - ⛔ Cannot open trade: Staged window expired (1805s > 150s)
2025-12-08 20:13:39,422 - DEBUG - ⛔ Cannot open trade: Staged window expired (1893s > 150s)
2025-12-08 20:14:03,663 - DEBUG - ⛔ Cannot open trade: Staged window expired (1917s > 150s)
2025-12-08 20:14:26,507 - DEBUG - ⛔ Cannot open trade: Staged window expired (1940s > 150s)
2025-12-08 20:14:48,594 - DEBUG - ⛔ Cannot open trade: Staged window expired (1962s > 150s)
2025-12-08 20:15:11,093 - DEBUG - ⛔ Cannot open trade: Staged window expired (1985s > 150s)
2025-12-08 20:15:33,156 - DEBUG - ⛔ Cannot open trade: Staged window expired (2007s > 150s)
2025-12-08 20:16:22,334 - INFO - ================================================================================
2025-12-08 20:16:22,334 - INFO - 🔴 POSITION CLOSED
2025-12-08 20:16:22,334 - INFO -    Symbol: BMYm
2025-12-08 20:16:22,334 - INFO -    Ticket: 467008877
2025-12-08 20:16:22,334 - INFO -    Entry Time: 2025-12-08 19:42:06
2025-12-08 20:16:22,334 - INFO -    Entry Price: 51.74000
2025-12-08 20:16:22,334 - INFO -    Close Time: 2025-12-08 20:16:22
2025-12-08 20:16:22,334 - INFO -    Close Price: 51.92000
2025-12-08 20:16:22,334 - INFO -    Profit/Loss: $-0.18 USD
2025-12-08 20:16:22,334 - INFO -    Duration: 34.3 minutes
2025-12-08 20:16:22,334 - INFO -    Close Reason: Unknown
2025-12-08 20:16:22,334 - INFO - ================================================================================
2025-12-08 20:29:21,459 - DEBUG - ⛔ Cannot open trade: Max open trades reached (no staged window)
2025-12-08 20:29:43,758 - DEBUG - ⛔ Cannot open trade: Max open trades reached (no staged window)
2025-12-08 20:30:06,978 - DEBUG - ⛔ Cannot open trade: Max open trades reached (no staged window)
2025-12-08 20:36:09,695 - DEBUG - ⛔ Cannot open trade: Max open trades reached (no staged window)
2025-12-08 20:36:32,572 - DEBUG - ⛔ Cannot open trade: Max open trades reached (no staged window)
2025-12-08 20:36:55,065 - DEBUG - ⛔ Cannot open trade: Max open trades reached (no staged window)
