2025-12-08 19:40:52,465 - INFO - ================================================================================
2025-12-08 19:40:52,465 - INFO - ✅ TRADE EXECUTED SUCCESSFULLY
2025-12-08 19:40:52,465 - INFO -    Symbol: CSXm
2025-12-08 19:40:52,465 - INFO -    Direction: SHORT
2025-12-08 19:40:52,465 - INFO -    Ticket: 467004453
2025-12-08 19:40:52,465 - INFO -    Entry Price (Requested): 36.40000
2025-12-08 19:40:52,465 - INFO -    Entry Price (Actual Fill): 36.40000
2025-12-08 19:40:52,465 - INFO -    Lot Size: 0.0100
2025-12-08 19:40:52,465 - INFO -    Stop Loss: 10.0 pips (0.10000)
2025-12-08 19:40:52,465 - INFO -    Risk: $0.10 USD
2025-12-08 19:40:52,465 - INFO -    Spread: 6.0 points
2025-12-08 19:40:52,465 - INFO -    Spread+Fees Cost: $0.06 USD
2025-12-08 19:40:52,465 - INFO -    Quality Score: 65.0
2025-12-08 19:40:52,465 - INFO -    Min Lot: 0.01
2025-12-08 19:40:52,465 - INFO -    Min Lot Source: broker
2025-12-08 19:40:52,465 - INFO -    Sma Fast: 36.397499999999994
2025-12-08 19:40:52,465 - INFO -    Sma Slow: 36.4196
2025-12-08 19:40:52,465 - INFO -    Rsi: 50.0
2025-12-08 19:40:52,465 - INFO - ================================================================================
2025-12-08 20:27:06,663 - DEBUG - ⛔ Cannot open trade: Staged window expired (2774s > 150s)
2025-12-08 20:27:29,518 - DEBUG - ⛔ Cannot open trade: Staged window expired (2797s > 150s)
2025-12-08 20:27:51,915 - DEBUG - ⛔ Cannot open trade: Staged window expired (2819s > 150s)
2025-12-08 20:28:14,178 - DEBUG - ⛔ Cannot open trade: Staged window expired (2842s > 150s)
2025-12-08 20:28:36,804 - DEBUG - ⛔ Cannot open trade: Staged window expired (2864s > 150s)
2025-12-08 20:28:59,007 - DEBUG - ⛔ Cannot open trade: Staged window expired (2887s > 150s)
2025-12-08 20:29:21,385 - DEBUG - ⛔ Cannot open trade: Staged window expired (2909s > 150s)
2025-12-08 20:29:43,711 - DEBUG - ⛔ Cannot open trade: Staged window expired (2931s > 150s)
2025-12-08 20:30:06,843 - DEBUG - ⛔ Cannot open trade: Staged window expired (2954s > 150s)
2025-12-08 20:30:29,760 - DEBUG - ⛔ Cannot open trade: Staged window expired (2977s > 150s)
2025-12-08 20:30:52,322 - DEBUG - ⛔ Cannot open trade: Staged window expired (3000s > 150s)
2025-12-08 20:31:37,320 - DEBUG - ⛔ Cannot open trade: Staged window expired (3045s > 150s)
2025-12-08 20:32:02,677 - INFO - ================================================================================
2025-12-08 20:32:02,677 - INFO - ✅ TRADE EXECUTED SUCCESSFULLY
2025-12-08 20:32:02,677 - INFO -    Symbol: CSXm
2025-12-08 20:32:02,677 - INFO -    Direction: SHORT
2025-12-08 20:32:02,677 - INFO -    Ticket: 467216677
2025-12-08 20:32:02,677 - INFO -    Entry Price (Requested): 36.29000
2025-12-08 20:32:02,677 - INFO -    Entry Price (Actual Fill): 36.29000
2025-12-08 20:32:02,677 - INFO -    Lot Size: 0.0100
2025-12-08 20:32:02,677 - INFO -    Stop Loss: 10.0 pips (0.10000)
2025-12-08 20:32:02,677 - INFO -    Risk: $0.10 USD
2025-12-08 20:32:02,677 - INFO -    Spread: 6.0 points
2025-12-08 20:32:02,677 - INFO -    Spread+Fees Cost: $0.06 USD
2025-12-08 20:32:02,677 - INFO -    Quality Score: 80.0
2025-12-08 20:32:02,677 - INFO -    Min Lot: 0.01
2025-12-08 20:32:02,677 - INFO -    Min Lot Source: broker
2025-12-08 20:32:02,677 - INFO -    Sma Fast: 36.308
2025-12-08 20:32:02,677 - INFO -    Sma Slow: 36.3548
2025-12-08 20:32:02,677 - INFO -    Rsi: 37.499999999996675
2025-12-08 20:32:02,677 - INFO - ================================================================================
2025-12-08 20:32:23,321 - DEBUG - ⛔ Cannot open trade: Staged window expired (3091s > 150s)
2025-12-08 20:34:59,887 - DEBUG - ⛔ Cannot open trade: Staged window expired (3247s > 150s)
2025-12-08 20:35:25,117 - DEBUG - ⛔ Cannot open trade: Staged window expired (3273s > 150s)
2025-12-08 20:35:47,180 - DEBUG - ⛔ Cannot open trade: Staged window expired (3295s > 150s)
2025-12-08 20:36:09,595 - DEBUG - ⛔ Cannot open trade: Staged window expired (3317s > 150s)
2025-12-08 20:36:32,478 - DEBUG - ⛔ Cannot open trade: Staged window expired (3340s > 150s)
2025-12-08 20:36:54,965 - DEBUG - ⛔ Cannot open trade: Staged window expired (3363s > 150s)
2025-12-08 20:37:17,274 - DEBUG - ⛔ Cannot open trade: Staged window expired (3385s > 150s)
2025-12-08 20:37:39,699 - DEBUG - ⛔ Cannot open trade: Staged window expired (3407s > 150s)
2025-12-08 20:38:03,051 - DEBUG - ⛔ Cannot open trade: Staged window expired (3431s > 150s)
2025-12-08 20:39:32,930 - DEBUG - ⛔ Cannot open trade: Staged window expired (3520s > 150s)
2025-12-08 20:39:55,546 - DEBUG - ⛔ Cannot open trade: Staged window expired (3543s > 150s)
2025-12-08 20:40:17,840 - DEBUG - ⛔ Cannot open trade: Staged window expired (3565s > 150s)
