2025-12-08 20:10:18,793 - DEBUG - ⛔ Cannot open trade: Max open trades reached (no staged window)
2025-12-08 20:10:41,200 - DEBUG - ⛔ Cannot open trade: Max open trades reached (no staged window)
2025-12-08 20:11:04,108 - DEBUG - ⛔ Cannot open trade: Max open trades reached (no staged window)
2025-12-08 20:11:26,688 - DEBUG - ⛔ Cannot open trade: Max open trades reached (no staged window)
2025-12-08 20:11:49,094 - DEBUG - ⛔ Cannot open trade: Max open trades reached (no staged window)
2025-12-08 20:12:11,184 - DEBUG - ⛔ Cannot open trade: Max open trades reached (no staged window)
2025-12-08 20:12:33,153 - DEBUG - ⛔ Cannot open trade: Max open trades reached (no staged window)
2025-12-08 20:12:55,326 - DEBUG - ⛔ Cannot open trade: Max open trades reached (no staged window)
2025-12-08 20:13:17,217 - DEBUG - ⛔ Cannot open trade: Max open trades reached (no staged window)
2025-12-08 20:13:39,603 - DEBUG - ⛔ Cannot open trade: Max open trades reached (no staged window)
2025-12-08 20:14:03,804 - DEBUG - ⛔ Cannot open trade: Max open trades reached (no staged window)
2025-12-08 20:14:26,579 - DEBUG - ⛔ Cannot open trade: Max open trades reached (no staged window)
2025-12-08 20:15:55,265 - DEBUG - ⛔ Cannot open trade: Max open trades reached (no staged window)
2025-12-08 20:16:17,454 - DEBUG - ⛔ Cannot open trade: Max open trades reached (no staged window)
2025-12-08 20:16:40,934 - INFO - ================================================================================
2025-12-08 20:16:40,934 - INFO - ✅ TRADE EXECUTED SUCCESSFULLY
2025-12-08 20:16:40,934 - INFO -    Symbol: FTNTm
2025-12-08 20:16:40,934 - INFO -    Direction: SHORT
2025-12-08 20:16:40,934 - INFO -    Ticket: 467152711
2025-12-08 20:16:40,934 - INFO -    Entry Price (Requested): 83.92000
2025-12-08 20:16:40,934 - INFO -    Entry Price (Actual Fill): 83.92000
2025-12-08 20:16:40,934 - INFO -    Lot Size: 0.0100
2025-12-08 20:16:40,934 - INFO -    Stop Loss: 12.6 pips (0.12571)
2025-12-08 20:16:40,934 - INFO -    Risk: $0.13 USD
2025-12-08 20:16:40,934 - INFO -    Spread: 10.0 points
2025-12-08 20:16:40,934 - INFO -    Spread+Fees Cost: $0.10 USD
2025-12-08 20:16:40,934 - INFO -    Quality Score: 80.0
2025-12-08 20:16:40,934 - INFO -    Min Lot: 0.01
2025-12-08 20:16:40,934 - INFO -    Min Lot Source: broker
2025-12-08 20:16:40,934 - INFO -    Sma Fast: 83.912
2025-12-08 20:16:40,934 - INFO -    Sma Slow: 84.0758
2025-12-08 20:16:40,934 - INFO -    Rsi: 41.86046511627999
2025-12-08 20:16:40,934 - INFO - ================================================================================
2025-12-08 20:22:38,068 - DEBUG - ⛔ Cannot open trade: Staged window expired (357s > 150s)
2025-12-08 20:23:00,522 - DEBUG - ⛔ Cannot open trade: Staged window expired (380s > 150s)
2025-12-08 20:23:24,786 - DEBUG - ⛔ Cannot open trade: Staged window expired (404s > 150s)
2025-12-08 20:27:06,929 - DEBUG - ⛔ Cannot open trade: Staged window expired (626s > 150s)
2025-12-08 20:27:29,753 - DEBUG - ⛔ Cannot open trade: Staged window expired (649s > 150s)
2025-12-08 20:27:52,166 - DEBUG - ⛔ Cannot open trade: Staged window expired (671s > 150s)
2025-12-08 20:28:14,502 - DEBUG - ⛔ Cannot open trade: Staged window expired (694s > 150s)
2025-12-08 20:28:36,991 - DEBUG - ⛔ Cannot open trade: Staged window expired (716s > 150s)
2025-12-08 20:28:59,196 - DEBUG - ⛔ Cannot open trade: Staged window expired (738s > 150s)
2025-12-08 20:30:39,412 - INFO - 📈 TRAILING STOP: Ticket 467152711 (FTNTm) | Time: 20:30:39 | Profit: $0.11 | SL Profit: $0.08 | SL Price: 83.83750 (8.2 pips) | Reason: Elastic trailing (peak: $0.11, pullback: 25%)
2025-12-08 20:30:49,084 - INFO - 📈 TRAILING STOP: Ticket 467152711 (FTNTm) | Time: 20:30:49 | Profit: $0.12 | SL Profit: $0.09 | SL Price: 83.83000 (9.0 pips) | Reason: Elastic trailing (peak: $0.12, pullback: 25%)
2025-12-08 20:31:14,334 - INFO - ================================================================================
2025-12-08 20:31:14,334 - INFO - ⚡ MICRO-HFT PROFIT CLOSE
2025-12-08 20:31:14,334 - INFO -    Symbol: FTNTm
2025-12-08 20:31:14,334 - INFO -    Ticket: 467152711
2025-12-08 20:31:14,334 - INFO -    Entry Price (Actual Fill): 83.92000
2025-12-08 20:31:14,334 - INFO -    Close Price (Actual Fill): 83.84000
2025-12-08 20:31:14,334 - INFO -    Profit: $0.08 USD
2025-12-08 20:31:14,334 - INFO -    Spread: 10.0 points
2025-12-08 20:31:14,334 - INFO -    Execution Time: 55.72 ms
2025-12-08 20:31:14,350 - INFO -    Close Reason: Micro-HFT sweet spot profit ($0.03–$0.10)
2025-12-08 20:31:14,366 - INFO - ================================================================================
2025-12-08 20:31:14,742 - INFO - ================================================================================
2025-12-08 20:31:14,742 - INFO - 🔴 POSITION CLOSED
2025-12-08 20:31:14,742 - INFO -    Symbol: FTNTm
2025-12-08 20:31:14,742 - INFO -    Ticket: 467152711
2025-12-08 20:31:14,742 - INFO -    Entry Time: 2025-12-08 20:16:40
2025-12-08 20:31:14,742 - INFO -    Entry Price: 83.92000
2025-12-08 20:31:14,742 - INFO -    Close Time: 2025-12-08 20:31:14
2025-12-08 20:31:14,742 - INFO -    Close Price: 83.84000
2025-12-08 20:31:14,742 - INFO -    Profit/Loss: $0.08 USD
2025-12-08 20:31:14,742 - INFO -    Duration: 14.6 minutes
2025-12-08 20:31:14,742 - INFO -    Close Reason: Take Profit or Trailing Stop
2025-12-08 20:31:14,742 - INFO - ================================================================================
2025-12-08 20:33:08,620 - DEBUG - ⛔ Cannot open trade: Max open trades reached (no staged window)
2025-12-08 20:33:31,150 - DEBUG - ⛔ Cannot open trade: Max open trades reached (no staged window)
2025-12-08 20:33:53,305 - DEBUG - ⛔ Cannot open trade: Max open trades reached (no staged window)
2025-12-08 20:34:15,836 - DEBUG - ⛔ Cannot open trade: Max open trades reached (no staged window)
2025-12-08 20:34:37,850 - DEBUG - ⛔ Cannot open trade: Max open trades reached (no staged window)
2025-12-08 20:35:00,204 - DEBUG - ⛔ Cannot open trade: Max open trades reached (no staged window)
2025-12-08 20:35:25,274 - DEBUG - ⛔ Cannot open trade: Max open trades reached (no staged window)
2025-12-08 20:35:47,321 - DEBUG - ⛔ Cannot open trade: Max open trades reached (no staged window)
2025-12-08 20:36:09,804 - DEBUG - ⛔ Cannot open trade: Max open trades reached (no staged window)
2025-12-08 20:36:32,619 - DEBUG - ⛔ Cannot open trade: Max open trades reached (no staged window)
2025-12-08 20:36:55,108 - DEBUG - ⛔ Cannot open trade: Max open trades reached (no staged window)
2025-12-08 20:39:33,275 - DEBUG - ⛔ Cannot open trade: Max open trades reached (no staged window)
2025-12-08 20:39:55,793 - DEBUG - ⛔ Cannot open trade: Max open trades reached (no staged window)
2025-12-08 20:40:18,043 - DEBUG - ⛔ Cannot open trade: Max open trades reached (no staged window)
2025-12-08 20:40:40,749 - DEBUG - ⛔ Cannot open trade: Max open trades reached (no staged window)
2025-12-08 20:41:04,252 - DEBUG - ⛔ Cannot open trade: Max open trades reached (no staged window)
2025-12-08 20:41:26,589 - DEBUG - ⛔ Cannot open trade: Max open trades reached (no staged window)
2025-12-08 20:42:55,986 - DEBUG - ⛔ Cannot open trade: Max open trades reached (no staged window)
2025-12-08 20:43:18,676 - DEBUG - ⛔ Cannot open trade: Max open trades reached (no staged window)
2025-12-08 20:43:40,654 - DEBUG - ⛔ Cannot open trade: Max open trades reached (no staged window)
