2025-12-08 19:41:38,933 - DEBUG - ⛔ Cannot open trade: Max open trades reached (no staged window)
2025-12-08 19:42:27,819 - DEBUG - ⛔ Cannot open trade: Max open trades reached (no staged window)
2025-12-08 19:42:50,045 - DEBUG - ⛔ Cannot open trade: Max open trades reached (no staged window)
2025-12-08 19:43:58,110 - DEBUG - ⛔ Cannot open trade: Max open trades reached (no staged window)
2025-12-08 19:44:21,125 - DEBUG - ⛔ Cannot open trade: Max open trades reached (no staged window)
2025-12-08 19:44:47,517 - INFO - ================================================================================
2025-12-08 19:44:47,517 - INFO - ✅ TRADE EXECUTED SUCCESSFULLY
2025-12-08 19:44:47,517 - INFO -    Symbol: PMm
2025-12-08 19:44:47,517 - INFO -    Direction: SHORT
2025-12-08 19:44:47,517 - INFO -    Ticket: 467017023
2025-12-08 19:44:47,517 - INFO -    Entry Price (Requested): 149.05000
2025-12-08 19:44:47,517 - INFO -    Entry Price (Actual Fill): 149.02000
2025-12-08 19:44:47,517 - INFO -    Entry Slippage: 0.03000
2025-12-08 19:44:47,517 - INFO -    Lot Size: 0.0100
2025-12-08 19:44:47,517 - INFO -    Stop Loss: 10.0 pips (0.10000)
2025-12-08 19:44:47,517 - INFO -    Risk: $0.10 USD
2025-12-08 19:44:47,517 - INFO -    Spread: 20.0 points
2025-12-08 19:44:47,517 - INFO -    Spread+Fees Cost: $0.20 USD
2025-12-08 19:44:47,517 - INFO -    Quality Score: 80.0
2025-12-08 19:44:47,517 - INFO -    Min Lot: 0.01
2025-12-08 19:44:47,517 - INFO -    Min Lot Source: broker
2025-12-08 19:44:47,517 - INFO -    Sma Fast: 148.9995
2025-12-08 19:44:47,517 - INFO -    Sma Slow: 149.1596
2025-12-08 19:44:47,517 - INFO -    Rsi: 50.0
2025-12-08 19:44:47,517 - INFO - ================================================================================
2025-12-08 19:47:08,349 - INFO - ================================================================================
2025-12-08 19:47:08,349 - INFO - 🔴 POSITION CLOSED
2025-12-08 19:47:08,349 - INFO -    Symbol: PMm
2025-12-08 19:47:08,349 - INFO -    Ticket: 467017023
2025-12-08 19:47:08,349 - INFO -    Entry Time: 2025-12-08 19:44:47
2025-12-08 19:47:08,349 - INFO -    Entry Price: 149.02000
2025-12-08 19:47:08,349 - INFO -    Close Time: 2025-12-08 19:47:08
2025-12-08 19:47:08,349 - INFO -    Close Price: 149.32000
2025-12-08 19:47:08,349 - INFO -    Profit/Loss: $-0.30 USD
2025-12-08 19:47:08,349 - INFO -    Duration: 2.4 minutes
2025-12-08 19:47:08,349 - INFO -    Close Reason: Unknown
2025-12-08 19:47:08,349 - INFO - ================================================================================
2025-12-08 20:33:09,179 - DEBUG - ⛔ Cannot open trade: Max open trades reached (no staged window)
2025-12-08 20:33:31,557 - DEBUG - ⛔ Cannot open trade: Max open trades reached (no staged window)
2025-12-08 20:33:53,857 - DEBUG - ⛔ Cannot open trade: Max open trades reached (no staged window)
2025-12-08 20:34:16,260 - DEBUG - ⛔ Cannot open trade: Max open trades reached (no staged window)
2025-12-08 20:34:38,367 - DEBUG - ⛔ Cannot open trade: Max open trades reached (no staged window)
2025-12-08 20:36:10,478 - DEBUG - ⛔ Cannot open trade: Max open trades reached (no staged window)
2025-12-08 20:36:33,167 - DEBUG - ⛔ Cannot open trade: Max open trades reached (no staged window)
2025-12-08 20:36:55,624 - DEBUG - ⛔ Cannot open trade: Max open trades reached (no staged window)
2025-12-08 20:37:17,994 - DEBUG - ⛔ Cannot open trade: Max open trades reached (no staged window)
2025-12-08 20:37:40,341 - DEBUG - ⛔ Cannot open trade: Max open trades reached (no staged window)
2025-12-08 20:38:04,050 - DEBUG - ⛔ Cannot open trade: Max open trades reached (no staged window)
2025-12-08 20:38:26,498 - DEBUG - ⛔ Cannot open trade: Max open trades reached (no staged window)
2025-12-08 20:38:48,872 - DEBUG - ⛔ Cannot open trade: Max open trades reached (no staged window)
2025-12-08 20:39:11,137 - DEBUG - ⛔ Cannot open trade: Max open trades reached (no staged window)
2025-12-08 20:39:33,793 - DEBUG - ⛔ Cannot open trade: Max open trades reached (no staged window)
2025-12-08 20:39:56,169 - DEBUG - ⛔ Cannot open trade: Max open trades reached (no staged window)
2025-12-08 20:40:18,527 - DEBUG - ⛔ Cannot open trade: Max open trades reached (no staged window)
2025-12-08 20:40:41,141 - DEBUG - ⛔ Cannot open trade: Max open trades reached (no staged window)
2025-12-08 20:41:04,642 - DEBUG - ⛔ Cannot open trade: Max open trades reached (no staged window)
2025-12-08 20:41:27,028 - DEBUG - ⛔ Cannot open trade: Max open trades reached (no staged window)
2025-12-08 20:41:49,438 - DEBUG - ⛔ Cannot open trade: Max open trades reached (no staged window)
2025-12-08 20:42:11,747 - DEBUG - ⛔ Cannot open trade: Max open trades reached (no staged window)
2025-12-08 20:42:34,080 - DEBUG - ⛔ Cannot open trade: Max open trades reached (no staged window)
2025-12-08 20:44:04,249 - DEBUG - ⛔ Cannot open trade: Max open trades reached (no staged window)
2025-12-08 20:44:26,753 - DEBUG - ⛔ Cannot open trade: Max open trades reached (no staged window)
2025-12-08 20:44:48,689 - DEBUG - ⛔ Cannot open trade: Max open trades reached (no staged window)
2025-12-08 20:45:11,014 - DEBUG - ⛔ Cannot open trade: Max open trades reached (no staged window)
2025-12-08 20:45:33,643 - DEBUG - ⛔ Cannot open trade: Max open trades reached (no staged window)
