2025-12-08 21:15:39,003 - DEBUG - ⛔ Cannot open trade: Max open trades reached (no staged window)
2025-12-08 21:16:00,765 - DEBUG - ⛔ Cannot open trade: Max open trades reached (no staged window)
2025-12-08 21:16:23,891 - DEBUG - ⛔ Cannot open trade: Max open trades reached (no staged window)
2025-12-08 21:16:45,271 - DEBUG - ⛔ Cannot open trade: Max open trades reached (no staged window)
2025-12-08 21:17:07,081 - DEBUG - ⛔ Cannot open trade: Max open trades reached (no staged window)
2025-12-08 21:17:50,096 - DEBUG - ⛔ Cannot open trade: Max open trades reached (no staged window)
2025-12-08 21:18:11,646 - DEBUG - ⛔ Cannot open trade: Max open trades reached (no staged window)
2025-12-08 21:18:34,954 - INFO - ================================================================================
2025-12-08 21:18:34,954 - INFO - ✅ TRADE EXECUTED SUCCESSFULLY
2025-12-08 21:18:34,954 - INFO -    Symbol: US500m
2025-12-08 21:18:34,954 - INFO -    Direction: LONG
2025-12-08 21:18:34,954 - INFO -    Ticket: 467376640
2025-12-08 21:18:34,954 - INFO -    Entry Price (Requested): 6858.24000
2025-12-08 21:18:34,954 - INFO -    Entry Price (Actual Fill): 6858.08000
2025-12-08 21:18:34,954 - INFO -    Entry Slippage: 0.16000
2025-12-08 21:18:34,954 - INFO -    Lot Size: 0.0300
2025-12-08 21:18:34,954 - INFO -    Stop Loss: 132.4 pips (1.32429)
2025-12-08 21:18:34,954 - INFO -    Risk: $0.04 USD
2025-12-08 21:18:34,954 - INFO -    Spread: 1.0 points
2025-12-08 21:18:34,954 - INFO -    Spread+Fees Cost: $0.02 USD
2025-12-08 21:18:34,954 - INFO -    Quality Score: 65.0
2025-12-08 21:18:34,954 - INFO -    Min Lot: 0.03
2025-12-08 21:18:34,954 - INFO -    Min Lot Source: broker
2025-12-08 21:18:34,954 - INFO -    Sma Fast: 6856.986999999999
2025-12-08 21:18:34,954 - INFO -    Sma Slow: 6851.1812
2025-12-08 21:18:34,954 - INFO -    Rsi: 41.26984126984757
2025-12-08 21:18:34,954 - INFO - ================================================================================
2025-12-08 21:29:44,079 - INFO - 📈 TRAILING STOP: Ticket 467376640 (US500m) | Time: 21:29:44 | Profit: $0.10 | SL Profit: $0.08 | SL Price: 6860.58000 (250.0 pips) | Reason: Elastic trailing (peak: $0.10, pullback: 25%)
2025-12-08 21:29:44,401 - INFO - 📈 TRAILING STOP: Ticket 467376640 (US500m) | Time: 21:29:44 | Profit: $0.11 | SL Profit: $0.08 | SL Price: 6860.83000 (275.0 pips) | Reason: Elastic trailing (peak: $0.11, pullback: 25%)
2025-12-08 21:29:49,376 - INFO - ================================================================================
2025-12-08 21:29:49,376 - INFO - 🔴 POSITION CLOSED
2025-12-08 21:29:49,376 - INFO -    Symbol: US500m
2025-12-08 21:29:49,376 - INFO -    Ticket: 467376640
2025-12-08 21:29:49,376 - INFO -    Entry Time: 2025-12-08 21:18:34
2025-12-08 21:29:49,376 - INFO -    Entry Price: 6858.08000
2025-12-08 21:29:49,376 - INFO -    Close Time: 2025-12-08 21:29:49
2025-12-08 21:29:49,376 - INFO -    Close Price: 6860.83000
2025-12-08 21:29:49,376 - INFO -    Profit/Loss: $0.08 USD
2025-12-08 21:29:49,376 - INFO -    Duration: 11.2 minutes
2025-12-08 21:29:49,376 - INFO -    Close Reason: Take Profit or Trailing Stop
2025-12-08 21:29:49,376 - INFO - ================================================================================
