2025-12-08 21:14:56,162 - DEBUG - ⛔ Cannot open trade: Max open trades reached (no staged window)
2025-12-08 21:15:17,501 - DEBUG - ⛔ Cannot open trade: Max open trades reached (no staged window)
2025-12-08 21:15:38,940 - DEBUG - ⛔ Cannot open trade: Max open trades reached (no staged window)
2025-12-08 21:16:00,734 - DEBUG - ⛔ Cannot open trade: Max open trades reached (no staged window)
2025-12-08 21:16:23,860 - DEBUG - ⛔ Cannot open trade: Max open trades reached (no staged window)
2025-12-08 21:16:45,224 - DEBUG - ⛔ Cannot open trade: Max open trades reached (no staged window)
2025-12-08 21:17:07,049 - DEBUG - ⛔ Cannot open trade: Max open trades reached (no staged window)
2025-12-08 21:17:28,457 - DEBUG - ⛔ Cannot open trade: Max open trades reached (no staged window)
2025-12-08 21:20:00,629 - DEBUG - ⛔ Cannot open trade: Max open trades reached (no staged window)
2025-12-08 21:20:24,426 - DEBUG - ⛔ Cannot open trade: Max open trades reached (no staged window)
2025-12-08 21:20:45,960 - DEBUG - ⛔ Cannot open trade: Max open trades reached (no staged window)
2025-12-08 21:21:07,551 - DEBUG - ⛔ Cannot open trade: Max open trades reached (no staged window)
2025-12-08 21:21:29,104 - DEBUG - ⛔ Cannot open trade: Max open trades reached (no staged window)
2025-12-08 21:21:50,755 - DEBUG - ⛔ Cannot open trade: Max open trades reached (no staged window)
2025-12-08 21:22:12,132 - DEBUG - ⛔ Cannot open trade: Max open trades reached (no staged window)
2025-12-08 21:22:33,866 - DEBUG - ⛔ Cannot open trade: Max open trades reached (no staged window)
2025-12-08 21:22:55,292 - DEBUG - ⛔ Cannot open trade: Max open trades reached (no staged window)
2025-12-08 21:23:16,930 - DEBUG - ⛔ Cannot open trade: Max open trades reached (no staged window)
2025-12-08 21:23:38,836 - DEBUG - ⛔ Cannot open trade: Max open trades reached (no staged window)
2025-12-08 21:24:00,395 - DEBUG - ⛔ Cannot open trade: Max open trades reached (no staged window)
2025-12-08 23:13:34,855 - INFO - ================================================================================
2025-12-08 23:13:34,855 - INFO - ✅ TRADE EXECUTED SUCCESSFULLY
2025-12-08 23:13:34,855 - INFO -    Symbol: USTECm
2025-12-08 23:13:34,855 - INFO -    Direction: LONG
2025-12-08 23:13:34,855 - INFO -    Ticket: 467510108
2025-12-08 23:13:34,855 - INFO -    Entry Price (Requested): 25709.43000
2025-12-08 23:13:34,855 - INFO -    Entry Price (Actual Fill): 25709.75000
2025-12-08 23:13:34,855 - INFO -    Entry Slippage: 0.32000
2025-12-08 23:13:34,855 - INFO -    Lot Size: 0.0100
2025-12-08 23:13:34,855 - INFO -    Stop Loss: 500.0 pips (5.00000)
2025-12-08 23:13:34,855 - INFO -    Risk: $0.05 USD
2025-12-08 23:13:34,855 - INFO -    Spread: 0.8 points
2025-12-08 23:13:34,855 - INFO -    Spread+Fees Cost: $0.02 USD
2025-12-08 23:13:34,855 - INFO -    Quality Score: 65.0
2025-12-08 23:13:34,855 - INFO -    Min Lot: 0.01
2025-12-08 23:13:34,855 - INFO -    Min Lot Source: broker
2025-12-08 23:13:34,855 - INFO -    Sma Fast: 25711.905
2025-12-08 23:13:34,855 - INFO -    Sma Slow: 25697.637600000002
2025-12-08 23:13:34,855 - INFO -    Rsi: 49.41926668184697
2025-12-08 23:13:34,855 - INFO - ================================================================================
2025-12-08 23:16:06,691 - DEBUG - ⛔ Cannot open trade: Staged window expired (152s > 150s)
2025-12-08 23:16:42,958 - INFO - ================================================================================
2025-12-08 23:16:42,958 - INFO - 🔴 POSITION CLOSED
2025-12-08 23:16:42,958 - INFO -    Symbol: USTECm
2025-12-08 23:16:42,958 - INFO -    Ticket: 467510108
2025-12-08 23:16:42,958 - INFO -    Entry Time: 2025-12-08 23:13:34
2025-12-08 23:16:42,958 - INFO -    Entry Price: 25709.75000
2025-12-08 23:16:42,958 - INFO -    Close Time: 2025-12-08 23:16:42
2025-12-08 23:16:42,958 - INFO -    Close Price: 25704.75000
2025-12-08 23:16:42,958 - INFO -    Profit/Loss: $-0.05 USD
2025-12-08 23:16:42,958 - INFO -    Duration: 3.1 minutes
2025-12-08 23:16:42,958 - INFO -    Close Reason: Unknown
2025-12-08 23:16:42,958 - INFO - ================================================================================
2025-12-09 01:55:03,722 - DEBUG - ⛔ Cannot open trade: Max open trades reached (no staged window)
2025-12-09 01:55:28,016 - DEBUG - ⛔ Cannot open trade: Max open trades reached (no staged window)
2025-12-09 01:55:49,613 - DEBUG - ⛔ Cannot open trade: Max open trades reached (no staged window)
2025-12-09 01:56:11,436 - DEBUG - ⛔ Cannot open trade: Max open trades reached (no staged window)
2025-12-09 01:56:32,829 - DEBUG - ⛔ Cannot open trade: Max open trades reached (no staged window)
2025-12-09 01:56:54,251 - DEBUG - ⛔ Cannot open trade: Max open trades reached (no staged window)
