2025-12-08 19:45:30,328 - DEBUG - ⛔ Cannot open trade: Max open trades reached (no staged window)
2025-12-08 19:45:53,048 - DEBUG - ⛔ Cannot open trade: Max open trades reached (no staged window)
2025-12-08 19:46:15,254 - DEBUG - ⛔ Cannot open trade: Max open trades reached (no staged window)
2025-12-08 19:46:37,425 - DEBUG - ⛔ Cannot open trade: Max open trades reached (no staged window)
2025-12-08 19:47:00,220 - DEBUG - ⛔ Cannot open trade: Max open trades reached (no staged window)
2025-12-08 19:47:25,563 - INFO - ================================================================================
2025-12-08 19:47:25,563 - INFO - ✅ TRADE EXECUTED SUCCESSFULLY
2025-12-08 19:47:25,563 - INFO -    Symbol: VIPSm
2025-12-08 19:47:25,563 - INFO -    Direction: LONG
2025-12-08 19:47:25,563 - INFO -    Ticket: 467033457
2025-12-08 19:47:25,563 - INFO -    Entry Price (Requested): 20.15000
2025-12-08 19:47:25,563 - INFO -    Entry Price (Actual Fill): 20.15000
2025-12-08 19:47:25,563 - INFO -    Lot Size: 0.0100
2025-12-08 19:47:25,563 - INFO -    Stop Loss: 10.0 pips (0.10000)
2025-12-08 19:47:25,563 - INFO -    Risk: $0.10 USD
2025-12-08 19:47:25,563 - INFO -    Spread: 3.0 points
2025-12-08 19:47:25,563 - INFO -    Spread+Fees Cost: $0.03 USD
2025-12-08 19:47:25,563 - INFO -    Quality Score: 80.0
2025-12-08 19:47:25,563 - INFO -    Min Lot: 0.01
2025-12-08 19:47:25,563 - INFO -    Min Lot Source: broker
2025-12-08 19:47:25,563 - INFO -    Sma Fast: 20.121000000000002
2025-12-08 19:47:25,563 - INFO -    Sma Slow: 20.096600000000002
2025-12-08 19:47:25,563 - INFO -    Rsi: 50.0
2025-12-08 19:47:25,563 - INFO - ================================================================================
2025-12-08 19:53:47,588 - DEBUG - ⛔ Cannot open trade: Staged window expired (382s > 150s)
2025-12-08 19:54:09,792 - DEBUG - ⛔ Cannot open trade: Staged window expired (404s > 150s)
2025-12-08 19:54:32,056 - DEBUG - ⛔ Cannot open trade: Staged window expired (426s > 150s)
2025-12-08 19:54:54,575 - DEBUG - ⛔ Cannot open trade: Staged window expired (449s > 150s)
2025-12-08 19:55:16,934 - DEBUG - ⛔ Cannot open trade: Staged window expired (471s > 150s)
2025-12-08 19:55:39,075 - DEBUG - ⛔ Cannot open trade: Staged window expired (494s > 150s)
2025-12-08 19:57:11,280 - DEBUG - ⛔ Cannot open trade: Staged window expired (586s > 150s)
2025-12-08 19:57:33,334 - DEBUG - ⛔ Cannot open trade: Staged window expired (608s > 150s)
2025-12-08 19:57:55,534 - DEBUG - ⛔ Cannot open trade: Staged window expired (630s > 150s)
2025-12-08 19:58:18,031 - DEBUG - ⛔ Cannot open trade: Staged window expired (652s > 150s)
2025-12-08 19:58:40,125 - DEBUG - ⛔ Cannot open trade: Staged window expired (675s > 150s)
2025-12-08 19:59:03,916 - DEBUG - ⛔ Cannot open trade: Staged window expired (698s > 150s)
2025-12-08 19:59:49,643 - DEBUG - ⛔ Cannot open trade: Staged window expired (744s > 150s)
2025-12-08 20:00:11,926 - DEBUG - ⛔ Cannot open trade: Staged window expired (766s > 150s)
2025-12-08 20:00:34,908 - DEBUG - ⛔ Cannot open trade: Staged window expired (789s > 150s)
2025-12-08 20:00:57,098 - DEBUG - ⛔ Cannot open trade: Staged window expired (812s > 150s)
2025-12-08 20:01:19,144 - DEBUG - ⛔ Cannot open trade: Staged window expired (834s > 150s)
2025-12-08 20:01:41,346 - DEBUG - ⛔ Cannot open trade: Staged window expired (856s > 150s)
