2025-12-17 17:24:08 - lightweight_realtime - INFO - [2025-12-17 17:24:08.491] Positions: 0 | State: SCANNING | Symbol: AMZNm
2025-12-17 17:24:09 - lightweight_realtime - INFO - [2025-12-17 17:24:09.502] Positions: 0 | State: SCANNING | Symbol: FTNTm
2025-12-17 17:24:10 - lightweight_realtime - INFO - [2025-12-17 17:24:10.735] Positions: 0 | State: SCANNING | Symbol: INTCm
2025-12-17 17:24:11 - lightweight_realtime - INFO - [2025-12-17 17:24:11.833] Positions: 0 | State: SCANNING | Symbol: CVSm
2025-12-17 17:24:12 - lightweight_realtime - INFO - [2025-12-17 17:24:12.866] Positions: 0 | State: SCANNING | Symbol: NKEm
2025-12-17 17:24:14 - lightweight_realtime - INFO - [2025-12-17 17:24:14.310] Positions: 0 | State: SCANNING | Symbol: ABTm
2025-12-17 17:24:15 - lightweight_realtime - INFO - [2025-12-17 17:24:15.729] Positions: 0 | State: SCANNING | Symbol: BTCZARm
2025-12-17 17:24:16 - lightweight_realtime - INFO - [2025-12-17 17:24:16.912] Positions: 0 | State: SCANNING | Symbol: AMTm
2025-12-17 17:24:18 - lightweight_realtime - INFO - [2025-12-17 17:24:18.205] Positions: 0 | State: SCANNING | Symbol: GBPJPYm
2025-12-17 17:24:19 - lightweight_realtime - INFO - [2025-12-17 17:24:19.227] Positions: 0 | State: SCANNING | Symbol: XAGGBPm
2025-12-17 17:24:20 - lightweight_realtime - INFO - [2025-12-17 17:24:20.266] Positions: 0 | State: SCANNING | Symbol: ADPm
2025-12-17 17:24:21 - lightweight_realtime - INFO - [2025-12-17 17:24:21.411] Positions: 0 | State: SCANNING | Symbol: GOOGLm
2025-12-17 17:24:22 - lightweight_realtime - INFO - [2025-12-17 17:24:22.438] Positions: 0 | State: SCANNING | Symbol: EURAUDm
2025-12-17 17:24:23 - lightweight_realtime - INFO - [2025-12-17 17:24:23.465] Positions: 0 | State: SCANNING | Symbol: CADJPYm
2025-12-17 17:24:24 - lightweight_realtime - INFO - [2025-12-17 17:24:24.591] Positions: 0 | State: SCANNING | Symbol: XAGAUDm
2025-12-17 17:24:25 - lightweight_realtime - INFO - [2025-12-17 17:24:25.619] Positions: 0 | State: SCANNING | Symbol: MAm
2025-12-17 17:24:26 - lightweight_realtime - INFO - [2025-12-17 17:24:26.691] Positions: 0 | State: SCANNING | Symbol: EURSGDm
2025-12-17 17:24:27 - lightweight_realtime - INFO - [2025-12-17 17:24:27.912] Positions: 0 | State: SCANNING | Symbol: REGNm
2025-12-17 17:24:29 - lightweight_realtime - INFO - [2025-12-17 17:24:29.406] Positions: 0 | State: SCANNING | Symbol: GBPSEKm
2025-12-17 17:24:30 - lightweight_realtime - INFO - [2025-12-17 17:24:30.449] Positions: 0 | State: SCANNING | Symbol: USDCNHm
2025-12-17 17:24:31 - lightweight_realtime - INFO - [2025-12-17 17:24:31.456] Positions: 0 | State: SCANNING | Symbol: DKKPLNm
2025-12-17 17:24:33 - lightweight_realtime - INFO - [2025-12-17 17:24:33.727] Positions: 0 | State: SCANNING | Symbol: NZDMXNm
2025-12-17 17:24:34 - lightweight_realtime - INFO - [2025-12-17 17:24:34.774] Positions: 0 | State: SCANNING | Symbol: NZDMXNm
2025-12-17 17:24:35 - lightweight_realtime - INFO - [2025-12-17 17:24:35.868] Positions: 0 | State: SCANNING | Symbol: CHFDKKm
2025-12-17 17:24:38 - lightweight_realtime - INFO - [2025-12-17 17:24:38.750] Positions: 0 | State: SCANNING | Symbol: GBPSGDm
2025-12-17 17:24:40 - lightweight_realtime - INFO - [2025-12-17 17:24:40.034] Positions: 0 | State: SCANNING | Symbol: AUDZARm
2025-12-17 17:24:41 - lightweight_realtime - INFO - [2025-12-17 17:24:41.196] Positions: 0 | State: SCANNING | Symbol: AUDNOKm
2025-12-17 17:24:42 - lightweight_realtime - INFO - [2025-12-17 17:24:42.283] Positions: 0 | State: SCANNING | Symbol: GBPZARm
2025-12-17 17:24:44 - lightweight_realtime - INFO - [2025-12-17 17:24:44.193] Positions: 0 | State: SCANNING | Symbol: GBPDKKm
2025-12-17 17:24:45 - lightweight_realtime - INFO - [2025-12-17 17:24:45.211] Positions: 0 | State: IDLE | Symbol: N/A
2025-12-17 17:24:46 - lightweight_realtime - INFO - [2025-12-17 17:24:46.254] Positions: 0 | State: IDLE | Symbol: N/A
2025-12-17 17:24:47 - lightweight_realtime - INFO - [2025-12-17 17:24:47.263] Positions: 0 | State: IDLE | Symbol: N/A
2025-12-17 17:24:50 - lightweight_realtime - INFO - [2025-12-17 17:24:50.764] Positions: 0 | State: IDLE | Symbol: N/A
2025-12-17 17:24:51 - lightweight_realtime - INFO - [2025-12-17 17:24:51.794] Positions: 0 | State: IDLE | Symbol: N/A
2025-12-17 17:24:52 - lightweight_realtime - INFO - [2025-12-17 17:24:52.855] Positions: 0 | State: IDLE | Symbol: N/A
2025-12-17 17:24:53 - lightweight_realtime - INFO - [2025-12-17 17:24:53.912] Positions: 0 | State: IDLE | Symbol: N/A
2025-12-17 17:24:54 - lightweight_realtime - INFO - [2025-12-17 17:24:54.948] Positions: 0 | State: IDLE | Symbol: N/A
2025-12-17 17:24:55 - lightweight_realtime - INFO - [2025-12-17 17:24:55.979] Positions: 0 | State: IDLE | Symbol: N/A
2025-12-17 17:24:56 - lightweight_realtime - INFO - [2025-12-17 17:24:56.991] Positions: 0 | State: IDLE | Symbol: N/A
2025-12-17 17:24:58 - lightweight_realtime - INFO - [2025-12-17 17:24:58.531] Positions: 0 | State: IDLE | Symbol: N/A
2025-12-17 17:24:59 - lightweight_realtime - INFO - [2025-12-17 17:24:59.588] Positions: 0 | State: IDLE | Symbol: N/A
2025-12-17 17:25:00 - lightweight_realtime - INFO - [2025-12-17 17:25:00.606] Positions: 0 | State: IDLE | Symbol: N/A
2025-12-17 17:25:01 - lightweight_realtime - INFO - [2025-12-17 17:25:01.620] Positions: 0 | State: IDLE | Symbol: N/A
2025-12-17 17:25:02 - lightweight_realtime - INFO - [2025-12-17 17:25:02.629] Positions: 0 | State: IDLE | Symbol: N/A
2025-12-17 17:25:03 - lightweight_realtime - INFO - [2025-12-17 17:25:03.649] Positions: 0 | State: IDLE | Symbol: N/A
2025-12-17 17:25:04 - lightweight_realtime - INFO - [2025-12-17 17:25:04.671] Positions: 0 | State: IDLE | Symbol: N/A
2025-12-17 17:25:05 - lightweight_realtime - INFO - [2025-12-17 17:25:05.695] Positions: 0 | State: SCANNING | Symbol: N/A
2025-12-17 17:25:06 - lightweight_realtime - INFO - [2025-12-17 17:25:06.785] Positions: 0 | State: SCANNING | Symbol: US500m
2025-12-17 17:25:07 - lightweight_realtime - INFO - [2025-12-17 17:25:07.804] Positions: 0 | State: SCANNING | Symbol: HK50m
2025-12-17 17:25:08 - lightweight_realtime - INFO - [2025-12-17 17:25:08.913] Positions: 0 | State: SCANNING | Symbol: BEKEm
2025-12-17 17:25:09 - lightweight_realtime - INFO - [2025-12-17 17:25:09.929] Positions: 0 | State: SCANNING | Symbol: INTCm
2025-12-17 17:25:10 - lightweight_realtime - INFO - [2025-12-17 17:25:10.942] Positions: 0 | State: SCANNING | Symbol: PEPm
2025-12-17 17:25:12 - lightweight_realtime - INFO - [2025-12-17 17:25:12.811] Positions: 0 | State: SCANNING | Symbol: NZDUSDm
2025-12-17 17:25:13 - lightweight_realtime - INFO - [2025-12-17 17:25:13.910] Positions: 0 | State: SCANNING | Symbol: EURCHFm
2025-12-17 17:25:15 - lightweight_realtime - INFO - [2025-12-17 17:25:15.005] Positions: 0 | State: SCANNING | Symbol: UNHm
2025-12-17 17:25:16 - lightweight_realtime - INFO - [2025-12-17 17:25:16.336] Positions: 0 | State: SCANNING | Symbol: GBPNZDm
2025-12-17 17:25:17 - lightweight_realtime - INFO - [2025-12-17 17:25:17.433] Positions: 0 | State: SCANNING | Symbol: ISRGm
2025-12-17 17:25:18 - lightweight_realtime - INFO - [2025-12-17 17:25:18.614] Positions: 0 | State: SCANNING | Symbol: XPDUSDm
2025-12-17 17:25:19 - lightweight_realtime - INFO - [2025-12-17 17:25:19.627] Positions: 0 | State: SCANNING | Symbol: EURMXNm
2025-12-17 17:25:20 - lightweight_realtime - INFO - [2025-12-17 17:25:20.667] Positions: 0 | State: SCANNING | Symbol: USDPLNm
2025-12-17 17:25:22 - lightweight_realtime - INFO - [2025-12-17 17:25:22.160] Positions: 0 | State: SCANNING | Symbol: EURZARm
2025-12-17 17:25:23 - lightweight_realtime - INFO - [2025-12-17 17:25:23.250] Positions: 0 | State: IDLE | Symbol: N/A
2025-12-17 17:25:24 - lightweight_realtime - INFO - [2025-12-17 17:25:24.687] Positions: 0 | State: IDLE | Symbol: N/A
2025-12-17 17:25:26 - lightweight_realtime - INFO - [2025-12-17 17:25:26.132] Positions: 0 | State: IDLE | Symbol: N/A
2025-12-17 17:25:27 - lightweight_realtime - INFO - [2025-12-17 17:25:27.146] Positions: 0 | State: IDLE | Symbol: N/A
2025-12-17 17:25:28 - lightweight_realtime - INFO - [2025-12-17 17:25:28.186] Positions: 0 | State: IDLE | Symbol: N/A
2025-12-17 17:25:29 - lightweight_realtime - INFO - [2025-12-17 17:25:29.227] Positions: 0 | State: IDLE | Symbol: N/A
2025-12-17 17:25:30 - lightweight_realtime - INFO - [2025-12-17 17:25:30.315] Positions: 0 | State: IDLE | Symbol: N/A
2025-12-17 17:25:31 - lightweight_realtime - INFO - [2025-12-17 17:25:31.330] Positions: 0 | State: IDLE | Symbol: N/A
2025-12-17 17:25:32 - lightweight_realtime - INFO - [2025-12-17 17:25:32.399] Positions: 0 | State: IDLE | Symbol: N/A
2025-12-17 17:25:33 - lightweight_realtime - INFO - [2025-12-17 17:25:33.450] Positions: 0 | State: IDLE | Symbol: N/A
2025-12-17 17:25:35 - lightweight_realtime - INFO - [2025-12-17 17:25:35.320] Positions: 0 | State: IDLE | Symbol: N/A
2025-12-17 17:25:36 - lightweight_realtime - INFO - [2025-12-17 17:25:36.353] Positions: 0 | State: IDLE | Symbol: N/A
2025-12-17 17:25:37 - lightweight_realtime - INFO - [2025-12-17 17:25:37.380] Positions: 0 | State: IDLE | Symbol: N/A
2025-12-17 17:25:38 - lightweight_realtime - INFO - [2025-12-17 17:25:38.419] Positions: 0 | State: IDLE | Symbol: N/A
2025-12-17 17:25:39 - lightweight_realtime - INFO - [2025-12-17 17:25:39.600] Positions: 0 | State: IDLE | Symbol: N/A
2025-12-17 17:25:40 - lightweight_realtime - INFO - [2025-12-17 17:25:40.615] Positions: 0 | State: IDLE | Symbol: N/A
2025-12-17 17:25:41 - lightweight_realtime - INFO - [2025-12-17 17:25:41.810] Positions: 0 | State: IDLE | Symbol: N/A
2025-12-17 17:25:43 - lightweight_realtime - INFO - [2025-12-17 17:25:43.528] Positions: 0 | State: SCANNING | Symbol: US30m
2025-12-17 17:25:44 - lightweight_realtime - INFO - [2025-12-17 17:25:44.539] Positions: 0 | State: SCANNING | Symbol: BTCXAGm
2025-12-17 17:25:45 - lightweight_realtime - INFO - [2025-12-17 17:25:45.696] Positions: 0 | State: SCANNING | Symbol: INTCm
2025-12-17 17:25:46 - lightweight_realtime - INFO - [2025-12-17 17:25:46.812] Positions: 0 | State: SCANNING | Symbol: TSLAm
2025-12-17 17:25:47 - lightweight_realtime - INFO - [2025-12-17 17:25:47.928] Positions: 0 | State: SCANNING | Symbol: NVDAm
2025-12-17 17:25:48 - lightweight_realtime - INFO - [2025-12-17 17:25:48.939] Positions: 0 | State: SCANNING | Symbol: MCDm
2025-12-17 17:25:49 - lightweight_realtime - INFO - [2025-12-17 17:25:49.959] Positions: 0 | State: SCANNING | Symbol: EURCADm
2025-12-17 17:25:50 - lightweight_realtime - INFO - [2025-12-17 17:25:50.976] Positions: 0 | State: SCANNING | Symbol: AMDm
2025-12-17 17:25:52 - lightweight_realtime - INFO - [2025-12-17 17:25:52.028] Positions: 0 | State: SCANNING | Symbol: EURNZDm
2025-12-17 17:25:53 - lightweight_realtime - INFO - [2025-12-17 17:25:53.030] Positions: 0 | State: SCANNING | Symbol: USDNOKm
2025-12-17 17:25:54 - lightweight_realtime - INFO - [2025-12-17 17:25:54.061] Positions: 0 | State: SCANNING | Symbol: USDZARm
2025-12-17 17:25:55 - lightweight_realtime - INFO - [2025-12-17 17:25:55.111] Positions: 0 | State: SCANNING | Symbol: EURMXNm
2025-12-17 17:25:56 - lightweight_realtime - INFO - [2025-12-17 17:25:56.464] Positions: 0 | State: SCANNING | Symbol: AUDDKKm
2025-12-17 17:25:57 - lightweight_realtime - INFO - [2025-12-17 17:25:57.765] Positions: 0 | State: IDLE | Symbol: N/A
2025-12-17 17:25:58 - lightweight_realtime - INFO - [2025-12-17 17:25:58.859] Positions: 0 | State: IDLE | Symbol: N/A
2025-12-17 17:25:59 - lightweight_realtime - INFO - [2025-12-17 17:25:59.980] Positions: 0 | State: IDLE | Symbol: N/A
2025-12-17 17:26:01 - lightweight_realtime - INFO - [2025-12-17 17:26:01.539] Positions: 0 | State: IDLE | Symbol: N/A
2025-12-17 17:26:02 - lightweight_realtime - INFO - [2025-12-17 17:26:02.566] Positions: 0 | State: IDLE | Symbol: N/A
2025-12-17 17:26:03 - lightweight_realtime - INFO - [2025-12-17 17:26:03.590] Positions: 0 | State: IDLE | Symbol: N/A
2025-12-17 17:26:04 - lightweight_realtime - INFO - [2025-12-17 17:26:04.945] Positions: 0 | State: IDLE | Symbol: N/A
2025-12-17 17:26:05 - lightweight_realtime - INFO - [2025-12-17 17:26:05.972] Positions: 0 | State: IDLE | Symbol: N/A
2025-12-17 17:26:06 - lightweight_realtime - INFO - [2025-12-17 17:26:06.979] Positions: 0 | State: IDLE | Symbol: N/A
2025-12-17 17:26:07 - lightweight_realtime - INFO - [2025-12-17 17:26:07.990] Positions: 0 | State: IDLE | Symbol: N/A
2025-12-17 17:26:09 - lightweight_realtime - INFO - [2025-12-17 17:26:09.038] Positions: 0 | State: IDLE | Symbol: N/A
2025-12-17 17:26:10 - lightweight_realtime - INFO - [2025-12-17 17:26:10.226] Positions: 0 | State: IDLE | Symbol: N/A
2025-12-17 17:26:11 - lightweight_realtime - INFO - [2025-12-17 17:26:11.245] Positions: 0 | State: IDLE | Symbol: N/A
2025-12-17 17:26:12 - lightweight_realtime - INFO - [2025-12-17 17:26:12.269] Positions: 0 | State: IDLE | Symbol: N/A
2025-12-17 17:26:13 - lightweight_realtime - INFO - [2025-12-17 17:26:13.310] Positions: 0 | State: IDLE | Symbol: N/A
2025-12-17 17:26:14 - lightweight_realtime - INFO - [2025-12-17 17:26:14.318] Positions: 0 | State: IDLE | Symbol: N/A
2025-12-17 17:26:15 - lightweight_realtime - INFO - [2025-12-17 17:26:15.332] Positions: 0 | State: IDLE | Symbol: N/A
2025-12-17 17:26:16 - lightweight_realtime - INFO - [2025-12-17 17:26:16.350] Positions: 0 | State: IDLE | Symbol: N/A
2025-12-17 17:26:17 - lightweight_realtime - INFO - [2025-12-17 17:26:17.544] Positions: 0 | State: SCANNING | Symbol: N/A
2025-12-17 17:26:18 - lightweight_realtime - INFO - [2025-12-17 17:26:18.576] Positions: 0 | State: SCANNING | Symbol: DE30m
2025-12-17 17:26:19 - lightweight_realtime - INFO - [2025-12-17 17:26:19.939] Positions: 0 | State: SCANNING | Symbol: HK50m
2025-12-17 17:26:21 - lightweight_realtime - INFO - [2025-12-17 17:26:21.221] Positions: 0 | State: SCANNING | Symbol: WMTm
2025-12-17 17:26:22 - lightweight_realtime - INFO - [2025-12-17 17:26:22.244] Positions: 0 | State: SCANNING | Symbol: MMMm
2025-12-17 17:26:23 - lightweight_realtime - INFO - [2025-12-17 17:26:23.469] Positions: 0 | State: SCANNING | Symbol: Vm
2025-12-17 17:26:24 - lightweight_realtime - INFO - [2025-12-17 17:26:24.509] Positions: 0 | State: SCANNING | Symbol: USDNOKm
2025-12-17 17:26:25 - lightweight_realtime - INFO - [2025-12-17 17:26:25.524] Positions: 0 | State: SCANNING | Symbol: USDZARm
2025-12-17 17:26:26 - lightweight_realtime - INFO - [2025-12-17 17:26:26.538] Positions: 0 | State: SCANNING | Symbol: GBPSGDm
2025-12-17 17:26:27 - lightweight_realtime - INFO - [2025-12-17 17:26:27.586] Positions: 0 | State: SCANNING | Symbol: NZDSEKm
2025-12-17 17:26:28 - lightweight_realtime - INFO - [2025-12-17 17:26:28.873] Positions: 0 | State: IDLE | Symbol: N/A
2025-12-17 17:26:29 - lightweight_realtime - INFO - [2025-12-17 17:26:29.883] Positions: 0 | State: IDLE | Symbol: N/A
2025-12-17 17:26:30 - lightweight_realtime - INFO - [2025-12-17 17:26:30.895] Positions: 0 | State: IDLE | Symbol: N/A
2025-12-17 17:26:31 - lightweight_realtime - INFO - [2025-12-17 17:26:31.931] Positions: 0 | State: IDLE | Symbol: N/A
2025-12-17 17:26:32 - lightweight_realtime - INFO - [2025-12-17 17:26:32.938] Positions: 0 | State: IDLE | Symbol: N/A
2025-12-17 17:26:33 - lightweight_realtime - INFO - [2025-12-17 17:26:33.959] Positions: 0 | State: IDLE | Symbol: N/A
2025-12-17 17:26:34 - lightweight_realtime - INFO - [2025-12-17 17:26:34.973] Positions: 0 | State: IDLE | Symbol: N/A
2025-12-17 17:26:35 - lightweight_realtime - INFO - [2025-12-17 17:26:35.985] Positions: 0 | State: IDLE | Symbol: N/A
2025-12-17 17:26:37 - lightweight_realtime - INFO - [2025-12-17 17:26:37.003] Positions: 0 | State: IDLE | Symbol: N/A
2025-12-17 17:26:38 - lightweight_realtime - INFO - [2025-12-17 17:26:38.048] Positions: 0 | State: IDLE | Symbol: N/A
2025-12-17 17:26:39 - lightweight_realtime - INFO - [2025-12-17 17:26:39.304] Positions: 0 | State: IDLE | Symbol: N/A
2025-12-17 17:26:43 - lightweight_realtime - INFO - [2025-12-17 17:26:43.635] Positions: 0 | State: IDLE | Symbol: N/A
2025-12-17 17:26:45 - lightweight_realtime - INFO - [2025-12-17 17:26:45.567] Positions: 0 | State: IDLE | Symbol: N/A
2025-12-17 17:26:47 - lightweight_realtime - INFO - [2025-12-17 17:26:47.284] Positions: 0 | State: IDLE | Symbol: N/A
2025-12-17 17:26:48 - lightweight_realtime - INFO - [2025-12-17 17:26:48.758] Positions: 0 | State: SCANNING | Symbol: US30_x10m
2025-12-17 17:26:49 - lightweight_realtime - INFO - [2025-12-17 17:26:49.798] Positions: 0 | State: SCANNING | Symbol: AMZNm
2025-12-17 17:26:51 - lightweight_realtime - INFO - [2025-12-17 17:26:51.141] Positions: 0 | State: SCANNING | Symbol: XOMm
2025-12-17 17:26:52 - lightweight_realtime - INFO - [2025-12-17 17:26:52.146] Positions: 0 | State: SCANNING | Symbol: EURGBPm
2025-12-17 17:26:53 - lightweight_realtime - INFO - [2025-12-17 17:26:53.161] Positions: 0 | State: SCANNING | Symbol: XAGUSDm
2025-12-17 17:26:54 - lightweight_realtime - INFO - [2025-12-17 17:26:54.183] Positions: 0 | State: SCANNING | Symbol: BIDUm
2025-12-17 17:26:55 - lightweight_realtime - INFO - [2025-12-17 17:26:55.194] Positions: 0 | State: SCANNING | Symbol: GOOGLm
2025-12-17 17:26:56 - lightweight_realtime - INFO - [2025-12-17 17:26:56.268] Positions: 0 | State: SCANNING | Symbol: XAGAUDm
2025-12-17 17:26:57 - lightweight_realtime - INFO - [2025-12-17 17:26:57.297] Positions: 0 | State: SCANNING | Symbol: REGNm
2025-12-17 17:26:58 - lightweight_realtime - INFO - [2025-12-17 17:26:58.315] Positions: 0 | State: SCANNING | Symbol: USDHKDm
2025-12-17 17:26:59 - lightweight_realtime - INFO - [2025-12-17 17:26:59.340] Positions: 0 | State: SCANNING | Symbol: CHFDKKm
2025-12-17 17:27:00 - lightweight_realtime - INFO - [2025-12-17 17:27:00.368] Positions: 0 | State: SCANNING | Symbol: AUDZARm
2025-12-17 17:27:01 - lightweight_realtime - INFO - [2025-12-17 17:27:01.467] Positions: 0 | State: SCANNING | Symbol: CADNOKm
2025-12-17 17:27:02 - lightweight_realtime - INFO - [2025-12-17 17:27:02.476] Positions: 1 | State: MANAGING TRADE | Symbol: TSLAm
2025-12-17 17:27:03 - lightweight_realtime - INFO - [2025-12-17 17:27:03.682] Positions: 1 | State: MANAGING TRADE | Symbol: TSLAm
2025-12-17 17:27:04 - lightweight_realtime - INFO - [2025-12-17 17:27:04.702] Positions: 0 | State: MANAGING TRADE | Symbol: TSLAm
2025-12-17 17:27:05 - lightweight_realtime - INFO - [2025-12-17 17:27:05.721] Positions: 0 | State: MANAGING TRADE | Symbol: TSLAm
2025-12-17 17:27:06 - lightweight_realtime - INFO - [2025-12-17 17:27:06.737] Positions: 0 | State: MANAGING TRADE | Symbol: TSLAm
2025-12-17 17:27:07 - lightweight_realtime - INFO - [2025-12-17 17:27:07.976] Positions: 0 | State: MANAGING TRADE | Symbol: TSLAm
2025-12-17 17:27:08 - lightweight_realtime - INFO - [2025-12-17 17:27:08.997] Positions: 0 | State: MANAGING TRADE | Symbol: TSLAm
2025-12-17 17:27:10 - lightweight_realtime - INFO - [2025-12-17 17:27:10.025] Positions: 0 | State: MANAGING TRADE | Symbol: TSLAm
2025-12-17 17:27:11 - lightweight_realtime - INFO - [2025-12-17 17:27:11.040] Positions: 0 | State: MANAGING TRADE | Symbol: TSLAm
2025-12-17 17:27:12 - lightweight_realtime - INFO - [2025-12-17 17:27:12.062] Positions: 0 | State: MANAGING TRADE | Symbol: TSLAm
2025-12-17 17:27:13 - lightweight_realtime - INFO - [2025-12-17 17:27:13.085] Positions: 0 | State: MANAGING TRADE | Symbol: TSLAm
2025-12-17 17:27:14 - lightweight_realtime - INFO - [2025-12-17 17:27:14.104] Positions: 0 | State: MANAGING TRADE | Symbol: TSLAm
2025-12-17 17:27:15 - lightweight_realtime - INFO - [2025-12-17 17:27:15.151] Positions: 0 | State: MANAGING TRADE | Symbol: TSLAm
2025-12-17 17:27:16 - lightweight_realtime - INFO - [2025-12-17 17:27:16.176] Positions: 0 | State: MANAGING TRADE | Symbol: TSLAm
2025-12-17 17:27:17 - lightweight_realtime - INFO - [2025-12-17 17:27:17.191] Positions: 0 | State: MANAGING TRADE | Symbol: TSLAm
2025-12-17 17:27:18 - lightweight_realtime - INFO - [2025-12-17 17:27:18.213] Positions: 0 | State: MANAGING TRADE | Symbol: TSLAm
2025-12-17 17:27:19 - lightweight_realtime - INFO - [2025-12-17 17:27:19.231] Positions: 0 | State: MANAGING TRADE | Symbol: TSLAm
2025-12-17 17:27:20 - lightweight_realtime - INFO - [2025-12-17 17:27:20.251] Positions: 0 | State: MANAGING TRADE | Symbol: TSLAm
2025-12-17 17:27:21 - lightweight_realtime - INFO - [2025-12-17 17:27:21.270] Positions: 0 | State: MANAGING TRADE | Symbol: TSLAm
2025-12-17 17:27:22 - lightweight_realtime - INFO - [2025-12-17 17:27:22.288] Positions: 0 | State: MANAGING TRADE | Symbol: TSLAm
2025-12-17 17:27:23 - lightweight_realtime - INFO - [2025-12-17 17:27:23.371] Positions: 0 | State: MANAGING TRADE | Symbol: TSLAm
2025-12-17 17:27:24 - lightweight_realtime - INFO - [2025-12-17 17:27:24.473] Positions: 0 | State: MANAGING TRADE | Symbol: TSLAm
2025-12-17 17:27:25 - lightweight_realtime - INFO - [2025-12-17 17:27:25.631] Positions: 0 | State: MANAGING TRADE | Symbol: TSLAm
2025-12-17 17:27:26 - lightweight_realtime - INFO - [2025-12-17 17:27:26.659] Positions: 0 | State: SCANNING | Symbol: N/A
2025-12-17 17:27:27 - lightweight_realtime - INFO - [2025-12-17 17:27:27.697] Positions: 0 | State: SCANNING | Symbol: FR40m
2025-12-17 17:27:28 - lightweight_realtime - INFO - [2025-12-17 17:27:28.724] Positions: 0 | State: SCANNING | Symbol: XCUUSDm
2025-12-17 17:27:29 - lightweight_realtime - INFO - [2025-12-17 17:27:29.758] Positions: 0 | State: SCANNING | Symbol: YUMCm
2025-12-17 17:27:30 - lightweight_realtime - INFO - [2025-12-17 17:27:30.787] Positions: 0 | State: SCANNING | Symbol: USOILm
2025-12-17 17:27:31 - lightweight_realtime - INFO - [2025-12-17 17:27:31.807] Positions: 0 | State: SCANNING | Symbol: XAGGBPm
2025-12-17 17:27:32 - lightweight_realtime - INFO - [2025-12-17 17:27:32.835] Positions: 0 | State: SCANNING | Symbol: JPMm
2025-12-17 17:27:33 - lightweight_realtime - INFO - [2025-12-17 17:27:33.871] Positions: 0 | State: SCANNING | Symbol: METAm
2025-12-17 17:27:34 - lightweight_realtime - INFO - [2025-12-17 17:27:34.943] Positions: 0 | State: SCANNING | Symbol: USDSEKm
2025-12-17 17:27:36 - lightweight_realtime - INFO - [2025-12-17 17:27:36.167] Positions: 0 | State: SCANNING | Symbol: NZDMXNm
2025-12-17 17:27:37 - lightweight_realtime - INFO - [2025-12-17 17:27:37.190] Positions: 0 | State: SCANNING | Symbol: GBPPLNm
2025-12-17 17:27:39 - lightweight_realtime - INFO - [2025-12-17 17:27:39.658] Positions: 0 | State: IDLE | Symbol: N/A
2025-12-17 17:27:40 - lightweight_realtime - INFO - [2025-12-17 17:27:40.682] Positions: 0 | State: IDLE | Symbol: N/A
2025-12-17 17:27:41 - lightweight_realtime - INFO - [2025-12-17 17:27:41.727] Positions: 0 | State: IDLE | Symbol: N/A
2025-12-17 17:27:42 - lightweight_realtime - INFO - [2025-12-17 17:27:42.746] Positions: 0 | State: IDLE | Symbol: N/A
2025-12-17 17:27:43 - lightweight_realtime - INFO - [2025-12-17 17:27:43.765] Positions: 0 | State: IDLE | Symbol: N/A
2025-12-17 17:27:44 - lightweight_realtime - INFO - [2025-12-17 17:27:44.789] Positions: 0 | State: IDLE | Symbol: N/A
2025-12-17 17:27:45 - lightweight_realtime - INFO - [2025-12-17 17:27:45.804] Positions: 0 | State: IDLE | Symbol: N/A
2025-12-17 17:27:46 - lightweight_realtime - INFO - [2025-12-17 17:27:46.820] Positions: 0 | State: IDLE | Symbol: N/A
2025-12-17 17:27:47 - lightweight_realtime - INFO - [2025-12-17 17:27:47.867] Positions: 0 | State: IDLE | Symbol: N/A
2025-12-17 17:27:48 - lightweight_realtime - INFO - [2025-12-17 17:27:48.881] Positions: 0 | State: IDLE | Symbol: N/A
2025-12-17 17:27:49 - lightweight_realtime - INFO - [2025-12-17 17:27:49.908] Positions: 0 | State: IDLE | Symbol: N/A
2025-12-17 17:27:50 - lightweight_realtime - INFO - [2025-12-17 17:27:50.929] Positions: 0 | State: IDLE | Symbol: N/A
2025-12-17 17:27:51 - lightweight_realtime - INFO - [2025-12-17 17:27:51.957] Positions: 0 | State: IDLE | Symbol: N/A
2025-12-17 17:27:52 - lightweight_realtime - INFO - [2025-12-17 17:27:52.976] Positions: 0 | State: IDLE | Symbol: N/A
2025-12-17 17:27:54 - lightweight_realtime - INFO - [2025-12-17 17:27:54.012] Positions: 0 | State: IDLE | Symbol: N/A
2025-12-17 17:27:55 - lightweight_realtime - INFO - [2025-12-17 17:27:55.031] Positions: 0 | State: IDLE | Symbol: N/A
2025-12-17 17:27:56 - lightweight_realtime - INFO - [2025-12-17 17:27:56.040] Positions: 0 | State: IDLE | Symbol: N/A
2025-12-17 17:27:57 - lightweight_realtime - INFO - [2025-12-17 17:27:57.110] Positions: 0 | State: IDLE | Symbol: N/A
2025-12-17 17:27:58 - lightweight_realtime - INFO - [2025-12-17 17:27:58.126] Positions: 0 | State: IDLE | Symbol: N/A
2025-12-17 17:27:59 - lightweight_realtime - INFO - [2025-12-17 17:27:59.139] Positions: 0 | State: SCANNING | Symbol: N/A
2025-12-17 17:28:00 - lightweight_realtime - INFO - [2025-12-17 17:28:00.274] Positions: 0 | State: SCANNING | Symbol: US500_x100m
2025-12-17 17:28:01 - lightweight_realtime - INFO - [2025-12-17 17:28:01.285] Positions: 0 | State: SCANNING | Symbol: AMZNm
2025-12-17 17:28:02 - lightweight_realtime - INFO - [2025-12-17 17:28:02.376] Positions: 0 | State: SCANNING | Symbol: CVSm
2025-12-17 17:28:03 - lightweight_realtime - INFO - [2025-12-17 17:28:03.481] Positions: 0 | State: SCANNING | Symbol: PGm
2025-12-17 17:28:04 - lightweight_realtime - INFO - [2025-12-17 17:28:04.530] Positions: 0 | State: SCANNING | Symbol: NZDCADm
2025-12-17 17:28:05 - lightweight_realtime - INFO - [2025-12-17 17:28:05.563] Positions: 0 | State: SCANNING | Symbol: JNJm
2025-12-17 17:28:06 - lightweight_realtime - INFO - [2025-12-17 17:28:06.594] Positions: 0 | State: SCANNING | Symbol: EURCHFm
2025-12-17 17:28:07 - lightweight_realtime - INFO - [2025-12-17 17:28:07.837] Positions: 0 | State: SCANNING | Symbol: EURCADm
2025-12-17 17:28:09 - lightweight_realtime - INFO - [2025-12-17 17:28:09.067] Positions: 0 | State: SCANNING | Symbol: USDCZKm
2025-12-17 17:28:10 - lightweight_realtime - INFO - [2025-12-17 17:28:10.097] Positions: 0 | State: SCANNING | Symbol: AMDm
2025-12-17 17:28:11 - lightweight_realtime - INFO - [2025-12-17 17:28:11.320] Positions: 0 | State: SCANNING | Symbol: CHFNOKm
2025-12-17 17:28:12 - lightweight_realtime - INFO - [2025-12-17 17:28:12.390] Positions: 0 | State: SCANNING | Symbol: NOKJPYm
2025-12-17 17:28:14 - lightweight_realtime - INFO - [2025-12-17 17:28:14.508] Positions: 0 | State: SCANNING | Symbol: SGDHKDm
2025-12-17 17:28:15 - lightweight_realtime - INFO - [2025-12-17 17:28:15.521] Positions: 0 | State: SCANNING | Symbol: AUDNOKm
2025-12-17 17:28:16 - lightweight_realtime - INFO - [2025-12-17 17:28:16.615] Positions: 0 | State: SCANNING | Symbol: NZDSEKm
2025-12-17 17:28:17 - lightweight_realtime - INFO - [2025-12-17 17:28:17.682] Positions: 0 | State: IDLE | Symbol: N/A
2025-12-17 17:28:18 - lightweight_realtime - INFO - [2025-12-17 17:28:18.694] Positions: 0 | State: IDLE | Symbol: N/A
2025-12-17 17:28:19 - lightweight_realtime - INFO - [2025-12-17 17:28:19.721] Positions: 0 | State: IDLE | Symbol: N/A
2025-12-17 17:28:20 - lightweight_realtime - INFO - [2025-12-17 17:28:20.739] Positions: 0 | State: IDLE | Symbol: N/A
2025-12-17 17:28:21 - lightweight_realtime - INFO - [2025-12-17 17:28:21.815] Positions: 0 | State: IDLE | Symbol: N/A
2025-12-17 17:28:22 - lightweight_realtime - INFO - [2025-12-17 17:28:22.882] Positions: 0 | State: IDLE | Symbol: N/A
2025-12-17 17:28:23 - lightweight_realtime - INFO - [2025-12-17 17:28:23.902] Positions: 0 | State: IDLE | Symbol: N/A
2025-12-17 17:28:24 - lightweight_realtime - INFO - [2025-12-17 17:28:24.922] Positions: 0 | State: IDLE | Symbol: N/A
2025-12-17 17:28:25 - lightweight_realtime - INFO - [2025-12-17 17:28:25.933] Positions: 0 | State: IDLE | Symbol: N/A
2025-12-17 17:28:26 - lightweight_realtime - INFO - [2025-12-17 17:28:26.954] Positions: 0 | State: IDLE | Symbol: N/A
2025-12-17 17:28:27 - lightweight_realtime - INFO - [2025-12-17 17:28:27.977] Positions: 0 | State: IDLE | Symbol: N/A
2025-12-17 17:28:28 - lightweight_realtime - INFO - [2025-12-17 17:28:28.994] Positions: 0 | State: IDLE | Symbol: N/A
2025-12-17 17:28:30 - lightweight_realtime - INFO - [2025-12-17 17:28:30.043] Positions: 0 | State: IDLE | Symbol: N/A
2025-12-17 17:28:31 - lightweight_realtime - INFO - [2025-12-17 17:28:31.065] Positions: 0 | State: IDLE | Symbol: N/A
2025-12-17 17:28:32 - lightweight_realtime - INFO - [2025-12-17 17:28:32.089] Positions: 0 | State: IDLE | Symbol: N/A
2025-12-17 17:28:33 - lightweight_realtime - INFO - [2025-12-17 17:28:33.101] Positions: 0 | State: IDLE | Symbol: N/A
2025-12-17 17:28:34 - lightweight_realtime - INFO - [2025-12-17 17:28:34.164] Positions: 0 | State: IDLE | Symbol: N/A
2025-12-17 17:28:35 - lightweight_realtime - INFO - [2025-12-17 17:28:35.285] Positions: 0 | State: IDLE | Symbol: N/A
2025-12-17 17:28:36 - lightweight_realtime - INFO - [2025-12-17 17:28:36.303] Positions: 0 | State: IDLE | Symbol: N/A
2025-12-17 17:28:37 - lightweight_realtime - INFO - [2025-12-17 17:28:37.344] Positions: 0 | State: SCANNING | Symbol: N/A
2025-12-17 17:28:38 - lightweight_realtime - INFO - [2025-12-17 17:28:38.379] Positions: 0 | State: SCANNING | Symbol: JP225m
2025-12-17 17:28:39 - lightweight_realtime - INFO - [2025-12-17 17:28:39.407] Positions: 0 | State: SCANNING | Symbol: HK50m
2025-12-17 17:28:40 - lightweight_realtime - INFO - [2025-12-17 17:28:40.487] Positions: 0 | State: SCANNING | Symbol: PGm
2025-12-17 17:28:41 - lightweight_realtime - INFO - [2025-12-17 17:28:41.497] Positions: 0 | State: SCANNING | Symbol: BTCZARm
2025-12-17 17:28:42 - lightweight_realtime - INFO - [2025-12-17 17:28:42.499] Positions: 0 | State: SCANNING | Symbol: AMTm
2025-12-17 17:28:43 - lightweight_realtime - INFO - [2025-12-17 17:28:43.565] Positions: 0 | State: SCANNING | Symbol: AVGOm
2025-12-17 17:28:44 - lightweight_realtime - INFO - [2025-12-17 17:28:44.713] Positions: 0 | State: SCANNING | Symbol: NFLXm
2025-12-17 17:28:45 - lightweight_realtime - INFO - [2025-12-17 17:28:45.743] Positions: 0 | State: SCANNING | Symbol: USDTMTr
2025-12-17 17:28:46 - lightweight_realtime - INFO - [2025-12-17 17:28:46.774] Positions: 0 | State: SCANNING | Symbol: DKKZARm
2025-12-17 17:28:47 - lightweight_realtime - INFO - [2025-12-17 17:28:47.882] Positions: 0 | State: SCANNING | Symbol: AUDZARm
2025-12-17 17:28:48 - lightweight_realtime - INFO - [2025-12-17 17:28:48.944] Positions: 0 | State: IDLE | Symbol: N/A
2025-12-17 17:28:50 - lightweight_realtime - INFO - [2025-12-17 17:28:50.176] Positions: 0 | State: IDLE | Symbol: N/A
2025-12-17 17:28:51 - lightweight_realtime - INFO - [2025-12-17 17:28:51.203] Positions: 0 | State: IDLE | Symbol: N/A
2025-12-17 17:28:52 - lightweight_realtime - INFO - [2025-12-17 17:28:52.214] Positions: 0 | State: IDLE | Symbol: N/A
2025-12-17 17:28:53 - lightweight_realtime - INFO - [2025-12-17 17:28:53.271] Positions: 0 | State: IDLE | Symbol: N/A
2025-12-17 17:28:54 - lightweight_realtime - INFO - [2025-12-17 17:28:54.292] Positions: 0 | State: IDLE | Symbol: N/A
2025-12-17 17:28:55 - lightweight_realtime - INFO - [2025-12-17 17:28:55.299] Positions: 0 | State: IDLE | Symbol: N/A
2025-12-17 17:28:56 - lightweight_realtime - INFO - [2025-12-17 17:28:56.321] Positions: 0 | State: IDLE | Symbol: N/A
2025-12-17 17:28:57 - lightweight_realtime - INFO - [2025-12-17 17:28:57.346] Positions: 0 | State: IDLE | Symbol: N/A
2025-12-17 17:28:58 - lightweight_realtime - INFO - [2025-12-17 17:28:58.421] Positions: 0 | State: IDLE | Symbol: N/A
2025-12-17 17:28:59 - lightweight_realtime - INFO - [2025-12-17 17:28:59.445] Positions: 0 | State: IDLE | Symbol: N/A
2025-12-17 17:29:00 - lightweight_realtime - INFO - [2025-12-17 17:29:00.457] Positions: 0 | State: IDLE | Symbol: N/A
2025-12-17 17:29:01 - lightweight_realtime - INFO - [2025-12-17 17:29:01.477] Positions: 0 | State: IDLE | Symbol: N/A
2025-12-17 17:29:02 - lightweight_realtime - INFO - [2025-12-17 17:29:02.795] Positions: 0 | State: IDLE | Symbol: N/A
2025-12-17 17:29:03 - lightweight_realtime - INFO - [2025-12-17 17:29:03.818] Positions: 0 | State: IDLE | Symbol: N/A
2025-12-17 17:29:04 - lightweight_realtime - INFO - [2025-12-17 17:29:04.827] Positions: 0 | State: IDLE | Symbol: N/A
2025-12-17 17:29:05 - lightweight_realtime - INFO - [2025-12-17 17:29:05.839] Positions: 0 | State: IDLE | Symbol: N/A
2025-12-17 17:29:06 - lightweight_realtime - INFO - [2025-12-17 17:29:06.851] Positions: 0 | State: IDLE | Symbol: N/A
2025-12-17 17:29:07 - lightweight_realtime - INFO - [2025-12-17 17:29:07.861] Positions: 0 | State: IDLE | Symbol: N/A
2025-12-17 17:29:08 - lightweight_realtime - INFO - [2025-12-17 17:29:08.875] Positions: 0 | State: SCANNING | Symbol: N/A
2025-12-17 17:29:09 - lightweight_realtime - INFO - [2025-12-17 17:29:09.913] Positions: 0 | State: SCANNING | Symbol: US30m
2025-12-17 17:29:10 - lightweight_realtime - INFO - [2025-12-17 17:29:10.936] Positions: 0 | State: SCANNING | Symbol: AMZNm
2025-12-17 17:29:11 - lightweight_realtime - INFO - [2025-12-17 17:29:11.956] Positions: 0 | State: SCANNING | Symbol: BACm
2025-12-17 17:29:12 - lightweight_realtime - INFO - [2025-12-17 17:29:12.962] Positions: 0 | State: SCANNING | Symbol: WMTm
2025-12-17 17:29:13 - lightweight_realtime - INFO - [2025-12-17 17:29:13.994] Positions: 0 | State: SCANNING | Symbol: XAGUSDm
2025-12-17 17:29:15 - lightweight_realtime - INFO - [2025-12-17 17:29:15.047] Positions: 0 | State: SCANNING | Symbol: ADPm
2025-12-17 17:29:16 - lightweight_realtime - INFO - [2025-12-17 17:29:16.063] Positions: 0 | State: SCANNING | Symbol: MSFTm
2025-12-17 17:29:17 - lightweight_realtime - INFO - [2025-12-17 17:29:17.070] Positions: 0 | State: SCANNING | Symbol: NZDJPYm
2025-12-17 17:29:18 - lightweight_realtime - INFO - [2025-12-17 17:29:18.157] Positions: 0 | State: SCANNING | Symbol: UKOILm
2025-12-17 17:29:19 - lightweight_realtime - INFO - [2025-12-17 17:29:19.192] Positions: 0 | State: SCANNING | Symbol: CHFSEKm
2025-12-17 17:29:20 - lightweight_realtime - INFO - [2025-12-17 17:29:20.217] Positions: 0 | State: SCANNING | Symbol: SGDHKDm
2025-12-17 17:29:21 - lightweight_realtime - INFO - [2025-12-17 17:29:21.242] Positions: 0 | State: SCANNING | Symbol: AUDZARm
2025-12-17 17:29:22 - lightweight_realtime - INFO - [2025-12-17 17:29:22.258] Positions: 0 | State: SCANNING | Symbol: GBPDKKm
2025-12-17 17:29:23 - lightweight_realtime - INFO - [2025-12-17 17:29:23.287] Positions: 0 | State: IDLE | Symbol: N/A
2025-12-17 17:29:24 - lightweight_realtime - INFO - [2025-12-17 17:29:24.302] Positions: 0 | State: IDLE | Symbol: N/A
2025-12-17 17:29:25 - lightweight_realtime - INFO - [2025-12-17 17:29:25.325] Positions: 0 | State: IDLE | Symbol: N/A
2025-12-17 17:29:26 - lightweight_realtime - INFO - [2025-12-17 17:29:26.406] Positions: 0 | State: IDLE | Symbol: N/A
2025-12-17 17:29:27 - lightweight_realtime - INFO - [2025-12-17 17:29:27.434] Positions: 0 | State: IDLE | Symbol: N/A
2025-12-17 17:29:28 - lightweight_realtime - INFO - [2025-12-17 17:29:28.449] Positions: 0 | State: IDLE | Symbol: N/A
2025-12-17 17:29:29 - lightweight_realtime - INFO - [2025-12-17 17:29:29.467] Positions: 0 | State: IDLE | Symbol: N/A
2025-12-17 17:29:30 - lightweight_realtime - INFO - [2025-12-17 17:29:30.489] Positions: 0 | State: IDLE | Symbol: N/A
2025-12-17 17:29:31 - lightweight_realtime - INFO - [2025-12-17 17:29:31.502] Positions: 0 | State: IDLE | Symbol: N/A
2025-12-17 17:29:32 - lightweight_realtime - INFO - [2025-12-17 17:29:32.525] Positions: 0 | State: IDLE | Symbol: N/A
2025-12-17 17:29:33 - lightweight_realtime - INFO - [2025-12-17 17:29:33.545] Positions: 0 | State: IDLE | Symbol: N/A
2025-12-17 17:29:34 - lightweight_realtime - INFO - [2025-12-17 17:29:34.601] Positions: 0 | State: IDLE | Symbol: N/A
2025-12-17 17:29:35 - lightweight_realtime - INFO - [2025-12-17 17:29:35.621] Positions: 0 | State: IDLE | Symbol: N/A
2025-12-17 17:29:36 - lightweight_realtime - INFO - [2025-12-17 17:29:36.637] Positions: 0 | State: IDLE | Symbol: N/A
2025-12-17 17:29:37 - lightweight_realtime - INFO - [2025-12-17 17:29:37.663] Positions: 0 | State: IDLE | Symbol: N/A
2025-12-17 17:29:38 - lightweight_realtime - INFO - [2025-12-17 17:29:38.672] Positions: 0 | State: IDLE | Symbol: N/A
2025-12-17 17:29:39 - lightweight_realtime - INFO - [2025-12-17 17:29:39.688] Positions: 0 | State: IDLE | Symbol: N/A
2025-12-17 17:29:40 - lightweight_realtime - INFO - [2025-12-17 17:29:40.714] Positions: 0 | State: IDLE | Symbol: N/A
2025-12-17 17:29:41 - lightweight_realtime - INFO - [2025-12-17 17:29:41.723] Positions: 0 | State: IDLE | Symbol: N/A
2025-12-17 17:29:42 - lightweight_realtime - INFO - [2025-12-17 17:29:42.784] Positions: 0 | State: SCANNING | Symbol: N/A
2025-12-17 17:29:43 - lightweight_realtime - INFO - [2025-12-17 17:29:43.875] Positions: 0 | State: SCANNING | Symbol: US30_x10m
2025-12-17 17:29:44 - lightweight_realtime - INFO - [2025-12-17 17:29:44.904] Positions: 0 | State: SCANNING | Symbol: BTCAUDm
2025-12-17 17:29:45 - lightweight_realtime - INFO - [2025-12-17 17:29:45.972] Positions: 0 | State: SCANNING | Symbol: XOMm
2025-12-17 17:29:46 - lightweight_realtime - INFO - [2025-12-17 17:29:46.995] Positions: 0 | State: SCANNING | Symbol: PYPLm
2025-12-17 17:29:48 - lightweight_realtime - INFO - [2025-12-17 17:29:48.020] Positions: 0 | State: SCANNING | Symbol: TMUSm
2025-12-17 17:29:49 - lightweight_realtime - INFO - [2025-12-17 17:29:49.039] Positions: 0 | State: SCANNING | Symbol: BIIBm
2025-12-17 17:29:50 - lightweight_realtime - INFO - [2025-12-17 17:29:50.088] Positions: 0 | State: SCANNING | Symbol: ADBEm
2025-12-17 17:29:51 - lightweight_realtime - INFO - [2025-12-17 17:29:51.209] Positions: 0 | State: SCANNING | Symbol: TMOm
2025-12-17 17:29:52 - lightweight_realtime - INFO - [2025-12-17 17:29:52.221] Positions: 0 | State: SCANNING | Symbol: USDSEKm
2025-12-17 17:29:53 - lightweight_realtime - INFO - [2025-12-17 17:29:53.251] Positions: 0 | State: SCANNING | Symbol: NZDMXNm
2025-12-17 17:29:54 - lightweight_realtime - INFO - [2025-12-17 17:29:54.278] Positions: 0 | State: SCANNING | Symbol: AUDNOKm
2025-12-17 17:29:55 - lightweight_realtime - INFO - [2025-12-17 17:29:55.301] Positions: 0 | State: IDLE | Symbol: N/A
2025-12-17 17:29:56 - lightweight_realtime - INFO - [2025-12-17 17:29:56.330] Positions: 0 | State: IDLE | Symbol: N/A
2025-12-17 17:29:57 - lightweight_realtime - INFO - [2025-12-17 17:29:57.355] Positions: 0 | State: IDLE | Symbol: N/A
2025-12-17 17:29:58 - lightweight_realtime - INFO - [2025-12-17 17:29:58.373] Positions: 0 | State: IDLE | Symbol: N/A
2025-12-17 17:29:59 - lightweight_realtime - INFO - [2025-12-17 17:29:59.392] Positions: 0 | State: IDLE | Symbol: N/A
2025-12-17 17:30:00 - lightweight_realtime - INFO - [2025-12-17 17:30:00.415] Positions: 0 | State: IDLE | Symbol: N/A
2025-12-17 17:30:01 - lightweight_realtime - INFO - [2025-12-17 17:30:01.425] Positions: 0 | State: IDLE | Symbol: N/A
2025-12-17 17:30:02 - lightweight_realtime - INFO - [2025-12-17 17:30:02.449] Positions: 0 | State: IDLE | Symbol: N/A
2025-12-17 17:30:03 - lightweight_realtime - INFO - [2025-12-17 17:30:03.504] Positions: 0 | State: IDLE | Symbol: N/A
2025-12-17 17:30:04 - lightweight_realtime - INFO - [2025-12-17 17:30:04.532] Positions: 0 | State: IDLE | Symbol: N/A
2025-12-17 17:30:05 - lightweight_realtime - INFO - [2025-12-17 17:30:05.542] Positions: 0 | State: IDLE | Symbol: N/A
2025-12-17 17:30:06 - lightweight_realtime - INFO - [2025-12-17 17:30:06.560] Positions: 0 | State: IDLE | Symbol: N/A
2025-12-17 17:30:07 - lightweight_realtime - INFO - [2025-12-17 17:30:07.580] Positions: 0 | State: IDLE | Symbol: N/A
2025-12-17 17:30:08 - lightweight_realtime - INFO - [2025-12-17 17:30:08.627] Positions: 0 | State: IDLE | Symbol: N/A
2025-12-17 17:30:09 - lightweight_realtime - INFO - [2025-12-17 17:30:09.639] Positions: 0 | State: IDLE | Symbol: N/A
2025-12-17 17:30:10 - lightweight_realtime - INFO - [2025-12-17 17:30:10.684] Positions: 0 | State: IDLE | Symbol: N/A
2025-12-17 17:30:11 - lightweight_realtime - INFO - [2025-12-17 17:30:11.703] Positions: 0 | State: IDLE | Symbol: N/A
2025-12-17 17:30:12 - lightweight_realtime - INFO - [2025-12-17 17:30:12.728] Positions: 0 | State: IDLE | Symbol: N/A
2025-12-17 17:30:13 - lightweight_realtime - INFO - [2025-12-17 17:30:13.730] Positions: 0 | State: IDLE | Symbol: N/A
2025-12-17 17:30:14 - lightweight_realtime - INFO - [2025-12-17 17:30:14.752] Positions: 0 | State: IDLE | Symbol: N/A
2025-12-17 17:30:15 - lightweight_realtime - INFO - [2025-12-17 17:30:15.906] Positions: 0 | State: SCANNING | Symbol: N/A
2025-12-17 17:30:16 - lightweight_realtime - INFO - [2025-12-17 17:30:16.950] Positions: 0 | State: SCANNING | Symbol: STOXX50m
2025-12-17 17:30:17 - lightweight_realtime - INFO - [2025-12-17 17:30:17.973] Positions: 0 | State: SCANNING | Symbol: FTNTm
2025-12-17 17:30:19 - lightweight_realtime - INFO - [2025-12-17 17:30:19.028] Positions: 0 | State: SCANNING | Symbol: USDCHFm
2025-12-17 17:30:20 - lightweight_realtime - INFO - [2025-12-17 17:30:20.067] Positions: 0 | State: SCANNING | Symbol: GILDm
2025-12-17 17:30:21 - lightweight_realtime - INFO - [2025-12-17 17:30:21.093] Positions: 0 | State: SCANNING | Symbol: AUDCADm
2025-12-17 17:30:22 - lightweight_realtime - INFO - [2025-12-17 17:30:22.113] Positions: 0 | State: SCANNING | Symbol: AVGOm
2025-12-17 17:30:23 - lightweight_realtime - INFO - [2025-12-17 17:30:23.150] Positions: 0 | State: SCANNING | Symbol: EURAUDm
2025-12-17 17:30:24 - lightweight_realtime - INFO - [2025-12-17 17:30:24.189] Positions: 0 | State: SCANNING | Symbol: BAm
2025-12-17 17:30:25 - lightweight_realtime - INFO - [2025-12-17 17:30:25.219] Positions: 0 | State: SCANNING | Symbol: ISRGm
2025-12-17 17:30:26 - lightweight_realtime - INFO - [2025-12-17 17:30:26.234] Positions: 0 | State: SCANNING | Symbol: XNGUSDm
2025-12-17 17:30:27 - lightweight_realtime - INFO - [2025-12-17 17:30:27.258] Positions: 0 | State: SCANNING | Symbol: CHFDKKm
2025-12-17 17:30:28 - lightweight_realtime - INFO - [2025-12-17 17:30:28.292] Positions: 0 | State: SCANNING | Symbol: NOKSEKm
2025-12-17 17:30:29 - lightweight_realtime - INFO - [2025-12-17 17:30:29.307] Positions: 0 | State: SCANNING | Symbol: NZDNOKm
2025-12-17 17:30:30 - lightweight_realtime - INFO - [2025-12-17 17:30:30.329] Positions: 0 | State: IDLE | Symbol: N/A
2025-12-17 17:30:31 - lightweight_realtime - INFO - [2025-12-17 17:30:31.363] Positions: 0 | State: IDLE | Symbol: N/A
2025-12-17 17:30:32 - lightweight_realtime - INFO - [2025-12-17 17:30:32.379] Positions: 0 | State: IDLE | Symbol: N/A
2025-12-17 17:30:33 - lightweight_realtime - INFO - [2025-12-17 17:30:33.397] Positions: 0 | State: IDLE | Symbol: N/A
2025-12-17 17:30:34 - lightweight_realtime - INFO - [2025-12-17 17:30:34.416] Positions: 0 | State: IDLE | Symbol: N/A
2025-12-17 17:30:35 - lightweight_realtime - INFO - [2025-12-17 17:30:35.521] Positions: 0 | State: IDLE | Symbol: N/A
2025-12-17 17:30:36 - lightweight_realtime - INFO - [2025-12-17 17:30:36.540] Positions: 0 | State: IDLE | Symbol: N/A
2025-12-17 17:30:37 - lightweight_realtime - INFO - [2025-12-17 17:30:37.566] Positions: 0 | State: IDLE | Symbol: N/A
2025-12-17 17:30:38 - lightweight_realtime - INFO - [2025-12-17 17:30:38.590] Positions: 0 | State: IDLE | Symbol: N/A
2025-12-17 17:30:39 - lightweight_realtime - INFO - [2025-12-17 17:30:39.593] Positions: 0 | State: IDLE | Symbol: N/A
2025-12-17 17:30:40 - lightweight_realtime - INFO - [2025-12-17 17:30:40.622] Positions: 0 | State: IDLE | Symbol: N/A
2025-12-17 17:30:41 - lightweight_realtime - INFO - [2025-12-17 17:30:41.644] Positions: 0 | State: IDLE | Symbol: N/A
2025-12-17 17:30:42 - lightweight_realtime - INFO - [2025-12-17 17:30:42.667] Positions: 0 | State: IDLE | Symbol: N/A
2025-12-17 17:30:43 - lightweight_realtime - INFO - [2025-12-17 17:30:43.690] Positions: 0 | State: IDLE | Symbol: N/A
2025-12-17 17:30:44 - lightweight_realtime - INFO - [2025-12-17 17:30:44.712] Positions: 0 | State: IDLE | Symbol: N/A
2025-12-17 17:30:45 - lightweight_realtime - INFO - [2025-12-17 17:30:45.735] Positions: 0 | State: IDLE | Symbol: N/A
2025-12-17 17:30:46 - lightweight_realtime - INFO - [2025-12-17 17:30:46.758] Positions: 0 | State: IDLE | Symbol: N/A
2025-12-17 17:30:47 - lightweight_realtime - INFO - [2025-12-17 17:30:47.833] Positions: 0 | State: IDLE | Symbol: N/A
2025-12-17 17:30:48 - lightweight_realtime - INFO - [2025-12-17 17:30:48.850] Positions: 0 | State: IDLE | Symbol: N/A
2025-12-17 17:30:49 - lightweight_realtime - INFO - [2025-12-17 17:30:49.926] Positions: 0 | State: SCANNING | Symbol: N/A
2025-12-17 17:30:51 - lightweight_realtime - INFO - [2025-12-17 17:30:51.005] Positions: 0 | State: SCANNING | Symbol: DE30m
2025-12-17 17:30:52 - lightweight_realtime - INFO - [2025-12-17 17:30:52.039] Positions: 0 | State: SCANNING | Symbol: ZTOm
2025-12-17 17:30:53 - lightweight_realtime - INFO - [2025-12-17 17:30:53.078] Positions: 0 | State: SCANNING | Symbol: CVSm
2025-12-17 17:30:54 - lightweight_realtime - INFO - [2025-12-17 17:30:54.103] Positions: 0 | State: SCANNING | Symbol: ABTm
2025-12-17 17:30:55 - lightweight_realtime - INFO - [2025-12-17 17:30:55.141] Positions: 0 | State: SCANNING | Symbol: GBPJPYm
2025-12-17 17:30:56 - lightweight_realtime - INFO - [2025-12-17 17:30:56.165] Positions: 0 | State: SCANNING | Symbol: DXYm
2025-12-17 17:30:57 - lightweight_realtime - INFO - [2025-12-17 17:30:57.178] Positions: 0 | State: SCANNING | Symbol: CADJPYm
2025-12-17 17:30:58 - lightweight_realtime - INFO - [2025-12-17 17:30:58.188] Positions: 0 | State: SCANNING | Symbol: MAm
2025-12-17 17:30:59 - lightweight_realtime - INFO - [2025-12-17 17:30:59.256] Positions: 0 | State: SCANNING | Symbol: CHFSGDm
2025-12-17 17:31:00 - lightweight_realtime - INFO - [2025-12-17 17:31:00.288] Positions: 0 | State: SCANNING | Symbol: SEKDKKm
2025-12-17 17:31:01 - lightweight_realtime - INFO - [2025-12-17 17:31:01.344] Positions: 0 | State: SCANNING | Symbol: AUDSEKm
2025-12-17 17:31:02 - lightweight_realtime - INFO - [2025-12-17 17:31:02.441] Positions: 0 | State: IDLE | Symbol: N/A
2025-12-17 17:31:03 - lightweight_realtime - INFO - [2025-12-17 17:31:03.570] Positions: 0 | State: IDLE | Symbol: N/A
2025-12-17 17:31:04 - lightweight_realtime - INFO - [2025-12-17 17:31:04.653] Positions: 0 | State: IDLE | Symbol: N/A
2025-12-17 17:31:05 - lightweight_realtime - INFO - [2025-12-17 17:31:05.675] Positions: 0 | State: IDLE | Symbol: N/A
2025-12-17 17:31:06 - lightweight_realtime - INFO - [2025-12-17 17:31:06.684] Positions: 0 | State: IDLE | Symbol: N/A
2025-12-17 17:31:07 - lightweight_realtime - INFO - [2025-12-17 17:31:07.699] Positions: 0 | State: IDLE | Symbol: N/A
2025-12-17 17:31:08 - lightweight_realtime - INFO - [2025-12-17 17:31:08.722] Positions: 0 | State: IDLE | Symbol: N/A
2025-12-17 17:31:09 - lightweight_realtime - INFO - [2025-12-17 17:31:09.735] Positions: 0 | State: IDLE | Symbol: N/A
2025-12-17 17:31:10 - lightweight_realtime - INFO - [2025-12-17 17:31:10.741] Positions: 0 | State: IDLE | Symbol: N/A
2025-12-17 17:31:11 - lightweight_realtime - INFO - [2025-12-17 17:31:11.771] Positions: 0 | State: IDLE | Symbol: N/A
2025-12-17 17:31:12 - lightweight_realtime - INFO - [2025-12-17 17:31:12.797] Positions: 0 | State: IDLE | Symbol: N/A
2025-12-17 17:31:13 - lightweight_realtime - INFO - [2025-12-17 17:31:13.807] Positions: 0 | State: IDLE | Symbol: N/A
2025-12-17 17:31:14 - lightweight_realtime - INFO - [2025-12-17 17:31:14.857] Positions: 0 | State: IDLE | Symbol: N/A
2025-12-17 17:31:15 - lightweight_realtime - INFO - [2025-12-17 17:31:15.882] Positions: 0 | State: IDLE | Symbol: N/A
2025-12-17 17:31:16 - lightweight_realtime - INFO - [2025-12-17 17:31:16.907] Positions: 0 | State: IDLE | Symbol: N/A
2025-12-17 17:31:17 - lightweight_realtime - INFO - [2025-12-17 17:31:17.927] Positions: 0 | State: IDLE | Symbol: N/A
2025-12-17 17:31:18 - lightweight_realtime - INFO - [2025-12-17 17:31:18.948] Positions: 0 | State: IDLE | Symbol: N/A
2025-12-17 17:31:19 - lightweight_realtime - INFO - [2025-12-17 17:31:19.967] Positions: 0 | State: IDLE | Symbol: N/A
2025-12-17 17:31:20 - lightweight_realtime - INFO - [2025-12-17 17:31:20.986] Positions: 0 | State: IDLE | Symbol: N/A
2025-12-17 17:31:21 - lightweight_realtime - INFO - [2025-12-17 17:31:21.993] Positions: 0 | State: IDLE | Symbol: N/A
2025-12-17 17:31:23 - lightweight_realtime - INFO - [2025-12-17 17:31:23.016] Positions: 0 | State: SCANNING | Symbol: GBPUSDm
2025-12-17 17:31:24 - lightweight_realtime - INFO - [2025-12-17 17:31:24.074] Positions: 0 | State: SCANNING | Symbol: HK50m
2025-12-17 17:31:25 - lightweight_realtime - INFO - [2025-12-17 17:31:25.091] Positions: 0 | State: SCANNING | Symbol: CVSm
2025-12-17 17:31:26 - lightweight_realtime - INFO - [2025-12-17 17:31:26.100] Positions: 0 | State: SCANNING | Symbol: LLYm
2025-12-17 17:31:27 - lightweight_realtime - INFO - [2025-12-17 17:31:27.127] Positions: 0 | State: SCANNING | Symbol: BTCZARm
2025-12-17 17:31:28 - lightweight_realtime - INFO - [2025-12-17 17:31:28.154] Positions: 0 | State: SCANNING | Symbol: MCDm
2025-12-17 17:31:29 - lightweight_realtime - INFO - [2025-12-17 17:31:29.166] Positions: 0 | State: SCANNING | Symbol: BIIBm
2025-12-17 17:31:30 - lightweight_realtime - INFO - [2025-12-17 17:31:30.190] Positions: 0 | State: SCANNING | Symbol: CADJPYm
2025-12-17 17:31:31 - lightweight_realtime - INFO - [2025-12-17 17:31:31.221] Positions: 0 | State: SCANNING | Symbol: TMOm
2025-12-17 17:31:32 - lightweight_realtime - INFO - [2025-12-17 17:31:32.244] Positions: 0 | State: SCANNING | Symbol: BTCTHBm
2025-12-17 17:31:33 - lightweight_realtime - INFO - [2025-12-17 17:31:33.257] Positions: 0 | State: SCANNING | Symbol: BTCXAUm
2025-12-17 17:31:34 - lightweight_realtime - INFO - [2025-12-17 17:31:34.281] Positions: 0 | State: SCANNING | Symbol: NZDDKKm
2025-12-17 17:31:35 - lightweight_realtime - INFO - [2025-12-17 17:31:35.306] Positions: 0 | State: SCANNING | Symbol: CHFPLNm
2025-12-17 17:31:36 - lightweight_realtime - INFO - [2025-12-17 17:31:36.341] Positions: 0 | State: SCANNING | Symbol: NZDSEKm
2025-12-17 17:31:37 - lightweight_realtime - INFO - [2025-12-17 17:31:37.359] Positions: 0 | State: IDLE | Symbol: N/A
2025-12-17 17:31:38 - lightweight_realtime - INFO - [2025-12-17 17:31:38.383] Positions: 0 | State: IDLE | Symbol: N/A
2025-12-17 17:31:39 - lightweight_realtime - INFO - [2025-12-17 17:31:39.437] Positions: 0 | State: IDLE | Symbol: N/A
2025-12-17 17:31:40 - lightweight_realtime - INFO - [2025-12-17 17:31:40.454] Positions: 0 | State: IDLE | Symbol: N/A
2025-12-17 17:31:41 - lightweight_realtime - INFO - [2025-12-17 17:31:41.477] Positions: 0 | State: IDLE | Symbol: N/A
2025-12-17 17:31:42 - lightweight_realtime - INFO - [2025-12-17 17:31:42.486] Positions: 0 | State: IDLE | Symbol: N/A
2025-12-17 17:31:43 - lightweight_realtime - INFO - [2025-12-17 17:31:43.508] Positions: 0 | State: IDLE | Symbol: N/A
2025-12-17 17:31:44 - lightweight_realtime - INFO - [2025-12-17 17:31:44.528] Positions: 0 | State: IDLE | Symbol: N/A
2025-12-17 17:31:45 - lightweight_realtime - INFO - [2025-12-17 17:31:45.538] Positions: 0 | State: IDLE | Symbol: N/A
2025-12-17 17:31:46 - lightweight_realtime - INFO - [2025-12-17 17:31:46.578] Positions: 0 | State: IDLE | Symbol: N/A
2025-12-17 17:31:47 - lightweight_realtime - INFO - [2025-12-17 17:31:47.598] Positions: 0 | State: IDLE | Symbol: N/A
2025-12-17 17:31:48 - lightweight_realtime - INFO - [2025-12-17 17:31:48.624] Positions: 0 | State: IDLE | Symbol: N/A
2025-12-17 17:31:49 - lightweight_realtime - INFO - [2025-12-17 17:31:49.642] Positions: 0 | State: IDLE | Symbol: N/A
2025-12-17 17:31:50 - lightweight_realtime - INFO - [2025-12-17 17:31:50.673] Positions: 0 | State: IDLE | Symbol: N/A
2025-12-17 17:31:51 - lightweight_realtime - INFO - [2025-12-17 17:31:51.699] Positions: 0 | State: IDLE | Symbol: N/A
2025-12-17 17:31:52 - lightweight_realtime - INFO - [2025-12-17 17:31:52.706] Positions: 0 | State: IDLE | Symbol: N/A
2025-12-17 17:31:53 - lightweight_realtime - INFO - [2025-12-17 17:31:53.715] Positions: 0 | State: IDLE | Symbol: N/A
2025-12-17 17:31:54 - lightweight_realtime - INFO - [2025-12-17 17:31:54.729] Positions: 0 | State: IDLE | Symbol: N/A
2025-12-17 17:31:55 - lightweight_realtime - INFO - [2025-12-17 17:31:55.739] Positions: 0 | State: IDLE | Symbol: N/A
2025-12-17 17:31:56 - lightweight_realtime - INFO - [2025-12-17 17:31:56.779] Positions: 0 | State: SCANNING | Symbol: N/A
2025-12-17 17:31:57 - lightweight_realtime - INFO - [2025-12-17 17:31:57.837] Positions: 0 | State: SCANNING | Symbol: DE30m
2025-12-17 17:31:58 - lightweight_realtime - INFO - [2025-12-17 17:31:58.894] Positions: 0 | State: SCANNING | Symbol: BTCJPYm
2025-12-17 17:31:59 - lightweight_realtime - INFO - [2025-12-17 17:31:59.918] Positions: 0 | State: SCANNING | Symbol: EBAYm
2025-12-17 17:32:00 - lightweight_realtime - INFO - [2025-12-17 17:32:00.996] Positions: 0 | State: SCANNING | Symbol: MSm
2025-12-17 17:32:02 - lightweight_realtime - INFO - [2025-12-17 17:32:02.015] Positions: 0 | State: SCANNING | Symbol: JNJm
2025-12-17 17:32:03 - lightweight_realtime - INFO - [2025-12-17 17:32:03.043] Positions: 0 | State: SCANNING | Symbol: ADPm
2025-12-17 17:32:04 - lightweight_realtime - INFO - [2025-12-17 17:32:04.055] Positions: 0 | State: SCANNING | Symbol: AMGNm
2025-12-17 17:32:05 - lightweight_realtime - INFO - [2025-12-17 17:32:05.072] Positions: 0 | State: SCANNING | Symbol: COSTm
2025-12-17 17:32:06 - lightweight_realtime - INFO - [2025-12-17 17:32:06.139] Positions: 0 | State: SCANNING | Symbol: GBPNOKm
2025-12-17 17:32:07 - lightweight_realtime - INFO - [2025-12-17 17:32:07.164] Positions: 0 | State: SCANNING | Symbol: AUDMXNm
2025-12-17 17:32:08 - lightweight_realtime - INFO - [2025-12-17 17:32:08.230] Positions: 0 | State: SCANNING | Symbol: CHFPLNm
2025-12-17 17:32:09 - lightweight_realtime - INFO - [2025-12-17 17:32:09.256] Positions: 0 | State: ENTERING TRADE | Symbol: BTCUSDm
2025-12-17 17:32:10 - lightweight_realtime - INFO - [2025-12-17 17:32:10.268] Positions: 0 | State: ENTERING TRADE | Symbol: BTCUSDm
2025-12-17 17:32:11 - lightweight_realtime - INFO - [2025-12-17 17:32:11.297] Positions: 0 | State: ENTERING TRADE | Symbol: BTCUSDm
2025-12-17 17:32:12 - lightweight_realtime - INFO - [2025-12-17 17:32:12.312] Positions: 0 | State: ENTERING TRADE | Symbol: BTCUSDm
2025-12-17 17:32:13 - lightweight_realtime - INFO - [2025-12-17 17:32:13.337] Positions: 0 | State: ENTERING TRADE | Symbol: BTCUSDm
2025-12-17 17:32:14 - lightweight_realtime - INFO - [2025-12-17 17:32:14.347] Positions: 0 | State: ENTERING TRADE | Symbol: BTCUSDm
2025-12-17 17:32:15 - lightweight_realtime - INFO - [2025-12-17 17:32:15.431] Positions: 0 | State: ENTERING TRADE | Symbol: BTCUSDm
2025-12-17 17:32:16 - lightweight_realtime - INFO - [2025-12-17 17:32:16.496] Positions: 0 | State: ENTERING TRADE | Symbol: BTCUSDm
2025-12-17 17:32:17 - lightweight_realtime - INFO - [2025-12-17 17:32:17.526] Positions: 0 | State: ENTERING TRADE | Symbol: BTCUSDm
2025-12-17 17:32:18 - lightweight_realtime - INFO - [2025-12-17 17:32:18.548] Positions: 0 | State: ENTERING TRADE | Symbol: BTCUSDm
2025-12-17 17:32:19 - lightweight_realtime - INFO - [2025-12-17 17:32:19.576] Positions: 0 | State: ENTERING TRADE | Symbol: BTCUSDm
2025-12-17 17:32:20 - lightweight_realtime - INFO - [2025-12-17 17:32:20.603] Positions: 0 | State: ENTERING TRADE | Symbol: BTCUSDm
2025-12-17 17:32:21 - lightweight_realtime - INFO - [2025-12-17 17:32:21.620] Positions: 0 | State: ENTERING TRADE | Symbol: BTCUSDm
2025-12-17 17:32:22 - lightweight_realtime - INFO - [2025-12-17 17:32:22.649] Positions: 0 | State: ENTERING TRADE | Symbol: BTCUSDm
2025-12-17 17:32:23 - lightweight_realtime - INFO - [2025-12-17 17:32:23.655] Positions: 0 | State: ENTERING TRADE | Symbol: BTCUSDm
2025-12-17 17:32:24 - lightweight_realtime - INFO - [2025-12-17 17:32:24.668] Positions: 0 | State: ENTERING TRADE | Symbol: BTCUSDm
2025-12-17 17:32:25 - lightweight_realtime - INFO - [2025-12-17 17:32:25.693] Positions: 0 | State: ENTERING TRADE | Symbol: BTCUSDm
2025-12-17 17:32:26 - lightweight_realtime - INFO - [2025-12-17 17:32:26.709] Positions: 0 | State: ENTERING TRADE | Symbol: BTCUSDm
2025-12-17 17:32:27 - lightweight_realtime - INFO - [2025-12-17 17:32:27.722] Positions: 0 | State: ENTERING TRADE | Symbol: BTCUSDm
2025-12-17 17:32:28 - lightweight_realtime - INFO - [2025-12-17 17:32:28.747] Positions: 0 | State: ENTERING TRADE | Symbol: BTCUSDm
2025-12-17 17:32:29 - lightweight_realtime - INFO - [2025-12-17 17:32:29.783] Positions: 0 | State: SCANNING | Symbol: N/A
2025-12-17 17:32:30 - lightweight_realtime - INFO - [2025-12-17 17:32:30.822] Positions: 0 | State: SCANNING | Symbol: US500m
2025-12-17 17:32:31 - lightweight_realtime - INFO - [2025-12-17 17:32:31.855] Positions: 0 | State: SCANNING | Symbol: AMZNm
2025-12-17 17:32:32 - lightweight_realtime - INFO - [2025-12-17 17:32:32.882] Positions: 0 | State: SCANNING | Symbol: TSLAm
2025-12-17 17:32:33 - lightweight_realtime - INFO - [2025-12-17 17:32:33.909] Positions: 0 | State: SCANNING | Symbol: AAPLm
2025-12-17 17:32:34 - lightweight_realtime - INFO - [2025-12-17 17:32:34.936] Positions: 0 | State: SCANNING | Symbol: AUDCADm
2025-12-17 17:32:35 - lightweight_realtime - INFO - [2025-12-17 17:32:35.990] Positions: 0 | State: SCANNING | Symbol: BIIBm
2025-12-17 17:32:37 - lightweight_realtime - INFO - [2025-12-17 17:32:37.014] Positions: 0 | State: SCANNING | Symbol: ADBEm
2025-12-17 17:32:38 - lightweight_realtime - INFO - [2025-12-17 17:32:38.024] Positions: 0 | State: SCANNING | Symbol: METAm
2025-12-17 17:32:39 - lightweight_realtime - INFO - [2025-12-17 17:32:39.044] Positions: 0 | State: SCANNING | Symbol: USDSGDm
2025-12-17 17:32:40 - lightweight_realtime - INFO - [2025-12-17 17:32:40.075] Positions: 0 | State: SCANNING | Symbol: EURDKKm
2025-12-17 17:32:41 - lightweight_realtime - INFO - [2025-12-17 17:32:41.118] Positions: 0 | State: SCANNING | Symbol: NZDDKKm
2025-12-17 17:32:42 - lightweight_realtime - INFO - [2025-12-17 17:32:42.138] Positions: 0 | State: SCANNING | Symbol: GBPPLNm
2025-12-17 17:32:43 - lightweight_realtime - INFO - [2025-12-17 17:32:43.544] Positions: 1 | State: MANAGING TRADE | Symbol: BTCUSDm
2025-12-17 17:32:44 - lightweight_realtime - INFO - [2025-12-17 17:32:44.597] Positions: 1 | State: MANAGING TRADE | Symbol: BTCUSDm
2025-12-17 17:32:45 - lightweight_realtime - INFO - [2025-12-17 17:32:45.640] Positions: 1 | State: MANAGING TRADE | Symbol: BTCUSDm
2025-12-17 17:32:46 - lightweight_realtime - INFO - [2025-12-17 17:32:46.681] Positions: 1 | State: MANAGING TRADE | Symbol: BTCUSDm
2025-12-17 17:32:47 - lightweight_realtime - INFO - [2025-12-17 17:32:47.794] Positions: 1 | State: MANAGING TRADE | Symbol: BTCUSDm
2025-12-17 17:32:48 - lightweight_realtime - INFO - [2025-12-17 17:32:48.809] Positions: 1 | State: MANAGING TRADE | Symbol: BTCUSDm
2025-12-17 17:32:49 - lightweight_realtime - INFO - [2025-12-17 17:32:49.832] Positions: 1 | State: MANAGING TRADE | Symbol: BTCUSDm
2025-12-17 17:32:50 - lightweight_realtime - INFO - [2025-12-17 17:32:50.862] Positions: 1 | State: MANAGING TRADE | Symbol: BTCUSDm
2025-12-17 17:32:51 - lightweight_realtime - INFO - [2025-12-17 17:32:51.897] Positions: 1 | State: MANAGING TRADE | Symbol: BTCUSDm
2025-12-17 17:32:52 - lightweight_realtime - INFO - [2025-12-17 17:32:52.932] Positions: 1 | State: MANAGING TRADE | Symbol: BTCUSDm
2025-12-17 17:32:53 - lightweight_realtime - INFO - [2025-12-17 17:32:53.985] Positions: 1 | State: MANAGING TRADE | Symbol: BTCUSDm
2025-12-17 17:32:55 - lightweight_realtime - INFO - [2025-12-17 17:32:55.021] Positions: 1 | State: MANAGING TRADE | Symbol: BTCUSDm
2025-12-17 17:32:56 - lightweight_realtime - INFO - [2025-12-17 17:32:56.100] Positions: 1 | State: MANAGING TRADE | Symbol: BTCUSDm
2025-12-17 17:32:57 - lightweight_realtime - INFO - [2025-12-17 17:32:57.381] Positions: 1 | State: MANAGING TRADE | Symbol: BTCUSDm
2025-12-17 17:32:58 - lightweight_realtime - INFO - [2025-12-17 17:32:58.417] Positions: 0 | State: MANAGING TRADE | Symbol: BTCUSDm
2025-12-17 17:32:59 - lightweight_realtime - INFO - [2025-12-17 17:32:59.435] Positions: 0 | State: MANAGING TRADE | Symbol: BTCUSDm
2025-12-17 17:33:00 - lightweight_realtime - INFO - [2025-12-17 17:33:00.445] Positions: 0 | State: MANAGING TRADE | Symbol: BTCUSDm
2025-12-17 17:33:01 - lightweight_realtime - INFO - [2025-12-17 17:33:01.465] Positions: 0 | State: MANAGING TRADE | Symbol: BTCUSDm
2025-12-17 17:33:02 - lightweight_realtime - INFO - [2025-12-17 17:33:02.471] Positions: 0 | State: MANAGING TRADE | Symbol: BTCUSDm
2025-12-17 17:33:03 - lightweight_realtime - INFO - [2025-12-17 17:33:03.496] Positions: 0 | State: MANAGING TRADE | Symbol: BTCUSDm
2025-12-17 17:33:04 - lightweight_realtime - INFO - [2025-12-17 17:33:04.517] Positions: 0 | State: MANAGING TRADE | Symbol: BTCUSDm
2025-12-17 17:33:05 - lightweight_realtime - INFO - [2025-12-17 17:33:05.549] Positions: 0 | State: MANAGING TRADE | Symbol: BTCUSDm
2025-12-17 17:33:06 - lightweight_realtime - INFO - [2025-12-17 17:33:06.561] Positions: 0 | State: MANAGING TRADE | Symbol: BTCUSDm
2025-12-17 17:33:07 - lightweight_realtime - INFO - [2025-12-17 17:33:07.651] Positions: 0 | State: SCANNING | Symbol: N/A
2025-12-17 17:33:08 - lightweight_realtime - INFO - [2025-12-17 17:33:08.761] Positions: 0 | State: SCANNING | Symbol: US30m
2025-12-17 17:33:09 - lightweight_realtime - INFO - [2025-12-17 17:33:09.778] Positions: 0 | State: SCANNING | Symbol: HK50m
2025-12-17 17:33:10 - lightweight_realtime - INFO - [2025-12-17 17:33:10.791] Positions: 0 | State: SCANNING | Symbol: WFCm
2025-12-17 17:33:11 - lightweight_realtime - INFO - [2025-12-17 17:33:11.809] Positions: 0 | State: SCANNING | Symbol: GILDm
2025-12-17 17:33:12 - lightweight_realtime - INFO - [2025-12-17 17:33:12.826] Positions: 0 | State: SCANNING | Symbol: GBPCHFm
2025-12-17 17:33:13 - lightweight_realtime - INFO - [2025-12-17 17:33:13.851] Positions: 0 | State: SCANNING | Symbol: ORCLm
2025-12-17 17:33:14 - lightweight_realtime - INFO - [2025-12-17 17:33:14.875] Positions: 0 | State: SCANNING | Symbol: COSTm
2025-12-17 17:33:15 - lightweight_realtime - INFO - [2025-12-17 17:33:15.892] Positions: 0 | State: SCANNING | Symbol: GBPNOKm
2025-12-17 17:33:16 - lightweight_realtime - INFO - [2025-12-17 17:33:16.904] Positions: 0 | State: SCANNING | Symbol: NZDMXNm
2025-12-17 17:33:17 - lightweight_realtime - INFO - [2025-12-17 17:33:17.944] Positions: 0 | State: SCANNING | Symbol: USDTHBm
2025-12-17 17:33:18 - lightweight_realtime - INFO - [2025-12-17 17:33:18.970] Positions: 0 | State: IDLE | Symbol: N/A
2025-12-17 17:33:20 - lightweight_realtime - INFO - [2025-12-17 17:33:20.001] Positions: 0 | State: IDLE | Symbol: N/A
2025-12-17 17:33:21 - lightweight_realtime - INFO - [2025-12-17 17:33:21.023] Positions: 0 | State: IDLE | Symbol: N/A
2025-12-17 17:33:22 - lightweight_realtime - INFO - [2025-12-17 17:33:22.049] Positions: 0 | State: IDLE | Symbol: N/A
2025-12-17 17:33:23 - lightweight_realtime - INFO - [2025-12-17 17:33:23.075] Positions: 0 | State: IDLE | Symbol: N/A
2025-12-17 17:33:24 - lightweight_realtime - INFO - [2025-12-17 17:33:24.112] Positions: 0 | State: IDLE | Symbol: N/A
2025-12-17 17:33:25 - lightweight_realtime - INFO - [2025-12-17 17:33:25.126] Positions: 0 | State: IDLE | Symbol: N/A
2025-12-17 17:33:26 - lightweight_realtime - INFO - [2025-12-17 17:33:26.152] Positions: 0 | State: IDLE | Symbol: N/A
2025-12-17 17:33:27 - lightweight_realtime - INFO - [2025-12-17 17:33:27.191] Positions: 0 | State: IDLE | Symbol: N/A
2025-12-17 17:33:28 - lightweight_realtime - INFO - [2025-12-17 17:33:28.206] Positions: 0 | State: IDLE | Symbol: N/A
2025-12-17 17:33:29 - lightweight_realtime - INFO - [2025-12-17 17:33:29.230] Positions: 0 | State: IDLE | Symbol: N/A
2025-12-17 17:33:30 - lightweight_realtime - INFO - [2025-12-17 17:33:30.247] Positions: 0 | State: IDLE | Symbol: N/A
2025-12-17 17:33:31 - lightweight_realtime - INFO - [2025-12-17 17:33:31.269] Positions: 0 | State: IDLE | Symbol: N/A
2025-12-17 17:33:32 - lightweight_realtime - INFO - [2025-12-17 17:33:32.274] Positions: 0 | State: IDLE | Symbol: N/A
2025-12-17 17:33:33 - lightweight_realtime - INFO - [2025-12-17 17:33:33.297] Positions: 0 | State: IDLE | Symbol: N/A
2025-12-17 17:33:34 - lightweight_realtime - INFO - [2025-12-17 17:33:34.315] Positions: 0 | State: IDLE | Symbol: N/A
2025-12-17 17:33:35 - lightweight_realtime - INFO - [2025-12-17 17:33:35.334] Positions: 0 | State: IDLE | Symbol: N/A
2025-12-17 17:33:36 - lightweight_realtime - INFO - [2025-12-17 17:33:36.358] Positions: 0 | State: IDLE | Symbol: N/A
2025-12-17 17:33:37 - lightweight_realtime - INFO - [2025-12-17 17:33:37.482] Positions: 0 | State: IDLE | Symbol: N/A
2025-12-17 17:33:38 - lightweight_realtime - INFO - [2025-12-17 17:33:38.604] Positions: 0 | State: IDLE | Symbol: N/A
2025-12-17 17:33:39 - lightweight_realtime - INFO - [2025-12-17 17:33:39.628] Positions: 0 | State: SCANNING | Symbol: XAUUSDm
2025-12-17 17:33:40 - lightweight_realtime - INFO - [2025-12-17 17:33:40.635] Positions: 0 | State: SCANNING | Symbol: LIm
2025-12-17 17:33:41 - lightweight_realtime - INFO - [2025-12-17 17:33:41.671] Positions: 0 | State: SCANNING | Symbol: CVSm
2025-12-17 17:33:42 - lightweight_realtime - INFO - [2025-12-17 17:33:42.702] Positions: 0 | State: SCANNING | Symbol: NZDCADm
2025-12-17 17:33:43 - lightweight_realtime - INFO - [2025-12-17 17:33:43.713] Positions: 0 | State: SCANNING | Symbol: PDDm
2025-12-17 17:33:44 - lightweight_realtime - INFO - [2025-12-17 17:33:44.740] Positions: 0 | State: SCANNING | Symbol: ZARJPYm
2025-12-17 17:33:45 - lightweight_realtime - INFO - [2025-12-17 17:33:45.773] Positions: 0 | State: SCANNING | Symbol: DXYm
2025-12-17 17:33:46 - lightweight_realtime - INFO - [2025-12-17 17:33:46.806] Positions: 0 | State: SCANNING | Symbol: Vm
2025-12-17 17:33:47 - lightweight_realtime - INFO - [2025-12-17 17:33:47.832] Positions: 0 | State: SCANNING | Symbol: MAm
2025-12-17 17:33:48 - lightweight_realtime - INFO - [2025-12-17 17:33:48.862] Positions: 0 | State: SCANNING | Symbol: CHFSEKm
2025-12-17 17:33:49 - lightweight_realtime - INFO - [2025-12-17 17:33:49.891] Positions: 0 | State: SCANNING | Symbol: AUDMXNm
2025-12-17 17:33:50 - lightweight_realtime - INFO - [2025-12-17 17:33:50.919] Positions: 0 | State: SCANNING | Symbol: NZDPLNm
2025-12-17 17:33:51 - lightweight_realtime - INFO - [2025-12-17 17:33:51.943] Positions: 0 | State: SCANNING | Symbol: AUDDKKm
2025-12-17 17:33:52 - lightweight_realtime - INFO - [2025-12-17 17:33:52.967] Positions: 0 | State: IDLE | Symbol: N/A
2025-12-17 17:33:53 - lightweight_realtime - INFO - [2025-12-17 17:33:53.993] Positions: 0 | State: IDLE | Symbol: N/A
2025-12-17 17:33:55 - lightweight_realtime - INFO - [2025-12-17 17:33:55.012] Positions: 0 | State: IDLE | Symbol: N/A
2025-12-17 17:33:56 - lightweight_realtime - INFO - [2025-12-17 17:33:56.041] Positions: 0 | State: IDLE | Symbol: N/A
2025-12-17 17:33:57 - lightweight_realtime - INFO - [2025-12-17 17:33:57.198] Positions: 0 | State: IDLE | Symbol: N/A
2025-12-17 17:33:58 - lightweight_realtime - INFO - [2025-12-17 17:33:58.210] Positions: 0 | State: IDLE | Symbol: N/A
2025-12-17 17:33:59 - lightweight_realtime - INFO - [2025-12-17 17:33:59.227] Positions: 0 | State: IDLE | Symbol: N/A
2025-12-17 17:34:00 - lightweight_realtime - INFO - [2025-12-17 17:34:00.259] Positions: 0 | State: IDLE | Symbol: N/A
2025-12-17 17:34:01 - lightweight_realtime - INFO - [2025-12-17 17:34:01.286] Positions: 0 | State: IDLE | Symbol: N/A
2025-12-17 17:34:02 - lightweight_realtime - INFO - [2025-12-17 17:34:02.313] Positions: 0 | State: IDLE | Symbol: N/A
2025-12-17 17:34:03 - lightweight_realtime - INFO - [2025-12-17 17:34:03.426] Positions: 0 | State: IDLE | Symbol: N/A
2025-12-17 17:34:04 - lightweight_realtime - INFO - [2025-12-17 17:34:04.489] Positions: 0 | State: IDLE | Symbol: N/A
2025-12-17 17:34:05 - lightweight_realtime - INFO - [2025-12-17 17:34:05.553] Positions: 0 | State: IDLE | Symbol: N/A
2025-12-17 17:34:06 - lightweight_realtime - INFO - [2025-12-17 17:34:06.559] Positions: 0 | State: IDLE | Symbol: N/A
2025-12-17 17:34:07 - lightweight_realtime - INFO - [2025-12-17 17:34:07.578] Positions: 0 | State: IDLE | Symbol: N/A
2025-12-17 17:34:08 - lightweight_realtime - INFO - [2025-12-17 17:34:08.604] Positions: 0 | State: IDLE | Symbol: N/A
2025-12-17 17:34:09 - lightweight_realtime - INFO - [2025-12-17 17:34:09.607] Positions: 0 | State: IDLE | Symbol: N/A
2025-12-17 17:34:10 - lightweight_realtime - INFO - [2025-12-17 17:34:10.706] Positions: 0 | State: IDLE | Symbol: N/A
2025-12-17 17:34:11 - lightweight_realtime - INFO - [2025-12-17 17:34:11.945] Positions: 0 | State: IDLE | Symbol: N/A
2025-12-17 17:34:13 - lightweight_realtime - INFO - [2025-12-17 17:34:13.065] Positions: 0 | State: SCANNING | Symbol: N/A
2025-12-17 17:34:14 - lightweight_realtime - INFO - [2025-12-17 17:34:14.482] Positions: 0 | State: SCANNING | Symbol: USDJPYm
2025-12-17 17:34:15 - lightweight_realtime - INFO - [2025-12-17 17:34:15.506] Positions: 0 | State: SCANNING | Symbol: JDm
2025-12-17 17:34:16 - lightweight_realtime - INFO - [2025-12-17 17:34:16.549] Positions: 0 | State: SCANNING | Symbol: UPSm
2025-12-17 17:34:17 - lightweight_realtime - INFO - [2025-12-17 17:34:17.641] Positions: 0 | State: SCANNING | Symbol: NZDCHFm
2025-12-17 17:34:18 - lightweight_realtime - INFO - [2025-12-17 17:34:18.701] Positions: 0 | State: SCANNING | Symbol: ABBVm
2025-12-17 17:34:19 - lightweight_realtime - INFO - [2025-12-17 17:34:19.721] Positions: 0 | State: SCANNING | Symbol: CADJPYm
2025-12-17 17:34:20 - lightweight_realtime - INFO - [2025-12-17 17:34:20.764] Positions: 0 | State: SCANNING | Symbol: VRTXm
2025-12-17 17:34:21 - lightweight_realtime - INFO - [2025-12-17 17:34:21.957] Positions: 0 | State: SCANNING | Symbol: CHFSGDm
2025-12-17 17:34:22 - lightweight_realtime - INFO - [2025-12-17 17:34:22.981] Positions: 0 | State: SCANNING | Symbol: GBPMXNm
2025-12-17 17:34:24 - lightweight_realtime - INFO - [2025-12-17 17:34:24.102] Positions: 0 | State: SCANNING | Symbol: GBPDKKm
2025-12-17 17:34:25 - lightweight_realtime - INFO - [2025-12-17 17:34:25.126] Positions: 0 | State: IDLE | Symbol: N/A
2025-12-17 17:34:26 - lightweight_realtime - INFO - [2025-12-17 17:34:26.206] Positions: 0 | State: IDLE | Symbol: N/A
2025-12-17 17:34:27 - lightweight_realtime - INFO - [2025-12-17 17:34:27.230] Positions: 0 | State: IDLE | Symbol: N/A
2025-12-17 17:34:28 - lightweight_realtime - INFO - [2025-12-17 17:34:28.278] Positions: 0 | State: IDLE | Symbol: N/A
2025-12-17 17:34:29 - lightweight_realtime - INFO - [2025-12-17 17:34:29.291] Positions: 0 | State: IDLE | Symbol: N/A
2025-12-17 17:34:30 - lightweight_realtime - INFO - [2025-12-17 17:34:30.301] Positions: 0 | State: IDLE | Symbol: N/A
2025-12-17 17:34:31 - lightweight_realtime - INFO - [2025-12-17 17:34:31.309] Positions: 0 | State: IDLE | Symbol: N/A
2025-12-17 17:34:32 - lightweight_realtime - INFO - [2025-12-17 17:34:32.326] Positions: 0 | State: IDLE | Symbol: N/A
2025-12-17 17:34:33 - lightweight_realtime - INFO - [2025-12-17 17:34:33.780] Positions: 0 | State: IDLE | Symbol: N/A
2025-12-17 17:34:34 - lightweight_realtime - INFO - [2025-12-17 17:34:34.883] Positions: 0 | State: IDLE | Symbol: N/A
2025-12-17 17:34:35 - lightweight_realtime - INFO - [2025-12-17 17:34:35.906] Positions: 0 | State: IDLE | Symbol: N/A
2025-12-17 17:34:36 - lightweight_realtime - INFO - [2025-12-17 17:34:36.930] Positions: 0 | State: IDLE | Symbol: N/A
2025-12-17 17:34:37 - lightweight_realtime - INFO - [2025-12-17 17:34:37.949] Positions: 0 | State: IDLE | Symbol: N/A
2025-12-17 17:34:38 - lightweight_realtime - INFO - [2025-12-17 17:34:38.980] Positions: 0 | State: IDLE | Symbol: N/A
2025-12-17 17:34:40 - lightweight_realtime - INFO - [2025-12-17 17:34:40.006] Positions: 0 | State: IDLE | Symbol: N/A
2025-12-17 17:34:41 - lightweight_realtime - INFO - [2025-12-17 17:34:41.053] Positions: 0 | State: IDLE | Symbol: N/A
2025-12-17 17:34:42 - lightweight_realtime - INFO - [2025-12-17 17:34:42.134] Positions: 0 | State: IDLE | Symbol: N/A
2025-12-17 17:34:43 - lightweight_realtime - INFO - [2025-12-17 17:34:43.149] Positions: 0 | State: IDLE | Symbol: N/A
2025-12-17 17:34:44 - lightweight_realtime - INFO - [2025-12-17 17:34:44.164] Positions: 0 | State: IDLE | Symbol: N/A
2025-12-17 17:34:45 - lightweight_realtime - INFO - [2025-12-17 17:34:45.189] Positions: 0 | State: SCANNING | Symbol: N/A
2025-12-17 17:34:46 - lightweight_realtime - INFO - [2025-12-17 17:34:46.227] Positions: 0 | State: SCANNING | Symbol: BTCUSDm
2025-12-17 17:34:47 - lightweight_realtime - INFO - [2025-12-17 17:34:47.260] Positions: 0 | State: SCANNING | Symbol: FTNTm
2025-12-17 17:34:48 - lightweight_realtime - INFO - [2025-12-17 17:34:48.370] Positions: 0 | State: SCANNING | Symbol: PGm
2025-12-17 17:34:49 - lightweight_realtime - INFO - [2025-12-17 17:34:49.412] Positions: 0 | State: SCANNING | Symbol: GILDm
2025-12-17 17:34:50 - lightweight_realtime - INFO - [2025-12-17 17:34:50.436] Positions: 0 | State: SCANNING | Symbol: AUDJPYm
2025-12-17 17:34:51 - lightweight_realtime - INFO - [2025-12-17 17:34:51.480] Positions: 0 | State: SCANNING | Symbol: EURCHFm
2025-12-17 17:34:52 - lightweight_realtime - INFO - [2025-12-17 17:34:52.496] Positions: 0 | State: SCANNING | Symbol: ORCLm
2025-12-17 17:34:53 - lightweight_realtime - INFO - [2025-12-17 17:34:53.524] Positions: 0 | State: SCANNING | Symbol: BAm
2025-12-17 17:34:54 - lightweight_realtime - INFO - [2025-12-17 17:34:54.553] Positions: 0 | State: SCANNING | Symbol: ISRGm
2025-12-17 17:34:55 - lightweight_realtime - INFO - [2025-12-17 17:34:55.655] Positions: 0 | State: SCANNING | Symbol: GBPNOKm
2025-12-17 17:34:56 - lightweight_realtime - INFO - [2025-12-17 17:34:56.662] Positions: 0 | State: SCANNING | Symbol: USDCNHm
2025-12-17 17:34:57 - lightweight_realtime - INFO - [2025-12-17 17:34:57.719] Positions: 0 | State: SCANNING | Symbol: CHFMXNm
2025-12-17 17:34:58 - lightweight_realtime - INFO - [2025-12-17 17:34:58.733] Positions: 0 | State: SCANNING | Symbol: CHFPLNm
2025-12-17 17:34:59 - lightweight_realtime - INFO - [2025-12-17 17:34:59.770] Positions: 0 | State: IDLE | Symbol: N/A
2025-12-17 17:35:00 - lightweight_realtime - INFO - [2025-12-17 17:35:00.777] Positions: 0 | State: IDLE | Symbol: N/A
2025-12-17 17:35:02 - lightweight_realtime - INFO - [2025-12-17 17:35:02.769] Positions: 0 | State: IDLE | Symbol: N/A
2025-12-17 17:35:03 - lightweight_realtime - INFO - [2025-12-17 17:35:03.812] Positions: 0 | State: IDLE | Symbol: N/A
2025-12-17 17:35:04 - lightweight_realtime - INFO - [2025-12-17 17:35:04.950] Positions: 0 | State: IDLE | Symbol: N/A
