2026-01-02 20:34:11 - mt5_connection - INFO - Attempting to connect to MT5 (using default installation path)
2026-01-02 20:34:11 - mt5_connection - INFO - Attempting to login to account 259747051 on server Exness-MT5Trial15...
2026-01-02 20:34:11 - mt5_connection - INFO - [OK] MT5 connected successfully. Account: 259747051, Balance: 10000.91
2026-01-02 20:34:11 - mt5_connection - INFO - Attempting to connect to MT5 (using default installation path)
2026-01-02 20:34:11 - mt5_connection - INFO - Attempting to login to account 259747051 on server Exness-MT5Trial15...
2026-01-02 20:34:11 - mt5_connection - INFO - [OK] MT5 connected successfully. Account: 259747051, Balance: 10000.91
2026-01-02 20:42:52 - mt5_connection - WARNING - BTCXAUm: Price is stale (5.14s > 2.0s), rejecting
2026-01-02 20:42:59 - mt5_connection - WARNING - BTCUSDm: Price is stale (9.72s > 2.0s), rejecting
2026-01-04 12:27:32 - mt5_connection - INFO - Attempting to connect to MT5 (using default installation path)
2026-01-04 12:27:49 - mt5_connection - INFO - Attempting to login to account 259747051 on server Exness-MT5Trial15...
2026-01-04 12:27:49 - mt5_connection - INFO - [OK] MT5 connected successfully. Account: 259747051, Balance: 10051.12
2026-01-04 12:27:52 - mt5_connection - INFO - Attempting to connect to MT5 (using default installation path)
2026-01-04 12:27:52 - mt5_connection - INFO - Attempting to login to account 259747051 on server Exness-MT5Trial15...
2026-01-04 12:27:52 - mt5_connection - INFO - [OK] MT5 connected successfully. Account: 259747051, Balance: 10051.12
2026-01-05 07:24:22 - mt5_connection - INFO - Attempting to connect to MT5 (using default installation path)
2026-01-05 07:24:37 - mt5_connection - INFO - Attempting to login to account 259747051 on server Exness-MT5Trial15...
2026-01-05 07:24:37 - mt5_connection - INFO - [OK] MT5 connected successfully. Account: 259747051, Balance: 10051.12
2026-01-05 07:24:41 - mt5_connection - INFO - Attempting to connect to MT5 (using default installation path)
2026-01-05 07:24:41 - mt5_connection - INFO - Attempting to login to account 259747051 on server Exness-MT5Trial15...
2026-01-05 07:24:41 - mt5_connection - INFO - [OK] MT5 connected successfully. Account: 259747051, Balance: 10051.12
2026-01-05 07:28:52 - mt5_connection - WARNING - DE30m: Price is stale (2.27s > 2.0s), rejecting
2026-01-05 07:28:54 - mt5_connection - WARNING - DE30m: Price is stale (4.28s > 2.0s), rejecting
2026-01-05 07:28:58 - mt5_connection - WARNING - DE30m: Price is stale (8.29s > 2.0s), rejecting
2026-01-05 07:30:57 - mt5_connection - WARNING - DE30m: Price is stale (2.19s > 2.0s), rejecting
2026-01-05 07:30:59 - mt5_connection - WARNING - DE30m: Price is stale (2.20s > 2.0s), rejecting
2026-01-05 07:31:03 - mt5_connection - WARNING - DE30m: Price is stale (2.21s > 2.0s), rejecting
2026-01-05 08:35:35 - mt5_connection - WARNING - BTCXAUm: Price is stale (3.43s > 2.0s), rejecting
2026-01-05 08:35:37 - mt5_connection - WARNING - BTCXAUm: Price is stale (5.43s > 2.0s), rejecting
2026-01-05 08:35:41 - mt5_connection - WARNING - BTCXAUm: Price is stale (4.44s > 2.0s), rejecting
2026-01-05 08:35:49 - mt5_connection - WARNING - BTCXAUm: Price is stale (6.44s > 2.0s), rejecting
2026-01-05 08:36:05 - mt5_connection - WARNING - BTCXAUm: Price is stale (2.45s > 2.0s), rejecting
2026-01-05 08:56:36 - mt5_connection - INFO - MT5 connection closed
2026-01-05 08:56:36 - mt5_connection - INFO - Attempting to connect to MT5 (using default installation path)
2026-01-05 08:56:36 - mt5_connection - INFO - Attempting to login to account 259747051 on server Exness-MT5Trial15...
2026-01-05 08:56:36 - mt5_connection - INFO - [OK] MT5 connected successfully. Account: 259747051, Balance: 10051.7
