2025-12-19 12:07:27 - order_manager - INFO - mode=LIVE | symbol=DE30m | [ORDER_SENT] Sending order | Type: BUY | Volume: 0.01 | Price: 24200.20000 | SL: None (will be applied later)
2025-12-19 12:07:28 - order_manager - INFO - mode=LIVE | symbol=DE30m | ticket=539454952 | [ORDER_FILLED] FULL FILL | Type: BUY | Volume: 0.0100 (requested: 0.0100) | SL: 0.00000 | Entry Price: 24200.20000 (requested: 24200.20000) | Slippage: 0.00000
2025-12-19 12:07:28 - order_manager - INFO - mode=LIVE | symbol=US30m | [ORDER_SENT] Sending order | Type: BUY | Volume: 0.01 | Price: 48014.00000 | SL: None (will be applied later)
2025-12-19 12:07:28 - order_manager - INFO - mode=LIVE | symbol=US30m | ticket=539454998 | [ORDER_FILLED] FULL FILL | Type: BUY | Volume: 0.0100 (requested: 0.0100) | SL: 0.00000 | Entry Price: 48014.00000 (requested: 48014.00000) | Slippage: 0.00000
2025-12-19 12:07:28 - order_manager - INFO - mode=LIVE | symbol=XAUUSDm | [ORDER_SENT] Sending order | Type: SELL | Volume: 0.01 | Price: 4325.49800 | SL: None (will be applied later)
2025-12-19 12:07:28 - order_manager - INFO - mode=LIVE | symbol=XAUUSDm | ticket=539455018 | [ORDER_FILLED] FULL FILL | Type: SELL | Volume: 0.0100 (requested: 0.0100) | SL: 0.00000 | Entry Price: 4325.49800 (requested: 4325.49800) | Slippage: 0.00000
2025-12-19 12:07:30 - order_manager - INFO - [OK] SL UPDATE SUCCESS: Ticket=539454952 Symbol=DE30m NewSL=24197.40000 OldSL=0.00000
2025-12-19 12:07:30 - order_manager - INFO - Order 539454952 modified: SL 24197.40000, TP 0.00000
2025-12-19 12:07:31 - order_manager - INFO - [OK] SL UPDATE SUCCESS: Ticket=539455018 Symbol=XAUUSDm NewSL=4327.46300 OldSL=0.00000
2025-12-19 12:07:31 - order_manager - INFO - Order 539455018 modified: SL 4327.46300, TP 0.00000
2025-12-19 12:07:32 - order_manager - INFO - [OK] SL UPDATE SUCCESS: Ticket=539454952 Symbol=DE30m NewSL=24198.60000 OldSL=24197.40000
2025-12-19 12:07:32 - order_manager - INFO - Order 539454952 modified: SL 24198.60000, TP 0.00000
2025-12-19 12:07:34 - order_manager - INFO - [OK] SL UPDATE SUCCESS: Ticket=539455018 Symbol=XAUUSDm NewSL=4325.36300 OldSL=4327.46300
2025-12-19 12:07:34 - order_manager - INFO - Order 539455018 modified: SL 4325.36300, TP 0.00000
2025-12-19 12:08:31 - order_manager - WARNING - SL 24204.20000 too close to market (BID: 24203.30000, min allowed: 24203.29000, freeze_level: 0, stops_level: 0)
2025-12-19 12:08:33 - order_manager - WARNING - SL 24204.20000 too close to market (BID: 24203.30000, min allowed: 24203.29000, freeze_level: 0, stops_level: 0)
2025-12-19 12:08:35 - order_manager - WARNING - SL 24204.20000 too close to market (BID: 24202.70000, min allowed: 24202.69000, freeze_level: 0, stops_level: 0)
2025-12-19 12:08:38 - order_manager - WARNING - SL 24204.20000 too close to market (BID: 24203.20000, min allowed: 24203.19000, freeze_level: 0, stops_level: 0)
2025-12-19 12:08:42 - order_manager - WARNING - SL 24204.20000 too close to market (BID: 24203.20000, min allowed: 24203.19000, freeze_level: 0, stops_level: 0)
2025-12-19 12:08:43 - order_manager - WARNING - SL 24204.20000 too close to market (BID: 24204.10000, min allowed: 24204.09000, freeze_level: 0, stops_level: 0)
2025-12-19 12:08:48 - order_manager - WARNING - SL 24205.20000 too close to market (BID: 24205.10000, min allowed: 24205.09000, freeze_level: 0, stops_level: 0)
2025-12-19 12:08:49 - order_manager - WARNING - SL 24205.20000 too close to market (BID: 24205.10000, min allowed: 24205.09000, freeze_level: 0, stops_level: 0)
2025-12-19 12:08:52 - order_manager - INFO - [OK] SL UPDATE SUCCESS: Ticket=539454952 Symbol=DE30m NewSL=24205.20000 OldSL=24198.60000
2025-12-19 12:08:52 - order_manager - INFO - Order 539454952 modified: SL 24205.20000, TP 0.00000
2025-12-19 12:08:54 - order_manager - INFO - [OK] SL UPDATE SUCCESS: Ticket=539454952 Symbol=DE30m NewSL=24207.20000 OldSL=24205.20000
2025-12-19 12:08:54 - order_manager - INFO - Order 539454952 modified: SL 24207.20000, TP 0.00000
2025-12-19 12:09:08 - order_manager - INFO - mode=LIVE | symbol=US30m | [ORDER_SENT] Sending order | Type: BUY | Volume: 0.01 | Price: 48008.60000 | SL: None (will be applied later)
2025-12-19 12:09:08 - order_manager - INFO - mode=LIVE | symbol=US30m | ticket=539475770 | [ORDER_FILLED] FULL FILL | Type: BUY | Volume: 0.0100 (requested: 0.0100) | SL: 0.00000 | Entry Price: 48008.60000 (requested: 48008.60000) | Slippage: 0.00000
2025-12-19 12:09:08 - order_manager - INFO - mode=LIVE | symbol=US30_x10m | [ORDER_SENT] Sending order | Type: BUY | Volume: 0.01 | Price: 48008.60000 | SL: None (will be applied later)
2025-12-19 12:09:09 - order_manager - INFO - mode=LIVE | symbol=US30_x10m | ticket=539475794 | [ORDER_FILLED] FULL FILL | Type: BUY | Volume: 0.0100 (requested: 0.0100) | SL: 0.00000 | Entry Price: 48008.60000 (requested: 48008.60000) | Slippage: 0.00000
2025-12-19 12:09:10 - order_manager - INFO - [OK] SL UPDATE SUCCESS: Ticket=539475770 Symbol=US30m NewSL=48005.40000 OldSL=0.00000
2025-12-19 12:09:10 - order_manager - INFO - Order 539475770 modified: SL 48005.40000, TP 0.00000
2025-12-19 12:09:10 - order_manager - INFO - [OK] SL UPDATE SUCCESS: Ticket=539475794 Symbol=US30_x10m NewSL=48005.70000 OldSL=0.00000
2025-12-19 12:09:10 - order_manager - INFO - Order 539475794 modified: SL 48005.70000, TP 0.00000
2025-12-19 12:09:12 - order_manager - INFO - [OK] SL UPDATE SUCCESS: Ticket=539475770 Symbol=US30m NewSL=48005.70000 OldSL=48005.40000
2025-12-19 12:09:12 - order_manager - INFO - Order 539475770 modified: SL 48005.70000, TP 0.00000
2025-12-19 12:12:21 - order_manager - INFO - mode=LIVE | symbol=BTCUSDm | [ORDER_SENT] Sending order | Type: SELL | Volume: 0.01 | Price: 88125.65000 | SL: None (will be applied later)
2025-12-19 12:12:21 - order_manager - INFO - mode=LIVE | symbol=BTCUSDm | ticket=539509150 | [ORDER_FILLED] FULL FILL | Type: SELL | Volume: 0.0100 (requested: 0.0100) | SL: 0.00000 | Entry Price: 88125.65000 (requested: 88125.65000) | Slippage: 0.00000
2025-12-19 12:12:22 - order_manager - INFO - [OK] SL UPDATE SUCCESS: Ticket=539509150 Symbol=BTCUSDm NewSL=88334.72000 OldSL=0.00000
2025-12-19 12:12:22 - order_manager - INFO - Order 539509150 modified: SL 88334.72000, TP 0.00000
2025-12-19 12:12:25 - order_manager - WARNING - SL 88126.72000 too close to market (ASK: 88126.90000, min allowed: 88126.90100, freeze_level: 0, stops_level: 0)
2025-12-19 12:12:26 - order_manager - WARNING - SL 88126.72000 too close to market (ASK: 88126.90000, min allowed: 88126.90100, freeze_level: 0, stops_level: 0)
2025-12-19 12:12:29 - order_manager - WARNING - SL 88127.00000 too close to market (ASK: 88153.76000, min allowed: 88153.76100, freeze_level: 0, stops_level: 0)
2025-12-19 12:12:46 - order_manager - WARNING - SL 48017.00000 too close to market (BID: 48016.70000, min allowed: 48016.69000, freeze_level: 0, stops_level: 0)
2025-12-19 12:12:47 - order_manager - INFO - [OK] SL UPDATE SUCCESS: Ticket=539454998 Symbol=US30m NewSL=48017.00000 OldSL=0.00000
2025-12-19 12:12:47 - order_manager - INFO - Order 539454998 modified: SL 48017.00000, TP 0.00000
2025-12-19 12:13:19 - order_manager - INFO - [OK] SL UPDATE SUCCESS: Ticket=539454998 Symbol=US30m NewSL=48019.00000 OldSL=48017.00000
2025-12-19 12:13:19 - order_manager - INFO - Order 539454998 modified: SL 48019.00000, TP 0.00000
2025-12-19 12:13:25 - order_manager - WARNING - SL 88131.72000 too close to market (ASK: 88131.88000, min allowed: 88131.88100, freeze_level: 0, stops_level: 0)
2025-12-19 12:13:26 - order_manager - INFO - [OK] SL UPDATE SUCCESS: Ticket=539509150 Symbol=BTCUSDm NewSL=88131.72000 OldSL=88334.72000
2025-12-19 12:13:26 - order_manager - INFO - Order 539509150 modified: SL 88131.72000, TP 0.00000
2025-12-19 12:13:27 - order_manager - INFO - [OK] SL UPDATE SUCCESS: Ticket=539509150 Symbol=BTCUSDm NewSL=88124.72000 OldSL=88131.72000
2025-12-19 12:13:27 - order_manager - INFO - Order 539509150 modified: SL 88124.72000, TP 0.00000
2025-12-19 12:13:32 - order_manager - INFO - [OK] SL UPDATE SUCCESS: Ticket=539509150 Symbol=BTCUSDm NewSL=88104.72000 OldSL=88124.72000
2025-12-19 12:13:32 - order_manager - INFO - Order 539509150 modified: SL 88104.72000, TP 0.00000
2025-12-19 12:14:02 - order_manager - INFO - mode=LIVE | symbol=DE30m | [ORDER_SENT] Sending order | Type: BUY | Volume: 0.01 | Price: 24211.70000 | SL: None (will be applied later)
2025-12-19 12:14:03 - order_manager - INFO - mode=LIVE | symbol=DE30m | ticket=539521602 | [ORDER_FILLED] FULL FILL | Type: BUY | Volume: 0.0100 (requested: 0.0100) | SL: 0.00000 | Entry Price: 24211.70000 (requested: 24211.70000) | Slippage: 0.00000
2025-12-19 12:14:03 - order_manager - INFO - [OK] SL UPDATE SUCCESS: Ticket=539521602 Symbol=DE30m NewSL=24209.10000 OldSL=0.00000
2025-12-19 12:14:03 - order_manager - INFO - Order 539521602 modified: SL 24209.10000, TP 0.00000
2025-12-19 12:14:05 - order_manager - WARNING - SL 24215.70000 too close to market (BID: 24214.20000, min allowed: 24214.19000, freeze_level: 0, stops_level: 0)
2025-12-19 12:14:06 - order_manager - WARNING - SL 24215.70000 too close to market (BID: 24214.20000, min allowed: 24214.19000, freeze_level: 0, stops_level: 0)
2025-12-19 12:14:08 - order_manager - WARNING - SL 24216.70000 too close to market (BID: 24213.40000, min allowed: 24213.39000, freeze_level: 0, stops_level: 0)
2025-12-19 12:14:44 - order_manager - WARNING - SL 24215.70000 too close to market (BID: 24214.30000, min allowed: 24214.29000, freeze_level: 0, stops_level: 0)
2025-12-19 12:14:45 - order_manager - WARNING - SL 24215.70000 too close to market (BID: 24214.30000, min allowed: 24214.29000, freeze_level: 0, stops_level: 0)
2025-12-19 12:14:47 - order_manager - WARNING - SL 24215.70000 too close to market (BID: 24215.30000, min allowed: 24215.29000, freeze_level: 0, stops_level: 0)
2025-12-19 12:14:50 - order_manager - WARNING - SL 24215.70000 too close to market (BID: 24214.70000, min allowed: 24214.69000, freeze_level: 0, stops_level: 0)
2025-12-19 12:14:54 - order_manager - WARNING - SL 24216.70000 too close to market (BID: 24213.80000, min allowed: 24213.79000, freeze_level: 0, stops_level: 0)
2025-12-19 12:15:06 - order_manager - WARNING - SL 24216.70000 too close to market (BID: 24216.30000, min allowed: 24216.29000, freeze_level: 0, stops_level: 0)
2025-12-19 12:15:09 - order_manager - WARNING - Modify order failed for ticket 539521602 (attempt 1/3): 10011 - . Retrying...
2025-12-19 12:15:09 - order_manager - WARNING - Modify order failed for ticket 539521602 (attempt 2/3): 10016 - Invalid stops. Retrying...
2025-12-19 12:15:10 - order_manager - ERROR - [ERROR] SL UPDATE FAILED: Ticket=539521602 Symbol=DE30m Code=10016 Reason=Invalid stops Attempts=3
2025-12-19 12:15:10 - order_manager - ERROR - Modify order failed for ticket 539521602 after 3 attempts: 10016 - Invalid stops
2025-12-19 12:15:10 - order_manager - WARNING - [FALLBACK] Attempting direct MT5 API call for ticket 539521602
2025-12-19 12:15:10 - order_manager - ERROR - [FALLBACK FAILED] Direct MT5 API call failed for ticket 539521602: 10016
2025-12-19 12:15:12 - order_manager - WARNING - SL 24216.70000 too close to market (BID: 24215.40000, min allowed: 24215.39000, freeze_level: 0, stops_level: 0)
2025-12-19 12:15:15 - order_manager - WARNING - SL 24216.70000 too close to market (BID: 24215.70000, min allowed: 24215.69000, freeze_level: 0, stops_level: 0)
2025-12-19 12:15:18 - order_manager - WARNING - SL 24216.70000 too close to market (BID: 24215.40000, min allowed: 24215.39000, freeze_level: 0, stops_level: 0)
2025-12-19 12:15:18 - order_manager - WARNING - SL 24218.40000 too close to market (BID: 24215.40000, min allowed: 24215.39000, freeze_level: 0, stops_level: 0)
2025-12-19 12:15:19 - order_manager - WARNING - SL 24215.70000 too close to market (BID: 24215.40000, min allowed: 24215.39000, freeze_level: 0, stops_level: 0)
2025-12-19 12:15:20 - order_manager - WARNING - SL 24215.70000 too close to market (BID: 24215.40000, min allowed: 24215.39000, freeze_level: 0, stops_level: 0)
2025-12-19 12:15:22 - order_manager - WARNING - SL 24215.70000 too close to market (BID: 24215.20000, min allowed: 24215.19000, freeze_level: 0, stops_level: 0)
2025-12-19 12:15:25 - order_manager - WARNING - SL 24215.70000 too close to market (BID: 24215.40000, min allowed: 24215.39000, freeze_level: 0, stops_level: 0)
2025-12-19 12:15:28 - order_manager - WARNING - SL 24215.70000 too close to market (BID: 24215.40000, min allowed: 24215.39000, freeze_level: 0, stops_level: 0)
2025-12-19 12:15:28 - order_manager - WARNING - SL 24217.60000 too close to market (BID: 24215.40000, min allowed: 24215.39000, freeze_level: 0, stops_level: 0)
2025-12-19 12:15:28 - order_manager - WARNING - SL 24215.70000 too close to market (BID: 24215.40000, min allowed: 24215.39000, freeze_level: 0, stops_level: 0)
2025-12-19 12:15:29 - order_manager - WARNING - SL 24215.70000 too close to market (BID: 24215.40000, min allowed: 24215.39000, freeze_level: 0, stops_level: 0)
2025-12-19 12:15:31 - order_manager - WARNING - SL 24215.70000 too close to market (BID: 24215.40000, min allowed: 24215.39000, freeze_level: 0, stops_level: 0)
2025-12-19 12:15:35 - order_manager - INFO - [OK] SL UPDATE SUCCESS: Ticket=539521602 Symbol=DE30m NewSL=24215.70000 OldSL=24209.10000
2025-12-19 12:15:35 - order_manager - INFO - Order 539521602 modified: SL 24215.70000, TP 0.00000
2025-12-19 12:15:39 - order_manager - WARNING - SL 24218.40000 too close to market (BID: 24217.50000, min allowed: 24217.49000, freeze_level: 0, stops_level: 0)
2025-12-19 12:15:40 - order_manager - WARNING - SL 24218.70000 too close to market (BID: 24218.30000, min allowed: 24218.29000, freeze_level: 0, stops_level: 0)
2025-12-19 12:15:41 - order_manager - WARNING - SL 24218.70000 too close to market (BID: 24218.30000, min allowed: 24218.29000, freeze_level: 0, stops_level: 0)
2025-12-19 12:15:43 - order_manager - WARNING - SL 24218.70000 too close to market (BID: 24218.60000, min allowed: 24218.59000, freeze_level: 0, stops_level: 0)
2025-12-19 12:15:46 - order_manager - WARNING - SL 24218.70000 too close to market (BID: 24217.70000, min allowed: 24217.69000, freeze_level: 0, stops_level: 0)
2025-12-19 12:15:49 - order_manager - WARNING - SL 24218.70000 too close to market (BID: 24218.10000, min allowed: 24218.09000, freeze_level: 0, stops_level: 0)
2025-12-19 12:15:49 - order_manager - WARNING - SL 24220.10000 too close to market (BID: 24218.10000, min allowed: 24218.09000, freeze_level: 0, stops_level: 0)
2025-12-19 12:15:50 - order_manager - INFO - [OK] SL UPDATE SUCCESS: Ticket=539521602 Symbol=DE30m NewSL=24217.70000 OldSL=24215.70000
2025-12-19 12:15:50 - order_manager - INFO - Order 539521602 modified: SL 24217.70000, TP 0.00000
2025-12-19 12:17:21 - order_manager - INFO - mode=LIVE | symbol=US30m | [ORDER_SENT] Sending order | Type: BUY | Volume: 0.01 | Price: 48029.40000 | SL: None (will be applied later)
2025-12-19 12:17:22 - order_manager - INFO - mode=LIVE | symbol=US30m | ticket=539542689 | [ORDER_FILLED] FULL FILL | Type: BUY | Volume: 0.0100 (requested: 0.0100) | SL: 0.00000 | Entry Price: 48029.40000 (requested: 48029.40000) | Slippage: 0.00000
2025-12-19 12:17:22 - order_manager - INFO - [OK] SL UPDATE SUCCESS: Ticket=539542689 Symbol=US30m NewSL=48026.50000 OldSL=0.00000
2025-12-19 12:17:22 - order_manager - INFO - Order 539542689 modified: SL 48026.50000, TP 0.00000
2025-12-19 12:17:22 - order_manager - INFO - mode=LIVE | symbol=US30_x10m | [ORDER_SENT] Sending order | Type: BUY | Volume: 0.01 | Price: 48029.40000 | SL: None (will be applied later)
2025-12-19 12:17:23 - order_manager - INFO - mode=LIVE | symbol=US30_x10m | ticket=539542760 | [ORDER_FILLED] FULL FILL | Type: BUY | Volume: 0.0100 (requested: 0.0100) | SL: 0.00000 | Entry Price: 48029.40000 (requested: 48029.40000) | Slippage: 0.00000
2025-12-19 12:17:24 - order_manager - INFO - [OK] SL UPDATE SUCCESS: Ticket=539542760 Symbol=US30_x10m NewSL=48026.50000 OldSL=0.00000
2025-12-19 12:17:24 - order_manager - INFO - Order 539542760 modified: SL 48026.50000, TP 0.00000
2025-12-19 12:19:04 - order_manager - INFO - mode=LIVE | symbol=USTECm | [ORDER_SENT] Sending order | Type: BUY | Volume: 0.01 | Price: 25115.46000 | SL: None (will be applied later)
2025-12-19 12:19:05 - order_manager - INFO - mode=LIVE | symbol=USTECm | ticket=539558175 | [ORDER_FILLED] FULL FILL | Type: BUY | Volume: 0.0100 (requested: 0.0100) | SL: 0.00000 | Entry Price: 25115.46000 (requested: 25115.46000) | Slippage: 0.00000
2025-12-19 12:19:05 - order_manager - INFO - [OK] SL UPDATE SUCCESS: Ticket=539558175 Symbol=USTECm NewSL=25114.59000 OldSL=0.00000
2025-12-19 12:19:05 - order_manager - INFO - Order 539558175 modified: SL 25114.59000, TP 0.00000
2025-12-19 12:20:45 - order_manager - INFO - mode=LIVE | symbol=DE30m | [ORDER_SENT] Sending order | Type: BUY | Volume: 0.01 | Price: 24213.80000 | SL: None (will be applied later)
2025-12-19 12:20:46 - order_manager - INFO - mode=LIVE | symbol=DE30m | ticket=539568919 | [ORDER_FILLED] FULL FILL | Type: BUY | Volume: 0.0100 (requested: 0.0100) | SL: 0.00000 | Entry Price: 24213.80000 (requested: 24213.80000) | Slippage: 0.00000
2025-12-19 12:20:46 - order_manager - INFO - mode=LIVE | symbol=BTCXAUm | [ORDER_SENT] Sending order | Type: SELL | Volume: 0.01 | Price: 20.35882 | SL: None (will be applied later)
2025-12-19 12:20:46 - order_manager - INFO - mode=LIVE | symbol=BTCXAUm | ticket=539568946 | [ORDER_FILLED] FULL FILL | Type: SELL | Volume: 0.0100 (requested: 0.0100) | SL: 0.00000 | Entry Price: 20.35882 (requested: 20.35882) | Slippage: 0.00000
2025-12-19 12:20:46 - order_manager - INFO - [OK] SL UPDATE SUCCESS: Ticket=539568919 Symbol=DE30m NewSL=24211.20000 OldSL=0.00000
2025-12-19 12:20:46 - order_manager - INFO - Order 539568919 modified: SL 24211.20000, TP 0.00000
2025-12-19 12:20:47 - order_manager - INFO - mode=LIVE | symbol=US30m | [ORDER_SENT] Sending order | Type: BUY | Volume: 0.01 | Price: 48010.20000 | SL: None (will be applied later)
2025-12-19 12:20:47 - order_manager - INFO - mode=LIVE | symbol=US30m | ticket=539568988 | [ORDER_FILLED] FULL FILL | Type: BUY | Volume: 0.0100 (requested: 0.0100) | SL: 0.00000 | Entry Price: 48010.20000 (requested: 48010.20000) | Slippage: 0.00000
2025-12-19 12:20:47 - order_manager - INFO - [OK] SL UPDATE SUCCESS: Ticket=539568946 Symbol=BTCXAUm NewSL=20.40507 OldSL=0.00000
2025-12-19 12:20:47 - order_manager - INFO - Order 539568946 modified: SL 20.40507, TP 0.00000
2025-12-19 12:20:48 - order_manager - INFO - [OK] SL UPDATE SUCCESS: Ticket=539568988 Symbol=US30m NewSL=48007.10000 OldSL=0.00000
2025-12-19 12:20:48 - order_manager - INFO - Order 539568988 modified: SL 48007.10000, TP 0.00000
2025-12-19 12:20:54 - order_manager - WARNING - SL 11.35882 too close to market (ASK: 20.35677, min allowed: 20.35677, freeze_level: 0, stops_level: 0)
2025-12-19 12:20:55 - order_manager - WARNING - SL 11.35882 too close to market (ASK: 20.35792, min allowed: 20.35792, freeze_level: 0, stops_level: 0)
2025-12-19 12:20:57 - order_manager - WARNING - SL 11.35882 too close to market (ASK: 20.35792, min allowed: 20.35792, freeze_level: 0, stops_level: 0)
2025-12-19 12:21:18 - order_manager - WARNING - SL 14.35882 too close to market (ASK: 20.35729, min allowed: 20.35729, freeze_level: 0, stops_level: 0)
2025-12-19 12:21:19 - order_manager - WARNING - SL 14.35882 too close to market (ASK: 20.35729, min allowed: 20.35729, freeze_level: 0, stops_level: 0)
2025-12-19 12:21:21 - order_manager - WARNING - SL 14.35882 too close to market (ASK: 20.35729, min allowed: 20.35729, freeze_level: 0, stops_level: 0)
2025-12-19 12:21:24 - order_manager - WARNING - SL 14.35882 too close to market (ASK: 20.35679, min allowed: 20.35679, freeze_level: 0, stops_level: 0)
2025-12-19 12:21:27 - order_manager - WARNING - SL 14.35882 too close to market (ASK: 20.35679, min allowed: 20.35679, freeze_level: 0, stops_level: 0)
2025-12-19 12:21:33 - order_manager - WARNING - SL 15.35882 too close to market (ASK: 20.35767, min allowed: 20.35767, freeze_level: 0, stops_level: 0)
2025-12-19 12:22:23 - order_manager - WARNING - SL 11.35882 too close to market (ASK: 20.35640, min allowed: 20.35640, freeze_level: 0, stops_level: 0)
2025-12-19 12:22:25 - order_manager - WARNING - SL 11.35882 too close to market (ASK: 20.35640, min allowed: 20.35640, freeze_level: 0, stops_level: 0)
2025-12-19 12:22:27 - order_manager - WARNING - SL 11.35882 too close to market (ASK: 20.35596, min allowed: 20.35596, freeze_level: 0, stops_level: 0)
2025-12-19 12:22:30 - order_manager - WARNING - SL 11.35882 too close to market (ASK: 20.35596, min allowed: 20.35596, freeze_level: 0, stops_level: 0)
2025-12-19 12:22:33 - order_manager - WARNING - SL 11.35882 too close to market (ASK: 20.35422, min allowed: 20.35422, freeze_level: 0, stops_level: 0)
2025-12-19 12:22:35 - order_manager - WARNING - SL 15.35882 too close to market (ASK: 20.35758, min allowed: 20.35758, freeze_level: 0, stops_level: 0)
2025-12-19 12:22:38 - order_manager - WARNING - SL 12.35882 too close to market (ASK: 20.35680, min allowed: 20.35680, freeze_level: 0, stops_level: 0)
2025-12-19 12:22:39 - order_manager - WARNING - SL 12.35882 too close to market (ASK: 20.35509, min allowed: 20.35509, freeze_level: 0, stops_level: 0)
2025-12-19 12:22:41 - order_manager - WARNING - SL 12.35882 too close to market (ASK: 20.35509, min allowed: 20.35509, freeze_level: 0, stops_level: 0)
2025-12-19 12:22:44 - order_manager - WARNING - SL 12.35882 too close to market (ASK: 20.35342, min allowed: 20.35342, freeze_level: 0, stops_level: 0)
2025-12-19 12:22:47 - order_manager - WARNING - SL 12.35882 too close to market (ASK: 20.35172, min allowed: 20.35172, freeze_level: 0, stops_level: 0)
2025-12-19 12:26:21 - order_manager - WARNING - SL 17.35882 too close to market (ASK: 20.35821, min allowed: 20.35821, freeze_level: 0, stops_level: 0)
2025-12-19 12:26:22 - order_manager - WARNING - SL 17.35882 too close to market (ASK: 20.35531, min allowed: 20.35531, freeze_level: 0, stops_level: 0)
2025-12-19 12:26:24 - order_manager - WARNING - SL 17.35882 too close to market (ASK: 20.35531, min allowed: 20.35531, freeze_level: 0, stops_level: 0)
2025-12-19 12:26:27 - order_manager - WARNING - SL 17.35882 too close to market (ASK: 20.35365, min allowed: 20.35365, freeze_level: 0, stops_level: 0)
2025-12-19 12:26:30 - order_manager - WARNING - SL 17.35882 too close to market (ASK: 20.35525, min allowed: 20.35525, freeze_level: 0, stops_level: 0)
2025-12-19 12:34:33 - order_manager - WARNING - SL 17.35882 too close to market (ASK: 20.35788, min allowed: 20.35788, freeze_level: 0, stops_level: 0)
2025-12-19 12:34:34 - order_manager - WARNING - SL 17.35882 too close to market (ASK: 20.35788, min allowed: 20.35788, freeze_level: 0, stops_level: 0)
2025-12-19 12:34:36 - order_manager - WARNING - SL 17.35882 too close to market (ASK: 20.35452, min allowed: 20.35452, freeze_level: 0, stops_level: 0)
2025-12-19 12:34:39 - order_manager - WARNING - SL 17.35882 too close to market (ASK: 20.35452, min allowed: 20.35452, freeze_level: 0, stops_level: 0)
2025-12-19 12:34:42 - order_manager - WARNING - SL 17.35882 too close to market (ASK: 20.34670, min allowed: 20.34670, freeze_level: 0, stops_level: 0)
2025-12-19 12:46:07 - order_manager - WARNING - SL 12.35882 too close to market (ASK: 20.35672, min allowed: 20.35672, freeze_level: 0, stops_level: 0)
2025-12-19 12:46:08 - order_manager - WARNING - SL 12.35882 too close to market (ASK: 20.35672, min allowed: 20.35672, freeze_level: 0, stops_level: 0)
2025-12-19 12:46:25 - order_manager - WARNING - SL 13.35882 too close to market (ASK: 20.35687, min allowed: 20.35687, freeze_level: 0, stops_level: 0)
2025-12-19 12:46:26 - order_manager - WARNING - SL 13.35882 too close to market (ASK: 20.35687, min allowed: 20.35687, freeze_level: 0, stops_level: 0)
2025-12-19 12:46:28 - order_manager - WARNING - SL 13.35882 too close to market (ASK: 20.35687, min allowed: 20.35687, freeze_level: 0, stops_level: 0)
2025-12-19 12:47:02 - order_manager - WARNING - SL 12.35882 too close to market (ASK: 20.35672, min allowed: 20.35672, freeze_level: 0, stops_level: 0)
2025-12-19 12:47:03 - order_manager - WARNING - SL 12.35882 too close to market (ASK: 20.35672, min allowed: 20.35672, freeze_level: 0, stops_level: 0)
2025-12-19 12:47:05 - order_manager - WARNING - SL 12.35882 too close to market (ASK: 20.35672, min allowed: 20.35672, freeze_level: 0, stops_level: 0)
2025-12-19 12:47:08 - order_manager - WARNING - SL 12.35882 too close to market (ASK: 20.35532, min allowed: 20.35532, freeze_level: 0, stops_level: 0)
2025-12-19 12:47:11 - order_manager - WARNING - SL 12.35882 too close to market (ASK: 20.35802, min allowed: 20.35802, freeze_level: 0, stops_level: 0)
2025-12-19 12:47:12 - order_manager - WARNING - SL 17.35882 too close to market (ASK: 20.35802, min allowed: 20.35802, freeze_level: 0, stops_level: 0)
2025-12-19 12:47:14 - order_manager - WARNING - SL 17.35882 too close to market (ASK: 20.35802, min allowed: 20.35802, freeze_level: 0, stops_level: 0)
2025-12-19 12:47:37 - order_manager - WARNING - SL 13.35882 too close to market (ASK: 20.35699, min allowed: 20.35699, freeze_level: 0, stops_level: 0)
2025-12-19 12:47:38 - order_manager - WARNING - SL 13.35882 too close to market (ASK: 20.35699, min allowed: 20.35699, freeze_level: 0, stops_level: 0)
2025-12-19 12:47:41 - order_manager - WARNING - SL 13.35882 too close to market (ASK: 20.35699, min allowed: 20.35699, freeze_level: 0, stops_level: 0)
2025-12-19 12:47:44 - order_manager - WARNING - SL 13.35882 too close to market (ASK: 20.35317, min allowed: 20.35317, freeze_level: 0, stops_level: 0)
2025-12-19 12:47:47 - order_manager - WARNING - SL 13.35882 too close to market (ASK: 20.35317, min allowed: 20.35317, freeze_level: 0, stops_level: 0)
2025-12-19 12:48:07 - order_manager - WARNING - SL 13.35882 too close to market (ASK: 20.35695, min allowed: 20.35695, freeze_level: 0, stops_level: 0)
2025-12-19 12:48:08 - order_manager - WARNING - SL 13.35882 too close to market (ASK: 20.35695, min allowed: 20.35695, freeze_level: 0, stops_level: 0)
2025-12-19 12:50:57 - order_manager - INFO - [OK] SL UPDATE SUCCESS: Ticket=539568946 Symbol=BTCXAUm NewSL=20.35420 OldSL=20.40507
2025-12-19 12:50:57 - order_manager - INFO - Order 539568946 modified: SL 20.35420, TP 0.00000
2025-12-19 12:50:58 - order_manager - INFO - [OK] SL UPDATE SUCCESS: Ticket=539568946 Symbol=BTCXAUm NewSL=20.35188 OldSL=20.35420
2025-12-19 12:50:58 - order_manager - INFO - Order 539568946 modified: SL 20.35188, TP 0.00000
2025-12-19 12:53:56 - order_manager - INFO - mode=LIVE | symbol=DE30m | [ORDER_SENT] Sending order | Type: SELL | Volume: 0.01 | Price: 24241.40000 | SL: None (will be applied later)
2025-12-19 12:53:56 - order_manager - INFO - mode=LIVE | symbol=DE30m | ticket=539785545 | [ORDER_FILLED] FULL FILL | Type: SELL | Volume: 0.0100 (requested: 0.0100) | SL: 0.00000 | Entry Price: 24241.40000 (requested: 24241.40000) | Slippage: 0.00000
2025-12-19 12:53:57 - order_manager - INFO - [OK] SL UPDATE SUCCESS: Ticket=539785545 Symbol=DE30m NewSL=24412.20000 OldSL=0.00000
2025-12-19 12:53:57 - order_manager - INFO - Order 539785545 modified: SL 24412.20000, TP 0.00000
2025-12-19 12:54:33 - order_manager - WARNING - SL 24236.40000 too close to market (ASK: 24237.30000, min allowed: 24237.31000, freeze_level: 0, stops_level: 0)
2025-12-19 12:54:34 - order_manager - WARNING - SL 24236.40000 too close to market (ASK: 24237.80000, min allowed: 24237.81000, freeze_level: 0, stops_level: 0)
2025-12-19 12:54:36 - order_manager - WARNING - SL 24236.40000 too close to market (ASK: 24237.80000, min allowed: 24237.81000, freeze_level: 0, stops_level: 0)
2025-12-19 12:54:39 - order_manager - WARNING - SL 24236.40000 too close to market (ASK: 24237.80000, min allowed: 24237.81000, freeze_level: 0, stops_level: 0)
2025-12-19 12:54:42 - order_manager - WARNING - SL 24236.40000 too close to market (ASK: 24237.80000, min allowed: 24237.81000, freeze_level: 0, stops_level: 0)
2025-12-19 12:54:42 - order_manager - INFO - [OK] SL UPDATE SUCCESS: Ticket=539785545 Symbol=DE30m NewSL=24238.30000 OldSL=24412.20000
2025-12-19 12:54:42 - order_manager - INFO - Order 539785545 modified: SL 24238.30000, TP 0.00000
2025-12-19 12:54:43 - order_manager - WARNING - SL 24236.40000 too close to market (ASK: 24237.80000, min allowed: 24237.81000, freeze_level: 0, stops_level: 0)
2025-12-19 12:54:44 - order_manager - WARNING - SL 24236.40000 too close to market (ASK: 24237.80000, min allowed: 24237.81000, freeze_level: 0, stops_level: 0)
2025-12-19 12:55:35 - order_manager - INFO - mode=LIVE | symbol=BTCUSDm | [ORDER_SENT] Sending order | Type: BUY | Volume: 0.01 | Price: 87889.46000 | SL: None (will be applied later)
2025-12-19 12:55:35 - order_manager - INFO - mode=LIVE | symbol=BTCUSDm | ticket=539796358 | [ORDER_FILLED] FULL FILL | Type: BUY | Volume: 0.0100 (requested: 0.0100) | SL: 0.00000 | Entry Price: 87889.46000 (requested: 87889.46000) | Slippage: 0.00000
2025-12-19 12:55:36 - order_manager - INFO - [OK] SL UPDATE SUCCESS: Ticket=539796358 Symbol=BTCUSDm NewSL=87850.15000 OldSL=0.00000
2025-12-19 12:55:36 - order_manager - INFO - Order 539796358 modified: SL 87850.15000, TP 0.00000
2025-12-19 12:55:37 - order_manager - INFO - [OK] SL UPDATE SUCCESS: Ticket=539796358 Symbol=BTCUSDm NewSL=87865.11000 OldSL=87850.15000
2025-12-19 12:55:37 - order_manager - INFO - Order 539796358 modified: SL 87865.11000, TP 0.00000
2025-12-19 12:55:38 - order_manager - INFO - [OK] SL UPDATE SUCCESS: Ticket=539796358 Symbol=BTCUSDm NewSL=87884.28000 OldSL=87865.11000
2025-12-19 12:55:38 - order_manager - INFO - Order 539796358 modified: SL 87884.28000, TP 0.00000
2025-12-19 12:55:44 - order_manager - INFO - [OK] SL UPDATE SUCCESS: Ticket=539796358 Symbol=BTCUSDm NewSL=87886.94000 OldSL=87884.28000
2025-12-19 12:55:44 - order_manager - INFO - Order 539796358 modified: SL 87886.94000, TP 0.00000
2025-12-19 12:58:53 - order_manager - INFO - mode=LIVE | symbol=BTCUSDm | [ORDER_SENT] Sending order | Type: BUY | Volume: 0.01 | Price: 87890.68000 | SL: None (will be applied later)
2025-12-19 12:58:53 - order_manager - INFO - mode=LIVE | symbol=BTCUSDm | ticket=539820661 | [ORDER_FILLED] FULL FILL | Type: BUY | Volume: 0.0100 (requested: 0.0100) | SL: 0.00000 | Entry Price: 87890.68000 (requested: 87890.68000) | Slippage: 0.00000
2025-12-19 12:58:54 - order_manager - INFO - [OK] SL UPDATE SUCCESS: Ticket=539820661 Symbol=BTCUSDm NewSL=87872.58000 OldSL=0.00000
2025-12-19 12:58:54 - order_manager - INFO - Order 539820661 modified: SL 87872.58000, TP 0.00000
2025-12-19 12:59:00 - order_manager - INFO - [OK] SL UPDATE SUCCESS: Ticket=539820661 Symbol=BTCUSDm NewSL=87881.74000 OldSL=87872.58000
2025-12-19 12:59:00 - order_manager - INFO - Order 539820661 modified: SL 87881.74000, TP 0.00000
2025-12-19 12:59:02 - order_manager - INFO - [OK] SL UPDATE SUCCESS: Ticket=539820661 Symbol=BTCUSDm NewSL=87885.55000 OldSL=87881.74000
2025-12-19 12:59:02 - order_manager - INFO - Order 539820661 modified: SL 87885.55000, TP 0.00000
2025-12-19 13:05:30 - order_manager - INFO - mode=LIVE | symbol=BTCUSDm | [ORDER_SENT] Sending order | Type: BUY | Volume: 0.01 | Price: 87944.31000 | SL: None (will be applied later)
2025-12-19 13:05:30 - order_manager - INFO - mode=LIVE | symbol=BTCUSDm | ticket=539871390 | [ORDER_FILLED] FULL FILL | Type: BUY | Volume: 0.0100 (requested: 0.0100) | SL: 0.00000 | Entry Price: 87944.31000 (requested: 87944.31000) | Slippage: 0.00000
2025-12-19 13:05:31 - order_manager - INFO - [OK] SL UPDATE SUCCESS: Ticket=539871390 Symbol=BTCUSDm NewSL=87926.21000 OldSL=0.00000
2025-12-19 13:05:31 - order_manager - INFO - Order 539871390 modified: SL 87926.21000, TP 0.00000
2025-12-19 13:05:31 - order_manager - INFO - mode=LIVE | symbol=DE30m | [ORDER_SENT] Sending order | Type: BUY | Volume: 0.01 | Price: 24252.20000 | SL: None (will be applied later)
2025-12-19 13:05:31 - order_manager - INFO - mode=LIVE | symbol=DE30m | ticket=539871627 | [ORDER_FILLED] FULL FILL | Type: BUY | Volume: 0.0100 (requested: 0.0100) | SL: 0.00000 | Entry Price: 24252.20000 (requested: 24252.20000) | Slippage: 0.00000
2025-12-19 13:05:31 - order_manager - INFO - mode=LIVE | symbol=USTECm | [ORDER_SENT] Sending order | Type: BUY | Volume: 0.01 | Price: 25085.54000 | SL: None (will be applied later)
2025-12-19 13:05:32 - order_manager - INFO - mode=LIVE | symbol=USTECm | ticket=539871748 | [ORDER_FILLED] FULL FILL | Type: BUY | Volume: 0.0100 (requested: 0.0100) | SL: 0.00000 | Entry Price: 25085.54000 (requested: 25085.54000) | Slippage: 0.00000
2025-12-19 13:05:33 - order_manager - INFO - [OK] SL UPDATE SUCCESS: Ticket=539871390 Symbol=BTCUSDm NewSL=87927.80000 OldSL=87926.21000
2025-12-19 13:05:33 - order_manager - INFO - Order 539871390 modified: SL 87927.80000, TP 0.00000
2025-12-19 13:05:33 - order_manager - INFO - [OK] SL UPDATE SUCCESS: Ticket=539871627 Symbol=DE30m NewSL=24249.60000 OldSL=0.00000
2025-12-19 13:05:33 - order_manager - INFO - Order 539871627 modified: SL 24249.60000, TP 0.00000
2025-12-19 13:05:34 - order_manager - INFO - [OK] SL UPDATE SUCCESS: Ticket=539871748 Symbol=USTECm NewSL=25082.76000 OldSL=0.00000
2025-12-19 13:05:34 - order_manager - INFO - Order 539871748 modified: SL 25082.76000, TP 0.00000
2025-12-19 13:05:35 - order_manager - INFO - [OK] SL UPDATE SUCCESS: Ticket=539871748 Symbol=USTECm NewSL=25082.99000 OldSL=25082.76000
2025-12-19 13:05:35 - order_manager - INFO - Order 539871748 modified: SL 25082.99000, TP 0.00000
2025-12-19 13:05:39 - order_manager - WARNING - Modify order failed for ticket 539871748 (attempt 1/3): 10011 - . Retrying...
2025-12-19 13:05:39 - order_manager - WARNING - Position 539871748 no longer exists (may have been closed) - invalid request
