2025-12-12 19:39:17 - realtime_recon - INFO - Starting reconciliation - will run only at end of trading session
2025-12-12 19:39:18 - realtime_recon - INFO - Reconciliation session start time set to: 2025-12-12 19:39:16
2025-12-12 19:39:18 - realtime_recon - INFO - Starting reconciliation - will run only at end of trading session
2025-12-12 21:30:20 - realtime_recon - INFO - Session ending: Friday market close in 29.7 minutes
2025-12-12 21:30:20 - realtime_recon - INFO - Session ending detected - running reconciliation...
2025-12-12 21:30:20 - realtime_recon - INFO - Starting real-time reconciliation...
2025-12-12 21:30:20 - realtime_recon - INFO - Reconciliation complete: 0 matched, 0 status mismatches, 0 profit discrepancies, 16 only in broker, 0 only in bot
2025-12-12 21:30:20 - realtime_recon - INFO - End-of-session reconciliation report: logs/reports/realtime_reconciliation_20251212_213020.txt
2025-12-12 21:31:20 - realtime_recon - INFO - Session ending: Friday market close in 28.7 minutes
2025-12-12 21:31:20 - realtime_recon - INFO - Session ending detected - running reconciliation...
2025-12-12 21:31:20 - realtime_recon - INFO - Starting real-time reconciliation...
2025-12-12 21:31:20 - realtime_recon - INFO - Reconciliation complete: 0 matched, 0 status mismatches, 0 profit discrepancies, 16 only in broker, 0 only in bot
2025-12-12 21:31:20 - realtime_recon - INFO - End-of-session reconciliation report: logs/reports/realtime_reconciliation_20251212_213120.txt
2025-12-12 21:32:20 - realtime_recon - INFO - Session ending: Friday market close in 27.7 minutes
2025-12-12 21:32:20 - realtime_recon - INFO - Session ending detected - running reconciliation...
2025-12-12 21:32:20 - realtime_recon - INFO - Starting real-time reconciliation...
2025-12-12 21:32:20 - realtime_recon - INFO - Reconciliation complete: 0 matched, 0 status mismatches, 0 profit discrepancies, 16 only in broker, 0 only in bot
2025-12-12 21:32:20 - realtime_recon - INFO - End-of-session reconciliation report: logs/reports/realtime_reconciliation_20251212_213220.txt
2025-12-12 21:33:20 - realtime_recon - INFO - Session ending: Friday market close in 26.7 minutes
2025-12-12 21:33:20 - realtime_recon - INFO - Session ending detected - running reconciliation...
2025-12-12 21:33:20 - realtime_recon - INFO - Starting real-time reconciliation...
2025-12-12 21:33:23 - realtime_recon - INFO - Reconciliation complete: 0 matched, 0 status mismatches, 0 profit discrepancies, 16 only in broker, 0 only in bot
2025-12-12 21:33:23 - realtime_recon - INFO - End-of-session reconciliation report: logs/reports/realtime_reconciliation_20251212_213323.txt
2025-12-12 21:34:23 - realtime_recon - INFO - Session ending: Friday market close in 25.6 minutes
2025-12-12 21:34:23 - realtime_recon - INFO - Session ending detected - running reconciliation...
2025-12-12 21:34:23 - realtime_recon - INFO - Starting real-time reconciliation...
2025-12-12 21:34:23 - realtime_recon - INFO - Reconciliation complete: 0 matched, 0 status mismatches, 0 profit discrepancies, 16 only in broker, 0 only in bot
2025-12-12 21:34:23 - realtime_recon - INFO - End-of-session reconciliation report: logs/reports/realtime_reconciliation_20251212_213423.txt
2025-12-12 21:35:23 - realtime_recon - INFO - Session ending: Friday market close in 24.6 minutes
2025-12-12 21:35:23 - realtime_recon - INFO - Session ending detected - running reconciliation...
2025-12-12 21:35:23 - realtime_recon - INFO - Starting real-time reconciliation...
2025-12-12 21:35:23 - realtime_recon - INFO - Reconciliation complete: 0 matched, 0 status mismatches, 0 profit discrepancies, 16 only in broker, 0 only in bot
2025-12-12 21:35:23 - realtime_recon - INFO - End-of-session reconciliation report: logs/reports/realtime_reconciliation_20251212_213523.txt
2025-12-12 21:36:23 - realtime_recon - INFO - Session ending: Friday market close in 23.6 minutes
2025-12-12 21:36:23 - realtime_recon - INFO - Session ending detected - running reconciliation...
2025-12-12 21:36:23 - realtime_recon - INFO - Starting real-time reconciliation...
2025-12-12 21:36:23 - realtime_recon - INFO - Reconciliation complete: 0 matched, 0 status mismatches, 0 profit discrepancies, 16 only in broker, 0 only in bot
2025-12-12 21:36:23 - realtime_recon - INFO - End-of-session reconciliation report: logs/reports/realtime_reconciliation_20251212_213623.txt
2025-12-12 21:37:23 - realtime_recon - INFO - Session ending: Friday market close in 22.6 minutes
2025-12-12 21:37:23 - realtime_recon - INFO - Session ending detected - running reconciliation...
2025-12-12 21:37:23 - realtime_recon - INFO - Starting real-time reconciliation...
2025-12-12 21:37:23 - realtime_recon - INFO - Reconciliation complete: 0 matched, 0 status mismatches, 0 profit discrepancies, 16 only in broker, 0 only in bot
2025-12-12 21:37:23 - realtime_recon - INFO - End-of-session reconciliation report: logs/reports/realtime_reconciliation_20251212_213723.txt
2025-12-12 21:38:23 - realtime_recon - INFO - Session ending: Friday market close in 21.6 minutes
2025-12-12 21:38:23 - realtime_recon - INFO - Session ending detected - running reconciliation...
2025-12-12 21:38:23 - realtime_recon - INFO - Starting real-time reconciliation...
2025-12-12 21:38:23 - realtime_recon - INFO - Reconciliation complete: 0 matched, 0 status mismatches, 0 profit discrepancies, 16 only in broker, 0 only in bot
2025-12-12 21:38:23 - realtime_recon - INFO - End-of-session reconciliation report: logs/reports/realtime_reconciliation_20251212_213823.txt
2025-12-12 21:39:23 - realtime_recon - INFO - Session ending: Friday market close in 20.6 minutes
2025-12-12 21:39:23 - realtime_recon - INFO - Session ending detected - running reconciliation...
2025-12-12 21:39:23 - realtime_recon - INFO - Starting real-time reconciliation...
2025-12-12 21:39:23 - realtime_recon - INFO - Reconciliation complete: 0 matched, 0 status mismatches, 0 profit discrepancies, 16 only in broker, 0 only in bot
2025-12-12 21:39:23 - realtime_recon - INFO - End-of-session reconciliation report: logs/reports/realtime_reconciliation_20251212_213923.txt
2025-12-12 21:40:23 - realtime_recon - INFO - Session ending: Friday market close in 19.6 minutes
2025-12-12 21:40:23 - realtime_recon - INFO - Session ending detected - running reconciliation...
2025-12-12 21:40:23 - realtime_recon - INFO - Starting real-time reconciliation...
2025-12-12 21:40:23 - realtime_recon - INFO - Reconciliation complete: 0 matched, 0 status mismatches, 0 profit discrepancies, 16 only in broker, 0 only in bot
2025-12-12 21:40:23 - realtime_recon - INFO - End-of-session reconciliation report: logs/reports/realtime_reconciliation_20251212_214023.txt
2025-12-12 21:41:23 - realtime_recon - INFO - Session ending: Friday market close in 18.6 minutes
2025-12-12 21:41:23 - realtime_recon - INFO - Session ending detected - running reconciliation...
2025-12-12 21:41:23 - realtime_recon - INFO - Starting real-time reconciliation...
2025-12-12 21:41:23 - realtime_recon - INFO - Reconciliation complete: 0 matched, 0 status mismatches, 0 profit discrepancies, 16 only in broker, 0 only in bot
2025-12-12 21:41:23 - realtime_recon - INFO - End-of-session reconciliation report: logs/reports/realtime_reconciliation_20251212_214123.txt
2025-12-12 21:42:23 - realtime_recon - INFO - Session ending: Friday market close in 17.6 minutes
2025-12-12 21:42:23 - realtime_recon - INFO - Session ending detected - running reconciliation...
2025-12-12 21:42:23 - realtime_recon - INFO - Starting real-time reconciliation...
2025-12-12 21:42:23 - realtime_recon - INFO - Reconciliation complete: 0 matched, 0 status mismatches, 0 profit discrepancies, 16 only in broker, 0 only in bot
2025-12-12 21:42:23 - realtime_recon - INFO - End-of-session reconciliation report: logs/reports/realtime_reconciliation_20251212_214223.txt
2025-12-12 21:43:23 - realtime_recon - INFO - Session ending: Friday market close in 16.6 minutes
2025-12-12 21:43:23 - realtime_recon - INFO - Session ending detected - running reconciliation...
2025-12-12 21:43:23 - realtime_recon - INFO - Starting real-time reconciliation...
2025-12-12 21:43:23 - realtime_recon - INFO - Reconciliation complete: 0 matched, 0 status mismatches, 0 profit discrepancies, 16 only in broker, 0 only in bot
2025-12-12 21:43:23 - realtime_recon - INFO - End-of-session reconciliation report: logs/reports/realtime_reconciliation_20251212_214323.txt
2025-12-12 21:44:23 - realtime_recon - INFO - Session ending: Friday market close in 15.6 minutes
2025-12-12 21:44:23 - realtime_recon - INFO - Session ending detected - running reconciliation...
2025-12-12 21:44:23 - realtime_recon - INFO - Starting real-time reconciliation...
2025-12-12 21:44:23 - realtime_recon - INFO - Reconciliation complete: 0 matched, 0 status mismatches, 0 profit discrepancies, 16 only in broker, 0 only in bot
2025-12-12 21:44:23 - realtime_recon - INFO - End-of-session reconciliation report: logs/reports/realtime_reconciliation_20251212_214423.txt
2025-12-12 21:45:23 - realtime_recon - INFO - Session ending: Friday market close in 14.6 minutes
2025-12-12 21:45:23 - realtime_recon - INFO - Session ending detected - running reconciliation...
2025-12-12 21:45:23 - realtime_recon - INFO - Starting real-time reconciliation...
2025-12-12 21:45:23 - realtime_recon - INFO - Reconciliation complete: 0 matched, 0 status mismatches, 0 profit discrepancies, 16 only in broker, 0 only in bot
2025-12-12 21:45:23 - realtime_recon - INFO - End-of-session reconciliation report: logs/reports/realtime_reconciliation_20251212_214523.txt
2025-12-12 21:46:23 - realtime_recon - INFO - Session ending: Friday market close in 13.6 minutes
2025-12-12 21:46:23 - realtime_recon - INFO - Session ending detected - running reconciliation...
2025-12-12 21:46:23 - realtime_recon - INFO - Starting real-time reconciliation...
2025-12-12 21:46:23 - realtime_recon - INFO - Reconciliation complete: 0 matched, 0 status mismatches, 0 profit discrepancies, 16 only in broker, 0 only in bot
2025-12-12 21:46:23 - realtime_recon - INFO - End-of-session reconciliation report: logs/reports/realtime_reconciliation_20251212_214623.txt
2025-12-12 21:47:23 - realtime_recon - INFO - Session ending: Friday market close in 12.6 minutes
2025-12-12 21:47:23 - realtime_recon - INFO - Session ending detected - running reconciliation...
2025-12-12 21:47:23 - realtime_recon - INFO - Starting real-time reconciliation...
2025-12-12 21:47:23 - realtime_recon - INFO - Reconciliation complete: 0 matched, 0 status mismatches, 0 profit discrepancies, 16 only in broker, 0 only in bot
2025-12-12 21:47:23 - realtime_recon - INFO - End-of-session reconciliation report: logs/reports/realtime_reconciliation_20251212_214723.txt
2025-12-12 21:48:23 - realtime_recon - INFO - Session ending: Friday market close in 11.6 minutes
2025-12-12 21:48:23 - realtime_recon - INFO - Session ending detected - running reconciliation...
2025-12-12 21:48:23 - realtime_recon - INFO - Starting real-time reconciliation...
2025-12-12 21:48:23 - realtime_recon - INFO - Reconciliation complete: 0 matched, 0 status mismatches, 0 profit discrepancies, 16 only in broker, 0 only in bot
2025-12-12 21:48:23 - realtime_recon - INFO - End-of-session reconciliation report: logs/reports/realtime_reconciliation_20251212_214823.txt
2025-12-12 21:49:23 - realtime_recon - INFO - Session ending: Friday market close in 10.6 minutes
2025-12-12 21:49:23 - realtime_recon - INFO - Session ending detected - running reconciliation...
2025-12-12 21:49:23 - realtime_recon - INFO - Starting real-time reconciliation...
2025-12-12 21:49:23 - realtime_recon - INFO - Reconciliation complete: 0 matched, 0 status mismatches, 0 profit discrepancies, 16 only in broker, 0 only in bot
2025-12-12 21:49:23 - realtime_recon - INFO - End-of-session reconciliation report: logs/reports/realtime_reconciliation_20251212_214923.txt
2025-12-12 21:50:23 - realtime_recon - INFO - Session ending: Friday market close in 9.6 minutes
2025-12-12 21:50:23 - realtime_recon - INFO - Session ending detected - running reconciliation...
2025-12-12 21:50:23 - realtime_recon - INFO - Starting real-time reconciliation...
2025-12-12 21:50:24 - realtime_recon - INFO - Reconciliation complete: 0 matched, 0 status mismatches, 0 profit discrepancies, 16 only in broker, 0 only in bot
2025-12-12 21:50:24 - realtime_recon - INFO - End-of-session reconciliation report: logs/reports/realtime_reconciliation_20251212_215024.txt
2025-12-12 21:51:24 - realtime_recon - INFO - Session ending: Friday market close in 8.6 minutes
2025-12-12 21:51:24 - realtime_recon - INFO - Session ending detected - running reconciliation...
2025-12-12 21:51:24 - realtime_recon - INFO - Starting real-time reconciliation...
2025-12-12 21:51:24 - realtime_recon - INFO - Reconciliation complete: 0 matched, 0 status mismatches, 0 profit discrepancies, 16 only in broker, 0 only in bot
2025-12-12 21:51:24 - realtime_recon - INFO - End-of-session reconciliation report: logs/reports/realtime_reconciliation_20251212_215124.txt
2025-12-12 21:52:24 - realtime_recon - INFO - Session ending: Friday market close in 7.6 minutes
2025-12-12 21:52:24 - realtime_recon - INFO - Session ending detected - running reconciliation...
2025-12-12 21:52:24 - realtime_recon - INFO - Starting real-time reconciliation...
2025-12-12 21:52:24 - realtime_recon - INFO - Reconciliation complete: 0 matched, 0 status mismatches, 0 profit discrepancies, 16 only in broker, 0 only in bot
2025-12-12 21:52:24 - realtime_recon - INFO - End-of-session reconciliation report: logs/reports/realtime_reconciliation_20251212_215224.txt
2025-12-12 21:53:24 - realtime_recon - INFO - Session ending: Friday market close in 6.6 minutes
2025-12-12 21:53:24 - realtime_recon - INFO - Session ending detected - running reconciliation...
2025-12-12 21:53:24 - realtime_recon - INFO - Starting real-time reconciliation...
2025-12-12 21:53:24 - realtime_recon - INFO - Reconciliation complete: 0 matched, 0 status mismatches, 0 profit discrepancies, 16 only in broker, 0 only in bot
2025-12-12 21:53:25 - realtime_recon - INFO - End-of-session reconciliation report: logs/reports/realtime_reconciliation_20251212_215325.txt
2025-12-12 21:54:25 - realtime_recon - INFO - Session ending: Friday market close in 5.6 minutes
2025-12-12 21:54:25 - realtime_recon - INFO - Session ending detected - running reconciliation...
2025-12-12 21:54:25 - realtime_recon - INFO - Starting real-time reconciliation...
2025-12-12 21:54:25 - realtime_recon - INFO - Reconciliation complete: 0 matched, 0 status mismatches, 0 profit discrepancies, 16 only in broker, 0 only in bot
2025-12-12 21:54:25 - realtime_recon - INFO - End-of-session reconciliation report: logs/reports/realtime_reconciliation_20251212_215425.txt
2025-12-12 21:55:25 - realtime_recon - INFO - Session ending: Friday market close in 4.6 minutes
2025-12-12 21:55:25 - realtime_recon - INFO - Session ending detected - running reconciliation...
2025-12-12 21:55:25 - realtime_recon - INFO - Starting real-time reconciliation...
2025-12-12 21:55:25 - realtime_recon - INFO - Reconciliation complete: 0 matched, 0 status mismatches, 0 profit discrepancies, 16 only in broker, 0 only in bot
2025-12-12 21:55:25 - realtime_recon - INFO - End-of-session reconciliation report: logs/reports/realtime_reconciliation_20251212_215525.txt
2025-12-12 21:56:25 - realtime_recon - INFO - Session ending: Friday market close in 3.6 minutes
2025-12-12 21:56:25 - realtime_recon - INFO - Session ending detected - running reconciliation...
2025-12-12 21:56:25 - realtime_recon - INFO - Starting real-time reconciliation...
2025-12-12 21:56:25 - realtime_recon - INFO - Reconciliation complete: 0 matched, 0 status mismatches, 0 profit discrepancies, 16 only in broker, 0 only in bot
2025-12-12 21:56:25 - realtime_recon - INFO - End-of-session reconciliation report: logs/reports/realtime_reconciliation_20251212_215625.txt
2025-12-12 21:57:25 - realtime_recon - INFO - Session ending: Friday market close in 2.6 minutes
2025-12-12 21:57:25 - realtime_recon - INFO - Session ending detected - running reconciliation...
2025-12-12 21:57:25 - realtime_recon - INFO - Starting real-time reconciliation...
2025-12-12 21:57:25 - realtime_recon - INFO - Reconciliation complete: 0 matched, 0 status mismatches, 0 profit discrepancies, 16 only in broker, 0 only in bot
2025-12-12 21:57:25 - realtime_recon - INFO - End-of-session reconciliation report: logs/reports/realtime_reconciliation_20251212_215725.txt
2025-12-12 21:58:26 - realtime_recon - INFO - Session ending: Friday market close in 1.6 minutes
2025-12-12 21:58:26 - realtime_recon - INFO - Session ending detected - running reconciliation...
2025-12-12 21:58:26 - realtime_recon - INFO - Starting real-time reconciliation...
2025-12-12 21:58:26 - realtime_recon - INFO - Reconciliation complete: 0 matched, 0 status mismatches, 0 profit discrepancies, 16 only in broker, 0 only in bot
2025-12-12 21:58:26 - realtime_recon - INFO - End-of-session reconciliation report: logs/reports/realtime_reconciliation_20251212_215826.txt
2025-12-12 21:59:26 - realtime_recon - INFO - Session ending: Friday market close in 0.6 minutes
2025-12-12 21:59:26 - realtime_recon - INFO - Session ending detected - running reconciliation...
2025-12-12 21:59:26 - realtime_recon - INFO - Starting real-time reconciliation...
2025-12-12 21:59:26 - realtime_recon - INFO - Reconciliation complete: 0 matched, 0 status mismatches, 0 profit discrepancies, 16 only in broker, 0 only in bot
2025-12-12 21:59:26 - realtime_recon - INFO - End-of-session reconciliation report: logs/reports/realtime_reconciliation_20251212_215926.txt
