2025-12-19 12:06:53 - scheduler - INFO - Starting trading cycle
2025-12-19 12:06:53 - scheduler - INFO - mode=LIVE | [RUN_CYCLE] Cycle start timestamp: 2025-12-19 12:06:53.326
2025-12-19 12:07:29 - scheduler - INFO - mode=LIVE | [RUN_CYCLE] Cycle end timestamp: 2025-12-19 12:07:29.004 | Duration: 35.678s
2025-12-19 12:07:29 - scheduler - INFO - Trading cycle completed
2025-12-19 12:07:29 - scheduler - INFO - mode=LIVE | [RUN_CYCLE] Waiting 90s until next cycle
2025-12-19 12:08:59 - scheduler - INFO - mode=LIVE | [RUN_CYCLE] Sleep completed | Duration: 90.008s (target: 90s)
2025-12-19 12:08:59 - scheduler - INFO - Starting trading cycle
2025-12-19 12:08:59 - scheduler - INFO - mode=LIVE | [RUN_CYCLE] Cycle start timestamp: 2025-12-19 12:08:59.169
2025-12-19 12:09:09 - scheduler - INFO - mode=LIVE | [RUN_CYCLE] Cycle end timestamp: 2025-12-19 12:09:09.310 | Duration: 10.141s
2025-12-19 12:09:09 - scheduler - INFO - Trading cycle completed
2025-12-19 12:09:09 - scheduler - INFO - mode=LIVE | [RUN_CYCLE] Waiting 90s until next cycle
2025-12-19 12:10:39 - scheduler - INFO - mode=LIVE | [RUN_CYCLE] Sleep completed | Duration: 89.986s (target: 90s)
2025-12-19 12:10:39 - scheduler - INFO - Starting trading cycle
2025-12-19 12:10:39 - scheduler - INFO - mode=LIVE | [RUN_CYCLE] Cycle start timestamp: 2025-12-19 12:10:39.343
2025-12-19 12:10:45 - scheduler - INFO - mode=LIVE | [RUN_CYCLE] Cycle end timestamp: 2025-12-19 12:10:45.592 | Duration: 6.249s
2025-12-19 12:10:45 - scheduler - INFO - Trading cycle completed
2025-12-19 12:10:45 - scheduler - INFO - mode=LIVE | [RUN_CYCLE] Waiting 90s until next cycle
2025-12-19 12:12:15 - scheduler - INFO - mode=LIVE | [RUN_CYCLE] Sleep completed | Duration: 89.973s (target: 90s)
2025-12-19 12:12:15 - scheduler - INFO - Starting trading cycle
2025-12-19 12:12:15 - scheduler - INFO - mode=LIVE | [RUN_CYCLE] Cycle start timestamp: 2025-12-19 12:12:15.591
2025-12-19 12:12:21 - scheduler - INFO - mode=LIVE | [RUN_CYCLE] Cycle end timestamp: 2025-12-19 12:12:21.808 | Duration: 6.217s
2025-12-19 12:12:21 - scheduler - INFO - Trading cycle completed
2025-12-19 12:12:21 - scheduler - INFO - mode=LIVE | [RUN_CYCLE] Waiting 90s until next cycle
2025-12-19 12:13:51 - scheduler - INFO - mode=LIVE | [RUN_CYCLE] Sleep completed | Duration: 89.988s (target: 90s)
2025-12-19 12:13:51 - scheduler - INFO - Starting trading cycle
2025-12-19 12:13:51 - scheduler - INFO - mode=LIVE | [RUN_CYCLE] Cycle start timestamp: 2025-12-19 12:13:51.827
2025-12-19 12:14:03 - scheduler - INFO - mode=LIVE | [RUN_CYCLE] Cycle end timestamp: 2025-12-19 12:14:03.385 | Duration: 11.558s
2025-12-19 12:14:03 - scheduler - INFO - Trading cycle completed
2025-12-19 12:14:03 - scheduler - INFO - mode=LIVE | [RUN_CYCLE] Waiting 90s until next cycle
2025-12-19 12:15:33 - scheduler - INFO - mode=LIVE | [RUN_CYCLE] Sleep completed | Duration: 89.992s (target: 90s)
2025-12-19 12:15:33 - scheduler - INFO - Starting trading cycle
2025-12-19 12:15:33 - scheduler - INFO - mode=LIVE | [RUN_CYCLE] Cycle start timestamp: 2025-12-19 12:15:33.394
2025-12-19 12:15:42 - scheduler - INFO - mode=LIVE | [RUN_CYCLE] Cycle end timestamp: 2025-12-19 12:15:42.062 | Duration: 8.668s
2025-12-19 12:15:42 - scheduler - INFO - Trading cycle completed
2025-12-19 12:15:42 - scheduler - INFO - mode=LIVE | [RUN_CYCLE] Waiting 90s until next cycle
2025-12-19 12:17:12 - scheduler - INFO - mode=LIVE | [RUN_CYCLE] Sleep completed | Duration: 89.999s (target: 90s)
2025-12-19 12:17:12 - scheduler - INFO - Starting trading cycle
2025-12-19 12:17:12 - scheduler - INFO - mode=LIVE | [RUN_CYCLE] Cycle start timestamp: 2025-12-19 12:17:12.082
2025-12-19 12:17:23 - scheduler - INFO - mode=LIVE | [RUN_CYCLE] Cycle end timestamp: 2025-12-19 12:17:23.193 | Duration: 11.111s
2025-12-19 12:17:23 - scheduler - INFO - Trading cycle completed
2025-12-19 12:17:23 - scheduler - INFO - mode=LIVE | [RUN_CYCLE] Waiting 90s until next cycle
2025-12-19 12:18:53 - scheduler - INFO - mode=LIVE | [RUN_CYCLE] Sleep completed | Duration: 90.006s (target: 90s)
2025-12-19 12:18:53 - scheduler - INFO - Starting trading cycle
2025-12-19 12:18:53 - scheduler - INFO - mode=LIVE | [RUN_CYCLE] Cycle start timestamp: 2025-12-19 12:18:53.234
2025-12-19 12:19:05 - scheduler - INFO - mode=LIVE | [RUN_CYCLE] Cycle end timestamp: 2025-12-19 12:19:05.056 | Duration: 11.821s
2025-12-19 12:19:05 - scheduler - INFO - Trading cycle completed
2025-12-19 12:19:05 - scheduler - INFO - mode=LIVE | [RUN_CYCLE] Waiting 90s until next cycle
2025-12-19 12:20:35 - scheduler - INFO - mode=LIVE | [RUN_CYCLE] Sleep completed | Duration: 90.007s (target: 90s)
2025-12-19 12:20:35 - scheduler - INFO - Starting trading cycle
2025-12-19 12:20:35 - scheduler - INFO - mode=LIVE | [RUN_CYCLE] Cycle start timestamp: 2025-12-19 12:20:35.098
2025-12-19 12:20:47 - scheduler - INFO - mode=LIVE | [RUN_CYCLE] Cycle end timestamp: 2025-12-19 12:20:47.407 | Duration: 12.309s
2025-12-19 12:20:47 - scheduler - INFO - Trading cycle completed
2025-12-19 12:20:47 - scheduler - INFO - mode=LIVE | [RUN_CYCLE] Waiting 90s until next cycle
2025-12-19 12:22:17 - scheduler - INFO - mode=LIVE | [RUN_CYCLE] Sleep completed | Duration: 90.007s (target: 90s)
2025-12-19 12:22:17 - scheduler - INFO - Starting trading cycle
2025-12-19 12:22:17 - scheduler - INFO - mode=LIVE | [RUN_CYCLE] Cycle start timestamp: 2025-12-19 12:22:17.428
2025-12-19 12:22:26 - scheduler - INFO - mode=LIVE | [RUN_CYCLE] Cycle end timestamp: 2025-12-19 12:22:26.490 | Duration: 9.062s
2025-12-19 12:22:26 - scheduler - INFO - Trading cycle completed
2025-12-19 12:22:26 - scheduler - INFO - mode=LIVE | [RUN_CYCLE] Waiting 90s until next cycle
2025-12-19 12:23:56 - scheduler - INFO - mode=LIVE | [RUN_CYCLE] Sleep completed | Duration: 90.012s (target: 90s)
2025-12-19 12:23:56 - scheduler - INFO - Starting trading cycle
2025-12-19 12:23:56 - scheduler - INFO - mode=LIVE | [RUN_CYCLE] Cycle start timestamp: 2025-12-19 12:23:56.531
2025-12-19 12:24:07 - scheduler - INFO - mode=LIVE | [RUN_CYCLE] Cycle end timestamp: 2025-12-19 12:24:07.914 | Duration: 11.383s
2025-12-19 12:24:07 - scheduler - INFO - Trading cycle completed
2025-12-19 12:24:07 - scheduler - INFO - mode=LIVE | [RUN_CYCLE] Waiting 90s until next cycle
2025-12-19 12:25:38 - scheduler - INFO - mode=LIVE | [RUN_CYCLE] Sleep completed | Duration: 90.500s (target: 90s)
2025-12-19 12:25:38 - scheduler - INFO - Starting trading cycle
2025-12-19 12:25:38 - scheduler - INFO - mode=LIVE | [RUN_CYCLE] Cycle start timestamp: 2025-12-19 12:25:38.609
2025-12-19 12:25:48 - scheduler - INFO - mode=LIVE | [RUN_CYCLE] Cycle end timestamp: 2025-12-19 12:25:48.057 | Duration: 9.448s
2025-12-19 12:25:48 - scheduler - INFO - Trading cycle completed
2025-12-19 12:25:48 - scheduler - INFO - mode=LIVE | [RUN_CYCLE] Waiting 90s until next cycle
2025-12-19 12:27:18 - scheduler - INFO - mode=LIVE | [RUN_CYCLE] Sleep completed | Duration: 90.218s (target: 90s)
2025-12-19 12:27:18 - scheduler - INFO - Starting trading cycle
2025-12-19 12:27:18 - scheduler - INFO - mode=LIVE | [RUN_CYCLE] Cycle start timestamp: 2025-12-19 12:27:18.308
2025-12-19 12:27:29 - scheduler - INFO - mode=LIVE | [RUN_CYCLE] Cycle end timestamp: 2025-12-19 12:27:29.935 | Duration: 11.627s
2025-12-19 12:27:29 - scheduler - INFO - Trading cycle completed
2025-12-19 12:27:29 - scheduler - INFO - mode=LIVE | [RUN_CYCLE] Waiting 90s until next cycle
2025-12-19 12:29:00 - scheduler - INFO - mode=LIVE | [RUN_CYCLE] Sleep completed | Duration: 90.053s (target: 90s)
2025-12-19 12:29:00 - scheduler - INFO - Starting trading cycle
2025-12-19 12:29:00 - scheduler - INFO - mode=LIVE | [RUN_CYCLE] Cycle start timestamp: 2025-12-19 12:29:00.043
2025-12-19 12:29:10 - scheduler - INFO - mode=LIVE | [RUN_CYCLE] Cycle end timestamp: 2025-12-19 12:29:10.207 | Duration: 10.165s
2025-12-19 12:29:10 - scheduler - INFO - Trading cycle completed
2025-12-19 12:29:10 - scheduler - INFO - mode=LIVE | [RUN_CYCLE] Waiting 90s until next cycle
2025-12-19 12:30:40 - scheduler - INFO - mode=LIVE | [RUN_CYCLE] Sleep completed | Duration: 90.024s (target: 90s)
2025-12-19 12:30:40 - scheduler - INFO - Starting trading cycle
2025-12-19 12:30:40 - scheduler - INFO - mode=LIVE | [RUN_CYCLE] Cycle start timestamp: 2025-12-19 12:30:40.535
2025-12-19 12:30:49 - scheduler - INFO - mode=LIVE | [RUN_CYCLE] Cycle end timestamp: 2025-12-19 12:30:49.899 | Duration: 9.364s
2025-12-19 12:30:49 - scheduler - INFO - Trading cycle completed
2025-12-19 12:30:49 - scheduler - INFO - mode=LIVE | [RUN_CYCLE] Waiting 90s until next cycle
2025-12-19 12:32:19 - scheduler - INFO - mode=LIVE | [RUN_CYCLE] Sleep completed | Duration: 90.008s (target: 90s)
2025-12-19 12:32:19 - scheduler - INFO - Starting trading cycle
2025-12-19 12:32:19 - scheduler - INFO - mode=LIVE | [RUN_CYCLE] Cycle start timestamp: 2025-12-19 12:32:19.940
2025-12-19 12:32:28 - scheduler - INFO - mode=LIVE | [RUN_CYCLE] Cycle end timestamp: 2025-12-19 12:32:28.936 | Duration: 8.996s
2025-12-19 12:32:28 - scheduler - INFO - Trading cycle completed
2025-12-19 12:32:28 - scheduler - INFO - mode=LIVE | [RUN_CYCLE] Waiting 90s until next cycle
2025-12-19 12:33:58 - scheduler - INFO - mode=LIVE | [RUN_CYCLE] Sleep completed | Duration: 90.010s (target: 90s)
2025-12-19 12:33:58 - scheduler - INFO - Starting trading cycle
2025-12-19 12:33:59 - scheduler - INFO - mode=LIVE | [RUN_CYCLE] Cycle start timestamp: 2025-12-19 12:33:58.994
2025-12-19 12:34:09 - scheduler - INFO - mode=LIVE | [RUN_CYCLE] Cycle end timestamp: 2025-12-19 12:34:09.121 | Duration: 10.128s
2025-12-19 12:34:09 - scheduler - INFO - Trading cycle completed
2025-12-19 12:34:09 - scheduler - INFO - mode=LIVE | [RUN_CYCLE] Waiting 90s until next cycle
2025-12-19 12:35:39 - scheduler - INFO - mode=LIVE | [RUN_CYCLE] Sleep completed | Duration: 90.458s (target: 90s)
2025-12-19 12:35:39 - scheduler - INFO - Starting trading cycle
2025-12-19 12:35:39 - scheduler - INFO - mode=LIVE | [RUN_CYCLE] Cycle start timestamp: 2025-12-19 12:35:39.674
2025-12-19 12:35:48 - scheduler - INFO - mode=LIVE | [RUN_CYCLE] Cycle end timestamp: 2025-12-19 12:35:48.938 | Duration: 9.264s
2025-12-19 12:35:48 - scheduler - INFO - Trading cycle completed
2025-12-19 12:35:48 - scheduler - INFO - mode=LIVE | [RUN_CYCLE] Waiting 90s until next cycle
2025-12-19 12:37:18 - scheduler - INFO - mode=LIVE | [RUN_CYCLE] Sleep completed | Duration: 90.024s (target: 90s)
2025-12-19 12:37:19 - scheduler - INFO - Starting trading cycle
2025-12-19 12:37:19 - scheduler - INFO - mode=LIVE | [RUN_CYCLE] Cycle start timestamp: 2025-12-19 12:37:19.021
2025-12-19 12:37:28 - scheduler - INFO - mode=LIVE | [RUN_CYCLE] Cycle end timestamp: 2025-12-19 12:37:28.184 | Duration: 9.163s
2025-12-19 12:37:28 - scheduler - INFO - Trading cycle completed
2025-12-19 12:37:28 - scheduler - INFO - mode=LIVE | [RUN_CYCLE] Waiting 90s until next cycle
2025-12-19 12:38:58 - scheduler - INFO - mode=LIVE | [RUN_CYCLE] Sleep completed | Duration: 90.010s (target: 90s)
2025-12-19 12:38:58 - scheduler - INFO - Starting trading cycle
2025-12-19 12:38:58 - scheduler - INFO - mode=LIVE | [RUN_CYCLE] Cycle start timestamp: 2025-12-19 12:38:58.238
2025-12-19 12:39:07 - scheduler - INFO - mode=LIVE | [RUN_CYCLE] Cycle end timestamp: 2025-12-19 12:39:07.304 | Duration: 9.066s
2025-12-19 12:39:07 - scheduler - INFO - Trading cycle completed
2025-12-19 12:39:07 - scheduler - INFO - mode=LIVE | [RUN_CYCLE] Waiting 90s until next cycle
2025-12-19 12:40:37 - scheduler - INFO - mode=LIVE | [RUN_CYCLE] Sleep completed | Duration: 90.016s (target: 90s)
2025-12-19 12:40:37 - scheduler - INFO - Starting trading cycle
2025-12-19 12:40:37 - scheduler - INFO - mode=LIVE | [RUN_CYCLE] Cycle start timestamp: 2025-12-19 12:40:37.393
2025-12-19 12:40:46 - scheduler - INFO - mode=LIVE | [RUN_CYCLE] Cycle end timestamp: 2025-12-19 12:40:46.098 | Duration: 8.705s
2025-12-19 12:40:46 - scheduler - INFO - Trading cycle completed
2025-12-19 12:40:46 - scheduler - INFO - mode=LIVE | [RUN_CYCLE] Waiting 90s until next cycle
2025-12-19 12:42:16 - scheduler - INFO - mode=LIVE | [RUN_CYCLE] Sleep completed | Duration: 90.004s (target: 90s)
2025-12-19 12:42:16 - scheduler - INFO - Starting trading cycle
2025-12-19 12:42:16 - scheduler - INFO - mode=LIVE | [RUN_CYCLE] Cycle start timestamp: 2025-12-19 12:42:16.384
2025-12-19 12:42:25 - scheduler - INFO - mode=LIVE | [RUN_CYCLE] Cycle end timestamp: 2025-12-19 12:42:25.444 | Duration: 9.060s
2025-12-19 12:42:25 - scheduler - INFO - Trading cycle completed
2025-12-19 12:42:25 - scheduler - INFO - mode=LIVE | [RUN_CYCLE] Waiting 90s until next cycle
2025-12-19 12:43:55 - scheduler - INFO - mode=LIVE | [RUN_CYCLE] Sleep completed | Duration: 90.036s (target: 90s)
2025-12-19 12:43:55 - scheduler - INFO - Starting trading cycle
2025-12-19 12:43:55 - scheduler - INFO - mode=LIVE | [RUN_CYCLE] Cycle start timestamp: 2025-12-19 12:43:55.560
2025-12-19 12:44:05 - scheduler - INFO - mode=LIVE | [RUN_CYCLE] Cycle end timestamp: 2025-12-19 12:44:05.349 | Duration: 9.789s
2025-12-19 12:44:05 - scheduler - INFO - Trading cycle completed
2025-12-19 12:44:05 - scheduler - INFO - mode=LIVE | [RUN_CYCLE] Waiting 90s until next cycle
2025-12-19 12:45:35 - scheduler - INFO - mode=LIVE | [RUN_CYCLE] Sleep completed | Duration: 90.021s (target: 90s)
2025-12-19 12:45:35 - scheduler - INFO - Starting trading cycle
2025-12-19 12:45:35 - scheduler - INFO - mode=LIVE | [RUN_CYCLE] Cycle start timestamp: 2025-12-19 12:45:35.554
2025-12-19 12:45:43 - scheduler - INFO - mode=LIVE | [RUN_CYCLE] Cycle end timestamp: 2025-12-19 12:45:43.937 | Duration: 8.384s
2025-12-19 12:45:43 - scheduler - INFO - Trading cycle completed
2025-12-19 12:45:43 - scheduler - INFO - mode=LIVE | [RUN_CYCLE] Waiting 90s until next cycle
2025-12-19 12:47:13 - scheduler - INFO - mode=LIVE | [RUN_CYCLE] Sleep completed | Duration: 90.025s (target: 90s)
2025-12-19 12:47:14 - scheduler - INFO - Starting trading cycle
2025-12-19 12:47:14 - scheduler - INFO - mode=LIVE | [RUN_CYCLE] Cycle start timestamp: 2025-12-19 12:47:14.049
2025-12-19 12:47:22 - scheduler - INFO - mode=LIVE | [RUN_CYCLE] Cycle end timestamp: 2025-12-19 12:47:22.451 | Duration: 8.401s
2025-12-19 12:47:22 - scheduler - INFO - Trading cycle completed
2025-12-19 12:47:22 - scheduler - INFO - mode=LIVE | [RUN_CYCLE] Waiting 90s until next cycle
2025-12-19 12:48:52 - scheduler - INFO - mode=LIVE | [RUN_CYCLE] Sleep completed | Duration: 90.020s (target: 90s)
2025-12-19 12:48:52 - scheduler - INFO - Starting trading cycle
2025-12-19 12:48:52 - scheduler - INFO - mode=LIVE | [RUN_CYCLE] Cycle start timestamp: 2025-12-19 12:48:52.540
2025-12-19 12:49:01 - scheduler - INFO - mode=LIVE | [RUN_CYCLE] Cycle end timestamp: 2025-12-19 12:49:01.144 | Duration: 8.604s
2025-12-19 12:49:01 - scheduler - INFO - Trading cycle completed
2025-12-19 12:49:01 - scheduler - INFO - mode=LIVE | [RUN_CYCLE] Waiting 90s until next cycle
2025-12-19 12:50:31 - scheduler - INFO - mode=LIVE | [RUN_CYCLE] Sleep completed | Duration: 90.014s (target: 90s)
2025-12-19 12:50:31 - scheduler - INFO - Starting trading cycle
2025-12-19 12:50:31 - scheduler - INFO - mode=LIVE | [RUN_CYCLE] Cycle start timestamp: 2025-12-19 12:50:31.212
2025-12-19 12:50:38 - scheduler - INFO - mode=LIVE | [RUN_CYCLE] Cycle end timestamp: 2025-12-19 12:50:38.804 | Duration: 7.592s
2025-12-19 12:50:38 - scheduler - INFO - Trading cycle completed
2025-12-19 12:50:38 - scheduler - INFO - mode=LIVE | [RUN_CYCLE] Waiting 90s until next cycle
2025-12-19 12:52:08 - scheduler - INFO - mode=LIVE | [RUN_CYCLE] Sleep completed | Duration: 90.011s (target: 90s)
2025-12-19 12:52:08 - scheduler - INFO - Starting trading cycle
2025-12-19 12:52:08 - scheduler - INFO - mode=LIVE | [RUN_CYCLE] Cycle start timestamp: 2025-12-19 12:52:08.872
2025-12-19 12:52:17 - scheduler - INFO - mode=LIVE | [RUN_CYCLE] Cycle end timestamp: 2025-12-19 12:52:17.453 | Duration: 8.581s
2025-12-19 12:52:17 - scheduler - INFO - Trading cycle completed
2025-12-19 12:52:17 - scheduler - INFO - mode=LIVE | [RUN_CYCLE] Waiting 90s until next cycle
2025-12-19 12:53:47 - scheduler - INFO - mode=LIVE | [RUN_CYCLE] Sleep completed | Duration: 90.006s (target: 90s)
2025-12-19 12:53:47 - scheduler - INFO - Starting trading cycle
2025-12-19 12:53:47 - scheduler - INFO - mode=LIVE | [RUN_CYCLE] Cycle start timestamp: 2025-12-19 12:53:47.522
2025-12-19 12:53:56 - scheduler - INFO - mode=LIVE | [RUN_CYCLE] Cycle end timestamp: 2025-12-19 12:53:56.856 | Duration: 9.334s
2025-12-19 12:53:56 - scheduler - INFO - Trading cycle completed
2025-12-19 12:53:56 - scheduler - INFO - mode=LIVE | [RUN_CYCLE] Waiting 90s until next cycle
2025-12-19 12:55:26 - scheduler - INFO - mode=LIVE | [RUN_CYCLE] Sleep completed | Duration: 90.005s (target: 90s)
2025-12-19 12:55:26 - scheduler - INFO - Starting trading cycle
2025-12-19 12:55:26 - scheduler - INFO - mode=LIVE | [RUN_CYCLE] Cycle start timestamp: 2025-12-19 12:55:26.899
2025-12-19 12:55:35 - scheduler - INFO - mode=LIVE | [RUN_CYCLE] Cycle end timestamp: 2025-12-19 12:55:35.672 | Duration: 8.773s
2025-12-19 12:55:35 - scheduler - INFO - Trading cycle completed
2025-12-19 12:55:35 - scheduler - INFO - mode=LIVE | [RUN_CYCLE] Waiting 90s until next cycle
2025-12-19 12:57:05 - scheduler - INFO - mode=LIVE | [RUN_CYCLE] Sleep completed | Duration: 90.007s (target: 90s)
2025-12-19 12:57:05 - scheduler - INFO - Starting trading cycle
2025-12-19 12:57:05 - scheduler - INFO - mode=LIVE | [RUN_CYCLE] Cycle start timestamp: 2025-12-19 12:57:05.721
2025-12-19 12:57:14 - scheduler - INFO - mode=LIVE | [RUN_CYCLE] Cycle end timestamp: 2025-12-19 12:57:14.268 | Duration: 8.547s
2025-12-19 12:57:14 - scheduler - INFO - Trading cycle completed
2025-12-19 12:57:14 - scheduler - INFO - mode=LIVE | [RUN_CYCLE] Waiting 90s until next cycle
2025-12-19 12:58:44 - scheduler - INFO - mode=LIVE | [RUN_CYCLE] Sleep completed | Duration: 90.006s (target: 90s)
2025-12-19 12:58:44 - scheduler - INFO - Starting trading cycle
2025-12-19 12:58:44 - scheduler - INFO - mode=LIVE | [RUN_CYCLE] Cycle start timestamp: 2025-12-19 12:58:44.315
2025-12-19 12:58:54 - scheduler - INFO - mode=LIVE | [RUN_CYCLE] Cycle end timestamp: 2025-12-19 12:58:54.001 | Duration: 9.686s
2025-12-19 12:58:54 - scheduler - INFO - Trading cycle completed
2025-12-19 12:58:54 - scheduler - INFO - mode=LIVE | [RUN_CYCLE] Waiting 90s until next cycle
2025-12-19 13:00:24 - scheduler - INFO - mode=LIVE | [RUN_CYCLE] Sleep completed | Duration: 90.007s (target: 90s)
2025-12-19 13:00:24 - scheduler - INFO - Starting trading cycle
2025-12-19 13:00:24 - scheduler - INFO - mode=LIVE | [RUN_CYCLE] Cycle start timestamp: 2025-12-19 13:00:24.042
2025-12-19 13:00:32 - scheduler - INFO - mode=LIVE | [RUN_CYCLE] Cycle end timestamp: 2025-12-19 13:00:32.855 | Duration: 8.812s
2025-12-19 13:00:32 - scheduler - INFO - Trading cycle completed
2025-12-19 13:00:32 - scheduler - INFO - mode=LIVE | [RUN_CYCLE] Waiting 90s until next cycle
2025-12-19 13:02:02 - scheduler - INFO - mode=LIVE | [RUN_CYCLE] Sleep completed | Duration: 90.003s (target: 90s)
2025-12-19 13:02:02 - scheduler - INFO - Starting trading cycle
2025-12-19 13:02:02 - scheduler - INFO - mode=LIVE | [RUN_CYCLE] Cycle start timestamp: 2025-12-19 13:02:02.890
2025-12-19 13:02:11 - scheduler - INFO - mode=LIVE | [RUN_CYCLE] Cycle end timestamp: 2025-12-19 13:02:11.760 | Duration: 8.870s
2025-12-19 13:02:11 - scheduler - INFO - Trading cycle completed
2025-12-19 13:02:11 - scheduler - INFO - mode=LIVE | [RUN_CYCLE] Waiting 90s until next cycle
2025-12-19 13:03:41 - scheduler - INFO - mode=LIVE | [RUN_CYCLE] Sleep completed | Duration: 90.003s (target: 90s)
2025-12-19 13:03:41 - scheduler - INFO - Starting trading cycle
2025-12-19 13:03:41 - scheduler - INFO - mode=LIVE | [RUN_CYCLE] Cycle start timestamp: 2025-12-19 13:03:41.806
2025-12-19 13:03:50 - scheduler - INFO - mode=LIVE | [RUN_CYCLE] Cycle end timestamp: 2025-12-19 13:03:50.444 | Duration: 8.638s
2025-12-19 13:03:50 - scheduler - INFO - Trading cycle completed
2025-12-19 13:03:50 - scheduler - INFO - mode=LIVE | [RUN_CYCLE] Waiting 90s until next cycle
2025-12-19 13:05:20 - scheduler - INFO - mode=LIVE | [RUN_CYCLE] Sleep completed | Duration: 90.005s (target: 90s)
2025-12-19 13:05:20 - scheduler - INFO - Starting trading cycle
2025-12-19 13:05:20 - scheduler - INFO - mode=LIVE | [RUN_CYCLE] Cycle start timestamp: 2025-12-19 13:05:20.515
2025-12-19 13:05:32 - scheduler - INFO - mode=LIVE | [RUN_CYCLE] Cycle end timestamp: 2025-12-19 13:05:32.504 | Duration: 11.988s
2025-12-19 13:05:32 - scheduler - INFO - Trading cycle completed
2025-12-19 13:05:32 - scheduler - INFO - mode=LIVE | [RUN_CYCLE] Waiting 90s until next cycle
2025-12-19 13:07:02 - scheduler - INFO - mode=LIVE | [RUN_CYCLE] Sleep completed | Duration: 90.099s (target: 90s)
2025-12-19 13:07:02 - scheduler - INFO - Starting trading cycle
2025-12-19 13:07:02 - scheduler - INFO - mode=LIVE | [RUN_CYCLE] Cycle start timestamp: 2025-12-19 13:07:02.649
2025-12-19 13:07:12 - scheduler - INFO - mode=LIVE | [RUN_CYCLE] Cycle end timestamp: 2025-12-19 13:07:12.220 | Duration: 9.571s
2025-12-19 13:07:12 - scheduler - INFO - Trading cycle completed
2025-12-19 13:07:12 - scheduler - INFO - mode=LIVE | [RUN_CYCLE] Waiting 90s until next cycle
2025-12-19 13:08:42 - scheduler - INFO - mode=LIVE | [RUN_CYCLE] Sleep completed | Duration: 90.003s (target: 90s)
2025-12-19 13:08:42 - scheduler - INFO - Starting trading cycle
2025-12-19 13:08:42 - scheduler - INFO - mode=LIVE | [RUN_CYCLE] Cycle start timestamp: 2025-12-19 13:08:42.265
2025-12-19 13:08:51 - scheduler - INFO - mode=LIVE | [RUN_CYCLE] Cycle end timestamp: 2025-12-19 13:08:51.052 | Duration: 8.787s
2025-12-19 13:08:51 - scheduler - INFO - Trading cycle completed
2025-12-19 13:08:51 - scheduler - INFO - mode=LIVE | [RUN_CYCLE] Waiting 90s until next cycle
2025-12-19 13:10:21 - scheduler - INFO - mode=LIVE | [RUN_CYCLE] Sleep completed | Duration: 90.426s (target: 90s)
2025-12-19 13:10:21 - scheduler - INFO - Starting trading cycle
2025-12-19 13:10:21 - scheduler - INFO - mode=LIVE | [RUN_CYCLE] Cycle start timestamp: 2025-12-19 13:10:21.525
2025-12-19 13:10:31 - scheduler - INFO - mode=LIVE | [RUN_CYCLE] Cycle end timestamp: 2025-12-19 13:10:31.235 | Duration: 9.710s
2025-12-19 13:10:31 - scheduler - INFO - Trading cycle completed
2025-12-19 13:10:31 - scheduler - INFO - mode=LIVE | [RUN_CYCLE] Waiting 90s until next cycle
2025-12-19 13:12:01 - scheduler - INFO - mode=LIVE | [RUN_CYCLE] Sleep completed | Duration: 90.022s (target: 90s)
2025-12-19 13:12:01 - scheduler - INFO - Starting trading cycle
2025-12-19 13:12:01 - scheduler - INFO - mode=LIVE | [RUN_CYCLE] Cycle start timestamp: 2025-12-19 13:12:01.339
2025-12-19 13:12:12 - scheduler - INFO - mode=LIVE | [RUN_CYCLE] Cycle end timestamp: 2025-12-19 13:12:12.102 | Duration: 10.763s
2025-12-19 13:12:12 - scheduler - INFO - Trading cycle completed
2025-12-19 13:12:12 - scheduler - INFO - mode=LIVE | [RUN_CYCLE] Waiting 90s until next cycle
2025-12-19 13:13:42 - scheduler - INFO - mode=LIVE | [RUN_CYCLE] Sleep completed | Duration: 90.012s (target: 90s)
2025-12-19 13:13:42 - scheduler - INFO - Starting trading cycle
2025-12-19 13:13:42 - scheduler - INFO - mode=LIVE | [RUN_CYCLE] Cycle start timestamp: 2025-12-19 13:13:42.138
2025-12-19 13:13:52 - scheduler - INFO - mode=LIVE | [RUN_CYCLE] Cycle end timestamp: 2025-12-19 13:13:52.247 | Duration: 10.110s
2025-12-19 13:13:52 - scheduler - INFO - Trading cycle completed
2025-12-19 13:13:52 - scheduler - INFO - mode=LIVE | [RUN_CYCLE] Waiting 90s until next cycle
2025-12-19 13:15:22 - scheduler - INFO - mode=LIVE | [RUN_CYCLE] Sleep completed | Duration: 90.012s (target: 90s)
2025-12-19 13:15:22 - scheduler - INFO - Starting trading cycle
2025-12-19 13:15:22 - scheduler - INFO - mode=LIVE | [RUN_CYCLE] Cycle start timestamp: 2025-12-19 13:15:22.317
2025-12-19 13:15:32 - scheduler - INFO - mode=LIVE | [RUN_CYCLE] Cycle end timestamp: 2025-12-19 13:15:32.119 | Duration: 9.802s
2025-12-19 13:15:32 - scheduler - INFO - Trading cycle completed
2025-12-19 13:15:32 - scheduler - INFO - mode=LIVE | [RUN_CYCLE] Waiting 90s until next cycle
2025-12-19 13:17:02 - scheduler - INFO - mode=LIVE | [RUN_CYCLE] Sleep completed | Duration: 90.008s (target: 90s)
2025-12-19 13:17:02 - scheduler - INFO - Starting trading cycle
2025-12-19 13:17:02 - scheduler - INFO - mode=LIVE | [RUN_CYCLE] Cycle start timestamp: 2025-12-19 13:17:02.168
2025-12-19 13:17:11 - scheduler - INFO - mode=LIVE | [RUN_CYCLE] Cycle end timestamp: 2025-12-19 13:17:11.916 | Duration: 9.748s
2025-12-19 13:17:11 - scheduler - INFO - Trading cycle completed
2025-12-19 13:17:11 - scheduler - INFO - mode=LIVE | [RUN_CYCLE] Waiting 90s until next cycle
2025-12-19 13:18:41 - scheduler - INFO - mode=LIVE | [RUN_CYCLE] Sleep completed | Duration: 90.014s (target: 90s)
2025-12-19 13:18:41 - scheduler - INFO - Starting trading cycle
2025-12-19 13:18:41 - scheduler - INFO - mode=LIVE | [RUN_CYCLE] Cycle start timestamp: 2025-12-19 13:18:41.981
2025-12-19 13:18:51 - scheduler - INFO - mode=LIVE | [RUN_CYCLE] Cycle end timestamp: 2025-12-19 13:18:51.360 | Duration: 9.379s
2025-12-19 13:18:51 - scheduler - INFO - Trading cycle completed
2025-12-19 13:18:51 - scheduler - INFO - mode=LIVE | [RUN_CYCLE] Waiting 90s until next cycle
2025-12-19 13:20:21 - scheduler - INFO - mode=LIVE | [RUN_CYCLE] Sleep completed | Duration: 90.023s (target: 90s)
2025-12-19 13:20:21 - scheduler - INFO - Starting trading cycle
2025-12-19 13:20:21 - scheduler - INFO - mode=LIVE | [RUN_CYCLE] Cycle start timestamp: 2025-12-19 13:20:21.469
2025-12-19 13:20:30 - scheduler - INFO - mode=LIVE | [RUN_CYCLE] Cycle end timestamp: 2025-12-19 13:20:30.474 | Duration: 9.005s
2025-12-19 13:20:30 - scheduler - INFO - Trading cycle completed
2025-12-19 13:20:30 - scheduler - INFO - mode=LIVE | [RUN_CYCLE] Waiting 90s until next cycle
2025-12-19 13:22:00 - scheduler - INFO - mode=LIVE | [RUN_CYCLE] Sleep completed | Duration: 90.004s (target: 90s)
2025-12-19 13:22:00 - scheduler - INFO - Starting trading cycle
2025-12-19 13:22:00 - scheduler - INFO - mode=LIVE | [RUN_CYCLE] Cycle start timestamp: 2025-12-19 13:22:00.562
2025-12-19 13:22:10 - scheduler - INFO - mode=LIVE | [RUN_CYCLE] Cycle end timestamp: 2025-12-19 13:22:10.247 | Duration: 9.685s
2025-12-19 13:22:10 - scheduler - INFO - Trading cycle completed
2025-12-19 13:22:10 - scheduler - INFO - mode=LIVE | [RUN_CYCLE] Waiting 90s until next cycle
2025-12-19 13:23:40 - scheduler - INFO - mode=LIVE | [RUN_CYCLE] Sleep completed | Duration: 90.012s (target: 90s)
2025-12-19 13:23:40 - scheduler - INFO - Starting trading cycle
2025-12-19 13:23:40 - scheduler - INFO - mode=LIVE | [RUN_CYCLE] Cycle start timestamp: 2025-12-19 13:23:40.308
2025-12-19 13:23:49 - scheduler - INFO - mode=LIVE | [RUN_CYCLE] Cycle end timestamp: 2025-12-19 13:23:49.027 | Duration: 8.719s
2025-12-19 13:23:49 - scheduler - INFO - Trading cycle completed
2025-12-19 13:23:49 - scheduler - INFO - mode=LIVE | [RUN_CYCLE] Waiting 90s until next cycle
2025-12-19 13:25:19 - scheduler - INFO - mode=LIVE | [RUN_CYCLE] Sleep completed | Duration: 90.038s (target: 90s)
2025-12-19 13:25:19 - scheduler - INFO - Starting trading cycle
2025-12-19 13:25:19 - scheduler - INFO - mode=LIVE | [RUN_CYCLE] Cycle start timestamp: 2025-12-19 13:25:19.145
2025-12-19 13:25:27 - scheduler - INFO - mode=LIVE | [RUN_CYCLE] Cycle end timestamp: 2025-12-19 13:25:27.567 | Duration: 8.421s
2025-12-19 13:25:27 - scheduler - INFO - Trading cycle completed
2025-12-19 13:25:27 - scheduler - INFO - mode=LIVE | [RUN_CYCLE] Waiting 90s until next cycle
2025-12-19 13:26:57 - scheduler - INFO - mode=LIVE | [RUN_CYCLE] Sleep completed | Duration: 90.034s (target: 90s)
2025-12-19 13:26:57 - scheduler - INFO - Starting trading cycle
2025-12-19 13:26:57 - scheduler - INFO - mode=LIVE | [RUN_CYCLE] Cycle start timestamp: 2025-12-19 13:26:57.658
2025-12-19 13:27:07 - scheduler - INFO - mode=LIVE | [RUN_CYCLE] Cycle end timestamp: 2025-12-19 13:27:07.030 | Duration: 9.371s
2025-12-19 13:27:07 - scheduler - INFO - Trading cycle completed
2025-12-19 13:27:07 - scheduler - INFO - mode=LIVE | [RUN_CYCLE] Waiting 90s until next cycle
2025-12-19 13:28:37 - scheduler - INFO - mode=LIVE | [RUN_CYCLE] Sleep completed | Duration: 90.003s (target: 90s)
2025-12-19 13:28:37 - scheduler - INFO - Starting trading cycle
2025-12-19 13:28:37 - scheduler - INFO - mode=LIVE | [RUN_CYCLE] Cycle start timestamp: 2025-12-19 13:28:37.056
2025-12-19 13:28:45 - scheduler - INFO - mode=LIVE | [RUN_CYCLE] Cycle end timestamp: 2025-12-19 13:28:45.178 | Duration: 8.122s
2025-12-19 13:28:45 - scheduler - INFO - Trading cycle completed
2025-12-19 13:28:45 - scheduler - INFO - mode=LIVE | [RUN_CYCLE] Waiting 90s until next cycle
2025-12-19 13:30:15 - scheduler - INFO - mode=LIVE | [RUN_CYCLE] Sleep completed | Duration: 90.002s (target: 90s)
2025-12-19 13:30:15 - scheduler - INFO - Starting trading cycle
2025-12-19 13:30:15 - scheduler - INFO - mode=LIVE | [RUN_CYCLE] Cycle start timestamp: 2025-12-19 13:30:15.236
2025-12-19 13:30:24 - scheduler - INFO - mode=LIVE | [RUN_CYCLE] Cycle end timestamp: 2025-12-19 13:30:24.348 | Duration: 9.112s
2025-12-19 13:30:24 - scheduler - INFO - Trading cycle completed
2025-12-19 13:30:24 - scheduler - INFO - mode=LIVE | [RUN_CYCLE] Waiting 90s until next cycle
2025-12-19 13:31:54 - scheduler - INFO - mode=LIVE | [RUN_CYCLE] Sleep completed | Duration: 90.018s (target: 90s)
2025-12-19 13:31:54 - scheduler - INFO - Starting trading cycle
2025-12-19 13:31:54 - scheduler - INFO - mode=LIVE | [RUN_CYCLE] Cycle start timestamp: 2025-12-19 13:31:54.530
2025-12-19 13:32:06 - scheduler - INFO - mode=LIVE | [RUN_CYCLE] Cycle end timestamp: 2025-12-19 13:32:06.350 | Duration: 11.820s
2025-12-19 13:32:06 - scheduler - INFO - Trading cycle completed
2025-12-19 13:32:06 - scheduler - INFO - mode=LIVE | [RUN_CYCLE] Waiting 90s until next cycle
2025-12-19 13:33:36 - scheduler - INFO - mode=LIVE | [RUN_CYCLE] Sleep completed | Duration: 90.014s (target: 90s)
2025-12-19 13:33:36 - scheduler - INFO - Starting trading cycle
2025-12-19 13:33:36 - scheduler - INFO - mode=LIVE | [RUN_CYCLE] Cycle start timestamp: 2025-12-19 13:33:36.427
2025-12-19 13:33:46 - scheduler - INFO - mode=LIVE | [RUN_CYCLE] Cycle end timestamp: 2025-12-19 13:33:46.406 | Duration: 9.978s
2025-12-19 13:33:46 - scheduler - INFO - Trading cycle completed
2025-12-19 13:33:46 - scheduler - INFO - mode=LIVE | [RUN_CYCLE] Waiting 90s until next cycle
2025-12-19 13:35:16 - scheduler - INFO - mode=LIVE | [RUN_CYCLE] Sleep completed | Duration: 90.036s (target: 90s)
2025-12-19 13:35:16 - scheduler - INFO - Starting trading cycle
2025-12-19 13:35:16 - scheduler - INFO - mode=LIVE | [RUN_CYCLE] Cycle start timestamp: 2025-12-19 13:35:16.545
2025-12-19 13:35:26 - scheduler - INFO - mode=LIVE | [RUN_CYCLE] Cycle end timestamp: 2025-12-19 13:35:26.786 | Duration: 10.241s
2025-12-19 13:35:26 - scheduler - INFO - Trading cycle completed
2025-12-19 13:35:26 - scheduler - INFO - mode=LIVE | [RUN_CYCLE] Waiting 90s until next cycle
2025-12-19 13:36:56 - scheduler - INFO - mode=LIVE | [RUN_CYCLE] Sleep completed | Duration: 90.015s (target: 90s)
2025-12-19 13:36:56 - scheduler - INFO - Starting trading cycle
2025-12-19 13:36:56 - scheduler - INFO - mode=LIVE | [RUN_CYCLE] Cycle start timestamp: 2025-12-19 13:36:56.917
2025-12-19 13:37:06 - scheduler - INFO - mode=LIVE | [RUN_CYCLE] Cycle end timestamp: 2025-12-19 13:37:06.599 | Duration: 9.682s
2025-12-19 13:37:06 - scheduler - INFO - Trading cycle completed
2025-12-19 13:37:06 - scheduler - INFO - mode=LIVE | [RUN_CYCLE] Waiting 90s until next cycle
2025-12-19 13:38:36 - scheduler - INFO - mode=LIVE | [RUN_CYCLE] Sleep completed | Duration: 90.003s (target: 90s)
2025-12-19 13:38:36 - scheduler - INFO - Starting trading cycle
2025-12-19 13:38:36 - scheduler - INFO - mode=LIVE | [RUN_CYCLE] Cycle start timestamp: 2025-12-19 13:38:36.644
2025-12-19 13:38:46 - scheduler - INFO - mode=LIVE | [RUN_CYCLE] Cycle end timestamp: 2025-12-19 13:38:46.234 | Duration: 9.590s
2025-12-19 13:38:46 - scheduler - INFO - Trading cycle completed
2025-12-19 13:38:46 - scheduler - INFO - mode=LIVE | [RUN_CYCLE] Waiting 90s until next cycle
2025-12-19 13:40:16 - scheduler - INFO - mode=LIVE | [RUN_CYCLE] Sleep completed | Duration: 90.001s (target: 90s)
2025-12-19 13:40:16 - scheduler - INFO - Starting trading cycle
2025-12-19 13:40:16 - scheduler - INFO - mode=LIVE | [RUN_CYCLE] Cycle start timestamp: 2025-12-19 13:40:16.294
2025-12-19 13:40:25 - scheduler - INFO - mode=LIVE | [RUN_CYCLE] Cycle end timestamp: 2025-12-19 13:40:25.958 | Duration: 9.664s
2025-12-19 13:40:25 - scheduler - INFO - Trading cycle completed
2025-12-19 13:40:25 - scheduler - INFO - mode=LIVE | [RUN_CYCLE] Waiting 90s until next cycle
2025-12-19 13:41:55 - scheduler - INFO - mode=LIVE | [RUN_CYCLE] Sleep completed | Duration: 90.009s (target: 90s)
2025-12-19 13:41:55 - scheduler - INFO - Starting trading cycle
2025-12-19 13:41:56 - scheduler - INFO - mode=LIVE | [RUN_CYCLE] Cycle start timestamp: 2025-12-19 13:41:55.996
2025-12-19 13:42:08 - scheduler - INFO - mode=LIVE | [RUN_CYCLE] Cycle end timestamp: 2025-12-19 13:42:08.527 | Duration: 12.531s
2025-12-19 13:42:08 - scheduler - INFO - Trading cycle completed
2025-12-19 13:42:08 - scheduler - INFO - mode=LIVE | [RUN_CYCLE] Waiting 90s until next cycle
2025-12-19 13:43:38 - scheduler - INFO - mode=LIVE | [RUN_CYCLE] Sleep completed | Duration: 90.010s (target: 90s)
2025-12-19 13:43:38 - scheduler - INFO - Starting trading cycle
2025-12-19 13:43:38 - scheduler - INFO - mode=LIVE | [RUN_CYCLE] Cycle start timestamp: 2025-12-19 13:43:38.587
2025-12-19 13:43:48 - scheduler - INFO - mode=LIVE | [RUN_CYCLE] Cycle end timestamp: 2025-12-19 13:43:48.572 | Duration: 9.985s
2025-12-19 13:43:48 - scheduler - INFO - Trading cycle completed
2025-12-19 13:43:48 - scheduler - INFO - mode=LIVE | [RUN_CYCLE] Waiting 90s until next cycle
2025-12-19 13:45:18 - scheduler - INFO - mode=LIVE | [RUN_CYCLE] Sleep completed | Duration: 90.007s (target: 90s)
2025-12-19 13:45:18 - scheduler - INFO - Starting trading cycle
2025-12-19 13:45:18 - scheduler - INFO - mode=LIVE | [RUN_CYCLE] Cycle start timestamp: 2025-12-19 13:45:18.606
2025-12-19 13:45:28 - scheduler - INFO - mode=LIVE | [RUN_CYCLE] Cycle end timestamp: 2025-12-19 13:45:28.796 | Duration: 10.190s
2025-12-19 13:45:28 - scheduler - INFO - Trading cycle completed
2025-12-19 13:45:28 - scheduler - INFO - mode=LIVE | [RUN_CYCLE] Waiting 90s until next cycle
