2025-12-23 10:00:10,835 - INFO - XNIUSDm: LOW_VOLUME - Insufficient tick volume: 2 < 3 (Volume: 2)
2025-12-23 10:00:11,635 - INFO - XPBUSDm: LOW_VOLUME - Insufficient tick volume: 2 < 3 (Volume: 2)
2025-12-23 10:00:15,493 - INFO - EURDKKm: LOW_VOLUME - Insufficient tick volume: 1 < 3 (Volume: 1)
2025-12-23 10:01:51,350 - INFO - XNIUSDm: LOW_VOLUME - Insufficient tick volume: 2 < 3 (Volume: 2)
2025-12-23 10:01:52,068 - INFO - XPBUSDm: LOW_VOLUME - Insufficient tick volume: 2 < 3 (Volume: 2)
2025-12-23 10:01:56,059 - INFO - EURDKKm: LOW_VOLUME - Insufficient tick volume: 1 < 3 (Volume: 1)
2025-12-23 10:03:32,817 - INFO - XNIUSDm: LOW_VOLUME - Insufficient tick volume: 2 < 3 (Volume: 2)
2025-12-23 10:03:38,026 - INFO - EURDKKm: LOW_VOLUME - Insufficient tick volume: 2 < 3 (Volume: 2)
2025-12-23 10:05:13,777 - INFO - AUS200m: LOW_VOLUME - Insufficient tick volume: 2 < 3 (Volume: 2)
2025-12-23 10:05:15,055 - INFO - XALUSDm: LOW_VOLUME - Insufficient tick volume: 2 < 3 (Volume: 2)
2025-12-23 10:05:19,953 - INFO - EURDKKm: LOW_VOLUME - Insufficient tick volume: 1 < 3 (Volume: 1)
2025-12-23 10:06:57,381 - INFO - XALUSDm: LOW_VOLUME - Insufficient tick volume: 2 < 3 (Volume: 2)
2025-12-23 10:07:01,589 - INFO - USDHKDm: LOW_VOLUME - Insufficient tick volume: 1 < 3 (Volume: 1)
2025-12-23 10:07:01,938 - INFO - EURDKKm: LOW_VOLUME - Insufficient tick volume: 2 < 3 (Volume: 2)
2025-12-23 10:08:38,043 - INFO - STOXX50m: LOW_VOLUME - Insufficient tick volume: 2 < 3 (Volume: 2)
2025-12-23 10:08:39,140 - INFO - XALUSDm: LOW_VOLUME - Insufficient tick volume: 2 < 3 (Volume: 2)
2025-12-23 10:08:39,654 - INFO - XPBUSDm: LOW_VOLUME - Insufficient tick volume: 1 < 3 (Volume: 1)
2025-12-23 10:08:43,596 - INFO - USDHKDm: LOW_VOLUME - Insufficient tick volume: 1 < 3 (Volume: 1)
2025-12-23 10:08:43,936 - INFO - EURDKKm: LOW_VOLUME - Insufficient tick volume: 1 < 3 (Volume: 1)
2025-12-23 10:10:18,663 - INFO - STOXX50m: LOW_VOLUME - Insufficient tick volume: 2 < 3 (Volume: 2)
2025-12-23 10:10:19,958 - INFO - XALUSDm: LOW_VOLUME - Insufficient tick volume: 2 < 3 (Volume: 2)
2025-12-23 10:10:20,432 - INFO - XPBUSDm: LOW_VOLUME - Insufficient tick volume: 1 < 3 (Volume: 1)
2025-12-23 10:10:24,218 - INFO - USDHKDm: LOW_VOLUME - Insufficient tick volume: 1 < 3 (Volume: 1)
2025-12-23 10:10:24,605 - INFO - EURDKKm: LOW_VOLUME - Insufficient tick volume: 2 < 3 (Volume: 2)
2025-12-23 10:12:00,525 - INFO - XNIUSDm: LOW_VOLUME - Insufficient tick volume: 2 < 3 (Volume: 2)
2025-12-23 10:12:01,138 - INFO - XPBUSDm: LOW_VOLUME - Insufficient tick volume: 1 < 3 (Volume: 1)
2025-12-23 10:12:04,020 - INFO - DKKSGDm: LOW_VOLUME - Insufficient tick volume: 2 < 3 (Volume: 2)
2025-12-23 10:12:06,105 - INFO - USDHKDm: LOW_VOLUME - Insufficient tick volume: 2 < 3 (Volume: 2)
2025-12-23 10:12:06,418 - INFO - EURDKKm: LOW_VOLUME - Insufficient tick volume: 1 < 3 (Volume: 1)
2025-12-23 10:13:42,350 - INFO - XNIUSDm: LOW_VOLUME - Insufficient tick volume: 2 < 3 (Volume: 2)
2025-12-23 10:13:42,365 - INFO - XZNUSDm: LOW_VOLUME - Insufficient tick volume: 2 < 3 (Volume: 2)
2025-12-23 10:13:42,951 - INFO - XPBUSDm: LOW_VOLUME - Insufficient tick volume: 1 < 3 (Volume: 1)
2025-12-23 10:13:46,889 - INFO - USDHKDm: LOW_VOLUME - Insufficient tick volume: 2 < 3 (Volume: 2)
2025-12-23 10:13:47,355 - INFO - EURDKKm: LOW_VOLUME - Insufficient tick volume: 1 < 3 (Volume: 1)
2025-12-23 10:15:23,341 - INFO - XZNUSDm: LOW_VOLUME - Insufficient tick volume: 2 < 3 (Volume: 2)
2025-12-23 10:15:23,998 - INFO - XPBUSDm: LOW_VOLUME - Insufficient tick volume: 2 < 3 (Volume: 2)
2025-12-23 10:15:25,589 - INFO - DKKSGDm: LOW_VOLUME - Insufficient tick volume: 2 < 3 (Volume: 2)
2025-12-23 10:15:27,758 - INFO - USDHKDm: LOW_VOLUME - Insufficient tick volume: 2 < 3 (Volume: 2)
2025-12-23 10:15:28,088 - INFO - EURDKKm: LOW_VOLUME - Insufficient tick volume: 1 < 3 (Volume: 1)
2025-12-23 10:17:05,129 - INFO - XPBUSDm: LOW_VOLUME - Insufficient tick volume: 2 < 3 (Volume: 2)
2025-12-23 10:17:06,777 - INFO - DKKSGDm: LOW_VOLUME - Insufficient tick volume: 2 < 3 (Volume: 2)
2025-12-23 10:17:08,931 - INFO - USDHKDm: LOW_VOLUME - Insufficient tick volume: 2 < 3 (Volume: 2)
2025-12-23 10:17:09,479 - INFO - EURDKKm: LOW_VOLUME - Insufficient tick volume: 1 < 3 (Volume: 1)
2025-12-23 10:18:46,015 - INFO - XPBUSDm: LOW_VOLUME - Insufficient tick volume: 1 < 3 (Volume: 1)
2025-12-23 10:18:47,730 - INFO - DKKSGDm: LOW_VOLUME - Insufficient tick volume: 2 < 3 (Volume: 2)
2025-12-23 10:18:49,948 - INFO - USDHKDm: LOW_VOLUME - Insufficient tick volume: 2 < 3 (Volume: 2)
2025-12-23 10:18:50,420 - INFO - EURDKKm: LOW_VOLUME - Insufficient tick volume: 1 < 3 (Volume: 1)
2025-12-23 10:18:52,086 - INFO - USDTHBm: LOW_VOLUME - Insufficient tick volume: 2 < 3 (Volume: 2)
2025-12-23 10:21:01,014 - INFO - XPBUSDm: LOW_VOLUME - Insufficient tick volume: 1 < 3 (Volume: 1)
2025-12-23 10:21:39,659 - INFO - USDHKDm: LOW_VOLUME - Insufficient tick volume: 2 < 3 (Volume: 2)
2025-12-23 10:21:45,579 - INFO - EURDKKm: LOW_VOLUME - Insufficient tick volume: 1 < 3 (Volume: 1)
2025-12-23 10:24:13,179 - INFO - XNIUSDm: LOW_VOLUME - Insufficient tick volume: 2 < 3 (Volume: 2)
2025-12-23 10:24:18,855 - INFO - XPBUSDm: LOW_VOLUME - Insufficient tick volume: 1 < 3 (Volume: 1)
2025-12-23 10:24:54,134 - INFO - USDHKDm: LOW_VOLUME - Insufficient tick volume: 2 < 3 (Volume: 2)
2025-12-23 10:24:59,343 - INFO - EURDKKm: LOW_VOLUME - Insufficient tick volume: 1 < 3 (Volume: 1)
2025-12-23 10:27:25,175 - INFO - AUS200m: LOW_VOLUME - Insufficient tick volume: 2 < 3 (Volume: 2)
2025-12-23 10:27:36,380 - INFO - XNIUSDm: LOW_VOLUME - Insufficient tick volume: 2 < 3 (Volume: 2)
2025-12-23 10:27:41,255 - INFO - XPBUSDm: LOW_VOLUME - Insufficient tick volume: 2 < 3 (Volume: 2)
2025-12-23 10:28:16,455 - INFO - USDHKDm: LOW_VOLUME - Insufficient tick volume: 2 < 3 (Volume: 2)
2025-12-23 10:28:21,180 - INFO - EURDKKm: LOW_VOLUME - Insufficient tick volume: 2 < 3 (Volume: 2)
2025-12-23 10:31:00,463 - INFO - XPBUSDm: LOW_VOLUME - Insufficient tick volume: 2 < 3 (Volume: 2)
2025-12-23 10:31:16,855 - INFO - DKKSGDm: LOW_VOLUME - Insufficient tick volume: 2 < 3 (Volume: 2)
2025-12-23 10:31:37,289 - INFO - EURDKKm: LOW_VOLUME - Insufficient tick volume: 1 < 3 (Volume: 1)
2025-12-23 10:34:58,859 - INFO - EURDKKm: LOW_VOLUME - Insufficient tick volume: 1 < 3 (Volume: 1)
2025-12-23 10:37:41,818 - INFO - XPBUSDm: LOW_VOLUME - Insufficient tick volume: 2 < 3 (Volume: 2)
