2025-12-18 21:41:28 - system_events - INFO - [BOOT_TEST] {"message": "system_events logging verified"}
2025-12-18 21:41:34 - system_events - INFO - [SYSTEM_READY] {"all_critical_threads_alive": true}
2025-12-18 21:41:54 - system_events - INFO - [BOT_LOOP_TICK] {"time": "2025-12-18T21:41:54.021011", "openTrades": 1, "equity": 9993.27, "balance": 9993.45}
2025-12-18 21:43:33 - system_events - INFO - [BOT_LOOP_TICK] {"time": "2025-12-18T21:43:33.876213", "openTrades": 0, "equity": 9993.24, "balance": 9993.24}
2025-12-18 21:45:13 - system_events - INFO - [BOT_LOOP_TICK] {"time": "2025-12-18T21:45:13.057040", "openTrades": 0, "equity": 9993.24, "balance": 9993.24}
2025-12-18 21:46:51 - system_events - INFO - [BOT_LOOP_TICK] {"time": "2025-12-18T21:46:51.950981", "openTrades": 1, "equity": 9993.08, "balance": 9993.24}
2025-12-18 21:47:27 - system_events - INFO - [SL_UPDATE_FAILED] {"ticket": 536036243, "symbol": "XAUUSDm", "error": "Lock acquisition timeout (8000ms)", "reason": "Lock timeout", "profit": 0.0, "is_profit_locking": false}
2025-12-18 21:48:30 - system_events - INFO - [BOT_LOOP_TICK] {"time": "2025-12-18T21:48:30.975699", "openTrades": 3, "equity": 9992.58, "balance": 9993.24}
2025-12-18 21:50:10 - system_events - INFO - [BOT_LOOP_TICK] {"time": "2025-12-18T21:50:10.935644", "openTrades": 1, "equity": 9991.83, "balance": 9992.59}
2025-12-18 21:51:40 - system_events - INFO - [SL_UPDATE_FAILED] {"ticket": 536036243, "symbol": "XAUUSDm", "error": "Lock acquisition timeout (8000ms)", "reason": "Lock timeout", "profit": 0.01, "is_profit_locking": true}
2025-12-18 21:51:48 - system_events - INFO - [BOT_LOOP_TICK] {"time": "2025-12-18T21:51:48.692643", "openTrades": 1, "equity": 9992.56, "balance": 9992.59}
2025-12-18 21:53:26 - system_events - INFO - [BOT_LOOP_TICK] {"time": "2025-12-18T21:53:26.574269", "openTrades": 2, "equity": 9990.6, "balance": 9992.59}
2025-12-18 21:55:06 - system_events - INFO - [BOT_LOOP_TICK] {"time": "2025-12-18T21:55:06.810255", "openTrades": 0, "equity": 9990.31, "balance": 9990.31}
2025-12-18 21:56:43 - system_events - INFO - [BOT_LOOP_TICK] {"time": "2025-12-18T21:56:43.505224", "openTrades": 0, "equity": 9990.31, "balance": 9990.31}
2025-12-18 21:58:21 - system_events - INFO - [BOT_LOOP_TICK] {"time": "2025-12-18T21:58:21.246332", "openTrades": 0, "equity": 9990.31, "balance": 9990.31}
2025-12-18 21:59:56 - system_events - INFO - [BOT_LOOP_TICK] {"time": "2025-12-18T21:59:56.984649", "openTrades": 0, "equity": 9990.31, "balance": 9990.31}
2025-12-18 22:01:29 - system_events - INFO - [BOT_LOOP_TICK] {"time": "2025-12-18T22:01:29.850545", "openTrades": 0, "equity": 9990.31, "balance": 9990.31}
2025-12-18 22:03:03 - system_events - INFO - [BOT_LOOP_TICK] {"time": "2025-12-18T22:03:03.953259", "openTrades": 0, "equity": 9990.31, "balance": 9990.31}
2025-12-18 22:04:36 - system_events - INFO - [BOT_LOOP_TICK] {"time": "2025-12-18T22:04:36.316625", "openTrades": 0, "equity": 9990.31, "balance": 9990.31}
2025-12-18 22:06:13 - system_events - INFO - [BOT_LOOP_TICK] {"time": "2025-12-18T22:06:13.239545", "openTrades": 0, "equity": 9990.31, "balance": 9990.31}
2025-12-18 22:07:49 - system_events - INFO - [BOT_LOOP_TICK] {"time": "2025-12-18T22:07:49.105088", "openTrades": 0, "equity": 9990.31, "balance": 9990.31}
2025-12-18 22:09:25 - system_events - INFO - [BOT_LOOP_TICK] {"time": "2025-12-18T22:09:25.261784", "openTrades": 0, "equity": 9990.31, "balance": 9990.31}
2025-12-18 22:11:00 - system_events - INFO - [BOT_LOOP_TICK] {"time": "2025-12-18T22:11:00.507751", "openTrades": 0, "equity": 9990.31, "balance": 9990.31}
2025-12-18 22:12:36 - system_events - INFO - [BOT_LOOP_TICK] {"time": "2025-12-18T22:12:36.617675", "openTrades": 0, "equity": 9990.31, "balance": 9990.31}
2025-12-18 22:14:13 - system_events - INFO - [BOT_LOOP_TICK] {"time": "2025-12-18T22:14:13.089697", "openTrades": 0, "equity": 9990.31, "balance": 9990.31}
2025-12-18 22:15:49 - system_events - INFO - [BOT_LOOP_TICK] {"time": "2025-12-18T22:15:49.030997", "openTrades": 0, "equity": 9990.31, "balance": 9990.31}
2025-12-18 22:17:25 - system_events - INFO - [BOT_LOOP_TICK] {"time": "2025-12-18T22:17:25.424698", "openTrades": 0, "equity": 9990.31, "balance": 9990.31}
2025-12-18 22:19:03 - system_events - INFO - [BOT_LOOP_TICK] {"time": "2025-12-18T22:19:03.085010", "openTrades": 0, "equity": 9990.31, "balance": 9990.31}
2025-12-18 22:20:40 - system_events - INFO - [BOT_LOOP_TICK] {"time": "2025-12-18T22:20:40.707680", "openTrades": 0, "equity": 9990.31, "balance": 9990.31}
2025-12-18 22:22:17 - system_events - INFO - [BOT_LOOP_TICK] {"time": "2025-12-18T22:22:17.119808", "openTrades": 0, "equity": 9990.31, "balance": 9990.31}
2025-12-18 22:23:53 - system_events - INFO - [BOT_LOOP_TICK] {"time": "2025-12-18T22:23:53.265620", "openTrades": 0, "equity": 9990.31, "balance": 9990.31}
2025-12-18 22:25:29 - system_events - INFO - [BOT_LOOP_TICK] {"time": "2025-12-18T22:25:29.116940", "openTrades": 0, "equity": 9990.31, "balance": 9990.31}
2025-12-18 22:27:07 - system_events - INFO - [BOT_LOOP_TICK] {"time": "2025-12-18T22:27:07.485068", "openTrades": 0, "equity": 9990.31, "balance": 9990.31}
2025-12-18 22:28:43 - system_events - INFO - [BOT_LOOP_TICK] {"time": "2025-12-18T22:28:43.383410", "openTrades": 0, "equity": 9990.31, "balance": 9990.31}
2025-12-18 22:30:18 - system_events - INFO - [BOT_LOOP_TICK] {"time": "2025-12-18T22:30:18.970802", "openTrades": 0, "equity": 9990.31, "balance": 9990.31}
2025-12-18 22:31:54 - system_events - INFO - [BOT_LOOP_TICK] {"time": "2025-12-18T22:31:54.640033", "openTrades": 0, "equity": 9990.31, "balance": 9990.31}
2025-12-18 22:33:30 - system_events - INFO - [BOT_LOOP_TICK] {"time": "2025-12-18T22:33:30.366398", "openTrades": 0, "equity": 9990.31, "balance": 9990.31}
2025-12-18 22:35:08 - system_events - INFO - [BOT_LOOP_TICK] {"time": "2025-12-18T22:35:08.715937", "openTrades": 0, "equity": 9990.31, "balance": 9990.31}
2025-12-18 22:36:44 - system_events - INFO - [BOT_LOOP_TICK] {"time": "2025-12-18T22:36:44.613998", "openTrades": 0, "equity": 9990.31, "balance": 9990.31}
2025-12-18 22:38:20 - system_events - INFO - [BOT_LOOP_TICK] {"time": "2025-12-18T22:38:20.166994", "openTrades": 0, "equity": 9990.31, "balance": 9990.31}
2025-12-18 22:39:56 - system_events - INFO - [BOT_LOOP_TICK] {"time": "2025-12-18T22:39:56.112927", "openTrades": 0, "equity": 9990.31, "balance": 9990.31}
2025-12-18 22:41:32 - system_events - INFO - [BOT_LOOP_TICK] {"time": "2025-12-18T22:41:32.012498", "openTrades": 0, "equity": 9990.31, "balance": 9990.31}
2025-12-18 22:43:09 - system_events - INFO - [BOT_LOOP_TICK] {"time": "2025-12-18T22:43:09.589914", "openTrades": 0, "equity": 9990.31, "balance": 9990.31}
2025-12-18 22:44:45 - system_events - INFO - [BOT_LOOP_TICK] {"time": "2025-12-18T22:44:45.785701", "openTrades": 0, "equity": 9990.31, "balance": 9990.31}
2025-12-18 22:46:22 - system_events - INFO - [BOT_LOOP_TICK] {"time": "2025-12-18T22:46:22.015826", "openTrades": 0, "equity": 9990.31, "balance": 9990.31}
2025-12-18 22:47:57 - system_events - INFO - [BOT_LOOP_TICK] {"time": "2025-12-18T22:47:57.736784", "openTrades": 0, "equity": 9990.31, "balance": 9990.31}
2025-12-18 22:49:33 - system_events - INFO - [BOT_LOOP_TICK] {"time": "2025-12-18T22:49:33.834043", "openTrades": 0, "equity": 9990.31, "balance": 9990.31}
2025-12-18 22:51:10 - system_events - INFO - [BOT_LOOP_TICK] {"time": "2025-12-18T22:51:10.179398", "openTrades": 0, "equity": 9990.31, "balance": 9990.31}
2025-12-18 22:52:46 - system_events - INFO - [BOT_LOOP_TICK] {"time": "2025-12-18T22:52:46.210925", "openTrades": 0, "equity": 9990.31, "balance": 9990.31}
2025-12-18 22:54:23 - system_events - INFO - [BOT_LOOP_TICK] {"time": "2025-12-18T22:54:23.591425", "openTrades": 0, "equity": 9990.31, "balance": 9990.31}
2025-12-18 22:56:00 - system_events - INFO - [BOT_LOOP_TICK] {"time": "2025-12-18T22:56:00.578989", "openTrades": 0, "equity": 9990.31, "balance": 9990.31}
2025-12-18 22:57:37 - system_events - INFO - [BOT_LOOP_TICK] {"time": "2025-12-18T22:57:37.740320", "openTrades": 0, "equity": 9990.31, "balance": 9990.31}
2025-12-18 22:59:15 - system_events - INFO - [BOT_LOOP_TICK] {"time": "2025-12-18T22:59:15.356997", "openTrades": 0, "equity": 9990.31, "balance": 9990.31}
2025-12-18 23:00:54 - system_events - INFO - [BOT_LOOP_TICK] {"time": "2025-12-18T23:00:54.354060", "openTrades": 0, "equity": 9990.31, "balance": 9990.31}
2025-12-18 23:02:33 - system_events - INFO - [BOT_LOOP_TICK] {"time": "2025-12-18T23:02:33.520451", "openTrades": 0, "equity": 9990.31, "balance": 9990.31}
2025-12-18 23:04:14 - system_events - INFO - [BOT_LOOP_TICK] {"time": "2025-12-18T23:04:14.742995", "openTrades": 0, "equity": 9990.31, "balance": 9990.31}
2025-12-18 23:05:54 - system_events - INFO - [BOT_LOOP_TICK] {"time": "2025-12-18T23:05:54.818806", "openTrades": 0, "equity": 9990.31, "balance": 9990.31}
2025-12-18 23:07:36 - system_events - INFO - [BOT_LOOP_TICK] {"time": "2025-12-18T23:07:36.078497", "openTrades": 0, "equity": 9990.31, "balance": 9990.31}
2025-12-18 23:09:17 - system_events - INFO - [BOT_LOOP_TICK] {"time": "2025-12-18T23:09:17.018703", "openTrades": 0, "equity": 9990.31, "balance": 9990.31}
2025-12-18 23:10:57 - system_events - INFO - [BOT_LOOP_TICK] {"time": "2025-12-18T23:10:57.977996", "openTrades": 0, "equity": 9990.31, "balance": 9990.31}
2025-12-18 23:12:38 - system_events - INFO - [BOT_LOOP_TICK] {"time": "2025-12-18T23:12:38.612170", "openTrades": 0, "equity": 9990.31, "balance": 9990.31}
2025-12-18 23:14:20 - system_events - INFO - [BOT_LOOP_TICK] {"time": "2025-12-18T23:14:20.063071", "openTrades": 0, "equity": 9990.31, "balance": 9990.31}
2025-12-18 23:16:01 - system_events - INFO - [BOT_LOOP_TICK] {"time": "2025-12-18T23:16:01.438294", "openTrades": 0, "equity": 9990.31, "balance": 9990.31}
2025-12-18 23:17:43 - system_events - INFO - [BOT_LOOP_TICK] {"time": "2025-12-18T23:17:43.134169", "openTrades": 0, "equity": 9990.31, "balance": 9990.31}
2025-12-18 23:19:23 - system_events - INFO - [BOT_LOOP_TICK] {"time": "2025-12-18T23:19:23.685610", "openTrades": 0, "equity": 9990.31, "balance": 9990.31}
2025-12-18 23:21:08 - system_events - INFO - [BOT_LOOP_TICK] {"time": "2025-12-18T23:21:08.192015", "openTrades": 0, "equity": 9990.31, "balance": 9990.31}
2025-12-18 23:22:49 - system_events - INFO - [BOT_LOOP_TICK] {"time": "2025-12-18T23:22:49.240695", "openTrades": 0, "equity": 9990.31, "balance": 9990.31}
2025-12-18 23:24:30 - system_events - INFO - [BOT_LOOP_TICK] {"time": "2025-12-18T23:24:30.375371", "openTrades": 0, "equity": 9990.31, "balance": 9990.31}
2025-12-18 23:26:13 - system_events - INFO - [BOT_LOOP_TICK] {"time": "2025-12-18T23:26:13.068556", "openTrades": 0, "equity": 9990.31, "balance": 9990.31}
2025-12-18 23:27:53 - system_events - INFO - [BOT_LOOP_TICK] {"time": "2025-12-18T23:27:53.145055", "openTrades": 0, "equity": 9990.31, "balance": 9990.31}
2025-12-18 23:29:32 - system_events - INFO - [BOT_LOOP_TICK] {"time": "2025-12-18T23:29:32.166109", "openTrades": 0, "equity": 9990.31, "balance": 9990.31}
2025-12-18 23:31:11 - system_events - INFO - [BOT_LOOP_TICK] {"time": "2025-12-18T23:31:11.603206", "openTrades": 0, "equity": 9990.31, "balance": 9990.31}
2025-12-18 23:32:50 - system_events - INFO - [BOT_LOOP_TICK] {"time": "2025-12-18T23:32:50.801243", "openTrades": 0, "equity": 9990.31, "balance": 9990.31}
2025-12-18 23:34:29 - system_events - INFO - [BOT_LOOP_TICK] {"time": "2025-12-18T23:34:29.749737", "openTrades": 0, "equity": 9990.31, "balance": 9990.31}
2025-12-18 23:36:10 - system_events - INFO - [BOT_LOOP_TICK] {"time": "2025-12-18T23:36:10.116656", "openTrades": 0, "equity": 9990.31, "balance": 9990.31}
2025-12-18 23:37:48 - system_events - INFO - [BOT_LOOP_TICK] {"time": "2025-12-18T23:37:48.826838", "openTrades": 0, "equity": 9990.31, "balance": 9990.31}
2025-12-18 23:39:27 - system_events - INFO - [BOT_LOOP_TICK] {"time": "2025-12-18T23:39:27.325138", "openTrades": 0, "equity": 9990.31, "balance": 9990.31}
2025-12-18 23:41:07 - system_events - INFO - [BOT_LOOP_TICK] {"time": "2025-12-18T23:41:07.748141", "openTrades": 0, "equity": 9990.31, "balance": 9990.31}
2025-12-18 23:42:46 - system_events - INFO - [BOT_LOOP_TICK] {"time": "2025-12-18T23:42:46.974670", "openTrades": 0, "equity": 9990.31, "balance": 9990.31}
2025-12-18 23:44:26 - system_events - INFO - [BOT_LOOP_TICK] {"time": "2025-12-18T23:44:26.830114", "openTrades": 0, "equity": 9990.31, "balance": 9990.31}
2025-12-18 23:46:08 - system_events - INFO - [BOT_LOOP_TICK] {"time": "2025-12-18T23:46:08.758932", "openTrades": 0, "equity": 9990.31, "balance": 9990.31}
2025-12-18 23:47:48 - system_events - INFO - [BOT_LOOP_TICK] {"time": "2025-12-18T23:47:48.147703", "openTrades": 0, "equity": 9990.31, "balance": 9990.31}
2025-12-18 23:49:27 - system_events - INFO - [BOT_LOOP_TICK] {"time": "2025-12-18T23:49:27.080613", "openTrades": 0, "equity": 9990.31, "balance": 9990.31}
2025-12-18 23:51:09 - system_events - INFO - [BOT_LOOP_TICK] {"time": "2025-12-18T23:51:09.114018", "openTrades": 0, "equity": 9990.31, "balance": 9990.31}
2025-12-18 23:52:47 - system_events - INFO - [BOT_LOOP_TICK] {"time": "2025-12-18T23:52:47.991023", "openTrades": 0, "equity": 9990.31, "balance": 9990.31}
2025-12-18 23:54:26 - system_events - INFO - [BOT_LOOP_TICK] {"time": "2025-12-18T23:54:26.514924", "openTrades": 0, "equity": 9990.31, "balance": 9990.31}
2025-12-18 23:56:07 - system_events - INFO - [BOT_LOOP_TICK] {"time": "2025-12-18T23:56:07.817081", "openTrades": 0, "equity": 9990.31, "balance": 9990.31}
2025-12-18 23:57:46 - system_events - INFO - [BOT_LOOP_TICK] {"time": "2025-12-18T23:57:46.676630", "openTrades": 0, "equity": 9990.31, "balance": 9990.31}
2025-12-18 23:59:24 - system_events - INFO - [BOT_LOOP_TICK] {"time": "2025-12-18T23:59:24.902801", "openTrades": 0, "equity": 9990.31, "balance": 9990.31}
2025-12-19 00:01:05 - system_events - INFO - [BOT_LOOP_TICK] {"time": "2025-12-19T00:01:05.870537", "openTrades": 0, "equity": 9990.31, "balance": 9990.31}
2025-12-19 00:02:45 - system_events - INFO - [BOT_LOOP_TICK] {"time": "2025-12-19T00:02:45.014596", "openTrades": 0, "equity": 9990.31, "balance": 9990.31}
2025-12-19 00:04:23 - system_events - INFO - [BOT_LOOP_TICK] {"time": "2025-12-19T00:04:23.978551", "openTrades": 0, "equity": 9990.31, "balance": 9990.31}
2025-12-19 00:06:05 - system_events - INFO - [BOT_LOOP_TICK] {"time": "2025-12-19T00:06:05.714340", "openTrades": 0, "equity": 9990.31, "balance": 9990.31}
2025-12-19 00:07:44 - system_events - INFO - [BOT_LOOP_TICK] {"time": "2025-12-19T00:07:44.848146", "openTrades": 0, "equity": 9990.31, "balance": 9990.31}
2025-12-19 00:09:24 - system_events - INFO - [BOT_LOOP_TICK] {"time": "2025-12-19T00:09:24.348047", "openTrades": 0, "equity": 9990.31, "balance": 9990.31}
2025-12-19 00:11:05 - system_events - INFO - [BOT_LOOP_TICK] {"time": "2025-12-19T00:11:05.295970", "openTrades": 0, "equity": 9990.31, "balance": 9990.31}
2025-12-19 00:12:44 - system_events - INFO - [BOT_LOOP_TICK] {"time": "2025-12-19T00:12:44.865002", "openTrades": 0, "equity": 9990.31, "balance": 9990.31}
2025-12-19 00:14:23 - system_events - INFO - [BOT_LOOP_TICK] {"time": "2025-12-19T00:14:23.933584", "openTrades": 0, "equity": 9990.31, "balance": 9990.31}
2025-12-19 00:16:05 - system_events - INFO - [BOT_LOOP_TICK] {"time": "2025-12-19T00:16:05.446910", "openTrades": 0, "equity": 9990.31, "balance": 9990.31}
2025-12-19 00:17:44 - system_events - INFO - [BOT_LOOP_TICK] {"time": "2025-12-19T00:17:44.809935", "openTrades": 0, "equity": 9990.31, "balance": 9990.31}
2025-12-19 00:19:24 - system_events - INFO - [BOT_LOOP_TICK] {"time": "2025-12-19T00:19:24.913432", "openTrades": 0, "equity": 9990.31, "balance": 9990.31}
2025-12-19 00:21:06 - system_events - INFO - [BOT_LOOP_TICK] {"time": "2025-12-19T00:21:06.580760", "openTrades": 0, "equity": 9990.31, "balance": 9990.31}
2025-12-19 00:22:45 - system_events - INFO - [BOT_LOOP_TICK] {"time": "2025-12-19T00:22:45.890214", "openTrades": 0, "equity": 9990.31, "balance": 9990.31}
2025-12-19 00:24:25 - system_events - INFO - [BOT_LOOP_TICK] {"time": "2025-12-19T00:24:25.354788", "openTrades": 0, "equity": 9990.31, "balance": 9990.31}
2025-12-19 00:26:05 - system_events - INFO - [BOT_LOOP_TICK] {"time": "2025-12-19T00:26:05.730318", "openTrades": 0, "equity": 9990.31, "balance": 9990.31}
2025-12-19 00:27:43 - system_events - INFO - [BOT_LOOP_TICK] {"time": "2025-12-19T00:27:43.476813", "openTrades": 0, "equity": 9990.31, "balance": 9990.31}
2025-12-19 00:29:21 - system_events - INFO - [BOT_LOOP_TICK] {"time": "2025-12-19T00:29:21.800800", "openTrades": 0, "equity": 9990.31, "balance": 9990.31}
2025-12-19 00:30:59 - system_events - INFO - [BOT_LOOP_TICK] {"time": "2025-12-19T00:30:59.732312", "openTrades": 0, "equity": 9990.31, "balance": 9990.31}
2025-12-19 00:32:37 - system_events - INFO - [BOT_LOOP_TICK] {"time": "2025-12-19T00:32:37.716766", "openTrades": 0, "equity": 9990.31, "balance": 9990.31}
2025-12-19 00:34:14 - system_events - INFO - [BOT_LOOP_TICK] {"time": "2025-12-19T00:34:14.954539", "openTrades": 0, "equity": 9990.31, "balance": 9990.31}
2025-12-19 00:35:52 - system_events - INFO - [BOT_LOOP_TICK] {"time": "2025-12-19T00:35:52.202288", "openTrades": 0, "equity": 9990.31, "balance": 9990.31}
2025-12-19 00:37:30 - system_events - INFO - [BOT_LOOP_TICK] {"time": "2025-12-19T00:37:30.520051", "openTrades": 0, "equity": 9990.31, "balance": 9990.31}
2025-12-19 00:39:11 - system_events - INFO - [BOT_LOOP_TICK] {"time": "2025-12-19T00:39:11.467959", "openTrades": 0, "equity": 9990.31, "balance": 9990.31}
2025-12-19 00:41:22 - system_events - INFO - [BOT_LOOP_TICK] {"time": "2025-12-19T00:41:22.205457", "openTrades": 0, "equity": 9990.31, "balance": 9990.31}
2025-12-19 00:43:39 - system_events - INFO - [BOT_LOOP_TICK] {"time": "2025-12-19T00:43:39.649684", "openTrades": 0, "equity": 9990.31, "balance": 9990.31}
2025-12-19 00:45:53 - system_events - INFO - [BOT_LOOP_TICK] {"time": "2025-12-19T00:45:53.320888", "openTrades": 0, "equity": 9990.31, "balance": 9990.31}
2025-12-19 00:47:57 - system_events - INFO - [BOT_LOOP_TICK] {"time": "2025-12-19T00:47:57.153798", "openTrades": 0, "equity": 9990.31, "balance": 9990.31}
2025-12-19 00:50:11 - system_events - INFO - [BOT_LOOP_TICK] {"time": "2025-12-19T00:50:11.805379", "openTrades": 0, "equity": 9990.31, "balance": 9990.31}
2025-12-19 00:52:27 - system_events - INFO - [BOT_LOOP_TICK] {"time": "2025-12-19T00:52:27.089259", "openTrades": 0, "equity": 9990.31, "balance": 9990.31}
2025-12-19 00:54:48 - system_events - INFO - [BOT_LOOP_TICK] {"time": "2025-12-19T00:54:48.122377", "openTrades": 0, "equity": 9990.31, "balance": 9990.31}
2025-12-19 00:57:09 - system_events - INFO - [BOT_LOOP_TICK] {"time": "2025-12-19T00:57:09.803153", "openTrades": 0, "equity": 9990.31, "balance": 9990.31}
2025-12-19 00:59:25 - system_events - INFO - [BOT_LOOP_TICK] {"time": "2025-12-19T00:59:25.399761", "openTrades": 0, "equity": 9990.31, "balance": 9990.31}
2025-12-19 01:01:43 - system_events - INFO - [BOT_LOOP_TICK] {"time": "2025-12-19T01:01:43.723693", "openTrades": 0, "equity": 9990.31, "balance": 9990.31}
2025-12-19 01:04:10 - system_events - INFO - [BOT_LOOP_TICK] {"time": "2025-12-19T01:04:10.123750", "openTrades": 0, "equity": 9990.31, "balance": 9990.31}
2025-12-19 01:06:39 - system_events - INFO - [BOT_LOOP_TICK] {"time": "2025-12-19T01:06:39.964702", "openTrades": 0, "equity": 9990.31, "balance": 9990.31}
2025-12-19 01:08:59 - system_events - INFO - [BOT_LOOP_TICK] {"time": "2025-12-19T01:08:59.793899", "openTrades": 0, "equity": 9990.31, "balance": 9990.31}
2025-12-19 01:11:26 - system_events - INFO - [BOT_LOOP_TICK] {"time": "2025-12-19T01:11:26.757555", "openTrades": 0, "equity": 9990.31, "balance": 9990.31}
2025-12-19 01:13:48 - system_events - INFO - [BOT_LOOP_TICK] {"time": "2025-12-19T01:13:48.203056", "openTrades": 0, "equity": 9990.31, "balance": 9990.31}
2025-12-19 01:16:12 - system_events - INFO - [BOT_LOOP_TICK] {"time": "2025-12-19T01:16:12.601855", "openTrades": 0, "equity": 9990.31, "balance": 9990.31}
2025-12-19 01:18:32 - system_events - INFO - [BOT_LOOP_TICK] {"time": "2025-12-19T01:18:32.274318", "openTrades": 0, "equity": 9990.31, "balance": 9990.31}
2025-12-19 01:20:55 - system_events - INFO - [BOT_LOOP_TICK] {"time": "2025-12-19T01:20:55.156187", "openTrades": 0, "equity": 9990.31, "balance": 9990.31}
2025-12-19 01:23:18 - system_events - INFO - [BOT_LOOP_TICK] {"time": "2025-12-19T01:23:18.196349", "openTrades": 0, "equity": 9990.31, "balance": 9990.31}
2025-12-19 01:25:48 - system_events - INFO - [BOT_LOOP_TICK] {"time": "2025-12-19T01:25:48.353614", "openTrades": 0, "equity": 9990.31, "balance": 9990.31}
2025-12-19 01:28:05 - system_events - INFO - [BOT_LOOP_TICK] {"time": "2025-12-19T01:28:05.554440", "openTrades": 0, "equity": 9990.31, "balance": 9990.31}
2025-12-19 01:30:20 - system_events - INFO - [BOT_LOOP_TICK] {"time": "2025-12-19T01:30:20.844911", "openTrades": 0, "equity": 9990.31, "balance": 9990.31}
2025-12-19 01:32:31 - system_events - INFO - [BOT_LOOP_TICK] {"time": "2025-12-19T01:32:31.879693", "openTrades": 0, "equity": 9990.31, "balance": 9990.31}
2025-12-19 01:34:45 - system_events - INFO - [BOT_LOOP_TICK] {"time": "2025-12-19T01:34:45.959929", "openTrades": 0, "equity": 9990.31, "balance": 9990.31}
2025-12-19 01:36:56 - system_events - INFO - [BOT_LOOP_TICK] {"time": "2025-12-19T01:36:56.131055", "openTrades": 0, "equity": 9990.31, "balance": 9990.31}
2025-12-19 01:39:08 - system_events - INFO - [BOT_LOOP_TICK] {"time": "2025-12-19T01:39:08.282690", "openTrades": 0, "equity": 9990.31, "balance": 9990.31}
2025-12-19 01:41:18 - system_events - INFO - [BOT_LOOP_TICK] {"time": "2025-12-19T01:41:18.120584", "openTrades": 0, "equity": 9990.31, "balance": 9990.31}
2025-12-19 01:43:30 - system_events - INFO - [BOT_LOOP_TICK] {"time": "2025-12-19T01:43:30.605110", "openTrades": 0, "equity": 9990.31, "balance": 9990.31}
2025-12-19 01:45:45 - system_events - INFO - [BOT_LOOP_TICK] {"time": "2025-12-19T01:45:45.562571", "openTrades": 0, "equity": 9990.31, "balance": 9990.31}
2025-12-19 01:48:04 - system_events - INFO - [BOT_LOOP_TICK] {"time": "2025-12-19T01:48:04.040840", "openTrades": 0, "equity": 9990.31, "balance": 9990.31}
2025-12-19 01:50:30 - system_events - INFO - [BOT_LOOP_TICK] {"time": "2025-12-19T01:50:30.283018", "openTrades": 0, "equity": 9990.31, "balance": 9990.31}
2025-12-19 01:52:52 - system_events - INFO - [BOT_LOOP_TICK] {"time": "2025-12-19T01:52:52.602136", "openTrades": 0, "equity": 9990.31, "balance": 9990.31}
2025-12-19 01:55:18 - system_events - INFO - [BOT_LOOP_TICK] {"time": "2025-12-19T01:55:18.116566", "openTrades": 0, "equity": 9990.31, "balance": 9990.31}
2025-12-19 01:57:42 - system_events - INFO - [BOT_LOOP_TICK] {"time": "2025-12-19T01:57:42.210638", "openTrades": 0, "equity": 9990.31, "balance": 9990.31}
2025-12-19 01:59:59 - system_events - INFO - [BOT_LOOP_TICK] {"time": "2025-12-19T01:59:59.393966", "openTrades": 0, "equity": 9990.31, "balance": 9990.31}
2025-12-19 02:02:16 - system_events - INFO - [BOT_LOOP_TICK] {"time": "2025-12-19T02:02:16.605584", "openTrades": 0, "equity": 9990.31, "balance": 9990.31}
2025-12-19 02:04:45 - system_events - INFO - [BOT_LOOP_TICK] {"time": "2025-12-19T02:04:45.796344", "openTrades": 0, "equity": 9990.31, "balance": 9990.31}
2025-12-19 02:07:10 - system_events - INFO - [BOT_LOOP_TICK] {"time": "2025-12-19T02:07:10.520269", "openTrades": 0, "equity": 9990.31, "balance": 9990.31}
2025-12-19 02:09:29 - system_events - INFO - [BOT_LOOP_TICK] {"time": "2025-12-19T02:09:29.076049", "openTrades": 0, "equity": 9990.31, "balance": 9990.31}
2025-12-19 02:11:51 - system_events - INFO - [BOT_LOOP_TICK] {"time": "2025-12-19T02:11:51.085158", "openTrades": 0, "equity": 9990.31, "balance": 9990.31}
2025-12-19 02:14:01 - system_events - INFO - [BOT_LOOP_TICK] {"time": "2025-12-19T02:14:01.967957", "openTrades": 0, "equity": 9990.31, "balance": 9990.31}
2025-12-19 02:16:19 - system_events - INFO - [BOT_LOOP_TICK] {"time": "2025-12-19T02:16:19.885699", "openTrades": 0, "equity": 9990.31, "balance": 9990.31}
2025-12-19 02:18:28 - system_events - INFO - [BOT_LOOP_TICK] {"time": "2025-12-19T02:18:28.371721", "openTrades": 0, "equity": 9990.31, "balance": 9990.31}
2025-12-19 02:20:42 - system_events - INFO - [BOT_LOOP_TICK] {"time": "2025-12-19T02:20:42.604799", "openTrades": 0, "equity": 9990.31, "balance": 9990.31}
2025-12-19 02:22:52 - system_events - INFO - [BOT_LOOP_TICK] {"time": "2025-12-19T02:22:52.524603", "openTrades": 0, "equity": 9990.31, "balance": 9990.31}
2025-12-19 02:25:05 - system_events - INFO - [BOT_LOOP_TICK] {"time": "2025-12-19T02:25:05.249447", "openTrades": 0, "equity": 9990.31, "balance": 9990.31}
2025-12-19 02:27:19 - system_events - INFO - [BOT_LOOP_TICK] {"time": "2025-12-19T02:27:19.399041", "openTrades": 0, "equity": 9990.31, "balance": 9990.31}
2025-12-19 02:29:28 - system_events - INFO - [BOT_LOOP_TICK] {"time": "2025-12-19T02:29:28.677398", "openTrades": 0, "equity": 9990.31, "balance": 9990.31}
2025-12-19 02:31:46 - system_events - INFO - [BOT_LOOP_TICK] {"time": "2025-12-19T02:31:46.766043", "openTrades": 0, "equity": 9990.31, "balance": 9990.31}
2025-12-19 02:33:56 - system_events - INFO - [BOT_LOOP_TICK] {"time": "2025-12-19T02:33:56.834138", "openTrades": 0, "equity": 9990.31, "balance": 9990.31}
2025-12-19 02:36:12 - system_events - INFO - [BOT_LOOP_TICK] {"time": "2025-12-19T02:36:12.685459", "openTrades": 0, "equity": 9990.31, "balance": 9990.31}
2025-12-19 02:38:39 - system_events - INFO - [BOT_LOOP_TICK] {"time": "2025-12-19T02:38:39.235766", "openTrades": 0, "equity": 9990.31, "balance": 9990.31}
2025-12-19 02:41:10 - system_events - INFO - [BOT_LOOP_TICK] {"time": "2025-12-19T02:41:10.279725", "openTrades": 0, "equity": 9990.31, "balance": 9990.31}
2025-12-19 02:43:27 - system_events - INFO - [BOT_LOOP_TICK] {"time": "2025-12-19T02:43:27.404438", "openTrades": 0, "equity": 9990.31, "balance": 9990.31}
2025-12-19 02:46:00 - system_events - INFO - [BOT_LOOP_TICK] {"time": "2025-12-19T02:46:00.435750", "openTrades": 0, "equity": 9990.31, "balance": 9990.31}
2025-12-19 02:48:36 - system_events - INFO - [BOT_LOOP_TICK] {"time": "2025-12-19T02:48:36.682828", "openTrades": 0, "equity": 9990.31, "balance": 9990.31}
2025-12-19 02:51:05 - system_events - INFO - [BOT_LOOP_TICK] {"time": "2025-12-19T02:51:05.633722", "openTrades": 0, "equity": 9990.31, "balance": 9990.31}
2025-12-19 02:53:28 - system_events - INFO - [BOT_LOOP_TICK] {"time": "2025-12-19T02:53:28.433960", "openTrades": 0, "equity": 9990.31, "balance": 9990.31}
2025-12-19 02:55:55 - system_events - INFO - [BOT_LOOP_TICK] {"time": "2025-12-19T02:55:55.166948", "openTrades": 0, "equity": 9990.31, "balance": 9990.31}
2025-12-19 02:58:13 - system_events - INFO - [BOT_LOOP_TICK] {"time": "2025-12-19T02:58:13.956152", "openTrades": 0, "equity": 9990.31, "balance": 9990.31}
2025-12-19 03:00:36 - system_events - INFO - [BOT_LOOP_TICK] {"time": "2025-12-19T03:00:36.273779", "openTrades": 0, "equity": 9990.31, "balance": 9990.31}
2025-12-19 03:02:46 - system_events - INFO - [BOT_LOOP_TICK] {"time": "2025-12-19T03:02:46.824580", "openTrades": 0, "equity": 9990.31, "balance": 9990.31}
2025-12-19 03:04:57 - system_events - INFO - [BOT_LOOP_TICK] {"time": "2025-12-19T03:04:57.406752", "openTrades": 0, "equity": 9990.31, "balance": 9990.31}
2025-12-19 03:07:14 - system_events - INFO - [BOT_LOOP_TICK] {"time": "2025-12-19T03:07:14.675098", "openTrades": 0, "equity": 9990.31, "balance": 9990.31}
2025-12-19 03:09:30 - system_events - INFO - [BOT_LOOP_TICK] {"time": "2025-12-19T03:09:30.524623", "openTrades": 0, "equity": 9990.31, "balance": 9990.31}
2025-12-19 03:11:38 - system_events - INFO - [BOT_LOOP_TICK] {"time": "2025-12-19T03:11:38.284095", "openTrades": 0, "equity": 9990.31, "balance": 9990.31}
2025-12-19 03:13:47 - system_events - INFO - [BOT_LOOP_TICK] {"time": "2025-12-19T03:13:47.003094", "openTrades": 0, "equity": 9990.31, "balance": 9990.31}
2025-12-19 03:15:57 - system_events - INFO - [BOT_LOOP_TICK] {"time": "2025-12-19T03:15:57.955609", "openTrades": 0, "equity": 9990.31, "balance": 9990.31}
2025-12-19 03:18:08 - system_events - INFO - [BOT_LOOP_TICK] {"time": "2025-12-19T03:18:08.448292", "openTrades": 0, "equity": 9990.31, "balance": 9990.31}
2025-12-19 03:20:32 - system_events - INFO - [BOT_LOOP_TICK] {"time": "2025-12-19T03:20:32.519453", "openTrades": 0, "equity": 9990.31, "balance": 9990.31}
2025-12-19 03:22:39 - system_events - INFO - [BOT_LOOP_TICK] {"time": "2025-12-19T03:22:39.010151", "openTrades": 0, "equity": 9990.31, "balance": 9990.31}
2025-12-19 03:24:52 - system_events - INFO - [BOT_LOOP_TICK] {"time": "2025-12-19T03:24:52.616106", "openTrades": 0, "equity": 9990.31, "balance": 9990.31}
2025-12-19 03:26:51 - system_events - INFO - [BOT_LOOP_TICK] {"time": "2025-12-19T03:26:51.318546", "openTrades": 0, "equity": 9990.31, "balance": 9990.31}
2025-12-19 03:29:05 - system_events - INFO - [BOT_LOOP_TICK] {"time": "2025-12-19T03:29:05.883471", "openTrades": 0, "equity": 9990.31, "balance": 9990.31}
2025-12-19 03:31:18 - system_events - INFO - [BOT_LOOP_TICK] {"time": "2025-12-19T03:31:18.913811", "openTrades": 0, "equity": 9990.31, "balance": 9990.31}
2025-12-19 03:33:32 - system_events - INFO - [BOT_LOOP_TICK] {"time": "2025-12-19T03:33:32.919590", "openTrades": 0, "equity": 9990.31, "balance": 9990.31}
2025-12-19 03:35:48 - system_events - INFO - [BOT_LOOP_TICK] {"time": "2025-12-19T03:35:48.598317", "openTrades": 0, "equity": 9990.31, "balance": 9990.31}
2025-12-19 03:37:59 - system_events - INFO - [BOT_LOOP_TICK] {"time": "2025-12-19T03:37:59.403675", "openTrades": 0, "equity": 9990.31, "balance": 9990.31}
2025-12-19 03:40:16 - system_events - INFO - [BOT_LOOP_TICK] {"time": "2025-12-19T03:40:16.687761", "openTrades": 0, "equity": 9990.31, "balance": 9990.31}
2025-12-19 03:42:32 - system_events - INFO - [BOT_LOOP_TICK] {"time": "2025-12-19T03:42:32.601729", "openTrades": 0, "equity": 9990.31, "balance": 9990.31}
2025-12-19 03:44:47 - system_events - INFO - [BOT_LOOP_TICK] {"time": "2025-12-19T03:44:47.957770", "openTrades": 0, "equity": 9990.31, "balance": 9990.31}
2025-12-19 03:46:54 - system_events - INFO - [BOT_LOOP_TICK] {"time": "2025-12-19T03:46:54.044937", "openTrades": 0, "equity": 9990.31, "balance": 9990.31}
2025-12-19 03:49:09 - system_events - INFO - [BOT_LOOP_TICK] {"time": "2025-12-19T03:49:09.003328", "openTrades": 0, "equity": 9990.31, "balance": 9990.31}
2025-12-19 03:51:25 - system_events - INFO - [BOT_LOOP_TICK] {"time": "2025-12-19T03:51:25.804992", "openTrades": 0, "equity": 9990.31, "balance": 9990.31}
2025-12-19 03:53:50 - system_events - INFO - [BOT_LOOP_TICK] {"time": "2025-12-19T03:53:50.434283", "openTrades": 0, "equity": 9990.31, "balance": 9990.31}
2025-12-19 03:56:08 - system_events - INFO - [BOT_LOOP_TICK] {"time": "2025-12-19T03:56:08.529077", "openTrades": 0, "equity": 9990.31, "balance": 9990.31}
2025-12-19 03:58:29 - system_events - INFO - [BOT_LOOP_TICK] {"time": "2025-12-19T03:58:29.795236", "openTrades": 0, "equity": 9990.31, "balance": 9990.31}
2025-12-19 04:00:42 - system_events - INFO - [BOT_LOOP_TICK] {"time": "2025-12-19T04:00:42.678030", "openTrades": 0, "equity": 9990.31, "balance": 9990.31}
2025-12-19 04:03:09 - system_events - INFO - [BOT_LOOP_TICK] {"time": "2025-12-19T04:03:09.184714", "openTrades": 0, "equity": 9990.31, "balance": 9990.31}
2025-12-19 04:05:27 - system_events - INFO - [BOT_LOOP_TICK] {"time": "2025-12-19T04:05:27.154559", "openTrades": 0, "equity": 9990.31, "balance": 9990.31}
2025-12-19 04:07:45 - system_events - INFO - [BOT_LOOP_TICK] {"time": "2025-12-19T04:07:45.566954", "openTrades": 0, "equity": 9990.31, "balance": 9990.31}
2025-12-19 04:09:59 - system_events - INFO - [BOT_LOOP_TICK] {"time": "2025-12-19T04:09:59.878288", "openTrades": 0, "equity": 9990.31, "balance": 9990.31}
2025-12-19 04:12:19 - system_events - INFO - [BOT_LOOP_TICK] {"time": "2025-12-19T04:12:19.026099", "openTrades": 0, "equity": 9990.31, "balance": 9990.31}
2025-12-19 04:14:32 - system_events - INFO - [BOT_LOOP_TICK] {"time": "2025-12-19T04:14:32.037447", "openTrades": 0, "equity": 9990.31, "balance": 9990.31}
2025-12-19 04:16:41 - system_events - INFO - [BOT_LOOP_TICK] {"time": "2025-12-19T04:16:41.564083", "openTrades": 0, "equity": 9990.31, "balance": 9990.31}
2025-12-19 04:18:58 - system_events - INFO - [BOT_LOOP_TICK] {"time": "2025-12-19T04:18:58.126910", "openTrades": 0, "equity": 9990.31, "balance": 9990.31}
2025-12-19 04:21:22 - system_events - INFO - [BOT_LOOP_TICK] {"time": "2025-12-19T04:21:22.118026", "openTrades": 0, "equity": 9990.31, "balance": 9990.31}
2025-12-19 04:23:35 - system_events - INFO - [BOT_LOOP_TICK] {"time": "2025-12-19T04:23:35.245234", "openTrades": 0, "equity": 9990.31, "balance": 9990.31}
2025-12-19 04:25:50 - system_events - INFO - [BOT_LOOP_TICK] {"time": "2025-12-19T04:25:50.529081", "openTrades": 0, "equity": 9990.31, "balance": 9990.31}
2025-12-19 04:28:11 - system_events - INFO - [BOT_LOOP_TICK] {"time": "2025-12-19T04:28:11.319018", "openTrades": 0, "equity": 9990.31, "balance": 9990.31}
2025-12-19 04:30:27 - system_events - INFO - [BOT_LOOP_TICK] {"time": "2025-12-19T04:30:27.877597", "openTrades": 0, "equity": 9990.31, "balance": 9990.31}
2025-12-19 04:32:40 - system_events - INFO - [BOT_LOOP_TICK] {"time": "2025-12-19T04:32:40.115270", "openTrades": 0, "equity": 9990.31, "balance": 9990.31}
2025-12-19 04:34:58 - system_events - INFO - [BOT_LOOP_TICK] {"time": "2025-12-19T04:34:58.201242", "openTrades": 0, "equity": 9990.31, "balance": 9990.31}
2025-12-19 04:37:17 - system_events - INFO - [BOT_LOOP_TICK] {"time": "2025-12-19T04:37:17.964031", "openTrades": 0, "equity": 9990.31, "balance": 9990.31}
2025-12-19 04:39:48 - system_events - INFO - [BOT_LOOP_TICK] {"time": "2025-12-19T04:39:48.124903", "openTrades": 0, "equity": 9990.31, "balance": 9990.31}
2025-12-19 04:42:13 - system_events - INFO - [BOT_LOOP_TICK] {"time": "2025-12-19T04:42:13.794180", "openTrades": 0, "equity": 9990.31, "balance": 9990.31}
2025-12-19 04:44:40 - system_events - INFO - [BOT_LOOP_TICK] {"time": "2025-12-19T04:44:40.274296", "openTrades": 0, "equity": 9990.31, "balance": 9990.31}
2025-12-19 04:47:02 - system_events - INFO - [BOT_LOOP_TICK] {"time": "2025-12-19T04:47:01.978898", "openTrades": 0, "equity": 9990.31, "balance": 9990.31}
2025-12-19 04:49:18 - system_events - INFO - [BOT_LOOP_TICK] {"time": "2025-12-19T04:49:18.602423", "openTrades": 0, "equity": 9990.31, "balance": 9990.31}
2025-12-19 04:51:37 - system_events - INFO - [BOT_LOOP_TICK] {"time": "2025-12-19T04:51:37.004382", "openTrades": 0, "equity": 9990.31, "balance": 9990.31}
2025-12-19 04:53:43 - system_events - INFO - [BOT_LOOP_TICK] {"time": "2025-12-19T04:53:43.885054", "openTrades": 0, "equity": 9990.31, "balance": 9990.31}
2025-12-19 04:55:57 - system_events - INFO - [BOT_LOOP_TICK] {"time": "2025-12-19T04:55:57.723843", "openTrades": 0, "equity": 9990.31, "balance": 9990.31}
2025-12-19 04:58:06 - system_events - INFO - [BOT_LOOP_TICK] {"time": "2025-12-19T04:58:06.759568", "openTrades": 0, "equity": 9990.31, "balance": 9990.31}
2025-12-19 05:00:22 - system_events - INFO - [BOT_LOOP_TICK] {"time": "2025-12-19T05:00:22.916699", "openTrades": 0, "equity": 9990.31, "balance": 9990.31}
2025-12-19 05:02:42 - system_events - INFO - [BOT_LOOP_TICK] {"time": "2025-12-19T05:02:42.434218", "openTrades": 0, "equity": 9990.31, "balance": 9990.31}
2025-12-19 05:04:54 - system_events - INFO - [BOT_LOOP_TICK] {"time": "2025-12-19T05:04:54.603271", "openTrades": 0, "equity": 9990.31, "balance": 9990.31}
2025-12-19 05:07:09 - system_events - INFO - [BOT_LOOP_TICK] {"time": "2025-12-19T05:07:09.637725", "openTrades": 0, "equity": 9990.31, "balance": 9990.31}
2025-12-19 05:09:19 - system_events - INFO - [BOT_LOOP_TICK] {"time": "2025-12-19T05:09:19.248609", "openTrades": 0, "equity": 9990.31, "balance": 9990.31}
2025-12-19 05:11:37 - system_events - INFO - [BOT_LOOP_TICK] {"time": "2025-12-19T05:11:37.633802", "openTrades": 0, "equity": 9990.31, "balance": 9990.31}
2025-12-19 05:13:51 - system_events - INFO - [BOT_LOOP_TICK] {"time": "2025-12-19T05:13:51.245835", "openTrades": 0, "equity": 9990.31, "balance": 9990.31}
2025-12-19 05:15:57 - system_events - INFO - [BOT_LOOP_TICK] {"time": "2025-12-19T05:15:57.809377", "openTrades": 0, "equity": 9990.31, "balance": 9990.31}
2025-12-19 05:18:12 - system_events - INFO - [BOT_LOOP_TICK] {"time": "2025-12-19T05:18:12.759438", "openTrades": 0, "equity": 9990.31, "balance": 9990.31}
2025-12-19 05:20:40 - system_events - INFO - [BOT_LOOP_TICK] {"time": "2025-12-19T05:20:40.117190", "openTrades": 0, "equity": 9990.31, "balance": 9990.31}
2025-12-19 05:22:55 - system_events - INFO - [BOT_LOOP_TICK] {"time": "2025-12-19T05:22:55.721098", "openTrades": 0, "equity": 9990.31, "balance": 9990.31}
2025-12-19 05:25:05 - system_events - INFO - [BOT_LOOP_TICK] {"time": "2025-12-19T05:25:05.189023", "openTrades": 0, "equity": 9990.31, "balance": 9990.31}
2025-12-19 05:27:13 - system_events - INFO - [BOT_LOOP_TICK] {"time": "2025-12-19T05:27:13.239872", "openTrades": 0, "equity": 9990.31, "balance": 9990.31}
2025-12-19 05:29:31 - system_events - INFO - [BOT_LOOP_TICK] {"time": "2025-12-19T05:29:31.155035", "openTrades": 0, "equity": 9990.31, "balance": 9990.31}
2025-12-19 05:31:45 - system_events - INFO - [BOT_LOOP_TICK] {"time": "2025-12-19T05:31:45.163671", "openTrades": 0, "equity": 9990.31, "balance": 9990.31}
2025-12-19 05:33:58 - system_events - INFO - [BOT_LOOP_TICK] {"time": "2025-12-19T05:33:58.196641", "openTrades": 0, "equity": 9990.31, "balance": 9990.31}
2025-12-19 05:36:13 - system_events - INFO - [BOT_LOOP_TICK] {"time": "2025-12-19T05:36:13.170115", "openTrades": 0, "equity": 9990.31, "balance": 9990.31}
2025-12-19 05:38:24 - system_events - INFO - [BOT_LOOP_TICK] {"time": "2025-12-19T05:38:24.359928", "openTrades": 0, "equity": 9990.31, "balance": 9990.31}
2025-12-19 05:40:33 - system_events - INFO - [BOT_LOOP_TICK] {"time": "2025-12-19T05:40:33.963417", "openTrades": 0, "equity": 9990.31, "balance": 9990.31}
2025-12-19 05:42:45 - system_events - INFO - [BOT_LOOP_TICK] {"time": "2025-12-19T05:42:45.715422", "openTrades": 0, "equity": 9990.31, "balance": 9990.31}
2025-12-19 05:44:55 - system_events - INFO - [BOT_LOOP_TICK] {"time": "2025-12-19T05:44:55.252749", "openTrades": 0, "equity": 9990.31, "balance": 9990.31}
2025-12-19 05:47:10 - system_events - INFO - [BOT_LOOP_TICK] {"time": "2025-12-19T05:47:10.757946", "openTrades": 0, "equity": 9990.31, "balance": 9990.31}
2025-12-19 05:49:25 - system_events - INFO - [BOT_LOOP_TICK] {"time": "2025-12-19T05:49:25.877925", "openTrades": 0, "equity": 9990.31, "balance": 9990.31}
2025-12-19 05:51:38 - system_events - INFO - [BOT_LOOP_TICK] {"time": "2025-12-19T05:51:38.042700", "openTrades": 0, "equity": 9990.31, "balance": 9990.31}
2025-12-19 05:53:48 - system_events - INFO - [BOT_LOOP_TICK] {"time": "2025-12-19T05:53:48.124980", "openTrades": 0, "equity": 9990.31, "balance": 9990.31}
2025-12-19 05:56:03 - system_events - INFO - [BOT_LOOP_TICK] {"time": "2025-12-19T05:56:03.413136", "openTrades": 0, "equity": 9990.31, "balance": 9990.31}
2025-12-19 05:58:28 - system_events - INFO - [BOT_LOOP_TICK] {"time": "2025-12-19T05:58:28.045646", "openTrades": 0, "equity": 9990.31, "balance": 9990.31}
2025-12-19 06:00:39 - system_events - INFO - [BOT_LOOP_TICK] {"time": "2025-12-19T06:00:39.085113", "openTrades": 0, "equity": 9990.31, "balance": 9990.31}
2025-12-19 06:02:58 - system_events - INFO - [BOT_LOOP_TICK] {"time": "2025-12-19T06:02:58.608342", "openTrades": 0, "equity": 9990.31, "balance": 9990.31}
2025-12-19 06:05:21 - system_events - INFO - [BOT_LOOP_TICK] {"time": "2025-12-19T06:05:21.716914", "openTrades": 0, "equity": 9990.31, "balance": 9990.31}
2025-12-19 06:07:31 - system_events - INFO - [BOT_LOOP_TICK] {"time": "2025-12-19T06:07:31.884403", "openTrades": 0, "equity": 9990.31, "balance": 9990.31}
2025-12-19 06:09:43 - system_events - INFO - [BOT_LOOP_TICK] {"time": "2025-12-19T06:09:43.403194", "openTrades": 0, "equity": 9990.31, "balance": 9990.31}
2025-12-19 06:11:58 - system_events - INFO - [BOT_LOOP_TICK] {"time": "2025-12-19T06:11:58.606467", "openTrades": 0, "equity": 9990.31, "balance": 9990.31}
2025-12-19 06:14:13 - system_events - INFO - [BOT_LOOP_TICK] {"time": "2025-12-19T06:14:13.163063", "openTrades": 0, "equity": 9990.31, "balance": 9990.31}
2025-12-19 06:16:20 - system_events - INFO - [BOT_LOOP_TICK] {"time": "2025-12-19T06:16:20.540486", "openTrades": 0, "equity": 9990.31, "balance": 9990.31}
2025-12-19 06:18:33 - system_events - INFO - [BOT_LOOP_TICK] {"time": "2025-12-19T06:18:33.158459", "openTrades": 0, "equity": 9990.31, "balance": 9990.31}
2025-12-19 06:20:46 - system_events - INFO - [BOT_LOOP_TICK] {"time": "2025-12-19T06:20:46.769587", "openTrades": 0, "equity": 9990.31, "balance": 9990.31}
2025-12-19 06:23:05 - system_events - INFO - [BOT_LOOP_TICK] {"time": "2025-12-19T06:23:05.969183", "openTrades": 0, "equity": 9990.31, "balance": 9990.31}
2025-12-19 06:25:26 - system_events - INFO - [BOT_LOOP_TICK] {"time": "2025-12-19T06:25:26.689305", "openTrades": 0, "equity": 9990.31, "balance": 9990.31}
2025-12-19 06:27:48 - system_events - INFO - [BOT_LOOP_TICK] {"time": "2025-12-19T06:27:48.045443", "openTrades": 0, "equity": 9990.31, "balance": 9990.31}
2025-12-19 06:30:20 - system_events - INFO - [BOT_LOOP_TICK] {"time": "2025-12-19T06:30:20.038903", "openTrades": 0, "equity": 9990.31, "balance": 9990.31}
2025-12-19 06:32:43 - system_events - INFO - [BOT_LOOP_TICK] {"time": "2025-12-19T06:32:43.886790", "openTrades": 0, "equity": 9990.31, "balance": 9990.31}
2025-12-19 06:34:59 - system_events - INFO - [BOT_LOOP_TICK] {"time": "2025-12-19T06:34:59.891932", "openTrades": 0, "equity": 9990.31, "balance": 9990.31}
2025-12-19 06:37:17 - system_events - INFO - [BOT_LOOP_TICK] {"time": "2025-12-19T06:37:17.318807", "openTrades": 0, "equity": 9990.31, "balance": 9990.31}
2025-12-19 06:39:43 - system_events - INFO - [BOT_LOOP_TICK] {"time": "2025-12-19T06:39:43.169350", "openTrades": 0, "equity": 9990.31, "balance": 9990.31}
2025-12-19 06:42:09 - system_events - INFO - [BOT_LOOP_TICK] {"time": "2025-12-19T06:42:09.720433", "openTrades": 0, "equity": 9990.31, "balance": 9990.31}
2025-12-19 06:44:32 - system_events - INFO - [BOT_LOOP_TICK] {"time": "2025-12-19T06:44:32.129897", "openTrades": 0, "equity": 9990.31, "balance": 9990.31}
2025-12-19 06:46:49 - system_events - INFO - [BOT_LOOP_TICK] {"time": "2025-12-19T06:46:49.237563", "openTrades": 0, "equity": 9990.31, "balance": 9990.31}
2025-12-19 06:49:05 - system_events - INFO - [BOT_LOOP_TICK] {"time": "2025-12-19T06:49:05.807654", "openTrades": 0, "equity": 9990.31, "balance": 9990.31}
2025-12-19 06:51:21 - system_events - INFO - [BOT_LOOP_TICK] {"time": "2025-12-19T06:51:21.164826", "openTrades": 0, "equity": 9990.31, "balance": 9990.31}
2025-12-19 06:53:28 - system_events - INFO - [BOT_LOOP_TICK] {"time": "2025-12-19T06:53:28.837512", "openTrades": 0, "equity": 9990.31, "balance": 9990.31}
2025-12-19 06:55:42 - system_events - INFO - [BOT_LOOP_TICK] {"time": "2025-12-19T06:55:42.356369", "openTrades": 0, "equity": 9990.31, "balance": 9990.31}
2025-12-19 06:57:54 - system_events - INFO - [BOT_LOOP_TICK] {"time": "2025-12-19T06:57:54.040265", "openTrades": 0, "equity": 9990.31, "balance": 9990.31}
2025-12-19 07:00:10 - system_events - INFO - [BOT_LOOP_TICK] {"time": "2025-12-19T07:00:10.433826", "openTrades": 0, "equity": 9990.31, "balance": 9990.31}
2025-12-19 07:02:22 - system_events - INFO - [BOT_LOOP_TICK] {"time": "2025-12-19T07:02:22.844036", "openTrades": 0, "equity": 9990.31, "balance": 9990.31}
2025-12-19 07:04:40 - system_events - INFO - [BOT_LOOP_TICK] {"time": "2025-12-19T07:04:40.525668", "openTrades": 0, "equity": 9990.31, "balance": 9990.31}
2025-12-19 07:07:08 - system_events - INFO - [BOT_LOOP_TICK] {"time": "2025-12-19T07:07:08.117696", "openTrades": 0, "equity": 9990.31, "balance": 9990.31}
2025-12-19 07:09:47 - system_events - INFO - [BOT_LOOP_TICK] {"time": "2025-12-19T07:09:47.236516", "openTrades": 0, "equity": 9990.31, "balance": 9990.31}
2025-12-19 07:12:07 - system_events - INFO - [BOT_LOOP_TICK] {"time": "2025-12-19T07:12:07.717182", "openTrades": 0, "equity": 9990.31, "balance": 9990.31}
2025-12-19 07:14:33 - system_events - INFO - [BOT_LOOP_TICK] {"time": "2025-12-19T07:14:33.554163", "openTrades": 0, "equity": 9990.31, "balance": 9990.31}
