2025-12-09 18:07:26 - comprehensive_monitor - INFO - ================================================================================
2025-12-09 18:07:26 - comprehensive_monitor - INFO - STARTING COMPREHENSIVE BOT MONITOR
2025-12-09 18:07:27 - comprehensive_monitor - INFO - ================================================================================
2025-12-09 18:07:27 - comprehensive_monitor - INFO - Monitor interval: 10.0s
2025-12-09 18:07:27 - comprehensive_monitor - INFO - Report interval: 300.0s
2025-12-09 18:07:27 - comprehensive_monitor - INFO - ✓ Comprehensive monitor started
2025-12-09 18:12:29 - comprehensive_monitor - INFO - ================================================================================
2025-12-09 18:12:29 - comprehensive_monitor - INFO - GENERATING COMPREHENSIVE ANALYSIS REPORT
2025-12-09 18:12:29 - comprehensive_monitor - INFO - ================================================================================
2025-12-09 18:12:29 - comprehensive_monitor - INFO - ✓ Report saved: logs/reports\comprehensive_analysis_20251209_181229.json
2025-12-09 18:12:29 - comprehensive_monitor - INFO - ✓ CSV summary saved: logs/reports\comprehensive_analysis_20251209_181229.csv
2025-12-09 18:17:29 - comprehensive_monitor - INFO - ================================================================================
2025-12-09 18:17:29 - comprehensive_monitor - INFO - GENERATING COMPREHENSIVE ANALYSIS REPORT
2025-12-09 18:17:29 - comprehensive_monitor - INFO - ================================================================================
2025-12-09 18:17:29 - comprehensive_monitor - INFO - ✓ Report saved: logs/reports\comprehensive_analysis_20251209_181729.json
2025-12-09 18:17:29 - comprehensive_monitor - INFO - ✓ CSV summary saved: logs/reports\comprehensive_analysis_20251209_181729.csv
2025-12-09 18:22:30 - comprehensive_monitor - INFO - ================================================================================
2025-12-09 18:22:30 - comprehensive_monitor - INFO - GENERATING COMPREHENSIVE ANALYSIS REPORT
2025-12-09 18:22:30 - comprehensive_monitor - INFO - ================================================================================
2025-12-09 18:22:30 - comprehensive_monitor - INFO - ✓ Report saved: logs/reports\comprehensive_analysis_20251209_182230.json
2025-12-09 18:22:30 - comprehensive_monitor - INFO - ✓ CSV summary saved: logs/reports\comprehensive_analysis_20251209_182230.csv
2025-12-09 18:27:33 - comprehensive_monitor - INFO - ================================================================================
2025-12-09 18:27:33 - comprehensive_monitor - INFO - GENERATING COMPREHENSIVE ANALYSIS REPORT
2025-12-09 18:27:33 - comprehensive_monitor - INFO - ================================================================================
2025-12-09 18:27:33 - comprehensive_monitor - INFO - ✓ Report saved: logs/reports\comprehensive_analysis_20251209_182733.json
2025-12-09 18:27:33 - comprehensive_monitor - INFO - ✓ CSV summary saved: logs/reports\comprehensive_analysis_20251209_182733.csv
2025-12-09 18:32:33 - comprehensive_monitor - INFO - ================================================================================
2025-12-09 18:32:33 - comprehensive_monitor - INFO - GENERATING COMPREHENSIVE ANALYSIS REPORT
2025-12-09 18:32:33 - comprehensive_monitor - INFO - ================================================================================
2025-12-09 18:32:33 - comprehensive_monitor - INFO - ✓ Report saved: logs/reports\comprehensive_analysis_20251209_183233.json
2025-12-09 18:32:33 - comprehensive_monitor - INFO - ✓ CSV summary saved: logs/reports\comprehensive_analysis_20251209_183233.csv
2025-12-09 18:33:27 - comprehensive_monitor - INFO - Stopping comprehensive monitor...
2025-12-09 18:33:32 - comprehensive_monitor - INFO - ================================================================================
2025-12-09 18:33:32 - comprehensive_monitor - INFO - GENERATING COMPREHENSIVE ANALYSIS REPORT
2025-12-09 18:33:32 - comprehensive_monitor - INFO - ================================================================================
2025-12-09 18:33:32 - comprehensive_monitor - INFO - ✓ Report saved: logs/reports\comprehensive_analysis_20251209_183332.json
2025-12-09 18:33:32 - comprehensive_monitor - INFO - ✓ CSV summary saved: logs/reports\comprehensive_analysis_20251209_183332.csv
2025-12-09 18:33:32 - comprehensive_monitor - INFO - ✓ Comprehensive monitor stopped
2025-12-09 18:33:38 - comprehensive_monitor - INFO - ================================================================================
2025-12-09 18:33:38 - comprehensive_monitor - INFO - STARTING COMPREHENSIVE BOT MONITOR
2025-12-09 18:33:38 - comprehensive_monitor - INFO - ================================================================================
2025-12-09 18:33:38 - comprehensive_monitor - INFO - Monitor interval: 10.0s
2025-12-09 18:33:38 - comprehensive_monitor - INFO - Report interval: 300.0s
2025-12-09 18:33:38 - comprehensive_monitor - INFO - ✓ Comprehensive monitor started
2025-12-09 18:38:38 - comprehensive_monitor - INFO - ================================================================================
2025-12-09 18:38:38 - comprehensive_monitor - INFO - GENERATING COMPREHENSIVE ANALYSIS REPORT
2025-12-09 18:38:38 - comprehensive_monitor - INFO - ================================================================================
2025-12-09 18:38:38 - comprehensive_monitor - INFO - ✓ Report saved: logs/reports\comprehensive_analysis_20251209_183838.json
2025-12-09 18:38:38 - comprehensive_monitor - INFO - ✓ CSV summary saved: logs/reports\comprehensive_analysis_20251209_183838.csv
2025-12-09 18:43:39 - comprehensive_monitor - INFO - ================================================================================
2025-12-09 18:43:39 - comprehensive_monitor - INFO - GENERATING COMPREHENSIVE ANALYSIS REPORT
2025-12-09 18:43:39 - comprehensive_monitor - INFO - ================================================================================
2025-12-09 18:43:39 - comprehensive_monitor - INFO - ✓ Report saved: logs/reports\comprehensive_analysis_20251209_184339.json
2025-12-09 18:43:39 - comprehensive_monitor - INFO - ✓ CSV summary saved: logs/reports\comprehensive_analysis_20251209_184339.csv
2025-12-09 18:45:21 - comprehensive_monitor - INFO - Stopping comprehensive monitor...
2025-12-09 18:45:26 - comprehensive_monitor - INFO - ================================================================================
2025-12-09 18:45:26 - comprehensive_monitor - INFO - GENERATING COMPREHENSIVE ANALYSIS REPORT
2025-12-09 18:45:26 - comprehensive_monitor - INFO - ================================================================================
2025-12-09 18:45:26 - comprehensive_monitor - INFO - ✓ Report saved: logs/reports\comprehensive_analysis_20251209_184526.json
2025-12-09 18:45:26 - comprehensive_monitor - INFO - ✓ CSV summary saved: logs/reports\comprehensive_analysis_20251209_184526.csv
2025-12-09 18:45:26 - comprehensive_monitor - INFO - ✓ Comprehensive monitor stopped
