2025-12-09 16:40:19 - mt5_connection - INFO - MT5 connected successfully. Account: 259747051, Balance: 9983.17
2025-12-09 16:40:20 - mt5_connection - INFO - MT5 connected successfully. Account: 259747051, Balance: 9983.17
2025-12-09 16:40:20 - mt5_connection - INFO - MT5 connected successfully. Account: 259747051, Balance: 9983.17
2025-12-09 16:40:20 - mt5_connection - INFO - MT5 connected successfully. Account: 259747051, Balance: 9983.17
2025-12-09 16:40:21 - mt5_connection - INFO - MT5 connected successfully. Account: 259747051, Balance: 9983.17
2025-12-09 16:42:08 - mt5_connection - INFO - MT5 connection closed
2025-12-09 16:42:15 - mt5_connection - INFO - MT5 connected successfully. Account: 259747051, Balance: 9983.17
2025-12-09 16:42:15 - mt5_connection - INFO - MT5 connection closed
2025-12-09 16:44:48 - mt5_connection - INFO - MT5 connected successfully. Account: 259747051, Balance: 9983.16
2025-12-09 16:44:48 - mt5_connection - INFO - MT5 connected successfully. Account: 259747051, Balance: 9983.16
2025-12-09 16:44:49 - mt5_connection - INFO - MT5 connected successfully. Account: 259747051, Balance: 9983.16
2025-12-09 16:44:49 - mt5_connection - INFO - MT5 connected successfully. Account: 259747051, Balance: 9983.16
2025-12-09 16:44:49 - mt5_connection - INFO - MT5 connected successfully. Account: 259747051, Balance: 9983.16
2025-12-09 16:45:11 - mt5_connection - INFO - MT5 connection closed
2025-12-09 16:45:21 - mt5_connection - INFO - MT5 connected successfully. Account: 259747051, Balance: 9983.16
2025-12-09 16:45:21 - mt5_connection - INFO - MT5 connection closed
2025-12-09 16:48:06 - mt5_connection - INFO - MT5 connected successfully. Account: 259747051, Balance: 9983.15
2025-12-09 16:48:06 - mt5_connection - INFO - MT5 connected successfully. Account: 259747051, Balance: 9983.15
2025-12-09 16:48:06 - mt5_connection - INFO - MT5 connected successfully. Account: 259747051, Balance: 9983.15
2025-12-09 16:48:06 - mt5_connection - INFO - MT5 connected successfully. Account: 259747051, Balance: 9983.15
2025-12-09 16:48:07 - mt5_connection - INFO - MT5 connected successfully. Account: 259747051, Balance: 9983.15
2025-12-09 16:51:23 - mt5_connection - INFO - MT5 connection closed
2025-12-09 16:51:32 - mt5_connection - INFO - MT5 connected successfully. Account: 259747051, Balance: 9983.15
2025-12-09 16:51:32 - mt5_connection - INFO - MT5 connection closed
2025-12-09 16:51:36 - mt5_connection - INFO - MT5 connected successfully. Account: 259747051, Balance: 9983.15
2025-12-09 16:51:36 - mt5_connection - INFO - MT5 connected successfully. Account: 259747051, Balance: 9983.15
2025-12-09 16:51:36 - mt5_connection - INFO - MT5 connected successfully. Account: 259747051, Balance: 9983.15
2025-12-09 16:51:37 - mt5_connection - INFO - MT5 connected successfully. Account: 259747051, Balance: 9983.15
2025-12-09 16:51:37 - mt5_connection - INFO - MT5 connected successfully. Account: 259747051, Balance: 9983.15
2025-12-09 16:55:36 - mt5_connection - INFO - MT5 connection closed
2025-12-09 16:55:42 - mt5_connection - INFO - MT5 connected successfully. Account: 259747051, Balance: 9982.98
2025-12-09 16:55:43 - mt5_connection - INFO - MT5 connection closed
2025-12-09 16:55:54 - mt5_connection - INFO - MT5 connected successfully. Account: 259747051, Balance: 9982.98
2025-12-09 16:55:54 - mt5_connection - INFO - MT5 connected successfully. Account: 259747051, Balance: 9982.98
2025-12-09 16:55:54 - mt5_connection - INFO - MT5 connected successfully. Account: 259747051, Balance: 9982.98
2025-12-09 16:55:54 - mt5_connection - INFO - MT5 connected successfully. Account: 259747051, Balance: 9982.98
2025-12-09 16:55:55 - mt5_connection - INFO - MT5 connected successfully. Account: 259747051, Balance: 9982.98
2025-12-09 16:59:49 - mt5_connection - INFO - MT5 connection closed
2025-12-09 17:00:00 - mt5_connection - INFO - MT5 connected successfully. Account: 259747051, Balance: 9982.98
2025-12-09 17:00:00 - mt5_connection - INFO - MT5 connection closed
2025-12-09 17:01:58 - mt5_connection - INFO - MT5 connected successfully. Account: 259747051, Balance: 9982.98
2025-12-09 17:02:23 - mt5_connection - INFO - MT5 connected successfully. Account: 259747051, Balance: 9982.98
2025-12-09 17:02:23 - mt5_connection - INFO - MT5 connected successfully. Account: 259747051, Balance: 9982.98
2025-12-09 17:02:24 - mt5_connection - INFO - MT5 connected successfully. Account: 259747051, Balance: 9982.98
2025-12-09 17:02:24 - mt5_connection - INFO - MT5 connected successfully. Account: 259747051, Balance: 9982.98
2025-12-09 17:02:24 - mt5_connection - INFO - MT5 connected successfully. Account: 259747051, Balance: 9982.98
2025-12-09 17:15:44 - mt5_connection - INFO - MT5 connected successfully. Account: 259747051, Balance: 9983.4
2025-12-09 17:24:44 - mt5_connection - INFO - MT5 connected successfully. Account: 259747051, Balance: 9981.97
2025-12-09 17:27:49 - mt5_connection - INFO - MT5 connection closed
2025-12-09 17:27:50 - mt5_connection - INFO - MT5 connected successfully. Account: 259747051, Balance: 9978.97
2025-12-09 17:27:50 - mt5_connection - INFO - MT5 connection closed
2025-12-09 18:07:24 - mt5_connection - INFO - MT5 connected successfully. Account: 259747051, Balance: 9978.97
2025-12-09 18:07:24 - mt5_connection - INFO - MT5 connected successfully. Account: 259747051, Balance: 9978.97
2025-12-09 18:07:24 - mt5_connection - INFO - MT5 connected successfully. Account: 259747051, Balance: 9978.97
2025-12-09 18:07:24 - mt5_connection - INFO - MT5 connected successfully. Account: 259747051, Balance: 9978.97
2025-12-09 18:07:24 - mt5_connection - INFO - MT5 connected successfully. Account: 259747051, Balance: 9978.97
2025-12-09 18:07:25 - mt5_connection - INFO - MT5 connected successfully. Account: 259747051, Balance: 9978.97
2025-12-09 18:33:15 - mt5_connection - INFO - MT5 connection closed
2025-12-09 18:33:23 - mt5_connection - WARNING - MT5 connection lost, attempting reconnect...
2025-12-09 18:33:23 - mt5_connection - WARNING - Attempting to reconnect to MT5...
2025-12-09 18:33:23 - mt5_connection - INFO - Reconnection attempt 1/5
2025-12-09 18:33:23 - mt5_connection - INFO - MT5 connected successfully. Account: 259747051, Balance: 9979.09
2025-12-09 18:33:23 - mt5_connection - INFO - Reconnection successful
2025-12-09 18:33:27 - mt5_connection - INFO - MT5 connected successfully. Account: 259747051, Balance: 9979.09
2025-12-09 18:33:32 - mt5_connection - INFO - MT5 connection closed
2025-12-09 18:33:36 - mt5_connection - INFO - MT5 connected successfully. Account: 259747051, Balance: 9979.09
2025-12-09 18:33:36 - mt5_connection - INFO - MT5 connected successfully. Account: 259747051, Balance: 9979.09
2025-12-09 18:33:36 - mt5_connection - INFO - MT5 connected successfully. Account: 259747051, Balance: 9979.09
2025-12-09 18:33:36 - mt5_connection - INFO - MT5 connected successfully. Account: 259747051, Balance: 9979.09
2025-12-09 18:33:36 - mt5_connection - INFO - MT5 connected successfully. Account: 259747051, Balance: 9979.09
2025-12-09 18:33:37 - mt5_connection - INFO - MT5 connected successfully. Account: 259747051, Balance: 9979.09
2025-12-09 18:45:11 - mt5_connection - INFO - MT5 connection closed
2025-12-09 18:45:19 - mt5_connection - WARNING - MT5 connection lost, attempting reconnect...
2025-12-09 18:45:19 - mt5_connection - WARNING - Attempting to reconnect to MT5...
2025-12-09 18:45:19 - mt5_connection - INFO - Reconnection attempt 1/5
2025-12-09 18:45:19 - mt5_connection - INFO - MT5 connected successfully. Account: 259747051, Balance: 9975.17
2025-12-09 18:45:19 - mt5_connection - INFO - Reconnection successful
2025-12-09 18:45:21 - mt5_connection - INFO - MT5 connected successfully. Account: 259747051, Balance: 9973.65
2025-12-09 18:45:26 - mt5_connection - INFO - MT5 connection closed
