2025-12-11 20:16:12,349 - INFO - STOXX50m: LOW_VOLUME - Insufficient tick volume: 4 < 5 (Volume: 4)
2025-12-11 20:16:12,400 - INFO - VIPSm: LOW_VOLUME - Insufficient tick volume: 1 < 5 (Volume: 1)
2025-12-11 20:16:12,434 - INFO - LIm: LOW_VOLUME - Insufficient tick volume: 1 < 5 (Volume: 1)
2025-12-11 20:16:12,605 - INFO - JDm: LOW_VOLUME - Insufficient tick volume: 1 < 5 (Volume: 1)
2025-12-11 20:16:12,618 - INFO - XPEVm: LOW_VOLUME - Insufficient tick volume: 1 < 5 (Volume: 1)
2025-12-11 20:16:12,767 - INFO - BILIm: LOW_VOLUME - Insufficient tick volume: 3 < 5 (Volume: 3)
2025-12-11 20:16:12,825 - INFO - NIOm: LOW_VOLUME - Insufficient tick volume: 1 < 5 (Volume: 1)
2025-12-11 20:16:12,884 - INFO - ZTOm: LOW_VOLUME - Insufficient tick volume: 1 < 5 (Volume: 1)
2025-12-11 20:16:12,987 - INFO - CSXm: LOW_VOLUME - Insufficient tick volume: 1 < 5 (Volume: 1)
2025-12-11 20:16:13,057 - INFO - TMEm: LOW_VOLUME - Insufficient tick volume: 1 < 5 (Volume: 1)
2025-12-11 20:16:13,239 - INFO - CMCSAm: LOW_VOLUME - Insufficient tick volume: 1 < 5 (Volume: 1)
2025-12-11 20:16:13,553 - INFO - MDLZm: LOW_VOLUME - Insufficient tick volume: 4 < 5 (Volume: 4)
2025-12-11 20:16:13,632 - INFO - MOm: LOW_VOLUME - Insufficient tick volume: 3 < 5 (Volume: 3)
2025-12-11 20:16:13,805 - INFO - CSCOm: LOW_VOLUME - Insufficient tick volume: 3 < 5 (Volume: 3)
2025-12-11 20:16:14,064 - INFO - EBAYm: LOW_VOLUME - Insufficient tick volume: 4 < 5 (Volume: 4)
2025-12-11 20:16:15,155 - INFO - Tm: LOW_VOLUME - Insufficient tick volume: 2 < 5 (Volume: 2)
2025-12-11 20:16:15,266 - INFO - BACm: LOW_VOLUME - Insufficient tick volume: 2 < 5 (Volume: 2)
2025-12-11 20:16:15,313 - INFO - INTCm: LOW_VOLUME - Insufficient tick volume: 4 < 5 (Volume: 4)
2025-12-11 20:16:15,390 - INFO - PFEm: LOW_VOLUME - Insufficient tick volume: 1 < 5 (Volume: 1)
2025-12-11 20:16:15,483 - INFO - VZm: LOW_VOLUME - Insufficient tick volume: 2 < 5 (Volume: 2)
2025-12-11 20:16:15,527 - INFO - YUMCm: LOW_VOLUME - Insufficient tick volume: 3 < 5 (Volume: 3)
2025-12-11 20:16:16,156 - INFO - BEKEm: LOW_VOLUME - Insufficient tick volume: 1 < 5 (Volume: 1)
2025-12-11 20:16:17,436 - INFO - PDDm: LOW_VOLUME - Insufficient tick volume: 2 < 5 (Volume: 2)
2025-12-11 20:16:19,116 - INFO - Fm: LOW_VOLUME - Insufficient tick volume: 1 < 5 (Volume: 1)
2025-12-11 20:16:19,161 - INFO - HK50m: LOW_VOLUME - Insufficient tick volume: 4 < 5 (Volume: 4)
2025-12-11 20:16:19,626 - INFO - FR40m: LOW_VOLUME - Insufficient tick volume: 3 < 5 (Volume: 3)
2025-12-11 20:16:19,915 - INFO - NTESm: LOW_VOLUME - Insufficient tick volume: 1 < 5 (Volume: 1)
2025-12-11 20:16:20,334 - INFO - ZARJPYm: LOW_VOLUME - Insufficient tick volume: 2 < 5 (Volume: 2)
2025-12-11 20:16:23,001 - INFO - TALm: LOW_VOLUME - Insufficient tick volume: 1 < 5 (Volume: 1)
2025-12-11 20:16:24,116 - INFO - DKKSGDm: LOW_VOLUME - Insufficient tick volume: 3 < 5 (Volume: 3)
2025-12-11 20:16:24,846 - INFO - FUTUm: LOW_VOLUME - Insufficient tick volume: 1 < 5 (Volume: 1)
2025-12-11 20:16:26,081 - INFO - EDUm: LOW_VOLUME - Insufficient tick volume: 1 < 5 (Volume: 1)
2025-12-11 20:16:26,284 - INFO - NOKJPYm: LOW_VOLUME - Insufficient tick volume: 3 < 5 (Volume: 3)
2025-12-11 20:16:26,380 - INFO - XNGUSDm: LOW_VOLUME - Insufficient tick volume: 4 < 5 (Volume: 4)
2025-12-11 20:16:26,416 - INFO - SEKJPYm: LOW_VOLUME - Insufficient tick volume: 4 < 5 (Volume: 4)
2025-12-11 20:16:26,486 - INFO - USDHKDm: LOW_VOLUME - Insufficient tick volume: 4 < 5 (Volume: 4)
2025-12-11 20:16:26,679 - INFO - EURDKKm: LOW_VOLUME - Insufficient tick volume: 1 < 5 (Volume: 1)
2025-12-11 20:16:26,760 - INFO - DKKPLNm: LOW_VOLUME - Insufficient tick volume: 4 < 5 (Volume: 4)
2025-12-11 20:16:27,525 - INFO - EURPLNm: LOW_VOLUME - Insufficient tick volume: 1 < 5 (Volume: 1)
