2025-12-11 20:15:45 - system_startup - INFO - ================================================================================
2025-12-11 20:15:45 - system_startup - INFO - TRADING SYSTEM STARTING
2025-12-11 20:15:45 - system_startup - INFO - ================================================================================
2025-12-11 20:15:45 - system_startup - INFO - Reconciliation Interval: 30 minutes
2025-12-11 20:15:45 - system_startup - INFO - 
2025-12-11 20:15:45 - system_startup - INFO - Initializing Trading Bot...
2025-12-11 20:15:45 - system_startup - INFO - Micro-HFT Profit Engine initialized and registered
2025-12-11 20:15:45 - system_startup - INFO - Profit-Locking Engine initialized and registered
2025-12-11 20:15:45 - system_startup - INFO - Connecting to MT5...
2025-12-11 20:15:45 - system_startup - INFO - MT5 connection established
2025-12-11 20:15:45 - system_startup - INFO - âœ… SLManager availability verified - ready for trading
2025-12-11 20:15:45 - system_startup - INFO - ðŸ“Š Session started | Starting Balance: $9911.85 | Session Time: 2025-12-11 20:15:45
2025-12-11 20:15:45 - system_startup - INFO - ðŸ”„ Syncing with broker positions at startup...
2025-12-11 20:15:45 - system_startup - INFO - ðŸ“Š Found 0 position(s) in broker at startup
2025-12-11 20:15:45 - system_startup - INFO - âœ… Trading Bot initialized and connected
2025-12-11 20:15:45 - system_startup - INFO - Initializing Real-Time Monitor...
2025-12-11 20:15:45 - system_startup - INFO - âœ… Real-Time Monitor initialized
2025-12-11 20:15:45 - system_startup - INFO - Initializing Broker Reconciliation...
2025-12-11 20:15:45 - system_startup - INFO - âœ… Broker Reconciliation initialized
2025-12-11 20:15:45 - system_startup - INFO -    Session start time: 2025-12-11 20:15:45 - only reconciling trades from this session
2025-12-11 20:15:45 - system_startup - INFO - Initializing Comprehensive Bot Monitor...
2025-12-11 20:15:45 - system_startup - INFO - âœ… Comprehensive Bot Monitor initialized
2025-12-11 20:15:45 - system_startup - INFO - Initializing SL Realtime Monitor...
2025-12-11 20:15:45 - system_startup - INFO - âœ… SL Realtime Monitor initialized
2025-12-11 20:15:45 - system_startup - INFO - Starting Trading Bot thread...
2025-12-11 20:15:45 - system_startup - INFO - ðŸ”„ Continuous trailing stop monitor started (INSTANT - trigger_on_tick=True, interval=0ms)
2025-12-11 20:15:45 - system_startup - INFO - âœ… Continuous trailing stop monitor thread started
2025-12-11 20:15:45 - system_startup - INFO - âš¡ Fast trailing stop monitor started (INSTANT - interval=0ms, debounce_cycles=3)
2025-12-11 20:15:45 - system_startup - INFO - âœ… Fast trailing stop monitor thread started
2025-12-11 20:15:45 - system_startup - INFO - âœ… Position closure monitor thread started
2025-12-11 20:15:45 - system_startup - INFO - Trading Bot thread started (cycle interval: 20s)
2025-12-11 20:15:45 - system_startup - INFO - Trading bot started in AUTOMATIC MODE. Cycle interval: 20s
2025-12-11 20:15:45 - system_startup - INFO - âœ… Trading Bot thread started
2025-12-11 20:15:45 - system_startup - INFO - âœ… SLManager worker thread started successfully
2025-12-11 20:15:45 - system_startup - WARNING - Continuous trailing stop already running
2025-12-11 20:15:46 - system_startup - INFO - Starting Real-Time Monitor thread...
2025-12-11 20:16:10 - system_startup - INFO - ðŸ” Scanning 226 symbols for trading opportunities...
2025-12-11 20:16:10 - system_startup - INFO - Monitor wrapper thread started
2025-12-11 20:16:10 - system_startup - INFO - âœ… Real-Time Monitor started
2025-12-11 20:16:10 - system_startup - INFO - ================================================================================
2025-12-11 20:16:10 - system_startup - INFO - [OPPORTUNITY CHECK]
2025-12-11 20:16:10 - system_startup - INFO - Symbol: XAUUSDm
2025-12-11 20:16:10 - system_startup - INFO - Signal: SHORT
2025-12-11 20:16:10 - system_startup - INFO - Quality Score: 65.0 (Threshold: 50)
2025-12-11 20:16:10 - system_startup - INFO - Trend Strength: 0.0525%
2025-12-11 20:16:10 - system_startup - INFO - Spread: 0.37 points
2025-12-11 20:16:10 - system_startup - INFO - Fees: Spread: $0.16, Fees: $0.00
2025-12-11 20:16:10 - system_startup - INFO - Total Cost: $0.16 USD (PASS â‰¤ $0.30)
2025-12-11 20:16:10 - system_startup - INFO - Min Lot: 0.0100
2025-12-11 20:16:11 - system_startup - INFO - Calculated Lot: 0.0100 (PASS)
2025-12-11 20:16:11 - system_startup - INFO - Risk: $2.00 (PASS â‰¤ $2.00)
2025-12-11 20:16:11 - system_startup - INFO - Reason: Quality score 65.0 >= 50 â†’ Trade Executed
2025-12-11 20:16:11 - system_startup - INFO - ================================================================================
2025-12-11 20:16:11 - system_startup - INFO - âœ… XAUUSDm | Signal: SHORT | Quality: 65.0 | MinLot: 0.0100 | Spread: 0.4pts | Spread+Fees: $0.16 | Pass: MinLot OK, Spread+Fees OK ($0.16 <= $0.30)
2025-12-11 20:16:11 - system_startup - INFO - ðŸ“‰ XAUUSDm: SHORT signal detected - will place SELL order
2025-12-11 20:16:11 - system_startup - INFO - â›” [SKIP] XAUAUDm | Reason: Trend strength too weak (SMA separation: 0.0104% < 0.02%)
2025-12-11 20:16:11 - system_startup - INFO - â›” [SKIP] XAUEURm | Reason: Trend strength too weak (SMA separation: 0.0056% < 0.02%)
2025-12-11 20:16:11 - system_startup - INFO - â›” [SKIP] XAUGBPm | Reason: Trend strength too weak (SMA separation: 0.0120% < 0.02%)
2025-12-11 20:16:11 - system_startup - INFO - ================================================================================
2025-12-11 20:16:11 - system_startup - INFO - [OPPORTUNITY CHECK]
2025-12-11 20:16:11 - system_startup - INFO - Symbol: EURUSDm
2025-12-11 20:16:11 - system_startup - INFO - Signal: SHORT
2025-12-11 20:16:11 - system_startup - INFO - Quality Score: 50.0 (Threshold: 50)
2025-12-11 20:16:11 - system_startup - INFO - Trend Strength: 0.0461%
2025-12-11 20:16:11 - system_startup - INFO - Spread: 8.00 points
2025-12-11 20:16:11 - system_startup - INFO - Fees: Spread: $0.08, Fees: $0.00
2025-12-11 20:16:11 - system_startup - INFO - Total Cost: $0.08 USD (PASS â‰¤ $0.30)
2025-12-11 20:16:11 - system_startup - INFO - Min Lot: 0.0100
2025-12-11 20:16:11 - system_startup - INFO - Calculated Lot: 0.0100 (PASS)
2025-12-11 20:16:11 - system_startup - INFO - Risk: $2.00 (PASS â‰¤ $2.00)
2025-12-11 20:16:11 - system_startup - INFO - Reason: Quality score 50.0 >= 50 â†’ Trade Executed
2025-12-11 20:16:11 - system_startup - INFO - ================================================================================
2025-12-11 20:16:11 - system_startup - INFO - âœ… EURUSDm | Signal: SHORT | Quality: 50.0 | MinLot: 0.0100 | Spread: 8.0pts | Spread+Fees: $0.08 | Pass: MinLot OK, Spread+Fees OK ($0.08 <= $0.30)
2025-12-11 20:16:11 - system_startup - INFO - ðŸ“‰ EURUSDm: SHORT signal detected - will place SELL order
2025-12-11 20:16:11 - system_startup - INFO - ================================================================================
2025-12-11 20:16:11 - system_startup - INFO - [OPPORTUNITY CHECK]
2025-12-11 20:16:11 - system_startup - INFO - Symbol: AUDUSDm
2025-12-11 20:16:11 - system_startup - INFO - Signal: SHORT
2025-12-11 20:16:11 - system_startup - INFO - Quality Score: 50.0 (Threshold: 50)
2025-12-11 20:16:11 - system_startup - INFO - Trend Strength: 0.0397%
2025-12-11 20:16:11 - system_startup - INFO - Spread: 9.00 points
2025-12-11 20:16:11 - system_startup - INFO - Fees: Spread: $0.09, Fees: $0.00
2025-12-11 20:16:11 - system_startup - INFO - Total Cost: $0.09 USD (PASS â‰¤ $0.30)
2025-12-11 20:16:11 - system_startup - INFO - Min Lot: 0.0100
2025-12-11 20:16:11 - system_startup - INFO - Calculated Lot: 0.0100 (PASS)
2025-12-11 20:16:11 - system_startup - INFO - Risk: $2.00 (PASS â‰¤ $2.00)
2025-12-11 20:16:11 - system_startup - INFO - Reason: Quality score 50.0 >= 50 â†’ Trade Executed
2025-12-11 20:16:11 - system_startup - INFO - ================================================================================
2025-12-11 20:16:11 - system_startup - INFO - âœ… AUDUSDm | Signal: SHORT | Quality: 50.0 | MinLot: 0.0100 | Spread: 9.0pts | Spread+Fees: $0.09 | Pass: MinLot OK, Spread+Fees OK ($0.09 <= $0.30)
2025-12-11 20:16:11 - system_startup - INFO - ðŸ“‰ AUDUSDm: SHORT signal detected - will place SELL order
2025-12-11 20:16:11 - system_startup - INFO - ================================================================================
2025-12-11 20:16:11 - system_startup - INFO - [OPPORTUNITY CHECK]
2025-12-11 20:16:11 - system_startup - INFO - Symbol: GBPUSDm
2025-12-11 20:16:11 - system_startup - INFO - Signal: SHORT
2025-12-11 20:16:11 - system_startup - INFO - Quality Score: 65.0 (Threshold: 50)
2025-12-11 20:16:11 - system_startup - INFO - Trend Strength: 0.0646%
2025-12-11 20:16:11 - system_startup - INFO - Spread: 10.00 points
2025-12-11 20:16:11 - system_startup - INFO - Fees: Spread: $0.10, Fees: $0.00
2025-12-11 20:16:11 - system_startup - INFO - Total Cost: $0.10 USD (PASS â‰¤ $0.30)
2025-12-11 20:16:11 - system_startup - INFO - Min Lot: 0.0100
2025-12-11 20:16:11 - system_startup - INFO - Calculated Lot: 0.0100 (PASS)
2025-12-11 20:16:11 - system_startup - INFO - Risk: $2.00 (PASS â‰¤ $2.00)
2025-12-11 20:16:11 - system_startup - INFO - Reason: Quality score 65.0 >= 50 â†’ Trade Executed
2025-12-11 20:16:11 - system_startup - INFO - ================================================================================
2025-12-11 20:16:11 - system_startup - INFO - âœ… GBPUSDm | Signal: SHORT | Quality: 65.0 | MinLot: 0.0100 | Spread: 10.0pts | Spread+Fees: $0.10 | Pass: MinLot OK, Spread+Fees OK ($0.10 <= $0.30)
2025-12-11 20:16:11 - system_startup - INFO - ðŸ“‰ GBPUSDm: SHORT signal detected - will place SELL order
2025-12-11 20:16:11 - system_startup - INFO - â›” [SKIP] USDJPYm | Signal: LONG | MinLot: 0.0100 | Spread: 10.0pts | Spread+Fees: $10.00 > $0.30 | Reason: Spread+Fees exceed limit (STRICT) | (Spread: $10.00, Fees: $0.00)
2025-12-11 20:16:11 - system_startup - INFO - Starting Broker Reconciliation thread...
2025-12-11 20:16:11 - system_startup - INFO - ================================================================================
2025-12-11 20:16:11 - system_startup - INFO - [OPPORTUNITY CHECK]
2025-12-11 20:16:11 - system_startup - INFO - Symbol: US30_x10m
2025-12-11 20:16:11 - system_startup - INFO - Signal: LONG
2025-12-11 20:16:11 - system_startup - INFO - Quality Score: 50.0 (Threshold: 50)
2025-12-11 20:16:11 - system_startup - INFO - Trend Strength: 0.0255%
2025-12-11 20:16:11 - system_startup - INFO - Spread: 0.39 points
2025-12-11 20:16:11 - system_startup - INFO - Fees: Spread: $0.19, Fees: $0.00
2025-12-11 20:16:11 - system_startup - INFO - Total Cost: $0.19 USD (PASS â‰¤ $0.30)
2025-12-11 20:16:11 - system_startup - INFO - Reconciliation thread started
2025-12-11 20:16:11 - system_startup - INFO - âœ… Broker Reconciliation started
2025-12-11 20:16:11 - system_startup - INFO - Min Lot: 0.0100
2025-12-11 20:16:11 - system_startup - INFO - Calculated Lot: 0.0100 (PASS)
2025-12-11 20:16:11 - system_startup - INFO - Risk: $2.00 (PASS â‰¤ $2.00)
2025-12-11 20:16:11 - system_startup - INFO - Reason: Quality score 50.0 >= 50 â†’ Trade Executed
2025-12-11 20:16:11 - system_startup - INFO - ================================================================================
2025-12-11 20:16:11 - system_startup - INFO - âœ… US30_x10m | Signal: LONG | Quality: 50.0 | MinLot: 0.0100 | Spread: 0.4pts | Spread+Fees: $0.19 | Pass: MinLot OK, Spread+Fees OK ($0.19 <= $0.30)
2025-12-11 20:16:11 - system_startup - INFO - ðŸ“ˆ US30_x10m: LONG signal detected - will place BUY order
2025-12-11 20:16:11 - system_startup - INFO - ================================================================================
2025-12-11 20:16:11 - system_startup - INFO - [OPPORTUNITY CHECK]
2025-12-11 20:16:11 - system_startup - INFO - Symbol: US30m
2025-12-11 20:16:11 - system_startup - INFO - Signal: LONG
2025-12-11 20:16:11 - system_startup - INFO - Quality Score: 50.0 (Threshold: 50)
2025-12-11 20:16:11 - system_startup - INFO - Trend Strength: 0.0255%
2025-12-11 20:16:11 - system_startup - INFO - Spread: 0.39 points
2025-12-11 20:16:11 - system_startup - INFO - Fees: Spread: $0.02, Fees: $0.00
2025-12-11 20:16:11 - system_startup - INFO - Total Cost: $0.02 USD (PASS â‰¤ $0.30)
2025-12-11 20:16:11 - system_startup - INFO - Min Lot: 0.0100
2025-12-11 20:16:11 - system_startup - INFO - Calculated Lot: 0.0100 (PASS)
2025-12-11 20:16:11 - system_startup - INFO - Risk: $2.00 (PASS â‰¤ $2.00)
2025-12-11 20:16:11 - system_startup - INFO - Reason: Quality score 50.0 >= 50 â†’ Trade Executed
2025-12-11 20:16:11 - system_startup - INFO - ================================================================================
2025-12-11 20:16:11 - system_startup - INFO - âœ… US30m | Signal: LONG | Quality: 50.0 | MinLot: 0.0100 | Spread: 0.4pts | Spread+Fees: $0.02 | Pass: MinLot OK, Spread+Fees OK ($0.02 <= $0.30)
2025-12-11 20:16:11 - system_startup - INFO - ðŸ“ˆ US30m: LONG signal detected - will place BUY order
2025-12-11 20:16:11 - system_startup - INFO - â›” [SKIP] DE30m | Reason: Trend strength too weak (SMA separation: 0.0098% < 0.02%)
2025-12-11 20:16:11 - system_startup - INFO - â›” [SKIP] USTEC_x100m | Reason: Trend strength too weak (SMA separation: 0.0160% < 0.02%)
2025-12-11 20:16:11 - system_startup - INFO - â›” [SKIP] USTECm | Reason: Trend strength too weak (SMA separation: 0.0160% < 0.02%)
2025-12-11 20:16:12 - system_startup - INFO - â›” [SKIP] US500_x100m | Reason: Trend strength too weak (SMA separation: 0.0035% < 0.02%)
2025-12-11 20:16:12 - system_startup - INFO - â›” [SKIP] US500m | Reason: Trend strength too weak (SMA separation: 0.0035% < 0.02%)
2025-12-11 20:16:12 - system_startup - INFO - â›” [SKIP] JP225m | Signal: LONG | MinLot: 1.0000 | Reason: Min lot 1.0000 > 0.03 (exceeds lot size limit - skip this symbol)
2025-12-11 20:16:12 - system_startup - INFO - Starting Comprehensive Bot Monitor...
2025-12-11 20:16:12 - system_startup - INFO - ================================================================================
2025-12-11 20:16:12 - system_startup - INFO - [OPPORTUNITY CHECK]
2025-12-11 20:16:12 - system_startup - INFO - Symbol: UK100m
2025-12-11 20:16:12 - system_startup - INFO - Signal: LONG
2025-12-11 20:16:12 - system_startup - INFO - Quality Score: 50.0 (Threshold: 50)
2025-12-11 20:16:12 - system_startup - INFO - Trend Strength: 0.0479%
2025-12-11 20:16:12 - system_startup - INFO - Spread: 1.46 points
2025-12-11 20:16:12 - system_startup - INFO - Fees: Spread: $0.01, Fees: $0.00
2025-12-11 20:16:12 - system_startup - INFO - Total Cost: $0.01 USD (PASS â‰¤ $0.30)
2025-12-11 20:16:12 - system_startup - INFO - Min Lot: 0.0100
2025-12-11 20:16:12 - system_startup - INFO - Calculated Lot: 0.0100 (PASS)
2025-12-11 20:16:12 - system_startup - INFO - Risk: $2.00 (PASS â‰¤ $2.00)
2025-12-11 20:16:12 - system_startup - INFO - Reason: Quality score 50.0 >= 50 â†’ Trade Executed
2025-12-11 20:16:12 - system_startup - INFO - ================================================================================
2025-12-11 20:16:12 - system_startup - INFO - âœ… UK100m | Signal: LONG | Quality: 50.0 | MinLot: 0.0100 | Spread: 1.5pts | Spread+Fees: $0.01 | Pass: MinLot OK, Spread+Fees OK ($0.01 <= $0.30)
2025-12-11 20:16:12 - system_startup - INFO - ðŸ“ˆ UK100m: LONG signal detected - will place BUY order
2025-12-11 20:16:12 - system_startup - INFO - âœ… Comprehensive Bot Monitor started
2025-12-11 20:16:12 - system_startup - INFO - Starting SL Worker...
2025-12-11 20:16:12 - system_startup - INFO - â›” [SKIP] BTCUSDm | Reason: RSI filter failed (RSI: 72.1 not in range 20-70)
2025-12-11 20:16:12 - system_startup - INFO - â›” [SKIP] STOXX50m | Reason: Insufficient tick volume: 4 < 5
2025-12-11 20:16:12 - system_startup - INFO - â›” [SKIP] VIPSm | Reason: Insufficient tick volume: 1 < 5
2025-12-11 20:16:12 - system_startup - INFO - â›” [SKIP] LIm | Reason: Insufficient tick volume: 1 < 5
2025-12-11 20:16:12 - system_startup - INFO - â›” [SKIP] BTCJPYm | Reason: RSI filter failed (RSI: 74.1 not in range 20-70)
2025-12-11 20:16:12 - system_startup - INFO - ================================================================================
2025-12-11 20:16:12 - system_startup - INFO - [OPPORTUNITY CHECK]
2025-12-11 20:16:12 - system_startup - INFO - Symbol: AUS200m
2025-12-11 20:16:12 - system_startup - INFO - Signal: SHORT
2025-12-11 20:16:12 - system_startup - INFO - Quality Score: 50.0 (Threshold: 50)
2025-12-11 20:16:12 - system_startup - INFO - Trend Strength: 0.0258%
2025-12-11 20:16:12 - system_startup - INFO - Spread: 3.39 points
2025-12-11 20:16:12 - system_startup - INFO - Fees: Spread: $0.03, Fees: $0.00
2025-12-11 20:16:12 - system_startup - INFO - Total Cost: $0.03 USD (PASS â‰¤ $0.30)
2025-12-11 20:16:12 - system_startup - INFO - Min Lot: 0.0100
2025-12-11 20:16:12 - system_startup - INFO - Calculated Lot: 0.0100 (PASS)
2025-12-11 20:16:12 - system_startup - INFO - Risk: $2.00 (PASS â‰¤ $2.00)
2025-12-11 20:16:12 - system_startup - INFO - Reason: Quality score 50.0 >= 50 â†’ Trade Executed
2025-12-11 20:16:12 - system_startup - INFO - ================================================================================
2025-12-11 20:16:12 - system_startup - INFO - âœ… AUS200m | Signal: SHORT | Quality: 50.0 | MinLot: 0.0100 | Spread: 3.4pts | Spread+Fees: $0.03 | Pass: MinLot OK, Spread+Fees OK ($0.03 <= $0.30)
2025-12-11 20:16:12 - system_startup - INFO - ðŸ“‰ AUS200m: SHORT signal detected - will place SELL order
2025-12-11 20:16:12 - system_startup - INFO - â›” [SKIP] JDm | Reason: Insufficient tick volume: 1 < 5
2025-12-11 20:16:12 - system_startup - INFO - â›” [SKIP] XPEVm | Reason: Insufficient tick volume: 1 < 5
2025-12-11 20:16:12 - system_startup - INFO - â›” [SKIP] BTCAUDm | Reason: RSI filter failed (RSI: 72.4 not in range 20-70)
2025-12-11 20:16:12 - system_startup - INFO - â›” [SKIP] ETHUSDm | Reason: RSI filter failed (RSI: 74.0 not in range 20-70)
2025-12-11 20:16:12 - system_startup - INFO - â›” [SKIP] BILIm | Reason: Insufficient tick volume: 3 < 5
2025-12-11 20:16:12 - system_startup - INFO - â›” [SKIP] NIOm | Reason: Insufficient tick volume: 1 < 5
2025-12-11 20:16:12 - system_startup - INFO - â›” [SKIP] ZTOm | Reason: Insufficient tick volume: 1 < 5
2025-12-11 20:16:12 - system_startup - INFO - â›” [SKIP] CSXm | Reason: Insufficient tick volume: 1 < 5
2025-12-11 20:16:13 - system_startup - INFO - â›” [SKIP] TMEm | Reason: Insufficient tick volume: 1 < 5
2025-12-11 20:16:13 - system_startup - INFO - â›” [SKIP] AMZNm | Reason: Trend strength too weak (SMA separation: 0.0153% < 0.02%)
2025-12-11 20:16:13 - system_startup - INFO - â›” [SKIP] CMCSAm | Reason: Insufficient tick volume: 1 < 5
2025-12-11 20:16:13 - system_startup - INFO - ================================================================================
2025-12-11 20:16:13 - system_startup - INFO - [OPPORTUNITY CHECK]
2025-12-11 20:16:13 - system_startup - INFO - Symbol: CADCHFm
2025-12-11 20:16:13 - system_startup - INFO - Signal: LONG
2025-12-11 20:16:13 - system_startup - INFO - Quality Score: 50.0 (Threshold: 50)
2025-12-11 20:16:13 - system_startup - INFO - Trend Strength: 0.0436%
2025-12-11 20:16:13 - system_startup - INFO - Spread: 8.00 points
2025-12-11 20:16:13 - system_startup - INFO - Fees: Spread: $0.08, Fees: $0.00
2025-12-11 20:16:13 - system_startup - INFO - Total Cost: $0.08 USD (PASS â‰¤ $0.30)
2025-12-11 20:16:13 - system_startup - INFO - Min Lot: 0.0100
2025-12-11 20:16:13 - system_startup - INFO - Calculated Lot: 0.0100 (PASS)
2025-12-11 20:16:13 - system_startup - INFO - Risk: $2.00 (PASS â‰¤ $2.00)
2025-12-11 20:16:13 - system_startup - INFO - Reason: Quality score 50.0 >= 50 â†’ Trade Executed
2025-12-11 20:16:13 - system_startup - INFO - ================================================================================
2025-12-11 20:16:13 - system_startup - INFO - âœ… CADCHFm | Signal: LONG | Quality: 50.0 | MinLot: 0.0100 | Spread: 8.0pts | Spread+Fees: $0.08 | Pass: MinLot OK, Spread+Fees OK ($0.08 <= $0.30)
2025-12-11 20:16:13 - system_startup - INFO - ðŸ“ˆ CADCHFm: LONG signal detected - will place BUY order
2025-12-11 20:16:13 - system_startup - INFO - ================================================================================
2025-12-11 20:16:13 - system_startup - INFO - [OPPORTUNITY CHECK]
2025-12-11 20:16:13 - system_startup - INFO - Symbol: BMYm
2025-12-11 20:16:13 - system_startup - INFO - Signal: LONG
2025-12-11 20:16:13 - system_startup - INFO - Quality Score: 80.0 (Threshold: 50)
2025-12-11 20:16:13 - system_startup - INFO - Trend Strength: 0.1281%
2025-12-11 20:16:13 - system_startup - INFO - Spread: 8.00 points
2025-12-11 20:16:13 - system_startup - INFO - Fees: Spread: $0.08, Fees: $0.00
2025-12-11 20:16:13 - system_startup - INFO - Total Cost: $0.08 USD (PASS â‰¤ $0.30)
2025-12-11 20:16:13 - system_startup - INFO - Min Lot: 0.0100
2025-12-11 20:16:13 - system_startup - INFO - Calculated Lot: 0.0100 (PASS)
2025-12-11 20:16:13 - system_startup - INFO - Risk: $2.00 (PASS â‰¤ $2.00)
2025-12-11 20:16:13 - system_startup - INFO - Reason: Quality score 80.0 >= 50 â†’ Trade Executed
2025-12-11 20:16:13 - system_startup - INFO - ================================================================================
2025-12-11 20:16:13 - system_startup - INFO - âœ… BMYm | Signal: LONG | Quality: 80.0 | MinLot: 0.0100 | Spread: 8.0pts | Spread+Fees: $0.08 | Pass: MinLot OK, Spread+Fees OK ($0.08 <= $0.30)
2025-12-11 20:16:13 - system_startup - INFO - ðŸ“ˆ BMYm: LONG signal detected - will place BUY order
2025-12-11 20:16:13 - system_startup - INFO - â›” [SKIP] AUDCHFm | Reason: Trend strength too weak (SMA separation: 0.0118% < 0.02%)
2025-12-11 20:16:13 - system_startup - INFO - â›” [SKIP] MDLZm | Reason: Insufficient tick volume: 4 < 5
2025-12-11 20:16:13 - system_startup - INFO - â›” [SKIP] MOm | Reason: Insufficient tick volume: 3 < 5
2025-12-11 20:16:13 - system_startup - INFO - â›” [SKIP] SBUXm | Reason: RSI filter failed (RSI: 76.3 not in range 20-70)
2025-12-11 20:16:13 - system_startup - INFO - â›” [SKIP] BTCCNHm | Reason: RSI filter failed (RSI: 73.2 not in range 20-70)
2025-12-11 20:16:13 - system_startup - INFO - â›” [SKIP] CSCOm | Reason: Insufficient tick volume: 3 < 5
2025-12-11 20:16:13 - system_startup - INFO - ================================================================================
2025-12-11 20:16:13 - system_startup - INFO - [OPPORTUNITY CHECK]
2025-12-11 20:16:13 - system_startup - INFO - Symbol: CVSm
2025-12-11 20:16:13 - system_startup - INFO - Signal: SHORT
2025-12-11 20:16:13 - system_startup - INFO - Quality Score: 65.0 (Threshold: 50)
2025-12-11 20:16:13 - system_startup - INFO - Trend Strength: 0.0663%
2025-12-11 20:16:13 - system_startup - INFO - Spread: 9.00 points
2025-12-11 20:16:14 - system_startup - INFO - Fees: Spread: $0.09, Fees: $0.00
2025-12-11 20:16:14 - system_startup - INFO - Total Cost: $0.09 USD (PASS â‰¤ $0.30)
2025-12-11 20:16:14 - system_startup - INFO - Min Lot: 0.0100
2025-12-11 20:16:14 - system_startup - INFO - Calculated Lot: 0.0100 (PASS)
2025-12-11 20:16:14 - system_startup - INFO - Risk: $2.00 (PASS â‰¤ $2.00)
2025-12-11 20:16:14 - system_startup - INFO - Reason: Quality score 65.0 >= 50 â†’ Trade Executed
2025-12-11 20:16:14 - system_startup - INFO - ================================================================================
2025-12-11 20:16:14 - system_startup - INFO - âœ… CVSm | Signal: SHORT | Quality: 65.0 | MinLot: 0.0100 | Spread: 9.0pts | Spread+Fees: $0.09 | Pass: MinLot OK, Spread+Fees OK ($0.09 <= $0.30)
2025-12-11 20:16:14 - system_startup - INFO - ðŸ“‰ CVSm: SHORT signal detected - will place SELL order
2025-12-11 20:16:14 - system_startup - INFO - â›” [SKIP] EBAYm | Reason: Insufficient tick volume: 4 < 5
2025-12-11 20:16:14 - system_startup - INFO - ================================================================================
2025-12-11 20:16:14 - system_startup - INFO - [OPPORTUNITY CHECK]
2025-12-11 20:16:14 - system_startup - INFO - Symbol: KOm
2025-12-11 20:16:14 - system_startup - INFO - Signal: LONG
2025-12-11 20:16:14 - system_startup - INFO - Quality Score: 80.0 (Threshold: 50)
2025-12-11 20:16:14 - system_startup - INFO - Trend Strength: 0.1345%
2025-12-11 20:16:14 - system_startup - INFO - Spread: 10.00 points
2025-12-11 20:16:14 - system_startup - INFO - âœ… SL Worker started (500ms cadence)
2025-12-11 20:16:14 - system_startup - INFO - Fees: Spread: $0.10, Fees: $0.00
2025-12-11 20:16:14 - system_startup - INFO - Starting SL Realtime Monitor...
2025-12-11 20:16:14 - system_startup - INFO - Total Cost: $0.10 USD (PASS â‰¤ $0.30)
2025-12-11 20:16:14 - system_startup - INFO - Min Lot: 0.0100
2025-12-11 20:16:14 - system_startup - INFO - Calculated Lot: 0.0100 (PASS)
2025-12-11 20:16:14 - system_startup - INFO - Risk: $2.00 (PASS â‰¤ $2.00)
2025-12-11 20:16:14 - system_startup - INFO - Reason: Quality score 80.0 >= 50 â†’ Trade Executed
2025-12-11 20:16:14 - system_startup - INFO - âœ… SL Realtime Monitor started
2025-12-11 20:16:14 - system_startup - INFO - ================================================================================
2025-12-11 20:16:14 - system_startup - INFO - ================================================================================
2025-12-11 20:16:14 - system_startup - INFO - âœ… KOm | Signal: LONG | Quality: 80.0 | MinLot: 0.0100 | Spread: 10.0pts | Spread+Fees: $0.10 | Pass: MinLot OK, Spread+Fees OK ($0.10 <= $0.30)
2025-12-11 20:16:14 - system_startup - INFO - ALL SYSTEMS OPERATIONAL
2025-12-11 20:16:14 - system_startup - INFO - ================================================================================
2025-12-11 20:16:14 - system_startup - INFO - ðŸ“ˆ KOm: LONG signal detected - will place BUY order
2025-12-11 20:16:14 - system_startup - INFO - Starting Trade Summary Display (display-only, updates every 5 seconds)
2025-12-11 20:16:14 - system_startup - INFO - â›” [SKIP] MRKm | Reason: RSI filter failed (RSI: 6.5 not in range 20-70)
2025-12-11 20:16:14 - system_startup - INFO - ================================================================================
2025-12-11 20:16:14 - system_startup - INFO - [OPPORTUNITY CHECK]
2025-12-11 20:16:14 - system_startup - INFO - Symbol: UPSm
2025-12-11 20:16:14 - system_startup - INFO - Signal: LONG
2025-12-11 20:16:14 - system_startup - INFO - Quality Score: 50.0 (Threshold: 50)
2025-12-11 20:16:14 - system_startup - INFO - Trend Strength: 0.0366%
2025-12-11 20:16:14 - system_startup - INFO - Spread: 10.00 points
2025-12-11 20:16:14 - system_startup - INFO - Fees: Spread: $0.10, Fees: $0.00
2025-12-11 20:16:14 - system_startup - INFO - Total Cost: $0.10 USD (PASS â‰¤ $0.30)
2025-12-11 20:16:14 - system_startup - INFO - Min Lot: 0.0100
2025-12-11 20:16:14 - system_startup - INFO - Calculated Lot: 0.0100 (PASS)
2025-12-11 20:16:14 - system_startup - INFO - Risk: $2.00 (PASS â‰¤ $2.00)
2025-12-11 20:16:14 - system_startup - INFO - Reason: Quality score 50.0 >= 50 â†’ Trade Executed
2025-12-11 20:16:14 - system_startup - INFO - ================================================================================
2025-12-11 20:16:14 - system_startup - INFO - âœ… UPSm | Signal: LONG | Quality: 50.0 | MinLot: 0.0100 | Spread: 10.0pts | Spread+Fees: $0.10 | Pass: MinLot OK, Spread+Fees OK ($0.10 <= $0.30)
2025-12-11 20:16:14 - system_startup - INFO - ðŸ“ˆ UPSm: LONG signal detected - will place BUY order
2025-12-11 20:16:14 - system_startup - INFO - Trade Summary Display started
2025-12-11 20:16:14 - system_startup - INFO - ================================================================================
2025-12-11 20:16:14 - system_startup - INFO - [OPPORTUNITY CHECK]
2025-12-11 20:16:14 - system_startup - INFO - Symbol: WFCm
2025-12-11 20:16:14 - system_startup - INFO - Signal: LONG
2025-12-11 20:16:14 - system_startup - INFO - Starting System Health Monitor
2025-12-11 20:16:14 - system_startup - INFO - Quality Score: 50.0 (Threshold: 50)
2025-12-11 20:16:14 - system_startup - INFO - Trend Strength: 0.0353%
2025-12-11 20:16:14 - system_startup - INFO - Spread: 10.00 points
2025-12-11 20:16:14 - system_startup - INFO - Fees: Spread: $0.10, Fees: $0.00
2025-12-11 20:16:14 - system_startup - INFO - Total Cost: $0.10 USD (PASS â‰¤ $0.30)
2025-12-11 20:16:14 - system_startup - INFO - Min Lot: 0.0100
2025-12-11 20:16:14 - system_startup - INFO - Starting Lightweight Real-Time Logger (file logging only)
2025-12-11 20:16:14 - system_startup - INFO - Calculated Lot: 0.0100 (PASS)
2025-12-11 20:16:14 - system_startup - INFO - Risk: $2.00 (PASS â‰¤ $2.00)
2025-12-11 20:16:14 - system_startup - INFO - Reason: Quality score 50.0 >= 50 â†’ Trade Executed
2025-12-11 20:16:14 - system_startup - INFO - ================================================================================
2025-12-11 20:16:14 - system_startup - INFO - âœ… WFCm | Signal: LONG | Quality: 50.0 | MinLot: 0.0100 | Spread: 10.0pts | Spread+Fees: $0.10 | Pass: MinLot OK, Spread+Fees OK ($0.10 <= $0.30)
2025-12-11 20:16:14 - system_startup - INFO - ðŸ“ˆ WFCm: LONG signal detected - will place BUY order
2025-12-11 20:16:14 - system_startup - INFO - âœ… Lightweight Real-Time Logger started (file logging only)
2025-12-11 20:16:15 - system_startup - INFO - ================================================================================
2025-12-11 20:16:15 - system_startup - INFO - [OPPORTUNITY CHECK]
2025-12-11 20:16:15 - system_startup - INFO - Symbol: FTNTm
2025-12-11 20:16:15 - system_startup - INFO - Signal: SHORT
2025-12-11 20:16:15 - system_startup - INFO - Quality Score: 80.0 (Threshold: 50)
2025-12-11 20:16:15 - system_startup - INFO - Trend Strength: 0.2180%
2025-12-11 20:16:15 - system_startup - INFO - Spread: 10.00 points
2025-12-11 20:16:15 - system_startup - INFO - Fees: Spread: $0.10, Fees: $0.00
2025-12-11 20:16:15 - system_startup - INFO - Total Cost: $0.10 USD (PASS â‰¤ $0.30)
2025-12-11 20:16:15 - system_startup - INFO - Min Lot: 0.0100
2025-12-11 20:16:15 - system_startup - INFO - Calculated Lot: 0.0100 (PASS)
2025-12-11 20:16:15 - system_startup - INFO - Risk: $2.00 (PASS â‰¤ $2.00)
2025-12-11 20:16:15 - system_startup - INFO - Reason: Quality score 80.0 >= 50 â†’ Trade Executed
2025-12-11 20:16:15 - system_startup - INFO - ================================================================================
2025-12-11 20:16:15 - system_startup - INFO - âœ… FTNTm | Signal: SHORT | Quality: 80.0 | MinLot: 0.0100 | Spread: 10.0pts | Spread+Fees: $0.10 | Pass: MinLot OK, Spread+Fees OK ($0.10 <= $0.30)
2025-12-11 20:16:15 - system_startup - INFO - ðŸ“‰ FTNTm: SHORT signal detected - will place SELL order
2025-12-11 20:16:15 - system_startup - INFO - â›” [SKIP] Tm | Reason: Insufficient tick volume: 2 < 5
2025-12-11 20:16:15 - system_startup - INFO - â›” [SKIP] BACm | Reason: Insufficient tick volume: 2 < 5
2025-12-11 20:16:15 - system_startup - INFO - â›” [SKIP] INTCm | Reason: Insufficient tick volume: 4 < 5
2025-12-11 20:16:15 - system_startup - INFO - â›” [SKIP] PFEm | Reason: Insufficient tick volume: 1 < 5
2025-12-11 20:16:15 - system_startup - INFO - â›” [SKIP] VZm | Reason: Insufficient tick volume: 2 < 5
2025-12-11 20:16:15 - system_startup - INFO - â›” [SKIP] YUMCm | Reason: Insufficient tick volume: 3 < 5
2025-12-11 20:16:15 - system_startup - INFO - ================================================================================
2025-12-11 20:16:15 - system_startup - INFO - [OPPORTUNITY CHECK]
2025-12-11 20:16:15 - system_startup - INFO - Symbol: PGm
2025-12-11 20:16:15 - system_startup - INFO - Signal: SHORT
2025-12-11 20:16:15 - system_startup - INFO - Quality Score: 50.0 (Threshold: 50)
2025-12-11 20:16:15 - system_startup - INFO - Trend Strength: 0.0210%
2025-12-11 20:16:15 - system_startup - INFO - Spread: 11.00 points
2025-12-11 20:16:15 - system_startup - INFO - Fees: Spread: $0.11, Fees: $0.00
2025-12-11 20:16:15 - system_startup - INFO - Total Cost: $0.11 USD (PASS â‰¤ $0.30)
2025-12-11 20:16:15 - system_startup - INFO - Min Lot: 0.0100
2025-12-11 20:16:15 - system_startup - INFO - Calculated Lot: 0.0100 (PASS)
2025-12-11 20:16:15 - system_startup - INFO - Risk: $2.00 (PASS â‰¤ $2.00)
2025-12-11 20:16:15 - system_startup - INFO - Reason: Quality score 50.0 >= 50 â†’ Trade Executed
2025-12-11 20:16:15 - system_startup - INFO - ================================================================================
2025-12-11 20:16:15 - system_startup - INFO - âœ… PGm | Signal: SHORT | Quality: 50.0 | MinLot: 0.0100 | Spread: 11.0pts | Spread+Fees: $0.11 | Pass: MinLot OK, Spread+Fees OK ($0.11 <= $0.30)
2025-12-11 20:16:15 - system_startup - INFO - ðŸ“‰ PGm: SHORT signal detected - will place SELL order
2025-12-11 20:16:15 - system_startup - INFO - ================================================================================
2025-12-11 20:16:15 - system_startup - INFO - [OPPORTUNITY CHECK]
2025-12-11 20:16:15 - system_startup - INFO - Symbol: TSLAm
2025-12-11 20:16:15 - system_startup - INFO - Signal: SHORT
2025-12-11 20:16:15 - system_startup - INFO - Quality Score: 65.0 (Threshold: 50)
2025-12-11 20:16:15 - system_startup - INFO - Trend Strength: 0.0945%
2025-12-11 20:16:15 - system_startup - INFO - Spread: 11.00 points
2025-12-11 20:16:15 - system_startup - INFO - Fees: Spread: $0.11, Fees: $0.00
2025-12-11 20:16:15 - system_startup - INFO - Total Cost: $0.11 USD (PASS â‰¤ $0.30)
2025-12-11 20:16:15 - system_startup - INFO - Min Lot: 0.0100
2025-12-11 20:16:15 - system_startup - INFO - Calculated Lot: 0.0100 (PASS)
2025-12-11 20:16:15 - system_startup - INFO - Risk: $2.00 (PASS â‰¤ $2.00)
2025-12-11 20:16:15 - system_startup - INFO - Reason: Quality score 65.0 >= 50 â†’ Trade Executed
2025-12-11 20:16:15 - system_startup - INFO - ================================================================================
2025-12-11 20:16:15 - system_startup - INFO - âœ… TSLAm | Signal: SHORT | Quality: 65.0 | MinLot: 0.0100 | Spread: 11.0pts | Spread+Fees: $0.11 | Pass: MinLot OK, Spread+Fees OK ($0.11 <= $0.30)
2025-12-11 20:16:15 - system_startup - INFO - ðŸ“‰ TSLAm: SHORT signal detected - will place SELL order
2025-12-11 20:16:15 - system_startup - INFO - â›” [SKIP] LLYm | Signal: SHORT | MinLot: 0.0100 | Spread: 11.7pts | Spread+Fees: $1.18 > $0.30 | Reason: Spread+Fees exceed limit (STRICT) | (Spread: $1.18, Fees: $0.00)
2025-12-11 20:16:15 - system_startup - INFO - â›” [SKIP] BTCXAGm | Signal: LONG | MinLot: 0.5000 | Reason: Min lot 0.5000 > 0.03 (exceeds lot size limit - skip this symbol)
2025-12-11 20:16:16 - system_startup - INFO - ================================================================================
2025-12-11 20:16:16 - system_startup - INFO - [OPPORTUNITY CHECK]
2025-12-11 20:16:16 - system_startup - INFO - Symbol: ABTm
2025-12-11 20:16:16 - system_startup - INFO - Signal: LONG
2025-12-11 20:16:16 - system_startup - INFO - Quality Score: 65.0 (Threshold: 50)
2025-12-11 20:16:16 - system_startup - INFO - Trend Strength: 0.0991%
2025-12-11 20:16:16 - system_startup - INFO - Spread: 12.00 points
2025-12-11 20:16:16 - system_startup - INFO - Fees: Spread: $0.12, Fees: $0.00
2025-12-11 20:16:16 - system_startup - INFO - Total Cost: $0.12 USD (PASS â‰¤ $0.30)
2025-12-11 20:16:16 - system_startup - INFO - Min Lot: 0.0100
2025-12-11 20:16:16 - system_startup - INFO - Calculated Lot: 0.0100 (PASS)
2025-12-11 20:16:16 - system_startup - INFO - Risk: $2.00 (PASS â‰¤ $2.00)
2025-12-11 20:16:16 - system_startup - INFO - Reason: Quality score 65.0 >= 50 â†’ Trade Executed
2025-12-11 20:16:16 - system_startup - INFO - ================================================================================
2025-12-11 20:16:16 - system_startup - INFO - âœ… ABTm | Signal: LONG | Quality: 65.0 | MinLot: 0.0100 | Spread: 12.0pts | Spread+Fees: $0.12 | Pass: MinLot OK, Spread+Fees OK ($0.12 <= $0.30)
2025-12-11 20:16:16 - system_startup - INFO - ðŸ“ˆ ABTm: LONG signal detected - will place BUY order
2025-12-11 20:16:16 - system_startup - INFO - â›” [SKIP] BEKEm | Reason: Insufficient tick volume: 1 < 5
2025-12-11 20:16:16 - system_startup - INFO - ================================================================================
2025-12-11 20:16:16 - system_startup - INFO - [OPPORTUNITY CHECK]
2025-12-11 20:16:16 - system_startup - INFO - Symbol: NZDCADm
2025-12-11 20:16:16 - system_startup - INFO - Signal: SHORT
2025-12-11 20:16:16 - system_startup - INFO - Quality Score: 65.0 (Threshold: 50)
2025-12-11 20:16:16 - system_startup - INFO - Trend Strength: 0.0571%
2025-12-11 20:16:16 - system_startup - INFO - Spread: 13.00 points
2025-12-11 20:16:16 - system_startup - INFO - Fees: Spread: $0.13, Fees: $0.00
2025-12-11 20:16:16 - system_startup - INFO - Total Cost: $0.13 USD (PASS â‰¤ $0.30)
2025-12-11 20:16:16 - system_startup - INFO - Min Lot: 0.0100
2025-12-11 20:16:16 - system_startup - INFO - Calculated Lot: 0.0100 (PASS)
2025-12-11 20:16:16 - system_startup - INFO - Risk: $2.00 (PASS â‰¤ $2.00)
2025-12-11 20:16:16 - system_startup - INFO - Reason: Quality score 65.0 >= 50 â†’ Trade Executed
2025-12-11 20:16:16 - system_startup - INFO - ================================================================================
2025-12-11 20:16:16 - system_startup - INFO - âœ… NZDCADm | Signal: SHORT | Quality: 65.0 | MinLot: 0.0100 | Spread: 13.0pts | Spread+Fees: $0.13 | Pass: MinLot OK, Spread+Fees OK ($0.13 <= $0.30)
2025-12-11 20:16:16 - system_startup - INFO - ðŸ“‰ NZDCADm: SHORT signal detected - will place SELL order
2025-12-11 20:16:16 - system_startup - INFO - ================================================================================
2025-12-11 20:16:16 - system_startup - INFO - [OPPORTUNITY CHECK]
2025-12-11 20:16:16 - system_startup - INFO - Symbol: NKEm
2025-12-11 20:16:16 - system_startup - INFO - Signal: LONG
2025-12-11 20:16:16 - system_startup - INFO - Quality Score: 80.0 (Threshold: 50)
2025-12-11 20:16:16 - system_startup - INFO - Trend Strength: 0.1027%
2025-12-11 20:16:16 - system_startup - INFO - Spread: 13.00 points
2025-12-11 20:16:16 - system_startup - INFO - Fees: Spread: $0.13, Fees: $0.00
2025-12-11 20:16:16 - system_startup - INFO - Total Cost: $0.13 USD (PASS â‰¤ $0.30)
2025-12-11 20:16:16 - system_startup - INFO - Min Lot: 0.0100
2025-12-11 20:16:16 - system_startup - INFO - Calculated Lot: 0.0100 (PASS)
2025-12-11 20:16:16 - system_startup - INFO - Risk: $2.00 (PASS â‰¤ $2.00)
2025-12-11 20:16:16 - system_startup - INFO - Reason: Quality score 80.0 >= 50 â†’ Trade Executed
2025-12-11 20:16:16 - system_startup - INFO - ================================================================================
2025-12-11 20:16:16 - system_startup - INFO - âœ… NKEm | Signal: LONG | Quality: 80.0 | MinLot: 0.0100 | Spread: 13.0pts | Spread+Fees: $0.13 | Pass: MinLot OK, Spread+Fees OK ($0.13 <= $0.30)
2025-12-11 20:16:16 - system_startup - INFO - ðŸ“ˆ NKEm: LONG signal detected - will place BUY order
2025-12-11 20:16:16 - system_startup - INFO - ================================================================================
2025-12-11 20:16:16 - system_startup - INFO - [OPPORTUNITY CHECK]
2025-12-11 20:16:16 - system_startup - INFO - Symbol: PEPm
2025-12-11 20:16:16 - system_startup - INFO - Signal: LONG
2025-12-11 20:16:16 - system_startup - INFO - Quality Score: 80.0 (Threshold: 50)
2025-12-11 20:16:16 - system_startup - INFO - Trend Strength: 0.1733%
2025-12-11 20:16:16 - system_startup - INFO - Spread: 13.00 points
2025-12-11 20:16:16 - system_startup - INFO - Fees: Spread: $0.13, Fees: $0.00
2025-12-11 20:16:16 - system_startup - INFO - Total Cost: $0.13 USD (PASS â‰¤ $0.30)
2025-12-11 20:16:16 - system_startup - INFO - Min Lot: 0.0100
2025-12-11 20:16:16 - system_startup - INFO - Calculated Lot: 0.0100 (PASS)
2025-12-11 20:16:16 - system_startup - INFO - Risk: $2.00 (PASS â‰¤ $2.00)
2025-12-11 20:16:16 - system_startup - INFO - Reason: Quality score 80.0 >= 50 â†’ Trade Executed
2025-12-11 20:16:16 - system_startup - INFO - ================================================================================
2025-12-11 20:16:16 - system_startup - INFO - âœ… PEPm | Signal: LONG | Quality: 80.0 | MinLot: 0.0100 | Spread: 13.0pts | Spread+Fees: $0.13 | Pass: MinLot OK, Spread+Fees OK ($0.13 <= $0.30)
2025-12-11 20:16:16 - system_startup - INFO - ðŸ“ˆ PEPm: LONG signal detected - will place BUY order
2025-12-11 20:16:16 - system_startup - INFO - ================================================================================
2025-12-11 20:16:16 - system_startup - INFO - [OPPORTUNITY CHECK]
2025-12-11 20:16:16 - system_startup - INFO - Symbol: USDCHFm
2025-12-11 20:16:16 - system_startup - INFO - Signal: LONG
2025-12-11 20:16:16 - system_startup - INFO - Quality Score: 65.0 (Threshold: 50)
2025-12-11 20:16:16 - system_startup - INFO - Trend Strength: 0.0528%
2025-12-11 20:16:16 - system_startup - INFO - Spread: 13.00 points
2025-12-11 20:16:16 - system_startup - INFO - Fees: Spread: $0.13, Fees: $0.00
2025-12-11 20:16:16 - system_startup - INFO - Total Cost: $0.13 USD (PASS â‰¤ $0.30)
2025-12-11 20:16:16 - system_startup - INFO - Min Lot: 0.0100
2025-12-11 20:16:16 - system_startup - INFO - Calculated Lot: 0.0100 (PASS)
2025-12-11 20:16:16 - system_startup - INFO - Risk: $2.00 (PASS â‰¤ $2.00)
2025-12-11 20:16:16 - system_startup - INFO - Reason: Quality score 65.0 >= 50 â†’ Trade Executed
2025-12-11 20:16:16 - system_startup - INFO - ================================================================================
2025-12-11 20:16:16 - system_startup - INFO - âœ… USDCHFm | Signal: LONG | Quality: 65.0 | MinLot: 0.0100 | Spread: 13.0pts | Spread+Fees: $0.13 | Pass: MinLot OK, Spread+Fees OK ($0.13 <= $0.30)
2025-12-11 20:16:16 - system_startup - INFO - ðŸ“ˆ USDCHFm: LONG signal detected - will place BUY order
2025-12-11 20:16:16 - system_startup - INFO - ================================================================================
2025-12-11 20:16:16 - system_startup - INFO - [OPPORTUNITY CHECK]
2025-12-11 20:16:16 - system_startup - INFO - Symbol: MSm
2025-12-11 20:16:16 - system_startup - INFO - Signal: LONG
2025-12-11 20:16:16 - system_startup - INFO - Quality Score: 65.0 (Threshold: 50)
2025-12-11 20:16:16 - system_startup - INFO - Trend Strength: 0.0975%
2025-12-11 20:16:16 - system_startup - INFO - Spread: 14.00 points
2025-12-11 20:16:16 - system_startup - INFO - Fees: Spread: $0.14, Fees: $0.00
2025-12-11 20:16:16 - system_startup - INFO - Total Cost: $0.14 USD (PASS â‰¤ $0.30)
2025-12-11 20:16:16 - system_startup - INFO - Min Lot: 0.0100
2025-12-11 20:16:16 - system_startup - INFO - Calculated Lot: 0.0100 (PASS)
2025-12-11 20:16:16 - system_startup - INFO - Risk: $2.00 (PASS â‰¤ $2.00)
2025-12-11 20:16:16 - system_startup - INFO - Reason: Quality score 65.0 >= 50 â†’ Trade Executed
2025-12-11 20:16:16 - system_startup - INFO - ================================================================================
2025-12-11 20:16:16 - system_startup - INFO - âœ… MSm | Signal: LONG | Quality: 65.0 | MinLot: 0.0100 | Spread: 14.0pts | Spread+Fees: $0.14 | Pass: MinLot OK, Spread+Fees OK ($0.14 <= $0.30)
2025-12-11 20:16:16 - system_startup - INFO - ðŸ“ˆ MSm: LONG signal detected - will place BUY order
2025-12-11 20:16:17 - system_startup - INFO - â›” [SKIP] TMUSm | Reason: Trend strength too weak (SMA separation: 0.0052% < 0.02%)
2025-12-11 20:16:17 - system_startup - INFO - ================================================================================
2025-12-11 20:16:17 - system_startup - INFO - [OPPORTUNITY CHECK]
2025-12-11 20:16:17 - system_startup - INFO - Symbol: PYPLm
2025-12-11 20:16:17 - system_startup - INFO - Signal: LONG
2025-12-11 20:16:17 - system_startup - INFO - Quality Score: 80.0 (Threshold: 50)
2025-12-11 20:16:17 - system_startup - INFO - Trend Strength: 0.1070%
2025-12-11 20:16:17 - system_startup - INFO - Spread: 14.00 points
2025-12-11 20:16:17 - system_startup - INFO - Fees: Spread: $0.14, Fees: $0.00
2025-12-11 20:16:17 - system_startup - INFO - Total Cost: $0.14 USD (PASS â‰¤ $0.30)
2025-12-11 20:16:17 - system_startup - INFO - Min Lot: 0.0100
2025-12-11 20:16:17 - system_startup - INFO - Calculated Lot: 0.0100 (PASS)
2025-12-11 20:16:17 - system_startup - INFO - Risk: $2.00 (PASS â‰¤ $2.00)
2025-12-11 20:16:17 - system_startup - INFO - Reason: Quality score 80.0 >= 50 â†’ Trade Executed
2025-12-11 20:16:17 - system_startup - INFO - ================================================================================
2025-12-11 20:16:17 - system_startup - INFO - âœ… PYPLm | Signal: LONG | Quality: 80.0 | MinLot: 0.0100 | Spread: 14.0pts | Spread+Fees: $0.14 | Pass: MinLot OK, Spread+Fees OK ($0.14 <= $0.30)
2025-12-11 20:16:17 - system_startup - INFO - ðŸ“ˆ PYPLm: LONG signal detected - will place BUY order
2025-12-11 20:16:17 - system_startup - INFO - ================================================================================
2025-12-11 20:16:17 - system_startup - INFO - [OPPORTUNITY CHECK]
2025-12-11 20:16:17 - system_startup - INFO - Symbol: WMTm
2025-12-11 20:16:17 - system_startup - INFO - Signal: LONG
2025-12-11 20:16:17 - system_startup - INFO - Quality Score: 50.0 (Threshold: 50)
2025-12-11 20:16:17 - system_startup - INFO - Trend Strength: 0.0304%
2025-12-11 20:16:17 - system_startup - INFO - Spread: 14.00 points
2025-12-11 20:16:17 - system_startup - INFO - Fees: Spread: $0.14, Fees: $0.00
2025-12-11 20:16:17 - system_startup - INFO - Total Cost: $0.14 USD (PASS â‰¤ $0.30)
2025-12-11 20:16:17 - system_startup - INFO - Min Lot: 0.0100
2025-12-11 20:16:17 - system_startup - INFO - Calculated Lot: 0.0100 (PASS)
2025-12-11 20:16:17 - system_startup - INFO - Risk: $2.00 (PASS â‰¤ $2.00)
2025-12-11 20:16:17 - system_startup - INFO - Reason: Quality score 50.0 >= 50 â†’ Trade Executed
2025-12-11 20:16:17 - system_startup - INFO - ================================================================================
2025-12-11 20:16:17 - system_startup - INFO - âœ… WMTm | Signal: LONG | Quality: 50.0 | MinLot: 0.0100 | Spread: 14.0pts | Spread+Fees: $0.14 | Pass: MinLot OK, Spread+Fees OK ($0.14 <= $0.30)
2025-12-11 20:16:17 - system_startup - INFO - ðŸ“ˆ WMTm: LONG signal detected - will place BUY order
2025-12-11 20:16:17 - system_startup - INFO - ================================================================================
2025-12-11 20:16:17 - system_startup - INFO - [OPPORTUNITY CHECK]
2025-12-11 20:16:17 - system_startup - INFO - Symbol: XOMm
2025-12-11 20:16:17 - system_startup - INFO - Signal: LONG
2025-12-11 20:16:17 - system_startup - INFO - Quality Score: 80.0 (Threshold: 50)
2025-12-11 20:16:17 - system_startup - INFO - Trend Strength: 0.1100%
2025-12-11 20:16:17 - system_startup - INFO - Spread: 14.00 points
2025-12-11 20:16:17 - system_startup - INFO - Fees: Spread: $0.14, Fees: $0.00
2025-12-11 20:16:17 - system_startup - INFO - Total Cost: $0.14 USD (PASS â‰¤ $0.30)
2025-12-11 20:16:17 - system_startup - INFO - Min Lot: 0.0100
2025-12-11 20:16:17 - system_startup - INFO - Calculated Lot: 0.0100 (PASS)
2025-12-11 20:16:17 - system_startup - INFO - Risk: $2.00 (PASS â‰¤ $2.00)
2025-12-11 20:16:17 - system_startup - INFO - Reason: Quality score 80.0 >= 50 â†’ Trade Executed
2025-12-11 20:16:17 - system_startup - INFO - ================================================================================
2025-12-11 20:16:17 - system_startup - INFO - âœ… XOMm | Signal: LONG | Quality: 80.0 | MinLot: 0.0100 | Spread: 14.0pts | Spread+Fees: $0.14 | Pass: MinLot OK, Spread+Fees OK ($0.14 <= $0.30)
2025-12-11 20:16:17 - system_startup - INFO - ðŸ“ˆ XOMm: LONG signal detected - will place BUY order
2025-12-11 20:16:17 - system_startup - INFO - â›” [SKIP] PDDm | Reason: Insufficient tick volume: 2 < 5
2025-12-11 20:16:17 - system_startup - INFO - â›” [SKIP] JNJm | Reason: Trend strength too weak (SMA separation: 0.0092% < 0.02%)
2025-12-11 20:16:17 - system_startup - INFO - â›” [SKIP] EURGBPm | Reason: Trend strength too weak (SMA separation: 0.0178% < 0.02%)
2025-12-11 20:16:17 - system_startup - INFO - â›” [SKIP] NZDCHFm | Reason: Trend strength too weak (SMA separation: 0.0129% < 0.02%)
2025-12-11 20:16:17 - system_startup - INFO - ================================================================================
2025-12-11 20:16:17 - system_startup - INFO - [OPPORTUNITY CHECK]
2025-12-11 20:16:17 - system_startup - INFO - Symbol: GILDm
2025-12-11 20:16:17 - system_startup - INFO - Signal: LONG
2025-12-11 20:16:17 - system_startup - INFO - Quality Score: 65.0 (Threshold: 50)
2025-12-11 20:16:17 - system_startup - INFO - Trend Strength: 0.0587%
2025-12-11 20:16:17 - system_startup - INFO - Spread: 15.00 points
2025-12-11 20:16:17 - system_startup - INFO - Fees: Spread: $0.15, Fees: $0.00
2025-12-11 20:16:17 - system_startup - INFO - Total Cost: $0.15 USD (PASS â‰¤ $0.30)
2025-12-11 20:16:17 - system_startup - INFO - Min Lot: 0.0100
2025-12-11 20:16:17 - system_startup - INFO - Calculated Lot: 0.0100 (PASS)
2025-12-11 20:16:17 - system_startup - INFO - Risk: $2.00 (PASS â‰¤ $2.00)
2025-12-11 20:16:17 - system_startup - INFO - Reason: Quality score 65.0 >= 50 â†’ Trade Executed
2025-12-11 20:16:17 - system_startup - INFO - ================================================================================
2025-12-11 20:16:17 - system_startup - INFO - âœ… GILDm | Signal: LONG | Quality: 65.0 | MinLot: 0.0100 | Spread: 15.0pts | Spread+Fees: $0.15 | Pass: MinLot OK, Spread+Fees OK ($0.15 <= $0.30)
2025-12-11 20:16:17 - system_startup - INFO - ðŸ“ˆ GILDm: LONG signal detected - will place BUY order
2025-12-11 20:16:17 - system_startup - INFO - â›” [SKIP] AAPLm | Reason: RSI filter failed (RSI: 73.7 not in range 20-70)
2025-12-11 20:16:17 - system_startup - INFO - â›” [SKIP] USDCADm | Reason: Trend strength too weak (SMA separation: 0.0093% < 0.02%)
2025-12-11 20:16:17 - system_startup - INFO - ================================================================================
2025-12-11 20:16:17 - system_startup - INFO - [OPPORTUNITY CHECK]
2025-12-11 20:16:17 - system_startup - INFO - Symbol: NVDAm
2025-12-11 20:16:17 - system_startup - INFO - Signal: SHORT
2025-12-11 20:16:17 - system_startup - INFO - Quality Score: 80.0 (Threshold: 50)
2025-12-11 20:16:17 - system_startup - INFO - Trend Strength: 0.1090%
2025-12-11 20:16:17 - system_startup - INFO - Spread: 16.00 points
2025-12-11 20:16:17 - system_startup - INFO - Fees: Spread: $0.16, Fees: $0.00
2025-12-11 20:16:17 - system_startup - INFO - Total Cost: $0.16 USD (PASS â‰¤ $0.30)
2025-12-11 20:16:17 - system_startup - INFO - Min Lot: 0.0100
2025-12-11 20:16:17 - system_startup - INFO - Calculated Lot: 0.0100 (PASS)
2025-12-11 20:16:17 - system_startup - INFO - Risk: $2.00 (PASS â‰¤ $2.00)
2025-12-11 20:16:17 - system_startup - INFO - Reason: Quality score 80.0 >= 50 â†’ Trade Executed
2025-12-11 20:16:17 - system_startup - INFO - ================================================================================
2025-12-11 20:16:17 - system_startup - INFO - âœ… NVDAm | Signal: SHORT | Quality: 80.0 | MinLot: 0.0100 | Spread: 16.0pts | Spread+Fees: $0.16 | Pass: MinLot OK, Spread+Fees OK ($0.16 <= $0.30)
2025-12-11 20:16:17 - system_startup - INFO - ðŸ“‰ NVDAm: SHORT signal detected - will place SELL order
2025-12-11 20:16:18 - system_startup - INFO - â›” [SKIP] BIDUm | Reason: Trend strength too weak (SMA separation: 0.0129% < 0.02%)
2025-12-11 20:16:19 - system_startup - INFO - â›” [SKIP] TSMm | Reason: Trend strength too weak (SMA separation: 0.0027% < 0.02%)
2025-12-11 20:16:19 - system_startup - INFO - â›” [SKIP] Fm | Reason: Insufficient tick volume: 1 < 5
2025-12-11 20:16:19 - system_startup - INFO - â›” [SKIP] HK50m | Reason: Insufficient tick volume: 4 < 5
2025-12-11 20:16:19 - system_startup - INFO - ================================================================================
2025-12-11 20:16:19 - system_startup - INFO - [OPPORTUNITY CHECK]
2025-12-11 20:16:19 - system_startup - INFO - Symbol: NZDUSDm
2025-12-11 20:16:19 - system_startup - INFO - Signal: SHORT
2025-12-11 20:16:19 - system_startup - INFO - Quality Score: 65.0 (Threshold: 50)
2025-12-11 20:16:19 - system_startup - INFO - Trend Strength: 0.0658%
2025-12-11 20:16:19 - system_startup - INFO - Spread: 18.00 points
2025-12-11 20:16:19 - system_startup - INFO - Fees: Spread: $0.18, Fees: $0.00
2025-12-11 20:16:19 - system_startup - INFO - Total Cost: $0.18 USD (PASS â‰¤ $0.30)
2025-12-11 20:16:19 - system_startup - INFO - Min Lot: 0.0100
2025-12-11 20:16:19 - system_startup - INFO - Calculated Lot: 0.0100 (PASS)
2025-12-11 20:16:19 - system_startup - INFO - Risk: $2.00 (PASS â‰¤ $2.00)
2025-12-11 20:16:19 - system_startup - INFO - Reason: Quality score 65.0 >= 50 â†’ Trade Executed
2025-12-11 20:16:19 - system_startup - INFO - ================================================================================
2025-12-11 20:16:19 - system_startup - INFO - âœ… NZDUSDm | Signal: SHORT | Quality: 65.0 | MinLot: 0.0100 | Spread: 18.0pts | Spread+Fees: $0.18 | Pass: MinLot OK, Spread+Fees OK ($0.18 <= $0.30)
2025-12-11 20:16:19 - system_startup - INFO - ðŸ“‰ NZDUSDm: SHORT signal detected - will place SELL order
2025-12-11 20:16:19 - system_startup - INFO - â›” [SKIP] USOILm | Reason: Trend strength too weak (SMA separation: 0.0125% < 0.02%)
2025-12-11 20:16:19 - system_startup - INFO - â›” [SKIP] AMTm | Reason: Trend strength too weak (SMA separation: 0.0190% < 0.02%)
2025-12-11 20:16:19 - system_startup - INFO - â›” [SKIP] BABAm | Reason: Trend strength too weak (SMA separation: 0.0059% < 0.02%)
2025-12-11 20:16:19 - system_startup - INFO - ================================================================================
2025-12-11 20:16:19 - system_startup - INFO - [OPPORTUNITY CHECK]
2025-12-11 20:16:19 - system_startup - INFO - Symbol: PMm
2025-12-11 20:16:19 - system_startup - INFO - Signal: SHORT
2025-12-11 20:16:19 - system_startup - INFO - Quality Score: 65.0 (Threshold: 50)
2025-12-11 20:16:19 - system_startup - INFO - Trend Strength: 0.0734%
2025-12-11 20:16:19 - system_startup - INFO - Spread: 18.00 points
2025-12-11 20:16:19 - system_startup - INFO - Fees: Spread: $0.18, Fees: $0.00
2025-12-11 20:16:19 - system_startup - INFO - Total Cost: $0.18 USD (PASS â‰¤ $0.30)
2025-12-11 20:16:19 - system_startup - INFO - Min Lot: 0.0100
2025-12-11 20:16:19 - system_startup - INFO - Calculated Lot: 0.0100 (PASS)
2025-12-11 20:16:19 - system_startup - INFO - Risk: $2.00 (PASS â‰¤ $2.00)
2025-12-11 20:16:19 - system_startup - INFO - Reason: Quality score 65.0 >= 50 â†’ Trade Executed
2025-12-11 20:16:19 - system_startup - INFO - ================================================================================
2025-12-11 20:16:19 - system_startup - INFO - âœ… PMm | Signal: SHORT | Quality: 65.0 | MinLot: 0.0100 | Spread: 18.0pts | Spread+Fees: $0.18 | Pass: MinLot OK, Spread+Fees OK ($0.18 <= $0.30)
2025-12-11 20:16:19 - system_startup - INFO - ðŸ“‰ PMm: SHORT signal detected - will place SELL order
2025-12-11 20:16:19 - system_startup - INFO - â›” [SKIP] AUDJPYm | Reason: Trend strength too weak (SMA separation: 0.0101% < 0.02%)
2025-12-11 20:16:19 - system_startup - INFO - â›” [SKIP] FR40m | Reason: Insufficient tick volume: 3 < 5
2025-12-11 20:16:19 - system_startup - INFO - ================================================================================
2025-12-11 20:16:19 - system_startup - INFO - [OPPORTUNITY CHECK]
2025-12-11 20:16:19 - system_startup - INFO - Symbol: AUDNZDm
2025-12-11 20:16:19 - system_startup - INFO - Signal: LONG
2025-12-11 20:16:19 - system_startup - INFO - Quality Score: 50.0 (Threshold: 50)
2025-12-11 20:16:19 - system_startup - INFO - Trend Strength: 0.0245%
2025-12-11 20:16:19 - system_startup - INFO - Spread: 20.00 points
2025-12-11 20:16:19 - system_startup - INFO - Fees: Spread: $0.20, Fees: $0.00
2025-12-11 20:16:19 - system_startup - INFO - Total Cost: $0.20 USD (PASS â‰¤ $0.30)
2025-12-11 20:16:19 - system_startup - INFO - Min Lot: 0.0100
2025-12-11 20:16:19 - system_startup - INFO - Calculated Lot: 0.0100 (PASS)
2025-12-11 20:16:19 - system_startup - INFO - Risk: $2.00 (PASS â‰¤ $2.00)
2025-12-11 20:16:19 - system_startup - INFO - Reason: Quality score 50.0 >= 50 â†’ Trade Executed
2025-12-11 20:16:19 - system_startup - INFO - ================================================================================
2025-12-11 20:16:19 - system_startup - INFO - âœ… AUDNZDm | Signal: LONG | Quality: 50.0 | MinLot: 0.0100 | Spread: 20.0pts | Spread+Fees: $0.20 | Pass: MinLot OK, Spread+Fees OK ($0.20 <= $0.30)
2025-12-11 20:16:19 - system_startup - INFO - ðŸ“ˆ AUDNZDm: LONG signal detected - will place BUY order
2025-12-11 20:16:19 - system_startup - INFO - ================================================================================
2025-12-11 20:16:19 - system_startup - INFO - [OPPORTUNITY CHECK]
2025-12-11 20:16:19 - system_startup - INFO - Symbol: MMMm
2025-12-11 20:16:19 - system_startup - INFO - Signal: SHORT
2025-12-11 20:16:19 - system_startup - INFO - Quality Score: 50.0 (Threshold: 50)
2025-12-11 20:16:19 - system_startup - INFO - Trend Strength: 0.0280%
2025-12-11 20:16:19 - system_startup - INFO - Spread: 20.00 points
2025-12-11 20:16:19 - system_startup - INFO - Fees: Spread: $0.20, Fees: $0.00
2025-12-11 20:16:19 - system_startup - INFO - Total Cost: $0.20 USD (PASS â‰¤ $0.30)
2025-12-11 20:16:19 - system_startup - INFO - Min Lot: 0.0100
2025-12-11 20:16:19 - system_startup - INFO - Calculated Lot: 0.0100 (PASS)
2025-12-11 20:16:19 - system_startup - INFO - Risk: $2.00 (PASS â‰¤ $2.00)
2025-12-11 20:16:19 - system_startup - INFO - Reason: Quality score 50.0 >= 50 â†’ Trade Executed
2025-12-11 20:16:19 - system_startup - INFO - ================================================================================
2025-12-11 20:16:19 - system_startup - INFO - âœ… MMMm | Signal: SHORT | Quality: 50.0 | MinLot: 0.0100 | Spread: 20.0pts | Spread+Fees: $0.20 | Pass: MinLot OK, Spread+Fees OK ($0.20 <= $0.30)
2025-12-11 20:16:19 - system_startup - INFO - ðŸ“‰ MMMm: SHORT signal detected - will place SELL order
2025-12-11 20:16:19 - system_startup - INFO - â›” [SKIP] NTESm | Reason: Insufficient tick volume: 1 < 5
2025-12-11 20:16:19 - system_startup - INFO - â›” [SKIP] GBPJPYm | Reason: Trend strength too weak (SMA separation: 0.0128% < 0.02%)
2025-12-11 20:16:20 - system_startup - INFO - ================================================================================
2025-12-11 20:16:20 - system_startup - INFO - [OPPORTUNITY CHECK]
2025-12-11 20:16:20 - system_startup - INFO - Symbol: AUDCADm
2025-12-11 20:16:20 - system_startup - INFO - Signal: SHORT
2025-12-11 20:16:20 - system_startup - INFO - Quality Score: 50.0 (Threshold: 50)
2025-12-11 20:16:20 - system_startup - INFO - Trend Strength: 0.0306%
2025-12-11 20:16:20 - system_startup - INFO - Spread: 22.00 points
2025-12-11 20:16:20 - system_startup - INFO - Fees: Spread: $0.22, Fees: $0.00
2025-12-11 20:16:20 - system_startup - INFO - Total Cost: $0.22 USD (PASS â‰¤ $0.30)
2025-12-11 20:16:20 - system_startup - INFO - Min Lot: 0.0100
2025-12-11 20:16:20 - system_startup - INFO - Calculated Lot: 0.0100 (PASS)
2025-12-11 20:16:20 - system_startup - INFO - Risk: $2.00 (PASS â‰¤ $2.00)
2025-12-11 20:16:20 - system_startup - INFO - Reason: Quality score 50.0 >= 50 â†’ Trade Executed
2025-12-11 20:16:20 - system_startup - INFO - ================================================================================
2025-12-11 20:16:20 - system_startup - INFO - âœ… AUDCADm | Signal: SHORT | Quality: 50.0 | MinLot: 0.0100 | Spread: 22.0pts | Spread+Fees: $0.22 | Pass: MinLot OK, Spread+Fees OK ($0.22 <= $0.30)
2025-12-11 20:16:20 - system_startup - INFO - ðŸ“‰ AUDCADm: SHORT signal detected - will place SELL order
2025-12-11 20:16:20 - system_startup - INFO - ================================================================================
2025-12-11 20:16:20 - system_startup - INFO - [OPPORTUNITY CHECK]
2025-12-11 20:16:20 - system_startup - INFO - Symbol: ABBVm
2025-12-11 20:16:20 - system_startup - INFO - Signal: LONG
2025-12-11 20:16:20 - system_startup - INFO - Quality Score: 50.0 (Threshold: 50)
2025-12-11 20:16:20 - system_startup - INFO - Trend Strength: 0.0461%
2025-12-11 20:16:20 - system_startup - INFO - Spread: 22.00 points
2025-12-11 20:16:20 - system_startup - INFO - Fees: Spread: $0.22, Fees: $0.00
2025-12-11 20:16:20 - system_startup - INFO - Total Cost: $0.22 USD (PASS â‰¤ $0.30)
2025-12-11 20:16:20 - system_startup - INFO - Min Lot: 0.0100
2025-12-11 20:16:20 - system_startup - INFO - Calculated Lot: 0.0100 (PASS)
2025-12-11 20:16:20 - system_startup - INFO - Risk: $2.00 (PASS â‰¤ $2.00)
2025-12-11 20:16:20 - system_startup - INFO - Reason: Quality score 50.0 >= 50 â†’ Trade Executed
2025-12-11 20:16:20 - system_startup - INFO - ================================================================================
2025-12-11 20:16:20 - system_startup - INFO - âœ… ABBVm | Signal: LONG | Quality: 50.0 | MinLot: 0.0100 | Spread: 22.0pts | Spread+Fees: $0.22 | Pass: MinLot OK, Spread+Fees OK ($0.22 <= $0.30)
2025-12-11 20:16:20 - system_startup - INFO - ðŸ“ˆ ABBVm: LONG signal detected - will place BUY order
2025-12-11 20:16:20 - system_startup - INFO - â›” [SKIP] CHTRm | Reason: Trend strength too weak (SMA separation: 0.0069% < 0.02%)
2025-12-11 20:16:20 - system_startup - INFO - â›” [SKIP] ZARJPYm | Reason: Insufficient tick volume: 2 < 5
2025-12-11 20:16:20 - system_startup - INFO - ================================================================================
2025-12-11 20:16:20 - system_startup - INFO - [OPPORTUNITY CHECK]
2025-12-11 20:16:20 - system_startup - INFO - Symbol: ADPm
2025-12-11 20:16:20 - system_startup - INFO - Signal: LONG
2025-12-11 20:16:20 - system_startup - INFO - Quality Score: 50.0 (Threshold: 50)
2025-12-11 20:16:20 - system_startup - INFO - Trend Strength: 0.0269%
2025-12-11 20:16:20 - system_startup - INFO - Spread: 23.00 points
2025-12-11 20:16:20 - system_startup - INFO - Fees: Spread: $0.23, Fees: $0.00
2025-12-11 20:16:20 - system_startup - INFO - Total Cost: $0.23 USD (PASS â‰¤ $0.30)
2025-12-11 20:16:20 - system_startup - INFO - Min Lot: 0.0100
2025-12-11 20:16:20 - system_startup - INFO - Calculated Lot: 0.0100 (PASS)
2025-12-11 20:16:20 - system_startup - INFO - Risk: $2.00 (PASS â‰¤ $2.00)
2025-12-11 20:16:20 - system_startup - INFO - Reason: Quality score 50.0 >= 50 â†’ Trade Executed
2025-12-11 20:16:20 - system_startup - INFO - ================================================================================
2025-12-11 20:16:20 - system_startup - INFO - âœ… ADPm | Signal: LONG | Quality: 50.0 | MinLot: 0.0100 | Spread: 23.0pts | Spread+Fees: $0.23 | Pass: MinLot OK, Spread+Fees OK ($0.23 <= $0.30)
2025-12-11 20:16:20 - system_startup - INFO - ðŸ“ˆ ADPm: LONG signal detected - will place BUY order
2025-12-11 20:16:20 - system_startup - INFO - ================================================================================
2025-12-11 20:16:20 - system_startup - INFO - [OPPORTUNITY CHECK]
2025-12-11 20:16:20 - system_startup - INFO - Symbol: Vm
2025-12-11 20:16:20 - system_startup - INFO - Signal: LONG
2025-12-11 20:16:20 - system_startup - INFO - Quality Score: 65.0 (Threshold: 50)
2025-12-11 20:16:20 - system_startup - INFO - Trend Strength: 0.0718%
2025-12-11 20:16:20 - system_startup - INFO - Spread: 24.00 points
2025-12-11 20:16:20 - system_startup - INFO - Fees: Spread: $0.24, Fees: $0.00
2025-12-11 20:16:20 - system_startup - INFO - Total Cost: $0.24 USD (PASS â‰¤ $0.30)
2025-12-11 20:16:20 - system_startup - INFO - Min Lot: 0.0100
2025-12-11 20:16:20 - system_startup - INFO - Calculated Lot: 0.0100 (PASS)
2025-12-11 20:16:20 - system_startup - INFO - Risk: $2.00 (PASS â‰¤ $2.00)
2025-12-11 20:16:20 - system_startup - INFO - Reason: Quality score 65.0 >= 50 â†’ Trade Executed
2025-12-11 20:16:20 - system_startup - INFO - ================================================================================
2025-12-11 20:16:20 - system_startup - INFO - âœ… Vm | Signal: LONG | Quality: 65.0 | MinLot: 0.0100 | Spread: 24.0pts | Spread+Fees: $0.24 | Pass: MinLot OK, Spread+Fees OK ($0.24 <= $0.30)
2025-12-11 20:16:20 - system_startup - INFO - ðŸ“ˆ Vm: LONG signal detected - will place BUY order
2025-12-11 20:16:20 - system_startup - INFO - â›” [SKIP] CHFJPYm | Reason: Trend strength too weak (SMA separation: 0.0015% < 0.02%)
2025-12-11 20:16:20 - system_startup - INFO - â›” [SKIP] EURJPYm | Reason: Trend strength too weak (SMA separation: 0.0047% < 0.02%)
2025-12-11 20:16:20 - system_startup - INFO - ================================================================================
2025-12-11 20:16:20 - system_startup - INFO - [OPPORTUNITY CHECK]
2025-12-11 20:16:20 - system_startup - INFO - Symbol: MCDm
2025-12-11 20:16:20 - system_startup - INFO - Signal: SHORT
2025-12-11 20:16:20 - system_startup - INFO - Quality Score: 65.0 (Threshold: 50)
2025-12-11 20:16:20 - system_startup - INFO - Trend Strength: 0.0949%
2025-12-11 20:16:20 - system_startup - INFO - Spread: 24.00 points
2025-12-11 20:16:20 - system_startup - INFO - Fees: Spread: $0.24, Fees: $0.00
2025-12-11 20:16:20 - system_startup - INFO - Total Cost: $0.24 USD (PASS â‰¤ $0.30)
2025-12-11 20:16:20 - system_startup - INFO - Min Lot: 0.0100
2025-12-11 20:16:20 - system_startup - INFO - Calculated Lot: 0.0100 (PASS)
2025-12-11 20:16:20 - system_startup - INFO - Risk: $2.00 (PASS â‰¤ $2.00)
2025-12-11 20:16:20 - system_startup - INFO - Reason: Quality score 65.0 >= 50 â†’ Trade Executed
2025-12-11 20:16:20 - system_startup - INFO - ================================================================================
2025-12-11 20:16:20 - system_startup - INFO - âœ… MCDm | Signal: SHORT | Quality: 65.0 | MinLot: 0.0100 | Spread: 24.0pts | Spread+Fees: $0.24 | Pass: MinLot OK, Spread+Fees OK ($0.24 <= $0.30)
2025-12-11 20:16:20 - system_startup - INFO - ðŸ“‰ MCDm: SHORT signal detected - will place SELL order
2025-12-11 20:16:20 - system_startup - INFO - â›” [SKIP] GBPCHFm | Reason: Trend strength too weak (SMA separation: 0.0116% < 0.02%)
2025-12-11 20:16:20 - system_startup - INFO - ================================================================================
2025-12-11 20:16:20 - system_startup - INFO - [OPPORTUNITY CHECK]
2025-12-11 20:16:20 - system_startup - INFO - Symbol: GBPAUDm
2025-12-11 20:16:20 - system_startup - INFO - Signal: SHORT
2025-12-11 20:16:20 - system_startup - INFO - Quality Score: 50.0 (Threshold: 50)
2025-12-11 20:16:20 - system_startup - INFO - Trend Strength: 0.0227%
2025-12-11 20:16:20 - system_startup - INFO - Spread: 25.00 points
2025-12-11 20:16:20 - system_startup - INFO - Fees: Spread: $0.25, Fees: $0.00
2025-12-11 20:16:21 - system_startup - INFO - Total Cost: $0.25 USD (PASS â‰¤ $0.30)
2025-12-11 20:16:21 - system_startup - INFO - Min Lot: 0.0100
2025-12-11 20:16:21 - system_startup - INFO - Calculated Lot: 0.0100 (PASS)
2025-12-11 20:16:21 - system_startup - INFO - Risk: $2.00 (PASS â‰¤ $2.00)
2025-12-11 20:16:21 - system_startup - INFO - Reason: Quality score 50.0 >= 50 â†’ Trade Executed
2025-12-11 20:16:21 - system_startup - INFO - ================================================================================
2025-12-11 20:16:21 - system_startup - INFO - âœ… GBPAUDm | Signal: SHORT | Quality: 50.0 | MinLot: 0.0100 | Spread: 25.0pts | Spread+Fees: $0.25 | Pass: MinLot OK, Spread+Fees OK ($0.25 <= $0.30)
2025-12-11 20:16:21 - system_startup - INFO - ðŸ“‰ GBPAUDm: SHORT signal detected - will place SELL order
2025-12-11 20:16:21 - system_startup - INFO - â›” [SKIP] EURCHFm | Reason: Trend strength too weak (SMA separation: 0.0065% < 0.02%)
2025-12-11 20:16:21 - system_startup - INFO - â›” [SKIP] AMGNm | Reason: Trend strength too weak (SMA separation: 0.0052% < 0.02%)
2025-12-11 20:16:21 - system_startup - INFO - â›” [SKIP] BTCZARm | Reason: RSI filter failed (RSI: 76.1 not in range 20-70)
2025-12-11 20:16:21 - system_startup - INFO - ================================================================================
2025-12-11 20:16:21 - system_startup - INFO - [OPPORTUNITY CHECK]
2025-12-11 20:16:21 - system_startup - INFO - Symbol: CMEm
2025-12-11 20:16:21 - system_startup - INFO - Signal: LONG
2025-12-11 20:16:21 - system_startup - INFO - Quality Score: 50.0 (Threshold: 50)
2025-12-11 20:16:21 - system_startup - INFO - Trend Strength: 0.0490%
2025-12-11 20:16:21 - system_startup - INFO - Spread: 25.00 points
2025-12-11 20:16:21 - system_startup - INFO - Fees: Spread: $0.25, Fees: $0.00
2025-12-11 20:16:21 - system_startup - INFO - Total Cost: $0.25 USD (PASS â‰¤ $0.30)
2025-12-11 20:16:21 - system_startup - INFO - Min Lot: 0.0100
2025-12-11 20:16:21 - system_startup - INFO - Calculated Lot: 0.0100 (PASS)
2025-12-11 20:16:21 - system_startup - INFO - Risk: $2.00 (PASS â‰¤ $2.00)
2025-12-11 20:16:21 - system_startup - INFO - Reason: Quality score 50.0 >= 50 â†’ Trade Executed
2025-12-11 20:16:21 - system_startup - INFO - ================================================================================
2025-12-11 20:16:21 - system_startup - INFO - âœ… CMEm | Signal: LONG | Quality: 50.0 | MinLot: 0.0100 | Spread: 25.0pts | Spread+Fees: $0.25 | Pass: MinLot OK, Spread+Fees OK ($0.25 <= $0.30)
2025-12-11 20:16:21 - system_startup - INFO - ðŸ“ˆ CMEm: LONG signal detected - will place BUY order
2025-12-11 20:16:21 - system_startup - INFO - â›” [SKIP] HDm | Reason: RSI filter failed (RSI: 71.4 not in range 20-70)
2025-12-11 20:16:21 - system_startup - INFO - â›” [SKIP] BIIBm | Reason: RSI filter failed (RSI: 17.4 not in range 20-70)
2025-12-11 20:16:21 - system_startup - INFO - ================================================================================
2025-12-11 20:16:21 - system_startup - INFO - [OPPORTUNITY CHECK]
2025-12-11 20:16:21 - system_startup - INFO - Symbol: UNHm
2025-12-11 20:16:21 - system_startup - INFO - Signal: SHORT
2025-12-11 20:16:21 - system_startup - INFO - Quality Score: 65.0 (Threshold: 50)
2025-12-11 20:16:21 - system_startup - INFO - Trend Strength: 0.0724%
2025-12-11 20:16:21 - system_startup - INFO - Spread: 27.00 points
2025-12-11 20:16:21 - system_startup - INFO - Fees: Spread: $0.27, Fees: $0.00
2025-12-11 20:16:21 - system_startup - INFO - Total Cost: $0.27 USD (PASS â‰¤ $0.30)
2025-12-11 20:16:21 - system_startup - INFO - Min Lot: 0.0100
2025-12-11 20:16:21 - system_startup - INFO - Calculated Lot: 0.0100 (PASS)
2025-12-11 20:16:21 - system_startup - INFO - Risk: $2.00 (PASS â‰¤ $2.00)
2025-12-11 20:16:21 - system_startup - INFO - Reason: Quality score 65.0 >= 50 â†’ Trade Executed
2025-12-11 20:16:21 - system_startup - INFO - ================================================================================
2025-12-11 20:16:21 - system_startup - INFO - âœ… UNHm | Signal: SHORT | Quality: 65.0 | MinLot: 0.0100 | Spread: 27.0pts | Spread+Fees: $0.27 | Pass: MinLot OK, Spread+Fees OK ($0.27 <= $0.30)
2025-12-11 20:16:21 - system_startup - INFO - ðŸ“‰ UNHm: SHORT signal detected - will place SELL order
2025-12-11 20:16:21 - system_startup - INFO - ================================================================================
2025-12-11 20:16:21 - system_startup - INFO - [OPPORTUNITY CHECK]
2025-12-11 20:16:21 - system_startup - INFO - Symbol: EURCADm
2025-12-11 20:16:21 - system_startup - INFO - Signal: SHORT
2025-12-11 20:16:21 - system_startup - INFO - Quality Score: 50.0 (Threshold: 50)
2025-12-11 20:16:21 - system_startup - INFO - Trend Strength: 0.0373%
2025-12-11 20:16:21 - system_startup - INFO - Spread: 29.00 points
2025-12-11 20:16:21 - system_startup - INFO - Fees: Spread: $0.29, Fees: $0.00
2025-12-11 20:16:21 - system_startup - INFO - Total Cost: $0.29 USD (PASS â‰¤ $0.30)
2025-12-11 20:16:21 - system_startup - INFO - Min Lot: 0.0100
2025-12-11 20:16:21 - system_startup - INFO - Calculated Lot: 0.0100 (PASS)
2025-12-11 20:16:21 - system_startup - INFO - Risk: $2.00 (PASS â‰¤ $2.00)
2025-12-11 20:16:21 - system_startup - INFO - Reason: Quality score 50.0 >= 50 â†’ Trade Executed
2025-12-11 20:16:21 - system_startup - INFO - ================================================================================
2025-12-11 20:16:21 - system_startup - INFO - âœ… EURCADm | Signal: SHORT | Quality: 50.0 | MinLot: 0.0100 | Spread: 29.0pts | Spread+Fees: $0.29 | Pass: MinLot OK, Spread+Fees OK ($0.29 <= $0.30)
2025-12-11 20:16:21 - system_startup - INFO - ðŸ“‰ EURCADm: SHORT signal detected - will place SELL order
2025-12-11 20:16:21 - system_startup - INFO - â›” [SKIP] HKDJPYm | Signal: LONG | MinLot: 0.0100 | Spread: 30.0pts | Spread+Fees: $30.00 > $0.30 | Reason: Spread+Fees exceed limit (STRICT) | (Spread: $30.00, Fees: $0.00)
2025-12-11 20:16:21 - system_startup - INFO - â›” [SKIP] IBMm | Reason: Trend strength too weak (SMA separation: 0.0139% < 0.02%)
2025-12-11 20:16:21 - system_startup - INFO - â›” [SKIP] AVGOm | Reason: Trend strength too weak (SMA separation: 0.0143% < 0.02%)
2025-12-11 20:16:22 - system_startup - INFO - â›” [SKIP] DXYm | Signal: LONG | MinLot: 0.0100 | Spread: 31.0pts | Spread+Fees: $0.31 > $0.30 | Reason: Spread+Fees exceed limit (STRICT) | (Spread: $0.31, Fees: $0.00)
2025-12-11 20:16:22 - system_startup - INFO - â›” [SKIP] Cm | Signal: LONG | MinLot: 0.0100 | Spread: 32.0pts | Spread+Fees: $0.32 > $0.30 | Reason: Spread+Fees exceed limit (STRICT) | (Spread: $0.32, Fees: $0.00)
2025-12-11 20:16:22 - system_startup - INFO - â›” [SKIP] GOOGLm | Signal: SHORT | MinLot: 0.0100 | Spread: 32.0pts | Spread+Fees: $0.32 > $0.30 | Reason: Spread+Fees exceed limit (STRICT) | (Spread: $0.32, Fees: $0.00)
2025-12-11 20:16:22 - system_startup - INFO - â›” [SKIP] JPMm | Signal: LONG | MinLot: 0.0100 | Spread: 32.0pts | Spread+Fees: $0.32 > $0.30 | Reason: Spread+Fees exceed limit (STRICT) | (Spread: $0.32, Fees: $0.00)
2025-12-11 20:16:22 - system_startup - INFO - â›” [SKIP] MSFTm | Signal: SHORT | MinLot: 0.0100 | Spread: 32.0pts | Spread+Fees: $0.32 > $0.30 | Reason: Spread+Fees exceed limit (STRICT) | (Spread: $0.32, Fees: $0.00)
2025-12-11 20:16:22 - system_startup - INFO - â›” [SKIP] ORCLm | Signal: SHORT | MinLot: 0.0100 | Spread: 32.0pts | Spread+Fees: $0.32 > $0.30 | Reason: Spread+Fees exceed limit (STRICT) | (Spread: $0.32, Fees: $0.00)
2025-12-11 20:16:22 - system_startup - INFO - â›” [SKIP] LINm | Signal: LONG | MinLot: 0.0100 | Spread: 33.0pts | Spread+Fees: $0.33 > $0.30 | Reason: Spread+Fees exceed limit (STRICT) | (Spread: $0.33, Fees: $0.00)
2025-12-11 20:16:23 - system_startup - INFO - â›” [SKIP] TALm | Reason: Insufficient tick volume: 1 < 5
2025-12-11 20:16:23 - system_startup - INFO - â›” [SKIP] DKKJPYm | Reason: Trend strength too weak (SMA separation: 0.0070% < 0.02%)
2025-12-11 20:16:23 - system_startup - INFO - â›” [SKIP] EURAUDm | Reason: Trend strength too weak (SMA separation: 0.0052% < 0.02%)
2025-12-11 20:16:23 - system_startup - INFO - â›” [SKIP] AMDm | Signal: LONG | MinLot: 0.0100 | Spread: 37.0pts | Spread+Fees: $0.37 > $0.30 | Reason: Spread+Fees exceed limit (STRICT) | (Spread: $0.37, Fees: $0.00)
2025-12-11 20:16:23 - system_startup - INFO - â›” [SKIP] NFLXm | Signal: SHORT | MinLot: 0.0100 | Spread: 38.0pts | Spread+Fees: $0.38 > $0.30 | Reason: Spread+Fees exceed limit (STRICT) | (Spread: $0.38, Fees: $0.00)
2025-12-11 20:16:23 - system_startup - INFO - â›” [SKIP] CADJPYm | Signal: LONG | MinLot: 0.0100 | Spread: 38.0pts | Spread+Fees: $38.00 > $0.30 | Reason: Spread+Fees exceed limit (STRICT) | (Spread: $38.00, Fees: $0.00)
2025-12-11 20:16:23 - system_startup - INFO - â›” [SKIP] ADBEm | Signal: SHORT | MinLot: 0.0100 | Spread: 39.0pts | Spread+Fees: $0.39 > $0.30 | Reason: Spread+Fees exceed limit (STRICT) | (Spread: $0.39, Fees: $0.00)
2025-12-11 20:16:23 - system_startup - INFO - â›” [SKIP] NZDJPYm | Reason: Trend strength too weak (SMA separation: 0.0143% < 0.02%)
2025-12-11 20:16:23 - system_startup - INFO - â›” [SKIP] LMTm | Signal: LONG | MinLot: 0.0100 | Spread: 45.0pts | Spread+Fees: $0.45 > $0.30 | Reason: Spread+Fees exceed limit (STRICT) | (Spread: $0.45, Fees: $0.00)
2025-12-11 20:16:23 - system_startup - INFO - â›” [SKIP] XAGUSDm | Signal: SHORT | MinLot: 0.0100 | Spread: 45.0pts | Spread+Fees: $2.25 > $0.30 | Reason: Spread+Fees exceed limit (STRICT) | (Spread: $2.25, Fees: $0.00)
2025-12-11 20:16:23 - system_startup - INFO - â›” [SKIP] XAGGBPm | Signal: SHORT | MinLot: 0.0100 | Spread: 48.0pts | Spread+Fees: $2.40 > $0.30 | Reason: Spread+Fees exceed limit (STRICT) | (Spread: $2.40, Fees: $0.00)
2025-12-11 20:16:23 - system_startup - INFO - â›” [SKIP] GBPCADm | Signal: SHORT | MinLot: 0.0100 | Spread: 48.0pts | Spread+Fees: $0.48 > $0.30 | Reason: Spread+Fees exceed limit (STRICT) | (Spread: $0.48, Fees: $0.00)
2025-12-11 20:16:23 - system_startup - INFO - â›” [SKIP] AUDSGDm | Reason: Trend strength too weak (SMA separation: 0.0181% < 0.02%)
2025-12-11 20:16:24 - system_startup - INFO - â›” [SKIP] VRTXm | Signal: LONG | MinLot: 0.0100 | Spread: 52.0pts | Spread+Fees: $0.52 > $0.30 | Reason: Spread+Fees exceed limit (STRICT) | (Spread: $0.52, Fees: $0.00)
2025-12-11 20:16:24 - system_startup - INFO - â›” [SKIP] DKKSGDm | Reason: Insufficient tick volume: 3 < 5
2025-12-11 20:16:24 - system_startup - INFO - â›” [SKIP] EURNZDm | Reason: Trend strength too weak (SMA separation: 0.0189% < 0.02%)
2025-12-11 20:16:24 - system_startup - INFO - â›” [SKIP] BAm | Reason: RSI filter failed (RSI: 7.7 not in range 20-70)
2025-12-11 20:16:24 - system_startup - INFO - â›” [SKIP] MAm | Signal: LONG | MinLot: 0.0100 | Spread: 54.0pts | Spread+Fees: $0.54 > $0.30 | Reason: Spread+Fees exceed limit (STRICT) | (Spread: $0.54, Fees: $0.00)
2025-12-11 20:16:24 - system_startup - INFO - â›” [SKIP] XAGEURm | Signal: SHORT | MinLot: 0.0100 | Spread: 55.0pts | Spread+Fees: $2.75 > $0.30 | Reason: Spread+Fees exceed limit (STRICT) | (Spread: $2.75, Fees: $0.00)
2025-12-11 20:16:24 - system_startup - INFO - â›” [SKIP] GBPNZDm | Reason: Trend strength too weak (SMA separation: 0.0012% < 0.02%)
2025-12-11 20:16:24 - system_startup - INFO - â›” [SKIP] COSTm | Signal: LONG | MinLot: 0.0100 | Spread: 58.0pts | Spread+Fees: $0.58 > $0.30 | Reason: Spread+Fees exceed limit (STRICT) | (Spread: $0.58, Fees: $0.00)
2025-12-11 20:16:24 - system_startup - INFO - â›” [SKIP] TMOm | Signal: LONG | MinLot: 0.0100 | Spread: 60.0pts | Spread+Fees: $0.60 > $0.30 | Reason: Spread+Fees exceed limit (STRICT) | (Spread: $0.60, Fees: $0.00)
2025-12-11 20:16:24 - system_startup - INFO - â›” [SKIP] METAm | Signal: SHORT | MinLot: 0.0100 | Spread: 64.0pts | Spread+Fees: $0.64 > $0.30 | Reason: Spread+Fees exceed limit (STRICT) | (Spread: $0.64, Fees: $0.00)
2025-12-11 20:16:24 - system_startup - INFO - â›” [SKIP] FUTUm | Reason: Insufficient tick volume: 1 < 5
2025-12-11 20:16:24 - system_startup - INFO - â›” [SKIP] XPTUSDm | Signal: SHORT | MinLot: 0.0100 | Spread: 69.8pts | Spread+Fees: $11.79 > $0.30 | Reason: Spread+Fees exceed limit (STRICT) | (Spread: $11.79, Fees: $0.00)
2025-12-11 20:16:25 - system_startup - INFO - â›” [SKIP] SGDJPYm | Signal: LONG | MinLot: 0.0100 | Spread: 72.0pts | Spread+Fees: $72.00 > $0.30 | Reason: Spread+Fees exceed limit (STRICT) | (Spread: $72.00, Fees: $0.00)
2025-12-11 20:16:25 - system_startup - INFO - â›” [SKIP] ISRGm | Signal: SHORT | MinLot: 0.0100 | Spread: 73.0pts | Spread+Fees: $0.73 > $0.30 | Reason: Spread+Fees exceed limit (STRICT) | (Spread: $0.73, Fees: $0.00)
2025-12-11 20:16:25 - system_startup - INFO - â›” [SKIP] INTUm | Signal: SHORT | MinLot: 0.0100 | Spread: 74.0pts | Spread+Fees: $0.74 > $0.30 | Reason: Spread+Fees exceed limit (STRICT) | (Spread: $0.74, Fees: $0.00)
2025-12-11 20:16:25 - system_startup - INFO - â›” [SKIP] UKOILm | Reason: Trend strength too weak (SMA separation: 0.0159% < 0.02%)
2025-12-11 20:16:25 - system_startup - INFO - â›” [SKIP] EURSGDm | Signal: SHORT | MinLot: 0.0100 | Spread: 86.0pts | Spread+Fees: $0.86 > $0.30 | Reason: Spread+Fees exceed limit (STRICT) | (Spread: $0.86, Fees: $0.00)
2025-12-11 20:16:25 - system_startup - INFO - â›” [SKIP] REGNm | Signal: LONG | MinLot: 0.0100 | Spread: 95.0pts | Spread+Fees: $0.95 > $0.30 | Reason: Spread+Fees exceed limit (STRICT) | (Spread: $0.95, Fees: $0.00)
2025-12-11 20:16:25 - system_startup - INFO - â›” [SKIP] CADMXNm | Signal: LONG | MinLot: 0.0100 | Spread: 102.4pts | Spread+Fees: $133.40 > $0.30 | Reason: Spread+Fees exceed limit (STRICT) | (Spread: $133.40, Fees: $0.00)
2025-12-11 20:16:25 - system_startup - INFO - â›” [SKIP] USDNOKm | Signal: LONG | MinLot: 0.0100 | Spread: 102.6pts | Spread+Fees: $102.80 > $0.30 | Reason: Spread+Fees exceed limit (STRICT) | (Spread: $102.80, Fees: $0.00)
2025-12-11 20:16:25 - system_startup - INFO - â›” [SKIP] XAGAUDm | Signal: SHORT | MinLot: 0.0100 | Spread: 105.0pts | Spread+Fees: $5.25 > $0.30 | Reason: Spread+Fees exceed limit (STRICT) | (Spread: $5.25, Fees: $0.00)
2025-12-11 20:16:25 - system_startup - INFO - â›” [SKIP] EQIXm | Signal: LONG | MinLot: 0.0100 | Spread: 112.0pts | Spread+Fees: $1.12 > $0.30 | Reason: Spread+Fees exceed limit (STRICT) | (Spread: $1.12, Fees: $0.00)
2025-12-11 20:16:25 - system_startup - INFO - â›” [SKIP] NZDSGDm | Signal: SHORT | MinLot: 0.0100 | Spread: 126.0pts | Spread+Fees: $1.26 > $0.30 | Reason: Spread+Fees exceed limit (STRICT) | (Spread: $1.26, Fees: $0.00)
2025-12-11 20:16:25 - system_startup - INFO - â›” [SKIP] BTCTHBm | Reason: RSI filter failed (RSI: 70.6 not in range 20-70)
2025-12-11 20:16:25 - system_startup - INFO - â›” [SKIP] USDSGDm | Signal: LONG | MinLot: 0.0100 | Spread: 127.0pts | Spread+Fees: $1.27 > $0.30 | Reason: Spread+Fees exceed limit (STRICT) | (Spread: $1.27, Fees: $0.00)
2025-12-11 20:16:25 - system_startup - INFO - â›” [SKIP] GBPNOKm | Reason: Trend strength too weak (SMA separation: 0.0034% < 0.02%)
2025-12-11 20:16:26 - system_startup - INFO - â›” [SKIP] USDSEKm | Signal: LONG | MinLot: 0.0100 | Spread: 135.3pts | Spread+Fees: $124.32 > $0.30 | Reason: Spread+Fees exceed limit (STRICT) | (Spread: $124.32, Fees: $0.00)
2025-12-11 20:16:26 - system_startup - INFO - â›” [SKIP] CHFNOKm | Reason: Trend strength too weak (SMA separation: 0.0085% < 0.02%)
2025-12-11 20:16:26 - system_startup - INFO - â›” [SKIP] EDUm | Reason: Insufficient tick volume: 1 < 5
2025-12-11 20:16:26 - system_startup - INFO - â›” [SKIP] GBPSEKm | Reason: Trend strength too weak (SMA separation: 0.0051% < 0.02%)
2025-12-11 20:16:26 - system_startup - INFO - â›” [SKIP] CHFSEKm | Reason: Trend strength too weak (SMA separation: 0.0065% < 0.02%)
2025-12-11 20:16:26 - system_startup - INFO - â›” [SKIP] XPDUSDm | Signal: SHORT | MinLot: 0.0100 | Spread: 206.8pts | Spread+Fees: $30.56 > $0.30 | Reason: Spread+Fees exceed limit (STRICT) | (Spread: $30.56, Fees: $0.00)
2025-12-11 20:16:26 - system_startup - INFO - â›” [SKIP] NOKJPYm | Reason: Insufficient tick volume: 3 < 5
2025-12-11 20:16:26 - system_startup - INFO - â›” [SKIP] CHFSGDm | Signal: SHORT | MinLot: 0.0100 | Spread: 241.0pts | Spread+Fees: $2.41 > $0.30 | Reason: Spread+Fees exceed limit (STRICT) | (Spread: $2.41, Fees: $0.00)
2025-12-11 20:16:26 - system_startup - INFO - â›” [SKIP] XNGUSDm | Reason: Insufficient tick volume: 4 < 5
2025-12-11 20:16:26 - system_startup - INFO - â›” [SKIP] SEKJPYm | Reason: Insufficient tick volume: 4 < 5
2025-12-11 20:16:26 - system_startup - INFO - â›” [SKIP] USDCNHm | Reason: Trend strength too weak (SMA separation: 0.0077% < 0.02%)
2025-12-11 20:16:26 - system_startup - INFO - â›” [SKIP] USDHKDm | Reason: Insufficient tick volume: 4 < 5
2025-12-11 20:16:26 - system_startup - INFO - â›” [SKIP] MXNJPYm | Reason: Trend strength too weak (SMA separation: 0.0109% < 0.02%)
2025-12-11 20:16:26 - system_startup - INFO - â›” [SKIP] BTCXAUm | Reason: RSI filter failed (RSI: 72.5 not in range 20-70)
2025-12-11 20:16:26 - system_startup - INFO - â›” [SKIP] EURDKKm | Reason: Insufficient tick volume: 1 < 5
2025-12-11 20:16:26 - system_startup - INFO - â›” [SKIP] USDDKKm | Signal: LONG | MinLot: 0.0100 | Spread: 627.0pts | Spread+Fees: $6.27 > $0.30 | Reason: Spread+Fees exceed limit (STRICT) | (Spread: $6.27, Fees: $0.00)
2025-12-11 20:16:26 - system_startup - INFO - â›” [SKIP] DKKPLNm | Reason: Insufficient tick volume: 4 < 5
2025-12-11 20:16:26 - system_startup - INFO - â›” [SKIP] USDMXNm | Reason: RSI filter failed (RSI: 73.0 not in range 20-70)
2025-12-11 20:16:26 - system_startup - INFO - â›” [SKIP] AUDMXNm | Reason: Trend strength too weak (SMA separation: 0.0013% < 0.02%)
2025-12-11 20:16:26 - system_startup - INFO - â›” [SKIP] NOKDKKm | Reason: Trend strength too weak (SMA separation: 0.0158% < 0.02%)
2025-12-11 20:16:26 - system_startup - INFO - â›” [SKIP] NZDMXNm | Signal: SHORT | MinLot: 0.0100 | Spread: 917.0pts | Spread+Fees: $9.17 > $0.30 | Reason: Spread+Fees exceed limit (STRICT) | (Spread: $9.17, Fees: $0.00)
2025-12-11 20:16:27 - system_startup - INFO - â›” [SKIP] DKKZARm | Signal: SHORT | MinLot: 0.0100 | Spread: 961.0pts | Spread+Fees: $9.61 > $0.30 | Reason: Spread+Fees exceed limit (STRICT) | (Spread: $9.61, Fees: $0.00)
2025-12-11 20:16:27 - system_startup - INFO - â›” [SKIP] SGDHKDm | Signal: SHORT | MinLot: 0.0100 | Spread: 1160.0pts | Spread+Fees: $11.60 > $0.30 | Reason: Spread+Fees exceed limit (STRICT) | (Spread: $11.60, Fees: $0.00)
2025-12-11 20:16:27 - system_startup - INFO - â›” [SKIP] CHFDKKm | Reason: Trend strength too weak (SMA separation: 0.0089% < 0.02%)
2025-12-11 20:16:27 - system_startup - INFO - â›” [SKIP] EURMXNm | Reason: Trend strength too weak (SMA separation: 0.0067% < 0.02%)
2025-12-11 20:16:27 - system_startup - INFO - â›” [SKIP] SEKDKKm | Reason: Trend strength too weak (SMA separation: 0.0140% < 0.02%)
2025-12-11 20:16:27 - system_startup - INFO - â›” [SKIP] GBPMXNm | Signal: SHORT | MinLot: 0.0100 | Spread: 1379.0pts | Spread+Fees: $13.79 > $0.30 | Reason: Spread+Fees exceed limit (STRICT) | (Spread: $13.79, Fees: $0.00)
2025-12-11 20:16:27 - system_startup - INFO - â›” [SKIP] EURPLNm | Reason: Insufficient tick volume: 1 < 5
2025-12-11 20:16:27 - system_startup - INFO - â›” [SKIP] CHFMXNm | Reason: RSI filter failed (RSI: 71.8 not in range 20-70)
2025-12-11 20:16:27 - system_startup - INFO - â›” [SKIP] NZDDKKm | Signal: SHORT | MinLot: 0.0100 | Spread: 1848.0pts | Spread+Fees: $18.48 > $0.30 | Reason: Spread+Fees exceed limit (STRICT) | (Spread: $18.48, Fees: $0.00)
2025-12-11 20:16:27 - system_startup - INFO - â›” [SKIP] PLNDKKm | Reason: Trend strength too weak (SMA separation: 0.0048% < 0.02%)
2025-12-11 20:16:27 - system_startup - INFO - â›” [SKIP] GBPSGDm | Signal: SHORT | MinLot: 0.0100 | Spread: 2070.0pts | Spread+Fees: $20.70 > $0.30 | Reason: Spread+Fees exceed limit (STRICT) | (Spread: $20.70, Fees: $0.00)
2025-12-11 20:16:27 - system_startup - INFO - â›” [SKIP] NZDPLNm | Signal: SHORT | MinLot: 0.0100 | Spread: 2189.0pts | Spread+Fees: $21.89 > $0.30 | Reason: Spread+Fees exceed limit (STRICT) | (Spread: $21.89, Fees: $0.00)
2025-12-11 20:16:27 - system_startup - INFO - â›” [SKIP] AUDPLNm | Reason: Trend strength too weak (SMA separation: 0.0039% < 0.02%)
2025-12-11 20:16:28 - system_startup - INFO - â›” [SKIP] CADPLNm | Signal: LONG | MinLot: 0.0100 | Spread: 2670.0pts | Spread+Fees: $26.70 > $0.30 | Reason: Spread+Fees exceed limit (STRICT) | (Spread: $26.70, Fees: $0.00)
2025-12-11 20:16:28 - system_startup - INFO - â›” [SKIP] USDPLNm | Signal: LONG | MinLot: 0.0100 | Spread: 2790.0pts | Spread+Fees: $27.90 > $0.30 | Reason: Spread+Fees exceed limit (STRICT) | (Spread: $27.90, Fees: $0.00)
2025-12-11 20:16:28 - system_startup - INFO - â›” [SKIP] NOKSEKm | Reason: Trend strength too weak (SMA separation: 0.0013% < 0.02%)
2025-12-11 20:16:28 - system_startup - INFO - â›” [SKIP] AUDZARm | Reason: Trend strength too weak (SMA separation: 0.0114% < 0.02%)
2025-12-11 20:16:28 - system_startup - INFO - â›” [SKIP] USDTHBm | Reason: Trend strength too weak (SMA separation: 0.0141% < 0.02%)
2025-12-11 20:16:28 - system_startup - INFO - â›” [SKIP] USDZARm | Reason: RSI filter failed (RSI: 75.2 not in range 20-70)
2025-12-11 20:16:28 - system_startup - INFO - â›” [SKIP] AUDNOKm | Reason: Trend strength too weak (SMA separation: 0.0176% < 0.02%)
2025-12-11 20:16:28 - system_startup - INFO - â›” [SKIP] PLNJPYm | Reason: Trend strength too weak (SMA separation: 0.0026% < 0.02%)
2025-12-11 20:16:28 - system_startup - INFO - â›” [SKIP] CHFPLNm | Reason: Trend strength too weak (SMA separation: 0.0157% < 0.02%)
2025-12-11 20:16:28 - system_startup - INFO - â›” [SKIP] AUDSEKm | Reason: Trend strength too weak (SMA separation: 0.0185% < 0.02%)
2025-12-11 20:16:29 - system_startup - INFO - â›” [SKIP] GBPPLNm | Signal: SHORT | MinLot: 0.0100 | Spread: 4899.0pts | Spread+Fees: $48.99 > $0.30 | Reason: Spread+Fees exceed limit (STRICT) | (Spread: $48.99, Fees: $0.00)
2025-12-11 20:16:29 - system_startup - INFO - â›” [SKIP] EURNOKm | Reason: Trend strength too weak (SMA separation: 0.0125% < 0.02%)
2025-12-11 20:16:29 - system_startup - INFO - â›” [SKIP] CHFZARm | Reason: RSI filter failed (RSI: 71.6 not in range 20-70)
2025-12-11 20:16:29 - system_startup - INFO - â›” [SKIP] GBPZARm | Signal: SHORT | MinLot: 0.0100 | Spread: 5497.0pts | Spread+Fees: $54.97 > $0.30 | Reason: Spread+Fees exceed limit (STRICT) | (Spread: $54.97, Fees: $0.00)
2025-12-11 20:16:29 - system_startup - INFO - â›” [SKIP] NZDZARm | Signal: SHORT | MinLot: 0.0100 | Spread: 5702.0pts | Spread+Fees: $57.02 > $0.30 | Reason: Spread+Fees exceed limit (STRICT) | (Spread: $57.02, Fees: $0.00)
2025-12-11 20:16:29 - system_startup - INFO - â›” [SKIP] AUDDKKm | Reason: Trend strength too weak (SMA separation: 0.0028% < 0.02%)
2025-12-11 20:16:29 - system_startup - INFO - â›” [SKIP] EURSEKm | Reason: Trend strength too weak (SMA separation: 0.0139% < 0.02%)
2025-12-11 20:16:29 - system_startup - INFO - â›” [SKIP] GBPDKKm | Signal: SHORT | MinLot: 0.0100 | Spread: 6666.0pts | Spread+Fees: $66.66 > $0.30 | Reason: Spread+Fees exceed limit (STRICT) | (Spread: $66.66, Fees: $0.00)
2025-12-11 20:16:29 - system_startup - INFO - â›” [SKIP] PLNSEKm | Reason: Trend strength too weak (SMA separation: 0.0109% < 0.02%)
2025-12-11 20:16:29 - system_startup - INFO - â›” [SKIP] NZDNOKm | Reason: Trend strength too weak (SMA separation: 0.0047% < 0.02%)
2025-12-11 20:16:29 - system_startup - INFO - â›” [SKIP] EURZARm | Reason: Trend strength too weak (SMA separation: 0.0161% < 0.02%)
2025-12-11 20:16:29 - system_startup - INFO - â›” [SKIP] NZDSEKm | Reason: Trend strength too weak (SMA separation: 0.0062% < 0.02%)
2025-12-11 20:16:29 - system_startup - INFO - â›” [SKIP] CADNOKm | Signal: LONG | MinLot: 0.0100 | Spread: 9805.0pts | Spread+Fees: $98.05 > $0.30 | Reason: Spread+Fees exceed limit (STRICT) | (Spread: $98.05, Fees: $0.00)
2025-12-11 20:16:29 - system_startup - INFO - ðŸŽ¯ Found 41 trading opportunity(ies)
2025-12-11 20:16:29 - system_startup - INFO - ðŸ“Š Opportunities sorted: Profit Probability (HIGHâ†’LOW), Fees (LOWâ†’HIGH)
2025-12-11 20:16:29 - system_startup - INFO -    â†’ Best setups (highest profit probability, lowest fees) will be traded first
2025-12-11 20:16:29 - system_startup - INFO - ðŸ“Š Opportunities sorted by quality score (descending), then spread+fees (ascending):
2025-12-11 20:16:29 - system_startup - INFO -   1. BMYm LONG: Quality=80.0, Cost=$0.08 (spread: 8.0pts)
2025-12-11 20:16:29 - system_startup - INFO -   2. KOm LONG: Quality=80.0, Cost=$0.10 (spread: 10.0pts)
2025-12-11 20:16:29 - system_startup - INFO -   3. FTNTm SHORT: Quality=80.0, Cost=$0.10 (spread: 10.0pts)
2025-12-11 20:16:29 - system_startup - INFO -   4. NKEm LONG: Quality=80.0, Cost=$0.13 (spread: 13.0pts)
2025-12-11 20:16:29 - system_startup - INFO -   5. PEPm LONG: Quality=80.0, Cost=$0.13 (spread: 13.0pts)
2025-12-11 20:16:29 - system_startup - INFO -   6. PYPLm LONG: Quality=80.0, Cost=$0.14 (spread: 14.0pts)
2025-12-11 20:16:29 - system_startup - INFO -   7. XOMm LONG: Quality=80.0, Cost=$0.14 (spread: 14.0pts)
2025-12-11 20:16:29 - system_startup - INFO -   8. NVDAm SHORT: Quality=80.0, Cost=$0.16 (spread: 16.0pts)
2025-12-11 20:16:29 - system_startup - INFO -   9. CVSm SHORT: Quality=65.0, Cost=$0.09 (spread: 9.0pts)
2025-12-11 20:16:29 - system_startup - INFO -   10. GBPUSDm SHORT: Quality=65.0, Cost=$0.10 (spread: 10.0pts)
2025-12-11 20:16:29 - system_startup - INFO - ====================================================================================================
2025-12-11 20:16:29 - system_startup - INFO - OPPORTUNITY TABLE:
2025-12-11 20:16:29 - system_startup - INFO - Symbol       | Signal | MinLot   | Spread     | Fees       | Status               | Reason
2025-12-11 20:16:29 - system_startup - INFO - ----------------------------------------------------------------------------------------------------
2025-12-11 20:16:29 - system_startup - INFO - ðŸŽ¯ Found 41 opportunity(ies) - evaluating all symbols (sorted by quality score and spread+fees cost) [AUTOMATIC MODE]
2025-12-11 20:16:29 - system_startup - INFO - ðŸ“Š Processing 6 opportunity(ies) out of 41 found | Available slots: 6/6 | Reserved 6 slot(s) for batch execution | Current positions: 0
2025-12-11 20:16:29 - system_startup - INFO - ðŸ”„ Starting batch execution loop: 6 opportunity(ies) to process
2025-12-11 20:16:29 - system_startup - INFO - ðŸ”„ [BATCH 1/6] Processing: BMYm | Current positions: 0/6
2025-12-11 20:16:29 - system_startup - INFO - BMYm         | LONG   | Q:80.0 | 0.0100   | 8.0       pts | $0.08      | Executing...         | -
2025-12-11 20:16:29 - system_startup - INFO - ðŸŽ¯ Executing approved trade: BMYm LONG (Quality: 80.0, Spread: 8.0 points)
2025-12-11 20:16:29 - system_startup - INFO - BMYm         | LONG   | Q:80.0 | 0.0100   | 8.0       pts | $0.08      | Evaluating...        | -
2025-12-11 20:16:29 - system_startup - INFO - ðŸŽ¯ Evaluating opportunity: BMYm LONG (Quality: 80.0, Spread: 8.0 points)
2025-12-11 20:16:29 - system_startup - INFO - ðŸ”„ [BATCH 1/6] Calling execute_trade for BMYm
2025-12-11 20:16:29 - system_startup - INFO - ðŸŽ² BMYm: RANDOMNESS SKIP - Random value 0.181 < threshold 0.25 (skipping trade to avoid over-trading)
2025-12-11 20:16:29 - system_startup - INFO - ðŸ”„ [BATCH 1/6] execute_trade returned: None for BMYm
2025-12-11 20:16:29 - system_startup - INFO - BMYm         | LONG   | Q:80.0 | 0.0100   | 8.0       pts | $0.08      | SKIP                 | Filtered (not a failure)
2025-12-11 20:16:29 - system_startup - INFO - â›” [SKIP] [BATCH 1/6] BMYm | Reason: Trade filtered/skipped (randomness, risk validation, or trend change) | Position count: 0/6
2025-12-11 20:16:29 - system_startup - INFO - ðŸ“Š [BATCH 1/6] After BMYm execution: Position count: 0/6 | Trades executed: 0 | Trades skipped: 1
2025-12-11 20:16:29 - system_startup - INFO - ðŸ”„ [BATCH 2/6] Processing: KOm | Current positions: 0/6
2025-12-11 20:16:29 - system_startup - INFO - KOm          | LONG   | Q:80.0 | 0.0100   | 10.0      pts | $0.10      | Executing...         | -
2025-12-11 20:16:29 - system_startup - INFO - ðŸŽ¯ Executing approved trade: KOm LONG (Quality: 80.0, Spread: 10.0 points)
2025-12-11 20:16:29 - system_startup - INFO - KOm          | LONG   | Q:80.0 | 0.0100   | 10.0      pts | $0.10      | Evaluating...        | -
2025-12-11 20:16:29 - system_startup - INFO - ðŸŽ¯ Evaluating opportunity: KOm LONG (Quality: 80.0, Spread: 10.0 points)
2025-12-11 20:16:29 - system_startup - INFO - ðŸ”„ [BATCH 2/6] Calling execute_trade for KOm
2025-12-11 20:16:29 - system_startup - INFO - ðŸŽ² KOm: RANDOMNESS PASS - Random value 0.786 >= threshold 0.25 (proceeding with trade)
2025-12-11 20:16:29 - system_startup - INFO - ðŸ’° KOm: Entry price = 69.18000 (ASK)
2025-12-11 20:16:29 - system_startup - INFO - ðŸ›¡ï¸ KOm: Stop loss price = 67.18000 (distance: 2.00000, risk: $2.00 USD)
2025-12-11 20:16:29 - system_startup - INFO - ðŸ“¦ KOm: LOT SIZE = 0.0100 | Reason: Using preferred lot 0.01 (broker min: 0.01) | Estimated Risk: $2.00 (target: $2.00)
2025-12-11 20:16:29 - system_startup - INFO - ðŸ“¦ KOm: EXECUTING WITH LOT SIZE = 0.0100 | Reason: Using preferred lot 0.01 (broker min: 0.01) | Estimated Risk: $2.00 (max: $2.00) | Policy: Priority logic (0.01 first, escalate only if broker requires AND setup strong)
2025-12-11 20:16:29 - system_startup - INFO - ðŸ“¤ KOm: Placing LONG order (Lot: 0.01, SL: 200.0 pips)...
2025-12-11 20:16:30 - system_startup - WARNING - âš ï¸ KOm: Actual risk $2.00 (with buffer: $2.20) exceeds max $2.00 after fill
2025-12-12 00:00:00 - system_startup - INFO - ============================================================
2025-12-12 00:00:00 - system_startup - INFO - ðŸ“Š Daily P&L Report - Date: 2025-12-11
2025-12-12 00:00:00 - system_startup - INFO -    Total P&L: $-0.19
2025-12-12 00:00:00 - system_startup - INFO -    Realized P/L: $0.00
2025-12-12 00:00:00 - system_startup - INFO -    Trades Executed: 1
2025-12-12 00:00:00 - system_startup - INFO -    Trade Statistics:
2025-12-12 00:00:00 - system_startup - INFO -      - Total Trades: 1
2025-12-12 00:00:00 - system_startup - INFO -      - Successful: 1
2025-12-12 00:00:00 - system_startup - INFO -      - Failed: 0
2025-12-12 00:00:00 - system_startup - INFO -      - Filtered Opportunities: 186
2025-12-12 00:00:00 - system_startup - INFO -      - Profitable Trades: 0 (Total: $0.00)
2025-12-12 00:00:00 - system_startup - INFO -      - Losing Trades: 0 (Total: $0.00)
2025-12-12 00:00:00 - system_startup - INFO -      - Success Rate: 100.0%
2025-12-12 00:00:00 - system_startup - INFO -      - Total Spread Paid: 10.0 points
2025-12-12 00:00:00 - system_startup - INFO - ============================================================
2025-12-12 08:21:18 - system_startup - INFO - Received signal 2, initiating graceful shutdown...
2025-12-12 08:21:18 - system_startup - INFO - ================================================================================
2025-12-12 08:21:18 - system_startup - INFO - INITIATING GRACEFUL SHUTDOWN
2025-12-12 08:21:18 - system_startup - INFO - ================================================================================
2025-12-12 08:21:18 - system_startup - INFO - Stopping SL Worker and Watchdog...
2025-12-12 08:21:20 - system_startup - INFO - Stopping Broker Reconciliation...
2025-12-12 08:21:21 - system_startup - INFO - âœ… SL Worker and Watchdog stopped
2025-12-12 08:21:22 - system_startup - INFO - Stopping Trading Bot...
2025-12-12 08:21:22 - system_startup - INFO - Generating final reconciliation report...
2025-12-12 08:21:22 - system_startup - INFO - Continuous trailing stop monitor stopped
2025-12-12 08:21:22 - system_startup - INFO - Fast trailing stop monitor stopped
2025-12-12 08:21:22 - system_startup - INFO - Continuous trailing stop monitor thread stopped
2025-12-12 08:21:23 - system_startup - INFO - Final reconciliation report: logs/reports/realtime_reconciliation_20251212_082123.txt
2025-12-12 08:21:23 - system_startup - INFO - Generating monitoring summary...
2025-12-12 08:21:23 - system_startup - INFO - Monitoring Summary:
2025-12-12 08:21:23 - system_startup - INFO -   HFT Trades: 0
2025-12-12 08:21:23 - system_startup - INFO -   HFT Sweet Spot Rate: 0.0%
2025-12-12 08:21:23 - system_startup - INFO -   Skipped Symbols: 0
2025-12-12 08:21:23 - system_startup - INFO - Flushing all logs...
2025-12-12 08:21:23 - system_startup - INFO - âœ… Logs flushed
2025-12-12 08:21:23 - system_startup - INFO - ================================================================================
2025-12-12 08:21:23 - system_startup - INFO - SHUTDOWN COMPLETE
2025-12-12 08:21:23 - system_startup - INFO - ================================================================================
2025-12-12 08:21:26 - system_startup - INFO - Position closure monitor thread stopped
