2025-12-22 19:27:07 - profit_locking - INFO - Profit-Locking Engine initialized | Sweet spot: $0.03-$0.1 | Step: $0.1
2025-12-22 19:27:07 - profit_locking - INFO - Dynamic Sweet Spot Locking: Enabled | Poll interval: 1000ms | Track minimum: True | Apply immediately: True
2025-12-22 19:31:34 - profit_locking - INFO - [LOCK_ATTEMPT] Profit-Locking Engine | Ticket=554226116 Symbol=US30_x10m Profit=$0.06 Enabled=True
2025-12-22 19:31:34 - profit_locking - INFO - 🎯 SWEET SPOT ENTRY: US30_x10m Ticket 554226116 | Entered sweet spot at $0.06 | Applying IMMEDIATE SL lock to prevent negative P/L
2025-12-22 19:31:35 - profit_locking - ERROR - [LOCK_BLOCKED] Ticket=554226116 Symbol=US30_x10m Profit=$0.06 TargetLock=$0.06 TargetSL=48441.80000 RetryCount=5 Reason=Lock attempt failed - broker SL not updated
2025-12-22 19:41:48 - profit_locking - INFO - [LOCK_ATTEMPT] Profit-Locking Engine | Ticket=554278952 Symbol=US30m Profit=$0.04 Enabled=True
2025-12-22 19:41:48 - profit_locking - INFO - 🎯 SWEET SPOT ENTRY: US30m Ticket 554278952 | Entered sweet spot at $0.04 | Applying IMMEDIATE SL lock to prevent negative P/L
2025-12-22 19:41:48 - profit_locking - INFO - 🔥 SL UPDATE ATTEMPT (ProfitLockingEngine): Ticket=554278952 Symbol=US30m OldSL=0.00000 NewSL=48438.70000 TargetLock=$0.04
2025-12-22 19:41:49 - profit_locking - INFO - [LOCK_ATTEMPT] Profit-Locking Engine | Ticket=554278952 Symbol=US30m Profit=$0.04 Enabled=True
2025-12-22 19:41:50 - profit_locking - ERROR - [ERROR] SL UPDATE FAILED (ProfitLockingEngine): Ticket=554278952 Symbol=US30m TargetSL=48438.70000
2025-12-22 19:41:51 - profit_locking - INFO - 🔥 SL UPDATE ATTEMPT (ProfitLockingEngine): Ticket=554278952 Symbol=US30m OldSL=0.00000 NewSL=48438.70000 TargetLock=$0.04
2025-12-22 19:41:51 - profit_locking - ERROR - [ERROR] SL UPDATE FAILED (ProfitLockingEngine): Ticket=554278952 Symbol=US30m TargetSL=48438.70000
2025-12-22 19:41:52 - profit_locking - INFO - 🔥 SL UPDATE ATTEMPT (ProfitLockingEngine): Ticket=554278952 Symbol=US30m OldSL=0.00000 NewSL=48438.70000 TargetLock=$0.04
2025-12-22 19:41:52 - profit_locking - ERROR - [ERROR] SL UPDATE FAILED (ProfitLockingEngine): Ticket=554278952 Symbol=US30m TargetSL=48438.70000
2025-12-22 19:41:54 - profit_locking - INFO - 🔥 SL UPDATE ATTEMPT (ProfitLockingEngine): Ticket=554278952 Symbol=US30m OldSL=0.00000 NewSL=48438.70000 TargetLock=$0.04
2025-12-22 19:41:54 - profit_locking - ERROR - [ERROR] SL UPDATE FAILED (ProfitLockingEngine): Ticket=554278952 Symbol=US30m TargetSL=48438.70000
2025-12-22 19:41:57 - profit_locking - ERROR - [LOCK_BLOCKED] Ticket=554278952 Symbol=US30m Profit=$0.04 TargetLock=$0.04 TargetSL=48438.70000 RetryCount=5 Reason=Lock attempt failed - broker SL not updated
2025-12-22 19:41:57 - profit_locking - ERROR - [LOCK_BLOCKED] Ticket=554278952 Symbol=US30m Profit=$0.04 TargetLock=$0.04 TargetSL=48438.70000 RetryCount=5 Reason=Lock attempt failed - broker SL not updated
2025-12-22 19:43:49 - profit_locking - INFO - [LOCK_ATTEMPT] Profit-Locking Engine | Ticket=554278952 Symbol=US30m Profit=$0.04 Enabled=True
2025-12-22 19:43:49 - profit_locking - INFO - 🔥 SL UPDATE ATTEMPT (ProfitLockingEngine): Ticket=554278952 Symbol=US30m OldSL=48431.80000 NewSL=48438.70000 TargetLock=$0.04
2025-12-22 19:43:50 - profit_locking - INFO - [OK] SL UPDATE SUCCESS (ProfitLockingEngine): Ticket=554278952 Symbol=US30m NewSL=48438.70000
2025-12-22 19:43:51 - profit_locking - INFO - [VERIFY_SUCCESS] Ticket=554278952 Symbol=US30m | Attempt 1/3 | Target: 48438.70000 | Applied: 48438.70000 | Diff: 0.00000 | Tolerance: 1.00000
2025-12-22 19:43:51 - profit_locking - INFO - [OK] SWEET SPOT LOCK APPLIED (BROKER VERIFIED): US30m Ticket 554278952 | Attempt 1/5 | Current profit: $0.04 | Locked at: $0.04 | Target SL: 48438.70000 | Applied SL: 48438.70000 | SUCCESS
2025-12-22 19:43:51 - profit_locking - INFO - [LOCK_SUCCESS] Ticket=554278952 Symbol=US30m Profit=$0.04 LockedAt=$0.04 TargetSL=48438.70000 | Min in sweet spot: $0.04 Status=[OK] VERIFIED
2025-12-22 19:43:57 - profit_locking - INFO - [LOCK_ATTEMPT] Profit-Locking Engine | Ticket=554278952 Symbol=US30m Profit=$0.04 Enabled=True
2025-12-22 19:43:57 - profit_locking - WARNING - [LOCK_BLOCKED] Ticket=554278952 Symbol=US30m Profit=$0.04 CurrentLocked=$0.04 Reason=No lock needed (target lock calculation returned None)
2025-12-22 19:46:01 - profit_locking - INFO - [LOCK_ATTEMPT] Profit-Locking Engine | Ticket=554278732 Symbol=BTCXAUm Profit=$0.10 Enabled=True
2025-12-22 19:46:01 - profit_locking - INFO - 🎯 SWEET SPOT ENTRY: BTCXAUm Ticket 554278732 | Entered sweet spot at $0.10 | Applying IMMEDIATE SL lock to prevent negative P/L
2025-12-22 19:46:02 - profit_locking - ERROR - [LOCK_BLOCKED] Ticket=554278732 Symbol=BTCXAUm Profit=$0.10 TargetLock=$0.10 TargetSL=9.91700 RetryCount=5 Reason=Lock attempt failed - broker SL not updated
