2025-12-19 00:03:39 - trend_detector - INFO - XAUUSDm: [OK] TREND SIGNAL = SHORT (SMA20=4332.85090 < SMA50=4333.39120, diff=-0.0125%, RSI=70.6)
2025-12-19 00:03:40 - trend_detector - INFO - XAUAUDm: [OK] TREND SIGNAL = LONG (SMA20=6552.87330 > SMA50=6551.60296, diff=0.0194%, RSI=66.7)
2025-12-19 00:03:40 - trend_detector - INFO - XAUEURm: [OK] TREND SIGNAL = SHORT (SMA20=3695.20215 < SMA50=3695.75364, diff=-0.0149%, RSI=71.9)
2025-12-19 00:03:40 - trend_detector - INFO - XAUGBPm: [OK] TREND SIGNAL = SHORT (SMA20=3237.04750 < SMA50=3237.39808, diff=-0.0108%, RSI=68.8)
2025-12-19 00:03:40 - trend_detector - INFO - EURUSDm: [OK] TREND SIGNAL = LONG (SMA20=1.17202 > SMA50=1.17200, diff=0.0017%, RSI=47.4)
2025-12-19 00:03:40 - trend_detector - INFO - AUDUSDm: [OK] TREND SIGNAL = SHORT (SMA20=0.66095 < SMA50=0.66116, diff=-0.0323%, RSI=74.1)
2025-12-19 00:03:40 - trend_detector - INFO - GBPUSDm: [OK] TREND SIGNAL = SHORT (SMA20=1.33779 < SMA50=1.33784, diff=-0.0035%, RSI=62.1)
2025-12-19 00:03:40 - trend_detector - INFO - USDJPYm: [OK] TREND SIGNAL = SHORT (SMA20=155.61345 < SMA50=155.62582, diff=-0.0079%, RSI=54.0)
2025-12-19 00:03:40 - trend_detector - INFO - US30_x10m: [OK] TREND SIGNAL = SHORT (SMA20=48011.45000 < SMA50=48072.91400, diff=-0.1279%, RSI=70.9)
2025-12-19 00:03:40 - trend_detector - INFO - US30m: [OK] TREND SIGNAL = SHORT (SMA20=48011.45000 < SMA50=48072.91400, diff=-0.1279%, RSI=70.9)
2025-12-19 00:03:41 - trend_detector - INFO - DE30m: [OK] TREND SIGNAL = SHORT (SMA20=24159.60500 < SMA50=24174.72000, diff=-0.0625%, RSI=87.3)
2025-12-19 00:03:41 - trend_detector - INFO - USTEC_x100m: [OK] TREND SIGNAL = SHORT (SMA20=25047.83200 < SMA50=25091.57140, diff=-0.1743%, RSI=82.2)
2025-12-19 00:03:41 - trend_detector - INFO - USTECm: [OK] TREND SIGNAL = SHORT (SMA20=25047.83200 < SMA50=25091.57140, diff=-0.1743%, RSI=82.2)
2025-12-19 00:03:41 - trend_detector - INFO - US500_x100m: [OK] TREND SIGNAL = SHORT (SMA20=6778.72750 < SMA50=6788.57060, diff=-0.1450%, RSI=76.7)
2025-12-19 00:03:41 - trend_detector - INFO - US500m: [OK] TREND SIGNAL = SHORT (SMA20=6778.72750 < SMA50=6788.57060, diff=-0.1450%, RSI=76.7)
2025-12-19 00:03:41 - trend_detector - INFO - JP225m: [OK] TREND SIGNAL = SHORT (SMA20=49248.97000 < SMA50=49318.50800, diff=-0.1410%, RSI=81.7)
2025-12-19 00:03:41 - trend_detector - INFO - UK100m: [OK] TREND SIGNAL = SHORT (SMA20=9828.56800 < SMA50=9836.53080, diff=-0.0810%, RSI=73.4)
2025-12-19 00:03:41 - trend_detector - INFO - FR40m: [OK] TREND SIGNAL = SHORT (SMA20=8129.17000 < SMA50=8135.41120, diff=-0.0767%, RSI=89.5)
2025-12-19 00:03:41 - trend_detector - INFO - BTCUSDm: [OK] TREND SIGNAL = SHORT (SMA20=85966.09400 < SMA50=86207.55120, diff=-0.2801%, RSI=65.8)
2025-12-19 00:03:41 - trend_detector - INFO - [TIMING BLOCK] BTCUSDm: Late trend phase - trend SHORT has persisted for 24 bars with price 0.705% away from SMA50
2025-12-19 00:03:41 - trend_detector - INFO - STOXX50m: [OK] TREND SIGNAL = SHORT (SMA20=5732.01000 < SMA50=5737.85260, diff=-0.1018%, RSI=68.4)
2025-12-19 00:03:42 - trend_detector - INFO - AUS200m: [OK] TREND SIGNAL = SHORT (SMA20=8632.31600 < SMA50=8638.46300, diff=-0.0712%, RSI=51.9)
2025-12-19 00:03:42 - trend_detector - INFO - BTCJPYm: [OK] TREND SIGNAL = SHORT (SMA20=13376811.20000 < SMA50=13415523.72000, diff=-0.2886%, RSI=66.4)
2025-12-19 00:03:42 - trend_detector - INFO - [TIMING BLOCK] BTCJPYm: Late trend phase - trend SHORT has persisted for 20 bars with price 0.710% away from SMA50
2025-12-19 00:03:42 - trend_detector - INFO - BTCAUDm: [OK] TREND SIGNAL = SHORT (SMA20=130039.14500 < SMA50=130362.39400, diff=-0.2480%, RSI=65.0)
2025-12-19 00:03:42 - trend_detector - INFO - ETHUSDm: [OK] TREND SIGNAL = SHORT (SMA20=2823.44300 < SMA50=2832.55740, diff=-0.3218%, RSI=63.9)
2025-12-19 00:03:42 - trend_detector - INFO - BTCXAGm: [OK] TREND SIGNAL = SHORT (SMA20=1318.63760 < SMA50=1320.80720, diff=-0.1643%, RSI=55.0)
2025-12-19 00:03:42 - trend_detector - INFO - CSXm: [OK] TREND SIGNAL = LONG (SMA20=36.56500 > SMA50=36.54960, diff=0.0421%, RSI=20.0)
2025-12-19 00:03:42 - trend_detector - INFO - AMZNm: [OK] TREND SIGNAL = SHORT (SMA20=225.98950 < SMA50=226.35800, diff=-0.1628%, RSI=69.1)
2025-12-19 00:03:42 - trend_detector - INFO - CADCHFm: [OK] TREND SIGNAL = SHORT (SMA20=0.57689 < SMA50=0.57694, diff=-0.0087%, RSI=58.5)
2025-12-19 00:03:42 - trend_detector - INFO - MDLZm: [OK] TREND SIGNAL = LONG (SMA20=54.07400 > SMA50=53.99860, diff=0.1396%, RSI=21.4)
2025-12-19 00:03:43 - trend_detector - INFO - BMYm: [OK] TREND SIGNAL = SHORT (SMA20=52.98250 < SMA50=53.02200, diff=-0.0745%, RSI=37.8)
2025-12-19 00:03:43 - trend_detector - INFO - MOm: [OK] TREND SIGNAL = LONG (SMA20=57.84050 > SMA50=57.83780, diff=0.0047%, RSI=37.0)
2025-12-19 00:03:43 - trend_detector - INFO - FTNTm: [OK] TREND SIGNAL = SHORT (SMA20=78.80900 < SMA50=78.94220, diff=-0.1687%, RSI=73.0)
2025-12-19 00:03:43 - trend_detector - INFO - AUDCHFm: [OK] TREND SIGNAL = SHORT (SMA20=0.52517 < SMA50=0.52534, diff=-0.0324%, RSI=68.3)
2025-12-19 00:03:43 - trend_detector - INFO - BTCCNHm: [OK] TREND SIGNAL = SHORT (SMA20=604402.06500 < SMA50=606068.65800, diff=-0.2750%, RSI=65.1)
2025-12-19 00:03:43 - trend_detector - INFO - CVSm: [OK] TREND SIGNAL = SHORT (SMA20=77.56150 < SMA50=77.75760, diff=-0.2522%, RSI=72.0)
2025-12-19 00:03:43 - trend_detector - INFO - INTCm: [OK] TREND SIGNAL = SHORT (SMA20=36.12800 < SMA50=36.23860, diff=-0.3052%, RSI=64.9)
2025-12-19 00:03:43 - trend_detector - INFO - UPSm: [OK] TREND SIGNAL = SHORT (SMA20=101.66800 < SMA50=101.71000, diff=-0.0413%, RSI=55.6)
2025-12-19 00:03:43 - trend_detector - INFO - WFCm: [OK] TREND SIGNAL = SHORT (SMA20=91.47750 < SMA50=91.58980, diff=-0.1226%, RSI=50.7)
2025-12-19 00:03:44 - trend_detector - INFO - XOMm: [OK] TREND SIGNAL = SHORT (SMA20=116.06250 < SMA50=116.14020, diff=-0.0669%, RSI=76.7)
2025-12-19 00:03:44 - trend_detector - INFO - BACm: [OK] TREND SIGNAL = SHORT (SMA20=53.84950 < SMA50=53.98340, diff=-0.2480%, RSI=47.2)
2025-12-19 00:03:44 - trend_detector - INFO - CSCOm: [OK] TREND SIGNAL = SHORT (SMA20=76.82550 < SMA50=76.91880, diff=-0.1213%, RSI=61.0)
2025-12-19 00:03:44 - trend_detector - INFO - EBAYm: [OK] TREND SIGNAL = SHORT (SMA20=83.81400 < SMA50=83.86540, diff=-0.0613%, RSI=65.7)
2025-12-19 00:03:44 - trend_detector - INFO - KOm: [OK] TREND SIGNAL = SHORT (SMA20=70.20600 < SMA50=70.26900, diff=-0.0897%, RSI=56.0)
2025-12-19 00:03:44 - trend_detector - INFO - SBUXm: [OK] TREND SIGNAL = SHORT (SMA20=89.45350 < SMA50=89.53420, diff=-0.0901%, RSI=59.3)
2025-12-19 00:03:44 - trend_detector - INFO - MRKm: [OK] TREND SIGNAL = SHORT (SMA20=99.91200 < SMA50=100.05300, diff=-0.1409%, RSI=61.1)
2025-12-19 00:03:45 - trend_detector - INFO - TSLAm: [OK] TREND SIGNAL = SHORT (SMA20=488.14450 < SMA50=488.48120, diff=-0.0689%, RSI=80.7)
2025-12-19 00:03:45 - trend_detector - INFO - BTCZARm: [OK] TREND SIGNAL = SHORT (SMA20=1438524.70000 < SMA50=1442644.02000, diff=-0.2855%, RSI=68.1)
2025-12-19 00:03:45 - trend_detector - INFO - PEPm: [OK] TREND SIGNAL = SHORT (SMA20=149.45650 < SMA50=149.52300, diff=-0.0445%, RSI=55.3)
2025-12-19 00:03:45 - trend_detector - INFO - PGm: [OK] TREND SIGNAL = SHORT (SMA20=145.61200 < SMA50=145.70160, diff=-0.0615%, RSI=42.9)
2025-12-19 00:03:45 - trend_detector - INFO - YUMCm: [OK] TREND SIGNAL = LONG (SMA20=48.23900 > SMA50=48.18480, diff=0.1125%, RSI=57.9)
2025-12-19 00:03:45 - trend_detector - INFO - LLYm: [OK] TREND SIGNAL = SHORT (SMA20=1061.30400 < SMA50=1063.25600, diff=-0.1836%, RSI=73.4)
2025-12-19 00:03:45 - trend_detector - INFO - USDCHFm: [OK] TREND SIGNAL = SHORT (SMA20=0.79451 < SMA50=0.79451, diff=-0.0007%, RSI=47.9)
2025-12-19 00:03:45 - trend_detector - INFO - NKEm: [OK] TREND SIGNAL = SHORT (SMA20=65.94500 < SMA50=65.94780, diff=-0.0042%, RSI=54.5)
2025-12-19 00:03:45 - trend_detector - INFO - EURGBPm: [OK] TREND SIGNAL = LONG (SMA20=0.87601 > SMA50=0.87597, diff=0.0051%, RSI=25.5)
2025-12-19 00:03:45 - trend_detector - INFO - ABTm: [OK] TREND SIGNAL = SHORT (SMA20=124.94550 < SMA50=124.94860, diff=-0.0025%, RSI=38.2)
2025-12-19 00:03:45 - trend_detector - INFO - Cm: [OK] TREND SIGNAL = SHORT (SMA20=112.35000 < SMA50=112.64760, diff=-0.2642%, RSI=55.9)
2025-12-19 00:03:45 - trend_detector - INFO - PYPLm: [OK] TREND SIGNAL = SHORT (SMA20=59.01900 < SMA50=59.24260, diff=-0.3774%, RSI=51.9)
2025-12-19 00:03:46 - trend_detector - INFO - WMTm: [OK] TREND SIGNAL = SHORT (SMA20=115.30550 < SMA50=115.43880, diff=-0.1155%, RSI=39.5)
2025-12-19 00:03:46 - trend_detector - INFO - MSm: [OK] TREND SIGNAL = SHORT (SMA20=173.03050 < SMA50=173.46100, diff=-0.2482%, RSI=57.1)
2025-12-19 00:03:46 - trend_detector - INFO - AAPLm: [OK] TREND SIGNAL = SHORT (SMA20=270.72850 < SMA50=271.57260, diff=-0.3108%, RSI=75.0)
2025-12-19 00:03:46 - trend_detector - INFO - NZDCHFm: [OK] TREND SIGNAL = SHORT (SMA20=0.45847 < SMA50=0.45856, diff=-0.0197%, RSI=61.0)
2025-12-19 00:03:46 - trend_detector - INFO - USDCADm: [OK] TREND SIGNAL = LONG (SMA20=1.37738 > SMA50=1.37725, diff=0.0090%, RSI=37.8)
2025-12-19 00:03:46 - trend_detector - INFO - GILDm: [OK] TREND SIGNAL = SHORT (SMA20=121.21200 < SMA50=121.32640, diff=-0.0943%, RSI=58.0)
2025-12-19 00:03:46 - trend_detector - INFO - [TIMING BLOCK] GILDm: Impulse/exhaustion candle - current range 3.24x recent average with 3 candles in SHORT direction
2025-12-19 00:03:46 - trend_detector - INFO - NVDAm: [OK] TREND SIGNAL = SHORT (SMA20=174.25300 < SMA50=174.66320, diff=-0.2349%, RSI=70.9)
2025-12-19 00:03:46 - trend_detector - INFO - PDDm: [OK] TREND SIGNAL = SHORT (SMA20=106.26550 < SMA50=106.27260, diff=-0.0067%, RSI=78.6)
2025-12-19 00:03:46 - trend_detector - INFO - TSMm: [OK] TREND SIGNAL = SHORT (SMA20=284.45500 < SMA50=285.07300, diff=-0.2168%, RSI=77.6)
2025-12-19 00:03:47 - trend_detector - INFO - HK50m: [OK] TREND SIGNAL = SHORT (SMA20=25585.30000 < SMA50=25604.49200, diff=-0.0750%, RSI=69.3)
2025-12-19 00:03:47 - trend_detector - INFO - NZDUSDm: [OK] TREND SIGNAL = SHORT (SMA20=0.57699 < SMA50=0.57713, diff=-0.0231%, RSI=64.6)
2025-12-19 00:03:47 - trend_detector - INFO - BABAm: [OK] TREND SIGNAL = SHORT (SMA20=147.87650 < SMA50=147.99040, diff=-0.0770%, RSI=71.8)
2025-12-19 00:03:47 - trend_detector - INFO - USOILm: [OK] TREND SIGNAL = LONG (SMA20=56.26075 > SMA50=56.22270, diff=0.0677%, RSI=61.0)
2025-12-19 00:03:47 - trend_detector - INFO - TMUSm: [OK] TREND SIGNAL = SHORT (SMA20=199.90700 < SMA50=200.11080, diff=-0.1018%, RSI=68.8)
2025-12-19 00:03:47 - trend_detector - INFO - [TIMING BLOCK] TMUSm: Impulse/exhaustion candle - current range 4.35x recent average with 3 candles in SHORT direction
2025-12-19 00:03:47 - trend_detector - INFO - AUDJPYm: [OK] TREND SIGNAL = SHORT (SMA20=102.85470 < SMA50=102.89590, diff=-0.0400%, RSI=70.5)
2025-12-19 00:03:47 - trend_detector - INFO - AMTm: [OK] TREND SIGNAL = SHORT (SMA20=173.47150 < SMA50=173.64260, diff=-0.0985%, RSI=54.5)
2025-12-19 00:03:48 - trend_detector - INFO - JNJm: [OK] TREND SIGNAL = SHORT (SMA20=208.16900 < SMA50=208.19100, diff=-0.0106%, RSI=27.9)
2025-12-19 00:03:48 - trend_detector - INFO - PMm: [OK] TREND SIGNAL = LONG (SMA20=156.22100 > SMA50=156.20220, diff=0.0120%, RSI=40.5)
2025-12-19 00:03:48 - trend_detector - INFO - XAGUSDm: [OK] TREND SIGNAL = SHORT (SMA20=65.16610 < SMA50=65.24324, diff=-0.1182%, RSI=73.3)
2025-12-19 00:03:48 - trend_detector - INFO - MMMm: [OK] TREND SIGNAL = SHORT (SMA20=161.70450 < SMA50=161.84080, diff=-0.0842%, RSI=62.4)
2025-12-19 00:03:48 - trend_detector - INFO - BIDUm: [OK] TREND SIGNAL = SHORT (SMA20=120.90150 < SMA50=121.02420, diff=-0.1014%, RSI=86.9)
2025-12-19 00:03:48 - trend_detector - INFO - AUDNZDm: [OK] TREND SIGNAL = SHORT (SMA20=1.14530 < SMA50=1.14541, diff=-0.0096%, RSI=70.9)
2025-12-19 00:03:48 - trend_detector - INFO - NZDCADm: [OK] TREND SIGNAL = SHORT (SMA20=0.79471 < SMA50=0.79481, diff=-0.0129%, RSI=63.6)
2025-12-19 00:03:48 - trend_detector - INFO - GBPJPYm: [OK] TREND SIGNAL = SHORT (SMA20=208.18470 < SMA50=208.20746, diff=-0.0109%, RSI=66.2)
2025-12-19 00:03:48 - trend_detector - INFO - ZARJPYm: [OK] TREND SIGNAL = SHORT (SMA20=9.28375 < SMA50=9.28430, diff=-0.0059%, RSI=60.0)
2025-12-19 00:03:48 - trend_detector - INFO - AUDCADm: [OK] TREND SIGNAL = SHORT (SMA20=0.91026 < SMA50=0.91046, diff=-0.0218%, RSI=77.6)
2025-12-19 00:03:48 - trend_detector - INFO - BIIBm: [OK] TREND SIGNAL = SHORT (SMA20=170.07850 < SMA50=170.43280, diff=-0.2079%, RSI=59.9)
2025-12-19 00:03:48 - trend_detector - INFO - CHFJPYm: [OK] TREND SIGNAL = SHORT (SMA20=195.83825 < SMA50=195.85390, diff=-0.0080%, RSI=57.0)
2025-12-19 00:03:49 - trend_detector - INFO - EURJPYm: [OK] TREND SIGNAL = SHORT (SMA20=182.38580 < SMA50=182.39652, diff=-0.0059%, RSI=50.0)
2025-12-19 00:03:49 - trend_detector - INFO - XAGGBPm: [OK] TREND SIGNAL = SHORT (SMA20=48.70590 < SMA50=48.76202, diff=-0.1151%, RSI=72.5)
2025-12-19 00:03:49 - trend_detector - INFO - MCDm: [OK] TREND SIGNAL = SHORT (SMA20=320.20350 < SMA50=320.23600, diff=-0.0101%, RSI=49.3)
2025-12-19 00:03:49 - trend_detector - INFO - GBPCHFm: [OK] TREND SIGNAL = SHORT (SMA20=1.06290 < SMA50=1.06293, diff=-0.0030%, RSI=60.2)
2025-12-19 00:03:49 - trend_detector - INFO - EURCHFm: [OK] TREND SIGNAL = LONG (SMA20=0.93118 > SMA50=0.93116, diff=0.0021%, RSI=42.0)
2025-12-19 00:03:49 - trend_detector - INFO - CHTRm: [OK] TREND SIGNAL = SHORT (SMA20=209.41150 < SMA50=209.55220, diff=-0.0671%, RSI=28.8)
2025-12-19 00:03:49 - trend_detector - INFO - CMEm: [OK] TREND SIGNAL = LONG (SMA20=269.07550 > SMA50=268.84460, diff=0.0859%, RSI=39.1)
2025-12-19 00:03:49 - trend_detector - INFO - GBPAUDm: [OK] TREND SIGNAL = LONG (SMA20=2.02385 > SMA50=2.02327, diff=0.0284%, RSI=34.9)
2025-12-19 00:03:49 - trend_detector - INFO - ABBVm: [OK] TREND SIGNAL = SHORT (SMA20=222.97450 < SMA50=223.06420, diff=-0.0402%, RSI=50.4)
2025-12-19 00:03:49 - trend_detector - INFO - HDm: [OK] TREND SIGNAL = SHORT (SMA20=355.92550 < SMA50=356.07680, diff=-0.0425%, RSI=67.7)
2025-12-19 00:03:49 - trend_detector - INFO - UNHm: [OK] TREND SIGNAL = SHORT (SMA20=325.66250 < SMA50=326.69460, diff=-0.3159%, RSI=70.4)
2025-12-19 00:03:50 - trend_detector - INFO - ADPm: [OK] TREND SIGNAL = LONG (SMA20=261.64550 > SMA50=261.63900, diff=0.0025%, RSI=70.6)
2025-12-19 00:03:50 - trend_detector - INFO - AVGOm: [OK] TREND SIGNAL = SHORT (SMA20=326.77800 < SMA50=327.82020, diff=-0.3179%, RSI=70.6)
2025-12-19 00:03:50 - trend_detector - INFO - XAGEURm: [OK] TREND SIGNAL = SHORT (SMA20=55.59455 < SMA50=55.66166, diff=-0.1206%, RSI=75.5)
2025-12-19 00:03:50 - trend_detector - INFO - EURCADm: [OK] TREND SIGNAL = LONG (SMA20=1.61408 > SMA50=1.61391, diff=0.0110%, RSI=33.1)
2025-12-19 00:03:50 - trend_detector - INFO - HKDJPYm: [OK] TREND SIGNAL = SHORT (SMA20=19.98575 < SMA50=19.98722, diff=-0.0074%, RSI=53.8)
2025-12-19 00:03:50 - trend_detector - INFO - LINm: [OK] TREND SIGNAL = LONG (SMA20=420.97600 > SMA50=420.89040, diff=0.0203%, RSI=57.0)
2025-12-19 00:03:50 - trend_detector - INFO - DXYm: [OK] TREND SIGNAL = SHORT (SMA20=98.45375 < SMA50=98.45402, diff=-0.0003%, RSI=48.8)
2025-12-19 00:03:50 - trend_detector - INFO - AMGNm: [OK] TREND SIGNAL = SHORT (SMA20=323.52800 < SMA50=323.70740, diff=-0.0554%, RSI=60.6)
2025-12-19 00:03:50 - trend_detector - INFO - GOOGLm: [OK] TREND SIGNAL = SHORT (SMA20=302.45300 < SMA50=302.71300, diff=-0.0859%, RSI=82.7)
2025-12-19 00:03:50 - trend_detector - INFO - JPMm: [OK] TREND SIGNAL = SHORT (SMA20=311.82150 < SMA50=312.55000, diff=-0.2331%, RSI=37.4)
2025-12-19 00:03:51 - trend_detector - INFO - MSFTm: [OK] TREND SIGNAL = SHORT (SMA20=484.89000 < SMA50=485.47920, diff=-0.1214%, RSI=72.7)
2025-12-19 00:03:51 - trend_detector - INFO - ORCLm: [OK] TREND SIGNAL = SHORT (SMA20=179.19550 < SMA50=179.21020, diff=-0.0082%, RSI=49.0)
2025-12-19 00:03:51 - trend_detector - INFO - ADBEm: [OK] TREND SIGNAL = SHORT (SMA20=353.03050 < SMA50=353.68560, diff=-0.1852%, RSI=89.6)
2025-12-19 00:03:51 - trend_detector - INFO - IBMm: [OK] TREND SIGNAL = SHORT (SMA20=299.65550 < SMA50=300.54880, diff=-0.2972%, RSI=84.7)
2025-12-19 00:03:51 - trend_detector - INFO - DKKJPYm: [OK] TREND SIGNAL = SHORT (SMA20=24.39635 < SMA50=24.39756, diff=-0.0050%, RSI=50.0)
2025-12-19 00:03:51 - trend_detector - INFO - EURAUDm: [OK] TREND SIGNAL = LONG (SMA20=1.77300 > SMA50=1.77239, diff=0.0345%, RSI=20.4)
2025-12-19 00:03:51 - trend_detector - INFO - AMDm: [OK] TREND SIGNAL = SHORT (SMA20=201.27350 < SMA50=201.97920, diff=-0.3494%, RSI=62.8)
2025-12-19 00:03:51 - trend_detector - INFO - CADJPYm: [OK] TREND SIGNAL = SHORT (SMA20=112.97290 < SMA50=112.99166, diff=-0.0166%, RSI=61.4)
2025-12-19 00:03:51 - trend_detector - INFO - NFLXm: [OK] TREND SIGNAL = LONG (SMA20=93.97850 > SMA50=93.95960, diff=0.0201%, RSI=60.5)
2025-12-19 00:03:51 - trend_detector - INFO - Vm: [OK] TREND SIGNAL = SHORT (SMA20=344.74600 < SMA50=345.04180, diff=-0.0857%, RSI=70.9)
2025-12-19 00:03:51 - trend_detector - INFO - [TIMING BLOCK] Vm: Impulse/exhaustion candle - current range 2.54x recent average with 3 candles in SHORT direction
2025-12-19 00:03:52 - trend_detector - INFO - NZDJPYm: [OK] TREND SIGNAL = SHORT (SMA20=89.78445 < SMA50=89.80976, diff=-0.0282%, RSI=65.9)
2025-12-19 00:03:52 - trend_detector - INFO - GBPCADm: [OK] TREND SIGNAL = LONG (SMA20=1.84230 > SMA50=1.84220, diff=0.0055%, RSI=47.7)
2025-12-19 00:03:52 - trend_detector - INFO - AUDSGDm: [OK] TREND SIGNAL = SHORT (SMA20=0.85241 < SMA50=0.85269, diff=-0.0330%, RSI=75.0)
2025-12-19 00:03:52 - trend_detector - INFO - DKKSGDm: [OK] TREND SIGNAL = LONG (SMA20=0.20211 > SMA50=0.20210, diff=0.0025%, RSI=30.0)
2025-12-19 00:03:52 - trend_detector - INFO - LMTm: [OK] TREND SIGNAL = SHORT (SMA20=469.69700 < SMA50=469.96000, diff=-0.0560%, RSI=58.4)
2025-12-19 00:03:52 - trend_detector - INFO - BAm: [OK] TREND SIGNAL = SHORT (SMA20=208.25000 < SMA50=208.38240, diff=-0.0635%, RSI=80.3)
2025-12-19 00:03:52 - trend_detector - INFO - COSTm: [OK] TREND SIGNAL = SHORT (SMA20=858.36700 < SMA50=858.99280, diff=-0.0729%, RSI=63.3)
2025-12-19 00:03:52 - trend_detector - INFO - MAm: [OK] TREND SIGNAL = SHORT (SMA20=563.16050 < SMA50=563.74460, diff=-0.1036%, RSI=66.3)
2025-12-19 00:03:52 - trend_detector - INFO - [TIMING BLOCK] MAm: Impulse/exhaustion candle - current range 3.02x recent average with 3 candles in SHORT direction
2025-12-19 00:03:52 - trend_detector - INFO - EURNZDm: [OK] TREND SIGNAL = LONG (SMA20=2.03073 > SMA50=2.03024, diff=0.0239%, RSI=32.5)
2025-12-19 00:03:52 - trend_detector - INFO - XAGAUDm: [OK] TREND SIGNAL = SHORT (SMA20=98.57380 < SMA50=98.65924, diff=-0.0866%, RSI=72.3)
2025-12-19 00:03:53 - trend_detector - INFO - GBPNZDm: [OK] TREND SIGNAL = LONG (SMA20=2.31797 > SMA50=2.31751, diff=0.0197%, RSI=43.3)
2025-12-19 00:03:53 - trend_detector - INFO - VRTXm: [OK] TREND SIGNAL = SHORT (SMA20=445.96950 < SMA50=446.67180, diff=-0.1572%, RSI=54.1)
2025-12-19 00:03:53 - trend_detector - INFO - [TIMING BLOCK] VRTXm: Impulse/exhaustion candle - current range 4.01x recent average with 2 candles in SHORT direction
2025-12-19 00:03:53 - trend_detector - INFO - METAm: [OK] TREND SIGNAL = SHORT (SMA20=664.26300 < SMA50=665.07860, diff=-0.1226%, RSI=78.8)
2025-12-19 00:03:53 - trend_detector - INFO - TMOm: [OK] TREND SIGNAL = SHORT (SMA20=558.19050 < SMA50=559.19560, diff=-0.1797%, RSI=53.6)
2025-12-19 00:03:53 - trend_detector - INFO - SGDJPYm: [OK] TREND SIGNAL = SHORT (SMA20=120.60765 < SMA50=120.61592, diff=-0.0069%, RSI=60.0)
2025-12-19 00:03:53 - trend_detector - INFO - INTUm: [OK] TREND SIGNAL = SHORT (SMA20=669.84550 < SMA50=670.56880, diff=-0.1079%, RSI=72.6)
2025-12-19 00:03:53 - trend_detector - INFO - EURSGDm: [OK] TREND SIGNAL = LONG (SMA20=1.51149 > SMA50=1.51147, diff=0.0014%, RSI=34.9)
2025-12-19 00:03:53 - trend_detector - INFO - UKOILm: [OK] TREND SIGNAL = LONG (SMA20=59.80245 > SMA50=59.76940, diff=0.0553%, RSI=60.1)
2025-12-19 00:03:53 - trend_detector - INFO - ISRGm: [OK] TREND SIGNAL = SHORT (SMA20=560.70600 < SMA50=561.74760, diff=-0.1854%, RSI=68.2)
2025-12-19 00:03:54 - trend_detector - INFO - USDNOKm: [OK] TREND SIGNAL = LONG (SMA20=10.11334 > SMA50=10.11162, diff=0.0169%, RSI=38.3)
2025-12-19 00:03:54 - trend_detector - INFO - CADMXNm: [OK] TREND SIGNAL = SHORT (SMA20=12.99496 < SMA50=12.99620, diff=-0.0096%, RSI=47.7)
2025-12-19 00:03:54 - trend_detector - INFO - REGNm: [OK] TREND SIGNAL = SHORT (SMA20=745.35350 < SMA50=746.03060, diff=-0.0908%, RSI=60.1)
2025-12-19 00:03:54 - trend_detector - INFO - XPTUSDm: [OK] TREND SIGNAL = SHORT (SMA20=1904.35300 < SMA50=1906.10660, diff=-0.0920%, RSI=35.3)
2025-12-19 00:03:54 - trend_detector - INFO - EQIXm: [OK] TREND SIGNAL = SHORT (SMA20=743.32850 < SMA50=744.85580, diff=-0.2050%, RSI=62.8)
2025-12-19 00:03:54 - trend_detector - INFO - [TIMING BLOCK] EQIXm: Late trend phase - trend SHORT has persisted for 22 bars with price 0.526% away from SMA50
2025-12-19 00:03:54 - trend_detector - INFO - NZDSGDm: [OK] TREND SIGNAL = SHORT (SMA20=0.74380 < SMA50=0.74397, diff=-0.0230%, RSI=66.3)
2025-12-19 00:03:54 - trend_detector - INFO - USDSGDm: [OK] TREND SIGNAL = SHORT (SMA20=1.28933 < SMA50=1.28934, diff=-0.0004%, RSI=41.7)
2025-12-19 00:03:54 - trend_detector - INFO - BTCTHBm: [OK] TREND SIGNAL = SHORT (SMA20=2682156.00000 < SMA50=2689291.36000, diff=-0.2653%, RSI=67.2)
2025-12-19 00:03:54 - trend_detector - INFO - GBPNOKm: [OK] TREND SIGNAL = LONG (SMA20=13.50867 > SMA50=13.50689, diff=0.0132%, RSI=46.6)
2025-12-19 00:03:54 - trend_detector - INFO - CHFNOKm: [OK] TREND SIGNAL = LONG (SMA20=12.70700 > SMA50=12.70500, diff=0.0157%, RSI=38.1)
2025-12-19 00:03:54 - trend_detector - INFO - USDSEKm: [OK] TREND SIGNAL = LONG (SMA20=9.23022 > SMA50=9.22892, diff=0.0141%, RSI=53.0)
2025-12-19 00:03:54 - trend_detector - INFO - GBPSEKm: [OK] TREND SIGNAL = LONG (SMA20=12.32299 > SMA50=12.32170, diff=0.0105%, RSI=66.0)
2025-12-19 00:03:55 - trend_detector - INFO - CHFSEKm: [OK] TREND SIGNAL = LONG (SMA20=11.59163 > SMA50=11.59011, diff=0.0132%, RSI=51.1)
2025-12-19 00:03:55 - trend_detector - INFO - NOKJPYm: [OK] TREND SIGNAL = SHORT (SMA20=15.20865 < SMA50=15.21232, diff=-0.0241%, RSI=65.0)
2025-12-19 00:03:55 - trend_detector - INFO - CHFSGDm: [OK] TREND SIGNAL = SHORT (SMA20=1.62224 < SMA50=1.62225, diff=-0.0004%, RSI=45.4)
2025-12-19 00:03:55 - trend_detector - INFO - XPDUSDm: [OK] TREND SIGNAL = SHORT (SMA20=1667.69250 < SMA50=1672.08940, diff=-0.2630%, RSI=37.1)
2025-12-19 00:03:55 - trend_detector - INFO - SEKJPYm: [OK] TREND SIGNAL = SHORT (SMA20=16.60090 < SMA50=16.60442, diff=-0.0212%, RSI=52.4)
2025-12-19 00:03:55 - trend_detector - INFO - XNGUSDm: [OK] TREND SIGNAL = LONG (SMA20=3.74051 > SMA50=3.71313, diff=0.7374%, RSI=30.4)
2025-12-19 00:03:55 - trend_detector - INFO - USDCNHm: [OK] TREND SIGNAL = LONG (SMA20=7.03144 > SMA50=7.03122, diff=0.0031%, RSI=32.1)
2025-12-19 00:03:55 - trend_detector - INFO - MXNJPYm: [OK] TREND SIGNAL = SHORT (SMA20=8.62988 < SMA50=8.63048, diff=-0.0069%, RSI=61.9)
2025-12-19 00:03:55 - trend_detector - INFO - BTCXAUm: [OK] TREND SIGNAL = SHORT (SMA20=19.83889 < SMA50=19.89233, diff=-0.2686%, RSI=62.1)
2025-12-19 00:03:55 - trend_detector - INFO - [TIMING BLOCK] BTCXAUm: Late trend phase - trend SHORT has persisted for 29 bars with price 0.644% away from SMA50
2025-12-19 00:03:55 - trend_detector - INFO - USDDKKm: [OK] TREND SIGNAL = SHORT (SMA20=6.37135 < SMA50=6.37150, diff=-0.0022%, RSI=53.8)
2025-12-19 00:03:55 - trend_detector - INFO - DKKPLNm: [OK] TREND SIGNAL = LONG (SMA20=0.55923 > SMA50=0.55922, diff=0.0021%, RSI=18.8)
2025-12-19 00:03:56 - trend_detector - INFO - USDMXNm: [OK] TREND SIGNAL = SHORT (SMA20=17.98835 < SMA50=17.98847, diff=-0.0006%, RSI=37.7)
2025-12-19 00:03:56 - trend_detector - INFO - DKKZARm: [OK] TREND SIGNAL = SHORT (SMA20=2.62351 < SMA50=2.62365, diff=-0.0052%, RSI=57.9)
2025-12-19 00:03:56 - trend_detector - INFO - AUDMXNm: [OK] TREND SIGNAL = SHORT (SMA20=11.88835 < SMA50=11.89242, diff=-0.0342%, RSI=65.7)
2025-12-19 00:03:56 - trend_detector - INFO - NZDMXNm: [OK] TREND SIGNAL = SHORT (SMA20=10.37808 < SMA50=10.38059, diff=-0.0242%, RSI=57.2)
2025-12-19 00:03:56 - trend_detector - INFO - NOKDKKm: [OK] TREND SIGNAL = SHORT (SMA20=0.62260 < SMA50=0.62272, diff=-0.0189%, RSI=65.8)
2025-12-19 00:03:56 - trend_detector - INFO - SGDHKDm: [OK] TREND SIGNAL = LONG (SMA20=6.02583 > SMA50=6.02578, diff=0.0007%, RSI=62.6)
2025-12-19 00:03:56 - trend_detector - INFO - EURMXNm: [OK] TREND SIGNAL = LONG (SMA20=21.08115 > SMA50=21.08094, diff=0.0010%, RSI=38.0)
2025-12-19 00:03:56 - trend_detector - INFO - CHFDKKm: [OK] TREND SIGNAL = SHORT (SMA20=8.01644 < SMA50=8.01666, diff=-0.0027%, RSI=58.0)
2025-12-19 00:03:56 - trend_detector - INFO - SEKDKKm: [OK] TREND SIGNAL = SHORT (SMA20=0.67960 < SMA50=0.67970, diff=-0.0158%, RSI=53.8)
2025-12-19 00:03:56 - trend_detector - INFO - GBPMXNm: [OK] TREND SIGNAL = SHORT (SMA20=24.06301 < SMA50=24.06389, diff=-0.0037%, RSI=47.9)
2025-12-19 00:03:56 - trend_detector - INFO - CHFMXNm: [OK] TREND SIGNAL = SHORT (SMA20=22.63482 < SMA50=22.63517, diff=-0.0015%, RSI=42.3)
2025-12-19 00:03:56 - trend_detector - INFO - EURPLNm: [OK] TREND SIGNAL = SHORT (SMA20=4.19380 < SMA50=4.19381, diff=-0.0001%, RSI=13.7)
2025-12-19 00:03:56 - trend_detector - INFO - NZDDKKm: [OK] TREND SIGNAL = SHORT (SMA20=3.66939 < SMA50=3.67033, diff=-0.0256%, RSI=68.4)
2025-12-19 00:03:57 - trend_detector - INFO - USDZARm: [OK] TREND SIGNAL = SHORT (SMA20=16.73658 < SMA50=16.73739, diff=-0.0048%, RSI=58.5)
2025-12-19 00:03:57 - trend_detector - INFO - PLNDKKm: [OK] TREND SIGNAL = SHORT (SMA20=1.76809 < SMA50=1.76812, diff=-0.0019%, RSI=76.7)
2025-12-19 00:03:57 - trend_detector - INFO - GBPSGDm: [OK] TREND SIGNAL = SHORT (SMA20=1.71541 < SMA50=1.71548, diff=-0.0036%, RSI=60.8)
2025-12-19 00:03:57 - trend_detector - INFO - NZDPLNm: [OK] TREND SIGNAL = SHORT (SMA20=2.05813 < SMA50=2.05860, diff=-0.0231%, RSI=56.5)
2025-12-19 00:03:57 - trend_detector - INFO - AUDPLNm: [OK] TREND SIGNAL = SHORT (SMA20=2.35763 < SMA50=2.35842, diff=-0.0332%, RSI=63.8)
2025-12-19 00:03:57 - trend_detector - INFO - CADPLNm: [OK] TREND SIGNAL = SHORT (SMA20=2.58946 < SMA50=2.58971, diff=-0.0098%, RSI=51.6)
2025-12-19 00:03:57 - trend_detector - INFO - USDPLNm: [OK] TREND SIGNAL = SHORT (SMA20=3.57124 < SMA50=3.57125, diff=-0.0003%, RSI=35.2)
2025-12-19 00:03:57 - trend_detector - INFO - NOKSEKm: [OK] TREND SIGNAL = SHORT (SMA20=0.90023 < SMA50=0.90026, diff=-0.0026%, RSI=63.1)
2025-12-19 00:03:57 - trend_detector - INFO - AUDZARm: [OK] TREND SIGNAL = SHORT (SMA20=11.05178 < SMA50=11.05610, diff=-0.0391%, RSI=85.8)
2025-12-19 00:03:57 - trend_detector - INFO - USDTHBm: [OK] TREND SIGNAL = LONG (SMA20=31.24509 > SMA50=31.24044, diff=0.0149%, RSI=27.6)
2025-12-19 00:03:57 - trend_detector - INFO - CHFZARm: [OK] TREND SIGNAL = SHORT (SMA20=21.05657 < SMA50=21.05882, diff=-0.0107%, RSI=58.8)
2025-12-19 00:03:57 - trend_detector - INFO - AUDNOKm: [OK] TREND SIGNAL = SHORT (SMA20=6.69822 < SMA50=6.69918, diff=-0.0143%, RSI=69.0)
2025-12-19 00:03:57 - trend_detector - INFO - PLNJPYm: [OK] TREND SIGNAL = SHORT (SMA20=43.19019 < SMA50=43.19319, diff=-0.0070%, RSI=63.0)
2025-12-19 00:03:58 - trend_detector - INFO - AUDSEKm: [OK] TREND SIGNAL = SHORT (SMA20=6.11884 < SMA50=6.12001, diff=-0.0190%, RSI=81.1)
2025-12-19 00:03:58 - trend_detector - INFO - GBPZARm: [OK] TREND SIGNAL = SHORT (SMA20=22.37408 < SMA50=22.37608, diff=-0.0089%, RSI=66.4)
2025-12-19 00:03:58 - trend_detector - INFO - CHFPLNm: [OK] TREND SIGNAL = SHORT (SMA20=4.48883 < SMA50=4.48887, diff=-0.0008%, RSI=32.9)
2025-12-19 00:03:58 - trend_detector - INFO - GBPPLNm: [OK] TREND SIGNAL = SHORT (SMA20=4.77201 < SMA50=4.77218, diff=-0.0036%, RSI=48.7)
2025-12-19 00:03:58 - trend_detector - INFO - EURNOKm: [OK] TREND SIGNAL = LONG (SMA20=11.88660 > SMA50=11.88420, diff=0.0202%, RSI=36.7)
2025-12-19 00:03:58 - trend_detector - INFO - NZDZARm: [OK] TREND SIGNAL = SHORT (SMA20=9.63267 < SMA50=9.63543, diff=-0.0287%, RSI=73.5)
2025-12-19 00:03:58 - trend_detector - INFO - AUDDKKm: [OK] TREND SIGNAL = SHORT (SMA20=4.18488 < SMA50=4.18639, diff=-0.0359%, RSI=80.6)
2025-12-19 00:03:58 - trend_detector - INFO - EURSEKm: [OK] TREND SIGNAL = LONG (SMA20=10.86041 > SMA50=10.85864, diff=0.0163%, RSI=49.3)
2025-12-19 00:03:58 - trend_detector - INFO - GBPDKKm: [OK] TREND SIGNAL = SHORT (SMA20=8.49470 < SMA50=8.49518, diff=-0.0057%, RSI=75.0)
2025-12-19 00:03:58 - trend_detector - INFO - PLNSEKm: [OK] TREND SIGNAL = LONG (SMA20=2.55655 > SMA50=2.55619, diff=0.0143%, RSI=60.8)
2025-12-19 00:03:58 - trend_detector - INFO - NZDNOKm: [OK] TREND SIGNAL = SHORT (SMA20=5.82619 < SMA50=5.82657, diff=-0.0065%, RSI=56.2)
2025-12-19 00:03:58 - trend_detector - INFO - EURZARm: [OK] TREND SIGNAL = SHORT (SMA20=19.57850 < SMA50=19.57911, diff=-0.0031%, RSI=55.1)
2025-12-19 00:03:58 - trend_detector - INFO - NZDSEKm: [OK] TREND SIGNAL = SHORT (SMA20=5.31480 < SMA50=5.31528, diff=-0.0091%, RSI=64.5)
2025-12-19 00:03:58 - trend_detector - INFO - CADNOKm: [OK] TREND SIGNAL = LONG (SMA20=7.33028 > SMA50=7.32976, diff=0.0072%, RSI=48.9)
2025-12-19 00:05:02 - trend_detector - INFO - XAUUSDm: [OK] TREND SIGNAL = LONG (SMA20=4333.88775 > SMA50=4333.88702, diff=0.0000%, RSI=74.4)
2025-12-19 00:05:02 - trend_detector - INFO - XAUAUDm: [OK] TREND SIGNAL = LONG (SMA20=6553.24640 > SMA50=6551.79698, diff=0.0221%, RSI=66.5)
2025-12-19 00:05:02 - trend_detector - INFO - XAUEURm: [OK] TREND SIGNAL = SHORT (SMA20=3695.60420 < SMA50=3695.95276, diff=-0.0094%, RSI=72.0)
2025-12-19 00:05:02 - trend_detector - INFO - XAUGBPm: [OK] TREND SIGNAL = SHORT (SMA20=3237.64585 < SMA50=3237.73976, diff=-0.0029%, RSI=70.7)
2025-12-19 00:05:02 - trend_detector - INFO - EURUSDm: [OK] TREND SIGNAL = LONG (SMA20=1.17205 > SMA50=1.17201, diff=0.0033%, RSI=62.0)
2025-12-19 00:05:02 - trend_detector - INFO - AUDUSDm: [OK] TREND SIGNAL = SHORT (SMA20=0.66104 < SMA50=0.66120, diff=-0.0248%, RSI=78.2)
2025-12-19 00:05:02 - trend_detector - INFO - USDJPYm: [OK] TREND SIGNAL = SHORT (SMA20=155.61160 < SMA50=155.62496, diff=-0.0086%, RSI=44.3)
2025-12-19 00:05:02 - trend_detector - INFO - GBPUSDm: [OK] TREND SIGNAL = LONG (SMA20=1.33786 > SMA50=1.33786, diff=0.0006%, RSI=74.1)
2025-12-19 00:05:02 - trend_detector - INFO - US30_x10m: [OK] TREND SIGNAL = SHORT (SMA20=48035.65500 < SMA50=48081.13600, diff=-0.0946%, RSI=85.0)
2025-12-19 00:05:02 - trend_detector - INFO - US30m: [OK] TREND SIGNAL = SHORT (SMA20=48035.65500 < SMA50=48081.13600, diff=-0.0946%, RSI=85.0)
2025-12-19 00:05:02 - trend_detector - INFO - DE30m: [OK] TREND SIGNAL = SHORT (SMA20=24168.36500 < SMA50=24177.72200, diff=-0.0387%, RSI=88.6)
2025-12-19 00:05:02 - trend_detector - INFO - USTEC_x100m: [OK] TREND SIGNAL = SHORT (SMA20=25061.65550 < SMA50=25097.45120, diff=-0.1426%, RSI=85.0)
2025-12-19 00:05:02 - trend_detector - INFO - USTECm: [OK] TREND SIGNAL = SHORT (SMA20=25061.65550 < SMA50=25097.45120, diff=-0.1426%, RSI=85.0)
2025-12-19 00:05:02 - trend_detector - INFO - US500_x100m: [OK] TREND SIGNAL = SHORT (SMA20=6781.90300 < SMA50=6789.85880, diff=-0.1172%, RSI=85.9)
2025-12-19 00:05:02 - trend_detector - INFO - US500m: [OK] TREND SIGNAL = SHORT (SMA20=6781.90300 < SMA50=6789.85880, diff=-0.1172%, RSI=85.9)
2025-12-19 00:05:02 - trend_detector - INFO - JP225m: [OK] TREND SIGNAL = SHORT (SMA20=49270.58000 < SMA50=49328.97600, diff=-0.1184%, RSI=84.2)
2025-12-19 00:05:02 - trend_detector - INFO - UK100m: [OK] TREND SIGNAL = SHORT (SMA20=9830.88200 < SMA50=9837.54060, diff=-0.0677%, RSI=81.3)
2025-12-19 00:05:02 - trend_detector - INFO - FR40m: [OK] TREND SIGNAL = SHORT (SMA20=8131.51100 < SMA50=8136.19660, diff=-0.0576%, RSI=94.9)
2025-12-19 00:05:02 - trend_detector - INFO - BTCUSDm: [OK] TREND SIGNAL = SHORT (SMA20=86048.56700 < SMA50=86251.90780, diff=-0.2358%, RSI=69.4)
2025-12-19 00:05:03 - trend_detector - INFO - [TIMING BLOCK] BTCUSDm: Late trend phase - trend SHORT has persisted for 26 bars with price 0.898% away from SMA50
2025-12-19 00:05:03 - trend_detector - INFO - STOXX50m: [OK] TREND SIGNAL = SHORT (SMA20=5733.51850 < SMA50=5738.55220, diff=-0.0877%, RSI=91.0)
2025-12-19 00:05:03 - trend_detector - INFO - AUS200m: [OK] TREND SIGNAL = SHORT (SMA20=8633.65000 < SMA50=8639.04260, diff=-0.0624%, RSI=73.5)
2025-12-19 00:05:03 - trend_detector - INFO - BTCJPYm: [OK] TREND SIGNAL = SHORT (SMA20=13389619.25000 < SMA50=13422372.52000, diff=-0.2440%, RSI=69.4)
2025-12-19 00:05:03 - trend_detector - INFO - [TIMING BLOCK] BTCJPYm: Late trend phase - trend SHORT has persisted for 22 bars with price 0.911% away from SMA50
2025-12-19 00:05:03 - trend_detector - INFO - JDm: [OK] TREND SIGNAL = SHORT (SMA20=28.92250 < SMA50=28.95200, diff=-0.1019%, RSI=100.0)
2025-12-19 00:05:03 - trend_detector - INFO - XPEVm: [OK] TREND SIGNAL = SHORT (SMA20=18.73850 < SMA50=18.74220, diff=-0.0197%, RSI=75.0)
2025-12-19 00:05:03 - trend_detector - INFO - BTCAUDm: [OK] TREND SIGNAL = SHORT (SMA20=130147.51000 < SMA50=130421.42600, diff=-0.2100%, RSI=67.5)
2025-12-19 00:05:03 - trend_detector - INFO - ETHUSDm: [OK] TREND SIGNAL = SHORT (SMA20=2827.16250 < SMA50=2834.55680, diff=-0.2609%, RSI=71.8)
2025-12-19 00:05:03 - trend_detector - INFO - BILIm: [OK] TREND SIGNAL = SHORT (SMA20=24.80650 < SMA50=24.81500, diff=-0.0343%, RSI=85.0)
2025-12-19 00:05:03 - trend_detector - INFO - CMCSAm: [OK] TREND SIGNAL = SHORT (SMA20=29.81350 < SMA50=29.89320, diff=-0.2666%, RSI=66.7)
2025-12-19 00:05:03 - trend_detector - INFO - BTCXAGm: [OK] TREND SIGNAL = SHORT (SMA20=1318.99485 < SMA50=1321.13794, diff=-0.1622%, RSI=57.2)
2025-12-19 00:05:03 - trend_detector - INFO - AMZNm: [OK] TREND SIGNAL = SHORT (SMA20=226.09200 < SMA50=226.40520, diff=-0.1383%, RSI=77.8)
2025-12-19 00:05:03 - trend_detector - INFO - CSXm: [OK] TREND SIGNAL = LONG (SMA20=36.56400 > SMA50=36.54600, diff=0.0493%, RSI=40.0)
2025-12-19 00:05:03 - trend_detector - INFO - BMYm: [OK] TREND SIGNAL = SHORT (SMA20=52.97850 < SMA50=53.02100, diff=-0.0802%, RSI=45.5)
2025-12-19 00:05:04 - trend_detector - INFO - CADCHFm: [OK] TREND SIGNAL = SHORT (SMA20=0.57691 < SMA50=0.57694, diff=-0.0055%, RSI=54.7)
2025-12-19 00:05:04 - trend_detector - INFO - AUDCHFm: [OK] TREND SIGNAL = SHORT (SMA20=0.52523 < SMA50=0.52536, diff=-0.0254%, RSI=76.6)
2025-12-19 00:05:04 - trend_detector - INFO - MOm: [OK] TREND SIGNAL = LONG (SMA20=57.83550 > SMA50=57.83420, diff=0.0022%, RSI=52.4)
2025-12-19 00:05:04 - trend_detector - INFO - MDLZm: [OK] TREND SIGNAL = LONG (SMA20=54.06300 > SMA50=53.99280, diff=0.1300%, RSI=20.7)
2025-12-19 00:05:04 - trend_detector - INFO - BTCCNHm: [OK] TREND SIGNAL = SHORT (SMA20=604978.70000 < SMA50=606377.30800, diff=-0.2306%, RSI=68.1)
2025-12-19 00:05:04 - trend_detector - INFO - EBAYm: [OK] TREND SIGNAL = SHORT (SMA20=83.83900 < SMA50=83.87740, diff=-0.0458%, RSI=86.2)
2025-12-19 00:05:04 - trend_detector - INFO - SBUXm: [OK] TREND SIGNAL = SHORT (SMA20=89.51750 < SMA50=89.54440, diff=-0.0300%, RSI=70.6)
2025-12-19 00:05:04 - trend_detector - INFO - XOMm: [OK] TREND SIGNAL = SHORT (SMA20=116.10300 < SMA50=116.15720, diff=-0.0467%, RSI=84.4)
2025-12-19 00:05:04 - trend_detector - INFO - BACm: [OK] TREND SIGNAL = SHORT (SMA20=53.87250 < SMA50=53.99620, diff=-0.2291%, RSI=66.7)
2025-12-19 00:05:04 - trend_detector - INFO - INTCm: [OK] TREND SIGNAL = SHORT (SMA20=36.15900 < SMA50=36.25460, diff=-0.2637%, RSI=76.9)
2025-12-19 00:05:04 - trend_detector - INFO - CSCOm: [OK] TREND SIGNAL = SHORT (SMA20=76.85650 < SMA50=76.93040, diff=-0.0961%, RSI=73.9)
2025-12-19 00:05:04 - trend_detector - INFO - CVSm: [OK] TREND SIGNAL = SHORT (SMA20=77.60500 < SMA50=77.77420, diff=-0.2176%, RSI=82.0)
2025-12-19 00:05:04 - trend_detector - INFO - KOm: [OK] TREND SIGNAL = SHORT (SMA20=70.21800 < SMA50=70.27460, diff=-0.0805%, RSI=75.0)
2025-12-19 00:05:04 - trend_detector - INFO - WFCm: [OK] TREND SIGNAL = SHORT (SMA20=91.50350 < SMA50=91.60660, diff=-0.1125%, RSI=67.2)
2025-12-19 00:05:04 - trend_detector - INFO - FTNTm: [OK] TREND SIGNAL = SHORT (SMA20=78.85400 < SMA50=78.96260, diff=-0.1375%, RSI=77.0)
2025-12-19 00:05:05 - trend_detector - INFO - TSLAm: [OK] TREND SIGNAL = SHORT (SMA20=488.42250 < SMA50=488.56080, diff=-0.0283%, RSI=84.0)
2025-12-19 00:05:05 - trend_detector - INFO - MRKm: [OK] TREND SIGNAL = SHORT (SMA20=99.96100 < SMA50=100.06720, diff=-0.1061%, RSI=77.1)
2025-12-19 00:05:05 - trend_detector - INFO - UPSm: [OK] TREND SIGNAL = SHORT (SMA20=101.70200 < SMA50=101.72220, diff=-0.0199%, RSI=77.2)
2025-12-19 00:05:05 - trend_detector - INFO - BTCZARm: [OK] TREND SIGNAL = SHORT (SMA20=1439889.45000 < SMA50=1443407.66000, diff=-0.2437%, RSI=65.5)
2025-12-19 00:05:05 - trend_detector - INFO - PGm: [OK] TREND SIGNAL = SHORT (SMA20=145.62650 < SMA50=145.70860, diff=-0.0563%, RSI=69.6)
2025-12-19 00:05:05 - trend_detector - INFO - YUMCm: [OK] TREND SIGNAL = LONG (SMA20=48.24700 > SMA50=48.18460, diff=0.1295%, RSI=57.9)
2025-12-19 00:05:05 - trend_detector - INFO - LLYm: [OK] TREND SIGNAL = SHORT (SMA20=1061.79200 < SMA50=1063.60480, diff=-0.1704%, RSI=79.5)
2025-12-19 00:05:05 - trend_detector - INFO - PEPm: [OK] TREND SIGNAL = SHORT (SMA20=149.48050 < SMA50=149.53360, diff=-0.0355%, RSI=68.9)
2025-12-19 00:05:05 - trend_detector - INFO - NKEm: [OK] TREND SIGNAL = LONG (SMA20=65.97050 > SMA50=65.94780, diff=0.0344%, RSI=75.7)
2025-12-19 00:05:05 - trend_detector - INFO - NZDCADm: [OK] TREND SIGNAL = SHORT (SMA20=0.79475 < SMA50=0.79483, diff=-0.0103%, RSI=68.8)
2025-12-19 00:05:05 - trend_detector - INFO - USDCHFm: [OK] TREND SIGNAL = SHORT (SMA20=0.79449 < SMA50=0.79450, diff=-0.0009%, RSI=30.4)
2025-12-19 00:05:05 - trend_detector - INFO - Cm: [OK] TREND SIGNAL = SHORT (SMA20=112.41050 < SMA50=112.68180, diff=-0.2408%, RSI=74.7)
2025-12-19 00:05:05 - trend_detector - INFO - MSm: [OK] TREND SIGNAL = SHORT (SMA20=173.11300 < SMA50=173.51060, diff=-0.2292%, RSI=65.5)
2025-12-19 00:05:05 - trend_detector - INFO - ABTm: [OK] TREND SIGNAL = LONG (SMA20=124.95500 > SMA50=124.94320, diff=0.0094%, RSI=57.1)
2025-12-19 00:05:06 - trend_detector - INFO - PYPLm: [OK] TREND SIGNAL = SHORT (SMA20=59.07050 < SMA50=59.26640, diff=-0.3305%, RSI=65.5)
2025-12-19 00:05:06 - trend_detector - INFO - WMTm: [OK] TREND SIGNAL = SHORT (SMA20=115.32850 < SMA50=115.43700, diff=-0.0940%, RSI=58.2)
2025-12-19 00:05:06 - trend_detector - INFO - EURGBPm: [OK] TREND SIGNAL = LONG (SMA20=0.87598 > SMA50=0.87596, diff=0.0022%, RSI=13.6)
2025-12-19 00:05:06 - trend_detector - INFO - AAPLm: [OK] TREND SIGNAL = SHORT (SMA20=270.93600 < SMA50=271.65580, diff=-0.2650%, RSI=84.2)
2025-12-19 00:05:06 - trend_detector - INFO - NZDCHFm: [OK] TREND SIGNAL = SHORT (SMA20=0.45851 < SMA50=0.45857, diff=-0.0139%, RSI=66.7)
2025-12-19 00:05:06 - trend_detector - INFO - USDCADm: [OK] TREND SIGNAL = LONG (SMA20=1.37730 > SMA50=1.37723, diff=0.0055%, RSI=37.7)
2025-12-19 00:05:06 - trend_detector - INFO - GILDm: [OK] TREND SIGNAL = SHORT (SMA20=121.24800 < SMA50=121.33900, diff=-0.0750%, RSI=75.3)
2025-12-19 00:05:06 - trend_detector - INFO - NVDAm: [OK] TREND SIGNAL = SHORT (SMA20=174.34700 < SMA50=174.71580, diff=-0.2111%, RSI=71.7)
2025-12-19 00:05:06 - trend_detector - INFO - PDDm: [OK] TREND SIGNAL = LONG (SMA20=106.30950 > SMA50=106.28420, diff=0.0238%, RSI=90.4)
2025-12-19 00:05:06 - trend_detector - INFO - TSMm: [OK] TREND SIGNAL = SHORT (SMA20=284.63800 < SMA50=285.16320, diff=-0.1842%, RSI=84.5)
2025-12-19 00:05:06 - trend_detector - INFO - HK50m: [OK] TREND SIGNAL = SHORT (SMA20=25591.85000 < SMA50=25607.47400, diff=-0.0610%, RSI=81.2)
2025-12-19 00:05:06 - trend_detector - INFO - NZDUSDm: [OK] TREND SIGNAL = SHORT (SMA20=0.57706 < SMA50=0.57716, diff=-0.0173%, RSI=70.4)
2025-12-19 00:05:06 - trend_detector - INFO - BABAm: [OK] TREND SIGNAL = SHORT (SMA20=147.93350 < SMA50=148.01540, diff=-0.0553%, RSI=81.5)
2025-12-19 00:05:06 - trend_detector - INFO - USOILm: [OK] TREND SIGNAL = LONG (SMA20=56.26360 > SMA50=56.21998, diff=0.0776%, RSI=53.7)
2025-12-19 00:05:06 - trend_detector - INFO - TMUSm: [OK] TREND SIGNAL = SHORT (SMA20=199.97000 < SMA50=200.13020, diff=-0.0800%, RSI=68.8)
2025-12-19 00:05:06 - trend_detector - INFO - AUDJPYm: [OK] TREND SIGNAL = SHORT (SMA20=102.86740 < SMA50=102.90152, diff=-0.0332%, RSI=76.8)
2025-12-19 00:05:07 - trend_detector - INFO - AMTm: [OK] TREND SIGNAL = SHORT (SMA20=173.51500 < SMA50=173.65200, diff=-0.0789%, RSI=62.3)
2025-12-19 00:05:07 - trend_detector - INFO - JNJm: [OK] TREND SIGNAL = SHORT (SMA20=208.14500 < SMA50=208.17420, diff=-0.0140%, RSI=45.9)
2025-12-19 00:05:07 - trend_detector - INFO - PMm: [OK] TREND SIGNAL = LONG (SMA20=156.20100 > SMA50=156.18720, diff=0.0088%, RSI=51.7)
2025-12-19 00:05:07 - trend_detector - INFO - NTESm: [OK] TREND SIGNAL = SHORT (SMA20=135.61350 < SMA50=135.74580, diff=-0.0975%, RSI=85.7)
2025-12-19 00:05:07 - trend_detector - INFO - XAGUSDm: [OK] TREND SIGNAL = SHORT (SMA20=65.21245 < SMA50=65.26040, diff=-0.0735%, RSI=77.6)
2025-12-19 00:05:07 - trend_detector - INFO - AUDNZDm: [OK] TREND SIGNAL = SHORT (SMA20=1.14533 < SMA50=1.14542, diff=-0.0080%, RSI=70.6)
2025-12-19 00:05:07 - trend_detector - INFO - MMMm: [OK] TREND SIGNAL = SHORT (SMA20=161.76950 < SMA50=161.86280, diff=-0.0576%, RSI=74.3)
2025-12-19 00:05:07 - trend_detector - INFO - BIDUm: [OK] TREND SIGNAL = SHORT (SMA20=120.98450 < SMA50=121.04720, diff=-0.0518%, RSI=89.6)
2025-12-19 00:05:07 - trend_detector - INFO - GBPJPYm: [OK] TREND SIGNAL = SHORT (SMA20=208.19395 < SMA50=208.20922, diff=-0.0073%, RSI=80.7)
2025-12-19 00:05:07 - trend_detector - INFO - AUDCADm: [OK] TREND SIGNAL = SHORT (SMA20=0.91033 < SMA50=0.91049, diff=-0.0182%, RSI=86.6)
2025-12-19 00:05:07 - trend_detector - INFO - ZARJPYm: [OK] TREND SIGNAL = SHORT (SMA20=9.28415 < SMA50=9.28430, diff=-0.0016%, RSI=66.7)
2025-12-19 00:05:07 - trend_detector - INFO - CHFJPYm: [OK] TREND SIGNAL = SHORT (SMA20=195.83935 < SMA50=195.85536, diff=-0.0082%, RSI=62.2)
2025-12-19 00:05:07 - trend_detector - INFO - EURJPYm: [OK] TREND SIGNAL = SHORT (SMA20=182.38795 < SMA50=182.39720, diff=-0.0051%, RSI=57.0)
2025-12-19 00:05:07 - trend_detector - INFO - XAGGBPm: [OK] TREND SIGNAL = SHORT (SMA20=48.73765 < SMA50=48.77422, diff=-0.0750%, RSI=74.5)
2025-12-19 00:05:07 - trend_detector - INFO - BIIBm: [OK] TREND SIGNAL = SHORT (SMA20=170.17000 < SMA50=170.47720, diff=-0.1802%, RSI=56.4)
2025-12-19 00:05:07 - trend_detector - INFO - MCDm: [OK] TREND SIGNAL = LONG (SMA20=320.26150 > SMA50=320.24280, diff=0.0058%, RSI=61.5)
2025-12-19 00:05:07 - trend_detector - INFO - GBPCHFm: [OK] TREND SIGNAL = LONG (SMA20=1.06294 > SMA50=1.06293, diff=0.0007%, RSI=73.9)
2025-12-19 00:05:07 - trend_detector - INFO - GBPAUDm: [OK] TREND SIGNAL = LONG (SMA20=2.02369 > SMA50=2.02318, diff=0.0252%, RSI=35.8)
2025-12-19 00:05:08 - trend_detector - INFO - EURCHFm: [OK] TREND SIGNAL = LONG (SMA20=0.93119 > SMA50=0.93116, diff=0.0031%, RSI=45.9)
2025-12-19 00:05:08 - trend_detector - INFO - CHTRm: [OK] TREND SIGNAL = SHORT (SMA20=209.42000 < SMA50=209.55560, diff=-0.0647%, RSI=34.0)
2025-12-19 00:05:08 - trend_detector - INFO - CMEm: [OK] TREND SIGNAL = LONG (SMA20=269.06100 > SMA50=268.81660, diff=0.0909%, RSI=49.6)
2025-12-19 00:05:08 - trend_detector - INFO - ABBVm: [OK] TREND SIGNAL = SHORT (SMA20=223.01150 < SMA50=223.07160, diff=-0.0269%, RSI=57.0)
2025-12-19 00:05:08 - trend_detector - INFO - XAGEURm: [OK] TREND SIGNAL = SHORT (SMA20=55.63285 < SMA50=55.67594, diff=-0.0774%, RSI=76.6)
2025-12-19 00:05:08 - trend_detector - INFO - HDm: [OK] TREND SIGNAL = SHORT (SMA20=356.09200 < SMA50=356.10940, diff=-0.0049%, RSI=85.7)
2025-12-19 00:05:08 - trend_detector - INFO - ADPm: [OK] TREND SIGNAL = LONG (SMA20=261.72000 > SMA50=261.64200, diff=0.0298%, RSI=78.9)
2025-12-19 00:05:08 - trend_detector - INFO - UNHm: [OK] TREND SIGNAL = SHORT (SMA20=325.91600 < SMA50=326.82100, diff=-0.2769%, RSI=77.0)
2025-12-19 00:05:08 - trend_detector - INFO - EURCADm: [OK] TREND SIGNAL = LONG (SMA20=1.61403 > SMA50=1.61389, diff=0.0087%, RSI=42.9)
2025-12-19 00:05:08 - trend_detector - INFO - HKDJPYm: [OK] TREND SIGNAL = SHORT (SMA20=19.98550 < SMA50=19.98714, diff=-0.0082%, RSI=41.7)
2025-12-19 00:05:08 - trend_detector - INFO - DXYm: [OK] TREND SIGNAL = SHORT (SMA20=98.45065 < SMA50=98.45290, diff=-0.0023%, RSI=35.1)
2025-12-19 00:05:08 - trend_detector - INFO - LINm: [OK] TREND SIGNAL = LONG (SMA20=421.08350 > SMA50=420.88880, diff=0.0463%, RSI=65.0)
2025-12-19 00:05:08 - trend_detector - INFO - AMGNm: [OK] TREND SIGNAL = SHORT (SMA20=323.64200 < SMA50=323.72920, diff=-0.0269%, RSI=72.3)
2025-12-19 00:05:08 - trend_detector - INFO - AVGOm: [OK] TREND SIGNAL = SHORT (SMA20=327.00450 < SMA50=327.95880, diff=-0.2910%, RSI=65.8)
2025-12-19 00:05:09 - trend_detector - INFO - JPMm: [OK] TREND SIGNAL = SHORT (SMA20=311.87200 < SMA50=312.60740, diff=-0.2352%, RSI=55.4)
2025-12-19 00:05:09 - trend_detector - INFO - MSFTm: [OK] TREND SIGNAL = SHORT (SMA20=485.08100 < SMA50=485.56260, diff=-0.0992%, RSI=78.5)
2025-12-19 00:05:09 - trend_detector - INFO - ORCLm: [OK] TREND SIGNAL = LONG (SMA20=179.23150 > SMA50=179.23000, diff=0.0008%, RSI=61.0)
2025-12-19 00:05:09 - trend_detector - INFO - GOOGLm: [OK] TREND SIGNAL = SHORT (SMA20=302.61400 < SMA50=302.77740, diff=-0.0540%, RSI=83.1)
2025-12-19 00:05:09 - trend_detector - INFO - IBMm: [OK] TREND SIGNAL = SHORT (SMA20=299.89150 < SMA50=300.66260, diff=-0.2565%, RSI=87.4)
2025-12-19 00:05:09 - trend_detector - INFO - DKKJPYm: [OK] TREND SIGNAL = SHORT (SMA20=24.39660 < SMA50=24.39762, diff=-0.0042%, RSI=60.0)
2025-12-19 00:05:09 - trend_detector - INFO - ADBEm: [OK] TREND SIGNAL = SHORT (SMA20=353.35100 < SMA50=353.80180, diff=-0.1274%, RSI=91.3)
2025-12-19 00:05:09 - trend_detector - INFO - EURAUDm: [OK] TREND SIGNAL = LONG (SMA20=1.77280 > SMA50=1.77230, diff=0.0283%, RSI=17.5)
2025-12-19 00:05:09 - trend_detector - INFO - AMDm: [OK] TREND SIGNAL = SHORT (SMA20=201.44500 < SMA50=202.05560, diff=-0.3022%, RSI=70.4)
2025-12-19 00:05:09 - trend_detector - INFO - CADJPYm: [OK] TREND SIGNAL = SHORT (SMA20=112.97780 < SMA50=112.99322, diff=-0.0136%, RSI=57.9)
2025-12-19 00:05:09 - trend_detector - INFO - NFLXm: [OK] TREND SIGNAL = LONG (SMA20=94.00050 > SMA50=93.95340, diff=0.0501%, RSI=60.4)
2025-12-19 00:05:09 - trend_detector - INFO - Vm: [OK] TREND SIGNAL = SHORT (SMA20=344.89300 < SMA50=345.08040, diff=-0.0543%, RSI=89.1)
2025-12-19 00:05:09 - trend_detector - INFO - NZDJPYm: [OK] TREND SIGNAL = SHORT (SMA20=89.79285 < SMA50=89.81320, diff=-0.0227%, RSI=71.7)
2025-12-19 00:05:10 - trend_detector - INFO - GBPCADm: [OK] TREND SIGNAL = LONG (SMA20=1.84230 > SMA50=1.84219, diff=0.0061%, RSI=61.0)
2025-12-19 00:05:10 - trend_detector - INFO - AUDSGDm: [OK] TREND SIGNAL = SHORT (SMA20=0.85250 < SMA50=0.85274, diff=-0.0281%, RSI=78.7)
2025-12-19 00:05:10 - trend_detector - INFO - BAm: [OK] TREND SIGNAL = SHORT (SMA20=208.37550 < SMA50=208.41960, diff=-0.0212%, RSI=89.8)
2025-12-19 00:05:10 - trend_detector - INFO - LMTm: [OK] TREND SIGNAL = SHORT (SMA20=469.79700 < SMA50=470.01560, diff=-0.0465%, RSI=72.7)
2025-12-19 00:05:10 - trend_detector - INFO - MAm: [OK] TREND SIGNAL = SHORT (SMA20=563.38950 < SMA50=563.80120, diff=-0.0730%, RSI=80.6)
2025-12-19 00:05:10 - trend_detector - INFO - EURNZDm: [OK] TREND SIGNAL = LONG (SMA20=2.03056 > SMA50=2.03017, diff=0.0192%, RSI=30.6)
2025-12-19 00:05:10 - trend_detector - INFO - COSTm: [OK] TREND SIGNAL = SHORT (SMA20=858.62150 < SMA50=859.05120, diff=-0.0500%, RSI=72.8)
2025-12-19 00:05:10 - trend_detector - INFO - XAGAUDm: [OK] TREND SIGNAL = SHORT (SMA20=98.63050 < SMA50=98.67938, diff=-0.0495%, RSI=76.2)
2025-12-19 00:05:10 - trend_detector - INFO - GBPNZDm: [OK] TREND SIGNAL = LONG (SMA20=2.31785 > SMA50=2.31744, diff=0.0181%, RSI=43.7)
2025-12-19 00:05:10 - trend_detector - INFO - VRTXm: [OK] TREND SIGNAL = SHORT (SMA20=446.13100 < SMA50=446.75040, diff=-0.1386%, RSI=73.7)
2025-12-19 00:05:10 - trend_detector - INFO - METAm: [OK] TREND SIGNAL = SHORT (SMA20=664.58600 < SMA50=665.21140, diff=-0.0940%, RSI=82.4)
2025-12-19 00:05:10 - trend_detector - INFO - TMOm: [OK] TREND SIGNAL = SHORT (SMA20=558.31950 < SMA50=559.26280, diff=-0.1687%, RSI=60.6)
2025-12-19 00:05:10 - trend_detector - INFO - SGDJPYm: [OK] TREND SIGNAL = SHORT (SMA20=120.60995 < SMA50=120.61596, diff=-0.0050%, RSI=64.2)
2025-12-19 00:05:10 - trend_detector - INFO - INTUm: [OK] TREND SIGNAL = SHORT (SMA20=670.19800 < SMA50=670.64300, diff=-0.0664%, RSI=75.9)
2025-12-19 00:05:11 - trend_detector - INFO - EURSGDm: [OK] TREND SIGNAL = LONG (SMA20=1.51148 > SMA50=1.51148, diff=0.0003%, RSI=42.1)
2025-12-19 00:05:11 - trend_detector - INFO - UKOILm: [OK] TREND SIGNAL = LONG (SMA20=59.80540 > SMA50=59.76732, diff=0.0637%, RSI=57.1)
2025-12-19 00:05:11 - trend_detector - INFO - ISRGm: [OK] TREND SIGNAL = SHORT (SMA20=561.08900 < SMA50=561.85140, diff=-0.1357%, RSI=77.3)
2025-12-19 00:05:11 - trend_detector - INFO - USDNOKm: [OK] TREND SIGNAL = LONG (SMA20=10.11250 > SMA50=10.11123, diff=0.0125%, RSI=37.9)
2025-12-19 00:05:11 - trend_detector - INFO - CADMXNm: [OK] TREND SIGNAL = SHORT (SMA20=12.99476 < SMA50=12.99644, diff=-0.0130%, RSI=35.4)
2025-12-19 00:05:11 - trend_detector - INFO - REGNm: [OK] TREND SIGNAL = SHORT (SMA20=745.61550 < SMA50=746.04500, diff=-0.0576%, RSI=62.4)
2025-12-19 00:05:11 - trend_detector - INFO - XPTUSDm: [OK] TREND SIGNAL = SHORT (SMA20=1904.05750 < SMA50=1906.09940, diff=-0.1071%, RSI=36.9)
2025-12-19 00:05:11 - trend_detector - INFO - NZDSGDm: [OK] TREND SIGNAL = SHORT (SMA20=0.74385 < SMA50=0.74400, diff=-0.0199%, RSI=68.6)
2025-12-19 00:05:11 - trend_detector - INFO - EQIXm: [OK] TREND SIGNAL = SHORT (SMA20=743.70900 < SMA50=745.02620, diff=-0.1768%, RSI=72.3)
2025-12-19 00:05:11 - trend_detector - INFO - [TIMING BLOCK] EQIXm: Late trend phase - trend SHORT has persisted for 24 bars with price 0.551% away from SMA50
2025-12-19 00:05:11 - trend_detector - INFO - USDSGDm: [OK] TREND SIGNAL = SHORT (SMA20=1.28929 < SMA50=1.28933, diff=-0.0029%, RSI=28.2)
2025-12-19 00:05:11 - trend_detector - INFO - BTCTHBm: [OK] TREND SIGNAL = SHORT (SMA20=2684585.65000 < SMA50=2690640.98000, diff=-0.2251%, RSI=66.9)
2025-12-19 00:05:11 - trend_detector - INFO - GBPNOKm: [OK] TREND SIGNAL = LONG (SMA20=13.50827 > SMA50=13.50655, diff=0.0127%, RSI=59.6)
2025-12-19 00:05:11 - trend_detector - INFO - CHFNOKm: [OK] TREND SIGNAL = LONG (SMA20=12.70624 > SMA50=12.70471, diff=0.0121%, RSI=45.4)
2025-12-19 00:05:11 - trend_detector - INFO - USDSEKm: [OK] TREND SIGNAL = LONG (SMA20=9.22948 > SMA50=9.22864, diff=0.0091%, RSI=33.3)
2025-12-19 00:05:11 - trend_detector - INFO - GBPSEKm: [OK] TREND SIGNAL = LONG (SMA20=12.32266 > SMA50=12.32149, diff=0.0094%, RSI=63.9)
2025-12-19 00:05:11 - trend_detector - INFO - CHFSEKm: [OK] TREND SIGNAL = LONG (SMA20=11.59087 > SMA50=11.58989, diff=0.0085%, RSI=48.1)
2025-12-19 00:05:11 - trend_detector - INFO - NOKJPYm: [OK] TREND SIGNAL = SHORT (SMA20=15.20980 < SMA50=15.21284, diff=-0.0200%, RSI=60.0)
2025-12-19 00:05:12 - trend_detector - INFO - CHFSGDm: [OK] TREND SIGNAL = SHORT (SMA20=1.62222 < SMA50=1.62226, diff=-0.0026%, RSI=47.4)
2025-12-19 00:05:12 - trend_detector - INFO - XPDUSDm: [OK] TREND SIGNAL = SHORT (SMA20=1668.41500 < SMA50=1672.60540, diff=-0.2505%, RSI=58.8)
2025-12-19 00:05:12 - trend_detector - INFO - SEKJPYm: [OK] TREND SIGNAL = SHORT (SMA20=16.60205 < SMA50=16.60484, diff=-0.0168%, RSI=57.1)
2025-12-19 00:05:12 - trend_detector - INFO - XNGUSDm: [OK] TREND SIGNAL = LONG (SMA20=3.73812 > SMA50=3.71059, diff=0.7420%, RSI=27.1)
2025-12-19 00:05:12 - trend_detector - INFO - USDCNHm: [OK] TREND SIGNAL = LONG (SMA20=7.03132 > SMA50=7.03116, diff=0.0022%, RSI=15.7)
2025-12-19 00:05:12 - trend_detector - INFO - MXNJPYm: [OK] TREND SIGNAL = SHORT (SMA20=8.63038 < SMA50=8.63044, diff=-0.0007%, RSI=70.7)
2025-12-19 00:05:12 - trend_detector - INFO - DKKZARm: [OK] TREND SIGNAL = SHORT (SMA20=2.62351 < SMA50=2.62369, diff=-0.0067%, RSI=41.4)
2025-12-19 00:05:12 - trend_detector - INFO - BTCXAUm: [OK] TREND SIGNAL = SHORT (SMA20=19.85327 < SMA50=19.90029, diff=-0.2362%, RSI=65.8)
2025-12-19 00:05:12 - trend_detector - INFO - [TIMING BLOCK] BTCXAUm: Late trend phase - trend SHORT has persisted for 31 bars with price 0.722% away from SMA50
2025-12-19 00:05:12 - trend_detector - INFO - USDDKKm: [OK] TREND SIGNAL = SHORT (SMA20=6.37122 < SMA50=6.37144, diff=-0.0035%, RSI=38.3)
2025-12-19 00:05:12 - trend_detector - INFO - DKKPLNm: [OK] TREND SIGNAL = SHORT (SMA20=0.55921 < SMA50=0.55922, diff=-0.0012%, RSI=16.7)
2025-12-19 00:05:12 - trend_detector - INFO - USDMXNm: [OK] TREND SIGNAL = SHORT (SMA20=17.98713 < SMA50=17.98845, diff=-0.0073%, RSI=26.0)
2025-12-19 00:05:12 - trend_detector - INFO - AUDMXNm: [OK] TREND SIGNAL = SHORT (SMA20=11.88917 < SMA50=11.89314, diff=-0.0333%, RSI=62.1)
2025-12-19 00:05:12 - trend_detector - INFO - NZDMXNm: [OK] TREND SIGNAL = SHORT (SMA20=10.37850 < SMA50=10.38109, diff=-0.0249%, RSI=52.2)
2025-12-19 00:05:12 - trend_detector - INFO - NOKDKKm: [OK] TREND SIGNAL = SHORT (SMA20=0.62264 < SMA50=0.62273, diff=-0.0158%, RSI=55.7)
2025-12-19 00:05:12 - trend_detector - INFO - SGDHKDm: [OK] TREND SIGNAL = LONG (SMA20=6.02603 > SMA50=6.02582, diff=0.0034%, RSI=77.4)
2025-12-19 00:05:12 - trend_detector - INFO - USDZARm: [OK] TREND SIGNAL = SHORT (SMA20=16.73634 < SMA50=16.73764, diff=-0.0078%, RSI=39.0)
2025-12-19 00:05:13 - trend_detector - INFO - EURMXNm: [OK] TREND SIGNAL = SHORT (SMA20=21.08018 < SMA50=21.08112, diff=-0.0044%, RSI=33.1)
2025-12-19 00:05:13 - trend_detector - INFO - CHFDKKm: [OK] TREND SIGNAL = SHORT (SMA20=8.01640 < SMA50=8.01669, diff=-0.0036%, RSI=54.1)
2025-12-19 00:05:13 - trend_detector - INFO - SEKDKKm: [OK] TREND SIGNAL = SHORT (SMA20=0.67964 < SMA50=0.67972, diff=-0.0121%, RSI=54.7)
2025-12-19 00:05:13 - trend_detector - INFO - GBPMXNm: [OK] TREND SIGNAL = SHORT (SMA20=24.06267 < SMA50=24.06420, diff=-0.0064%, RSI=46.0)
2025-12-19 00:05:13 - trend_detector - INFO - CHFMXNm: [OK] TREND SIGNAL = SHORT (SMA20=22.63378 < SMA50=22.63548, diff=-0.0075%, RSI=34.4)
2025-12-19 00:05:13 - trend_detector - INFO - EURPLNm: [OK] TREND SIGNAL = SHORT (SMA20=4.19363 < SMA50=4.19380, diff=-0.0042%, RSI=12.6)
2025-12-19 00:05:13 - trend_detector - INFO - NZDDKKm: [OK] TREND SIGNAL = SHORT (SMA20=3.66970 < SMA50=3.67047, diff=-0.0212%, RSI=68.5)
2025-12-19 00:05:13 - trend_detector - INFO - PLNDKKm: [OK] TREND SIGNAL = LONG (SMA20=1.76817 > SMA50=1.76813, diff=0.0023%, RSI=84.3)
2025-12-19 00:05:13 - trend_detector - INFO - GBPSGDm: [OK] TREND SIGNAL = SHORT (SMA20=1.71545 < SMA50=1.71549, diff=-0.0022%, RSI=67.7)
2025-12-19 00:05:13 - trend_detector - INFO - NZDPLNm: [OK] TREND SIGNAL = SHORT (SMA20=2.05822 < SMA50=2.05867, diff=-0.0219%, RSI=53.6)
2025-12-19 00:05:13 - trend_detector - INFO - CHFZARm: [OK] TREND SIGNAL = SHORT (SMA20=21.05712 < SMA50=21.05953, diff=-0.0114%, RSI=42.0)
2025-12-19 00:05:13 - trend_detector - INFO - AUDPLNm: [OK] TREND SIGNAL = SHORT (SMA20=2.35781 < SMA50=2.35853, diff=-0.0303%, RSI=61.3)
2025-12-19 00:05:13 - trend_detector - INFO - CADPLNm: [OK] TREND SIGNAL = SHORT (SMA20=2.58944 < SMA50=2.58972, diff=-0.0109%, RSI=35.7)
2025-12-19 00:05:13 - trend_detector - INFO - USDPLNm: [OK] TREND SIGNAL = SHORT (SMA20=3.57102 < SMA50=3.57120, diff=-0.0050%, RSI=17.3)
2025-12-19 00:05:13 - trend_detector - INFO - NOKSEKm: [OK] TREND SIGNAL = SHORT (SMA20=0.90023 < SMA50=0.90026, diff=-0.0033%, RSI=51.8)
2025-12-19 00:05:13 - trend_detector - INFO - AUDZARm: [OK] TREND SIGNAL = SHORT (SMA20=11.05293 < SMA50=11.05682, diff=-0.0352%, RSI=77.4)
2025-12-19 00:05:13 - trend_detector - INFO - USDTHBm: [OK] TREND SIGNAL = LONG (SMA20=31.24304 > SMA50=31.23995, diff=0.0099%, RSI=16.9)
2025-12-19 00:05:13 - trend_detector - INFO - AUDNOKm: [OK] TREND SIGNAL = SHORT (SMA20=6.69855 < SMA50=6.69931, diff=-0.0114%, RSI=80.8)
2025-12-19 00:05:14 - trend_detector - INFO - PLNJPYm: [OK] TREND SIGNAL = SHORT (SMA20=43.19250 < SMA50=43.19340, diff=-0.0021%, RSI=75.0)
2025-12-19 00:05:14 - trend_detector - INFO - AUDSEKm: [OK] TREND SIGNAL = SHORT (SMA20=6.11916 < SMA50=6.12018, diff=-0.0167%, RSI=73.8)
2025-12-19 00:05:14 - trend_detector - INFO - GBPZARm: [OK] TREND SIGNAL = SHORT (SMA20=22.37462 < SMA50=22.37648, diff=-0.0083%, RSI=53.4)
2025-12-19 00:05:14 - trend_detector - INFO - CHFPLNm: [OK] TREND SIGNAL = SHORT (SMA20=4.48865 < SMA50=4.48887, diff=-0.0048%, RSI=22.9)
2025-12-19 00:05:14 - trend_detector - INFO - GBPPLNm: [OK] TREND SIGNAL = SHORT (SMA20=4.77198 < SMA50=4.77218, diff=-0.0040%, RSI=44.4)
2025-12-19 00:05:14 - trend_detector - INFO - EURNOKm: [OK] TREND SIGNAL = LONG (SMA20=11.88582 > SMA50=11.88382, diff=0.0169%, RSI=42.9)
2025-12-19 00:05:14 - trend_detector - INFO - NZDZARm: [OK] TREND SIGNAL = SHORT (SMA20=9.63340 < SMA50=9.63594, diff=-0.0264%, RSI=62.6)
2025-12-19 00:05:14 - trend_detector - INFO - AUDDKKm: [OK] TREND SIGNAL = SHORT (SMA20=4.18536 < SMA50=4.18660, diff=-0.0296%, RSI=81.4)
2025-12-19 00:05:14 - trend_detector - INFO - EURSEKm: [OK] TREND SIGNAL = LONG (SMA20=10.85978 > SMA50=10.85841, diff=0.0127%, RSI=37.9)
2025-12-19 00:05:14 - trend_detector - INFO - GBPDKKm: [OK] TREND SIGNAL = SHORT (SMA20=8.49498 < SMA50=8.49522, diff=-0.0028%, RSI=82.3)
2025-12-19 00:05:14 - trend_detector - INFO - PLNSEKm: [OK] TREND SIGNAL = LONG (SMA20=2.55651 > SMA50=2.55613, diff=0.0147%, RSI=63.3)
2025-12-19 00:05:14 - trend_detector - INFO - NZDNOKm: [OK] TREND SIGNAL = SHORT (SMA20=5.82632 < SMA50=5.82662, diff=-0.0052%, RSI=68.9)
2025-12-19 00:05:14 - trend_detector - INFO - EURZARm: [OK] TREND SIGNAL = SHORT (SMA20=19.57832 < SMA50=19.57937, diff=-0.0054%, RSI=38.6)
2025-12-19 00:05:14 - trend_detector - INFO - NZDSEKm: [OK] TREND SIGNAL = SHORT (SMA20=5.31492 < SMA50=5.31536, diff=-0.0085%, RSI=66.7)
2025-12-19 00:05:14 - trend_detector - INFO - CADNOKm: [OK] TREND SIGNAL = LONG (SMA20=7.33008 > SMA50=7.32961, diff=0.0063%, RSI=51.9)
2025-12-19 00:06:15 - trend_detector - INFO - XAUUSDm: [OK] TREND SIGNAL = LONG (SMA20=4334.45660 > SMA50=4334.18496, diff=0.0063%, RSI=76.3)
2025-12-19 00:06:15 - trend_detector - INFO - XAUAUDm: [OK] TREND SIGNAL = LONG (SMA20=6553.98690 > SMA50=6552.23568, diff=0.0267%, RSI=69.7)
2025-12-19 00:06:15 - trend_detector - INFO - XAUEURm: [OK] TREND SIGNAL = LONG (SMA20=3696.42725 > SMA50=3696.37664, diff=0.0014%, RSI=73.7)
2025-12-19 00:06:15 - trend_detector - INFO - XAUGBPm: [OK] TREND SIGNAL = LONG (SMA20=3238.03015 > SMA50=3237.95310, diff=0.0024%, RSI=72.0)
2025-12-19 00:06:15 - trend_detector - INFO - EURUSDm: [OK] TREND SIGNAL = LONG (SMA20=1.17207 > SMA50=1.17202, diff=0.0045%, RSI=66.4)
2025-12-19 00:06:15 - trend_detector - INFO - AUDUSDm: [OK] TREND SIGNAL = SHORT (SMA20=0.66109 < SMA50=0.66122, diff=-0.0208%, RSI=79.4)
2025-12-19 00:06:15 - trend_detector - INFO - GBPUSDm: [OK] TREND SIGNAL = LONG (SMA20=1.33790 > SMA50=1.33786, diff=0.0025%, RSI=74.1)
2025-12-19 00:06:16 - trend_detector - INFO - USDJPYm: [OK] TREND SIGNAL = SHORT (SMA20=155.61110 < SMA50=155.62498, diff=-0.0089%, RSI=33.9)
2025-12-19 00:06:16 - trend_detector - INFO - US30_x10m: [OK] TREND SIGNAL = SHORT (SMA20=48048.73500 < SMA50=48085.90600, diff=-0.0773%, RSI=83.0)
2025-12-19 00:06:16 - trend_detector - INFO - US30m: [OK] TREND SIGNAL = SHORT (SMA20=48048.73500 < SMA50=48085.90600, diff=-0.0773%, RSI=83.0)
2025-12-19 00:06:16 - trend_detector - INFO - DE30m: [OK] TREND SIGNAL = SHORT (SMA20=24172.46000 < SMA50=24179.16400, diff=-0.0277%, RSI=88.2)
2025-12-19 00:06:16 - trend_detector - INFO - USTEC_x100m: [OK] TREND SIGNAL = SHORT (SMA20=25069.05100 < SMA50=25100.57380, diff=-0.1256%, RSI=84.6)
2025-12-19 00:06:16 - trend_detector - INFO - USTECm: [OK] TREND SIGNAL = SHORT (SMA20=25069.05100 < SMA50=25100.57380, diff=-0.1256%, RSI=84.6)
2025-12-19 00:06:16 - trend_detector - INFO - US500_x100m: [OK] TREND SIGNAL = SHORT (SMA20=6783.69250 < SMA50=6790.59400, diff=-0.1016%, RSI=84.5)
2025-12-19 00:06:16 - trend_detector - INFO - US500m: [OK] TREND SIGNAL = SHORT (SMA20=6783.69250 < SMA50=6790.59400, diff=-0.1016%, RSI=84.5)
2025-12-19 00:06:16 - trend_detector - INFO - JP225m: [OK] TREND SIGNAL = SHORT (SMA20=49281.82500 < SMA50=49334.38600, diff=-0.1065%, RSI=82.5)
2025-12-19 00:06:16 - trend_detector - INFO - UK100m: [OK] TREND SIGNAL = SHORT (SMA20=9832.21350 < SMA50=9838.09060, diff=-0.0597%, RSI=79.4)
2025-12-19 00:06:16 - trend_detector - INFO - FR40m: [OK] TREND SIGNAL = SHORT (SMA20=8132.75700 < SMA50=8136.60660, diff=-0.0473%, RSI=95.3)
2025-12-19 00:06:16 - trend_detector - INFO - BTCUSDm: [OK] TREND SIGNAL = SHORT (SMA20=86095.94550 < SMA50=86276.66820, diff=-0.2095%, RSI=64.1)
2025-12-19 00:06:16 - trend_detector - INFO - [TIMING BLOCK] BTCUSDm: Late trend phase - trend SHORT has persisted for 27 bars with price 0.649% away from SMA50
2025-12-19 00:06:16 - trend_detector - INFO - STOXX50m: [OK] TREND SIGNAL = SHORT (SMA20=5734.58550 < SMA50=5738.95920, diff=-0.0762%, RSI=91.3)
2025-12-19 00:06:16 - trend_detector - INFO - AUS200m: [OK] TREND SIGNAL = SHORT (SMA20=8634.69950 < SMA50=8639.42240, diff=-0.0547%, RSI=79.4)
2025-12-19 00:06:17 - trend_detector - INFO - BTCJPYm: [OK] TREND SIGNAL = SHORT (SMA20=13397022.20000 < SMA50=13426223.16000, diff=-0.2175%, RSI=63.8)
2025-12-19 00:06:17 - trend_detector - INFO - [TIMING BLOCK] BTCJPYm: Late trend phase - trend SHORT has persisted for 23 bars with price 0.663% away from SMA50
2025-12-19 00:06:17 - trend_detector - INFO - XPEVm: [OK] TREND SIGNAL = SHORT (SMA20=18.74350 < SMA50=18.74360, diff=-0.0005%, RSI=75.0)
2025-12-19 00:06:17 - trend_detector - INFO - BTCAUDm: [OK] TREND SIGNAL = SHORT (SMA20=130210.41500 < SMA50=130454.78200, diff=-0.1873%, RSI=61.7)
2025-12-19 00:06:17 - trend_detector - INFO - ETHUSDm: [OK] TREND SIGNAL = SHORT (SMA20=2829.46400 < SMA50=2835.71180, diff=-0.2203%, RSI=63.1)
2025-12-19 00:06:17 - trend_detector - INFO - BILIm: [OK] TREND SIGNAL = SHORT (SMA20=24.81450 < SMA50=24.81820, diff=-0.0149%, RSI=85.0)
2025-12-19 00:06:17 - trend_detector - INFO - CMCSAm: [OK] TREND SIGNAL = SHORT (SMA20=29.82000 < SMA50=29.89920, diff=-0.2649%, RSI=75.0)
2025-12-19 00:06:17 - trend_detector - INFO - BTCXAGm: [OK] TREND SIGNAL = SHORT (SMA20=1319.25025 < SMA50=1321.33326, diff=-0.1576%, RSI=42.8)
2025-12-19 00:06:17 - trend_detector - INFO - AMZNm: [OK] TREND SIGNAL = SHORT (SMA20=226.14950 < SMA50=226.43280, diff=-0.1251%, RSI=74.1)
2025-12-19 00:06:17 - trend_detector - INFO - CSXm: [OK] TREND SIGNAL = LONG (SMA20=36.56450 > SMA50=36.54480, diff=0.0539%, RSI=40.0)
2025-12-19 00:06:17 - trend_detector - INFO - BMYm: [OK] TREND SIGNAL = SHORT (SMA20=52.98000 < SMA50=53.02200, diff=-0.0792%, RSI=43.7)
2025-12-19 00:06:17 - trend_detector - INFO - CADCHFm: [OK] TREND SIGNAL = SHORT (SMA20=0.57692 < SMA50=0.57695, diff=-0.0046%, RSI=42.1)
2025-12-19 00:06:17 - trend_detector - INFO - MDLZm: [OK] TREND SIGNAL = LONG (SMA20=54.04600 > SMA50=53.98360, diff=0.1156%, RSI=18.2)
2025-12-19 00:06:18 - trend_detector - INFO - MOm: [OK] TREND SIGNAL = LONG (SMA20=57.83700 > SMA50=57.83280, diff=0.0073%, RSI=31.3)
2025-12-19 00:06:18 - trend_detector - INFO - AUDCHFm: [OK] TREND SIGNAL = SHORT (SMA20=0.52526 < SMA50=0.52537, diff=-0.0218%, RSI=75.0)
2025-12-19 00:06:18 - trend_detector - INFO - BTCCNHm: [OK] TREND SIGNAL = SHORT (SMA20=605308.71500 < SMA50=606547.02400, diff=-0.2042%, RSI=62.1)
2025-12-19 00:06:18 - trend_detector - INFO - KOm: [OK] TREND SIGNAL = SHORT (SMA20=70.22900 < SMA50=70.27800, diff=-0.0697%, RSI=61.1)
2025-12-19 00:06:18 - trend_detector - INFO - SBUXm: [OK] TREND SIGNAL = LONG (SMA20=89.55400 > SMA50=89.55220, diff=0.0020%, RSI=68.4)
2025-12-19 00:06:18 - trend_detector - INFO - WFCm: [OK] TREND SIGNAL = SHORT (SMA20=91.52000 < SMA50=91.61680, diff=-0.1057%, RSI=55.2)
2025-12-19 00:06:18 - trend_detector - INFO - BACm: [OK] TREND SIGNAL = SHORT (SMA20=53.88600 < SMA50=54.00380, diff=-0.2181%, RSI=63.3)
2025-12-19 00:06:18 - trend_detector - INFO - INTCm: [OK] TREND SIGNAL = SHORT (SMA20=36.17700 < SMA50=36.26360, diff=-0.2388%, RSI=78.0)
2025-12-19 00:06:18 - trend_detector - INFO - CSCOm: [OK] TREND SIGNAL = SHORT (SMA20=76.87500 < SMA50=76.93700, diff=-0.0806%, RSI=73.3)
2025-12-19 00:06:18 - trend_detector - INFO - CVSm: [OK] TREND SIGNAL = SHORT (SMA20=77.62850 < SMA50=77.78460, diff=-0.2007%, RSI=79.5)
2025-12-19 00:06:19 - trend_detector - INFO - EBAYm: [OK] TREND SIGNAL = SHORT (SMA20=83.85550 < SMA50=83.88620, diff=-0.0366%, RSI=86.2)
2025-12-19 00:06:19 - trend_detector - INFO - XOMm: [OK] TREND SIGNAL = SHORT (SMA20=116.12700 < SMA50=116.16780, diff=-0.0351%, RSI=81.0)
2025-12-19 00:06:19 - trend_detector - INFO - FTNTm: [OK] TREND SIGNAL = SHORT (SMA20=78.87600 < SMA50=78.97460, diff=-0.1249%, RSI=77.8)
2025-12-19 00:06:19 - trend_detector - INFO - MRKm: [OK] TREND SIGNAL = SHORT (SMA20=99.99450 < SMA50=100.07800, diff=-0.0834%, RSI=75.9)
2025-12-19 00:06:19 - trend_detector - INFO - TSLAm: [OK] TREND SIGNAL = SHORT (SMA20=488.57650 < SMA50=488.60480, diff=-0.0058%, RSI=78.0)
2025-12-19 00:06:19 - trend_detector - INFO - UPSm: [OK] TREND SIGNAL = SHORT (SMA20=101.72250 < SMA50=101.73160, diff=-0.0089%, RSI=77.2)
2025-12-19 00:06:19 - trend_detector - INFO - BTCZARm: [OK] TREND SIGNAL = SHORT (SMA20=1440635.75000 < SMA50=1443791.88000, diff=-0.2186%, RSI=61.9)
2025-12-19 00:06:19 - trend_detector - INFO - PEPm: [OK] TREND SIGNAL = SHORT (SMA20=149.49400 < SMA50=149.54080, diff=-0.0313%, RSI=68.9)
2025-12-19 00:06:19 - trend_detector - INFO - PGm: [OK] TREND SIGNAL = SHORT (SMA20=145.64200 < SMA50=145.71500, diff=-0.0501%, RSI=66.0)
2025-12-19 00:06:19 - trend_detector - INFO - LLYm: [OK] TREND SIGNAL = SHORT (SMA20=1062.08400 < SMA50=1063.80900, diff=-0.1622%, RSI=78.5)
2025-12-19 00:06:19 - trend_detector - INFO - NZDCADm: [OK] TREND SIGNAL = SHORT (SMA20=0.79477 < SMA50=0.79484, diff=-0.0087%, RSI=81.0)
2025-12-19 00:06:19 - trend_detector - INFO - USDCHFm: [OK] TREND SIGNAL = SHORT (SMA20=0.79449 < SMA50=0.79450, diff=-0.0012%, RSI=22.6)
2025-12-19 00:06:19 - trend_detector - INFO - NKEm: [OK] TREND SIGNAL = LONG (SMA20=65.98450 > SMA50=65.95040, diff=0.0517%, RSI=72.7)
2025-12-19 00:06:19 - trend_detector - INFO - PYPLm: [OK] TREND SIGNAL = SHORT (SMA20=59.09650 < SMA50=59.28040, diff=-0.3102%, RSI=68.3)
2025-12-19 00:06:20 - trend_detector - INFO - ABTm: [OK] TREND SIGNAL = LONG (SMA20=124.96350 > SMA50=124.94380, diff=0.0158%, RSI=58.0)
2025-12-19 00:06:20 - trend_detector - INFO - Cm: [OK] TREND SIGNAL = SHORT (SMA20=112.44750 < SMA50=112.70220, diff=-0.2260%, RSI=65.8)
2025-12-19 00:06:20 - trend_detector - INFO - WMTm: [OK] TREND SIGNAL = SHORT (SMA20=115.34650 < SMA50=115.43720, diff=-0.0786%, RSI=63.3)
2025-12-19 00:06:20 - trend_detector - INFO - MSm: [OK] TREND SIGNAL = SHORT (SMA20=173.15000 < SMA50=173.53420, diff=-0.2214%, RSI=61.2)
2025-12-19 00:06:20 - trend_detector - INFO - EURGBPm: [OK] TREND SIGNAL = LONG (SMA20=0.87597 > SMA50=0.87596, diff=0.0013%, RSI=31.4)
2025-12-19 00:06:20 - trend_detector - INFO - NZDCHFm: [OK] TREND SIGNAL = SHORT (SMA20=0.45853 < SMA50=0.45858, diff=-0.0107%, RSI=65.0)
2025-12-19 00:06:20 - trend_detector - INFO - USDCADm: [OK] TREND SIGNAL = LONG (SMA20=1.37727 > SMA50=1.37721, diff=0.0042%, RSI=39.1)
2025-12-19 00:06:20 - trend_detector - INFO - GILDm: [OK] TREND SIGNAL = SHORT (SMA20=121.27300 < SMA50=121.34860, diff=-0.0623%, RSI=68.6)
2025-12-19 00:06:20 - trend_detector - INFO - NVDAm: [OK] TREND SIGNAL = SHORT (SMA20=174.39550 < SMA50=174.74220, diff=-0.1984%, RSI=70.5)
2025-12-19 00:06:20 - trend_detector - INFO - PDDm: [OK] TREND SIGNAL = LONG (SMA20=106.32400 > SMA50=106.29120, diff=0.0309%, RSI=89.4)
2025-12-19 00:06:21 - trend_detector - INFO - AAPLm: [OK] TREND SIGNAL = SHORT (SMA20=271.05350 < SMA50=271.70160, diff=-0.2385%, RSI=84.5)
2025-12-19 00:06:21 - trend_detector - INFO - TMUSm: [OK] TREND SIGNAL = SHORT (SMA20=199.99750 < SMA50=200.13960, diff=-0.0710%, RSI=68.4)
2025-12-19 00:06:21 - trend_detector - INFO - TSMm: [OK] TREND SIGNAL = SHORT (SMA20=284.73550 < SMA50=285.21340, diff=-0.1676%, RSI=84.2)
2025-12-19 00:06:21 - trend_detector - INFO - HK50m: [OK] TREND SIGNAL = SHORT (SMA20=25595.54500 < SMA50=25609.19400, diff=-0.0533%, RSI=81.7)
2025-12-19 00:06:21 - trend_detector - INFO - USOILm: [OK] TREND SIGNAL = LONG (SMA20=56.26475 > SMA50=56.21858, diff=0.0821%, RSI=58.2)
2025-12-19 00:06:21 - trend_detector - INFO - BABAm: [OK] TREND SIGNAL = SHORT (SMA20=147.96850 < SMA50=148.03120, diff=-0.0424%, RSI=80.3)
2025-12-19 00:06:21 - trend_detector - INFO - NZDUSDm: [OK] TREND SIGNAL = SHORT (SMA20=0.57709 < SMA50=0.57717, diff=-0.0139%, RSI=72.4)
2025-12-19 00:06:21 - trend_detector - INFO - AMTm: [OK] TREND SIGNAL = SHORT (SMA20=173.54650 < SMA50=173.65760, diff=-0.0640%, RSI=61.3)
2025-12-19 00:06:21 - trend_detector - INFO - JNJm: [OK] TREND SIGNAL = SHORT (SMA20=208.15000 < SMA50=208.17360, diff=-0.0113%, RSI=40.2)
2025-12-19 00:06:21 - trend_detector - INFO - PMm: [OK] TREND SIGNAL = LONG (SMA20=156.20050 > SMA50=156.18000, diff=0.0131%, RSI=29.2)
2025-12-19 00:06:21 - trend_detector - INFO - AUDJPYm: [OK] TREND SIGNAL = SHORT (SMA20=102.87435 < SMA50=102.90456, diff=-0.0294%, RSI=76.3)
2025-12-19 00:06:21 - trend_detector - INFO - AUDNZDm: [OK] TREND SIGNAL = SHORT (SMA20=1.14534 < SMA50=1.14543, diff=-0.0074%, RSI=71.7)
2025-12-19 00:06:21 - trend_detector - INFO - MMMm: [OK] TREND SIGNAL = SHORT (SMA20=161.81200 < SMA50=161.87700, diff=-0.0402%, RSI=84.4)
2025-12-19 00:06:21 - trend_detector - INFO - XAGUSDm: [OK] TREND SIGNAL = SHORT (SMA20=65.23620 < SMA50=65.26950, diff=-0.0510%, RSI=80.8)
2025-12-19 00:06:22 - trend_detector - INFO - BIDUm: [OK] TREND SIGNAL = SHORT (SMA20=121.02700 < SMA50=121.05860, diff=-0.0261%, RSI=90.5)
2025-12-19 00:06:22 - trend_detector - INFO - AUDCADm: [OK] TREND SIGNAL = SHORT (SMA20=0.91036 < SMA50=0.91051, diff=-0.0159%, RSI=89.5)
2025-12-19 00:06:22 - trend_detector - INFO - ZARJPYm: [OK] TREND SIGNAL = LONG (SMA20=9.28445 > SMA50=9.28434, diff=0.0012%, RSI=72.7)
2025-12-19 00:06:22 - trend_detector - INFO - GBPJPYm: [OK] TREND SIGNAL = SHORT (SMA20=208.19895 < SMA50=208.21080, diff=-0.0057%, RSI=75.0)
2025-12-19 00:06:22 - trend_detector - INFO - BIIBm: [OK] TREND SIGNAL = SHORT (SMA20=170.20900 < SMA50=170.49820, diff=-0.1696%, RSI=72.8)
2025-12-19 00:06:22 - trend_detector - INFO - GBPCHFm: [OK] TREND SIGNAL = LONG (SMA20=1.06296 > SMA50=1.06293, diff=0.0022%, RSI=60.5)
2025-12-19 00:06:22 - trend_detector - INFO - CHFJPYm: [OK] TREND SIGNAL = SHORT (SMA20=195.84110 < SMA50=195.85674, diff=-0.0080%, RSI=64.6)
2025-12-19 00:06:22 - trend_detector - INFO - EURJPYm: [OK] TREND SIGNAL = SHORT (SMA20=182.39040 < SMA50=182.39822, diff=-0.0043%, RSI=59.5)
2025-12-19 00:06:22 - trend_detector - INFO - XAGGBPm: [OK] TREND SIGNAL = SHORT (SMA20=48.75415 < SMA50=48.78056, diff=-0.0541%, RSI=78.4)
2025-12-19 00:06:22 - trend_detector - INFO - MCDm: [OK] TREND SIGNAL = LONG (SMA20=320.29800 > SMA50=320.24840, diff=0.0155%, RSI=57.8)
2025-12-19 00:06:22 - trend_detector - INFO - CMEm: [OK] TREND SIGNAL = LONG (SMA20=269.05050 > SMA50=268.80320, diff=0.0920%, RSI=47.5)
2025-12-19 00:06:23 - trend_detector - INFO - EURCHFm: [OK] TREND SIGNAL = LONG (SMA20=0.93119 > SMA50=0.93116, diff=0.0038%, RSI=44.4)
2025-12-19 00:06:23 - trend_detector - INFO - GBPAUDm: [OK] TREND SIGNAL = LONG (SMA20=2.02361 > SMA50=2.02314, diff=0.0232%, RSI=33.0)
2025-12-19 00:06:23 - trend_detector - INFO - ABBVm: [OK] TREND SIGNAL = SHORT (SMA20=223.03600 < SMA50=223.07700, diff=-0.0184%, RSI=68.7)
2025-12-19 00:06:23 - trend_detector - INFO - CHTRm: [OK] TREND SIGNAL = SHORT (SMA20=209.42650 < SMA50=209.55920, diff=-0.0633%, RSI=47.4)
2025-12-19 00:06:23 - trend_detector - INFO - XAGEURm: [OK] TREND SIGNAL = SHORT (SMA20=55.65215 < SMA50=55.68336, diff=-0.0560%, RSI=80.0)
2025-12-19 00:06:23 - trend_detector - INFO - UNHm: [OK] TREND SIGNAL = SHORT (SMA20=326.03450 < SMA50=326.89400, diff=-0.2629%, RSI=75.4)
2025-12-19 00:06:23 - trend_detector - INFO - ADPm: [OK] TREND SIGNAL = LONG (SMA20=261.75700 > SMA50=261.64620, diff=0.0423%, RSI=77.4)
2025-12-19 00:06:23 - trend_detector - INFO - HDm: [OK] TREND SIGNAL = LONG (SMA20=356.18150 > SMA50=356.13240, diff=0.0138%, RSI=84.0)
2025-12-19 00:06:23 - trend_detector - INFO - AVGOm: [OK] TREND SIGNAL = SHORT (SMA20=327.12800 < SMA50=328.02060, diff=-0.2721%, RSI=62.9)
2025-12-19 00:06:23 - trend_detector - INFO - EURCADm: [OK] TREND SIGNAL = LONG (SMA20=1.61402 > SMA50=1.61388, diff=0.0085%, RSI=55.6)
2025-12-19 00:06:23 - trend_detector - INFO - HKDJPYm: [OK] TREND SIGNAL = SHORT (SMA20=19.98540 < SMA50=19.98714, diff=-0.0087%, RSI=33.3)
2025-12-19 00:06:23 - trend_detector - INFO - AMGNm: [OK] TREND SIGNAL = SHORT (SMA20=323.70150 < SMA50=323.74260, diff=-0.0127%, RSI=72.6)
2025-12-19 00:06:23 - trend_detector - INFO - LINm: [OK] TREND SIGNAL = LONG (SMA20=421.13400 > SMA50=420.89100, diff=0.0577%, RSI=64.3)
2025-12-19 00:06:24 - trend_detector - INFO - DXYm: [OK] TREND SIGNAL = SHORT (SMA20=98.44890 < SMA50=98.45230, diff=-0.0035%, RSI=30.0)
2025-12-19 00:06:24 - trend_detector - INFO - GOOGLm: [OK] TREND SIGNAL = SHORT (SMA20=302.70050 < SMA50=302.80980, diff=-0.0361%, RSI=82.8)
2025-12-19 00:06:24 - trend_detector - INFO - JPMm: [OK] TREND SIGNAL = SHORT (SMA20=311.92700 < SMA50=312.64360, diff=-0.2292%, RSI=45.4)
2025-12-19 00:06:24 - trend_detector - INFO - MSFTm: [OK] TREND SIGNAL = SHORT (SMA20=485.20000 < SMA50=485.60680, diff=-0.0838%, RSI=75.5)
2025-12-19 00:06:24 - trend_detector - INFO - ORCLm: [OK] TREND SIGNAL = LONG (SMA20=179.24400 > SMA50=179.24140, diff=0.0015%, RSI=58.9)
2025-12-19 00:06:24 - trend_detector - INFO - DKKJPYm: [OK] TREND SIGNAL = SHORT (SMA20=24.39700 < SMA50=24.39776, diff=-0.0031%, RSI=60.0)
2025-12-19 00:06:24 - trend_detector - INFO - ADBEm: [OK] TREND SIGNAL = SHORT (SMA20=353.49100 < SMA50=353.86240, diff=-0.1050%, RSI=90.6)
2025-12-19 00:06:24 - trend_detector - INFO - IBMm: [OK] TREND SIGNAL = SHORT (SMA20=300.01300 < SMA50=300.72040, diff=-0.2352%, RSI=86.0)
2025-12-19 00:06:24 - trend_detector - INFO - EURAUDm: [OK] TREND SIGNAL = LONG (SMA20=1.77271 > SMA50=1.77226, diff=0.0253%, RSI=18.2)
2025-12-19 00:06:24 - trend_detector - INFO - AMDm: [OK] TREND SIGNAL = SHORT (SMA20=201.54550 < SMA50=202.10020, diff=-0.2745%, RSI=72.8)
2025-12-19 00:06:24 - trend_detector - INFO - CADJPYm: [OK] TREND SIGNAL = SHORT (SMA20=112.98010 < SMA50=112.99430, diff=-0.0126%, RSI=51.1)
2025-12-19 00:06:24 - trend_detector - INFO - NFLXm: [OK] TREND SIGNAL = LONG (SMA20=94.00950 > SMA50=93.95100, diff=0.0623%, RSI=58.7)
2025-12-19 00:06:25 - trend_detector - INFO - Vm: [OK] TREND SIGNAL = SHORT (SMA20=344.97000 < SMA50=345.10440, diff=-0.0389%, RSI=88.4)
2025-12-19 00:06:25 - trend_detector - INFO - NZDJPYm: [OK] TREND SIGNAL = SHORT (SMA20=89.79775 < SMA50=89.81502, diff=-0.0192%, RSI=71.0)
2025-12-19 00:06:25 - trend_detector - INFO - GBPCADm: [OK] TREND SIGNAL = LONG (SMA20=1.84231 > SMA50=1.84219, diff=0.0067%, RSI=64.5)
2025-12-19 00:06:25 - trend_detector - INFO - AUDSGDm: [OK] TREND SIGNAL = SHORT (SMA20=0.85254 < SMA50=0.85276, diff=-0.0256%, RSI=79.6)
2025-12-19 00:06:25 - trend_detector - INFO - BAm: [OK] TREND SIGNAL = LONG (SMA20=208.44250 > SMA50=208.44160, diff=0.0004%, RSI=88.5)
2025-12-19 00:06:25 - trend_detector - INFO - LMTm: [OK] TREND SIGNAL = SHORT (SMA20=469.84550 < SMA50=470.04900, diff=-0.0433%, RSI=66.3)
2025-12-19 00:06:25 - trend_detector - INFO - MAm: [OK] TREND SIGNAL = SHORT (SMA20=563.50800 < SMA50=563.83360, diff=-0.0577%, RSI=79.3)
2025-12-19 00:06:25 - trend_detector - INFO - EURNZDm: [OK] TREND SIGNAL = LONG (SMA20=2.03048 > SMA50=2.03014, diff=0.0167%, RSI=31.9)
2025-12-19 00:06:25 - trend_detector - INFO - COSTm: [OK] TREND SIGNAL = SHORT (SMA20=858.72000 < SMA50=859.08000, diff=-0.0419%, RSI=70.6)
2025-12-19 00:06:25 - trend_detector - INFO - XAGAUDm: [OK] TREND SIGNAL = SHORT (SMA20=98.66025 < SMA50=98.69012, diff=-0.0303%, RSI=79.4)
2025-12-19 00:06:25 - trend_detector - INFO - GBPNZDm: [OK] TREND SIGNAL = LONG (SMA20=2.31779 > SMA50=2.31740, diff=0.0166%, RSI=40.9)
2025-12-19 00:06:25 - trend_detector - INFO - VRTXm: [OK] TREND SIGNAL = SHORT (SMA20=446.22650 < SMA50=446.80720, diff=-0.1300%, RSI=74.2)
2025-12-19 00:06:26 - trend_detector - INFO - METAm: [OK] TREND SIGNAL = SHORT (SMA20=664.76600 < SMA50=665.28040, diff=-0.0773%, RSI=81.4)
2025-12-19 00:06:26 - trend_detector - INFO - TMOm: [OK] TREND SIGNAL = SHORT (SMA20=558.41550 < SMA50=559.30300, diff=-0.1587%, RSI=57.8)
2025-12-19 00:06:26 - trend_detector - INFO - FUTUm: [OK] TREND SIGNAL = SHORT (SMA20=162.36350 < SMA50=163.07320, diff=-0.4352%, RSI=79.3)
2025-12-19 00:06:26 - trend_detector - INFO - SGDJPYm: [OK] TREND SIGNAL = SHORT (SMA20=120.61195 < SMA50=120.61634, diff=-0.0036%, RSI=60.3)
2025-12-19 00:06:26 - trend_detector - INFO - INTUm: [OK] TREND SIGNAL = SHORT (SMA20=670.35800 < SMA50=670.68180, diff=-0.0483%, RSI=80.4)
2025-12-19 00:06:26 - trend_detector - INFO - EURSGDm: [OK] TREND SIGNAL = SHORT (SMA20=1.51147 < SMA50=1.51148, diff=-0.0003%, RSI=53.6)
2025-12-19 00:06:26 - trend_detector - INFO - UKOILm: [OK] TREND SIGNAL = LONG (SMA20=59.80730 > SMA50=59.76656, diff=0.0682%, RSI=57.3)
2025-12-19 00:06:26 - trend_detector - INFO - ISRGm: [OK] TREND SIGNAL = SHORT (SMA20=561.28750 < SMA50=561.90980, diff=-0.1107%, RSI=76.1)
2025-12-19 00:06:26 - trend_detector - INFO - USDNOKm: [OK] TREND SIGNAL = LONG (SMA20=10.11203 > SMA50=10.11104, diff=0.0098%, RSI=32.6)
2025-12-19 00:06:26 - trend_detector - INFO - CADMXNm: [OK] TREND SIGNAL = SHORT (SMA20=12.99463 < SMA50=12.99654, diff=-0.0147%, RSI=32.5)
2025-12-19 00:06:26 - trend_detector - INFO - REGNm: [OK] TREND SIGNAL = LONG (SMA20=746.21700 > SMA50=746.09380, diff=0.0165%, RSI=78.9)
2025-12-19 00:06:26 - trend_detector - INFO - XPTUSDm: [OK] TREND SIGNAL = SHORT (SMA20=1903.41900 < SMA50=1906.04240, diff=-0.1376%, RSI=24.3)
2025-12-19 00:06:27 - trend_detector - INFO - NZDSGDm: [OK] TREND SIGNAL = SHORT (SMA20=0.74388 < SMA50=0.74401, diff=-0.0180%, RSI=69.7)
2025-12-19 00:06:27 - trend_detector - INFO - EQIXm: [OK] TREND SIGNAL = SHORT (SMA20=743.94450 < SMA50=745.12740, diff=-0.1588%, RSI=69.5)
2025-12-19 00:06:27 - trend_detector - INFO - [TIMING BLOCK] EQIXm: Late trend phase - trend SHORT has persisted for 25 bars with price 0.528% away from SMA50
2025-12-19 00:06:27 - trend_detector - INFO - USDSGDm: [OK] TREND SIGNAL = SHORT (SMA20=1.28927 < SMA50=1.28932, diff=-0.0044%, RSI=24.4)
2025-12-19 00:06:27 - trend_detector - INFO - BTCTHBm: [OK] TREND SIGNAL = SHORT (SMA20=2685939.50000 < SMA50=2691371.70000, diff=-0.2018%, RSI=60.5)
2025-12-19 00:06:27 - trend_detector - INFO - GBPNOKm: [OK] TREND SIGNAL = LONG (SMA20=13.50800 > SMA50=13.50640, diff=0.0118%, RSI=51.5)
2025-12-19 00:06:27 - trend_detector - INFO - CHFNOKm: [OK] TREND SIGNAL = LONG (SMA20=12.70577 > SMA50=12.70455, diff=0.0097%, RSI=44.5)
2025-12-19 00:06:27 - trend_detector - INFO - USDSEKm: [OK] TREND SIGNAL = LONG (SMA20=9.22904 > SMA50=9.22847, diff=0.0062%, RSI=21.8)
2025-12-19 00:06:27 - trend_detector - INFO - GBPSEKm: [OK] TREND SIGNAL = LONG (SMA20=12.32238 > SMA50=12.32137, diff=0.0082%, RSI=42.0)
2025-12-19 00:06:27 - trend_detector - INFO - CHFSEKm: [OK] TREND SIGNAL = LONG (SMA20=11.59047 > SMA50=11.58979, diff=0.0059%, RSI=32.3)
2025-12-19 00:06:27 - trend_detector - INFO - NOKJPYm: [OK] TREND SIGNAL = SHORT (SMA20=15.21045 < SMA50=15.21312, diff=-0.0176%, RSI=61.9)
2025-12-19 00:06:27 - trend_detector - INFO - CHFSGDm: [OK] TREND SIGNAL = SHORT (SMA20=1.62221 < SMA50=1.62227, diff=-0.0037%, RSI=57.0)
2025-12-19 00:06:27 - trend_detector - INFO - XPDUSDm: [OK] TREND SIGNAL = SHORT (SMA20=1669.04850 < SMA50=1672.92820, diff=-0.2319%, RSI=76.7)
2025-12-19 00:06:27 - trend_detector - INFO - SEKJPYm: [OK] TREND SIGNAL = SHORT (SMA20=16.60280 < SMA50=16.60510, diff=-0.0139%, RSI=66.7)
2025-12-19 00:06:27 - trend_detector - INFO - XNGUSDm: [OK] TREND SIGNAL = LONG (SMA20=3.73678 > SMA50=3.70926, diff=0.7418%, RSI=17.0)
2025-12-19 00:06:27 - trend_detector - INFO - USDCNHm: [OK] TREND SIGNAL = LONG (SMA20=7.03124 > SMA50=7.03113, diff=0.0015%, RSI=13.3)
2025-12-19 00:06:27 - trend_detector - INFO - MXNJPYm: [OK] TREND SIGNAL = LONG (SMA20=8.63068 > SMA50=8.63046, diff=0.0025%, RSI=66.0)
2025-12-19 00:06:27 - trend_detector - INFO - DKKZARm: [OK] TREND SIGNAL = SHORT (SMA20=2.62347 < SMA50=2.62367, diff=-0.0075%, RSI=49.6)
2025-12-19 00:06:28 - trend_detector - INFO - BTCXAUm: [OK] TREND SIGNAL = SHORT (SMA20=19.86172 < SMA50=19.90467, diff=-0.2158%, RSI=56.6)
2025-12-19 00:06:28 - trend_detector - INFO - [TIMING BLOCK] BTCXAUm: Late trend phase - trend SHORT has persisted for 32 bars with price 0.589% away from SMA50
2025-12-19 00:06:28 - trend_detector - INFO - USDDKKm: [OK] TREND SIGNAL = SHORT (SMA20=6.37111 < SMA50=6.37140, diff=-0.0046%, RSI=32.1)
2025-12-19 00:06:28 - trend_detector - INFO - DKKPLNm: [OK] TREND SIGNAL = SHORT (SMA20=0.55920 < SMA50=0.55922, diff=-0.0029%, RSI=20.6)
2025-12-19 00:06:28 - trend_detector - INFO - USDMXNm: [OK] TREND SIGNAL = SHORT (SMA20=17.98646 < SMA50=17.98841, diff=-0.0108%, RSI=26.3)
2025-12-19 00:06:28 - trend_detector - INFO - AUDMXNm: [OK] TREND SIGNAL = SHORT (SMA20=11.88960 < SMA50=11.89346, diff=-0.0324%, RSI=65.9)
2025-12-19 00:06:28 - trend_detector - INFO - NOKDKKm: [OK] TREND SIGNAL = SHORT (SMA20=0.62265 < SMA50=0.62274, diff=-0.0143%, RSI=58.1)
2025-12-19 00:06:28 - trend_detector - INFO - NZDMXNm: [OK] TREND SIGNAL = SHORT (SMA20=10.37874 < SMA50=10.38130, diff=-0.0246%, RSI=58.4)
2025-12-19 00:06:28 - trend_detector - INFO - SGDHKDm: [OK] TREND SIGNAL = LONG (SMA20=6.02615 > SMA50=6.02585, diff=0.0051%, RSI=79.9)
2025-12-19 00:06:28 - trend_detector - INFO - USDZARm: [OK] TREND SIGNAL = SHORT (SMA20=16.73578 < SMA50=16.73743, diff=-0.0099%, RSI=47.1)
2025-12-19 00:06:28 - trend_detector - INFO - CHFDKKm: [OK] TREND SIGNAL = SHORT (SMA20=8.01636 < SMA50=8.01670, diff=-0.0043%, RSI=58.4)
2025-12-19 00:06:28 - trend_detector - INFO - EURMXNm: [OK] TREND SIGNAL = SHORT (SMA20=21.07977 < SMA50=21.08120, diff=-0.0068%, RSI=40.8)
2025-12-19 00:06:29 - trend_detector - INFO - SEKDKKm: [OK] TREND SIGNAL = SHORT (SMA20=0.67966 < SMA50=0.67973, diff=-0.0103%, RSI=72.6)
2025-12-19 00:06:29 - trend_detector - INFO - GBPMXNm: [OK] TREND SIGNAL = SHORT (SMA20=24.06248 < SMA50=24.06432, diff=-0.0077%, RSI=48.5)
2025-12-19 00:06:29 - trend_detector - INFO - EURPLNm: [OK] TREND SIGNAL = SHORT (SMA20=4.19354 < SMA50=4.19380, diff=-0.0062%, RSI=12.7)
2025-12-19 00:06:29 - trend_detector - INFO - CHFMXNm: [OK] TREND SIGNAL = SHORT (SMA20=22.63321 < SMA50=22.63557, diff=-0.0104%, RSI=42.8)
2025-12-19 00:06:29 - trend_detector - INFO - NZDDKKm: [OK] TREND SIGNAL = SHORT (SMA20=3.66985 < SMA50=3.67054, diff=-0.0188%, RSI=66.5)
2025-12-19 00:06:29 - trend_detector - INFO - PLNDKKm: [OK] TREND SIGNAL = LONG (SMA20=1.76822 > SMA50=1.76813, diff=0.0051%, RSI=79.5)
2025-12-19 00:06:29 - trend_detector - INFO - GBPSGDm: [OK] TREND SIGNAL = SHORT (SMA20=1.71547 < SMA50=1.71550, diff=-0.0019%, RSI=66.2)
2025-12-19 00:06:29 - trend_detector - INFO - NZDPLNm: [OK] TREND SIGNAL = SHORT (SMA20=2.05827 < SMA50=2.05870, diff=-0.0212%, RSI=53.1)
2025-12-19 00:06:29 - trend_detector - INFO - CHFZARm: [OK] TREND SIGNAL = SHORT (SMA20=21.05664 < SMA50=21.05934, diff=-0.0129%, RSI=53.2)
2025-12-19 00:06:29 - trend_detector - INFO - AUDPLNm: [OK] TREND SIGNAL = SHORT (SMA20=2.35789 < SMA50=2.35857, diff=-0.0288%, RSI=59.9)
2025-12-19 00:06:29 - trend_detector - INFO - CADPLNm: [OK] TREND SIGNAL = SHORT (SMA20=2.58941 < SMA50=2.58973, diff=-0.0122%, RSI=26.2)
2025-12-19 00:06:29 - trend_detector - INFO - USDPLNm: [OK] TREND SIGNAL = SHORT (SMA20=3.57089 < SMA50=3.57117, diff=-0.0079%, RSI=15.2)
2025-12-19 00:06:29 - trend_detector - INFO - NOKSEKm: [OK] TREND SIGNAL = SHORT (SMA20=0.90023 < SMA50=0.90027, diff=-0.0035%, RSI=40.7)
2025-12-19 00:06:29 - trend_detector - INFO - AUDZARm: [OK] TREND SIGNAL = SHORT (SMA20=11.05337 < SMA50=11.05710, diff=-0.0338%, RSI=73.1)
2025-12-19 00:06:30 - trend_detector - INFO - USDTHBm: [OK] TREND SIGNAL = LONG (SMA20=31.24173 > SMA50=31.23973, diff=0.0064%, RSI=11.6)
2025-12-19 00:06:30 - trend_detector - INFO - AUDNOKm: [OK] TREND SIGNAL = SHORT (SMA20=6.69869 < SMA50=6.69938, diff=-0.0103%, RSI=78.6)
2025-12-19 00:06:30 - trend_detector - INFO - PLNJPYm: [OK] TREND SIGNAL = LONG (SMA20=43.19423 > SMA50=43.19365, diff=0.0013%, RSI=75.1)
2025-12-19 00:06:30 - trend_detector - INFO - GBPZARm: [OK] TREND SIGNAL = SHORT (SMA20=22.37443 < SMA50=22.37656, diff=-0.0095%, RSI=45.7)
2025-12-19 00:06:30 - trend_detector - INFO - CHFPLNm: [OK] TREND SIGNAL = SHORT (SMA20=4.48855 < SMA50=4.48886, diff=-0.0070%, RSI=26.0)
2025-12-19 00:06:30 - trend_detector - INFO - AUDSEKm: [OK] TREND SIGNAL = SHORT (SMA20=6.11930 < SMA50=6.12025, diff=-0.0156%, RSI=62.2)
2025-12-19 00:06:30 - trend_detector - INFO - GBPPLNm: [OK] TREND SIGNAL = SHORT (SMA20=4.77194 < SMA50=4.77217, diff=-0.0048%, RSI=41.7)
2025-12-19 00:06:30 - trend_detector - INFO - EURNOKm: [OK] TREND SIGNAL = LONG (SMA20=11.88543 > SMA50=11.88366, diff=0.0149%, RSI=43.7)
2025-12-19 00:06:30 - trend_detector - INFO - NZDZARm: [OK] TREND SIGNAL = SHORT (SMA20=9.63363 < SMA50=9.63613, diff=-0.0259%, RSI=56.0)
2025-12-19 00:06:30 - trend_detector - INFO - AUDDKKm: [OK] TREND SIGNAL = SHORT (SMA20=4.18559 < SMA50=4.18670, diff=-0.0265%, RSI=80.9)
2025-12-19 00:06:30 - trend_detector - INFO - EURSEKm: [OK] TREND SIGNAL = LONG (SMA20=10.85946 > SMA50=10.85829, diff=0.0107%, RSI=25.9)
2025-12-19 00:06:30 - trend_detector - INFO - GBPDKKm: [OK] TREND SIGNAL = SHORT (SMA20=8.49506 < SMA50=8.49523, diff=-0.0020%, RSI=65.3)
2025-12-19 00:06:30 - trend_detector - INFO - PLNSEKm: [OK] TREND SIGNAL = LONG (SMA20=2.55649 > SMA50=2.55610, diff=0.0154%, RSI=44.2)
2025-12-19 00:06:30 - trend_detector - INFO - NZDNOKm: [OK] TREND SIGNAL = SHORT (SMA20=5.82638 < SMA50=5.82664, diff=-0.0045%, RSI=62.9)
2025-12-19 00:06:30 - trend_detector - INFO - EURZARm: [OK] TREND SIGNAL = SHORT (SMA20=19.57801 < SMA50=19.57944, diff=-0.0073%, RSI=36.2)
2025-12-19 00:06:30 - trend_detector - INFO - NZDSEKm: [OK] TREND SIGNAL = SHORT (SMA20=5.31499 < SMA50=5.31540, diff=-0.0077%, RSI=50.7)
2025-12-19 00:06:30 - trend_detector - INFO - CADNOKm: [OK] TREND SIGNAL = LONG (SMA20=7.32992 > SMA50=7.32955, diff=0.0050%, RSI=37.5)
